
11/13/2021 13:32:45 - INFO - __main__ - Namespace(adam_epsilon=1e-08, adapter_dim=32, append_another_bos=1, base_model_path='out/mrqa_squad_bart-base_1029_upstream_model//best-model.pt', base_model_type='facebook/bart-base', ckpt_dir='experiments/ckpt_dirs/qa/nonecl/qa_nonecl_T=100,b=64,alpha=0.1,beta=0.5,gamma=0.8_offline=no', cl_method_name='none_cl', current_thread_id=None, diff_loss_weight=0, do_lowercase=False, ewc_gamma=1, ewc_lambda=0.5, example_encoder_name='roberta-base', freeze_embeds=False, gradient_accumulation_steps=1, heldout_submission_data='experiments/eval_data/qa/heldout_eval.jsonl', index_rank_method='most_similar', indexing_args_path='exp_results/supervision_data/1012_dm_simple.train_args.json', indexing_method='bart_index', inference_query_size=1, init_memory_cache_path='bug_data/memory_key_cache.pkl', kg_eval_freq=10, kg_eval_mode='metric', kr_eval_freq=10, kr_eval_mode='metric', learning_rate=0.0, local_adapt_lr=1e-05, max_grad_norm=0.1, max_input_length=888, max_output_length=50, max_timecode=100, memory_key_encoder='facebook/bart-base', memory_path='', memory_store_rate=1.0, mir_abalation_args='none', num_adapt_epochs=1, num_beams=3, num_threads_eval=0, num_train_epochs=0.0, offline_retrain_upstream=False, okr_sample_seed=1337, okr_sample_size=512, path_to_thread_result=None, predict_batch_size=64, prefix='qa_nonecl_T=100,b=64,alpha=0.1,beta=0.5,gamma=0.8_offline=no', replay_candidate_size=8, replay_frequency=1, replay_size=8, result_file='experiments/results/qa/qa_nonecl_T=100,b=64,alpha=0.1,beta=0.5,gamma=0.8_offline=no_result.json', save_ckpt_freq=100, seed=42, skip_instant_eval=False, submission_stream_data='experiments/eval_data/qa/submission_stream.T=100,b=64,alpha=0.1,beta=0.5,gamma=0.8.json', task_emb_dim=768, task_name='mrqa', train_batch_size=8, upstream_data_path='data/mrqa_squad/mrqa_squad_train.jsonl', upstream_eval_data='experiments/eval_data/qa/upstream_eval.jsonl', upstream_sample_ratio=-1, use_mir=False, use_replay_mix=False, use_wandb=True, weight_decay=0.01)
11/13/2021 13:32:46 - INFO - transformers.tokenization_utils - loading file https://s3.amazonaws.com/models.huggingface.co/bert/roberta-large-vocab.json from cache at /private/home/yuchenlin/.cache/torch/transformers/1ae1f5b6e2b22b25ccc04c000bb79ca847aa226d0761536b011cf7e5868f0655.ef00af9e673c7160b4d41cfda1f48c5f4cba57d5142754525572a846a1ab1b9b
11/13/2021 13:32:46 - INFO - transformers.tokenization_utils - loading file https://s3.amazonaws.com/models.huggingface.co/bert/roberta-large-merges.txt from cache at /private/home/yuchenlin/.cache/torch/transformers/f8f83199a6270d582d6245dc100e99c4155de81c9745c6248077018fe01abcfb.70bec105b4158ed9a1747fea67a43f5dee97855c64d62b6ec3742f4cfdb5feda
11/13/2021 13:33:22 - INFO - __main__ - load_data: len(upstream_eval_examples)=512
11/13/2021 13:33:23 - INFO - __main__ - load_data: len(heldout_eval_examples)=1280
11/13/2021 13:33:29 - INFO - __main__ - Loading checkpoint from out/mrqa_squad_bart-base_1029_upstream_model//best-model.pt for facebook/bart-base .....
11/13/2021 13:33:31 - INFO - transformers.configuration_utils - loading configuration file https://s3.amazonaws.com/models.huggingface.co/bert/facebook/bart-base/config.json from cache at /private/home/yuchenlin/.cache/torch/transformers/09f4fcaeaf785dd3b97b085d6e3510c7081f586ec8e75981683c6299c0f81d9d.e8d516ad807436d395effad8c2326786872659b7dd1210827ac67c761198a0eb
11/13/2021 13:33:31 - INFO - transformers.configuration_utils - Model config BartConfig {
  "activation_dropout": 0.1,
  "activation_function": "gelu",
  "add_bias_logits": false,
  "add_final_layer_norm": false,
  "architectures": [
    "BartModel",
    "BartForConditionalGeneration",
    "BartForSequenceClassification"
  ],
  "attention_dropout": 0.1,
  "bos_token_id": 0,
  "classif_dropout": 0.0,
  "d_model": 768,
  "decoder_attention_heads": 12,
  "decoder_ffn_dim": 3072,
  "decoder_layerdrop": 0.0,
  "decoder_layers": 6,
  "decoder_start_token_id": 2,
  "dropout": 0.1,
  "early_stopping": true,
  "encoder_attention_heads": 12,
  "encoder_ffn_dim": 3072,
  "encoder_layerdrop": 0.0,
  "encoder_layers": 6,
  "eos_token_id": 2,
  "id2label": {
    "0": "LABEL_0",
    "1": "LABEL_1",
    "2": "LABEL_2"
  },
  "init_std": 0.02,
  "is_encoder_decoder": true,
  "label2id": {
    "LABEL_0": 0,
    "LABEL_1": 1,
    "LABEL_2": 2
  },
  "max_position_embeddings": 1024,
  "model_type": "bart",
  "no_repeat_ngram_size": 3,
  "normalize_before": false,
  "normalize_embedding": true,
  "num_beams": 4,
  "num_hidden_layers": 6,
  "pad_token_id": 1,
  "scale_embedding": false,
  "static_position_embeddings": false,
  "task_specific_params": {
    "summarization": {
      "length_penalty": 1.0,
      "max_length": 128,
      "min_length": 12,
      "num_beams": 4
    },
    "summarization_cnn": {
      "length_penalty": 2.0,
      "max_length": 142,
      "min_length": 56,
      "num_beams": 4
    },
    "summarization_xsum": {
      "length_penalty": 1.0,
      "max_length": 62,
      "min_length": 11,
      "num_beams": 6
    }
  },
  "vocab_size": 50265
}

11/13/2021 13:33:31 - INFO - transformers.modeling_utils - loading weights file https://cdn.huggingface.co/facebook/bart-base/pytorch_model.bin from cache at /private/home/yuchenlin/.cache/torch/transformers/566c05fb6983817e8ad7a4fa51e3099fe9caa3b31730f964bc5198d71c677523.0a3d95c18c1e434448941bc25accea7b122882be6526fb67c8e8fb6d5ebc711c
11/13/2021 13:33:36 - INFO - __main__ - Loading checkpoint from out/mrqa_squad_bart-base_1029_upstream_model//best-model.pt for facebook/bart-base ..... Done!
11/13/2021 13:33:43 - INFO - __main__ - Moving to the GPUs.
11/13/2021 13:33:43 - INFO - __main__ - No debugger!
11/13/2021 13:33:43 - INFO - __main__ - Start Online Debugging with Dynamic Error Mode
11/13/2021 13:33:43 - INFO - __main__ - Number of Batches of Data: 100
11/13/2021 13:33:43 - INFO - __main__ - Data Batch Size: 64;
11/13/2021 13:33:47 - INFO - __main__ - Model saved to experiments/ckpt_dirs/qa/nonecl/qa_nonecl_T=100,b=64,alpha=0.1,beta=0.5,gamma=0.8_offline=no/model_ckpt_000.pt.
11/13/2021 13:33:47 - INFO - __main__ - Start eval_knowledge_retention for UKR @ Timecode=0
11/13/2021 13:34:15 - INFO - __main__ - Upstream Knowledge Retation (UKR@0): 0.8027
11/13/2021 13:34:15 - INFO - __main__ - Start eval_knowledge_generalization for KG @ Timecode=0
11/13/2021 13:36:00 - INFO - __main__ - Future Knowledge Generalization (KG@0): 0.3125
11/13/2021 13:36:00 - INFO - __main__ - Evaluating to get errors .... Timecode: 0
11/13/2021 13:36:05 - INFO - __main__ - Before Error Fixing: {'EM': 0.90625, 'QA-F1': 0.9189338235294118}
11/13/2021 13:36:05 - INFO - __main__ - Found 6 errors.
11/13/2021 13:36:05 - INFO - __main__ - Start error-fixing .... Timecode: 0
11/13/2021 13:36:05 - INFO - __main__ - No debugging at all.
11/13/2021 13:36:05 - INFO - __main__ - Start error-fixing .... Done!
11/13/2021 13:36:06 - INFO - __main__ - EFR=0.0
11/13/2021 13:36:06 - INFO - __main__ - Overall: 0.453125 from scores=[0.90625, 0.0]
11/13/2021 13:36:09 - INFO - __main__ - Model saved to experiments/ckpt_dirs/qa/nonecl/qa_nonecl_T=100,b=64,alpha=0.1,beta=0.5,gamma=0.8_offline=no/model_ckpt_000.pt.
11/13/2021 13:36:09 - INFO - __main__ - Updated result feule: experiments/results/qa/qa_nonecl_T=100,b=64,alpha=0.1,beta=0.5,gamma=0.8_offline=no_result.json at Timecode: 0.
11/13/2021 13:36:09 - INFO - __main__ - --------------------------------------------------
11/13/2021 13:36:09 - INFO - __main__ - Evaluating to get errors .... Timecode: 1
11/13/2021 13:36:15 - INFO - __main__ - Before Error Fixing: {'EM': 0.359375, 'QA-F1': 0.45168312864036547}
11/13/2021 13:36:15 - INFO - __main__ - Found 41 errors.
11/13/2021 13:36:15 - INFO - __main__ - Start error-fixing .... Timecode: 1
11/13/2021 13:36:15 - INFO - __main__ - No debugging at all.
11/13/2021 13:36:15 - INFO - __main__ - Start error-fixing .... Done!
11/13/2021 13:36:19 - INFO - __main__ - EFR=0.0
11/13/2021 13:36:19 - INFO - __main__ - Overall: 0.31640625 from scores=[0.6328125, 0.0]
11/13/2021 13:36:19 - INFO - __main__ - --------------------------------------------------
11/13/2021 13:36:19 - INFO - __main__ - Evaluating to get errors .... Timecode: 2
11/13/2021 13:36:24 - INFO - __main__ - Before Error Fixing: {'EM': 0.4375, 'QA-F1': 0.5078016254578754}
11/13/2021 13:36:24 - INFO - __main__ - Found 36 errors.
11/13/2021 13:36:24 - INFO - __main__ - Start error-fixing .... Timecode: 2
11/13/2021 13:36:24 - INFO - __main__ - No debugging at all.
11/13/2021 13:36:24 - INFO - __main__ - Start error-fixing .... Done!
11/13/2021 13:36:27 - INFO - __main__ - EFR=0.0
11/13/2021 13:36:27 - INFO - __main__ - Overall: 0.28385416666666663 from scores=[0.5677083333333333, 0.0]
11/13/2021 13:36:27 - INFO - __main__ - --------------------------------------------------
11/13/2021 13:36:27 - INFO - __main__ - Evaluating to get errors .... Timecode: 3
11/13/2021 13:36:33 - INFO - __main__ - Before Error Fixing: {'EM': 0.125, 'QA-F1': 0.17745679797825528}
11/13/2021 13:36:33 - INFO - __main__ - Found 56 errors.
11/13/2021 13:36:34 - INFO - __main__ - Start error-fixing .... Timecode: 3
11/13/2021 13:36:34 - INFO - __main__ - No debugging at all.
11/13/2021 13:36:34 - INFO - __main__ - Start error-fixing .... Done!
11/13/2021 13:36:39 - INFO - __main__ - EFR=0.0
11/13/2021 13:36:39 - INFO - __main__ - Overall: 0.228515625 from scores=[0.45703125, 0.0]
11/13/2021 13:36:39 - INFO - __main__ - --------------------------------------------------
11/13/2021 13:36:39 - INFO - __main__ - Evaluating to get errors .... Timecode: 4
11/13/2021 13:36:44 - INFO - __main__ - Before Error Fixing: {'EM': 0.359375, 'QA-F1': 0.3874240921115921}
11/13/2021 13:36:44 - INFO - __main__ - Found 41 errors.
11/13/2021 13:36:44 - INFO - __main__ - Start error-fixing .... Timecode: 4
11/13/2021 13:36:44 - INFO - __main__ - No debugging at all.
11/13/2021 13:36:44 - INFO - __main__ - Start error-fixing .... Done!
11/13/2021 13:36:47 - INFO - __main__ - EFR=0.0
11/13/2021 13:36:47 - INFO - __main__ - Overall: 0.21875 from scores=[0.4375, 0.0]
11/13/2021 13:36:47 - INFO - __main__ - --------------------------------------------------
11/13/2021 13:36:47 - INFO - __main__ - Evaluating to get errors .... Timecode: 5
11/13/2021 13:36:54 - INFO - __main__ - Before Error Fixing: {'EM': 0.25, 'QA-F1': 0.3200782863650511}
11/13/2021 13:36:54 - INFO - __main__ - Found 48 errors.
11/13/2021 13:36:54 - INFO - __main__ - Start error-fixing .... Timecode: 5
11/13/2021 13:36:54 - INFO - __main__ - No debugging at all.
11/13/2021 13:36:54 - INFO - __main__ - Start error-fixing .... Done!
11/13/2021 13:36:58 - INFO - __main__ - EFR=0.0
11/13/2021 13:36:58 - INFO - __main__ - Overall: 0.203125 from scores=[0.40625, 0.0]
11/13/2021 13:36:58 - INFO - __main__ - --------------------------------------------------
11/13/2021 13:36:58 - INFO - __main__ - Evaluating to get errors .... Timecode: 6
11/13/2021 13:37:04 - INFO - __main__ - Before Error Fixing: {'EM': 0.296875, 'QA-F1': 0.33545531674208146}
11/13/2021 13:37:04 - INFO - __main__ - Found 45 errors.
11/13/2021 13:37:04 - INFO - __main__ - Start error-fixing .... Timecode: 6
11/13/2021 13:37:04 - INFO - __main__ - No debugging at all.
11/13/2021 13:37:04 - INFO - __main__ - Start error-fixing .... Done!
11/13/2021 13:37:08 - INFO - __main__ - EFR=0.0
11/13/2021 13:37:08 - INFO - __main__ - Overall: 0.1953125 from scores=[0.390625, 0.0]
11/13/2021 13:37:08 - INFO - __main__ - --------------------------------------------------
11/13/2021 13:37:08 - INFO - __main__ - Evaluating to get errors .... Timecode: 7
11/13/2021 13:37:14 - INFO - __main__ - Before Error Fixing: {'EM': 0.40625, 'QA-F1': 0.42986111111111114}
11/13/2021 13:37:14 - INFO - __main__ - Found 38 errors.
11/13/2021 13:37:14 - INFO - __main__ - Start error-fixing .... Timecode: 7
11/13/2021 13:37:14 - INFO - __main__ - No debugging at all.
11/13/2021 13:37:14 - INFO - __main__ - Start error-fixing .... Done!
11/13/2021 13:37:17 - INFO - __main__ - EFR=0.0
11/13/2021 13:37:17 - INFO - __main__ - Overall: 0.1962890625 from scores=[0.392578125, 0.0]
11/13/2021 13:37:17 - INFO - __main__ - --------------------------------------------------
11/13/2021 13:37:17 - INFO - __main__ - Evaluating to get errors .... Timecode: 8
11/13/2021 13:37:24 - INFO - __main__ - Before Error Fixing: {'EM': 0.109375, 'QA-F1': 0.14380061319399554}
11/13/2021 13:37:24 - INFO - __main__ - Found 57 errors.
11/13/2021 13:37:25 - INFO - __main__ - Start error-fixing .... Timecode: 8
11/13/2021 13:37:25 - INFO - __main__ - No debugging at all.
11/13/2021 13:37:25 - INFO - __main__ - Start error-fixing .... Done!
11/13/2021 13:37:30 - INFO - __main__ - EFR=0.0
11/13/2021 13:37:30 - INFO - __main__ - Overall: 0.18055555555555558 from scores=[0.36111111111111116, 0.0]
11/13/2021 13:37:30 - INFO - __main__ - --------------------------------------------------
11/13/2021 13:37:30 - INFO - __main__ - Evaluating to get errors .... Timecode: 9
11/13/2021 13:37:36 - INFO - __main__ - Before Error Fixing: {'EM': 0.421875, 'QA-F1': 0.4749162030721312}
11/13/2021 13:37:36 - INFO - __main__ - Found 37 errors.
11/13/2021 13:37:36 - INFO - __main__ - Start error-fixing .... Timecode: 9
11/13/2021 13:37:36 - INFO - __main__ - No debugging at all.
11/13/2021 13:37:36 - INFO - __main__ - Start error-fixing .... Done!
11/13/2021 13:37:40 - INFO - __main__ - EFR=0.0
11/13/2021 13:37:40 - INFO - __main__ - Overall: 0.18359375 from scores=[0.3671875, 0.0]
11/13/2021 13:37:40 - INFO - __main__ - --------------------------------------------------
11/13/2021 13:37:40 - INFO - __main__ - Start eval_knowledge_retention for UKR @ Timecode=10
11/13/2021 13:38:07 - INFO - __main__ - Upstream Knowledge Retation (UKR@10): 0.8027
11/13/2021 13:38:09 - INFO - __main__ - Start eval_knowledge_retention for OKR @ Timecode=10
11/13/2021 13:38:54 - INFO - __main__ - Online Knowledge Retation (OKR@10): 0.3711
11/13/2021 13:38:54 - INFO - __main__ - Start eval_knowledge_generalization for KG @ Timecode=10
11/13/2021 13:40:40 - INFO - __main__ - Future Knowledge Generalization (KG@10): 0.3125
11/13/2021 13:40:40 - INFO - __main__ - Evaluating to get errors .... Timecode: 10
11/13/2021 13:40:45 - INFO - __main__ - Before Error Fixing: {'EM': 0.328125, 'QA-F1': 0.3758097226847227}
11/13/2021 13:40:45 - INFO - __main__ - Found 43 errors.
11/13/2021 13:40:45 - INFO - __main__ - Start error-fixing .... Timecode: 10
11/13/2021 13:40:45 - INFO - __main__ - No debugging at all.
11/13/2021 13:40:45 - INFO - __main__ - Start error-fixing .... Done!
11/13/2021 13:40:49 - INFO - __main__ - EFR=0.0
11/13/2021 13:40:49 - INFO - __main__ - Overall: 0.36999289772727273 from scores=[0.36363636363636365, 0.0, 0.37109375, 0.802734375, 0.3125]
11/13/2021 13:40:49 - INFO - __main__ - --------------------------------------------------
11/13/2021 13:40:49 - INFO - __main__ - Evaluating to get errors .... Timecode: 11
11/13/2021 13:40:54 - INFO - __main__ - Before Error Fixing: {'EM': 0.28125, 'QA-F1': 0.2998267970654824}
11/13/2021 13:40:54 - INFO - __main__ - Found 46 errors.
11/13/2021 13:40:54 - INFO - __main__ - Start error-fixing .... Timecode: 11
11/13/2021 13:40:54 - INFO - __main__ - No debugging at all.
11/13/2021 13:40:54 - INFO - __main__ - Start error-fixing .... Done!
11/13/2021 13:40:59 - INFO - __main__ - EFR=0.0
11/13/2021 13:40:59 - INFO - __main__ - Overall: 0.3686197916666667 from scores=[0.35677083333333337, 0.0, 0.37109375, 0.802734375, 0.3125]
11/13/2021 13:40:59 - INFO - __main__ - --------------------------------------------------
11/13/2021 13:40:59 - INFO - __main__ - Evaluating to get errors .... Timecode: 12
11/13/2021 13:41:04 - INFO - __main__ - Before Error Fixing: {'EM': 0.375, 'QA-F1': 0.4193041305884555}
11/13/2021 13:41:04 - INFO - __main__ - Found 40 errors.
11/13/2021 13:41:05 - INFO - __main__ - Start error-fixing .... Timecode: 12
11/13/2021 13:41:05 - INFO - __main__ - No debugging at all.
11/13/2021 13:41:05 - INFO - __main__ - Start error-fixing .... Done!
11/13/2021 13:41:09 - INFO - __main__ - EFR=0.0
11/13/2021 13:41:09 - INFO - __main__ - Overall: 0.3689002403846154 from scores=[0.35817307692307687, 0.0, 0.37109375, 0.802734375, 0.3125]
11/13/2021 13:41:09 - INFO - __main__ - --------------------------------------------------
11/13/2021 13:41:09 - INFO - __main__ - Evaluating to get errors .... Timecode: 13
11/13/2021 13:41:15 - INFO - __main__ - Before Error Fixing: {'EM': 0.25, 'QA-F1': 0.33230879322786877}
11/13/2021 13:41:15 - INFO - __main__ - Found 48 errors.
11/13/2021 13:41:15 - INFO - __main__ - Start error-fixing .... Timecode: 13
11/13/2021 13:41:15 - INFO - __main__ - No debugging at all.
11/13/2021 13:41:15 - INFO - __main__ - Start error-fixing .... Done!
11/13/2021 13:41:20 - INFO - __main__ - EFR=0.0
11/13/2021 13:41:20 - INFO - __main__ - Overall: 0.3673549107142857 from scores=[0.3504464285714286, 0.0, 0.37109375, 0.802734375, 0.3125]
11/13/2021 13:41:20 - INFO - __main__ - --------------------------------------------------
11/13/2021 13:41:20 - INFO - __main__ - Evaluating to get errors .... Timecode: 14
11/13/2021 13:41:26 - INFO - __main__ - Before Error Fixing: {'EM': 0.296875, 'QA-F1': 0.3797006822220362}
11/13/2021 13:41:26 - INFO - __main__ - Found 45 errors.
11/13/2021 13:41:26 - INFO - __main__ - Start error-fixing .... Timecode: 14
11/13/2021 13:41:26 - INFO - __main__ - No debugging at all.
11/13/2021 13:41:26 - INFO - __main__ - Start error-fixing .... Done!
11/13/2021 13:41:31 - INFO - __main__ - EFR=0.0
11/13/2021 13:41:31 - INFO - __main__ - Overall: 0.366640625 from scores=[0.34687500000000004, 0.0, 0.37109375, 0.802734375, 0.3125]
11/13/2021 13:41:31 - INFO - __main__ - --------------------------------------------------
11/13/2021 13:41:31 - INFO - __main__ - Evaluating to get errors .... Timecode: 15
11/13/2021 13:41:36 - INFO - __main__ - Before Error Fixing: {'EM': 0.078125, 'QA-F1': 0.12147975120198917}
11/13/2021 13:41:36 - INFO - __main__ - Found 59 errors.
11/13/2021 13:41:37 - INFO - __main__ - Start error-fixing .... Timecode: 15
11/13/2021 13:41:37 - INFO - __main__ - No debugging at all.
11/13/2021 13:41:37 - INFO - __main__ - Start error-fixing .... Done!
11/13/2021 13:41:43 - INFO - __main__ - EFR=0.0
11/13/2021 13:41:43 - INFO - __main__ - Overall: 0.36328125 from scores=[0.330078125, 0.0, 0.37109375, 0.802734375, 0.3125]
11/13/2021 13:41:43 - INFO - __main__ - --------------------------------------------------
11/13/2021 13:41:43 - INFO - __main__ - Evaluating to get errors .... Timecode: 16
11/13/2021 13:41:49 - INFO - __main__ - Before Error Fixing: {'EM': 0.03125, 'QA-F1': 0.07348780967806703}
11/13/2021 13:41:49 - INFO - __main__ - Found 62 errors.
11/13/2021 13:41:50 - INFO - __main__ - Start error-fixing .... Timecode: 16
11/13/2021 13:41:50 - INFO - __main__ - No debugging at all.
11/13/2021 13:41:50 - INFO - __main__ - Start error-fixing .... Done!
11/13/2021 13:41:56 - INFO - __main__ - EFR=0.0
11/13/2021 13:41:56 - INFO - __main__ - Overall: 0.359765625 from scores=[0.3125, 0.0, 0.37109375, 0.802734375, 0.3125]
11/13/2021 13:41:56 - INFO - __main__ - --------------------------------------------------
11/13/2021 13:41:56 - INFO - __main__ - Evaluating to get errors .... Timecode: 17
11/13/2021 13:42:02 - INFO - __main__ - Before Error Fixing: {'EM': 0.21875, 'QA-F1': 0.3246439564375036}
11/13/2021 13:42:02 - INFO - __main__ - Found 50 errors.
11/13/2021 13:42:02 - INFO - __main__ - Start error-fixing .... Timecode: 17
11/13/2021 13:42:02 - INFO - __main__ - No debugging at all.
11/13/2021 13:42:02 - INFO - __main__ - Start error-fixing .... Done!
11/13/2021 13:42:07 - INFO - __main__ - EFR=0.0
11/13/2021 13:42:07 - INFO - __main__ - Overall: 0.3587239583333333 from scores=[0.30729166666666663, 0.0, 0.37109375, 0.802734375, 0.3125]
11/13/2021 13:42:07 - INFO - __main__ - --------------------------------------------------
11/13/2021 13:42:07 - INFO - __main__ - Evaluating to get errors .... Timecode: 18
11/13/2021 13:42:14 - INFO - __main__ - Before Error Fixing: {'EM': 0.21875, 'QA-F1': 0.2847261104634371}
11/13/2021 13:42:14 - INFO - __main__ - Found 50 errors.
11/13/2021 13:42:14 - INFO - __main__ - Start error-fixing .... Timecode: 18
11/13/2021 13:42:14 - INFO - __main__ - No debugging at all.
11/13/2021 13:42:14 - INFO - __main__ - Start error-fixing .... Done!
11/13/2021 13:42:19 - INFO - __main__ - EFR=0.0
11/13/2021 13:42:19 - INFO - __main__ - Overall: 0.35779194078947374 from scores=[0.3026315789473685, 0.0, 0.37109375, 0.802734375, 0.3125]
11/13/2021 13:42:19 - INFO - __main__ - --------------------------------------------------
11/13/2021 13:42:19 - INFO - __main__ - Evaluating to get errors .... Timecode: 19
11/13/2021 13:42:26 - INFO - __main__ - Before Error Fixing: {'EM': 0.3125, 'QA-F1': 0.42639570077432887}
11/13/2021 13:42:26 - INFO - __main__ - Found 44 errors.
11/13/2021 13:42:26 - INFO - __main__ - Start error-fixing .... Timecode: 19
11/13/2021 13:42:26 - INFO - __main__ - No debugging at all.
11/13/2021 13:42:26 - INFO - __main__ - Start error-fixing .... Done!
11/13/2021 13:42:30 - INFO - __main__ - EFR=0.0
11/13/2021 13:42:30 - INFO - __main__ - Overall: 0.357890625 from scores=[0.303125, 0.0, 0.37109375, 0.802734375, 0.3125]
11/13/2021 13:42:30 - INFO - __main__ - --------------------------------------------------
11/13/2021 13:42:30 - INFO - __main__ - Start eval_knowledge_retention for UKR @ Timecode=20
11/13/2021 13:42:58 - INFO - __main__ - Upstream Knowledge Retation (UKR@20): 0.8027
11/13/2021 13:43:00 - INFO - __main__ - Start eval_knowledge_retention for OKR @ Timecode=20
11/13/2021 13:43:48 - INFO - __main__ - Online Knowledge Retation (OKR@20): 0.2891
11/13/2021 13:43:48 - INFO - __main__ - Start eval_knowledge_generalization for KG @ Timecode=20
11/13/2021 13:45:34 - INFO - __main__ - Future Knowledge Generalization (KG@20): 0.3125
11/13/2021 13:45:34 - INFO - __main__ - Evaluating to get errors .... Timecode: 20
11/13/2021 13:45:40 - INFO - __main__ - Before Error Fixing: {'EM': 0.125, 'QA-F1': 0.19022739413364415}
11/13/2021 13:45:40 - INFO - __main__ - Found 56 errors.
11/13/2021 13:45:40 - INFO - __main__ - Start error-fixing .... Timecode: 20
11/13/2021 13:45:40 - INFO - __main__ - No debugging at all.
11/13/2021 13:45:40 - INFO - __main__ - Start error-fixing .... Done!
11/13/2021 13:45:46 - INFO - __main__ - EFR=0.0
11/13/2021 13:45:46 - INFO - __main__ - Overall: 0.33978794642857146 from scores=[0.2946428571428571, 0.0, 0.2890625, 0.802734375, 0.3125]
11/13/2021 13:45:46 - INFO - __main__ - --------------------------------------------------
11/13/2021 13:45:46 - INFO - __main__ - Evaluating to get errors .... Timecode: 21
11/13/2021 13:45:52 - INFO - __main__ - Before Error Fixing: {'EM': 0.078125, 'QA-F1': 0.12248063842225027}
11/13/2021 13:45:52 - INFO - __main__ - Found 59 errors.
11/13/2021 13:45:53 - INFO - __main__ - Start error-fixing .... Timecode: 21
11/13/2021 13:45:53 - INFO - __main__ - No debugging at all.
11/13/2021 13:45:53 - INFO - __main__ - Start error-fixing .... Done!
11/13/2021 13:45:58 - INFO - __main__ - EFR=0.0
11/13/2021 13:45:58 - INFO - __main__ - Overall: 0.3378196022727272 from scores=[0.28480113636363635, 0.0, 0.2890625, 0.802734375, 0.3125]
11/13/2021 13:45:58 - INFO - __main__ - --------------------------------------------------
11/13/2021 13:45:58 - INFO - __main__ - Evaluating to get errors .... Timecode: 22
11/13/2021 13:46:04 - INFO - __main__ - Before Error Fixing: {'EM': 0.203125, 'QA-F1': 0.30559400703677986}
11/13/2021 13:46:04 - INFO - __main__ - Found 51 errors.
11/13/2021 13:46:05 - INFO - __main__ - Start error-fixing .... Timecode: 22
11/13/2021 13:46:05 - INFO - __main__ - No debugging at all.
11/13/2021 13:46:05 - INFO - __main__ - Start error-fixing .... Done!
11/13/2021 13:46:10 - INFO - __main__ - EFR=0.0
11/13/2021 13:46:10 - INFO - __main__ - Overall: 0.337109375 from scores=[0.28125, 0.0, 0.2890625, 0.802734375, 0.3125]
11/13/2021 13:46:10 - INFO - __main__ - --------------------------------------------------
11/13/2021 13:46:10 - INFO - __main__ - Evaluating to get errors .... Timecode: 23
11/13/2021 13:46:14 - INFO - __main__ - Before Error Fixing: {'EM': 0.359375, 'QA-F1': 0.41875618120055036}
11/13/2021 13:46:14 - INFO - __main__ - Found 41 errors.
11/13/2021 13:46:15 - INFO - __main__ - Start error-fixing .... Timecode: 23
11/13/2021 13:46:15 - INFO - __main__ - No debugging at all.
11/13/2021 13:46:15 - INFO - __main__ - Start error-fixing .... Done!
11/13/2021 13:46:18 - INFO - __main__ - EFR=0.0
11/13/2021 13:46:18 - INFO - __main__ - Overall: 0.3377604166666667 from scores=[0.28450520833333337, 0.0, 0.2890625, 0.802734375, 0.3125]
11/13/2021 13:46:18 - INFO - __main__ - --------------------------------------------------
11/13/2021 13:46:18 - INFO - __main__ - Evaluating to get errors .... Timecode: 24
11/13/2021 13:46:24 - INFO - __main__ - Before Error Fixing: {'EM': 0.421875, 'QA-F1': 0.514472007798488}
11/13/2021 13:46:24 - INFO - __main__ - Found 37 errors.
11/13/2021 13:46:24 - INFO - __main__ - Start error-fixing .... Timecode: 24
11/13/2021 13:46:24 - INFO - __main__ - No debugging at all.
11/13/2021 13:46:24 - INFO - __main__ - Start error-fixing .... Done!
11/13/2021 13:46:28 - INFO - __main__ - EFR=0.0
11/13/2021 13:46:28 - INFO - __main__ - Overall: 0.338859375 from scores=[0.29000000000000004, 0.0, 0.2890625, 0.802734375, 0.3125]
11/13/2021 13:46:28 - INFO - __main__ - --------------------------------------------------
11/13/2021 13:46:28 - INFO - __main__ - Evaluating to get errors .... Timecode: 25
11/13/2021 13:46:34 - INFO - __main__ - Before Error Fixing: {'EM': 0.421875, 'QA-F1': 0.4666477007469655}
11/13/2021 13:46:34 - INFO - __main__ - Found 37 errors.
11/13/2021 13:46:34 - INFO - __main__ - Start error-fixing .... Timecode: 25
11/13/2021 13:46:34 - INFO - __main__ - No debugging at all.
11/13/2021 13:46:34 - INFO - __main__ - Start error-fixing .... Done!
11/13/2021 13:46:38 - INFO - __main__ - EFR=0.0
11/13/2021 13:46:38 - INFO - __main__ - Overall: 0.3398737980769231 from scores=[0.2950721153846154, 0.0, 0.2890625, 0.802734375, 0.3125]
11/13/2021 13:46:38 - INFO - __main__ - --------------------------------------------------
11/13/2021 13:46:38 - INFO - __main__ - Evaluating to get errors .... Timecode: 26
11/13/2021 13:46:44 - INFO - __main__ - Before Error Fixing: {'EM': 0.28125, 'QA-F1': 0.34877261296569106}
11/13/2021 13:46:44 - INFO - __main__ - Found 46 errors.
11/13/2021 13:46:44 - INFO - __main__ - Start error-fixing .... Timecode: 26
11/13/2021 13:46:44 - INFO - __main__ - No debugging at all.
11/13/2021 13:46:44 - INFO - __main__ - Start error-fixing .... Done!
11/13/2021 13:46:49 - INFO - __main__ - EFR=0.0
11/13/2021 13:46:49 - INFO - __main__ - Overall: 0.33977141203703703 from scores=[0.29456018518518523, 0.0, 0.2890625, 0.802734375, 0.3125]
11/13/2021 13:46:49 - INFO - __main__ - --------------------------------------------------
11/13/2021 13:46:49 - INFO - __main__ - Evaluating to get errors .... Timecode: 27
11/13/2021 13:46:55 - INFO - __main__ - Before Error Fixing: {'EM': 0.0625, 'QA-F1': 0.1225988122363029}
11/13/2021 13:46:55 - INFO - __main__ - Found 60 errors.
11/13/2021 13:46:56 - INFO - __main__ - Start error-fixing .... Timecode: 27
11/13/2021 13:46:56 - INFO - __main__ - No debugging at all.
11/13/2021 13:46:56 - INFO - __main__ - Start error-fixing .... Done!
11/13/2021 13:47:02 - INFO - __main__ - EFR=0.0
11/13/2021 13:47:02 - INFO - __main__ - Overall: 0.33811383928571426 from scores=[0.2862723214285714, 0.0, 0.2890625, 0.802734375, 0.3125]
11/13/2021 13:47:02 - INFO - __main__ - --------------------------------------------------
11/13/2021 13:47:02 - INFO - __main__ - Evaluating to get errors .... Timecode: 28
11/13/2021 13:47:08 - INFO - __main__ - Before Error Fixing: {'EM': 0.390625, 'QA-F1': 0.4173705662616953}
11/13/2021 13:47:08 - INFO - __main__ - Found 39 errors.
11/13/2021 13:47:08 - INFO - __main__ - Start error-fixing .... Timecode: 28
11/13/2021 13:47:08 - INFO - __main__ - No debugging at all.
11/13/2021 13:47:08 - INFO - __main__ - Start error-fixing .... Done!
11/13/2021 13:47:12 - INFO - __main__ - EFR=0.0
11/13/2021 13:47:12 - INFO - __main__ - Overall: 0.3388335129310345 from scores=[0.2898706896551724, 0.0, 0.2890625, 0.802734375, 0.3125]
11/13/2021 13:47:12 - INFO - __main__ - --------------------------------------------------
11/13/2021 13:47:12 - INFO - __main__ - Evaluating to get errors .... Timecode: 29
11/13/2021 13:47:17 - INFO - __main__ - Before Error Fixing: {'EM': 0.34375, 'QA-F1': 0.3956978040949008}
11/13/2021 13:47:17 - INFO - __main__ - Found 42 errors.
11/13/2021 13:47:17 - INFO - __main__ - Start error-fixing .... Timecode: 29
11/13/2021 13:47:17 - INFO - __main__ - No debugging at all.
11/13/2021 13:47:17 - INFO - __main__ - Start error-fixing .... Done!
11/13/2021 13:47:20 - INFO - __main__ - EFR=0.0
11/13/2021 13:47:20 - INFO - __main__ - Overall: 0.3391927083333333 from scores=[0.29166666666666663, 0.0, 0.2890625, 0.802734375, 0.3125]
11/13/2021 13:47:20 - INFO - __main__ - --------------------------------------------------
11/13/2021 13:47:20 - INFO - __main__ - Start eval_knowledge_retention for UKR @ Timecode=30
11/13/2021 13:47:48 - INFO - __main__ - Upstream Knowledge Retation (UKR@30): 0.8027
11/13/2021 13:47:50 - INFO - __main__ - Start eval_knowledge_retention for OKR @ Timecode=30
11/13/2021 13:48:37 - INFO - __main__ - Online Knowledge Retation (OKR@30): 0.2715
11/13/2021 13:48:37 - INFO - __main__ - Start eval_knowledge_generalization for KG @ Timecode=30
11/13/2021 13:50:22 - INFO - __main__ - Future Knowledge Generalization (KG@30): 0.3125
11/13/2021 13:50:22 - INFO - __main__ - Evaluating to get errors .... Timecode: 30
11/13/2021 13:50:27 - INFO - __main__ - Before Error Fixing: {'EM': 0.421875, 'QA-F1': 0.46046396964053604}
11/13/2021 13:50:27 - INFO - __main__ - Found 37 errors.
11/13/2021 13:50:27 - INFO - __main__ - Start error-fixing .... Timecode: 30
11/13/2021 13:50:27 - INFO - __main__ - No debugging at all.
11/13/2021 13:50:27 - INFO - __main__ - Start error-fixing .... Done!
11/13/2021 13:50:31 - INFO - __main__ - EFR=0.0
11/13/2021 13:50:31 - INFO - __main__ - Overall: 0.3365171370967742 from scores=[0.295866935483871, 0.0, 0.271484375, 0.802734375, 0.3125]
11/13/2021 13:50:31 - INFO - __main__ - --------------------------------------------------
11/13/2021 13:50:31 - INFO - __main__ - Evaluating to get errors .... Timecode: 31
11/13/2021 13:50:36 - INFO - __main__ - Before Error Fixing: {'EM': 0.328125, 'QA-F1': 0.3724033006843088}
11/13/2021 13:50:36 - INFO - __main__ - Found 43 errors.
11/13/2021 13:50:36 - INFO - __main__ - Start error-fixing .... Timecode: 31
11/13/2021 13:50:36 - INFO - __main__ - No debugging at all.
11/13/2021 13:50:36 - INFO - __main__ - Start error-fixing .... Done!
11/13/2021 13:50:40 - INFO - __main__ - EFR=0.0
11/13/2021 13:50:40 - INFO - __main__ - Overall: 0.33671875 from scores=[0.296875, 0.0, 0.271484375, 0.802734375, 0.3125]
11/13/2021 13:50:40 - INFO - __main__ - --------------------------------------------------
11/13/2021 13:50:40 - INFO - __main__ - Evaluating to get errors .... Timecode: 32
11/13/2021 13:50:44 - INFO - __main__ - Before Error Fixing: {'EM': 0.28125, 'QA-F1': 0.3815057551410653}
11/13/2021 13:50:44 - INFO - __main__ - Found 46 errors.
11/13/2021 13:50:45 - INFO - __main__ - Start error-fixing .... Timecode: 32
11/13/2021 13:50:45 - INFO - __main__ - No debugging at all.
11/13/2021 13:50:45 - INFO - __main__ - Start error-fixing .... Done!
11/13/2021 13:50:48 - INFO - __main__ - EFR=0.0
11/13/2021 13:50:48 - INFO - __main__ - Overall: 0.336624053030303 from scores=[0.29640151515151514, 0.0, 0.271484375, 0.802734375, 0.3125]
11/13/2021 13:50:48 - INFO - __main__ - --------------------------------------------------
11/13/2021 13:50:48 - INFO - __main__ - Evaluating to get errors .... Timecode: 33
11/13/2021 13:50:54 - INFO - __main__ - Before Error Fixing: {'EM': 0.328125, 'QA-F1': 0.3694206528765352}
11/13/2021 13:50:54 - INFO - __main__ - Found 43 errors.
11/13/2021 13:50:55 - INFO - __main__ - Start error-fixing .... Timecode: 33
11/13/2021 13:50:55 - INFO - __main__ - No debugging at all.
11/13/2021 13:50:55 - INFO - __main__ - Start error-fixing .... Done!
11/13/2021 13:50:58 - INFO - __main__ - EFR=0.0
11/13/2021 13:50:58 - INFO - __main__ - Overall: 0.33681066176470587 from scores=[0.29733455882352944, 0.0, 0.271484375, 0.802734375, 0.3125]
11/13/2021 13:50:58 - INFO - __main__ - --------------------------------------------------
11/13/2021 13:50:58 - INFO - __main__ - Evaluating to get errors .... Timecode: 34
11/13/2021 13:51:03 - INFO - __main__ - Before Error Fixing: {'EM': 0.3125, 'QA-F1': 0.39076513764013765}
11/13/2021 13:51:03 - INFO - __main__ - Found 44 errors.
11/13/2021 13:51:03 - INFO - __main__ - Start error-fixing .... Timecode: 34
11/13/2021 13:51:03 - INFO - __main__ - No debugging at all.
11/13/2021 13:51:03 - INFO - __main__ - Start error-fixing .... Done!
11/13/2021 13:51:07 - INFO - __main__ - EFR=0.0
11/13/2021 13:51:07 - INFO - __main__ - Overall: 0.33689732142857143 from scores=[0.29776785714285714, 0.0, 0.271484375, 0.802734375, 0.3125]
11/13/2021 13:51:07 - INFO - __main__ - --------------------------------------------------
11/13/2021 13:51:07 - INFO - __main__ - Evaluating to get errors .... Timecode: 35
11/13/2021 13:51:13 - INFO - __main__ - Before Error Fixing: {'EM': 0.21875, 'QA-F1': 0.321334960312557}
11/13/2021 13:51:13 - INFO - __main__ - Found 50 errors.
11/13/2021 13:51:13 - INFO - __main__ - Start error-fixing .... Timecode: 35
11/13/2021 13:51:13 - INFO - __main__ - No debugging at all.
11/13/2021 13:51:13 - INFO - __main__ - Start error-fixing .... Done!
11/13/2021 13:51:17 - INFO - __main__ - EFR=0.0
11/13/2021 13:51:17 - INFO - __main__ - Overall: 0.3364583333333333 from scores=[0.29557291666666663, 0.0, 0.271484375, 0.802734375, 0.3125]
11/13/2021 13:51:17 - INFO - __main__ - --------------------------------------------------
11/13/2021 13:51:17 - INFO - __main__ - Evaluating to get errors .... Timecode: 36
11/13/2021 13:51:22 - INFO - __main__ - Before Error Fixing: {'EM': 0.421875, 'QA-F1': 0.47074023199023196}
11/13/2021 13:51:22 - INFO - __main__ - Found 37 errors.
11/13/2021 13:51:22 - INFO - __main__ - Start error-fixing .... Timecode: 36
11/13/2021 13:51:22 - INFO - __main__ - No debugging at all.
11/13/2021 13:51:22 - INFO - __main__ - Start error-fixing .... Done!
11/13/2021 13:51:25 - INFO - __main__ - EFR=0.0
11/13/2021 13:51:25 - INFO - __main__ - Overall: 0.33714104729729727 from scores=[0.2989864864864865, 0.0, 0.271484375, 0.802734375, 0.3125]
11/13/2021 13:51:25 - INFO - __main__ - --------------------------------------------------
11/13/2021 13:51:25 - INFO - __main__ - Evaluating to get errors .... Timecode: 37
11/13/2021 13:51:31 - INFO - __main__ - Before Error Fixing: {'EM': 0.34375, 'QA-F1': 0.38961101046698876}
11/13/2021 13:51:31 - INFO - __main__ - Found 42 errors.
11/13/2021 13:51:31 - INFO - __main__ - Start error-fixing .... Timecode: 37
11/13/2021 13:51:31 - INFO - __main__ - No debugging at all.
11/13/2021 13:51:31 - INFO - __main__ - Start error-fixing .... Done!
11/13/2021 13:51:35 - INFO - __main__ - EFR=0.0
11/13/2021 13:51:35 - INFO - __main__ - Overall: 0.33737664473684215 from scores=[0.3001644736842105, 0.0, 0.271484375, 0.802734375, 0.3125]
11/13/2021 13:51:35 - INFO - __main__ - --------------------------------------------------
11/13/2021 13:51:35 - INFO - __main__ - Evaluating to get errors .... Timecode: 38
11/13/2021 13:51:40 - INFO - __main__ - Before Error Fixing: {'EM': 0.375, 'QA-F1': 0.44589135395661134}
11/13/2021 13:51:40 - INFO - __main__ - Found 40 errors.
11/13/2021 13:51:40 - INFO - __main__ - Start error-fixing .... Timecode: 38
11/13/2021 13:51:40 - INFO - __main__ - No debugging at all.
11/13/2021 13:51:40 - INFO - __main__ - Start error-fixing .... Done!
11/13/2021 13:51:44 - INFO - __main__ - EFR=0.0
11/13/2021 13:51:44 - INFO - __main__ - Overall: 0.3377604166666667 from scores=[0.30208333333333337, 0.0, 0.271484375, 0.802734375, 0.3125]
11/13/2021 13:51:44 - INFO - __main__ - --------------------------------------------------
11/13/2021 13:51:44 - INFO - __main__ - Evaluating to get errors .... Timecode: 39
11/13/2021 13:51:49 - INFO - __main__ - Before Error Fixing: {'EM': 0.4375, 'QA-F1': 0.4866542978516863}
11/13/2021 13:51:49 - INFO - __main__ - Found 36 errors.
11/13/2021 13:51:49 - INFO - __main__ - Start error-fixing .... Timecode: 39
11/13/2021 13:51:49 - INFO - __main__ - No debugging at all.
11/13/2021 13:51:49 - INFO - __main__ - Start error-fixing .... Done!
11/13/2021 13:51:52 - INFO - __main__ - EFR=0.0
11/13/2021 13:51:52 - INFO - __main__ - Overall: 0.3384375 from scores=[0.30546874999999996, 0.0, 0.271484375, 0.802734375, 0.3125]
11/13/2021 13:51:52 - INFO - __main__ - --------------------------------------------------
11/13/2021 13:51:52 - INFO - __main__ - Start eval_knowledge_retention for UKR @ Timecode=40
11/13/2021 13:52:20 - INFO - __main__ - Upstream Knowledge Retation (UKR@40): 0.8027
11/13/2021 13:52:22 - INFO - __main__ - Start eval_knowledge_retention for OKR @ Timecode=40
11/13/2021 13:53:07 - INFO - __main__ - Online Knowledge Retation (OKR@40): 0.2832
11/13/2021 13:53:07 - INFO - __main__ - Start eval_knowledge_generalization for KG @ Timecode=40
11/13/2021 13:54:52 - INFO - __main__ - Future Knowledge Generalization (KG@40): 0.3125
11/13/2021 13:54:52 - INFO - __main__ - Evaluating to get errors .... Timecode: 40
11/13/2021 13:54:58 - INFO - __main__ - Before Error Fixing: {'EM': 0.109375, 'QA-F1': 0.15459800616050617}
11/13/2021 13:54:58 - INFO - __main__ - Found 57 errors.
11/13/2021 13:54:59 - INFO - __main__ - Start error-fixing .... Timecode: 40
11/13/2021 13:54:59 - INFO - __main__ - No debugging at all.
11/13/2021 13:54:59 - INFO - __main__ - Start error-fixing .... Done!
11/13/2021 13:55:04 - INFO - __main__ - EFR=0.0
11/13/2021 13:55:04 - INFO - __main__ - Overall: 0.33982469512195124 from scores=[0.3006859756097561, 0.0, 0.283203125, 0.802734375, 0.3125]
11/13/2021 13:55:04 - INFO - __main__ - --------------------------------------------------
11/13/2021 13:55:04 - INFO - __main__ - Evaluating to get errors .... Timecode: 41
11/13/2021 13:55:10 - INFO - __main__ - Before Error Fixing: {'EM': 0.09375, 'QA-F1': 0.1435015167043998}
11/13/2021 13:55:10 - INFO - __main__ - Found 58 errors.
11/13/2021 13:55:11 - INFO - __main__ - Start error-fixing .... Timecode: 41
11/13/2021 13:55:11 - INFO - __main__ - No debugging at all.
11/13/2021 13:55:11 - INFO - __main__ - Start error-fixing .... Done!
11/13/2021 13:55:17 - INFO - __main__ - EFR=0.0
11/13/2021 13:55:17 - INFO - __main__ - Overall: 0.33883928571428573 from scores=[0.2957589285714286, 0.0, 0.283203125, 0.802734375, 0.3125]
11/13/2021 13:55:17 - INFO - __main__ - --------------------------------------------------
11/13/2021 13:55:17 - INFO - __main__ - Evaluating to get errors .... Timecode: 42
11/13/2021 13:55:22 - INFO - __main__ - Before Error Fixing: {'EM': 0.484375, 'QA-F1': 0.5302083333333334}
11/13/2021 13:55:22 - INFO - __main__ - Found 33 errors.
11/13/2021 13:55:22 - INFO - __main__ - Start error-fixing .... Timecode: 42
11/13/2021 13:55:22 - INFO - __main__ - No debugging at all.
11/13/2021 13:55:22 - INFO - __main__ - Start error-fixing .... Done!
11/13/2021 13:55:25 - INFO - __main__ - EFR=0.0
11/13/2021 13:55:25 - INFO - __main__ - Overall: 0.3397165697674419 from scores=[0.30014534883720934, 0.0, 0.283203125, 0.802734375, 0.3125]
11/13/2021 13:55:25 - INFO - __main__ - --------------------------------------------------
11/13/2021 13:55:25 - INFO - __main__ - Evaluating to get errors .... Timecode: 43
11/13/2021 13:55:30 - INFO - __main__ - Before Error Fixing: {'EM': 0.3125, 'QA-F1': 0.35936485389610384}
11/13/2021 13:55:30 - INFO - __main__ - Found 44 errors.
11/13/2021 13:55:31 - INFO - __main__ - Start error-fixing .... Timecode: 43
11/13/2021 13:55:31 - INFO - __main__ - No debugging at all.
11/13/2021 13:55:31 - INFO - __main__ - Start error-fixing .... Done!
11/13/2021 13:55:35 - INFO - __main__ - EFR=0.0
11/13/2021 13:55:35 - INFO - __main__ - Overall: 0.3397727272727272 from scores=[0.30042613636363635, 0.0, 0.283203125, 0.802734375, 0.3125]
11/13/2021 13:55:35 - INFO - __main__ - --------------------------------------------------
11/13/2021 13:55:35 - INFO - __main__ - Evaluating to get errors .... Timecode: 44
11/13/2021 13:55:41 - INFO - __main__ - Before Error Fixing: {'EM': 0.3125, 'QA-F1': 0.3593215811965812}
11/13/2021 13:55:41 - INFO - __main__ - Found 44 errors.
11/13/2021 13:55:41 - INFO - __main__ - Start error-fixing .... Timecode: 44
11/13/2021 13:55:41 - INFO - __main__ - No debugging at all.
11/13/2021 13:55:41 - INFO - __main__ - Start error-fixing .... Done!
11/13/2021 13:55:46 - INFO - __main__ - EFR=0.0
11/13/2021 13:55:46 - INFO - __main__ - Overall: 0.3398263888888889 from scores=[0.3006944444444445, 0.0, 0.283203125, 0.802734375, 0.3125]
11/13/2021 13:55:46 - INFO - __main__ - --------------------------------------------------
11/13/2021 13:55:46 - INFO - __main__ - Evaluating to get errors .... Timecode: 45
11/13/2021 13:55:51 - INFO - __main__ - Before Error Fixing: {'EM': 0.328125, 'QA-F1': 0.3866009424603174}
11/13/2021 13:55:51 - INFO - __main__ - Found 43 errors.
11/13/2021 13:55:52 - INFO - __main__ - Start error-fixing .... Timecode: 45
11/13/2021 13:55:52 - INFO - __main__ - No debugging at all.
11/13/2021 13:55:52 - INFO - __main__ - Start error-fixing .... Done!
11/13/2021 13:55:56 - INFO - __main__ - EFR=0.0
11/13/2021 13:55:56 - INFO - __main__ - Overall: 0.33994565217391304 from scores=[0.3012907608695652, 0.0, 0.283203125, 0.802734375, 0.3125]
11/13/2021 13:55:56 - INFO - __main__ - --------------------------------------------------
11/13/2021 13:55:56 - INFO - __main__ - Evaluating to get errors .... Timecode: 46
11/13/2021 13:56:00 - INFO - __main__ - Before Error Fixing: {'EM': 0.5, 'QA-F1': 0.5232390873015873}
11/13/2021 13:56:00 - INFO - __main__ - Found 32 errors.
11/13/2021 13:56:01 - INFO - __main__ - Start error-fixing .... Timecode: 46
11/13/2021 13:56:01 - INFO - __main__ - No debugging at all.
11/13/2021 13:56:01 - INFO - __main__ - Start error-fixing .... Done!
11/13/2021 13:56:03 - INFO - __main__ - EFR=0.0
11/13/2021 13:56:03 - INFO - __main__ - Overall: 0.3407912234042553 from scores=[0.3055186170212766, 0.0, 0.283203125, 0.802734375, 0.3125]
11/13/2021 13:56:03 - INFO - __main__ - --------------------------------------------------
11/13/2021 13:56:03 - INFO - __main__ - Evaluating to get errors .... Timecode: 47
11/13/2021 13:56:09 - INFO - __main__ - Before Error Fixing: {'EM': 0.328125, 'QA-F1': 0.38123794608169603}
11/13/2021 13:56:09 - INFO - __main__ - Found 43 errors.
11/13/2021 13:56:09 - INFO - __main__ - Start error-fixing .... Timecode: 47
11/13/2021 13:56:09 - INFO - __main__ - No debugging at all.
11/13/2021 13:56:09 - INFO - __main__ - Start error-fixing .... Done!
11/13/2021 13:56:13 - INFO - __main__ - EFR=0.0
11/13/2021 13:56:13 - INFO - __main__ - Overall: 0.3408854166666667 from scores=[0.30598958333333337, 0.0, 0.283203125, 0.802734375, 0.3125]
11/13/2021 13:56:13 - INFO - __main__ - --------------------------------------------------
11/13/2021 13:56:13 - INFO - __main__ - Evaluating to get errors .... Timecode: 48
11/13/2021 13:56:19 - INFO - __main__ - Before Error Fixing: {'EM': 0.296875, 'QA-F1': 0.33054315476190477}
11/13/2021 13:56:19 - INFO - __main__ - Found 45 errors.
11/13/2021 13:56:19 - INFO - __main__ - Start error-fixing .... Timecode: 48
11/13/2021 13:56:19 - INFO - __main__ - No debugging at all.
11/13/2021 13:56:19 - INFO - __main__ - Start error-fixing .... Done!
11/13/2021 13:56:24 - INFO - __main__ - EFR=0.0
11/13/2021 13:56:24 - INFO - __main__ - Overall: 0.34084821428571427 from scores=[0.3058035714285714, 0.0, 0.283203125, 0.802734375, 0.3125]
11/13/2021 13:56:24 - INFO - __main__ - --------------------------------------------------
11/13/2021 13:56:24 - INFO - __main__ - Evaluating to get errors .... Timecode: 49
11/13/2021 13:56:30 - INFO - __main__ - Before Error Fixing: {'EM': 0.09375, 'QA-F1': 0.14374598077043732}
11/13/2021 13:56:30 - INFO - __main__ - Found 58 errors.
11/13/2021 13:56:31 - INFO - __main__ - Start error-fixing .... Timecode: 49
11/13/2021 13:56:31 - INFO - __main__ - No debugging at all.
11/13/2021 13:56:31 - INFO - __main__ - Start error-fixing .... Done!
11/13/2021 13:56:37 - INFO - __main__ - EFR=0.0
11/13/2021 13:56:37 - INFO - __main__ - Overall: 0.33999999999999997 from scores=[0.30156249999999996, 0.0, 0.283203125, 0.802734375, 0.3125]
11/13/2021 13:56:37 - INFO - __main__ - --------------------------------------------------
11/13/2021 13:56:37 - INFO - __main__ - Start eval_knowledge_retention for UKR @ Timecode=50
11/13/2021 13:57:05 - INFO - __main__ - Upstream Knowledge Retation (UKR@50): 0.8027
11/13/2021 13:57:07 - INFO - __main__ - Start eval_knowledge_retention for OKR @ Timecode=50
11/13/2021 13:57:52 - INFO - __main__ - Online Knowledge Retation (OKR@50): 0.2852
11/13/2021 13:57:52 - INFO - __main__ - Start eval_knowledge_generalization for KG @ Timecode=50
11/13/2021 13:59:38 - INFO - __main__ - Future Knowledge Generalization (KG@50): 0.3125
11/13/2021 13:59:38 - INFO - __main__ - Evaluating to get errors .... Timecode: 50
11/13/2021 13:59:43 - INFO - __main__ - Before Error Fixing: {'EM': 0.390625, 'QA-F1': 0.41323086635586637}
11/13/2021 13:59:43 - INFO - __main__ - Found 39 errors.
11/13/2021 13:59:44 - INFO - __main__ - Start error-fixing .... Timecode: 50
11/13/2021 13:59:44 - INFO - __main__ - No debugging at all.
11/13/2021 13:59:44 - INFO - __main__ - Start error-fixing .... Done!
11/13/2021 13:59:47 - INFO - __main__ - EFR=0.0
11/13/2021 13:59:47 - INFO - __main__ - Overall: 0.3407398897058823 from scores=[0.3033088235294118, 0.0, 0.28515625, 0.802734375, 0.3125]
11/13/2021 13:59:47 - INFO - __main__ - --------------------------------------------------
11/13/2021 13:59:47 - INFO - __main__ - Evaluating to get errors .... Timecode: 51
11/13/2021 13:59:52 - INFO - __main__ - Before Error Fixing: {'EM': 0.421875, 'QA-F1': 0.44180667562724013}
11/13/2021 13:59:52 - INFO - __main__ - Found 37 errors.
11/13/2021 13:59:53 - INFO - __main__ - Start error-fixing .... Timecode: 51
11/13/2021 13:59:53 - INFO - __main__ - No debugging at all.
11/13/2021 13:59:53 - INFO - __main__ - Start error-fixing .... Done!
11/13/2021 13:59:57 - INFO - __main__ - EFR=0.0
11/13/2021 13:59:57 - INFO - __main__ - Overall: 0.34119591346153844 from scores=[0.3055889423076923, 0.0, 0.28515625, 0.802734375, 0.3125]
11/13/2021 13:59:57 - INFO - __main__ - --------------------------------------------------
11/13/2021 13:59:57 - INFO - __main__ - Evaluating to get errors .... Timecode: 52
11/13/2021 14:00:01 - INFO - __main__ - Before Error Fixing: {'EM': 0.453125, 'QA-F1': 0.5229910714285715}
11/13/2021 14:00:01 - INFO - __main__ - Found 35 errors.
11/13/2021 14:00:01 - INFO - __main__ - Start error-fixing .... Timecode: 52
11/13/2021 14:00:01 - INFO - __main__ - No debugging at all.
11/13/2021 14:00:01 - INFO - __main__ - Start error-fixing .... Done!
11/13/2021 14:00:03 - INFO - __main__ - EFR=0.0
11/13/2021 14:00:03 - INFO - __main__ - Overall: 0.34175265330188676 from scores=[0.308372641509434, 0.0, 0.28515625, 0.802734375, 0.3125]
11/13/2021 14:00:03 - INFO - __main__ - --------------------------------------------------
11/13/2021 14:00:03 - INFO - __main__ - Evaluating to get errors .... Timecode: 53
11/13/2021 14:00:08 - INFO - __main__ - Before Error Fixing: {'EM': 0.390625, 'QA-F1': 0.4400042587808648}
11/13/2021 14:00:08 - INFO - __main__ - Found 39 errors.
11/13/2021 14:00:08 - INFO - __main__ - Start error-fixing .... Timecode: 53
11/13/2021 14:00:08 - INFO - __main__ - No debugging at all.
11/13/2021 14:00:08 - INFO - __main__ - Start error-fixing .... Done!
11/13/2021 14:00:12 - INFO - __main__ - EFR=0.0
11/13/2021 14:00:12 - INFO - __main__ - Overall: 0.3420572916666667 from scores=[0.30989583333333337, 0.0, 0.28515625, 0.802734375, 0.3125]
11/13/2021 14:00:12 - INFO - __main__ - --------------------------------------------------
11/13/2021 14:00:12 - INFO - __main__ - Evaluating to get errors .... Timecode: 54
11/13/2021 14:00:16 - INFO - __main__ - Before Error Fixing: {'EM': 0.484375, 'QA-F1': 0.55625}
11/13/2021 14:00:16 - INFO - __main__ - Found 33 errors.
11/13/2021 14:00:17 - INFO - __main__ - Start error-fixing .... Timecode: 54
11/13/2021 14:00:17 - INFO - __main__ - No debugging at all.
11/13/2021 14:00:17 - INFO - __main__ - Start error-fixing .... Done!
11/13/2021 14:00:19 - INFO - __main__ - EFR=0.0
11/13/2021 14:00:19 - INFO - __main__ - Overall: 0.3426917613636363 from scores=[0.31306818181818186, 0.0, 0.28515625, 0.802734375, 0.3125]
11/13/2021 14:00:19 - INFO - __main__ - --------------------------------------------------
11/13/2021 14:00:19 - INFO - __main__ - Evaluating to get errors .... Timecode: 55
11/13/2021 14:00:25 - INFO - __main__ - Before Error Fixing: {'EM': 0.234375, 'QA-F1': 0.3240271353539195}
11/13/2021 14:00:25 - INFO - __main__ - Found 49 errors.
11/13/2021 14:00:26 - INFO - __main__ - Start error-fixing .... Timecode: 55
11/13/2021 14:00:26 - INFO - __main__ - No debugging at all.
11/13/2021 14:00:26 - INFO - __main__ - Start error-fixing .... Done!
11/13/2021 14:00:30 - INFO - __main__ - EFR=0.0
11/13/2021 14:00:30 - INFO - __main__ - Overall: 0.3424107142857143 from scores=[0.3116629464285714, 0.0, 0.28515625, 0.802734375, 0.3125]
11/13/2021 14:00:30 - INFO - __main__ - --------------------------------------------------
11/13/2021 14:00:30 - INFO - __main__ - Evaluating to get errors .... Timecode: 56
11/13/2021 14:00:36 - INFO - __main__ - Before Error Fixing: {'EM': 0.296875, 'QA-F1': 0.36674600930115636}
11/13/2021 14:00:36 - INFO - __main__ - Found 45 errors.
11/13/2021 14:00:36 - INFO - __main__ - Start error-fixing .... Timecode: 56
11/13/2021 14:00:36 - INFO - __main__ - No debugging at all.
11/13/2021 14:00:36 - INFO - __main__ - Start error-fixing .... Done!
11/13/2021 14:00:41 - INFO - __main__ - EFR=0.0
11/13/2021 14:00:41 - INFO - __main__ - Overall: 0.34235882675438595 from scores=[0.3114035087719298, 0.0, 0.28515625, 0.802734375, 0.3125]
11/13/2021 14:00:41 - INFO - __main__ - --------------------------------------------------
11/13/2021 14:00:41 - INFO - __main__ - Evaluating to get errors .... Timecode: 57
11/13/2021 14:00:46 - INFO - __main__ - Before Error Fixing: {'EM': 0.3125, 'QA-F1': 0.3733562125598416}
11/13/2021 14:00:46 - INFO - __main__ - Found 44 errors.
11/13/2021 14:00:46 - INFO - __main__ - Start error-fixing .... Timecode: 57
11/13/2021 14:00:46 - INFO - __main__ - No debugging at all.
11/13/2021 14:00:46 - INFO - __main__ - Start error-fixing .... Done!
11/13/2021 14:00:50 - INFO - __main__ - EFR=0.0
11/13/2021 14:00:50 - INFO - __main__ - Overall: 0.3423626077586207 from scores=[0.3114224137931034, 0.0, 0.28515625, 0.802734375, 0.3125]
11/13/2021 14:00:50 - INFO - __main__ - --------------------------------------------------
11/13/2021 14:00:50 - INFO - __main__ - Evaluating to get errors .... Timecode: 58
11/13/2021 14:00:55 - INFO - __main__ - Before Error Fixing: {'EM': 0.4375, 'QA-F1': 0.49040356671643537}
11/13/2021 14:00:55 - INFO - __main__ - Found 36 errors.
11/13/2021 14:00:55 - INFO - __main__ - Start error-fixing .... Timecode: 58
11/13/2021 14:00:55 - INFO - __main__ - No debugging at all.
11/13/2021 14:00:55 - INFO - __main__ - Start error-fixing .... Done!
11/13/2021 14:00:58 - INFO - __main__ - EFR=0.0
11/13/2021 14:00:58 - INFO - __main__ - Overall: 0.3427899894067797 from scores=[0.31355932203389836, 0.0, 0.28515625, 0.802734375, 0.3125]
11/13/2021 14:00:58 - INFO - __main__ - --------------------------------------------------
11/13/2021 14:00:58 - INFO - __main__ - Evaluating to get errors .... Timecode: 59
11/13/2021 14:01:03 - INFO - __main__ - Before Error Fixing: {'EM': 0.40625, 'QA-F1': 0.47659155640506445}
11/13/2021 14:01:03 - INFO - __main__ - Found 38 errors.
11/13/2021 14:01:03 - INFO - __main__ - Start error-fixing .... Timecode: 59
11/13/2021 14:01:03 - INFO - __main__ - No debugging at all.
11/13/2021 14:01:03 - INFO - __main__ - Start error-fixing .... Done!
11/13/2021 14:01:07 - INFO - __main__ - EFR=0.0
11/13/2021 14:01:07 - INFO - __main__ - Overall: 0.3430989583333333 from scores=[0.31510416666666663, 0.0, 0.28515625, 0.802734375, 0.3125]
11/13/2021 14:01:07 - INFO - __main__ - --------------------------------------------------
11/13/2021 14:01:07 - INFO - __main__ - Start eval_knowledge_retention for UKR @ Timecode=60
11/13/2021 14:01:34 - INFO - __main__ - Upstream Knowledge Retation (UKR@60): 0.8027
11/13/2021 14:01:37 - INFO - __main__ - Start eval_knowledge_retention for OKR @ Timecode=60
11/13/2021 14:02:21 - INFO - __main__ - Online Knowledge Retation (OKR@60): 0.2891
11/13/2021 14:02:21 - INFO - __main__ - Start eval_knowledge_generalization for KG @ Timecode=60
11/13/2021 14:04:06 - INFO - __main__ - Future Knowledge Generalization (KG@60): 0.3125
11/13/2021 14:04:06 - INFO - __main__ - Evaluating to get errors .... Timecode: 60
11/13/2021 14:04:11 - INFO - __main__ - Before Error Fixing: {'EM': 0.421875, 'QA-F1': 0.4738715277777778}
11/13/2021 14:04:11 - INFO - __main__ - Found 37 errors.
11/13/2021 14:04:11 - INFO - __main__ - Start error-fixing .... Timecode: 60
11/13/2021 14:04:11 - INFO - __main__ - No debugging at all.
11/13/2021 14:04:11 - INFO - __main__ - Start error-fixing .... Done!
11/13/2021 14:04:14 - INFO - __main__ - EFR=0.0
11/13/2021 14:04:14 - INFO - __main__ - Overall: 0.34423027663934425 from scores=[0.31685450819672134, 0.0, 0.2890625, 0.802734375, 0.3125]
11/13/2021 14:04:14 - INFO - __main__ - --------------------------------------------------
11/13/2021 14:04:14 - INFO - __main__ - Evaluating to get errors .... Timecode: 61
11/13/2021 14:04:20 - INFO - __main__ - Before Error Fixing: {'EM': 0.296875, 'QA-F1': 0.3561116184163059}
11/13/2021 14:04:20 - INFO - __main__ - Found 45 errors.
11/13/2021 14:04:20 - INFO - __main__ - Start error-fixing .... Timecode: 61
11/13/2021 14:04:20 - INFO - __main__ - No debugging at all.
11/13/2021 14:04:20 - INFO - __main__ - Start error-fixing .... Done!
11/13/2021 14:04:24 - INFO - __main__ - EFR=0.0
11/13/2021 14:04:24 - INFO - __main__ - Overall: 0.3441658266129032 from scores=[0.3165322580645161, 0.0, 0.2890625, 0.802734375, 0.3125]
11/13/2021 14:04:24 - INFO - __main__ - --------------------------------------------------
11/13/2021 14:04:24 - INFO - __main__ - Evaluating to get errors .... Timecode: 62
11/13/2021 14:04:29 - INFO - __main__ - Before Error Fixing: {'EM': 0.359375, 'QA-F1': 0.4321107560917344}
11/13/2021 14:04:29 - INFO - __main__ - Found 41 errors.
11/13/2021 14:04:30 - INFO - __main__ - Start error-fixing .... Timecode: 62
11/13/2021 14:04:30 - INFO - __main__ - No debugging at all.
11/13/2021 14:04:30 - INFO - __main__ - Start error-fixing .... Done!
11/13/2021 14:04:33 - INFO - __main__ - EFR=0.0
11/13/2021 14:04:33 - INFO - __main__ - Overall: 0.34430183531746034 from scores=[0.3172123015873016, 0.0, 0.2890625, 0.802734375, 0.3125]
11/13/2021 14:04:33 - INFO - __main__ - --------------------------------------------------
11/13/2021 14:04:33 - INFO - __main__ - Evaluating to get errors .... Timecode: 63
11/13/2021 14:04:39 - INFO - __main__ - Before Error Fixing: {'EM': 0.125, 'QA-F1': 0.1795303617967019}
11/13/2021 14:04:39 - INFO - __main__ - Found 56 errors.
11/13/2021 14:04:39 - INFO - __main__ - Start error-fixing .... Timecode: 63
11/13/2021 14:04:39 - INFO - __main__ - No debugging at all.
11/13/2021 14:04:39 - INFO - __main__ - Start error-fixing .... Done!
11/13/2021 14:04:44 - INFO - __main__ - EFR=0.0
11/13/2021 14:04:44 - INFO - __main__ - Overall: 0.343701171875 from scores=[0.314208984375, 0.0, 0.2890625, 0.802734375, 0.3125]
11/13/2021 14:04:44 - INFO - __main__ - --------------------------------------------------
11/13/2021 14:04:44 - INFO - __main__ - Evaluating to get errors .... Timecode: 64
11/13/2021 14:04:49 - INFO - __main__ - Before Error Fixing: {'EM': 0.453125, 'QA-F1': 0.5367151027077498}
11/13/2021 14:04:49 - INFO - __main__ - Found 35 errors.
11/13/2021 14:04:49 - INFO - __main__ - Start error-fixing .... Timecode: 64
11/13/2021 14:04:49 - INFO - __main__ - No debugging at all.
11/13/2021 14:04:49 - INFO - __main__ - Start error-fixing .... Done!
11/13/2021 14:04:52 - INFO - __main__ - EFR=0.0
11/13/2021 14:04:52 - INFO - __main__ - Overall: 0.34412860576923077 from scores=[0.31634615384615383, 0.0, 0.2890625, 0.802734375, 0.3125]
11/13/2021 14:04:52 - INFO - __main__ - --------------------------------------------------
11/13/2021 14:04:52 - INFO - __main__ - Evaluating to get errors .... Timecode: 65
11/13/2021 14:04:57 - INFO - __main__ - Before Error Fixing: {'EM': 0.484375, 'QA-F1': 0.5259384562994477}
11/13/2021 14:04:57 - INFO - __main__ - Found 33 errors.
11/13/2021 14:04:57 - INFO - __main__ - Start error-fixing .... Timecode: 65
11/13/2021 14:04:57 - INFO - __main__ - No debugging at all.
11/13/2021 14:04:57 - INFO - __main__ - Start error-fixing .... Done!
11/13/2021 14:05:00 - INFO - __main__ - EFR=0.0
11/13/2021 14:05:00 - INFO - __main__ - Overall: 0.34463778409090906 from scores=[0.3188920454545454, 0.0, 0.2890625, 0.802734375, 0.3125]
11/13/2021 14:05:00 - INFO - __main__ - --------------------------------------------------
11/13/2021 14:05:00 - INFO - __main__ - Evaluating to get errors .... Timecode: 66
11/13/2021 14:05:05 - INFO - __main__ - Before Error Fixing: {'EM': 0.40625, 'QA-F1': 0.4898492680565049}
11/13/2021 14:05:05 - INFO - __main__ - Found 38 errors.
11/13/2021 14:05:05 - INFO - __main__ - Start error-fixing .... Timecode: 66
11/13/2021 14:05:05 - INFO - __main__ - No debugging at all.
11/13/2021 14:05:05 - INFO - __main__ - Start error-fixing .... Done!
11/13/2021 14:05:08 - INFO - __main__ - EFR=0.0
11/13/2021 14:05:08 - INFO - __main__ - Overall: 0.3448985541044776 from scores=[0.32019589552238803, 0.0, 0.2890625, 0.802734375, 0.3125]
11/13/2021 14:05:08 - INFO - __main__ - --------------------------------------------------
11/13/2021 14:05:08 - INFO - __main__ - Evaluating to get errors .... Timecode: 67
11/13/2021 14:05:14 - INFO - __main__ - Before Error Fixing: {'EM': 0.21875, 'QA-F1': 0.321437382518797}
11/13/2021 14:05:14 - INFO - __main__ - Found 50 errors.
11/13/2021 14:05:15 - INFO - __main__ - Start error-fixing .... Timecode: 67
11/13/2021 14:05:15 - INFO - __main__ - No debugging at all.
11/13/2021 14:05:15 - INFO - __main__ - Start error-fixing .... Done!
11/13/2021 14:05:20 - INFO - __main__ - EFR=0.0
11/13/2021 14:05:20 - INFO - __main__ - Overall: 0.3446001838235294 from scores=[0.3187040441176471, 0.0, 0.2890625, 0.802734375, 0.3125]
11/13/2021 14:05:20 - INFO - __main__ - --------------------------------------------------
11/13/2021 14:05:20 - INFO - __main__ - Evaluating to get errors .... Timecode: 68
11/13/2021 14:05:25 - INFO - __main__ - Before Error Fixing: {'EM': 0.359375, 'QA-F1': 0.42426464511263107}
11/13/2021 14:05:25 - INFO - __main__ - Found 41 errors.
11/13/2021 14:05:25 - INFO - __main__ - Start error-fixing .... Timecode: 68
11/13/2021 14:05:25 - INFO - __main__ - No debugging at all.
11/13/2021 14:05:25 - INFO - __main__ - Start error-fixing .... Done!
11/13/2021 14:05:28 - INFO - __main__ - EFR=0.0
11/13/2021 14:05:28 - INFO - __main__ - Overall: 0.3447180706521739 from scores=[0.3192934782608695, 0.0, 0.2890625, 0.802734375, 0.3125]
11/13/2021 14:05:28 - INFO - __main__ - --------------------------------------------------
11/13/2021 14:05:28 - INFO - __main__ - Evaluating to get errors .... Timecode: 69
11/13/2021 14:05:34 - INFO - __main__ - Before Error Fixing: {'EM': 0.34375, 'QA-F1': 0.3890750049559317}
11/13/2021 14:05:34 - INFO - __main__ - Found 42 errors.
11/13/2021 14:05:34 - INFO - __main__ - Start error-fixing .... Timecode: 69
11/13/2021 14:05:34 - INFO - __main__ - No debugging at all.
11/13/2021 14:05:34 - INFO - __main__ - Start error-fixing .... Done!
11/13/2021 14:05:38 - INFO - __main__ - EFR=0.0
11/13/2021 14:05:38 - INFO - __main__ - Overall: 0.3447879464285714 from scores=[0.3196428571428571, 0.0, 0.2890625, 0.802734375, 0.3125]
11/13/2021 14:05:38 - INFO - __main__ - --------------------------------------------------
11/13/2021 14:05:38 - INFO - __main__ - Start eval_knowledge_retention for UKR @ Timecode=70
11/13/2021 14:06:06 - INFO - __main__ - Upstream Knowledge Retation (UKR@70): 0.8027
11/13/2021 14:06:08 - INFO - __main__ - Start eval_knowledge_retention for OKR @ Timecode=70
11/13/2021 14:06:52 - INFO - __main__ - Online Knowledge Retation (OKR@70): 0.3477
11/13/2021 14:06:52 - INFO - __main__ - Start eval_knowledge_generalization for KG @ Timecode=70
11/13/2021 14:08:37 - INFO - __main__ - Future Knowledge Generalization (KG@70): 0.3125
11/13/2021 14:08:37 - INFO - __main__ - Evaluating to get errors .... Timecode: 70
11/13/2021 14:08:43 - INFO - __main__ - Before Error Fixing: {'EM': 0.0625, 'QA-F1': 0.12746596234647706}
11/13/2021 14:08:43 - INFO - __main__ - Found 60 errors.
11/13/2021 14:08:44 - INFO - __main__ - Start error-fixing .... Timecode: 70
11/13/2021 14:08:44 - INFO - __main__ - No debugging at all.
11/13/2021 14:08:44 - INFO - __main__ - Start error-fixing .... Done!
11/13/2021 14:08:49 - INFO - __main__ - EFR=0.0
11/13/2021 14:08:49 - INFO - __main__ - Overall: 0.3557823503521127 from scores=[0.3160211267605634, 0.0, 0.34765625, 0.802734375, 0.3125]
11/13/2021 14:08:49 - INFO - __main__ - --------------------------------------------------
11/13/2021 14:08:49 - INFO - __main__ - Evaluating to get errors .... Timecode: 71
11/13/2021 14:08:55 - INFO - __main__ - Before Error Fixing: {'EM': 0.375, 'QA-F1': 0.44220566759629265}
11/13/2021 14:08:55 - INFO - __main__ - Found 40 errors.
11/13/2021 14:08:55 - INFO - __main__ - Start error-fixing .... Timecode: 71
11/13/2021 14:08:55 - INFO - __main__ - No debugging at all.
11/13/2021 14:08:55 - INFO - __main__ - Start error-fixing .... Done!
11/13/2021 14:08:59 - INFO - __main__ - EFR=0.0
11/13/2021 14:08:59 - INFO - __main__ - Overall: 0.35594618055555555 from scores=[0.3168402777777778, 0.0, 0.34765625, 0.802734375, 0.3125]
11/13/2021 14:08:59 - INFO - __main__ - --------------------------------------------------
11/13/2021 14:08:59 - INFO - __main__ - Evaluating to get errors .... Timecode: 72
11/13/2021 14:09:04 - INFO - __main__ - Before Error Fixing: {'EM': 0.40625, 'QA-F1': 0.4629082722832723}
11/13/2021 14:09:04 - INFO - __main__ - Found 38 errors.
11/13/2021 14:09:05 - INFO - __main__ - Start error-fixing .... Timecode: 72
11/13/2021 14:09:05 - INFO - __main__ - No debugging at all.
11/13/2021 14:09:05 - INFO - __main__ - Start error-fixing .... Done!
11/13/2021 14:09:08 - INFO - __main__ - EFR=0.0
11/13/2021 14:09:08 - INFO - __main__ - Overall: 0.3561911386986301 from scores=[0.31806506849315064, 0.0, 0.34765625, 0.802734375, 0.3125]
11/13/2021 14:09:08 - INFO - __main__ - --------------------------------------------------
11/13/2021 14:09:08 - INFO - __main__ - Evaluating to get errors .... Timecode: 73
11/13/2021 14:09:13 - INFO - __main__ - Before Error Fixing: {'EM': 0.453125, 'QA-F1': 0.5041666666666667}
11/13/2021 14:09:13 - INFO - __main__ - Found 35 errors.
11/13/2021 14:09:13 - INFO - __main__ - Start error-fixing .... Timecode: 73
11/13/2021 14:09:13 - INFO - __main__ - No debugging at all.
11/13/2021 14:09:13 - INFO - __main__ - Start error-fixing .... Done!
11/13/2021 14:09:16 - INFO - __main__ - EFR=0.0
11/13/2021 14:09:16 - INFO - __main__ - Overall: 0.35655616554054054 from scores=[0.31989020270270274, 0.0, 0.34765625, 0.802734375, 0.3125]
11/13/2021 14:09:16 - INFO - __main__ - --------------------------------------------------
11/13/2021 14:09:16 - INFO - __main__ - Evaluating to get errors .... Timecode: 74
11/13/2021 14:09:21 - INFO - __main__ - Before Error Fixing: {'EM': 0.46875, 'QA-F1': 0.5181276462937647}
11/13/2021 14:09:21 - INFO - __main__ - Found 34 errors.
11/13/2021 14:09:21 - INFO - __main__ - Start error-fixing .... Timecode: 74
11/13/2021 14:09:21 - INFO - __main__ - No debugging at all.
11/13/2021 14:09:21 - INFO - __main__ - Start error-fixing .... Done!
11/13/2021 14:09:24 - INFO - __main__ - EFR=0.0
11/13/2021 14:09:24 - INFO - __main__ - Overall: 0.356953125 from scores=[0.321875, 0.0, 0.34765625, 0.802734375, 0.3125]
11/13/2021 14:09:24 - INFO - __main__ - --------------------------------------------------
11/13/2021 14:09:24 - INFO - __main__ - Evaluating to get errors .... Timecode: 75
11/13/2021 14:09:29 - INFO - __main__ - Before Error Fixing: {'EM': 0.5, 'QA-F1': 0.5698350694444445}
11/13/2021 14:09:29 - INFO - __main__ - Found 32 errors.
11/13/2021 14:09:29 - INFO - __main__ - Start error-fixing .... Timecode: 75
11/13/2021 14:09:29 - INFO - __main__ - No debugging at all.
11/13/2021 14:09:29 - INFO - __main__ - Start error-fixing .... Done!
11/13/2021 14:09:31 - INFO - __main__ - EFR=0.0
11/13/2021 14:09:31 - INFO - __main__ - Overall: 0.357421875 from scores=[0.32421875, 0.0, 0.34765625, 0.802734375, 0.3125]
11/13/2021 14:09:31 - INFO - __main__ - --------------------------------------------------
11/13/2021 14:09:31 - INFO - __main__ - Evaluating to get errors .... Timecode: 76
11/13/2021 14:09:36 - INFO - __main__ - Before Error Fixing: {'EM': 0.4375, 'QA-F1': 0.47206959706959706}
11/13/2021 14:09:36 - INFO - __main__ - Found 36 errors.
11/13/2021 14:09:37 - INFO - __main__ - Start error-fixing .... Timecode: 76
11/13/2021 14:09:37 - INFO - __main__ - No debugging at all.
11/13/2021 14:09:37 - INFO - __main__ - Start error-fixing .... Done!
11/13/2021 14:09:40 - INFO - __main__ - EFR=0.0
11/13/2021 14:09:40 - INFO - __main__ - Overall: 0.357716112012987 from scores=[0.32568993506493504, 0.0, 0.34765625, 0.802734375, 0.3125]
11/13/2021 14:09:40 - INFO - __main__ - --------------------------------------------------
11/13/2021 14:09:40 - INFO - __main__ - Evaluating to get errors .... Timecode: 77
11/13/2021 14:09:44 - INFO - __main__ - Before Error Fixing: {'EM': 0.546875, 'QA-F1': 0.5753116548343475}
11/13/2021 14:09:44 - INFO - __main__ - Found 29 errors.
11/13/2021 14:09:44 - INFO - __main__ - Start error-fixing .... Timecode: 77
11/13/2021 14:09:44 - INFO - __main__ - No debugging at all.
11/13/2021 14:09:44 - INFO - __main__ - Start error-fixing .... Done!
11/13/2021 14:09:47 - INFO - __main__ - EFR=0.0
11/13/2021 14:09:47 - INFO - __main__ - Overall: 0.3582832532051282 from scores=[0.3285256410256411, 0.0, 0.34765625, 0.802734375, 0.3125]
11/13/2021 14:09:47 - INFO - __main__ - --------------------------------------------------
11/13/2021 14:09:47 - INFO - __main__ - Evaluating to get errors .... Timecode: 78
11/13/2021 14:09:53 - INFO - __main__ - Before Error Fixing: {'EM': 0.4375, 'QA-F1': 0.4999559822895111}
11/13/2021 14:09:53 - INFO - __main__ - Found 36 errors.
11/13/2021 14:09:53 - INFO - __main__ - Start error-fixing .... Timecode: 78
11/13/2021 14:09:53 - INFO - __main__ - No debugging at all.
11/13/2021 14:09:53 - INFO - __main__ - Start error-fixing .... Done!
11/13/2021 14:09:57 - INFO - __main__ - EFR=0.0
11/13/2021 14:09:57 - INFO - __main__ - Overall: 0.35855913765822783 from scores=[0.3299050632911392, 0.0, 0.34765625, 0.802734375, 0.3125]
11/13/2021 14:09:57 - INFO - __main__ - --------------------------------------------------
11/13/2021 14:09:57 - INFO - __main__ - Evaluating to get errors .... Timecode: 79
11/13/2021 14:10:03 - INFO - __main__ - Before Error Fixing: {'EM': 0.25, 'QA-F1': 0.3698034018684807}
11/13/2021 14:10:03 - INFO - __main__ - Found 48 errors.
11/13/2021 14:10:03 - INFO - __main__ - Start error-fixing .... Timecode: 79
11/13/2021 14:10:03 - INFO - __main__ - No debugging at all.
11/13/2021 14:10:03 - INFO - __main__ - Start error-fixing .... Done!
11/13/2021 14:10:08 - INFO - __main__ - EFR=0.0
11/13/2021 14:10:08 - INFO - __main__ - Overall: 0.358359375 from scores=[0.32890624999999996, 0.0, 0.34765625, 0.802734375, 0.3125]
11/13/2021 14:10:08 - INFO - __main__ - --------------------------------------------------
11/13/2021 14:10:08 - INFO - __main__ - Start eval_knowledge_retention for UKR @ Timecode=80
11/13/2021 14:10:36 - INFO - __main__ - Upstream Knowledge Retation (UKR@80): 0.8027
11/13/2021 14:10:38 - INFO - __main__ - Start eval_knowledge_retention for OKR @ Timecode=80
11/13/2021 14:11:23 - INFO - __main__ - Online Knowledge Retation (OKR@80): 0.3418
11/13/2021 14:11:23 - INFO - __main__ - Start eval_knowledge_generalization for KG @ Timecode=80
11/13/2021 14:13:07 - INFO - __main__ - Future Knowledge Generalization (KG@80): 0.3125
11/13/2021 14:13:07 - INFO - __main__ - Evaluating to get errors .... Timecode: 80
11/13/2021 14:13:13 - INFO - __main__ - Before Error Fixing: {'EM': 0.328125, 'QA-F1': 0.4077627159520121}
11/13/2021 14:13:13 - INFO - __main__ - Found 43 errors.
11/13/2021 14:13:13 - INFO - __main__ - Start error-fixing .... Timecode: 80
11/13/2021 14:13:13 - INFO - __main__ - No debugging at all.
11/13/2021 14:13:13 - INFO - __main__ - Start error-fixing .... Done!
11/13/2021 14:13:17 - INFO - __main__ - EFR=0.0
11/13/2021 14:13:17 - INFO - __main__ - Overall: 0.3571855709876543 from scores=[0.32889660493827155, 0.0, 0.341796875, 0.802734375, 0.3125]
11/13/2021 14:13:17 - INFO - __main__ - --------------------------------------------------
11/13/2021 14:13:17 - INFO - __main__ - Evaluating to get errors .... Timecode: 81
11/13/2021 14:13:23 - INFO - __main__ - Before Error Fixing: {'EM': 0.234375, 'QA-F1': 0.32398557687280516}
11/13/2021 14:13:23 - INFO - __main__ - Found 49 errors.
11/13/2021 14:13:23 - INFO - __main__ - Start error-fixing .... Timecode: 81
11/13/2021 14:13:23 - INFO - __main__ - No debugging at all.
11/13/2021 14:13:23 - INFO - __main__ - Start error-fixing .... Done!
11/13/2021 14:13:28 - INFO - __main__ - EFR=0.0
11/13/2021 14:13:28 - INFO - __main__ - Overall: 0.35695503048780486 from scores=[0.3277439024390244, 0.0, 0.341796875, 0.802734375, 0.3125]
11/13/2021 14:13:28 - INFO - __main__ - --------------------------------------------------
11/13/2021 14:13:28 - INFO - __main__ - Evaluating to get errors .... Timecode: 82
11/13/2021 14:13:34 - INFO - __main__ - Before Error Fixing: {'EM': 0.046875, 'QA-F1': 0.08312793976856477}
11/13/2021 14:13:34 - INFO - __main__ - Found 61 errors.
11/13/2021 14:13:35 - INFO - __main__ - Start error-fixing .... Timecode: 82
11/13/2021 14:13:35 - INFO - __main__ - No debugging at all.
11/13/2021 14:13:35 - INFO - __main__ - Start error-fixing .... Done!
11/13/2021 14:13:41 - INFO - __main__ - EFR=0.0
11/13/2021 14:13:41 - INFO - __main__ - Overall: 0.35627823795180724 from scores=[0.3243599397590361, 0.0, 0.341796875, 0.802734375, 0.3125]
11/13/2021 14:13:41 - INFO - __main__ - --------------------------------------------------
11/13/2021 14:13:41 - INFO - __main__ - Evaluating to get errors .... Timecode: 83
11/13/2021 14:13:47 - INFO - __main__ - Before Error Fixing: {'EM': 0.453125, 'QA-F1': 0.4942672078696232}
11/13/2021 14:13:47 - INFO - __main__ - Found 35 errors.
11/13/2021 14:13:47 - INFO - __main__ - Start error-fixing .... Timecode: 83
11/13/2021 14:13:47 - INFO - __main__ - No debugging at all.
11/13/2021 14:13:47 - INFO - __main__ - Start error-fixing .... Done!
11/13/2021 14:13:50 - INFO - __main__ - EFR=0.0
11/13/2021 14:13:50 - INFO - __main__ - Overall: 0.35658482142857145 from scores=[0.3258928571428571, 0.0, 0.341796875, 0.802734375, 0.3125]
11/13/2021 14:13:50 - INFO - __main__ - --------------------------------------------------
11/13/2021 14:13:50 - INFO - __main__ - Evaluating to get errors .... Timecode: 84
11/13/2021 14:13:55 - INFO - __main__ - Before Error Fixing: {'EM': 0.390625, 'QA-F1': 0.4802441915723166}
11/13/2021 14:13:55 - INFO - __main__ - Found 39 errors.
11/13/2021 14:13:55 - INFO - __main__ - Start error-fixing .... Timecode: 84
11/13/2021 14:13:55 - INFO - __main__ - No debugging at all.
11/13/2021 14:13:55 - INFO - __main__ - Start error-fixing .... Done!
11/13/2021 14:13:58 - INFO - __main__ - EFR=0.0
11/13/2021 14:13:58 - INFO - __main__ - Overall: 0.3567371323529412 from scores=[0.3266544117647059, 0.0, 0.341796875, 0.802734375, 0.3125]
11/13/2021 14:13:58 - INFO - __main__ - --------------------------------------------------
11/13/2021 14:13:58 - INFO - __main__ - Evaluating to get errors .... Timecode: 85
11/13/2021 14:14:03 - INFO - __main__ - Before Error Fixing: {'EM': 0.328125, 'QA-F1': 0.3844818376068376}
11/13/2021 14:14:03 - INFO - __main__ - Found 43 errors.
11/13/2021 14:14:03 - INFO - __main__ - Start error-fixing .... Timecode: 85
11/13/2021 14:14:03 - INFO - __main__ - No debugging at all.
11/13/2021 14:14:03 - INFO - __main__ - Start error-fixing .... Done!
11/13/2021 14:14:07 - INFO - __main__ - EFR=0.0
11/13/2021 14:14:07 - INFO - __main__ - Overall: 0.3567405523255814 from scores=[0.326671511627907, 0.0, 0.341796875, 0.802734375, 0.3125]
11/13/2021 14:14:07 - INFO - __main__ - --------------------------------------------------
11/13/2021 14:14:07 - INFO - __main__ - Evaluating to get errors .... Timecode: 86
11/13/2021 14:14:13 - INFO - __main__ - Before Error Fixing: {'EM': 0.109375, 'QA-F1': 0.1468138148202865}
11/13/2021 14:14:13 - INFO - __main__ - Found 57 errors.
11/13/2021 14:14:14 - INFO - __main__ - Start error-fixing .... Timecode: 86
11/13/2021 14:14:14 - INFO - __main__ - No debugging at all.
11/13/2021 14:14:14 - INFO - __main__ - Start error-fixing .... Done!
11/13/2021 14:14:19 - INFO - __main__ - EFR=0.0
11/13/2021 14:14:19 - INFO - __main__ - Overall: 0.3562410201149425 from scores=[0.3241738505747126, 0.0, 0.341796875, 0.802734375, 0.3125]
11/13/2021 14:14:19 - INFO - __main__ - --------------------------------------------------
11/13/2021 14:14:19 - INFO - __main__ - Evaluating to get errors .... Timecode: 87
11/13/2021 14:14:24 - INFO - __main__ - Before Error Fixing: {'EM': 0.375, 'QA-F1': 0.4134670441142964}
11/13/2021 14:14:24 - INFO - __main__ - Found 40 errors.
11/13/2021 14:14:25 - INFO - __main__ - Start error-fixing .... Timecode: 87
11/13/2021 14:14:25 - INFO - __main__ - No debugging at all.
11/13/2021 14:14:25 - INFO - __main__ - Start error-fixing .... Done!
11/13/2021 14:14:28 - INFO - __main__ - EFR=0.0
11/13/2021 14:14:28 - INFO - __main__ - Overall: 0.35635653409090906 from scores=[0.3247514204545454, 0.0, 0.341796875, 0.802734375, 0.3125]
11/13/2021 14:14:28 - INFO - __main__ - --------------------------------------------------
11/13/2021 14:14:28 - INFO - __main__ - Evaluating to get errors .... Timecode: 88
11/13/2021 14:14:33 - INFO - __main__ - Before Error Fixing: {'EM': 0.328125, 'QA-F1': 0.39413179161820466}
11/13/2021 14:14:33 - INFO - __main__ - Found 43 errors.
11/13/2021 14:14:33 - INFO - __main__ - Start error-fixing .... Timecode: 88
11/13/2021 14:14:33 - INFO - __main__ - No debugging at all.
11/13/2021 14:14:33 - INFO - __main__ - Start error-fixing .... Done!
11/13/2021 14:14:37 - INFO - __main__ - EFR=0.0
11/13/2021 14:14:37 - INFO - __main__ - Overall: 0.35636411516853933 from scores=[0.3247893258426966, 0.0, 0.341796875, 0.802734375, 0.3125]
11/13/2021 14:14:37 - INFO - __main__ - --------------------------------------------------
11/13/2021 14:14:37 - INFO - __main__ - Evaluating to get errors .... Timecode: 89
11/13/2021 14:14:42 - INFO - __main__ - Before Error Fixing: {'EM': 0.296875, 'QA-F1': 0.38456007182230006}
11/13/2021 14:14:42 - INFO - __main__ - Found 45 errors.
11/13/2021 14:14:42 - INFO - __main__ - Start error-fixing .... Timecode: 89
11/13/2021 14:14:42 - INFO - __main__ - No debugging at all.
11/13/2021 14:14:42 - INFO - __main__ - Start error-fixing .... Done!
11/13/2021 14:14:47 - INFO - __main__ - EFR=0.0
11/13/2021 14:14:47 - INFO - __main__ - Overall: 0.35630208333333335 from scores=[0.32447916666666665, 0.0, 0.341796875, 0.802734375, 0.3125]
11/13/2021 14:14:47 - INFO - __main__ - --------------------------------------------------
11/13/2021 14:14:47 - INFO - __main__ - Start eval_knowledge_retention for UKR @ Timecode=90
11/13/2021 14:15:13 - INFO - __main__ - Upstream Knowledge Retation (UKR@90): 0.8027
11/13/2021 14:15:15 - INFO - __main__ - Start eval_knowledge_retention for OKR @ Timecode=90
11/13/2021 14:16:00 - INFO - __main__ - Online Knowledge Retation (OKR@90): 0.3340
11/13/2021 14:16:00 - INFO - __main__ - Start eval_knowledge_generalization for KG @ Timecode=90
11/13/2021 14:17:43 - INFO - __main__ - Future Knowledge Generalization (KG@90): 0.3125
11/13/2021 14:17:43 - INFO - __main__ - Evaluating to get errors .... Timecode: 90
11/13/2021 14:17:50 - INFO - __main__ - Before Error Fixing: {'EM': 0.21875, 'QA-F1': 0.34215564398999876}
11/13/2021 14:17:50 - INFO - __main__ - Found 50 errors.
11/13/2021 14:17:50 - INFO - __main__ - Start error-fixing .... Timecode: 90
11/13/2021 14:17:50 - INFO - __main__ - No debugging at all.
11/13/2021 14:17:50 - INFO - __main__ - Start error-fixing .... Done!
11/13/2021 14:17:55 - INFO - __main__ - EFR=0.0
11/13/2021 14:17:55 - INFO - __main__ - Overall: 0.35450721153846154 from scores=[0.3233173076923077, 0.0, 0.333984375, 0.802734375, 0.3125]
11/13/2021 14:17:55 - INFO - __main__ - --------------------------------------------------
11/13/2021 14:17:55 - INFO - __main__ - Evaluating to get errors .... Timecode: 91
11/13/2021 14:18:00 - INFO - __main__ - Before Error Fixing: {'EM': 0.34375, 'QA-F1': 0.42258003835027924}
11/13/2021 14:18:00 - INFO - __main__ - Found 42 errors.
11/13/2021 14:18:01 - INFO - __main__ - Start error-fixing .... Timecode: 91
11/13/2021 14:18:01 - INFO - __main__ - No debugging at all.
11/13/2021 14:18:01 - INFO - __main__ - Start error-fixing .... Done!
11/13/2021 14:18:05 - INFO - __main__ - EFR=0.0
11/13/2021 14:18:05 - INFO - __main__ - Overall: 0.3545516304347826 from scores=[0.3235394021739131, 0.0, 0.333984375, 0.802734375, 0.3125]
11/13/2021 14:18:05 - INFO - __main__ - --------------------------------------------------
11/13/2021 14:18:05 - INFO - __main__ - Evaluating to get errors .... Timecode: 92
11/13/2021 14:18:10 - INFO - __main__ - Before Error Fixing: {'EM': 0.09375, 'QA-F1': 0.14439326095551908}
11/13/2021 14:18:10 - INFO - __main__ - Found 58 errors.
11/13/2021 14:18:11 - INFO - __main__ - Start error-fixing .... Timecode: 92
11/13/2021 14:18:11 - INFO - __main__ - No debugging at all.
11/13/2021 14:18:11 - INFO - __main__ - Start error-fixing .... Done!
11/13/2021 14:18:17 - INFO - __main__ - EFR=0.0
11/13/2021 14:18:17 - INFO - __main__ - Overall: 0.35405745967741936 from scores=[0.32106854838709675, 0.0, 0.333984375, 0.802734375, 0.3125]
11/13/2021 14:18:17 - INFO - __main__ - --------------------------------------------------
11/13/2021 14:18:17 - INFO - __main__ - Evaluating to get errors .... Timecode: 93
11/13/2021 14:18:23 - INFO - __main__ - Before Error Fixing: {'EM': 0.34375, 'QA-F1': 0.4436147348051919}
11/13/2021 14:18:23 - INFO - __main__ - Found 42 errors.
11/13/2021 14:18:23 - INFO - __main__ - Start error-fixing .... Timecode: 93
11/13/2021 14:18:23 - INFO - __main__ - No debugging at all.
11/13/2021 14:18:23 - INFO - __main__ - Start error-fixing .... Done!
11/13/2021 14:18:27 - INFO - __main__ - EFR=0.0
11/13/2021 14:18:27 - INFO - __main__ - Overall: 0.3541057180851064 from scores=[0.3213098404255319, 0.0, 0.333984375, 0.802734375, 0.3125]
11/13/2021 14:18:27 - INFO - __main__ - --------------------------------------------------
11/13/2021 14:18:27 - INFO - __main__ - Evaluating to get errors .... Timecode: 94
11/13/2021 14:18:34 - INFO - __main__ - Before Error Fixing: {'EM': 0.296875, 'QA-F1': 0.39257532816090285}
11/13/2021 14:18:34 - INFO - __main__ - Found 45 errors.
11/13/2021 14:18:34 - INFO - __main__ - Start error-fixing .... Timecode: 94
11/13/2021 14:18:34 - INFO - __main__ - No debugging at all.
11/13/2021 14:18:34 - INFO - __main__ - Start error-fixing .... Done!
11/13/2021 14:18:39 - INFO - __main__ - EFR=0.0
11/13/2021 14:18:39 - INFO - __main__ - Overall: 0.35405427631578945 from scores=[0.32105263157894737, 0.0, 0.333984375, 0.802734375, 0.3125]
11/13/2021 14:18:39 - INFO - __main__ - --------------------------------------------------
11/13/2021 14:18:39 - INFO - __main__ - Evaluating to get errors .... Timecode: 95
11/13/2021 14:18:44 - INFO - __main__ - Before Error Fixing: {'EM': 0.140625, 'QA-F1': 0.18439961080586081}
11/13/2021 14:18:44 - INFO - __main__ - Found 55 errors.
11/13/2021 14:18:45 - INFO - __main__ - Start error-fixing .... Timecode: 95
11/13/2021 14:18:45 - INFO - __main__ - No debugging at all.
11/13/2021 14:18:45 - INFO - __main__ - Start error-fixing .... Done!
11/13/2021 14:18:50 - INFO - __main__ - EFR=0.0
11/13/2021 14:18:50 - INFO - __main__ - Overall: 0.3536783854166667 from scores=[0.31917317708333337, 0.0, 0.333984375, 0.802734375, 0.3125]
11/13/2021 14:18:50 - INFO - __main__ - --------------------------------------------------
11/13/2021 14:18:50 - INFO - __main__ - Evaluating to get errors .... Timecode: 96
11/13/2021 14:18:55 - INFO - __main__ - Before Error Fixing: {'EM': 0.390625, 'QA-F1': 0.46534143000199035}
11/13/2021 14:18:55 - INFO - __main__ - Found 39 errors.
11/13/2021 14:18:55 - INFO - __main__ - Start error-fixing .... Timecode: 96
11/13/2021 14:18:55 - INFO - __main__ - No debugging at all.
11/13/2021 14:18:55 - INFO - __main__ - Start error-fixing .... Done!
11/13/2021 14:18:59 - INFO - __main__ - EFR=0.0
11/13/2021 14:18:59 - INFO - __main__ - Overall: 0.35382570876288655 from scores=[0.31990979381443296, 0.0, 0.333984375, 0.802734375, 0.3125]
11/13/2021 14:18:59 - INFO - __main__ - --------------------------------------------------
11/13/2021 14:18:59 - INFO - __main__ - Evaluating to get errors .... Timecode: 97
11/13/2021 14:19:04 - INFO - __main__ - Before Error Fixing: {'EM': 0.09375, 'QA-F1': 0.1446193412565695}
11/13/2021 14:19:04 - INFO - __main__ - Found 58 errors.
11/13/2021 14:19:05 - INFO - __main__ - Start error-fixing .... Timecode: 97
11/13/2021 14:19:05 - INFO - __main__ - No debugging at all.
11/13/2021 14:19:05 - INFO - __main__ - Start error-fixing .... Done!
11/13/2021 14:19:10 - INFO - __main__ - EFR=0.0
11/13/2021 14:19:10 - INFO - __main__ - Overall: 0.3533641581632653 from scores=[0.3176020408163265, 0.0, 0.333984375, 0.802734375, 0.3125]
11/13/2021 14:19:10 - INFO - __main__ - --------------------------------------------------
11/13/2021 14:19:10 - INFO - __main__ - Evaluating to get errors .... Timecode: 98
11/13/2021 14:19:16 - INFO - __main__ - Before Error Fixing: {'EM': 0.34375, 'QA-F1': 0.45854645762734}
11/13/2021 14:19:16 - INFO - __main__ - Found 42 errors.
11/13/2021 14:19:16 - INFO - __main__ - Start error-fixing .... Timecode: 98
11/13/2021 14:19:16 - INFO - __main__ - No debugging at all.
11/13/2021 14:19:16 - INFO - __main__ - Start error-fixing .... Done!
11/13/2021 14:19:20 - INFO - __main__ - EFR=0.0
11/13/2021 14:19:20 - INFO - __main__ - Overall: 0.3534169823232324 from scores=[0.31786616161616166, 0.0, 0.333984375, 0.802734375, 0.3125]
11/13/2021 14:19:20 - INFO - __main__ - --------------------------------------------------
11/13/2021 14:19:20 - INFO - __main__ - Start eval_knowledge_retention for UKR @ Timecode=99
11/13/2021 14:19:47 - INFO - __main__ - Upstream Knowledge Retation (UKR@99): 0.8027
11/13/2021 14:19:49 - INFO - __main__ - Start eval_knowledge_retention for OKR @ Timecode=99
11/13/2021 14:20:34 - INFO - __main__ - Online Knowledge Retation (OKR@99): 0.3496
11/13/2021 14:20:34 - INFO - __main__ - Start eval_knowledge_generalization for KG @ Timecode=99
11/13/2021 14:22:17 - INFO - __main__ - Future Knowledge Generalization (KG@99): 0.3125
11/13/2021 14:22:17 - INFO - __main__ - Evaluating to get errors .... Timecode: 99
11/13/2021 14:22:23 - INFO - __main__ - Before Error Fixing: {'EM': 0.296875, 'QA-F1': 0.3770929704564843}
11/13/2021 14:22:23 - INFO - __main__ - Found 45 errors.
11/13/2021 14:22:23 - INFO - __main__ - Start error-fixing .... Timecode: 99
11/13/2021 14:22:23 - INFO - __main__ - No debugging at all.
11/13/2021 14:22:23 - INFO - __main__ - Start error-fixing .... Done!
11/13/2021 14:22:27 - INFO - __main__ - EFR=0.0
11/13/2021 14:22:27 - INFO - __main__ - Overall: 0.3565 from scores=[0.31765625, 0.0, 0.349609375, 0.802734375, 0.3125]
11/13/2021 14:22:27 - INFO - __main__ - --------------------------------------------------
11/13/2021 14:22:27 - INFO - __main__ - Start the final evaluation.
11/13/2021 14:22:27 - INFO - __main__ - Nothing here.
11/13/2021 14:22:30 - INFO - __main__ - Model saved to experiments/ckpt_dirs/qa/nonecl/qa_nonecl_T=100,b=64,alpha=0.1,beta=0.5,gamma=0.8_offline=no/model_ckpt_100.pt.
11/13/2021 14:22:30 - INFO - __main__ - Updated result feule: experiments/results/qa/qa_nonecl_T=100,b=64,alpha=0.1,beta=0.5,gamma=0.8_offline=no_result.json at Timecode: 100.
11/13/2021 14:22:30 - INFO - __main__ - Finished. Results saved to experiments/results/qa/qa_nonecl_T=100,b=64,alpha=0.1,beta=0.5,gamma=0.8_offline=no_result.json

