
11/10/2021 14:12:30 - INFO - __main__ - Namespace(adam_epsilon=1e-08, adapter_dim=32, append_another_bos=1, base_model_path='out/mrqa_squad_bart-base_1029_upstream_model//best-model.pt', base_model_type='facebook/bart-base', ckpt_dir='experiments/ckpt_dirs/qa/owc/qa_oewc_lr=3e-5_ep=10_lbd=1_gm=1_T=100,b=64,alpha=0.9,beta=0.5,gamma=0.8', cl_method_name='online_ewc', current_thread_id=None, diff_loss_weight=0, do_lowercase=False, ewc_gamma=1.0, ewc_lambda=1.0, example_encoder_name='roberta-base', freeze_embeds=False, gradient_accumulation_steps=1, heldout_submission_data='experiments/eval_data/qa/heldout_eval.jsonl', index_rank_method='most_similar', indexing_args_path='exp_results/supervision_data/1012_dm_simple.train_args.json', indexing_method='bart_index', inference_query_size=1, init_memory_cache_path='bug_data/memory_key_cache.pkl', kg_eval_freq=10, kg_eval_mode='metric', kr_eval_freq=10, kr_eval_mode='metric', learning_rate=3e-05, local_adapt_lr=1e-05, max_grad_norm=0.1, max_input_length=888, max_output_length=50, max_timecode=100, memory_key_encoder='facebook/bart-base', memory_path='', memory_store_rate=1.0, mir_abalation_args='none', num_adapt_epochs=1, num_beams=3, num_threads_eval=0, num_train_epochs=10.0, okr_sample_seed=1337, okr_sample_size=512, path_to_thread_result=None, predict_batch_size=48, prefix='qa_oewc_lr=3e-5_ep=10_lbd=1_gm=1_T=100,b=64,alpha=0.9,beta=0.5,gamma=0.8', replay_candidate_size=8, replay_frequency=1, replay_size=8, result_file='experiments/results/qa/qa_oewc_lr=3e-5_ep=10_lbd=1_gm=1_T=100,b=64,alpha=0.9,beta=0.5,gamma=0.8_result.json', save_ckpt_freq=10, seed=42, skip_instant_eval=False, submission_stream_data='experiments/eval_data/qa/submission_stream.T=100,b=64,alpha=0.9,beta=0.5,gamma=0.8.json', task_emb_dim=768, task_name='mrqa', train_batch_size=8, upstream_data_path='data/mrqa_squad/mrqa_squad_train.jsonl', upstream_eval_data='experiments/eval_data/qa/upstream_eval.jsonl', upstream_sample_ratio=-1, use_mir=False, use_replay_mix=False, use_wandb=True, weight_decay=0.01)
11/10/2021 14:12:31 - INFO - transformers.tokenization_utils - loading file https://s3.amazonaws.com/models.huggingface.co/bert/roberta-large-vocab.json from cache at /private/home/yuchenlin/.cache/torch/transformers/1ae1f5b6e2b22b25ccc04c000bb79ca847aa226d0761536b011cf7e5868f0655.ef00af9e673c7160b4d41cfda1f48c5f4cba57d5142754525572a846a1ab1b9b
11/10/2021 14:12:31 - INFO - transformers.tokenization_utils - loading file https://s3.amazonaws.com/models.huggingface.co/bert/roberta-large-merges.txt from cache at /private/home/yuchenlin/.cache/torch/transformers/f8f83199a6270d582d6245dc100e99c4155de81c9745c6248077018fe01abcfb.70bec105b4158ed9a1747fea67a43f5dee97855c64d62b6ec3742f4cfdb5feda
11/10/2021 14:12:50 - INFO - __main__ - load_data: len(upstream_eval_examples)=512
11/10/2021 14:12:51 - INFO - __main__ - load_data: len(heldout_eval_examples)=1280
11/10/2021 14:12:54 - INFO - __main__ - Loading checkpoint from out/mrqa_squad_bart-base_1029_upstream_model//best-model.pt for facebook/bart-base .....
11/10/2021 14:12:55 - INFO - transformers.configuration_utils - loading configuration file https://s3.amazonaws.com/models.huggingface.co/bert/facebook/bart-base/config.json from cache at /private/home/yuchenlin/.cache/torch/transformers/09f4fcaeaf785dd3b97b085d6e3510c7081f586ec8e75981683c6299c0f81d9d.e8d516ad807436d395effad8c2326786872659b7dd1210827ac67c761198a0eb
11/10/2021 14:12:55 - INFO - transformers.configuration_utils - Model config BartConfig {
  "activation_dropout": 0.1,
  "activation_function": "gelu",
  "add_bias_logits": false,
  "add_final_layer_norm": false,
  "architectures": [
    "BartModel",
    "BartForConditionalGeneration",
    "BartForSequenceClassification"
  ],
  "attention_dropout": 0.1,
  "bos_token_id": 0,
  "classif_dropout": 0.0,
  "d_model": 768,
  "decoder_attention_heads": 12,
  "decoder_ffn_dim": 3072,
  "decoder_layerdrop": 0.0,
  "decoder_layers": 6,
  "decoder_start_token_id": 2,
  "dropout": 0.1,
  "early_stopping": true,
  "encoder_attention_heads": 12,
  "encoder_ffn_dim": 3072,
  "encoder_layerdrop": 0.0,
  "encoder_layers": 6,
  "eos_token_id": 2,
  "id2label": {
    "0": "LABEL_0",
    "1": "LABEL_1",
    "2": "LABEL_2"
  },
  "init_std": 0.02,
  "is_encoder_decoder": true,
  "label2id": {
    "LABEL_0": 0,
    "LABEL_1": 1,
    "LABEL_2": 2
  },
  "max_position_embeddings": 1024,
  "model_type": "bart",
  "no_repeat_ngram_size": 3,
  "normalize_before": false,
  "normalize_embedding": true,
  "num_beams": 4,
  "num_hidden_layers": 6,
  "pad_token_id": 1,
  "scale_embedding": false,
  "static_position_embeddings": false,
  "task_specific_params": {
    "summarization": {
      "length_penalty": 1.0,
      "max_length": 128,
      "min_length": 12,
      "num_beams": 4
    },
    "summarization_cnn": {
      "length_penalty": 2.0,
      "max_length": 142,
      "min_length": 56,
      "num_beams": 4
    },
    "summarization_xsum": {
      "length_penalty": 1.0,
      "max_length": 62,
      "min_length": 11,
      "num_beams": 6
    }
  },
  "vocab_size": 50265
}

11/10/2021 14:12:55 - INFO - transformers.modeling_utils - loading weights file https://cdn.huggingface.co/facebook/bart-base/pytorch_model.bin from cache at /private/home/yuchenlin/.cache/torch/transformers/566c05fb6983817e8ad7a4fa51e3099fe9caa3b31730f964bc5198d71c677523.0a3d95c18c1e434448941bc25accea7b122882be6526fb67c8e8fb6d5ebc711c
11/10/2021 14:12:58 - INFO - __main__ - Loading checkpoint from out/mrqa_squad_bart-base_1029_upstream_model//best-model.pt for facebook/bart-base ..... Done!
11/10/2021 14:13:02 - INFO - __main__ - Moving to the GPUs.
11/10/2021 14:13:02 - INFO - __main__ - Debugger Setup ......
11/10/2021 14:13:02 - INFO - __main__ - debugger_args: Namespace(adam_epsilon=1e-08, ckpt_dir='experiments/ckpt_dirs/qa/owc/qa_oewc_lr=3e-5_ep=10_lbd=1_gm=1_T=100,b=64,alpha=0.9,beta=0.5,gamma=0.8', diff_loss_weight=0, ewc_gamma=1.0, ewc_lambda=1.0, gradient_accumulation_steps=1, kg_eval_freq=10, kg_eval_mode='metric', kr_eval_freq=10, kr_eval_mode='metric', learning_rate=3e-05, max_grad_norm=0.1, num_epochs=10.0, okr_sample_seed=1337, okr_sample_size=512, save_ckpt_freq=10, skip_instant_eval=False, total_steps=10000, warmup_steps=0, weight_decay=0.01) ......
11/10/2021 14:13:02 - INFO - __main__ - optimizer & scheduler Setup ...... Done!
11/10/2021 14:13:02 - INFO - __main__ - Debugger Setup ...... Done!
11/10/2021 14:13:02 - INFO - __main__ - Start Online Debugging with Dynamic Error Mode
11/10/2021 14:13:02 - INFO - __main__ - Number of Batches of Data: 100
11/10/2021 14:13:02 - INFO - __main__ - Data Batch Size: 64;
11/10/2021 14:13:03 - INFO - __main__ - Model saved to experiments/ckpt_dirs/qa/owc/qa_oewc_lr=3e-5_ep=10_lbd=1_gm=1_T=100,b=64,alpha=0.9,beta=0.5,gamma=0.8/model_ckpt_000.pt.
11/10/2021 14:13:03 - INFO - __main__ - Start eval_knowledge_retention for UKR @ Timecode=0
11/10/2021 14:13:24 - INFO - __main__ - Upstream Knowledge Retation (UKR@0): 0.8027
11/10/2021 14:13:24 - INFO - __main__ - Start eval_knowledge_generalization for KG @ Timecode=0
11/10/2021 14:14:49 - INFO - __main__ - Future Knowledge Generalization (KG@0): 0.3125
11/10/2021 14:14:49 - INFO - __main__ - Evaluating to get errors .... Timecode: 0
11/10/2021 14:14:51 - INFO - __main__ - Before Error Fixing: {'EM': 0.828125, 'QA-F1': 0.8576388888888888}
11/10/2021 14:14:51 - INFO - __main__ - Found 11 errors.
11/10/2021 14:14:51 - INFO - __main__ - Start error-fixing .... Timecode: 0
11/10/2021 14:14:55 - INFO - __main__ - Start error-fixing .... Done!
11/10/2021 14:14:55 - INFO - __main__ - Overall: 0.9140625 from scores=[0.828125, 1.0]
11/10/2021 14:14:57 - INFO - __main__ - Model saved to experiments/ckpt_dirs/qa/owc/qa_oewc_lr=3e-5_ep=10_lbd=1_gm=1_T=100,b=64,alpha=0.9,beta=0.5,gamma=0.8/model_ckpt_000.pt.
11/10/2021 14:14:57 - INFO - __main__ - Updated result feule: experiments/results/qa/qa_oewc_lr=3e-5_ep=10_lbd=1_gm=1_T=100,b=64,alpha=0.9,beta=0.5,gamma=0.8_result.json at Timecode: 0.
11/10/2021 14:14:57 - INFO - __main__ - --------------------------------------------------
11/10/2021 14:14:57 - INFO - __main__ - Evaluating to get errors .... Timecode: 1
11/10/2021 14:15:00 - INFO - __main__ - Before Error Fixing: {'EM': 0.78125, 'QA-F1': 0.8189732142857142}
11/10/2021 14:15:00 - INFO - __main__ - Found 14 errors.
11/10/2021 14:15:00 - INFO - __main__ - Start error-fixing .... Timecode: 1
11/10/2021 14:15:06 - INFO - __main__ - Start error-fixing .... Done!
11/10/2021 14:15:07 - INFO - __main__ - Overall: 0.90234375 from scores=[0.8046875, 1.0]
11/10/2021 14:15:07 - INFO - __main__ - --------------------------------------------------
11/10/2021 14:15:07 - INFO - __main__ - Evaluating to get errors .... Timecode: 2
11/10/2021 14:15:10 - INFO - __main__ - Before Error Fixing: {'EM': 0.8125, 'QA-F1': 0.8835985195360195}
11/10/2021 14:15:10 - INFO - __main__ - Found 12 errors.
11/10/2021 14:15:10 - INFO - __main__ - Start error-fixing .... Timecode: 2
11/10/2021 14:15:14 - INFO - __main__ - Start error-fixing .... Done!
11/10/2021 14:15:15 - INFO - __main__ - Overall: 0.9036458333333333 from scores=[0.8072916666666666, 1.0]
11/10/2021 14:15:15 - INFO - __main__ - --------------------------------------------------
11/10/2021 14:15:15 - INFO - __main__ - Evaluating to get errors .... Timecode: 3
11/10/2021 14:15:19 - INFO - __main__ - Before Error Fixing: {'EM': 0.5625, 'QA-F1': 0.6410004058441559}
11/10/2021 14:15:19 - INFO - __main__ - Found 28 errors.
11/10/2021 14:15:19 - INFO - __main__ - Start error-fixing .... Timecode: 3
11/10/2021 14:15:34 - INFO - __main__ - Start error-fixing .... Done!
11/10/2021 14:15:36 - INFO - __main__ - Overall: 0.873046875 from scores=[0.74609375, 1.0]
11/10/2021 14:15:36 - INFO - __main__ - --------------------------------------------------
11/10/2021 14:15:36 - INFO - __main__ - Evaluating to get errors .... Timecode: 4
11/10/2021 14:15:38 - INFO - __main__ - Before Error Fixing: {'EM': 0.671875, 'QA-F1': 0.7470012626262627}
11/10/2021 14:15:38 - INFO - __main__ - Found 21 errors.
11/10/2021 14:15:38 - INFO - __main__ - Start error-fixing .... Timecode: 4
11/10/2021 14:15:47 - INFO - __main__ - Start error-fixing .... Done!
11/10/2021 14:15:48 - INFO - __main__ - Overall: 0.8418154761904761 from scores=[0.73125, 0.9523809523809523]
11/10/2021 14:15:48 - INFO - __main__ - --------------------------------------------------
11/10/2021 14:15:48 - INFO - __main__ - Evaluating to get errors .... Timecode: 5
11/10/2021 14:15:50 - INFO - __main__ - Before Error Fixing: {'EM': 0.59375, 'QA-F1': 0.6643038799968148}
11/10/2021 14:15:50 - INFO - __main__ - Found 26 errors.
11/10/2021 14:15:51 - INFO - __main__ - Start error-fixing .... Timecode: 5
11/10/2021 14:16:04 - INFO - __main__ - Start error-fixing .... Done!
11/10/2021 14:16:05 - INFO - __main__ - Overall: 0.8541666666666666 from scores=[0.7083333333333333, 1.0]
11/10/2021 14:16:05 - INFO - __main__ - --------------------------------------------------
11/10/2021 14:16:05 - INFO - __main__ - Evaluating to get errors .... Timecode: 6
11/10/2021 14:16:09 - INFO - __main__ - Before Error Fixing: {'EM': 0.53125, 'QA-F1': 0.6743410184586656}
11/10/2021 14:16:09 - INFO - __main__ - Found 30 errors.
11/10/2021 14:16:09 - INFO - __main__ - Start error-fixing .... Timecode: 6
11/10/2021 14:16:22 - INFO - __main__ - Start error-fixing .... Done!
11/10/2021 14:16:24 - INFO - __main__ - Overall: 0.8081845238095238 from scores=[0.6830357142857143, 0.9333333333333333]
11/10/2021 14:16:24 - INFO - __main__ - --------------------------------------------------
11/10/2021 14:16:24 - INFO - __main__ - Evaluating to get errors .... Timecode: 7
11/10/2021 14:16:28 - INFO - __main__ - Before Error Fixing: {'EM': 0.65625, 'QA-F1': 0.711046301533434}
11/10/2021 14:16:28 - INFO - __main__ - Found 22 errors.
11/10/2021 14:16:28 - INFO - __main__ - Start error-fixing .... Timecode: 7
11/10/2021 14:16:38 - INFO - __main__ - Start error-fixing .... Done!
11/10/2021 14:16:40 - INFO - __main__ - Overall: 0.8171164772727273 from scores=[0.6796875, 0.9545454545454546]
11/10/2021 14:16:40 - INFO - __main__ - --------------------------------------------------
11/10/2021 14:16:40 - INFO - __main__ - Evaluating to get errors .... Timecode: 8
11/10/2021 14:16:43 - INFO - __main__ - Before Error Fixing: {'EM': 0.609375, 'QA-F1': 0.6706708176691729}
11/10/2021 14:16:43 - INFO - __main__ - Found 25 errors.
11/10/2021 14:16:43 - INFO - __main__ - Start error-fixing .... Timecode: 8
11/10/2021 14:16:56 - INFO - __main__ - Start error-fixing .... Done!
11/10/2021 14:16:57 - INFO - __main__ - Overall: 0.8359375 from scores=[0.671875, 1.0]
11/10/2021 14:16:57 - INFO - __main__ - --------------------------------------------------
11/10/2021 14:16:57 - INFO - __main__ - Evaluating to get errors .... Timecode: 9
11/10/2021 14:17:01 - INFO - __main__ - Before Error Fixing: {'EM': 0.46875, 'QA-F1': 0.5629593063186813}
11/10/2021 14:17:01 - INFO - __main__ - Found 34 errors.
11/10/2021 14:17:01 - INFO - __main__ - Start error-fixing .... Timecode: 9
11/10/2021 14:17:21 - INFO - __main__ - Start error-fixing .... Done!
11/10/2021 14:17:22 - INFO - __main__ - Overall: 0.8110753676470588 from scores=[0.6515625, 0.9705882352941176]
11/10/2021 14:17:22 - INFO - __main__ - --------------------------------------------------
11/10/2021 14:17:22 - INFO - __main__ - Start eval_knowledge_retention for UKR @ Timecode=10
11/10/2021 14:17:41 - INFO - __main__ - Upstream Knowledge Retation (UKR@10): 0.7539
11/10/2021 14:17:42 - INFO - __main__ - Start eval_knowledge_retention for OKR @ Timecode=10
11/10/2021 14:18:10 - INFO - __main__ - Online Knowledge Retation (OKR@10): 0.9199
11/10/2021 14:18:10 - INFO - __main__ - Start eval_knowledge_generalization for KG @ Timecode=10
11/10/2021 14:19:03 - INFO - __main__ - Future Knowledge Generalization (KG@10): 0.4539
11/10/2021 14:19:03 - INFO - __main__ - Evaluating to get errors .... Timecode: 10
11/10/2021 14:19:06 - INFO - __main__ - Before Error Fixing: {'EM': 0.5, 'QA-F1': 0.5919270833333333}
11/10/2021 14:19:06 - INFO - __main__ - Found 32 errors.
11/10/2021 14:19:06 - INFO - __main__ - Start error-fixing .... Timecode: 10
11/10/2021 14:19:24 - INFO - __main__ - Start error-fixing .... Done!
11/10/2021 14:19:25 - INFO - __main__ - Overall: 0.7406036931818182 from scores=[0.6377840909090908, 0.9375, 0.919921875, 0.75390625, 0.45390625]
11/10/2021 14:19:27 - INFO - __main__ - Model saved to experiments/ckpt_dirs/qa/owc/qa_oewc_lr=3e-5_ep=10_lbd=1_gm=1_T=100,b=64,alpha=0.9,beta=0.5,gamma=0.8/model_ckpt_010.pt.
11/10/2021 14:19:27 - INFO - __main__ - Updated result feule: experiments/results/qa/qa_oewc_lr=3e-5_ep=10_lbd=1_gm=1_T=100,b=64,alpha=0.9,beta=0.5,gamma=0.8_result.json at Timecode: 10.
11/10/2021 14:19:27 - INFO - __main__ - --------------------------------------------------
11/10/2021 14:19:27 - INFO - __main__ - Evaluating to get errors .... Timecode: 11
11/10/2021 14:19:30 - INFO - __main__ - Before Error Fixing: {'EM': 0.578125, 'QA-F1': 0.6209533955627706}
11/10/2021 14:19:30 - INFO - __main__ - Found 27 errors.
11/10/2021 14:19:30 - INFO - __main__ - Start error-fixing .... Timecode: 11
11/10/2021 14:19:44 - INFO - __main__ - Start error-fixing .... Done!
11/10/2021 14:19:45 - INFO - __main__ - Overall: 0.7447019675925926 from scores=[0.6328125, 0.9629629629629629, 0.919921875, 0.75390625, 0.45390625]
11/10/2021 14:19:45 - INFO - __main__ - --------------------------------------------------
11/10/2021 14:19:45 - INFO - __main__ - Evaluating to get errors .... Timecode: 12
11/10/2021 14:19:47 - INFO - __main__ - Before Error Fixing: {'EM': 0.5, 'QA-F1': 0.5843402777777778}
11/10/2021 14:19:47 - INFO - __main__ - Found 32 errors.
11/10/2021 14:19:47 - INFO - __main__ - Start error-fixing .... Timecode: 12
11/10/2021 14:20:03 - INFO - __main__ - Start error-fixing .... Done!
11/10/2021 14:20:06 - INFO - __main__ - Overall: 0.7438161057692307 from scores=[0.6225961538461539, 0.96875, 0.919921875, 0.75390625, 0.45390625]
11/10/2021 14:20:06 - INFO - __main__ - --------------------------------------------------
11/10/2021 14:20:06 - INFO - __main__ - Evaluating to get errors .... Timecode: 13
11/10/2021 14:20:09 - INFO - __main__ - Before Error Fixing: {'EM': 0.515625, 'QA-F1': 0.5828125}
11/10/2021 14:20:09 - INFO - __main__ - Found 31 errors.
11/10/2021 14:20:09 - INFO - __main__ - Start error-fixing .... Timecode: 13
11/10/2021 14:20:25 - INFO - __main__ - Start error-fixing .... Done!
11/10/2021 14:20:27 - INFO - __main__ - Overall: 0.7420863335253457 from scores=[0.6149553571428572, 0.967741935483871, 0.919921875, 0.75390625, 0.45390625]
11/10/2021 14:20:27 - INFO - __main__ - --------------------------------------------------
11/10/2021 14:20:27 - INFO - __main__ - Evaluating to get errors .... Timecode: 14
11/10/2021 14:20:29 - INFO - __main__ - Before Error Fixing: {'EM': 0.53125, 'QA-F1': 0.6533904303846738}
11/10/2021 14:20:29 - INFO - __main__ - Found 30 errors.
11/10/2021 14:20:30 - INFO - __main__ - Start error-fixing .... Timecode: 14
11/10/2021 14:20:42 - INFO - __main__ - Start error-fixing .... Done!
11/10/2021 14:20:44 - INFO - __main__ - Overall: 0.747421875 from scores=[0.609375, 1.0, 0.919921875, 0.75390625, 0.45390625]
11/10/2021 14:20:44 - INFO - __main__ - --------------------------------------------------
11/10/2021 14:20:44 - INFO - __main__ - Evaluating to get errors .... Timecode: 15
11/10/2021 14:20:47 - INFO - __main__ - Before Error Fixing: {'EM': 0.5, 'QA-F1': 0.6325351731601732}
11/10/2021 14:20:47 - INFO - __main__ - Found 32 errors.
11/10/2021 14:20:47 - INFO - __main__ - Start error-fixing .... Timecode: 15
11/10/2021 14:21:03 - INFO - __main__ - Start error-fixing .... Done!
11/10/2021 14:21:05 - INFO - __main__ - Overall: 0.7460546875 from scores=[0.6025390625, 1.0, 0.919921875, 0.75390625, 0.45390625]
11/10/2021 14:21:05 - INFO - __main__ - --------------------------------------------------
11/10/2021 14:21:05 - INFO - __main__ - Evaluating to get errors .... Timecode: 16
11/10/2021 14:21:08 - INFO - __main__ - Before Error Fixing: {'EM': 0.546875, 'QA-F1': 0.6154204863763688}
11/10/2021 14:21:08 - INFO - __main__ - Found 29 errors.
11/10/2021 14:21:08 - INFO - __main__ - Start error-fixing .... Timecode: 16
11/10/2021 14:21:25 - INFO - __main__ - Start error-fixing .... Done!
11/10/2021 14:21:26 - INFO - __main__ - Overall: 0.7453998161764706 from scores=[0.5992647058823529, 1.0, 0.919921875, 0.75390625, 0.45390625]
11/10/2021 14:21:26 - INFO - __main__ - --------------------------------------------------
11/10/2021 14:21:26 - INFO - __main__ - Evaluating to get errors .... Timecode: 17
11/10/2021 14:21:30 - INFO - __main__ - Before Error Fixing: {'EM': 0.4375, 'QA-F1': 0.557405989115548}
11/10/2021 14:21:30 - INFO - __main__ - Found 36 errors.
11/10/2021 14:21:30 - INFO - __main__ - Start error-fixing .... Timecode: 17
11/10/2021 14:21:50 - INFO - __main__ - Start error-fixing .... Done!
11/10/2021 14:21:53 - INFO - __main__ - Overall: 0.7436024305555555 from scores=[0.5902777777777778, 1.0, 0.919921875, 0.75390625, 0.45390625]
11/10/2021 14:21:53 - INFO - __main__ - --------------------------------------------------
11/10/2021 14:21:53 - INFO - __main__ - Evaluating to get errors .... Timecode: 18
11/10/2021 14:21:56 - INFO - __main__ - Before Error Fixing: {'EM': 0.421875, 'QA-F1': 0.5634150064354471}
11/10/2021 14:21:56 - INFO - __main__ - Found 37 errors.
11/10/2021 14:21:56 - INFO - __main__ - Start error-fixing .... Timecode: 18
11/10/2021 14:22:17 - INFO - __main__ - Start error-fixing .... Done!
11/10/2021 14:22:20 - INFO - __main__ - Overall: 0.7418297697368421 from scores=[0.5814144736842105, 1.0, 0.919921875, 0.75390625, 0.45390625]
11/10/2021 14:22:20 - INFO - __main__ - --------------------------------------------------
11/10/2021 14:22:20 - INFO - __main__ - Evaluating to get errors .... Timecode: 19
11/10/2021 14:22:23 - INFO - __main__ - Before Error Fixing: {'EM': 0.390625, 'QA-F1': 0.5258509199134199}
11/10/2021 14:22:23 - INFO - __main__ - Found 39 errors.
11/10/2021 14:22:23 - INFO - __main__ - Start error-fixing .... Timecode: 19
11/10/2021 14:22:45 - INFO - __main__ - Start error-fixing .... Done!
11/10/2021 14:22:47 - INFO - __main__ - Overall: 0.734793669871795 from scores=[0.571875, 0.9743589743589743, 0.919921875, 0.75390625, 0.45390625]
11/10/2021 14:22:47 - INFO - __main__ - --------------------------------------------------
11/10/2021 14:22:47 - INFO - __main__ - Start eval_knowledge_retention for UKR @ Timecode=20
11/10/2021 14:23:11 - INFO - __main__ - Upstream Knowledge Retation (UKR@20): 0.7188
11/10/2021 14:23:12 - INFO - __main__ - Start eval_knowledge_retention for OKR @ Timecode=20
11/10/2021 14:23:44 - INFO - __main__ - Online Knowledge Retation (OKR@20): 0.8535
11/10/2021 14:23:44 - INFO - __main__ - Start eval_knowledge_generalization for KG @ Timecode=20
11/10/2021 14:24:47 - INFO - __main__ - Future Knowledge Generalization (KG@20): 0.4914
11/10/2021 14:24:47 - INFO - __main__ - Evaluating to get errors .... Timecode: 20
11/10/2021 14:24:50 - INFO - __main__ - Before Error Fixing: {'EM': 0.5, 'QA-F1': 0.5592447916666667}
11/10/2021 14:24:50 - INFO - __main__ - Found 32 errors.
11/10/2021 14:24:51 - INFO - __main__ - Start error-fixing .... Timecode: 20
11/10/2021 14:25:08 - INFO - __main__ - Start error-fixing .... Done!
11/10/2021 14:25:10 - INFO - __main__ - Overall: 0.7264248511904762 from scores=[0.5684523809523809, 1.0, 0.853515625, 0.71875, 0.49140625]
11/10/2021 14:25:11 - INFO - __main__ - Model saved to experiments/ckpt_dirs/qa/owc/qa_oewc_lr=3e-5_ep=10_lbd=1_gm=1_T=100,b=64,alpha=0.9,beta=0.5,gamma=0.8/model_ckpt_020.pt.
11/10/2021 14:25:11 - INFO - __main__ - Updated result feule: experiments/results/qa/qa_oewc_lr=3e-5_ep=10_lbd=1_gm=1_T=100,b=64,alpha=0.9,beta=0.5,gamma=0.8_result.json at Timecode: 20.
11/10/2021 14:25:11 - INFO - __main__ - --------------------------------------------------
11/10/2021 14:25:11 - INFO - __main__ - Evaluating to get errors .... Timecode: 21
11/10/2021 14:25:15 - INFO - __main__ - Before Error Fixing: {'EM': 0.578125, 'QA-F1': 0.6855678585958676}
11/10/2021 14:25:15 - INFO - __main__ - Found 27 errors.
11/10/2021 14:25:15 - INFO - __main__ - Start error-fixing .... Timecode: 21
11/10/2021 14:25:28 - INFO - __main__ - Start error-fixing .... Done!
11/10/2021 14:25:30 - INFO - __main__ - Overall: 0.7116979692760943 from scores=[0.5688920454545454, 0.9259259259259259, 0.853515625, 0.71875, 0.49140625]
11/10/2021 14:25:30 - INFO - __main__ - --------------------------------------------------
11/10/2021 14:25:30 - INFO - __main__ - Evaluating to get errors .... Timecode: 22
11/10/2021 14:25:34 - INFO - __main__ - Before Error Fixing: {'EM': 0.4375, 'QA-F1': 0.5922586718228164}
11/10/2021 14:25:34 - INFO - __main__ - Found 36 errors.
11/10/2021 14:25:34 - INFO - __main__ - Start error-fixing .... Timecode: 22
11/10/2021 14:25:51 - INFO - __main__ - Start error-fixing .... Done!
11/10/2021 14:25:54 - INFO - __main__ - Overall: 0.7142591334541063 from scores=[0.5631793478260869, 0.9444444444444444, 0.853515625, 0.71875, 0.49140625]
11/10/2021 14:25:54 - INFO - __main__ - --------------------------------------------------
11/10/2021 14:25:54 - INFO - __main__ - Evaluating to get errors .... Timecode: 23
11/10/2021 14:25:57 - INFO - __main__ - Before Error Fixing: {'EM': 0.625, 'QA-F1': 0.6703125}
11/10/2021 14:25:57 - INFO - __main__ - Found 24 errors.
11/10/2021 14:25:57 - INFO - __main__ - Start error-fixing .... Timecode: 23
11/10/2021 14:26:11 - INFO - __main__ - Start error-fixing .... Done!
11/10/2021 14:26:12 - INFO - __main__ - Overall: 0.70921875 from scores=[0.5657552083333333, 0.9166666666666666, 0.853515625, 0.71875, 0.49140625]
11/10/2021 14:26:12 - INFO - __main__ - --------------------------------------------------
11/10/2021 14:26:12 - INFO - __main__ - Evaluating to get errors .... Timecode: 24
11/10/2021 14:26:15 - INFO - __main__ - Before Error Fixing: {'EM': 0.40625, 'QA-F1': 0.45768229166666663}
11/10/2021 14:26:15 - INFO - __main__ - Found 38 errors.
11/10/2021 14:26:15 - INFO - __main__ - Start error-fixing .... Timecode: 24
11/10/2021 14:26:37 - INFO - __main__ - Start error-fixing .... Done!
11/10/2021 14:26:39 - INFO - __main__ - Overall: 0.724609375 from scores=[0.559375, 1.0, 0.853515625, 0.71875, 0.49140625]
11/10/2021 14:26:39 - INFO - __main__ - --------------------------------------------------
11/10/2021 14:26:39 - INFO - __main__ - Evaluating to get errors .... Timecode: 25
11/10/2021 14:26:42 - INFO - __main__ - Before Error Fixing: {'EM': 0.53125, 'QA-F1': 0.5943709935897437}
11/10/2021 14:26:42 - INFO - __main__ - Found 30 errors.
11/10/2021 14:26:42 - INFO - __main__ - Start error-fixing .... Timecode: 25
11/10/2021 14:27:00 - INFO - __main__ - Start error-fixing .... Done!
11/10/2021 14:27:01 - INFO - __main__ - Overall: 0.7243930288461538 from scores=[0.5582932692307692, 1.0, 0.853515625, 0.71875, 0.49140625]
11/10/2021 14:27:01 - INFO - __main__ - --------------------------------------------------
11/10/2021 14:27:01 - INFO - __main__ - Evaluating to get errors .... Timecode: 26
11/10/2021 14:27:05 - INFO - __main__ - Before Error Fixing: {'EM': 0.453125, 'QA-F1': 0.5307105654761904}
11/10/2021 14:27:05 - INFO - __main__ - Found 35 errors.
11/10/2021 14:27:05 - INFO - __main__ - Start error-fixing .... Timecode: 26
11/10/2021 14:27:25 - INFO - __main__ - Start error-fixing .... Done!
11/10/2021 14:27:26 - INFO - __main__ - Overall: 0.7178997189153439 from scores=[0.5543981481481481, 0.9714285714285714, 0.853515625, 0.71875, 0.49140625]
11/10/2021 14:27:26 - INFO - __main__ - --------------------------------------------------
11/10/2021 14:27:26 - INFO - __main__ - Evaluating to get errors .... Timecode: 27
11/10/2021 14:27:30 - INFO - __main__ - Before Error Fixing: {'EM': 0.390625, 'QA-F1': 0.5264823411882236}
11/10/2021 14:27:30 - INFO - __main__ - Found 39 errors.
11/10/2021 14:27:31 - INFO - __main__ - Start error-fixing .... Timecode: 27
11/10/2021 14:27:52 - INFO - __main__ - Start error-fixing .... Done!
11/10/2021 14:27:54 - INFO - __main__ - Overall: 0.7070595810439559 from scores=[0.5485491071428572, 0.9230769230769231, 0.853515625, 0.71875, 0.49140625]
11/10/2021 14:27:54 - INFO - __main__ - --------------------------------------------------
11/10/2021 14:27:54 - INFO - __main__ - Evaluating to get errors .... Timecode: 28
11/10/2021 14:27:57 - INFO - __main__ - Before Error Fixing: {'EM': 0.421875, 'QA-F1': 0.5377462916984975}
11/10/2021 14:27:57 - INFO - __main__ - Found 37 errors.
11/10/2021 14:27:57 - INFO - __main__ - Start error-fixing .... Timecode: 28
11/10/2021 14:28:16 - INFO - __main__ - Start error-fixing .... Done!
11/10/2021 14:28:18 - INFO - __main__ - Overall: 0.7107597710857408 from scores=[0.5441810344827587, 0.9459459459459459, 0.853515625, 0.71875, 0.49140625]
11/10/2021 14:28:18 - INFO - __main__ - --------------------------------------------------
11/10/2021 14:28:18 - INFO - __main__ - Evaluating to get errors .... Timecode: 29
11/10/2021 14:28:21 - INFO - __main__ - Before Error Fixing: {'EM': 0.53125, 'QA-F1': 0.7088520803792981}
11/10/2021 14:28:21 - INFO - __main__ - Found 30 errors.
11/10/2021 14:28:21 - INFO - __main__ - Start error-fixing .... Timecode: 29
11/10/2021 14:28:36 - INFO - __main__ - Start error-fixing .... Done!
11/10/2021 14:28:39 - INFO - __main__ - Overall: 0.7148177083333332 from scores=[0.54375, 0.9666666666666667, 0.853515625, 0.71875, 0.49140625]
11/10/2021 14:28:39 - INFO - __main__ - --------------------------------------------------
11/10/2021 14:28:39 - INFO - __main__ - Start eval_knowledge_retention for UKR @ Timecode=30
11/10/2021 14:29:05 - INFO - __main__ - Upstream Knowledge Retation (UKR@30): 0.6602
11/10/2021 14:29:06 - INFO - __main__ - Start eval_knowledge_retention for OKR @ Timecode=30
11/10/2021 14:29:39 - INFO - __main__ - Online Knowledge Retation (OKR@30): 0.7949
11/10/2021 14:29:39 - INFO - __main__ - Start eval_knowledge_generalization for KG @ Timecode=30
11/10/2021 14:30:53 - INFO - __main__ - Future Knowledge Generalization (KG@30): 0.4328
11/10/2021 14:30:53 - INFO - __main__ - Evaluating to get errors .... Timecode: 30
11/10/2021 14:30:56 - INFO - __main__ - Before Error Fixing: {'EM': 0.4375, 'QA-F1': 0.5575234661172161}
11/10/2021 14:30:56 - INFO - __main__ - Found 36 errors.
11/10/2021 14:30:56 - INFO - __main__ - Start error-fixing .... Timecode: 30
11/10/2021 14:31:16 - INFO - __main__ - Start error-fixing .... Done!
11/10/2021 14:31:18 - INFO - __main__ - Overall: 0.6856426411290322 from scores=[0.5403225806451613, 1.0, 0.794921875, 0.66015625, 0.4328125]
11/10/2021 14:31:19 - INFO - __main__ - Model saved to experiments/ckpt_dirs/qa/owc/qa_oewc_lr=3e-5_ep=10_lbd=1_gm=1_T=100,b=64,alpha=0.9,beta=0.5,gamma=0.8/model_ckpt_030.pt.
11/10/2021 14:31:19 - INFO - __main__ - Updated result feule: experiments/results/qa/qa_oewc_lr=3e-5_ep=10_lbd=1_gm=1_T=100,b=64,alpha=0.9,beta=0.5,gamma=0.8_result.json at Timecode: 30.
11/10/2021 14:31:19 - INFO - __main__ - --------------------------------------------------
11/10/2021 14:31:19 - INFO - __main__ - Evaluating to get errors .... Timecode: 31
11/10/2021 14:31:22 - INFO - __main__ - Before Error Fixing: {'EM': 0.5, 'QA-F1': 0.6358393813137957}
11/10/2021 14:31:22 - INFO - __main__ - Found 32 errors.
11/10/2021 14:31:22 - INFO - __main__ - Start error-fixing .... Timecode: 31
11/10/2021 14:31:37 - INFO - __main__ - Start error-fixing .... Done!
11/10/2021 14:31:40 - INFO - __main__ - Overall: 0.660390625 from scores=[0.5390625, 0.875, 0.794921875, 0.66015625, 0.4328125]
11/10/2021 14:31:40 - INFO - __main__ - --------------------------------------------------
11/10/2021 14:31:40 - INFO - __main__ - Evaluating to get errors .... Timecode: 32
11/10/2021 14:31:43 - INFO - __main__ - Before Error Fixing: {'EM': 0.609375, 'QA-F1': 0.6586538461538461}
11/10/2021 14:31:43 - INFO - __main__ - Found 25 errors.
11/10/2021 14:31:43 - INFO - __main__ - Start error-fixing .... Timecode: 32
11/10/2021 14:31:57 - INFO - __main__ - Start error-fixing .... Done!
11/10/2021 14:31:58 - INFO - __main__ - Overall: 0.6858167613636363 from scores=[0.5411931818181819, 1.0, 0.794921875, 0.66015625, 0.4328125]
11/10/2021 14:31:58 - INFO - __main__ - --------------------------------------------------
11/10/2021 14:31:58 - INFO - __main__ - Evaluating to get errors .... Timecode: 33
11/10/2021 14:32:02 - INFO - __main__ - Before Error Fixing: {'EM': 0.65625, 'QA-F1': 0.7355902777777777}
11/10/2021 14:32:02 - INFO - __main__ - Found 22 errors.
11/10/2021 14:32:02 - INFO - __main__ - Start error-fixing .... Timecode: 33
11/10/2021 14:32:14 - INFO - __main__ - Start error-fixing .... Done!
11/10/2021 14:32:16 - INFO - __main__ - Overall: 0.6774026570855615 from scores=[0.5445772058823529, 0.9545454545454546, 0.794921875, 0.66015625, 0.4328125]
11/10/2021 14:32:16 - INFO - __main__ - --------------------------------------------------
11/10/2021 14:32:16 - INFO - __main__ - Evaluating to get errors .... Timecode: 34
11/10/2021 14:32:20 - INFO - __main__ - Before Error Fixing: {'EM': 0.578125, 'QA-F1': 0.6565178571428572}
11/10/2021 14:32:20 - INFO - __main__ - Found 27 errors.
11/10/2021 14:32:20 - INFO - __main__ - Start error-fixing .... Timecode: 34
11/10/2021 14:32:33 - INFO - __main__ - Start error-fixing .... Done!
11/10/2021 14:32:35 - INFO - __main__ - Overall: 0.6866852678571428 from scores=[0.5455357142857142, 1.0, 0.794921875, 0.66015625, 0.4328125]
11/10/2021 14:32:35 - INFO - __main__ - --------------------------------------------------
11/10/2021 14:32:35 - INFO - __main__ - Evaluating to get errors .... Timecode: 35
11/10/2021 14:32:37 - INFO - __main__ - Before Error Fixing: {'EM': 0.546875, 'QA-F1': 0.6217480436230436}
11/10/2021 14:32:37 - INFO - __main__ - Found 29 errors.
11/10/2021 14:32:37 - INFO - __main__ - Start error-fixing .... Timecode: 35
11/10/2021 14:32:51 - INFO - __main__ - Start error-fixing .... Done!
11/10/2021 14:32:54 - INFO - __main__ - Overall: 0.6797961566091953 from scores=[0.5455729166666667, 0.9655172413793104, 0.794921875, 0.66015625, 0.4328125]
11/10/2021 14:32:54 - INFO - __main__ - --------------------------------------------------
11/10/2021 14:32:54 - INFO - __main__ - Evaluating to get errors .... Timecode: 36
11/10/2021 14:32:58 - INFO - __main__ - Before Error Fixing: {'EM': 0.515625, 'QA-F1': 0.5985199175824175}
11/10/2021 14:32:58 - INFO - __main__ - Found 31 errors.
11/10/2021 14:32:58 - INFO - __main__ - Start error-fixing .... Timecode: 36
11/10/2021 14:33:15 - INFO - __main__ - Start error-fixing .... Done!
11/10/2021 14:33:16 - INFO - __main__ - Overall: 0.6800792147994769 from scores=[0.5447635135135135, 0.967741935483871, 0.794921875, 0.66015625, 0.4328125]
11/10/2021 14:33:16 - INFO - __main__ - --------------------------------------------------
11/10/2021 14:33:16 - INFO - __main__ - Evaluating to get errors .... Timecode: 37
11/10/2021 14:33:20 - INFO - __main__ - Before Error Fixing: {'EM': 0.484375, 'QA-F1': 0.6063368055555556}
11/10/2021 14:33:20 - INFO - __main__ - Found 33 errors.
11/10/2021 14:33:20 - INFO - __main__ - Start error-fixing .... Timecode: 37
11/10/2021 14:33:39 - INFO - __main__ - Start error-fixing .... Done!
11/10/2021 14:33:41 - INFO - __main__ - Overall: 0.6801523873604466 from scores=[0.5431743421052632, 0.9696969696969697, 0.794921875, 0.66015625, 0.4328125]
11/10/2021 14:33:41 - INFO - __main__ - --------------------------------------------------
11/10/2021 14:33:41 - INFO - __main__ - Evaluating to get errors .... Timecode: 38
11/10/2021 14:33:45 - INFO - __main__ - Before Error Fixing: {'EM': 0.53125, 'QA-F1': 0.6516525141525141}
11/10/2021 14:33:45 - INFO - __main__ - Found 30 errors.
11/10/2021 14:33:45 - INFO - __main__ - Start error-fixing .... Timecode: 38
11/10/2021 14:34:01 - INFO - __main__ - Start error-fixing .... Done!
11/10/2021 14:34:03 - INFO - __main__ - Overall: 0.6861518429487179 from scores=[0.5428685897435898, 1.0, 0.794921875, 0.66015625, 0.4328125]
11/10/2021 14:34:03 - INFO - __main__ - --------------------------------------------------
11/10/2021 14:34:03 - INFO - __main__ - Evaluating to get errors .... Timecode: 39
11/10/2021 14:34:07 - INFO - __main__ - Before Error Fixing: {'EM': 0.375, 'QA-F1': 0.417604939703154}
11/10/2021 14:34:07 - INFO - __main__ - Found 40 errors.
11/10/2021 14:34:07 - INFO - __main__ - Start error-fixing .... Timecode: 39
11/10/2021 14:34:29 - INFO - __main__ - Start error-fixing .... Done!
11/10/2021 14:34:31 - INFO - __main__ - Overall: 0.6803125 from scores=[0.538671875, 0.975, 0.794921875, 0.66015625, 0.4328125]
11/10/2021 14:34:31 - INFO - __main__ - --------------------------------------------------
11/10/2021 14:34:31 - INFO - __main__ - Start eval_knowledge_retention for UKR @ Timecode=40
11/10/2021 14:34:54 - INFO - __main__ - Upstream Knowledge Retation (UKR@40): 0.6875
11/10/2021 14:34:55 - INFO - __main__ - Start eval_knowledge_retention for OKR @ Timecode=40
11/10/2021 14:35:30 - INFO - __main__ - Online Knowledge Retation (OKR@40): 0.8398
11/10/2021 14:35:30 - INFO - __main__ - Start eval_knowledge_generalization for KG @ Timecode=40
11/10/2021 14:36:31 - INFO - __main__ - Future Knowledge Generalization (KG@40): 0.4500
11/10/2021 14:36:31 - INFO - __main__ - Evaluating to get errors .... Timecode: 40
11/10/2021 14:36:34 - INFO - __main__ - Before Error Fixing: {'EM': 0.546875, 'QA-F1': 0.6494791666666666}
11/10/2021 14:36:34 - INFO - __main__ - Found 29 errors.
11/10/2021 14:36:34 - INFO - __main__ - Start error-fixing .... Timecode: 40
11/10/2021 14:36:51 - INFO - __main__ - Start error-fixing .... Done!
11/10/2021 14:36:52 - INFO - __main__ - Overall: 0.7032431402439026 from scores=[0.5388719512195121, 1.0, 0.83984375, 0.6875, 0.45]
11/10/2021 14:36:54 - INFO - __main__ - Model saved to experiments/ckpt_dirs/qa/owc/qa_oewc_lr=3e-5_ep=10_lbd=1_gm=1_T=100,b=64,alpha=0.9,beta=0.5,gamma=0.8/model_ckpt_040.pt.
11/10/2021 14:36:54 - INFO - __main__ - Updated result feule: experiments/results/qa/qa_oewc_lr=3e-5_ep=10_lbd=1_gm=1_T=100,b=64,alpha=0.9,beta=0.5,gamma=0.8_result.json at Timecode: 40.
11/10/2021 14:36:54 - INFO - __main__ - --------------------------------------------------
11/10/2021 14:36:54 - INFO - __main__ - Evaluating to get errors .... Timecode: 41
11/10/2021 14:36:58 - INFO - __main__ - Before Error Fixing: {'EM': 0.40625, 'QA-F1': 0.5431915057047472}
11/10/2021 14:36:58 - INFO - __main__ - Found 38 errors.
11/10/2021 14:36:59 - INFO - __main__ - Start error-fixing .... Timecode: 41
11/10/2021 14:37:20 - INFO - __main__ - Start error-fixing .... Done!
11/10/2021 14:37:22 - INFO - __main__ - Overall: 0.7026116071428572 from scores=[0.5357142857142857, 1.0, 0.83984375, 0.6875, 0.45]
11/10/2021 14:37:22 - INFO - __main__ - --------------------------------------------------
11/10/2021 14:37:22 - INFO - __main__ - Evaluating to get errors .... Timecode: 42
11/10/2021 14:37:26 - INFO - __main__ - Before Error Fixing: {'EM': 0.4375, 'QA-F1': 0.5463863610347985}
11/10/2021 14:37:26 - INFO - __main__ - Found 36 errors.
11/10/2021 14:37:26 - INFO - __main__ - Start error-fixing .... Timecode: 42
11/10/2021 14:37:46 - INFO - __main__ - Start error-fixing .... Done!
11/10/2021 14:37:48 - INFO - __main__ - Overall: 0.7021547965116279 from scores=[0.5334302325581395, 1.0, 0.83984375, 0.6875, 0.45]
11/10/2021 14:37:48 - INFO - __main__ - --------------------------------------------------
11/10/2021 14:37:48 - INFO - __main__ - Evaluating to get errors .... Timecode: 43
11/10/2021 14:37:52 - INFO - __main__ - Before Error Fixing: {'EM': 0.53125, 'QA-F1': 0.6228574331370385}
11/10/2021 14:37:52 - INFO - __main__ - Found 30 errors.
11/10/2021 14:37:52 - INFO - __main__ - Start error-fixing .... Timecode: 43
11/10/2021 14:38:09 - INFO - __main__ - Start error-fixing .... Done!
11/10/2021 14:38:11 - INFO - __main__ - Overall: 0.7021448863636364 from scores=[0.5333806818181819, 1.0, 0.83984375, 0.6875, 0.45]
11/10/2021 14:38:11 - INFO - __main__ - --------------------------------------------------
11/10/2021 14:38:11 - INFO - __main__ - Evaluating to get errors .... Timecode: 44
11/10/2021 14:38:13 - INFO - __main__ - Before Error Fixing: {'EM': 0.484375, 'QA-F1': 0.6022079346092504}
11/10/2021 14:38:13 - INFO - __main__ - Found 33 errors.
11/10/2021 14:38:13 - INFO - __main__ - Start error-fixing .... Timecode: 44
11/10/2021 14:38:31 - INFO - __main__ - Start error-fixing .... Done!
11/10/2021 14:38:33 - INFO - __main__ - Overall: 0.6958664772727273 from scores=[0.5322916666666666, 0.9696969696969697, 0.83984375, 0.6875, 0.45]
11/10/2021 14:38:33 - INFO - __main__ - --------------------------------------------------
11/10/2021 14:38:33 - INFO - __main__ - Evaluating to get errors .... Timecode: 45
11/10/2021 14:38:37 - INFO - __main__ - Before Error Fixing: {'EM': 0.421875, 'QA-F1': 0.5518003587012178}
11/10/2021 14:38:37 - INFO - __main__ - Found 37 errors.
11/10/2021 14:38:37 - INFO - __main__ - Start error-fixing .... Timecode: 45
11/10/2021 14:38:56 - INFO - __main__ - Start error-fixing .... Done!
11/10/2021 14:38:58 - INFO - __main__ - Overall: 0.6960416054641598 from scores=[0.5298913043478262, 0.972972972972973, 0.83984375, 0.6875, 0.45]
11/10/2021 14:38:58 - INFO - __main__ - --------------------------------------------------
11/10/2021 14:38:58 - INFO - __main__ - Evaluating to get errors .... Timecode: 46
11/10/2021 14:39:00 - INFO - __main__ - Before Error Fixing: {'EM': 0.53125, 'QA-F1': 0.6287046370967742}
11/10/2021 14:39:00 - INFO - __main__ - Found 30 errors.
11/10/2021 14:39:00 - INFO - __main__ - Start error-fixing .... Timecode: 46
11/10/2021 14:39:16 - INFO - __main__ - Start error-fixing .... Done!
11/10/2021 14:39:18 - INFO - __main__ - Overall: 0.6814527925531915 from scores=[0.5299202127659575, 0.9, 0.83984375, 0.6875, 0.45]
11/10/2021 14:39:18 - INFO - __main__ - --------------------------------------------------
11/10/2021 14:39:18 - INFO - __main__ - Evaluating to get errors .... Timecode: 47
11/10/2021 14:39:22 - INFO - __main__ - Before Error Fixing: {'EM': 0.421875, 'QA-F1': 0.5252372325741891}
11/10/2021 14:39:22 - INFO - __main__ - Found 37 errors.
11/10/2021 14:39:22 - INFO - __main__ - Start error-fixing .... Timecode: 47
11/10/2021 14:39:40 - INFO - __main__ - Start error-fixing .... Done!
11/10/2021 14:39:42 - INFO - __main__ - Overall: 0.7010026041666666 from scores=[0.5276692708333333, 1.0, 0.83984375, 0.6875, 0.45]
11/10/2021 14:39:42 - INFO - __main__ - --------------------------------------------------
11/10/2021 14:39:42 - INFO - __main__ - Evaluating to get errors .... Timecode: 48
11/10/2021 14:39:46 - INFO - __main__ - Before Error Fixing: {'EM': 0.375, 'QA-F1': 0.5185459275113208}
11/10/2021 14:39:46 - INFO - __main__ - Found 40 errors.
11/10/2021 14:39:46 - INFO - __main__ - Start error-fixing .... Timecode: 48
11/10/2021 14:40:08 - INFO - __main__ - Start error-fixing .... Done!
11/10/2021 14:40:11 - INFO - __main__ - Overall: 0.6953794642857143 from scores=[0.5245535714285714, 0.975, 0.83984375, 0.6875, 0.45]
11/10/2021 14:40:11 - INFO - __main__ - --------------------------------------------------
11/10/2021 14:40:11 - INFO - __main__ - Evaluating to get errors .... Timecode: 49
11/10/2021 14:40:14 - INFO - __main__ - Before Error Fixing: {'EM': 0.4375, 'QA-F1': 0.5200644841269841}
11/10/2021 14:40:14 - INFO - __main__ - Found 36 errors.
11/10/2021 14:40:15 - INFO - __main__ - Start error-fixing .... Timecode: 49
11/10/2021 14:40:35 - INFO - __main__ - Start error-fixing .... Done!
11/10/2021 14:40:36 - INFO - __main__ - Overall: 0.6833645833333334 from scores=[0.5228125, 0.9166666666666666, 0.83984375, 0.6875, 0.45]
11/10/2021 14:40:36 - INFO - __main__ - --------------------------------------------------
11/10/2021 14:40:36 - INFO - __main__ - Start eval_knowledge_retention for UKR @ Timecode=50
11/10/2021 14:40:57 - INFO - __main__ - Upstream Knowledge Retation (UKR@50): 0.6777
11/10/2021 14:40:58 - INFO - __main__ - Start eval_knowledge_retention for OKR @ Timecode=50
11/10/2021 14:41:28 - INFO - __main__ - Online Knowledge Retation (OKR@50): 0.8281
11/10/2021 14:41:28 - INFO - __main__ - Start eval_knowledge_generalization for KG @ Timecode=50
11/10/2021 14:42:26 - INFO - __main__ - Future Knowledge Generalization (KG@50): 0.4359
11/10/2021 14:42:26 - INFO - __main__ - Evaluating to get errors .... Timecode: 50
11/10/2021 14:42:29 - INFO - __main__ - Before Error Fixing: {'EM': 0.484375, 'QA-F1': 0.5533331252081253}
11/10/2021 14:42:29 - INFO - __main__ - Found 33 errors.
11/10/2021 14:42:29 - INFO - __main__ - Start error-fixing .... Timecode: 50
11/10/2021 14:42:48 - INFO - __main__ - Start error-fixing .... Done!
11/10/2021 14:42:50 - INFO - __main__ - Overall: 0.6806499275846702 from scores=[0.5220588235294117, 0.9393939393939394, 0.828125, 0.677734375, 0.4359375]
11/10/2021 14:42:51 - INFO - __main__ - Model saved to experiments/ckpt_dirs/qa/owc/qa_oewc_lr=3e-5_ep=10_lbd=1_gm=1_T=100,b=64,alpha=0.9,beta=0.5,gamma=0.8/model_ckpt_050.pt.
11/10/2021 14:42:51 - INFO - __main__ - Updated result feule: experiments/results/qa/qa_oewc_lr=3e-5_ep=10_lbd=1_gm=1_T=100,b=64,alpha=0.9,beta=0.5,gamma=0.8_result.json at Timecode: 50.
11/10/2021 14:42:51 - INFO - __main__ - --------------------------------------------------
11/10/2021 14:42:51 - INFO - __main__ - Evaluating to get errors .... Timecode: 51
11/10/2021 14:42:54 - INFO - __main__ - Before Error Fixing: {'EM': 0.546875, 'QA-F1': 0.6036458333333333}
11/10/2021 14:42:54 - INFO - __main__ - Found 29 errors.
11/10/2021 14:42:54 - INFO - __main__ - Start error-fixing .... Timecode: 51
11/10/2021 14:43:11 - INFO - __main__ - Start error-fixing .... Done!
11/10/2021 14:43:12 - INFO - __main__ - Overall: 0.6928665865384616 from scores=[0.5225360576923077, 1.0, 0.828125, 0.677734375, 0.4359375]
11/10/2021 14:43:12 - INFO - __main__ - --------------------------------------------------
11/10/2021 14:43:12 - INFO - __main__ - Evaluating to get errors .... Timecode: 52
11/10/2021 14:43:15 - INFO - __main__ - Before Error Fixing: {'EM': 0.609375, 'QA-F1': 0.6658567994505495}
11/10/2021 14:43:15 - INFO - __main__ - Found 25 errors.
11/10/2021 14:43:15 - INFO - __main__ - Start error-fixing .... Timecode: 52
11/10/2021 14:43:29 - INFO - __main__ - Start error-fixing .... Done!
11/10/2021 14:43:31 - INFO - __main__ - Overall: 0.6931942806603775 from scores=[0.5241745283018868, 1.0, 0.828125, 0.677734375, 0.4359375]
11/10/2021 14:43:31 - INFO - __main__ - --------------------------------------------------
11/10/2021 14:43:31 - INFO - __main__ - Evaluating to get errors .... Timecode: 53
11/10/2021 14:43:34 - INFO - __main__ - Before Error Fixing: {'EM': 0.5, 'QA-F1': 0.645270967657821}
11/10/2021 14:43:34 - INFO - __main__ - Found 32 errors.
11/10/2021 14:43:34 - INFO - __main__ - Start error-fixing .... Timecode: 53
11/10/2021 14:43:51 - INFO - __main__ - Start error-fixing .... Done!
11/10/2021 14:43:52 - INFO - __main__ - Overall: 0.6931047453703705 from scores=[0.5237268518518519, 1.0, 0.828125, 0.677734375, 0.4359375]
11/10/2021 14:43:52 - INFO - __main__ - --------------------------------------------------
11/10/2021 14:43:52 - INFO - __main__ - Evaluating to get errors .... Timecode: 54
11/10/2021 14:43:55 - INFO - __main__ - Before Error Fixing: {'EM': 0.5, 'QA-F1': 0.6598672368507521}
11/10/2021 14:43:55 - INFO - __main__ - Found 32 errors.
11/10/2021 14:43:55 - INFO - __main__ - Start error-fixing .... Timecode: 54
11/10/2021 14:44:12 - INFO - __main__ - Start error-fixing .... Done!
11/10/2021 14:44:14 - INFO - __main__ - Overall: 0.668018465909091 from scores=[0.5232954545454546, 0.875, 0.828125, 0.677734375, 0.4359375]
11/10/2021 14:44:14 - INFO - __main__ - --------------------------------------------------
11/10/2021 14:44:14 - INFO - __main__ - Evaluating to get errors .... Timecode: 55
11/10/2021 14:44:17 - INFO - __main__ - Before Error Fixing: {'EM': 0.53125, 'QA-F1': 0.6622662927350427}
11/10/2021 14:44:17 - INFO - __main__ - Found 30 errors.
11/10/2021 14:44:17 - INFO - __main__ - Start error-fixing .... Timecode: 55
11/10/2021 14:44:33 - INFO - __main__ - Start error-fixing .... Done!
11/10/2021 14:44:35 - INFO - __main__ - Overall: 0.6930468750000001 from scores=[0.5234375, 1.0, 0.828125, 0.677734375, 0.4359375]
11/10/2021 14:44:35 - INFO - __main__ - --------------------------------------------------
11/10/2021 14:44:35 - INFO - __main__ - Evaluating to get errors .... Timecode: 56
11/10/2021 14:44:38 - INFO - __main__ - Before Error Fixing: {'EM': 0.53125, 'QA-F1': 0.6276041666666666}
11/10/2021 14:44:38 - INFO - __main__ - Found 30 errors.
11/10/2021 14:44:38 - INFO - __main__ - Start error-fixing .... Timecode: 56
11/10/2021 14:44:55 - INFO - __main__ - Start error-fixing .... Done!
11/10/2021 14:44:57 - INFO - __main__ - Overall: 0.6930742872807018 from scores=[0.5235745614035088, 1.0, 0.828125, 0.677734375, 0.4359375]
11/10/2021 14:44:57 - INFO - __main__ - --------------------------------------------------
11/10/2021 14:44:57 - INFO - __main__ - Evaluating to get errors .... Timecode: 57
11/10/2021 14:44:59 - INFO - __main__ - Before Error Fixing: {'EM': 0.5625, 'QA-F1': 0.6000434027777778}
11/10/2021 14:44:59 - INFO - __main__ - Found 28 errors.
11/10/2021 14:44:59 - INFO - __main__ - Start error-fixing .... Timecode: 57
11/10/2021 14:45:16 - INFO - __main__ - Start error-fixing .... Done!
11/10/2021 14:45:17 - INFO - __main__ - Overall: 0.6789227986453202 from scores=[0.5242456896551724, 0.9285714285714286, 0.828125, 0.677734375, 0.4359375]
11/10/2021 14:45:17 - INFO - __main__ - --------------------------------------------------
11/10/2021 14:45:17 - INFO - __main__ - Evaluating to get errors .... Timecode: 58
11/10/2021 14:45:20 - INFO - __main__ - Before Error Fixing: {'EM': 0.390625, 'QA-F1': 0.47147435897435896}
11/10/2021 14:45:20 - INFO - __main__ - Found 39 errors.
11/10/2021 14:45:20 - INFO - __main__ - Start error-fixing .... Timecode: 58
11/10/2021 14:45:42 - INFO - __main__ - Start error-fixing .... Done!
11/10/2021 14:45:43 - INFO - __main__ - Overall: 0.6876273563124728 from scores=[0.5219809322033898, 0.9743589743589743, 0.828125, 0.677734375, 0.4359375]
11/10/2021 14:45:43 - INFO - __main__ - --------------------------------------------------
11/10/2021 14:45:43 - INFO - __main__ - Evaluating to get errors .... Timecode: 59
11/10/2021 14:45:47 - INFO - __main__ - Before Error Fixing: {'EM': 0.53125, 'QA-F1': 0.7103663263819513}
11/10/2021 14:45:47 - INFO - __main__ - Found 30 errors.
11/10/2021 14:45:47 - INFO - __main__ - Start error-fixing .... Timecode: 59
11/10/2021 14:46:02 - INFO - __main__ - Start error-fixing .... Done!
11/10/2021 14:46:04 - INFO - __main__ - Overall: 0.6861197916666667 from scores=[0.5221354166666667, 0.9666666666666667, 0.828125, 0.677734375, 0.4359375]
11/10/2021 14:46:04 - INFO - __main__ - --------------------------------------------------
11/10/2021 14:46:04 - INFO - __main__ - Start eval_knowledge_retention for UKR @ Timecode=60
11/10/2021 14:46:25 - INFO - __main__ - Upstream Knowledge Retation (UKR@60): 0.6777
11/10/2021 14:46:26 - INFO - __main__ - Start eval_knowledge_retention for OKR @ Timecode=60
11/10/2021 14:46:58 - INFO - __main__ - Online Knowledge Retation (OKR@60): 0.8457
11/10/2021 14:46:58 - INFO - __main__ - Start eval_knowledge_generalization for KG @ Timecode=60
11/10/2021 14:48:00 - INFO - __main__ - Future Knowledge Generalization (KG@60): 0.4797
11/10/2021 14:48:00 - INFO - __main__ - Evaluating to get errors .... Timecode: 60
11/10/2021 14:48:03 - INFO - __main__ - Before Error Fixing: {'EM': 0.484375, 'QA-F1': 0.603052322234503}
11/10/2021 14:48:03 - INFO - __main__ - Found 33 errors.
11/10/2021 14:48:03 - INFO - __main__ - Start error-fixing .... Timecode: 60
11/10/2021 14:48:19 - INFO - __main__ - Start error-fixing .... Done!
11/10/2021 14:48:21 - INFO - __main__ - Overall: 0.7049282786885246 from scores=[0.521516393442623, 1.0, 0.845703125, 0.677734375, 0.4796875]
11/10/2021 14:48:23 - INFO - __main__ - Model saved to experiments/ckpt_dirs/qa/owc/qa_oewc_lr=3e-5_ep=10_lbd=1_gm=1_T=100,b=64,alpha=0.9,beta=0.5,gamma=0.8/model_ckpt_060.pt.
11/10/2021 14:48:23 - INFO - __main__ - Updated result feule: experiments/results/qa/qa_oewc_lr=3e-5_ep=10_lbd=1_gm=1_T=100,b=64,alpha=0.9,beta=0.5,gamma=0.8_result.json at Timecode: 60.
11/10/2021 14:48:23 - INFO - __main__ - --------------------------------------------------
11/10/2021 14:48:23 - INFO - __main__ - Evaluating to get errors .... Timecode: 61
11/10/2021 14:48:26 - INFO - __main__ - Before Error Fixing: {'EM': 0.53125, 'QA-F1': 0.6295522186147187}
11/10/2021 14:48:26 - INFO - __main__ - Found 30 errors.
11/10/2021 14:48:26 - INFO - __main__ - Start error-fixing .... Timecode: 61
11/10/2021 14:48:42 - INFO - __main__ - Start error-fixing .... Done!
11/10/2021 14:48:43 - INFO - __main__ - Overall: 0.7049596774193547 from scores=[0.5216733870967742, 1.0, 0.845703125, 0.677734375, 0.4796875]
11/10/2021 14:48:43 - INFO - __main__ - --------------------------------------------------
11/10/2021 14:48:43 - INFO - __main__ - Evaluating to get errors .... Timecode: 62
11/10/2021 14:48:46 - INFO - __main__ - Before Error Fixing: {'EM': 0.65625, 'QA-F1': 0.6875}
11/10/2021 14:48:46 - INFO - __main__ - Found 22 errors.
11/10/2021 14:48:47 - INFO - __main__ - Start error-fixing .... Timecode: 62
11/10/2021 14:48:59 - INFO - __main__ - Start error-fixing .... Done!
11/10/2021 14:49:00 - INFO - __main__ - Overall: 0.6872050865800865 from scores=[0.5238095238095238, 0.9090909090909091, 0.845703125, 0.677734375, 0.4796875]
11/10/2021 14:49:00 - INFO - __main__ - --------------------------------------------------
11/10/2021 14:49:00 - INFO - __main__ - Evaluating to get errors .... Timecode: 63
11/10/2021 14:49:03 - INFO - __main__ - Before Error Fixing: {'EM': 0.5, 'QA-F1': 0.5798856506567105}
11/10/2021 14:49:03 - INFO - __main__ - Found 32 errors.
11/10/2021 14:49:04 - INFO - __main__ - Start error-fixing .... Timecode: 63
11/10/2021 14:49:21 - INFO - __main__ - Start error-fixing .... Done!
11/10/2021 14:49:24 - INFO - __main__ - Overall: 0.7053125 from scores=[0.5234375, 1.0, 0.845703125, 0.677734375, 0.4796875]
11/10/2021 14:49:24 - INFO - __main__ - --------------------------------------------------
11/10/2021 14:49:24 - INFO - __main__ - Evaluating to get errors .... Timecode: 64
11/10/2021 14:49:27 - INFO - __main__ - Before Error Fixing: {'EM': 0.421875, 'QA-F1': 0.5241810273060272}
11/10/2021 14:49:27 - INFO - __main__ - Found 37 errors.
11/10/2021 14:49:27 - INFO - __main__ - Start error-fixing .... Timecode: 64
11/10/2021 14:49:48 - INFO - __main__ - Start error-fixing .... Done!
11/10/2021 14:49:50 - INFO - __main__ - Overall: 0.6995945945945945 from scores=[0.521875, 0.972972972972973, 0.845703125, 0.677734375, 0.4796875]
11/10/2021 14:49:50 - INFO - __main__ - --------------------------------------------------
11/10/2021 14:49:50 - INFO - __main__ - Evaluating to get errors .... Timecode: 65
11/10/2021 14:49:53 - INFO - __main__ - Before Error Fixing: {'EM': 0.53125, 'QA-F1': 0.6273445234382735}
11/10/2021 14:49:53 - INFO - __main__ - Found 30 errors.
11/10/2021 14:49:53 - INFO - __main__ - Start error-fixing .... Timecode: 65
11/10/2021 14:50:10 - INFO - __main__ - Start error-fixing .... Done!
11/10/2021 14:50:12 - INFO - __main__ - Overall: 0.6983617424242424 from scores=[0.5220170454545454, 0.9666666666666667, 0.845703125, 0.677734375, 0.4796875]
11/10/2021 14:50:12 - INFO - __main__ - --------------------------------------------------
11/10/2021 14:50:12 - INFO - __main__ - Evaluating to get errors .... Timecode: 66
11/10/2021 14:50:15 - INFO - __main__ - Before Error Fixing: {'EM': 0.625, 'QA-F1': 0.7639935621684572}
11/10/2021 14:50:15 - INFO - __main__ - Found 24 errors.
11/10/2021 14:50:15 - INFO - __main__ - Start error-fixing .... Timecode: 66
11/10/2021 14:50:26 - INFO - __main__ - Start error-fixing .... Done!
11/10/2021 14:50:28 - INFO - __main__ - Overall: 0.697002487562189 from scores=[0.523554104477612, 0.9583333333333334, 0.845703125, 0.677734375, 0.4796875]
11/10/2021 14:50:28 - INFO - __main__ - --------------------------------------------------
11/10/2021 14:50:28 - INFO - __main__ - Evaluating to get errors .... Timecode: 67
11/10/2021 14:50:30 - INFO - __main__ - Before Error Fixing: {'EM': 0.484375, 'QA-F1': 0.6317871058679883}
11/10/2021 14:50:30 - INFO - __main__ - Found 33 errors.
11/10/2021 14:50:30 - INFO - __main__ - Start error-fixing .... Timecode: 67
11/10/2021 14:50:47 - INFO - __main__ - Start error-fixing .... Done!
11/10/2021 14:50:48 - INFO - __main__ - Overall: 0.699159982174688 from scores=[0.5229779411764706, 0.9696969696969697, 0.845703125, 0.677734375, 0.4796875]
11/10/2021 14:50:48 - INFO - __main__ - --------------------------------------------------
11/10/2021 14:50:48 - INFO - __main__ - Evaluating to get errors .... Timecode: 68
11/10/2021 14:50:51 - INFO - __main__ - Before Error Fixing: {'EM': 0.53125, 'QA-F1': 0.5885416666666666}
11/10/2021 14:50:51 - INFO - __main__ - Found 30 errors.
11/10/2021 14:50:51 - INFO - __main__ - Start error-fixing .... Timecode: 68
11/10/2021 14:51:08 - INFO - __main__ - Start error-fixing .... Done!
11/10/2021 14:51:09 - INFO - __main__ - Overall: 0.7052445652173913 from scores=[0.5230978260869565, 1.0, 0.845703125, 0.677734375, 0.4796875]
11/10/2021 14:51:09 - INFO - __main__ - --------------------------------------------------
11/10/2021 14:51:09 - INFO - __main__ - Evaluating to get errors .... Timecode: 69
11/10/2021 14:51:11 - INFO - __main__ - Before Error Fixing: {'EM': 0.5625, 'QA-F1': 0.6427083333333334}
11/10/2021 14:51:11 - INFO - __main__ - Found 28 errors.
11/10/2021 14:51:11 - INFO - __main__ - Start error-fixing .... Timecode: 69
11/10/2021 14:51:27 - INFO - __main__ - Start error-fixing .... Done!
11/10/2021 14:51:29 - INFO - __main__ - Overall: 0.7053571428571429 from scores=[0.5236607142857144, 1.0, 0.845703125, 0.677734375, 0.4796875]
11/10/2021 14:51:29 - INFO - __main__ - --------------------------------------------------
11/10/2021 14:51:29 - INFO - __main__ - Start eval_knowledge_retention for UKR @ Timecode=70
11/10/2021 14:51:49 - INFO - __main__ - Upstream Knowledge Retation (UKR@70): 0.7070
11/10/2021 14:51:50 - INFO - __main__ - Start eval_knowledge_retention for OKR @ Timecode=70
11/10/2021 14:52:16 - INFO - __main__ - Online Knowledge Retation (OKR@70): 0.8438
11/10/2021 14:52:16 - INFO - __main__ - Start eval_knowledge_generalization for KG @ Timecode=70
11/10/2021 14:53:08 - INFO - __main__ - Future Knowledge Generalization (KG@70): 0.5156
11/10/2021 14:53:08 - INFO - __main__ - Evaluating to get errors .... Timecode: 70
11/10/2021 14:53:11 - INFO - __main__ - Before Error Fixing: {'EM': 0.578125, 'QA-F1': 0.6865415834165833}
11/10/2021 14:53:11 - INFO - __main__ - Found 27 errors.
11/10/2021 14:53:11 - INFO - __main__ - Start error-fixing .... Timecode: 70
11/10/2021 14:53:23 - INFO - __main__ - Start error-fixing .... Done!
11/10/2021 14:53:25 - INFO - __main__ - Overall: 0.7107594059728742 from scores=[0.5244278169014085, 0.9629629629629629, 0.84375, 0.70703125, 0.515625]
11/10/2021 14:53:27 - INFO - __main__ - Model saved to experiments/ckpt_dirs/qa/owc/qa_oewc_lr=3e-5_ep=10_lbd=1_gm=1_T=100,b=64,alpha=0.9,beta=0.5,gamma=0.8/model_ckpt_070.pt.
11/10/2021 14:53:27 - INFO - __main__ - Updated result feule: experiments/results/qa/qa_oewc_lr=3e-5_ep=10_lbd=1_gm=1_T=100,b=64,alpha=0.9,beta=0.5,gamma=0.8_result.json at Timecode: 70.
11/10/2021 14:53:27 - INFO - __main__ - --------------------------------------------------
11/10/2021 14:53:27 - INFO - __main__ - Evaluating to get errors .... Timecode: 71
11/10/2021 14:53:31 - INFO - __main__ - Before Error Fixing: {'EM': 0.484375, 'QA-F1': 0.5660466269841269}
11/10/2021 14:53:31 - INFO - __main__ - Found 33 errors.
11/10/2021 14:53:31 - INFO - __main__ - Start error-fixing .... Timecode: 71
11/10/2021 14:53:50 - INFO - __main__ - Start error-fixing .... Done!
11/10/2021 14:53:52 - INFO - __main__ - Overall: 0.7180555555555556 from scores=[0.5238715277777778, 1.0, 0.84375, 0.70703125, 0.515625]
11/10/2021 14:53:52 - INFO - __main__ - --------------------------------------------------
11/10/2021 14:53:52 - INFO - __main__ - Evaluating to get errors .... Timecode: 72
11/10/2021 14:53:55 - INFO - __main__ - Before Error Fixing: {'EM': 0.609375, 'QA-F1': 0.7193452380952381}
11/10/2021 14:53:55 - INFO - __main__ - Found 25 errors.
11/10/2021 14:53:55 - INFO - __main__ - Start error-fixing .... Timecode: 72
11/10/2021 14:54:10 - INFO - __main__ - Start error-fixing .... Done!
11/10/2021 14:54:12 - INFO - __main__ - Overall: 0.7022898116438356 from scores=[0.525042808219178, 0.92, 0.84375, 0.70703125, 0.515625]
11/10/2021 14:54:12 - INFO - __main__ - --------------------------------------------------
11/10/2021 14:54:12 - INFO - __main__ - Evaluating to get errors .... Timecode: 73
11/10/2021 14:54:15 - INFO - __main__ - Before Error Fixing: {'EM': 0.6875, 'QA-F1': 0.7015625}
11/10/2021 14:54:15 - INFO - __main__ - Found 20 errors.
11/10/2021 14:54:15 - INFO - __main__ - Start error-fixing .... Timecode: 73
11/10/2021 14:54:27 - INFO - __main__ - Start error-fixing .... Done!
11/10/2021 14:54:27 - INFO - __main__ - Overall: 0.7087288851351351 from scores=[0.5272381756756757, 0.95, 0.84375, 0.70703125, 0.515625]
11/10/2021 14:54:27 - INFO - __main__ - --------------------------------------------------
11/10/2021 14:54:27 - INFO - __main__ - Evaluating to get errors .... Timecode: 74
11/10/2021 14:54:30 - INFO - __main__ - Before Error Fixing: {'EM': 0.4375, 'QA-F1': 0.50625}
11/10/2021 14:54:30 - INFO - __main__ - Found 36 errors.
11/10/2021 14:54:30 - INFO - __main__ - Start error-fixing .... Timecode: 74
11/10/2021 14:54:51 - INFO - __main__ - Start error-fixing .... Done!
11/10/2021 14:54:52 - INFO - __main__ - Overall: 0.7129340277777778 from scores=[0.5260416666666667, 0.9722222222222222, 0.84375, 0.70703125, 0.515625]
11/10/2021 14:54:52 - INFO - __main__ - --------------------------------------------------
11/10/2021 14:54:52 - INFO - __main__ - Evaluating to get errors .... Timecode: 75
11/10/2021 14:54:55 - INFO - __main__ - Before Error Fixing: {'EM': 0.5, 'QA-F1': 0.5711805555555555}
11/10/2021 14:54:55 - INFO - __main__ - Found 32 errors.
11/10/2021 14:54:55 - INFO - __main__ - Start error-fixing .... Timecode: 75
11/10/2021 14:55:13 - INFO - __main__ - Start error-fixing .... Done!
11/10/2021 14:55:14 - INFO - __main__ - Overall: 0.718421052631579 from scores=[0.5256990131578947, 1.0, 0.84375, 0.70703125, 0.515625]
11/10/2021 14:55:14 - INFO - __main__ - --------------------------------------------------
11/10/2021 14:55:14 - INFO - __main__ - Evaluating to get errors .... Timecode: 76
11/10/2021 14:55:18 - INFO - __main__ - Before Error Fixing: {'EM': 0.546875, 'QA-F1': 0.6006876803751804}
11/10/2021 14:55:18 - INFO - __main__ - Found 29 errors.
11/10/2021 14:55:18 - INFO - __main__ - Start error-fixing .... Timecode: 76
11/10/2021 14:55:34 - INFO - __main__ - Start error-fixing .... Done!
11/10/2021 14:55:36 - INFO - __main__ - Overall: 0.6977864000223913 from scores=[0.525974025974026, 0.896551724137931, 0.84375, 0.70703125, 0.515625]
11/10/2021 14:55:36 - INFO - __main__ - --------------------------------------------------
11/10/2021 14:55:36 - INFO - __main__ - Evaluating to get errors .... Timecode: 77
11/10/2021 14:55:39 - INFO - __main__ - Before Error Fixing: {'EM': 0.59375, 'QA-F1': 0.6728422619047618}
11/10/2021 14:55:39 - INFO - __main__ - Found 26 errors.
11/10/2021 14:55:39 - INFO - __main__ - Start error-fixing .... Timecode: 77
11/10/2021 14:55:55 - INFO - __main__ - Start error-fixing .... Done!
11/10/2021 14:55:56 - INFO - __main__ - Overall: 0.7186498397435898 from scores=[0.5268429487179487, 1.0, 0.84375, 0.70703125, 0.515625]
11/10/2021 14:55:56 - INFO - __main__ - --------------------------------------------------
11/10/2021 14:55:56 - INFO - __main__ - Evaluating to get errors .... Timecode: 78
11/10/2021 14:55:59 - INFO - __main__ - Before Error Fixing: {'EM': 0.640625, 'QA-F1': 0.701860119047619}
11/10/2021 14:55:59 - INFO - __main__ - Found 23 errors.
11/10/2021 14:55:59 - INFO - __main__ - Start error-fixing .... Timecode: 78
11/10/2021 14:56:12 - INFO - __main__ - Start error-fixing .... Done!
11/10/2021 14:56:13 - INFO - __main__ - Overall: 0.7189378955696203 from scores=[0.5282832278481013, 1.0, 0.84375, 0.70703125, 0.515625]
11/10/2021 14:56:13 - INFO - __main__ - --------------------------------------------------
11/10/2021 14:56:13 - INFO - __main__ - Evaluating to get errors .... Timecode: 79
11/10/2021 14:56:15 - INFO - __main__ - Before Error Fixing: {'EM': 0.53125, 'QA-F1': 0.6278445512820512}
11/10/2021 14:56:15 - INFO - __main__ - Found 30 errors.
11/10/2021 14:56:16 - INFO - __main__ - Start error-fixing .... Timecode: 79
11/10/2021 14:56:33 - INFO - __main__ - Start error-fixing .... Done!
11/10/2021 14:56:34 - INFO - __main__ - Overall: 0.7189453125 from scores=[0.5283203125, 1.0, 0.84375, 0.70703125, 0.515625]
11/10/2021 14:56:34 - INFO - __main__ - --------------------------------------------------
11/10/2021 14:56:34 - INFO - __main__ - Start eval_knowledge_retention for UKR @ Timecode=80
11/10/2021 14:56:56 - INFO - __main__ - Upstream Knowledge Retation (UKR@80): 0.7031
11/10/2021 14:56:57 - INFO - __main__ - Start eval_knowledge_retention for OKR @ Timecode=80
11/10/2021 14:57:27 - INFO - __main__ - Online Knowledge Retation (OKR@80): 0.8203
11/10/2021 14:57:27 - INFO - __main__ - Start eval_knowledge_generalization for KG @ Timecode=80
11/10/2021 14:58:27 - INFO - __main__ - Future Knowledge Generalization (KG@80): 0.4930
11/10/2021 14:58:27 - INFO - __main__ - Evaluating to get errors .... Timecode: 80
11/10/2021 14:58:30 - INFO - __main__ - Before Error Fixing: {'EM': 0.6875, 'QA-F1': 0.7060267857142857}
11/10/2021 14:58:30 - INFO - __main__ - Found 20 errors.
11/10/2021 14:58:30 - INFO - __main__ - Start error-fixing .... Timecode: 80
11/10/2021 14:58:42 - INFO - __main__ - Start error-fixing .... Done!
11/10/2021 14:58:43 - INFO - __main__ - Overall: 0.6993383487654321 from scores=[0.5302854938271605, 0.95, 0.8203125, 0.703125, 0.49296875]
11/10/2021 14:58:44 - INFO - __main__ - Model saved to experiments/ckpt_dirs/qa/owc/qa_oewc_lr=3e-5_ep=10_lbd=1_gm=1_T=100,b=64,alpha=0.9,beta=0.5,gamma=0.8/model_ckpt_080.pt.
11/10/2021 14:58:44 - INFO - __main__ - Updated result feule: experiments/results/qa/qa_oewc_lr=3e-5_ep=10_lbd=1_gm=1_T=100,b=64,alpha=0.9,beta=0.5,gamma=0.8_result.json at Timecode: 80.
11/10/2021 14:58:44 - INFO - __main__ - --------------------------------------------------
11/10/2021 14:58:44 - INFO - __main__ - Evaluating to get errors .... Timecode: 81
11/10/2021 14:58:49 - INFO - __main__ - Before Error Fixing: {'EM': 0.515625, 'QA-F1': 0.6121787274410928}
11/10/2021 14:58:49 - INFO - __main__ - Found 31 errors.
11/10/2021 14:58:49 - INFO - __main__ - Start error-fixing .... Timecode: 81
11/10/2021 14:59:04 - INFO - __main__ - Start error-fixing .... Done!
11/10/2021 14:59:07 - INFO - __main__ - Overall: 0.6899477527537372 from scores=[0.5301067073170731, 0.9032258064516129, 0.8203125, 0.703125, 0.49296875]
11/10/2021 14:59:07 - INFO - __main__ - --------------------------------------------------
11/10/2021 14:59:07 - INFO - __main__ - Evaluating to get errors .... Timecode: 82
11/10/2021 14:59:10 - INFO - __main__ - Before Error Fixing: {'EM': 0.5625, 'QA-F1': 0.6580882352941176}
11/10/2021 14:59:10 - INFO - __main__ - Found 28 errors.
11/10/2021 14:59:11 - INFO - __main__ - Start error-fixing .... Timecode: 82
11/10/2021 14:59:27 - INFO - __main__ - Start error-fixing .... Done!
11/10/2021 14:59:28 - INFO - __main__ - Overall: 0.7022377904475043 from scores=[0.5304969879518072, 0.9642857142857143, 0.8203125, 0.703125, 0.49296875]
11/10/2021 14:59:28 - INFO - __main__ - --------------------------------------------------
11/10/2021 14:59:28 - INFO - __main__ - Evaluating to get errors .... Timecode: 83
11/10/2021 14:59:31 - INFO - __main__ - Before Error Fixing: {'EM': 0.53125, 'QA-F1': 0.613999037114846}
11/10/2021 14:59:31 - INFO - __main__ - Found 30 errors.
11/10/2021 14:59:31 - INFO - __main__ - Start error-fixing .... Timecode: 83
11/10/2021 14:59:48 - INFO - __main__ - Start error-fixing .... Done!
11/10/2021 14:59:50 - INFO - __main__ - Overall: 0.7027157738095238 from scores=[0.5305059523809523, 0.9666666666666667, 0.8203125, 0.703125, 0.49296875]
11/10/2021 14:59:50 - INFO - __main__ - --------------------------------------------------
11/10/2021 14:59:50 - INFO - __main__ - Evaluating to get errors .... Timecode: 84
11/10/2021 14:59:52 - INFO - __main__ - Before Error Fixing: {'EM': 0.53125, 'QA-F1': 0.5950396825396825}
11/10/2021 14:59:52 - INFO - __main__ - Found 30 errors.
11/10/2021 14:59:52 - INFO - __main__ - Start error-fixing .... Timecode: 84
11/10/2021 15:00:09 - INFO - __main__ - Start error-fixing .... Done!
11/10/2021 15:00:10 - INFO - __main__ - Overall: 0.6960508578431372 from scores=[0.5305147058823529, 0.9333333333333333, 0.8203125, 0.703125, 0.49296875]
11/10/2021 15:00:10 - INFO - __main__ - --------------------------------------------------
11/10/2021 15:00:10 - INFO - __main__ - Evaluating to get errors .... Timecode: 85
11/10/2021 15:00:13 - INFO - __main__ - Before Error Fixing: {'EM': 0.625, 'QA-F1': 0.6597222222222223}
11/10/2021 15:00:13 - INFO - __main__ - Found 24 errors.
11/10/2021 15:00:13 - INFO - __main__ - Start error-fixing .... Timecode: 85
11/10/2021 15:00:27 - INFO - __main__ - Start error-fixing .... Done!
11/10/2021 15:00:28 - INFO - __main__ - Overall: 0.6762705910852713 from scores=[0.5316133720930232, 0.8333333333333334, 0.8203125, 0.703125, 0.49296875]
11/10/2021 15:00:28 - INFO - __main__ - --------------------------------------------------
11/10/2021 15:00:28 - INFO - __main__ - Evaluating to get errors .... Timecode: 86
11/10/2021 15:00:31 - INFO - __main__ - Before Error Fixing: {'EM': 0.5, 'QA-F1': 0.5663541319346037}
11/10/2021 15:00:31 - INFO - __main__ - Found 32 errors.
11/10/2021 15:00:32 - INFO - __main__ - Start error-fixing .... Timecode: 86
11/10/2021 15:00:49 - INFO - __main__ - Start error-fixing .... Done!
11/10/2021 15:00:52 - INFO - __main__ - Overall: 0.7032812500000001 from scores=[0.53125, 0.96875, 0.8203125, 0.703125, 0.49296875]
11/10/2021 15:00:52 - INFO - __main__ - --------------------------------------------------
11/10/2021 15:00:52 - INFO - __main__ - Evaluating to get errors .... Timecode: 87
11/10/2021 15:00:55 - INFO - __main__ - Before Error Fixing: {'EM': 0.484375, 'QA-F1': 0.5608022186147186}
11/10/2021 15:00:55 - INFO - __main__ - Found 33 errors.
11/10/2021 15:00:55 - INFO - __main__ - Start error-fixing .... Timecode: 87
11/10/2021 15:01:15 - INFO - __main__ - Start error-fixing .... Done!
11/10/2021 15:01:16 - INFO - __main__ - Overall: 0.709424715909091 from scores=[0.5307173295454546, 1.0, 0.8203125, 0.703125, 0.49296875]
11/10/2021 15:01:16 - INFO - __main__ - --------------------------------------------------
11/10/2021 15:01:16 - INFO - __main__ - Evaluating to get errors .... Timecode: 88
11/10/2021 15:01:19 - INFO - __main__ - Before Error Fixing: {'EM': 0.515625, 'QA-F1': 0.6036593614718615}
11/10/2021 15:01:19 - INFO - __main__ - Found 31 errors.
11/10/2021 15:01:19 - INFO - __main__ - Start error-fixing .... Timecode: 88
11/10/2021 15:01:36 - INFO - __main__ - Start error-fixing .... Done!
11/10/2021 15:01:38 - INFO - __main__ - Overall: 0.702939187658572 from scores=[0.5305477528089888, 0.967741935483871, 0.8203125, 0.703125, 0.49296875]
11/10/2021 15:01:38 - INFO - __main__ - --------------------------------------------------
11/10/2021 15:01:38 - INFO - __main__ - Evaluating to get errors .... Timecode: 89
11/10/2021 15:01:41 - INFO - __main__ - Before Error Fixing: {'EM': 0.625, 'QA-F1': 0.6619791666666667}
11/10/2021 15:01:41 - INFO - __main__ - Found 24 errors.
11/10/2021 15:01:41 - INFO - __main__ - Start error-fixing .... Timecode: 89
11/10/2021 15:01:54 - INFO - __main__ - Start error-fixing .... Done!
11/10/2021 15:01:55 - INFO - __main__ - Overall: 0.7096006944444445 from scores=[0.5315972222222223, 1.0, 0.8203125, 0.703125, 0.49296875]
11/10/2021 15:01:55 - INFO - __main__ - --------------------------------------------------
11/10/2021 15:01:55 - INFO - __main__ - Start eval_knowledge_retention for UKR @ Timecode=90
11/10/2021 15:02:17 - INFO - __main__ - Upstream Knowledge Retation (UKR@90): 0.7188
11/10/2021 15:02:18 - INFO - __main__ - Start eval_knowledge_retention for OKR @ Timecode=90
11/10/2021 15:02:44 - INFO - __main__ - Online Knowledge Retation (OKR@90): 0.8418
11/10/2021 15:02:44 - INFO - __main__ - Start eval_knowledge_generalization for KG @ Timecode=90
11/10/2021 15:03:40 - INFO - __main__ - Future Knowledge Generalization (KG@90): 0.5008
11/10/2021 15:03:40 - INFO - __main__ - Evaluating to get errors .... Timecode: 90
11/10/2021 15:03:43 - INFO - __main__ - Before Error Fixing: {'EM': 0.609375, 'QA-F1': 0.6276041666666666}
11/10/2021 15:03:43 - INFO - __main__ - Found 25 errors.
11/10/2021 15:03:43 - INFO - __main__ - Start error-fixing .... Timecode: 90
11/10/2021 15:03:59 - INFO - __main__ - Start error-fixing .... Done!
11/10/2021 15:04:00 - INFO - __main__ - Overall: 0.7187560096153847 from scores=[0.5324519230769231, 1.0, 0.841796875, 0.71875, 0.50078125]
11/10/2021 15:04:01 - INFO - __main__ - Model saved to experiments/ckpt_dirs/qa/owc/qa_oewc_lr=3e-5_ep=10_lbd=1_gm=1_T=100,b=64,alpha=0.9,beta=0.5,gamma=0.8/model_ckpt_090.pt.
11/10/2021 15:04:01 - INFO - __main__ - Updated result feule: experiments/results/qa/qa_oewc_lr=3e-5_ep=10_lbd=1_gm=1_T=100,b=64,alpha=0.9,beta=0.5,gamma=0.8_result.json at Timecode: 90.
11/10/2021 15:04:01 - INFO - __main__ - --------------------------------------------------
11/10/2021 15:04:01 - INFO - __main__ - Evaluating to get errors .... Timecode: 91
11/10/2021 15:04:04 - INFO - __main__ - Before Error Fixing: {'EM': 0.71875, 'QA-F1': 0.7833333333333333}
11/10/2021 15:04:04 - INFO - __main__ - Found 18 errors.
11/10/2021 15:04:04 - INFO - __main__ - Start error-fixing .... Timecode: 91
11/10/2021 15:04:15 - INFO - __main__ - Start error-fixing .... Done!
11/10/2021 15:04:15 - INFO - __main__ - Overall: 0.7191610054347827 from scores=[0.5344769021739131, 1.0, 0.841796875, 0.71875, 0.50078125]
11/10/2021 15:04:15 - INFO - __main__ - --------------------------------------------------
11/10/2021 15:04:15 - INFO - __main__ - Evaluating to get errors .... Timecode: 92
11/10/2021 15:04:18 - INFO - __main__ - Before Error Fixing: {'EM': 0.625, 'QA-F1': 0.7256628787878787}
11/10/2021 15:04:18 - INFO - __main__ - Found 24 errors.
11/10/2021 15:04:18 - INFO - __main__ - Start error-fixing .... Timecode: 92
11/10/2021 15:04:30 - INFO - __main__ - Start error-fixing .... Done!
11/10/2021 15:04:31 - INFO - __main__ - Overall: 0.7193556787634409 from scores=[0.5354502688172043, 1.0, 0.841796875, 0.71875, 0.50078125]
11/10/2021 15:04:31 - INFO - __main__ - --------------------------------------------------
11/10/2021 15:04:31 - INFO - __main__ - Evaluating to get errors .... Timecode: 93
11/10/2021 15:04:34 - INFO - __main__ - Before Error Fixing: {'EM': 0.734375, 'QA-F1': 0.8035601551226551}
11/10/2021 15:04:34 - INFO - __main__ - Found 17 errors.
11/10/2021 15:04:35 - INFO - __main__ - Start error-fixing .... Timecode: 93
11/10/2021 15:04:42 - INFO - __main__ - Start error-fixing .... Done!
11/10/2021 15:04:43 - INFO - __main__ - Overall: 0.7197789228723405 from scores=[0.5375664893617021, 1.0, 0.841796875, 0.71875, 0.50078125]
11/10/2021 15:04:43 - INFO - __main__ - --------------------------------------------------
11/10/2021 15:04:43 - INFO - __main__ - Evaluating to get errors .... Timecode: 94
11/10/2021 15:04:46 - INFO - __main__ - Before Error Fixing: {'EM': 0.59375, 'QA-F1': 0.6263020833333333}
11/10/2021 15:04:46 - INFO - __main__ - Found 26 errors.
11/10/2021 15:04:46 - INFO - __main__ - Start error-fixing .... Timecode: 94
11/10/2021 15:05:02 - INFO - __main__ - Start error-fixing .... Done!
11/10/2021 15:05:03 - INFO - __main__ - Overall: 0.7198972039473684 from scores=[0.5381578947368422, 1.0, 0.841796875, 0.71875, 0.50078125]
11/10/2021 15:05:03 - INFO - __main__ - --------------------------------------------------
11/10/2021 15:05:03 - INFO - __main__ - Evaluating to get errors .... Timecode: 95
11/10/2021 15:05:07 - INFO - __main__ - Before Error Fixing: {'EM': 0.515625, 'QA-F1': 0.6211676497522085}
11/10/2021 15:05:07 - INFO - __main__ - Found 31 errors.
11/10/2021 15:05:07 - INFO - __main__ - Start error-fixing .... Timecode: 95
11/10/2021 15:05:24 - INFO - __main__ - Start error-fixing .... Done!
11/10/2021 15:05:26 - INFO - __main__ - Overall: 0.7133986475134408 from scores=[0.5379231770833333, 0.967741935483871, 0.841796875, 0.71875, 0.50078125]
11/10/2021 15:05:26 - INFO - __main__ - --------------------------------------------------
11/10/2021 15:05:26 - INFO - __main__ - Evaluating to get errors .... Timecode: 96
11/10/2021 15:05:30 - INFO - __main__ - Before Error Fixing: {'EM': 0.5, 'QA-F1': 0.6454114248038396}
11/10/2021 15:05:30 - INFO - __main__ - Found 32 errors.
11/10/2021 15:05:31 - INFO - __main__ - Start error-fixing .... Timecode: 96
11/10/2021 15:05:48 - INFO - __main__ - Start error-fixing .... Done!
11/10/2021 15:05:50 - INFO - __main__ - Overall: 0.719772068298969 from scores=[0.5375322164948453, 1.0, 0.841796875, 0.71875, 0.50078125]
11/10/2021 15:05:50 - INFO - __main__ - --------------------------------------------------
11/10/2021 15:05:50 - INFO - __main__ - Evaluating to get errors .... Timecode: 97
11/10/2021 15:05:55 - INFO - __main__ - Before Error Fixing: {'EM': 0.515625, 'QA-F1': 0.6355585306918028}
11/10/2021 15:05:55 - INFO - __main__ - Found 31 errors.
11/10/2021 15:05:55 - INFO - __main__ - Start error-fixing .... Timecode: 97
11/10/2021 15:06:11 - INFO - __main__ - Start error-fixing .... Done!
11/10/2021 15:06:13 - INFO - __main__ - Overall: 0.7132757467906516 from scores=[0.5373086734693877, 0.967741935483871, 0.841796875, 0.71875, 0.50078125]
11/10/2021 15:06:13 - INFO - __main__ - --------------------------------------------------
11/10/2021 15:06:13 - INFO - __main__ - Evaluating to get errors .... Timecode: 98
11/10/2021 15:06:16 - INFO - __main__ - Before Error Fixing: {'EM': 0.59375, 'QA-F1': 0.6664377289377289}
11/10/2021 15:06:16 - INFO - __main__ - Found 26 errors.
11/10/2021 15:06:16 - INFO - __main__ - Start error-fixing .... Timecode: 98
11/10/2021 15:06:32 - INFO - __main__ - Start error-fixing .... Done!
11/10/2021 15:06:33 - INFO - __main__ - Overall: 0.7198413825757577 from scores=[0.5378787878787878, 1.0, 0.841796875, 0.71875, 0.50078125]
11/10/2021 15:06:33 - INFO - __main__ - --------------------------------------------------
11/10/2021 15:06:33 - INFO - __main__ - Start eval_knowledge_retention for UKR @ Timecode=99
11/10/2021 15:06:54 - INFO - __main__ - Upstream Knowledge Retation (UKR@99): 0.6953
11/10/2021 15:06:55 - INFO - __main__ - Start eval_knowledge_retention for OKR @ Timecode=99
11/10/2021 15:07:24 - INFO - __main__ - Online Knowledge Retation (OKR@99): 0.8320
11/10/2021 15:07:24 - INFO - __main__ - Start eval_knowledge_generalization for KG @ Timecode=99
11/10/2021 15:08:23 - INFO - __main__ - Future Knowledge Generalization (KG@99): 0.5188
11/10/2021 15:08:23 - INFO - __main__ - Evaluating to get errors .... Timecode: 99
11/10/2021 15:08:25 - INFO - __main__ - Before Error Fixing: {'EM': 0.65625, 'QA-F1': 0.7119791666666667}
11/10/2021 15:08:25 - INFO - __main__ - Found 22 errors.
11/10/2021 15:08:26 - INFO - __main__ - Start error-fixing .... Timecode: 99
11/10/2021 15:08:38 - INFO - __main__ - Start error-fixing .... Done!
11/10/2021 15:08:39 - INFO - __main__ - Overall: 0.707940340909091 from scores=[0.5390625, 0.9545454545454546, 0.83203125, 0.6953125, 0.51875]
11/10/2021 15:08:39 - INFO - __main__ - --------------------------------------------------
11/10/2021 15:08:39 - INFO - __main__ - Start the final evaluation.
11/10/2021 15:08:39 - INFO - __main__ - Nothing here.
11/10/2021 15:08:41 - INFO - __main__ - Model saved to experiments/ckpt_dirs/qa/owc/qa_oewc_lr=3e-5_ep=10_lbd=1_gm=1_T=100,b=64,alpha=0.9,beta=0.5,gamma=0.8/model_ckpt_100.pt.
11/10/2021 15:08:41 - INFO - __main__ - Updated result feule: experiments/results/qa/qa_oewc_lr=3e-5_ep=10_lbd=1_gm=1_T=100,b=64,alpha=0.9,beta=0.5,gamma=0.8_result.json at Timecode: 100.
11/10/2021 15:08:41 - INFO - __main__ - Finished. Results saved to experiments/results/qa/qa_oewc_lr=3e-5_ep=10_lbd=1_gm=1_T=100,b=64,alpha=0.9,beta=0.5,gamma=0.8_result.json

