
11/08/2021 02:19:31 - INFO - __main__ - Namespace(adam_epsilon=1e-08, adapter_dim=32, append_another_bos=1, base_model_path='out/mrqa_squad_bart-base_1029_upstream_model//best-model.pt', base_model_type='facebook/bart-base', ckpt_dir='experiments/ckpt_dirs/qa/nonecl', cl_method_name='none_cl', current_thread_id=None, do_lowercase=False, ewc_gamma=1, ewc_lambda=0.5, example_encoder_name='roberta-base', freeze_embeds=False, gradient_accumulation_steps=1, heldout_submission_data='experiments/eval_data/qa/heldout_eval.jsonl', index_rank_method='most_similar', indexing_args_path='exp_results/supervision_data/1012_dm_simple.train_args.json', indexing_method='bart_index', inference_query_size=1, init_memory_cache_path='bug_data/memory_key_cache.pkl', kg_eval_freq=10, kg_eval_mode='metric', kr_eval_freq=10, kr_eval_mode='metric', learning_rate=0.0, local_adapt_lr=1e-05, max_grad_norm=0.1, max_input_length=888, max_output_length=50, max_timecode=100, memory_key_encoder='facebook/bart-base', memory_path='', memory_store_rate=1.0, mir_abalation_args='none', num_adapt_epochs=1, num_beams=3, num_threads_eval=0, num_train_epochs=0.0, okr_sample_seed=1337, okr_sample_size=512, path_to_thread_result=None, predict_batch_size=64, prefix='QA_nonecl_T=100,b=64,alpha=0.9,beta=0.5,gamma=0.8', replay_candidate_size=8, replay_frequency=1, replay_size=8, result_file='experiments/results/qa/QA_nonecl_T=100,b=64,alpha=0.9,beta=0.5,gamma=0.8_result.json', save_ckpt_freq=10, seed=42, skip_instant_eval=False, submission_stream_data='experiments/eval_data/qa/submission_stream.T=100,b=64,alpha=0.9,beta=0.5,gamma=0.8.json', task_emb_dim=768, task_name='mrqa', train_batch_size=8, upstream_data_path='data/mrqa_squad/mrqa_squad_train.jsonl', upstream_eval_data='experiments/eval_data/qa/upstream_eval.jsonl', upstream_sample_ratio=-1, use_mir=False, use_replay_mix=False, use_wandb=True, weight_decay=0.01)
11/08/2021 02:19:31 - INFO - transformers.tokenization_utils - loading file https://s3.amazonaws.com/models.huggingface.co/bert/roberta-large-vocab.json from cache at /private/home/yuchenlin/.cache/torch/transformers/1ae1f5b6e2b22b25ccc04c000bb79ca847aa226d0761536b011cf7e5868f0655.ef00af9e673c7160b4d41cfda1f48c5f4cba57d5142754525572a846a1ab1b9b
11/08/2021 02:19:31 - INFO - transformers.tokenization_utils - loading file https://s3.amazonaws.com/models.huggingface.co/bert/roberta-large-merges.txt from cache at /private/home/yuchenlin/.cache/torch/transformers/f8f83199a6270d582d6245dc100e99c4155de81c9745c6248077018fe01abcfb.70bec105b4158ed9a1747fea67a43f5dee97855c64d62b6ec3742f4cfdb5feda
11/08/2021 02:20:02 - INFO - __main__ - load_data: len(upstream_eval_examples)=512
11/08/2021 02:20:02 - INFO - __main__ - load_data: len(heldout_eval_examples)=1280
11/08/2021 02:20:08 - INFO - __main__ - Loading checkpoint from out/mrqa_squad_bart-base_1029_upstream_model//best-model.pt for facebook/bart-base .....
11/08/2021 02:20:09 - INFO - transformers.configuration_utils - loading configuration file https://s3.amazonaws.com/models.huggingface.co/bert/facebook/bart-base/config.json from cache at /private/home/yuchenlin/.cache/torch/transformers/09f4fcaeaf785dd3b97b085d6e3510c7081f586ec8e75981683c6299c0f81d9d.e8d516ad807436d395effad8c2326786872659b7dd1210827ac67c761198a0eb
11/08/2021 02:20:09 - INFO - transformers.configuration_utils - Model config BartConfig {
  "activation_dropout": 0.1,
  "activation_function": "gelu",
  "add_bias_logits": false,
  "add_final_layer_norm": false,
  "architectures": [
    "BartModel",
    "BartForConditionalGeneration",
    "BartForSequenceClassification"
  ],
  "attention_dropout": 0.1,
  "bos_token_id": 0,
  "classif_dropout": 0.0,
  "d_model": 768,
  "decoder_attention_heads": 12,
  "decoder_ffn_dim": 3072,
  "decoder_layerdrop": 0.0,
  "decoder_layers": 6,
  "decoder_start_token_id": 2,
  "dropout": 0.1,
  "early_stopping": true,
  "encoder_attention_heads": 12,
  "encoder_ffn_dim": 3072,
  "encoder_layerdrop": 0.0,
  "encoder_layers": 6,
  "eos_token_id": 2,
  "id2label": {
    "0": "LABEL_0",
    "1": "LABEL_1",
    "2": "LABEL_2"
  },
  "init_std": 0.02,
  "is_encoder_decoder": true,
  "label2id": {
    "LABEL_0": 0,
    "LABEL_1": 1,
    "LABEL_2": 2
  },
  "max_position_embeddings": 1024,
  "model_type": "bart",
  "no_repeat_ngram_size": 3,
  "normalize_before": false,
  "normalize_embedding": true,
  "num_beams": 4,
  "num_hidden_layers": 6,
  "pad_token_id": 1,
  "scale_embedding": false,
  "static_position_embeddings": false,
  "task_specific_params": {
    "summarization": {
      "length_penalty": 1.0,
      "max_length": 128,
      "min_length": 12,
      "num_beams": 4
    },
    "summarization_cnn": {
      "length_penalty": 2.0,
      "max_length": 142,
      "min_length": 56,
      "num_beams": 4
    },
    "summarization_xsum": {
      "length_penalty": 1.0,
      "max_length": 62,
      "min_length": 11,
      "num_beams": 6
    }
  },
  "vocab_size": 50265
}

11/08/2021 02:20:09 - INFO - transformers.modeling_utils - loading weights file https://cdn.huggingface.co/facebook/bart-base/pytorch_model.bin from cache at /private/home/yuchenlin/.cache/torch/transformers/566c05fb6983817e8ad7a4fa51e3099fe9caa3b31730f964bc5198d71c677523.0a3d95c18c1e434448941bc25accea7b122882be6526fb67c8e8fb6d5ebc711c
11/08/2021 02:20:13 - INFO - __main__ - Loading checkpoint from out/mrqa_squad_bart-base_1029_upstream_model//best-model.pt for facebook/bart-base ..... Done!
11/08/2021 02:20:19 - INFO - __main__ - Moving to the GPUs.
11/08/2021 02:20:19 - INFO - __main__ - No debugger!
11/08/2021 02:20:19 - INFO - __main__ - Start Online Debugging with Dynamic Error Mode
11/08/2021 02:20:19 - INFO - __main__ - Number of Batches of Data: 100
11/08/2021 02:20:19 - INFO - __main__ - Data Batch Size: 64;
11/08/2021 02:20:21 - INFO - __main__ - Model saved to experiments/ckpt_dirs/qa/nonecl/model_ckpt_000.pt.
11/08/2021 02:20:21 - INFO - __main__ - Start eval_knowledge_retention for UKR @ Timecode=0
11/08/2021 02:20:46 - INFO - __main__ - Upstream Knowledge Retation (UKR@0): 0.8027
11/08/2021 02:20:46 - INFO - __main__ - Start eval_knowledge_generalization for KG @ Timecode=0
11/08/2021 02:22:24 - INFO - __main__ - Future Knowledge Generalization (KG@0): 0.3125
11/08/2021 02:22:24 - INFO - __main__ - Evaluating to get errors .... Timecode: 0
11/08/2021 02:22:27 - INFO - __main__ - Before Error Fixing: {'EM': 0.828125, 'QA-F1': 0.8576388888888888}
11/08/2021 02:22:27 - INFO - __main__ - Found 11 errors.
11/08/2021 02:22:27 - INFO - __main__ - Start error-fixing .... Timecode: 0
11/08/2021 02:22:27 - INFO - __main__ - No debugging at all.
11/08/2021 02:22:27 - INFO - __main__ - Start error-fixing .... Done!
11/08/2021 02:22:28 - INFO - __main__ - Overall: 0.4140625 from scores=[0.828125, 0.0]
11/08/2021 02:22:30 - INFO - __main__ - Model saved to experiments/ckpt_dirs/qa/nonecl/model_ckpt_000.pt.
11/08/2021 02:22:30 - INFO - __main__ - Updated result feule: experiments/results/qa/QA_nonecl_T=100,b=64,alpha=0.9,beta=0.5,gamma=0.8_result.json at Timecode: 0.
11/08/2021 02:22:30 - INFO - __main__ - --------------------------------------------------
11/08/2021 02:22:30 - INFO - __main__ - Evaluating to get errors .... Timecode: 1
11/08/2021 02:22:35 - INFO - __main__ - Before Error Fixing: {'EM': 0.765625, 'QA-F1': 0.8004507211538462}
11/08/2021 02:22:35 - INFO - __main__ - Found 15 errors.
11/08/2021 02:22:35 - INFO - __main__ - Start error-fixing .... Timecode: 1
11/08/2021 02:22:35 - INFO - __main__ - No debugging at all.
11/08/2021 02:22:35 - INFO - __main__ - Start error-fixing .... Done!
11/08/2021 02:22:37 - INFO - __main__ - Overall: 0.3984375 from scores=[0.796875, 0.0]
11/08/2021 02:22:37 - INFO - __main__ - --------------------------------------------------
11/08/2021 02:22:37 - INFO - __main__ - Evaluating to get errors .... Timecode: 2
11/08/2021 02:22:40 - INFO - __main__ - Before Error Fixing: {'EM': 0.78125, 'QA-F1': 0.7931042609351433}
11/08/2021 02:22:40 - INFO - __main__ - Found 14 errors.
11/08/2021 02:22:41 - INFO - __main__ - Start error-fixing .... Timecode: 2
11/08/2021 02:22:41 - INFO - __main__ - No debugging at all.
11/08/2021 02:22:41 - INFO - __main__ - Start error-fixing .... Done!
11/08/2021 02:22:42 - INFO - __main__ - Overall: 0.3958333333333333 from scores=[0.7916666666666666, 0.0]
11/08/2021 02:22:42 - INFO - __main__ - --------------------------------------------------
11/08/2021 02:22:42 - INFO - __main__ - Evaluating to get errors .... Timecode: 3
11/08/2021 02:22:46 - INFO - __main__ - Before Error Fixing: {'EM': 0.625, 'QA-F1': 0.6429450757575758}
11/08/2021 02:22:46 - INFO - __main__ - Found 24 errors.
11/08/2021 02:22:46 - INFO - __main__ - Start error-fixing .... Timecode: 3
11/08/2021 02:22:46 - INFO - __main__ - No debugging at all.
11/08/2021 02:22:46 - INFO - __main__ - Start error-fixing .... Done!
11/08/2021 02:22:48 - INFO - __main__ - Overall: 0.375 from scores=[0.75, 0.0]
11/08/2021 02:22:48 - INFO - __main__ - --------------------------------------------------
11/08/2021 02:22:48 - INFO - __main__ - Evaluating to get errors .... Timecode: 4
11/08/2021 02:22:53 - INFO - __main__ - Before Error Fixing: {'EM': 0.671875, 'QA-F1': 0.7204493856837606}
11/08/2021 02:22:53 - INFO - __main__ - Found 21 errors.
11/08/2021 02:22:53 - INFO - __main__ - Start error-fixing .... Timecode: 4
11/08/2021 02:22:53 - INFO - __main__ - No debugging at all.
11/08/2021 02:22:53 - INFO - __main__ - Start error-fixing .... Done!
11/08/2021 02:22:56 - INFO - __main__ - Overall: 0.3671875 from scores=[0.734375, 0.0]
11/08/2021 02:22:56 - INFO - __main__ - --------------------------------------------------
11/08/2021 02:22:56 - INFO - __main__ - Evaluating to get errors .... Timecode: 5
11/08/2021 02:23:01 - INFO - __main__ - Before Error Fixing: {'EM': 0.5625, 'QA-F1': 0.5961249750846476}
11/08/2021 02:23:01 - INFO - __main__ - Found 28 errors.
11/08/2021 02:23:01 - INFO - __main__ - Start error-fixing .... Timecode: 5
11/08/2021 02:23:01 - INFO - __main__ - No debugging at all.
11/08/2021 02:23:01 - INFO - __main__ - Start error-fixing .... Done!
11/08/2021 02:23:04 - INFO - __main__ - Overall: 0.35286458333333337 from scores=[0.7057291666666667, 0.0]
11/08/2021 02:23:04 - INFO - __main__ - --------------------------------------------------
11/08/2021 02:23:04 - INFO - __main__ - Evaluating to get errors .... Timecode: 6
11/08/2021 02:23:09 - INFO - __main__ - Before Error Fixing: {'EM': 0.484375, 'QA-F1': 0.5470578578866201}
11/08/2021 02:23:09 - INFO - __main__ - Found 33 errors.
11/08/2021 02:23:09 - INFO - __main__ - Start error-fixing .... Timecode: 6
11/08/2021 02:23:09 - INFO - __main__ - No debugging at all.
11/08/2021 02:23:09 - INFO - __main__ - Start error-fixing .... Done!
11/08/2021 02:23:12 - INFO - __main__ - Overall: 0.3370535714285714 from scores=[0.6741071428571428, 0.0]
11/08/2021 02:23:12 - INFO - __main__ - --------------------------------------------------
11/08/2021 02:23:12 - INFO - __main__ - Evaluating to get errors .... Timecode: 7
11/08/2021 02:23:17 - INFO - __main__ - Before Error Fixing: {'EM': 0.59375, 'QA-F1': 0.6384246203010189}
11/08/2021 02:23:17 - INFO - __main__ - Found 26 errors.
11/08/2021 02:23:17 - INFO - __main__ - Start error-fixing .... Timecode: 7
11/08/2021 02:23:17 - INFO - __main__ - No debugging at all.
11/08/2021 02:23:17 - INFO - __main__ - Start error-fixing .... Done!
11/08/2021 02:23:19 - INFO - __main__ - Overall: 0.33203125 from scores=[0.6640625, 0.0]
11/08/2021 02:23:19 - INFO - __main__ - --------------------------------------------------
11/08/2021 02:23:19 - INFO - __main__ - Evaluating to get errors .... Timecode: 8
11/08/2021 02:23:25 - INFO - __main__ - Before Error Fixing: {'EM': 0.4375, 'QA-F1': 0.47474147504598274}
11/08/2021 02:23:25 - INFO - __main__ - Found 36 errors.
11/08/2021 02:23:25 - INFO - __main__ - Start error-fixing .... Timecode: 8
11/08/2021 02:23:25 - INFO - __main__ - No debugging at all.
11/08/2021 02:23:25 - INFO - __main__ - Start error-fixing .... Done!
11/08/2021 02:23:28 - INFO - __main__ - Overall: 0.3194444444444444 from scores=[0.6388888888888888, 0.0]
11/08/2021 02:23:28 - INFO - __main__ - --------------------------------------------------
11/08/2021 02:23:28 - INFO - __main__ - Evaluating to get errors .... Timecode: 9
11/08/2021 02:23:34 - INFO - __main__ - Before Error Fixing: {'EM': 0.421875, 'QA-F1': 0.4649104815435461}
11/08/2021 02:23:34 - INFO - __main__ - Found 37 errors.
11/08/2021 02:23:34 - INFO - __main__ - Start error-fixing .... Timecode: 9
11/08/2021 02:23:34 - INFO - __main__ - No debugging at all.
11/08/2021 02:23:34 - INFO - __main__ - Start error-fixing .... Done!
11/08/2021 02:23:38 - INFO - __main__ - Overall: 0.30859375 from scores=[0.6171875, 0.0]
11/08/2021 02:23:38 - INFO - __main__ - --------------------------------------------------
11/08/2021 02:23:38 - INFO - __main__ - Start eval_knowledge_retention for UKR @ Timecode=10
11/08/2021 02:24:02 - INFO - __main__ - Upstream Knowledge Retation (UKR@10): 0.8027
11/08/2021 02:24:03 - INFO - __main__ - Start eval_knowledge_retention for OKR @ Timecode=10
11/08/2021 02:24:44 - INFO - __main__ - Online Knowledge Retation (OKR@10): 0.6230
11/08/2021 02:24:44 - INFO - __main__ - Start eval_knowledge_generalization for KG @ Timecode=10
11/08/2021 02:26:21 - INFO - __main__ - Future Knowledge Generalization (KG@10): 0.3125
11/08/2021 02:26:21 - INFO - __main__ - Evaluating to get errors .... Timecode: 10
11/08/2021 02:26:26 - INFO - __main__ - Before Error Fixing: {'EM': 0.375, 'QA-F1': 0.41662790334665334}
11/08/2021 02:26:26 - INFO - __main__ - Found 40 errors.
11/08/2021 02:26:26 - INFO - __main__ - Start error-fixing .... Timecode: 10
11/08/2021 02:26:26 - INFO - __main__ - No debugging at all.
11/08/2021 02:26:26 - INFO - __main__ - Start error-fixing .... Done!
11/08/2021 02:26:30 - INFO - __main__ - Overall: 0.4666903409090909 from scores=[0.5951704545454546, 0.0, 0.623046875, 0.802734375, 0.3125]
11/08/2021 02:26:32 - INFO - __main__ - Model saved to experiments/ckpt_dirs/qa/nonecl/model_ckpt_010.pt.
11/08/2021 02:26:32 - INFO - __main__ - Updated result feule: experiments/results/qa/QA_nonecl_T=100,b=64,alpha=0.9,beta=0.5,gamma=0.8_result.json at Timecode: 10.
11/08/2021 02:26:32 - INFO - __main__ - --------------------------------------------------
11/08/2021 02:26:32 - INFO - __main__ - Evaluating to get errors .... Timecode: 11
11/08/2021 02:26:37 - INFO - __main__ - Before Error Fixing: {'EM': 0.5625, 'QA-F1': 0.5924665178571429}
11/08/2021 02:26:37 - INFO - __main__ - Found 28 errors.
11/08/2021 02:26:37 - INFO - __main__ - Start error-fixing .... Timecode: 11
11/08/2021 02:26:37 - INFO - __main__ - No debugging at all.
11/08/2021 02:26:37 - INFO - __main__ - Start error-fixing .... Done!
11/08/2021 02:26:40 - INFO - __main__ - Overall: 0.46614583333333337 from scores=[0.5924479166666667, 0.0, 0.623046875, 0.802734375, 0.3125]
11/08/2021 02:26:40 - INFO - __main__ - --------------------------------------------------
11/08/2021 02:26:40 - INFO - __main__ - Evaluating to get errors .... Timecode: 12
11/08/2021 02:26:45 - INFO - __main__ - Before Error Fixing: {'EM': 0.359375, 'QA-F1': 0.4464700414833926}
11/08/2021 02:26:45 - INFO - __main__ - Found 41 errors.
11/08/2021 02:26:45 - INFO - __main__ - Start error-fixing .... Timecode: 12
11/08/2021 02:26:45 - INFO - __main__ - No debugging at all.
11/08/2021 02:26:45 - INFO - __main__ - Start error-fixing .... Done!
11/08/2021 02:26:49 - INFO - __main__ - Overall: 0.4625600961538462 from scores=[0.5745192307692308, 0.0, 0.623046875, 0.802734375, 0.3125]
11/08/2021 02:26:49 - INFO - __main__ - --------------------------------------------------
11/08/2021 02:26:49 - INFO - __main__ - Evaluating to get errors .... Timecode: 13
11/08/2021 02:26:54 - INFO - __main__ - Before Error Fixing: {'EM': 0.390625, 'QA-F1': 0.4804226218881308}
11/08/2021 02:26:54 - INFO - __main__ - Found 39 errors.
11/08/2021 02:26:54 - INFO - __main__ - Start error-fixing .... Timecode: 13
11/08/2021 02:26:54 - INFO - __main__ - No debugging at all.
11/08/2021 02:26:54 - INFO - __main__ - Start error-fixing .... Done!
11/08/2021 02:26:58 - INFO - __main__ - Overall: 0.4599330357142858 from scores=[0.5613839285714286, 0.0, 0.623046875, 0.802734375, 0.3125]
11/08/2021 02:26:58 - INFO - __main__ - --------------------------------------------------
11/08/2021 02:26:58 - INFO - __main__ - Evaluating to get errors .... Timecode: 14
11/08/2021 02:27:02 - INFO - __main__ - Before Error Fixing: {'EM': 0.546875, 'QA-F1': 0.5948784722222222}
11/08/2021 02:27:02 - INFO - __main__ - Found 29 errors.
11/08/2021 02:27:02 - INFO - __main__ - Start error-fixing .... Timecode: 14
11/08/2021 02:27:02 - INFO - __main__ - No debugging at all.
11/08/2021 02:27:02 - INFO - __main__ - Start error-fixing .... Done!
11/08/2021 02:27:04 - INFO - __main__ - Overall: 0.45973958333333337 from scores=[0.5604166666666667, 0.0, 0.623046875, 0.802734375, 0.3125]
11/08/2021 02:27:04 - INFO - __main__ - --------------------------------------------------
11/08/2021 02:27:04 - INFO - __main__ - Evaluating to get errors .... Timecode: 15
11/08/2021 02:27:09 - INFO - __main__ - Before Error Fixing: {'EM': 0.546875, 'QA-F1': 0.6140722635207929}
11/08/2021 02:27:09 - INFO - __main__ - Found 29 errors.
11/08/2021 02:27:09 - INFO - __main__ - Start error-fixing .... Timecode: 15
11/08/2021 02:27:09 - INFO - __main__ - No debugging at all.
11/08/2021 02:27:09 - INFO - __main__ - Start error-fixing .... Done!
11/08/2021 02:27:11 - INFO - __main__ - Overall: 0.4595703125 from scores=[0.5595703125, 0.0, 0.623046875, 0.802734375, 0.3125]
11/08/2021 02:27:11 - INFO - __main__ - --------------------------------------------------
11/08/2021 02:27:11 - INFO - __main__ - Evaluating to get errors .... Timecode: 16
11/08/2021 02:27:16 - INFO - __main__ - Before Error Fixing: {'EM': 0.40625, 'QA-F1': 0.46175586685823755}
11/08/2021 02:27:16 - INFO - __main__ - Found 38 errors.
11/08/2021 02:27:16 - INFO - __main__ - Start error-fixing .... Timecode: 16
11/08/2021 02:27:16 - INFO - __main__ - No debugging at all.
11/08/2021 02:27:16 - INFO - __main__ - Start error-fixing .... Done!
11/08/2021 02:27:20 - INFO - __main__ - Overall: 0.4577665441176471 from scores=[0.5505514705882353, 0.0, 0.623046875, 0.802734375, 0.3125]
11/08/2021 02:27:20 - INFO - __main__ - --------------------------------------------------
11/08/2021 02:27:20 - INFO - __main__ - Evaluating to get errors .... Timecode: 17
11/08/2021 02:27:25 - INFO - __main__ - Before Error Fixing: {'EM': 0.359375, 'QA-F1': 0.4294019522144522}
11/08/2021 02:27:25 - INFO - __main__ - Found 41 errors.
11/08/2021 02:27:26 - INFO - __main__ - Start error-fixing .... Timecode: 17
11/08/2021 02:27:26 - INFO - __main__ - No debugging at all.
11/08/2021 02:27:26 - INFO - __main__ - Start error-fixing .... Done!
11/08/2021 02:27:30 - INFO - __main__ - Overall: 0.45564236111111106 from scores=[0.5399305555555556, 0.0, 0.623046875, 0.802734375, 0.3125]
11/08/2021 02:27:30 - INFO - __main__ - --------------------------------------------------
11/08/2021 02:27:30 - INFO - __main__ - Evaluating to get errors .... Timecode: 18
11/08/2021 02:27:35 - INFO - __main__ - Before Error Fixing: {'EM': 0.359375, 'QA-F1': 0.41192747331304314}
11/08/2021 02:27:35 - INFO - __main__ - Found 41 errors.
11/08/2021 02:27:35 - INFO - __main__ - Start error-fixing .... Timecode: 18
11/08/2021 02:27:35 - INFO - __main__ - No debugging at all.
11/08/2021 02:27:35 - INFO - __main__ - Start error-fixing .... Done!
11/08/2021 02:27:38 - INFO - __main__ - Overall: 0.4537417763157895 from scores=[0.5304276315789473, 0.0, 0.623046875, 0.802734375, 0.3125]
11/08/2021 02:27:38 - INFO - __main__ - --------------------------------------------------
11/08/2021 02:27:38 - INFO - __main__ - Evaluating to get errors .... Timecode: 19
11/08/2021 02:27:44 - INFO - __main__ - Before Error Fixing: {'EM': 0.171875, 'QA-F1': 0.22304205439857977}
11/08/2021 02:27:44 - INFO - __main__ - Found 53 errors.
11/08/2021 02:27:45 - INFO - __main__ - Start error-fixing .... Timecode: 19
11/08/2021 02:27:45 - INFO - __main__ - No debugging at all.
11/08/2021 02:27:45 - INFO - __main__ - Start error-fixing .... Done!
11/08/2021 02:27:50 - INFO - __main__ - Overall: 0.45015625000000004 from scores=[0.5125, 0.0, 0.623046875, 0.802734375, 0.3125]
11/08/2021 02:27:50 - INFO - __main__ - --------------------------------------------------
11/08/2021 02:27:50 - INFO - __main__ - Start eval_knowledge_retention for UKR @ Timecode=20
11/08/2021 02:28:15 - INFO - __main__ - Upstream Knowledge Retation (UKR@20): 0.8027
11/08/2021 02:28:16 - INFO - __main__ - Start eval_knowledge_retention for OKR @ Timecode=20
11/08/2021 02:28:56 - INFO - __main__ - Online Knowledge Retation (OKR@20): 0.5293
11/08/2021 02:28:56 - INFO - __main__ - Start eval_knowledge_generalization for KG @ Timecode=20
11/08/2021 02:30:33 - INFO - __main__ - Future Knowledge Generalization (KG@20): 0.3125
11/08/2021 02:30:33 - INFO - __main__ - Evaluating to get errors .... Timecode: 20
11/08/2021 02:30:37 - INFO - __main__ - Before Error Fixing: {'EM': 0.1875, 'QA-F1': 0.23321371610845296}
11/08/2021 02:30:37 - INFO - __main__ - Found 52 errors.
11/08/2021 02:30:38 - INFO - __main__ - Start error-fixing .... Timecode: 20
11/08/2021 02:30:38 - INFO - __main__ - No debugging at all.
11/08/2021 02:30:38 - INFO - __main__ - Start error-fixing .... Done!
11/08/2021 02:30:42 - INFO - __main__ - Overall: 0.42831101190476184 from scores=[0.49702380952380953, 0.0, 0.529296875, 0.802734375, 0.3125]
11/08/2021 02:30:44 - INFO - __main__ - Model saved to experiments/ckpt_dirs/qa/nonecl/model_ckpt_020.pt.
11/08/2021 02:30:44 - INFO - __main__ - Updated result feule: experiments/results/qa/QA_nonecl_T=100,b=64,alpha=0.9,beta=0.5,gamma=0.8_result.json at Timecode: 20.
11/08/2021 02:30:44 - INFO - __main__ - --------------------------------------------------
11/08/2021 02:30:44 - INFO - __main__ - Evaluating to get errors .... Timecode: 21
11/08/2021 02:30:50 - INFO - __main__ - Before Error Fixing: {'EM': 0.3125, 'QA-F1': 0.41589909683213666}
11/08/2021 02:30:50 - INFO - __main__ - Found 44 errors.
11/08/2021 02:30:50 - INFO - __main__ - Start error-fixing .... Timecode: 21
11/08/2021 02:30:50 - INFO - __main__ - No debugging at all.
11/08/2021 02:30:50 - INFO - __main__ - Start error-fixing .... Done!
11/08/2021 02:30:54 - INFO - __main__ - Overall: 0.42663352272727273 from scores=[0.48863636363636365, 0.0, 0.529296875, 0.802734375, 0.3125]
11/08/2021 02:30:54 - INFO - __main__ - --------------------------------------------------
11/08/2021 02:30:54 - INFO - __main__ - Evaluating to get errors .... Timecode: 22
11/08/2021 02:30:58 - INFO - __main__ - Before Error Fixing: {'EM': 0.375, 'QA-F1': 0.4642278347392128}
11/08/2021 02:30:58 - INFO - __main__ - Found 40 errors.
11/08/2021 02:30:59 - INFO - __main__ - Start error-fixing .... Timecode: 22
11/08/2021 02:30:59 - INFO - __main__ - No debugging at all.
11/08/2021 02:30:59 - INFO - __main__ - Start error-fixing .... Done!
11/08/2021 02:31:02 - INFO - __main__ - Overall: 0.4256453804347826 from scores=[0.4836956521739131, 0.0, 0.529296875, 0.802734375, 0.3125]
11/08/2021 02:31:02 - INFO - __main__ - --------------------------------------------------
11/08/2021 02:31:02 - INFO - __main__ - Evaluating to get errors .... Timecode: 23
11/08/2021 02:31:06 - INFO - __main__ - Before Error Fixing: {'EM': 0.421875, 'QA-F1': 0.4689723516218081}
11/08/2021 02:31:06 - INFO - __main__ - Found 37 errors.
11/08/2021 02:31:07 - INFO - __main__ - Start error-fixing .... Timecode: 23
11/08/2021 02:31:07 - INFO - __main__ - No debugging at all.
11/08/2021 02:31:07 - INFO - __main__ - Start error-fixing .... Done!
11/08/2021 02:31:09 - INFO - __main__ - Overall: 0.4251302083333333 from scores=[0.48111979166666663, 0.0, 0.529296875, 0.802734375, 0.3125]
11/08/2021 02:31:09 - INFO - __main__ - --------------------------------------------------
11/08/2021 02:31:09 - INFO - __main__ - Evaluating to get errors .... Timecode: 24
11/08/2021 02:31:14 - INFO - __main__ - Before Error Fixing: {'EM': 0.40625, 'QA-F1': 0.44624594155844155}
11/08/2021 02:31:14 - INFO - __main__ - Found 38 errors.
11/08/2021 02:31:15 - INFO - __main__ - Start error-fixing .... Timecode: 24
11/08/2021 02:31:15 - INFO - __main__ - No debugging at all.
11/08/2021 02:31:15 - INFO - __main__ - Start error-fixing .... Done!
11/08/2021 02:31:18 - INFO - __main__ - Overall: 0.42453124999999997 from scores=[0.478125, 0.0, 0.529296875, 0.802734375, 0.3125]
11/08/2021 02:31:18 - INFO - __main__ - --------------------------------------------------
11/08/2021 02:31:18 - INFO - __main__ - Evaluating to get errors .... Timecode: 25
11/08/2021 02:31:22 - INFO - __main__ - Before Error Fixing: {'EM': 0.375, 'QA-F1': 0.4070031658496732}
11/08/2021 02:31:22 - INFO - __main__ - Found 40 errors.
11/08/2021 02:31:23 - INFO - __main__ - Start error-fixing .... Timecode: 25
11/08/2021 02:31:23 - INFO - __main__ - No debugging at all.
11/08/2021 02:31:23 - INFO - __main__ - Start error-fixing .... Done!
11/08/2021 02:31:26 - INFO - __main__ - Overall: 0.42373798076923075 from scores=[0.47415865384615385, 0.0, 0.529296875, 0.802734375, 0.3125]
11/08/2021 02:31:26 - INFO - __main__ - --------------------------------------------------
11/08/2021 02:31:26 - INFO - __main__ - Evaluating to get errors .... Timecode: 26
11/08/2021 02:31:30 - INFO - __main__ - Before Error Fixing: {'EM': 0.25, 'QA-F1': 0.29465638528138527}
11/08/2021 02:31:30 - INFO - __main__ - Found 48 errors.
11/08/2021 02:31:31 - INFO - __main__ - Start error-fixing .... Timecode: 26
11/08/2021 02:31:31 - INFO - __main__ - No debugging at all.
11/08/2021 02:31:31 - INFO - __main__ - Start error-fixing .... Done!
11/08/2021 02:31:34 - INFO - __main__ - Overall: 0.4220775462962963 from scores=[0.4658564814814815, 0.0, 0.529296875, 0.802734375, 0.3125]
11/08/2021 02:31:34 - INFO - __main__ - --------------------------------------------------
11/08/2021 02:31:34 - INFO - __main__ - Evaluating to get errors .... Timecode: 27
11/08/2021 02:31:39 - INFO - __main__ - Before Error Fixing: {'EM': 0.40625, 'QA-F1': 0.47618053821178824}
11/08/2021 02:31:39 - INFO - __main__ - Found 38 errors.
11/08/2021 02:31:39 - INFO - __main__ - Start error-fixing .... Timecode: 27
11/08/2021 02:31:39 - INFO - __main__ - No debugging at all.
11/08/2021 02:31:39 - INFO - __main__ - Start error-fixing .... Done!
11/08/2021 02:31:42 - INFO - __main__ - Overall: 0.42165178571428574 from scores=[0.4637276785714286, 0.0, 0.529296875, 0.802734375, 0.3125]
11/08/2021 02:31:42 - INFO - __main__ - --------------------------------------------------
11/08/2021 02:31:42 - INFO - __main__ - Evaluating to get errors .... Timecode: 28
11/08/2021 02:31:48 - INFO - __main__ - Before Error Fixing: {'EM': 0.140625, 'QA-F1': 0.2508672492297289}
11/08/2021 02:31:48 - INFO - __main__ - Found 55 errors.
11/08/2021 02:31:48 - INFO - __main__ - Start error-fixing .... Timecode: 28
11/08/2021 02:31:48 - INFO - __main__ - No debugging at all.
11/08/2021 02:31:48 - INFO - __main__ - Start error-fixing .... Done!
11/08/2021 02:31:53 - INFO - __main__ - Overall: 0.41942349137931034 from scores=[0.4525862068965517, 0.0, 0.529296875, 0.802734375, 0.3125]
11/08/2021 02:31:53 - INFO - __main__ - --------------------------------------------------
11/08/2021 02:31:53 - INFO - __main__ - Evaluating to get errors .... Timecode: 29
11/08/2021 02:31:59 - INFO - __main__ - Before Error Fixing: {'EM': 0.40625, 'QA-F1': 0.51513215338583}
11/08/2021 02:31:59 - INFO - __main__ - Found 38 errors.
11/08/2021 02:31:59 - INFO - __main__ - Start error-fixing .... Timecode: 29
11/08/2021 02:31:59 - INFO - __main__ - No debugging at all.
11/08/2021 02:31:59 - INFO - __main__ - Start error-fixing .... Done!
11/08/2021 02:32:03 - INFO - __main__ - Overall: 0.41911458333333335 from scores=[0.4510416666666667, 0.0, 0.529296875, 0.802734375, 0.3125]
11/08/2021 02:32:03 - INFO - __main__ - --------------------------------------------------
11/08/2021 02:32:03 - INFO - __main__ - Start eval_knowledge_retention for UKR @ Timecode=30
11/08/2021 02:32:27 - INFO - __main__ - Upstream Knowledge Retation (UKR@30): 0.8027
11/08/2021 02:32:29 - INFO - __main__ - Start eval_knowledge_retention for OKR @ Timecode=30
11/08/2021 02:33:11 - INFO - __main__ - Online Knowledge Retation (OKR@30): 0.4551
11/08/2021 02:33:11 - INFO - __main__ - Start eval_knowledge_generalization for KG @ Timecode=30
11/08/2021 02:34:48 - INFO - __main__ - Future Knowledge Generalization (KG@30): 0.3125
11/08/2021 02:34:48 - INFO - __main__ - Evaluating to get errors .... Timecode: 30
11/08/2021 02:34:54 - INFO - __main__ - Before Error Fixing: {'EM': 0.140625, 'QA-F1': 0.19214798668286479}
11/08/2021 02:34:54 - INFO - __main__ - Found 55 errors.
11/08/2021 02:34:54 - INFO - __main__ - Start error-fixing .... Timecode: 30
11/08/2021 02:34:54 - INFO - __main__ - No debugging at all.
11/08/2021 02:34:54 - INFO - __main__ - Start error-fixing .... Done!
11/08/2021 02:35:00 - INFO - __main__ - Overall: 0.4022681451612903 from scores=[0.4410282258064516, 0.0, 0.455078125, 0.802734375, 0.3125]
11/08/2021 02:35:02 - INFO - __main__ - Model saved to experiments/ckpt_dirs/qa/nonecl/model_ckpt_030.pt.
11/08/2021 02:35:02 - INFO - __main__ - Updated result feule: experiments/results/qa/QA_nonecl_T=100,b=64,alpha=0.9,beta=0.5,gamma=0.8_result.json at Timecode: 30.
11/08/2021 02:35:02 - INFO - __main__ - --------------------------------------------------
11/08/2021 02:35:02 - INFO - __main__ - Evaluating to get errors .... Timecode: 31
11/08/2021 02:35:08 - INFO - __main__ - Before Error Fixing: {'EM': 0.1875, 'QA-F1': 0.2908008809665368}
11/08/2021 02:35:08 - INFO - __main__ - Found 52 errors.
11/08/2021 02:35:08 - INFO - __main__ - Start error-fixing .... Timecode: 31
11/08/2021 02:35:08 - INFO - __main__ - No debugging at all.
11/08/2021 02:35:08 - INFO - __main__ - Start error-fixing .... Done!
11/08/2021 02:35:13 - INFO - __main__ - Overall: 0.40068359375 from scores=[0.43310546875, 0.0, 0.455078125, 0.802734375, 0.3125]
11/08/2021 02:35:13 - INFO - __main__ - --------------------------------------------------
11/08/2021 02:35:13 - INFO - __main__ - Evaluating to get errors .... Timecode: 32
11/08/2021 02:35:17 - INFO - __main__ - Before Error Fixing: {'EM': 0.546875, 'QA-F1': 0.6066770469114219}
11/08/2021 02:35:17 - INFO - __main__ - Found 29 errors.
11/08/2021 02:35:17 - INFO - __main__ - Start error-fixing .... Timecode: 32
11/08/2021 02:35:17 - INFO - __main__ - No debugging at all.
11/08/2021 02:35:17 - INFO - __main__ - Start error-fixing .... Done!
11/08/2021 02:35:19 - INFO - __main__ - Overall: 0.40137310606060606 from scores=[0.4365530303030303, 0.0, 0.455078125, 0.802734375, 0.3125]
11/08/2021 02:35:19 - INFO - __main__ - --------------------------------------------------
11/08/2021 02:35:19 - INFO - __main__ - Evaluating to get errors .... Timecode: 33
11/08/2021 02:35:23 - INFO - __main__ - Before Error Fixing: {'EM': 0.53125, 'QA-F1': 0.5847222222222221}
11/08/2021 02:35:23 - INFO - __main__ - Found 30 errors.
11/08/2021 02:35:23 - INFO - __main__ - Start error-fixing .... Timecode: 33
11/08/2021 02:35:23 - INFO - __main__ - No debugging at all.
11/08/2021 02:35:23 - INFO - __main__ - Start error-fixing .... Done!
11/08/2021 02:35:25 - INFO - __main__ - Overall: 0.4019301470588236 from scores=[0.43933823529411764, 0.0, 0.455078125, 0.802734375, 0.3125]
11/08/2021 02:35:25 - INFO - __main__ - --------------------------------------------------
11/08/2021 02:35:25 - INFO - __main__ - Evaluating to get errors .... Timecode: 34
11/08/2021 02:35:30 - INFO - __main__ - Before Error Fixing: {'EM': 0.5625, 'QA-F1': 0.5978033625730994}
11/08/2021 02:35:30 - INFO - __main__ - Found 28 errors.
11/08/2021 02:35:30 - INFO - __main__ - Start error-fixing .... Timecode: 34
11/08/2021 02:35:30 - INFO - __main__ - No debugging at all.
11/08/2021 02:35:30 - INFO - __main__ - Start error-fixing .... Done!
11/08/2021 02:35:32 - INFO - __main__ - Overall: 0.4026339285714286 from scores=[0.44285714285714284, 0.0, 0.455078125, 0.802734375, 0.3125]
11/08/2021 02:35:32 - INFO - __main__ - --------------------------------------------------
11/08/2021 02:35:32 - INFO - __main__ - Evaluating to get errors .... Timecode: 35
11/08/2021 02:35:36 - INFO - __main__ - Before Error Fixing: {'EM': 0.546875, 'QA-F1': 0.5790854978354978}
11/08/2021 02:35:36 - INFO - __main__ - Found 29 errors.
11/08/2021 02:35:36 - INFO - __main__ - Start error-fixing .... Timecode: 35
11/08/2021 02:35:36 - INFO - __main__ - No debugging at all.
11/08/2021 02:35:36 - INFO - __main__ - Start error-fixing .... Done!
11/08/2021 02:35:38 - INFO - __main__ - Overall: 0.4032118055555555 from scores=[0.4457465277777778, 0.0, 0.455078125, 0.802734375, 0.3125]
11/08/2021 02:35:38 - INFO - __main__ - --------------------------------------------------
11/08/2021 02:35:38 - INFO - __main__ - Evaluating to get errors .... Timecode: 36
11/08/2021 02:35:43 - INFO - __main__ - Before Error Fixing: {'EM': 0.453125, 'QA-F1': 0.49764870546120543}
11/08/2021 02:35:43 - INFO - __main__ - Found 35 errors.
11/08/2021 02:35:43 - INFO - __main__ - Start error-fixing .... Timecode: 36
11/08/2021 02:35:43 - INFO - __main__ - No debugging at all.
11/08/2021 02:35:43 - INFO - __main__ - Start error-fixing .... Done!
11/08/2021 02:35:46 - INFO - __main__ - Overall: 0.4032516891891892 from scores=[0.44594594594594594, 0.0, 0.455078125, 0.802734375, 0.3125]
11/08/2021 02:35:46 - INFO - __main__ - --------------------------------------------------
11/08/2021 02:35:46 - INFO - __main__ - Evaluating to get errors .... Timecode: 37
11/08/2021 02:35:50 - INFO - __main__ - Before Error Fixing: {'EM': 0.3125, 'QA-F1': 0.3635855966036887}
11/08/2021 02:35:50 - INFO - __main__ - Found 44 errors.
11/08/2021 02:35:50 - INFO - __main__ - Start error-fixing .... Timecode: 37
11/08/2021 02:35:50 - INFO - __main__ - No debugging at all.
11/08/2021 02:35:50 - INFO - __main__ - Start error-fixing .... Done!
11/08/2021 02:35:54 - INFO - __main__ - Overall: 0.40254934210526316 from scores=[0.4424342105263158, 0.0, 0.455078125, 0.802734375, 0.3125]
11/08/2021 02:35:54 - INFO - __main__ - --------------------------------------------------
11/08/2021 02:35:54 - INFO - __main__ - Evaluating to get errors .... Timecode: 38
11/08/2021 02:35:59 - INFO - __main__ - Before Error Fixing: {'EM': 0.328125, 'QA-F1': 0.4411845090044341}
11/08/2021 02:35:59 - INFO - __main__ - Found 43 errors.
11/08/2021 02:35:59 - INFO - __main__ - Start error-fixing .... Timecode: 38
11/08/2021 02:35:59 - INFO - __main__ - No debugging at all.
11/08/2021 02:35:59 - INFO - __main__ - Start error-fixing .... Done!
11/08/2021 02:36:03 - INFO - __main__ - Overall: 0.40196314102564107 from scores=[0.4395032051282052, 0.0, 0.455078125, 0.802734375, 0.3125]
11/08/2021 02:36:03 - INFO - __main__ - --------------------------------------------------
11/08/2021 02:36:03 - INFO - __main__ - Evaluating to get errors .... Timecode: 39
11/08/2021 02:36:08 - INFO - __main__ - Before Error Fixing: {'EM': 0.3125, 'QA-F1': 0.3491368006993007}
11/08/2021 02:36:08 - INFO - __main__ - Found 44 errors.
11/08/2021 02:36:08 - INFO - __main__ - Start error-fixing .... Timecode: 39
11/08/2021 02:36:08 - INFO - __main__ - No debugging at all.
11/08/2021 02:36:08 - INFO - __main__ - Start error-fixing .... Done!
11/08/2021 02:36:11 - INFO - __main__ - Overall: 0.40132812500000004 from scores=[0.43632812499999996, 0.0, 0.455078125, 0.802734375, 0.3125]
11/08/2021 02:36:11 - INFO - __main__ - --------------------------------------------------
11/08/2021 02:36:11 - INFO - __main__ - Start eval_knowledge_retention for UKR @ Timecode=40
11/08/2021 02:36:36 - INFO - __main__ - Upstream Knowledge Retation (UKR@40): 0.8027
11/08/2021 02:36:38 - INFO - __main__ - Start eval_knowledge_retention for OKR @ Timecode=40
11/08/2021 02:37:20 - INFO - __main__ - Online Knowledge Retation (OKR@40): 0.4375
11/08/2021 02:37:20 - INFO - __main__ - Start eval_knowledge_generalization for KG @ Timecode=40
11/08/2021 02:38:57 - INFO - __main__ - Future Knowledge Generalization (KG@40): 0.3125
11/08/2021 02:38:57 - INFO - __main__ - Evaluating to get errors .... Timecode: 40
11/08/2021 02:39:02 - INFO - __main__ - Before Error Fixing: {'EM': 0.328125, 'QA-F1': 0.3769625887635756}
11/08/2021 02:39:02 - INFO - __main__ - Found 43 errors.
11/08/2021 02:39:03 - INFO - __main__ - Start error-fixing .... Timecode: 40
11/08/2021 02:39:03 - INFO - __main__ - No debugging at all.
11/08/2021 02:39:03 - INFO - __main__ - Start error-fixing .... Done!
11/08/2021 02:39:07 - INFO - __main__ - Overall: 0.3972846798780488 from scores=[0.4336890243902439, 0.0, 0.4375, 0.802734375, 0.3125]
11/08/2021 02:39:09 - INFO - __main__ - Model saved to experiments/ckpt_dirs/qa/nonecl/model_ckpt_040.pt.
11/08/2021 02:39:09 - INFO - __main__ - Updated result feule: experiments/results/qa/QA_nonecl_T=100,b=64,alpha=0.9,beta=0.5,gamma=0.8_result.json at Timecode: 40.
11/08/2021 02:39:09 - INFO - __main__ - --------------------------------------------------
11/08/2021 02:39:09 - INFO - __main__ - Evaluating to get errors .... Timecode: 41
11/08/2021 02:39:13 - INFO - __main__ - Before Error Fixing: {'EM': 0.375, 'QA-F1': 0.42133365766178266}
11/08/2021 02:39:13 - INFO - __main__ - Found 40 errors.
11/08/2021 02:39:13 - INFO - __main__ - Start error-fixing .... Timecode: 41
11/08/2021 02:39:13 - INFO - __main__ - No debugging at all.
11/08/2021 02:39:13 - INFO - __main__ - Start error-fixing .... Done!
11/08/2021 02:39:16 - INFO - __main__ - Overall: 0.3970052083333333 from scores=[0.43229166666666663, 0.0, 0.4375, 0.802734375, 0.3125]
11/08/2021 02:39:16 - INFO - __main__ - --------------------------------------------------
11/08/2021 02:39:16 - INFO - __main__ - Evaluating to get errors .... Timecode: 42
11/08/2021 02:39:21 - INFO - __main__ - Before Error Fixing: {'EM': 0.265625, 'QA-F1': 0.32767587587144037}
11/08/2021 02:39:21 - INFO - __main__ - Found 47 errors.
11/08/2021 02:39:21 - INFO - __main__ - Start error-fixing .... Timecode: 42
11/08/2021 02:39:21 - INFO - __main__ - No debugging at all.
11/08/2021 02:39:21 - INFO - __main__ - Start error-fixing .... Done!
11/08/2021 02:39:25 - INFO - __main__ - Overall: 0.3962300145348837 from scores=[0.42841569767441856, 0.0, 0.4375, 0.802734375, 0.3125]
11/08/2021 02:39:25 - INFO - __main__ - --------------------------------------------------
11/08/2021 02:39:25 - INFO - __main__ - Evaluating to get errors .... Timecode: 43
11/08/2021 02:39:30 - INFO - __main__ - Before Error Fixing: {'EM': 0.296875, 'QA-F1': 0.34597258190663327}
11/08/2021 02:39:30 - INFO - __main__ - Found 45 errors.
11/08/2021 02:39:30 - INFO - __main__ - Start error-fixing .... Timecode: 43
11/08/2021 02:39:30 - INFO - __main__ - No debugging at all.
11/08/2021 02:39:30 - INFO - __main__ - Start error-fixing .... Done!
11/08/2021 02:39:34 - INFO - __main__ - Overall: 0.39563210227272727 from scores=[0.42542613636363635, 0.0, 0.4375, 0.802734375, 0.3125]
11/08/2021 02:39:34 - INFO - __main__ - --------------------------------------------------
11/08/2021 02:39:34 - INFO - __main__ - Evaluating to get errors .... Timecode: 44
11/08/2021 02:39:39 - INFO - __main__ - Before Error Fixing: {'EM': 0.171875, 'QA-F1': 0.28417701811759305}
11/08/2021 02:39:39 - INFO - __main__ - Found 53 errors.
11/08/2021 02:39:40 - INFO - __main__ - Start error-fixing .... Timecode: 44
11/08/2021 02:39:40 - INFO - __main__ - No debugging at all.
11/08/2021 02:39:40 - INFO - __main__ - Start error-fixing .... Done!
11/08/2021 02:39:44 - INFO - __main__ - Overall: 0.39450520833333336 from scores=[0.4197916666666667, 0.0, 0.4375, 0.802734375, 0.3125]
11/08/2021 02:39:44 - INFO - __main__ - --------------------------------------------------
11/08/2021 02:39:44 - INFO - __main__ - Evaluating to get errors .... Timecode: 45
11/08/2021 02:39:49 - INFO - __main__ - Before Error Fixing: {'EM': 0.296875, 'QA-F1': 0.3901387108870662}
11/08/2021 02:39:49 - INFO - __main__ - Found 45 errors.
11/08/2021 02:39:49 - INFO - __main__ - Start error-fixing .... Timecode: 45
11/08/2021 02:39:49 - INFO - __main__ - No debugging at all.
11/08/2021 02:39:49 - INFO - __main__ - Start error-fixing .... Done!
11/08/2021 02:39:53 - INFO - __main__ - Overall: 0.3939707880434783 from scores=[0.41711956521739135, 0.0, 0.4375, 0.802734375, 0.3125]
11/08/2021 02:39:53 - INFO - __main__ - --------------------------------------------------
11/08/2021 02:39:53 - INFO - __main__ - Evaluating to get errors .... Timecode: 46
11/08/2021 02:39:59 - INFO - __main__ - Before Error Fixing: {'EM': 0.234375, 'QA-F1': 0.34679777687590185}
11/08/2021 02:39:59 - INFO - __main__ - Found 49 errors.
11/08/2021 02:39:59 - INFO - __main__ - Start error-fixing .... Timecode: 46
11/08/2021 02:39:59 - INFO - __main__ - No debugging at all.
11/08/2021 02:39:59 - INFO - __main__ - Start error-fixing .... Done!
11/08/2021 02:40:04 - INFO - __main__ - Overall: 0.3931931515957447 from scores=[0.4132313829787234, 0.0, 0.4375, 0.802734375, 0.3125]
11/08/2021 02:40:04 - INFO - __main__ - --------------------------------------------------
11/08/2021 02:40:04 - INFO - __main__ - Evaluating to get errors .... Timecode: 47
11/08/2021 02:40:09 - INFO - __main__ - Before Error Fixing: {'EM': 0.25, 'QA-F1': 0.3384605782234178}
11/08/2021 02:40:09 - INFO - __main__ - Found 48 errors.
11/08/2021 02:40:10 - INFO - __main__ - Start error-fixing .... Timecode: 47
11/08/2021 02:40:10 - INFO - __main__ - No debugging at all.
11/08/2021 02:40:10 - INFO - __main__ - Start error-fixing .... Done!
11/08/2021 02:40:14 - INFO - __main__ - Overall: 0.3925130208333333 from scores=[0.40983072916666663, 0.0, 0.4375, 0.802734375, 0.3125]
11/08/2021 02:40:14 - INFO - __main__ - --------------------------------------------------
11/08/2021 02:40:14 - INFO - __main__ - Evaluating to get errors .... Timecode: 48
11/08/2021 02:40:19 - INFO - __main__ - Before Error Fixing: {'EM': 0.3125, 'QA-F1': 0.39179811867794434}
11/08/2021 02:40:19 - INFO - __main__ - Found 44 errors.
11/08/2021 02:40:20 - INFO - __main__ - Start error-fixing .... Timecode: 48
11/08/2021 02:40:20 - INFO - __main__ - No debugging at all.
11/08/2021 02:40:20 - INFO - __main__ - Start error-fixing .... Done!
11/08/2021 02:40:24 - INFO - __main__ - Overall: 0.39211575255102044 from scores=[0.407844387755102, 0.0, 0.4375, 0.802734375, 0.3125]
11/08/2021 02:40:24 - INFO - __main__ - --------------------------------------------------
11/08/2021 02:40:24 - INFO - __main__ - Evaluating to get errors .... Timecode: 49
11/08/2021 02:40:28 - INFO - __main__ - Before Error Fixing: {'EM': 0.375, 'QA-F1': 0.45280221463585435}
11/08/2021 02:40:28 - INFO - __main__ - Found 40 errors.
11/08/2021 02:40:28 - INFO - __main__ - Start error-fixing .... Timecode: 49
11/08/2021 02:40:28 - INFO - __main__ - No debugging at all.
11/08/2021 02:40:28 - INFO - __main__ - Start error-fixing .... Done!
11/08/2021 02:40:31 - INFO - __main__ - Overall: 0.391984375 from scores=[0.40718750000000004, 0.0, 0.4375, 0.802734375, 0.3125]
11/08/2021 02:40:31 - INFO - __main__ - --------------------------------------------------
11/08/2021 02:40:31 - INFO - __main__ - Start eval_knowledge_retention for UKR @ Timecode=50
11/08/2021 02:40:56 - INFO - __main__ - Upstream Knowledge Retation (UKR@50): 0.8027
11/08/2021 02:40:57 - INFO - __main__ - Start eval_knowledge_retention for OKR @ Timecode=50
11/08/2021 02:41:40 - INFO - __main__ - Online Knowledge Retation (OKR@50): 0.4414
11/08/2021 02:41:40 - INFO - __main__ - Start eval_knowledge_generalization for KG @ Timecode=50
11/08/2021 02:43:18 - INFO - __main__ - Future Knowledge Generalization (KG@50): 0.3125
11/08/2021 02:43:18 - INFO - __main__ - Evaluating to get errors .... Timecode: 50
11/08/2021 02:43:22 - INFO - __main__ - Before Error Fixing: {'EM': 0.359375, 'QA-F1': 0.4013522903180411}
11/08/2021 02:43:22 - INFO - __main__ - Found 41 errors.
11/08/2021 02:43:23 - INFO - __main__ - Start error-fixing .... Timecode: 50
11/08/2021 02:43:23 - INFO - __main__ - No debugging at all.
11/08/2021 02:43:23 - INFO - __main__ - Start error-fixing .... Done!
11/08/2021 02:43:25 - INFO - __main__ - Overall: 0.392578125 from scores=[0.40625, 0.0, 0.44140625, 0.802734375, 0.3125]
11/08/2021 02:43:28 - INFO - __main__ - Model saved to experiments/ckpt_dirs/qa/nonecl/model_ckpt_050.pt.
11/08/2021 02:43:28 - INFO - __main__ - Updated result feule: experiments/results/qa/QA_nonecl_T=100,b=64,alpha=0.9,beta=0.5,gamma=0.8_result.json at Timecode: 50.
11/08/2021 02:43:28 - INFO - __main__ - --------------------------------------------------
11/08/2021 02:43:28 - INFO - __main__ - Evaluating to get errors .... Timecode: 51
11/08/2021 02:43:33 - INFO - __main__ - Before Error Fixing: {'EM': 0.390625, 'QA-F1': 0.4432291666666667}
11/08/2021 02:43:33 - INFO - __main__ - Found 39 errors.
11/08/2021 02:43:33 - INFO - __main__ - Start error-fixing .... Timecode: 51
11/08/2021 02:43:33 - INFO - __main__ - No debugging at all.
11/08/2021 02:43:33 - INFO - __main__ - Start error-fixing .... Done!
11/08/2021 02:43:36 - INFO - __main__ - Overall: 0.39251802884615383 from scores=[0.4059495192307693, 0.0, 0.44140625, 0.802734375, 0.3125]
11/08/2021 02:43:36 - INFO - __main__ - --------------------------------------------------
11/08/2021 02:43:36 - INFO - __main__ - Evaluating to get errors .... Timecode: 52
11/08/2021 02:43:41 - INFO - __main__ - Before Error Fixing: {'EM': 0.515625, 'QA-F1': 0.5473454496891996}
11/08/2021 02:43:41 - INFO - __main__ - Found 31 errors.
11/08/2021 02:43:41 - INFO - __main__ - Start error-fixing .... Timecode: 52
11/08/2021 02:43:41 - INFO - __main__ - No debugging at all.
11/08/2021 02:43:41 - INFO - __main__ - Start error-fixing .... Done!
11/08/2021 02:43:44 - INFO - __main__ - Overall: 0.3929318985849057 from scores=[0.40801886792452835, 0.0, 0.44140625, 0.802734375, 0.3125]
11/08/2021 02:43:44 - INFO - __main__ - --------------------------------------------------
11/08/2021 02:43:44 - INFO - __main__ - Evaluating to get errors .... Timecode: 53
11/08/2021 02:43:48 - INFO - __main__ - Before Error Fixing: {'EM': 0.390625, 'QA-F1': 0.44895455917874394}
11/08/2021 02:43:48 - INFO - __main__ - Found 39 errors.
11/08/2021 02:43:49 - INFO - __main__ - Start error-fixing .... Timecode: 53
11/08/2021 02:43:49 - INFO - __main__ - No debugging at all.
11/08/2021 02:43:49 - INFO - __main__ - Start error-fixing .... Done!
11/08/2021 02:43:52 - INFO - __main__ - Overall: 0.39286747685185186 from scores=[0.4076967592592593, 0.0, 0.44140625, 0.802734375, 0.3125]
11/08/2021 02:43:52 - INFO - __main__ - --------------------------------------------------
11/08/2021 02:43:52 - INFO - __main__ - Evaluating to get errors .... Timecode: 54
11/08/2021 02:43:58 - INFO - __main__ - Before Error Fixing: {'EM': 0.390625, 'QA-F1': 0.4803431938772012}
11/08/2021 02:43:58 - INFO - __main__ - Found 39 errors.
11/08/2021 02:43:58 - INFO - __main__ - Start error-fixing .... Timecode: 54
11/08/2021 02:43:58 - INFO - __main__ - No debugging at all.
11/08/2021 02:43:58 - INFO - __main__ - Start error-fixing .... Done!
11/08/2021 02:44:02 - INFO - __main__ - Overall: 0.3928053977272727 from scores=[0.4073863636363636, 0.0, 0.44140625, 0.802734375, 0.3125]
11/08/2021 02:44:02 - INFO - __main__ - --------------------------------------------------
11/08/2021 02:44:02 - INFO - __main__ - Evaluating to get errors .... Timecode: 55
11/08/2021 02:44:07 - INFO - __main__ - Before Error Fixing: {'EM': 0.28125, 'QA-F1': 0.36949634056711267}
11/08/2021 02:44:07 - INFO - __main__ - Found 46 errors.
11/08/2021 02:44:07 - INFO - __main__ - Start error-fixing .... Timecode: 55
11/08/2021 02:44:07 - INFO - __main__ - No debugging at all.
11/08/2021 02:44:07 - INFO - __main__ - Start error-fixing .... Done!
11/08/2021 02:44:11 - INFO - __main__ - Overall: 0.39235491071428574 from scores=[0.4051339285714286, 0.0, 0.44140625, 0.802734375, 0.3125]
11/08/2021 02:44:11 - INFO - __main__ - --------------------------------------------------
11/08/2021 02:44:11 - INFO - __main__ - Evaluating to get errors .... Timecode: 56
11/08/2021 02:44:16 - INFO - __main__ - Before Error Fixing: {'EM': 0.375, 'QA-F1': 0.4272514779359787}
11/08/2021 02:44:16 - INFO - __main__ - Found 40 errors.
11/08/2021 02:44:16 - INFO - __main__ - Start error-fixing .... Timecode: 56
11/08/2021 02:44:16 - INFO - __main__ - No debugging at all.
11/08/2021 02:44:16 - INFO - __main__ - Start error-fixing .... Done!
11/08/2021 02:44:19 - INFO - __main__ - Overall: 0.39224917763157896 from scores=[0.4046052631578947, 0.0, 0.44140625, 0.802734375, 0.3125]
11/08/2021 02:44:19 - INFO - __main__ - --------------------------------------------------
11/08/2021 02:44:19 - INFO - __main__ - Evaluating to get errors .... Timecode: 57
11/08/2021 02:44:25 - INFO - __main__ - Before Error Fixing: {'EM': 0.34375, 'QA-F1': 0.4091175011671335}
11/08/2021 02:44:25 - INFO - __main__ - Found 42 errors.
11/08/2021 02:44:25 - INFO - __main__ - Start error-fixing .... Timecode: 57
11/08/2021 02:44:25 - INFO - __main__ - No debugging at all.
11/08/2021 02:44:25 - INFO - __main__ - Start error-fixing .... Done!
11/08/2021 02:44:29 - INFO - __main__ - Overall: 0.3920393318965517 from scores=[0.4035560344827587, 0.0, 0.44140625, 0.802734375, 0.3125]
11/08/2021 02:44:29 - INFO - __main__ - --------------------------------------------------
11/08/2021 02:44:29 - INFO - __main__ - Evaluating to get errors .... Timecode: 58
11/08/2021 02:44:34 - INFO - __main__ - Before Error Fixing: {'EM': 0.328125, 'QA-F1': 0.3672982093478417}
11/08/2021 02:44:34 - INFO - __main__ - Found 43 errors.
11/08/2021 02:44:35 - INFO - __main__ - Start error-fixing .... Timecode: 58
11/08/2021 02:44:35 - INFO - __main__ - No debugging at all.
11/08/2021 02:44:35 - INFO - __main__ - Start error-fixing .... Done!
11/08/2021 02:44:38 - INFO - __main__ - Overall: 0.3917836334745763 from scores=[0.4022775423728814, 0.0, 0.44140625, 0.802734375, 0.3125]
11/08/2021 02:44:38 - INFO - __main__ - --------------------------------------------------
11/08/2021 02:44:38 - INFO - __main__ - Evaluating to get errors .... Timecode: 59
11/08/2021 02:44:42 - INFO - __main__ - Before Error Fixing: {'EM': 0.5, 'QA-F1': 0.5301091269841269}
11/08/2021 02:44:42 - INFO - __main__ - Found 32 errors.
11/08/2021 02:44:43 - INFO - __main__ - Start error-fixing .... Timecode: 59
11/08/2021 02:44:43 - INFO - __main__ - No debugging at all.
11/08/2021 02:44:43 - INFO - __main__ - Start error-fixing .... Done!
11/08/2021 02:44:45 - INFO - __main__ - Overall: 0.392109375 from scores=[0.40390625, 0.0, 0.44140625, 0.802734375, 0.3125]
11/08/2021 02:44:45 - INFO - __main__ - --------------------------------------------------
11/08/2021 02:44:45 - INFO - __main__ - Start eval_knowledge_retention for UKR @ Timecode=60
11/08/2021 02:45:09 - INFO - __main__ - Upstream Knowledge Retation (UKR@60): 0.8027
11/08/2021 02:45:11 - INFO - __main__ - Start eval_knowledge_retention for OKR @ Timecode=60
11/08/2021 02:45:53 - INFO - __main__ - Online Knowledge Retation (OKR@60): 0.4258
11/08/2021 02:45:53 - INFO - __main__ - Start eval_knowledge_generalization for KG @ Timecode=60
11/08/2021 02:47:30 - INFO - __main__ - Future Knowledge Generalization (KG@60): 0.3125
11/08/2021 02:47:30 - INFO - __main__ - Evaluating to get errors .... Timecode: 60
11/08/2021 02:47:35 - INFO - __main__ - Before Error Fixing: {'EM': 0.296875, 'QA-F1': 0.37283969304745146}
11/08/2021 02:47:35 - INFO - __main__ - Found 45 errors.
11/08/2021 02:47:36 - INFO - __main__ - Start error-fixing .... Timecode: 60
11/08/2021 02:47:36 - INFO - __main__ - No debugging at all.
11/08/2021 02:47:36 - INFO - __main__ - Start error-fixing .... Done!
11/08/2021 02:47:39 - INFO - __main__ - Overall: 0.3886334528688525 from scores=[0.40215163934426235, 0.0, 0.42578125, 0.802734375, 0.3125]
11/08/2021 02:47:41 - INFO - __main__ - Model saved to experiments/ckpt_dirs/qa/nonecl/model_ckpt_060.pt.
11/08/2021 02:47:41 - INFO - __main__ - Updated result feule: experiments/results/qa/QA_nonecl_T=100,b=64,alpha=0.9,beta=0.5,gamma=0.8_result.json at Timecode: 60.
11/08/2021 02:47:41 - INFO - __main__ - --------------------------------------------------
11/08/2021 02:47:41 - INFO - __main__ - Evaluating to get errors .... Timecode: 61
11/08/2021 02:47:47 - INFO - __main__ - Before Error Fixing: {'EM': 0.28125, 'QA-F1': 0.37150992416348017}
11/08/2021 02:47:47 - INFO - __main__ - Found 46 errors.
11/08/2021 02:47:47 - INFO - __main__ - Start error-fixing .... Timecode: 61
11/08/2021 02:47:47 - INFO - __main__ - No debugging at all.
11/08/2021 02:47:47 - INFO - __main__ - Start error-fixing .... Done!
11/08/2021 02:47:52 - INFO - __main__ - Overall: 0.38824344758064516 from scores=[0.40020161290322576, 0.0, 0.42578125, 0.802734375, 0.3125]
11/08/2021 02:47:52 - INFO - __main__ - --------------------------------------------------
11/08/2021 02:47:52 - INFO - __main__ - Evaluating to get errors .... Timecode: 62
11/08/2021 02:47:56 - INFO - __main__ - Before Error Fixing: {'EM': 0.34375, 'QA-F1': 0.4191425149605297}
11/08/2021 02:47:56 - INFO - __main__ - Found 42 errors.
11/08/2021 02:47:56 - INFO - __main__ - Start error-fixing .... Timecode: 62
11/08/2021 02:47:56 - INFO - __main__ - No debugging at all.
11/08/2021 02:47:56 - INFO - __main__ - Start error-fixing .... Done!
11/08/2021 02:47:59 - INFO - __main__ - Overall: 0.3880642361111111 from scores=[0.3993055555555556, 0.0, 0.42578125, 0.802734375, 0.3125]
11/08/2021 02:47:59 - INFO - __main__ - --------------------------------------------------
11/08/2021 02:47:59 - INFO - __main__ - Evaluating to get errors .... Timecode: 63
11/08/2021 02:48:04 - INFO - __main__ - Before Error Fixing: {'EM': 0.40625, 'QA-F1': 0.45747336902228203}
11/08/2021 02:48:04 - INFO - __main__ - Found 38 errors.
11/08/2021 02:48:04 - INFO - __main__ - Start error-fixing .... Timecode: 63
11/08/2021 02:48:04 - INFO - __main__ - No debugging at all.
11/08/2021 02:48:04 - INFO - __main__ - Start error-fixing .... Done!
11/08/2021 02:48:07 - INFO - __main__ - Overall: 0.3880859375 from scores=[0.3994140625, 0.0, 0.42578125, 0.802734375, 0.3125]
11/08/2021 02:48:07 - INFO - __main__ - --------------------------------------------------
11/08/2021 02:48:07 - INFO - __main__ - Evaluating to get errors .... Timecode: 64
11/08/2021 02:48:13 - INFO - __main__ - Before Error Fixing: {'EM': 0.078125, 'QA-F1': 0.11911482811338188}
11/08/2021 02:48:13 - INFO - __main__ - Found 59 errors.
11/08/2021 02:48:14 - INFO - __main__ - Start error-fixing .... Timecode: 64
11/08/2021 02:48:14 - INFO - __main__ - No debugging at all.
11/08/2021 02:48:14 - INFO - __main__ - Start error-fixing .... Done!
11/08/2021 02:48:19 - INFO - __main__ - Overall: 0.38709735576923077 from scores=[0.39447115384615383, 0.0, 0.42578125, 0.802734375, 0.3125]
11/08/2021 02:48:19 - INFO - __main__ - --------------------------------------------------
11/08/2021 02:48:19 - INFO - __main__ - Evaluating to get errors .... Timecode: 65
11/08/2021 02:48:25 - INFO - __main__ - Before Error Fixing: {'EM': 0.078125, 'QA-F1': 0.12569261467698967}
11/08/2021 02:48:25 - INFO - __main__ - Found 59 errors.
11/08/2021 02:48:26 - INFO - __main__ - Start error-fixing .... Timecode: 65
11/08/2021 02:48:26 - INFO - __main__ - No debugging at all.
11/08/2021 02:48:26 - INFO - __main__ - Start error-fixing .... Done!
11/08/2021 02:48:31 - INFO - __main__ - Overall: 0.38613873106060603 from scores=[0.3896780303030303, 0.0, 0.42578125, 0.802734375, 0.3125]
11/08/2021 02:48:31 - INFO - __main__ - --------------------------------------------------
11/08/2021 02:48:31 - INFO - __main__ - Evaluating to get errors .... Timecode: 66
11/08/2021 02:48:37 - INFO - __main__ - Before Error Fixing: {'EM': 0.3125, 'QA-F1': 0.39201038998015536}
11/08/2021 02:48:37 - INFO - __main__ - Found 44 errors.
11/08/2021 02:48:37 - INFO - __main__ - Start error-fixing .... Timecode: 66
11/08/2021 02:48:37 - INFO - __main__ - No debugging at all.
11/08/2021 02:48:37 - INFO - __main__ - Start error-fixing .... Done!
11/08/2021 02:48:41 - INFO - __main__ - Overall: 0.385908348880597 from scores=[0.3885261194029851, 0.0, 0.42578125, 0.802734375, 0.3125]
11/08/2021 02:48:41 - INFO - __main__ - --------------------------------------------------
11/08/2021 02:48:41 - INFO - __main__ - Evaluating to get errors .... Timecode: 67
11/08/2021 02:48:47 - INFO - __main__ - Before Error Fixing: {'EM': 0.25, 'QA-F1': 0.3308923956805149}
11/08/2021 02:48:47 - INFO - __main__ - Found 48 errors.
11/08/2021 02:48:47 - INFO - __main__ - Start error-fixing .... Timecode: 67
11/08/2021 02:48:47 - INFO - __main__ - No debugging at all.
11/08/2021 02:48:47 - INFO - __main__ - Start error-fixing .... Done!
11/08/2021 02:48:52 - INFO - __main__ - Overall: 0.38550091911764706 from scores=[0.3864889705882353, 0.0, 0.42578125, 0.802734375, 0.3125]
11/08/2021 02:48:52 - INFO - __main__ - --------------------------------------------------
11/08/2021 02:48:52 - INFO - __main__ - Evaluating to get errors .... Timecode: 68
11/08/2021 02:48:58 - INFO - __main__ - Before Error Fixing: {'EM': 0.0625, 'QA-F1': 0.0952195223255006}
11/08/2021 02:48:58 - INFO - __main__ - Found 60 errors.
11/08/2021 02:48:59 - INFO - __main__ - Start error-fixing .... Timecode: 68
11/08/2021 02:48:59 - INFO - __main__ - No debugging at all.
11/08/2021 02:48:59 - INFO - __main__ - Start error-fixing .... Done!
11/08/2021 02:49:04 - INFO - __main__ - Overall: 0.3845618206521739 from scores=[0.3817934782608695, 0.0, 0.42578125, 0.802734375, 0.3125]
11/08/2021 02:49:04 - INFO - __main__ - --------------------------------------------------
11/08/2021 02:49:04 - INFO - __main__ - Evaluating to get errors .... Timecode: 69
11/08/2021 02:49:10 - INFO - __main__ - Before Error Fixing: {'EM': 0.125, 'QA-F1': 0.1615628518153673}
11/08/2021 02:49:10 - INFO - __main__ - Found 56 errors.
11/08/2021 02:49:10 - INFO - __main__ - Start error-fixing .... Timecode: 69
11/08/2021 02:49:10 - INFO - __main__ - No debugging at all.
11/08/2021 02:49:10 - INFO - __main__ - Start error-fixing .... Done!
11/08/2021 02:49:15 - INFO - __main__ - Overall: 0.383828125 from scores=[0.37812500000000004, 0.0, 0.42578125, 0.802734375, 0.3125]
11/08/2021 02:49:15 - INFO - __main__ - --------------------------------------------------
11/08/2021 02:49:15 - INFO - __main__ - Start eval_knowledge_retention for UKR @ Timecode=70
11/08/2021 02:49:40 - INFO - __main__ - Upstream Knowledge Retation (UKR@70): 0.8027
11/08/2021 02:49:41 - INFO - __main__ - Start eval_knowledge_retention for OKR @ Timecode=70
11/08/2021 02:50:21 - INFO - __main__ - Online Knowledge Retation (OKR@70): 0.3828
11/08/2021 02:50:21 - INFO - __main__ - Start eval_knowledge_generalization for KG @ Timecode=70
11/08/2021 02:51:58 - INFO - __main__ - Future Knowledge Generalization (KG@70): 0.3125
11/08/2021 02:51:58 - INFO - __main__ - Evaluating to get errors .... Timecode: 70
11/08/2021 02:52:04 - INFO - __main__ - Before Error Fixing: {'EM': 0.359375, 'QA-F1': 0.4343700597115563}
11/08/2021 02:52:04 - INFO - __main__ - Found 41 errors.
11/08/2021 02:52:04 - INFO - __main__ - Start error-fixing .... Timecode: 70
11/08/2021 02:52:04 - INFO - __main__ - No debugging at all.
11/08/2021 02:52:04 - INFO - __main__ - Start error-fixing .... Done!
11/08/2021 02:52:08 - INFO - __main__ - Overall: 0.37518155809859155 from scores=[0.37786091549295775, 0.0, 0.3828125, 0.802734375, 0.3125]
11/08/2021 02:52:10 - INFO - __main__ - Model saved to experiments/ckpt_dirs/qa/nonecl/model_ckpt_070.pt.
11/08/2021 02:52:10 - INFO - __main__ - Updated result feule: experiments/results/qa/QA_nonecl_T=100,b=64,alpha=0.9,beta=0.5,gamma=0.8_result.json at Timecode: 70.
11/08/2021 02:52:10 - INFO - __main__ - --------------------------------------------------
11/08/2021 02:52:10 - INFO - __main__ - Evaluating to get errors .... Timecode: 71
11/08/2021 02:52:16 - INFO - __main__ - Before Error Fixing: {'EM': 0.0625, 'QA-F1': 0.11542011077372918}
11/08/2021 02:52:16 - INFO - __main__ - Found 60 errors.
11/08/2021 02:52:16 - INFO - __main__ - Start error-fixing .... Timecode: 71
11/08/2021 02:52:16 - INFO - __main__ - No debugging at all.
11/08/2021 02:52:16 - INFO - __main__ - Start error-fixing .... Done!
11/08/2021 02:52:22 - INFO - __main__ - Overall: 0.37430555555555556 from scores=[0.3734809027777778, 0.0, 0.3828125, 0.802734375, 0.3125]
11/08/2021 02:52:22 - INFO - __main__ - --------------------------------------------------
11/08/2021 02:52:22 - INFO - __main__ - Evaluating to get errors .... Timecode: 72
11/08/2021 02:52:28 - INFO - __main__ - Before Error Fixing: {'EM': 0.09375, 'QA-F1': 0.14676103744133462}
11/08/2021 02:52:28 - INFO - __main__ - Found 58 errors.
11/08/2021 02:52:28 - INFO - __main__ - Start error-fixing .... Timecode: 72
11/08/2021 02:52:28 - INFO - __main__ - No debugging at all.
11/08/2021 02:52:28 - INFO - __main__ - Start error-fixing .... Done!
11/08/2021 02:52:34 - INFO - __main__ - Overall: 0.373539169520548 from scores=[0.36964897260273977, 0.0, 0.3828125, 0.802734375, 0.3125]
11/08/2021 02:52:34 - INFO - __main__ - --------------------------------------------------
11/08/2021 02:52:34 - INFO - __main__ - Evaluating to get errors .... Timecode: 73
11/08/2021 02:52:40 - INFO - __main__ - Before Error Fixing: {'EM': 0.375, 'QA-F1': 0.4256312525833785}
11/08/2021 02:52:40 - INFO - __main__ - Found 40 errors.
11/08/2021 02:52:40 - INFO - __main__ - Start error-fixing .... Timecode: 73
11/08/2021 02:52:40 - INFO - __main__ - No debugging at all.
11/08/2021 02:52:40 - INFO - __main__ - Start error-fixing .... Done!
11/08/2021 02:52:44 - INFO - __main__ - Overall: 0.37355363175675677 from scores=[0.36972128378378377, 0.0, 0.3828125, 0.802734375, 0.3125]
11/08/2021 02:52:44 - INFO - __main__ - --------------------------------------------------
11/08/2021 02:52:44 - INFO - __main__ - Evaluating to get errors .... Timecode: 74
11/08/2021 02:52:49 - INFO - __main__ - Before Error Fixing: {'EM': 0.28125, 'QA-F1': 0.3360119047619048}
11/08/2021 02:52:49 - INFO - __main__ - Found 46 errors.
11/08/2021 02:52:49 - INFO - __main__ - Start error-fixing .... Timecode: 74
11/08/2021 02:52:49 - INFO - __main__ - No debugging at all.
11/08/2021 02:52:49 - INFO - __main__ - Start error-fixing .... Done!
11/08/2021 02:52:53 - INFO - __main__ - Overall: 0.37331770833333333 from scores=[0.36854166666666666, 0.0, 0.3828125, 0.802734375, 0.3125]
11/08/2021 02:52:53 - INFO - __main__ - --------------------------------------------------
11/08/2021 02:52:53 - INFO - __main__ - Evaluating to get errors .... Timecode: 75
11/08/2021 02:52:58 - INFO - __main__ - Before Error Fixing: {'EM': 0.375, 'QA-F1': 0.41544124278499284}
11/08/2021 02:52:58 - INFO - __main__ - Found 40 errors.
11/08/2021 02:52:58 - INFO - __main__ - Start error-fixing .... Timecode: 75
11/08/2021 02:52:58 - INFO - __main__ - No debugging at all.
11/08/2021 02:52:58 - INFO - __main__ - Start error-fixing .... Done!
11/08/2021 02:53:01 - INFO - __main__ - Overall: 0.3733347039473684 from scores=[0.36862664473684215, 0.0, 0.3828125, 0.802734375, 0.3125]
11/08/2021 02:53:01 - INFO - __main__ - --------------------------------------------------
11/08/2021 02:53:01 - INFO - __main__ - Evaluating to get errors .... Timecode: 76
11/08/2021 02:53:07 - INFO - __main__ - Before Error Fixing: {'EM': 0.34375, 'QA-F1': 0.4342349247871794}
11/08/2021 02:53:07 - INFO - __main__ - Found 42 errors.
11/08/2021 02:53:07 - INFO - __main__ - Start error-fixing .... Timecode: 76
11/08/2021 02:53:07 - INFO - __main__ - No debugging at all.
11/08/2021 02:53:07 - INFO - __main__ - Start error-fixing .... Done!
11/08/2021 02:53:11 - INFO - __main__ - Overall: 0.37327008928571426 from scores=[0.3683035714285714, 0.0, 0.3828125, 0.802734375, 0.3125]
11/08/2021 02:53:11 - INFO - __main__ - --------------------------------------------------
11/08/2021 02:53:11 - INFO - __main__ - Evaluating to get errors .... Timecode: 77
11/08/2021 02:53:16 - INFO - __main__ - Before Error Fixing: {'EM': 0.109375, 'QA-F1': 0.13557406135531136}
11/08/2021 02:53:16 - INFO - __main__ - Found 57 errors.
11/08/2021 02:53:17 - INFO - __main__ - Start error-fixing .... Timecode: 77
11/08/2021 02:53:17 - INFO - __main__ - No debugging at all.
11/08/2021 02:53:17 - INFO - __main__ - Start error-fixing .... Done!
11/08/2021 02:53:21 - INFO - __main__ - Overall: 0.3726061698717949 from scores=[0.36498397435897434, 0.0, 0.3828125, 0.802734375, 0.3125]
11/08/2021 02:53:21 - INFO - __main__ - --------------------------------------------------
11/08/2021 02:53:21 - INFO - __main__ - Evaluating to get errors .... Timecode: 78
11/08/2021 02:53:27 - INFO - __main__ - Before Error Fixing: {'EM': 0.140625, 'QA-F1': 0.1880811403508772}
11/08/2021 02:53:27 - INFO - __main__ - Found 55 errors.
11/08/2021 02:53:28 - INFO - __main__ - Start error-fixing .... Timecode: 78
11/08/2021 02:53:28 - INFO - __main__ - No debugging at all.
11/08/2021 02:53:28 - INFO - __main__ - Start error-fixing .... Done!
11/08/2021 02:53:33 - INFO - __main__ - Overall: 0.3720381724683544 from scores=[0.3621439873417721, 0.0, 0.3828125, 0.802734375, 0.3125]
11/08/2021 02:53:33 - INFO - __main__ - --------------------------------------------------
11/08/2021 02:53:33 - INFO - __main__ - Evaluating to get errors .... Timecode: 79
11/08/2021 02:53:39 - INFO - __main__ - Before Error Fixing: {'EM': 0.109375, 'QA-F1': 0.17624747767211002}
11/08/2021 02:53:39 - INFO - __main__ - Found 57 errors.
11/08/2021 02:53:40 - INFO - __main__ - Start error-fixing .... Timecode: 79
11/08/2021 02:53:40 - INFO - __main__ - No debugging at all.
11/08/2021 02:53:40 - INFO - __main__ - Start error-fixing .... Done!
11/08/2021 02:53:45 - INFO - __main__ - Overall: 0.37140625 from scores=[0.358984375, 0.0, 0.3828125, 0.802734375, 0.3125]
11/08/2021 02:53:45 - INFO - __main__ - --------------------------------------------------
11/08/2021 02:53:45 - INFO - __main__ - Start eval_knowledge_retention for UKR @ Timecode=80
11/08/2021 02:54:10 - INFO - __main__ - Upstream Knowledge Retation (UKR@80): 0.8027
11/08/2021 02:54:12 - INFO - __main__ - Start eval_knowledge_retention for OKR @ Timecode=80
11/08/2021 02:54:53 - INFO - __main__ - Online Knowledge Retation (OKR@80): 0.3535
11/08/2021 02:54:53 - INFO - __main__ - Start eval_knowledge_generalization for KG @ Timecode=80
11/08/2021 02:56:30 - INFO - __main__ - Future Knowledge Generalization (KG@80): 0.3125
11/08/2021 02:56:30 - INFO - __main__ - Evaluating to get errors .... Timecode: 80
11/08/2021 02:56:35 - INFO - __main__ - Before Error Fixing: {'EM': 0.5, 'QA-F1': 0.5150526556776556}
11/08/2021 02:56:35 - INFO - __main__ - Found 32 errors.
11/08/2021 02:56:36 - INFO - __main__ - Start error-fixing .... Timecode: 80
11/08/2021 02:56:36 - INFO - __main__ - No debugging at all.
11/08/2021 02:56:36 - INFO - __main__ - Start error-fixing .... Done!
11/08/2021 02:56:39 - INFO - __main__ - Overall: 0.36589506172839503 from scores=[0.3607253086419753, 0.0, 0.353515625, 0.802734375, 0.3125]
11/08/2021 02:56:41 - INFO - __main__ - Model saved to experiments/ckpt_dirs/qa/nonecl/model_ckpt_080.pt.
11/08/2021 02:56:41 - INFO - __main__ - Updated result feule: experiments/results/qa/QA_nonecl_T=100,b=64,alpha=0.9,beta=0.5,gamma=0.8_result.json at Timecode: 80.
11/08/2021 02:56:41 - INFO - __main__ - --------------------------------------------------
11/08/2021 02:56:41 - INFO - __main__ - Evaluating to get errors .... Timecode: 81
11/08/2021 02:56:47 - INFO - __main__ - Before Error Fixing: {'EM': 0.25, 'QA-F1': 0.3418585399624655}
11/08/2021 02:56:47 - INFO - __main__ - Found 48 errors.
11/08/2021 02:56:47 - INFO - __main__ - Start error-fixing .... Timecode: 81
11/08/2021 02:56:47 - INFO - __main__ - No debugging at all.
11/08/2021 02:56:47 - INFO - __main__ - Start error-fixing .... Done!
11/08/2021 02:56:51 - INFO - __main__ - Overall: 0.365625 from scores=[0.359375, 0.0, 0.353515625, 0.802734375, 0.3125]
11/08/2021 02:56:51 - INFO - __main__ - --------------------------------------------------
11/08/2021 02:56:51 - INFO - __main__ - Evaluating to get errors .... Timecode: 82
11/08/2021 02:56:55 - INFO - __main__ - Before Error Fixing: {'EM': 0.453125, 'QA-F1': 0.49430014430014435}
11/08/2021 02:56:55 - INFO - __main__ - Found 35 errors.
11/08/2021 02:56:56 - INFO - __main__ - Start error-fixing .... Timecode: 82
11/08/2021 02:56:56 - INFO - __main__ - No debugging at all.
11/08/2021 02:56:56 - INFO - __main__ - Start error-fixing .... Done!
11/08/2021 02:56:58 - INFO - __main__ - Overall: 0.3658509036144578 from scores=[0.3605045180722891, 0.0, 0.353515625, 0.802734375, 0.3125]
11/08/2021 02:56:58 - INFO - __main__ - --------------------------------------------------
11/08/2021 02:56:58 - INFO - __main__ - Evaluating to get errors .... Timecode: 83
11/08/2021 02:57:04 - INFO - __main__ - Before Error Fixing: {'EM': 0.390625, 'QA-F1': 0.4392654220779221}
11/08/2021 02:57:04 - INFO - __main__ - Found 39 errors.
11/08/2021 02:57:04 - INFO - __main__ - Start error-fixing .... Timecode: 83
11/08/2021 02:57:04 - INFO - __main__ - No debugging at all.
11/08/2021 02:57:04 - INFO - __main__ - Start error-fixing .... Done!
11/08/2021 02:57:08 - INFO - __main__ - Overall: 0.3659226190476191 from scores=[0.36086309523809523, 0.0, 0.353515625, 0.802734375, 0.3125]
11/08/2021 02:57:08 - INFO - __main__ - --------------------------------------------------
11/08/2021 02:57:08 - INFO - __main__ - Evaluating to get errors .... Timecode: 84
11/08/2021 02:57:13 - INFO - __main__ - Before Error Fixing: {'EM': 0.3125, 'QA-F1': 0.3599422458528062}
11/08/2021 02:57:13 - INFO - __main__ - Found 44 errors.
11/08/2021 02:57:13 - INFO - __main__ - Start error-fixing .... Timecode: 84
11/08/2021 02:57:13 - INFO - __main__ - No debugging at all.
11/08/2021 02:57:13 - INFO - __main__ - Start error-fixing .... Done!
11/08/2021 02:57:17 - INFO - __main__ - Overall: 0.3658088235294118 from scores=[0.3602941176470589, 0.0, 0.353515625, 0.802734375, 0.3125]
11/08/2021 02:57:17 - INFO - __main__ - --------------------------------------------------
11/08/2021 02:57:17 - INFO - __main__ - Evaluating to get errors .... Timecode: 85
11/08/2021 02:57:22 - INFO - __main__ - Before Error Fixing: {'EM': 0.359375, 'QA-F1': 0.39804203149791384}
11/08/2021 02:57:22 - INFO - __main__ - Found 41 errors.
11/08/2021 02:57:22 - INFO - __main__ - Start error-fixing .... Timecode: 85
11/08/2021 02:57:22 - INFO - __main__ - No debugging at all.
11/08/2021 02:57:22 - INFO - __main__ - Start error-fixing .... Done!
11/08/2021 02:57:26 - INFO - __main__ - Overall: 0.3658066860465116 from scores=[0.36028343023255816, 0.0, 0.353515625, 0.802734375, 0.3125]
11/08/2021 02:57:26 - INFO - __main__ - --------------------------------------------------
11/08/2021 02:57:26 - INFO - __main__ - Evaluating to get errors .... Timecode: 86
11/08/2021 02:57:31 - INFO - __main__ - Before Error Fixing: {'EM': 0.359375, 'QA-F1': 0.40045856829573934}
11/08/2021 02:57:31 - INFO - __main__ - Found 41 errors.
11/08/2021 02:57:31 - INFO - __main__ - Start error-fixing .... Timecode: 86
11/08/2021 02:57:31 - INFO - __main__ - No debugging at all.
11/08/2021 02:57:31 - INFO - __main__ - Start error-fixing .... Done!
11/08/2021 02:57:35 - INFO - __main__ - Overall: 0.3658045977011494 from scores=[0.36027298850574707, 0.0, 0.353515625, 0.802734375, 0.3125]
11/08/2021 02:57:35 - INFO - __main__ - --------------------------------------------------
11/08/2021 02:57:35 - INFO - __main__ - Evaluating to get errors .... Timecode: 87
11/08/2021 02:57:40 - INFO - __main__ - Before Error Fixing: {'EM': 0.328125, 'QA-F1': 0.3681695474664225}
11/08/2021 02:57:40 - INFO - __main__ - Found 43 errors.
11/08/2021 02:57:41 - INFO - __main__ - Start error-fixing .... Timecode: 87
11/08/2021 02:57:41 - INFO - __main__ - No debugging at all.
11/08/2021 02:57:41 - INFO - __main__ - Start error-fixing .... Done!
11/08/2021 02:57:45 - INFO - __main__ - Overall: 0.3657315340909091 from scores=[0.3599076704545454, 0.0, 0.353515625, 0.802734375, 0.3125]
11/08/2021 02:57:45 - INFO - __main__ - --------------------------------------------------
11/08/2021 02:57:45 - INFO - __main__ - Evaluating to get errors .... Timecode: 88
11/08/2021 02:57:51 - INFO - __main__ - Before Error Fixing: {'EM': 0.0625, 'QA-F1': 0.11969501663795143}
11/08/2021 02:57:51 - INFO - __main__ - Found 60 errors.
11/08/2021 02:57:51 - INFO - __main__ - Start error-fixing .... Timecode: 88
11/08/2021 02:57:51 - INFO - __main__ - No debugging at all.
11/08/2021 02:57:51 - INFO - __main__ - Start error-fixing .... Done!
11/08/2021 02:57:57 - INFO - __main__ - Overall: 0.365063202247191 from scores=[0.3565660112359551, 0.0, 0.353515625, 0.802734375, 0.3125]
11/08/2021 02:57:57 - INFO - __main__ - --------------------------------------------------
11/08/2021 02:57:57 - INFO - __main__ - Evaluating to get errors .... Timecode: 89
11/08/2021 02:58:02 - INFO - __main__ - Before Error Fixing: {'EM': 0.328125, 'QA-F1': 0.3773849504977944}
11/08/2021 02:58:02 - INFO - __main__ - Found 43 errors.
11/08/2021 02:58:03 - INFO - __main__ - Start error-fixing .... Timecode: 89
11/08/2021 02:58:03 - INFO - __main__ - No debugging at all.
11/08/2021 02:58:03 - INFO - __main__ - Start error-fixing .... Done!
11/08/2021 02:58:07 - INFO - __main__ - Overall: 0.365 from scores=[0.35624999999999996, 0.0, 0.353515625, 0.802734375, 0.3125]
11/08/2021 02:58:07 - INFO - __main__ - --------------------------------------------------
11/08/2021 02:58:07 - INFO - __main__ - Start eval_knowledge_retention for UKR @ Timecode=90
11/08/2021 02:58:32 - INFO - __main__ - Upstream Knowledge Retation (UKR@90): 0.8027
11/08/2021 02:58:33 - INFO - __main__ - Start eval_knowledge_retention for OKR @ Timecode=90
11/08/2021 02:59:15 - INFO - __main__ - Online Knowledge Retation (OKR@90): 0.3594
11/08/2021 02:59:15 - INFO - __main__ - Start eval_knowledge_generalization for KG @ Timecode=90
11/08/2021 03:00:53 - INFO - __main__ - Future Knowledge Generalization (KG@90): 0.3125
11/08/2021 03:00:53 - INFO - __main__ - Evaluating to get errors .... Timecode: 90
11/08/2021 03:00:58 - INFO - __main__ - Before Error Fixing: {'EM': 0.296875, 'QA-F1': 0.3350490335687704}
11/08/2021 03:00:58 - INFO - __main__ - Found 45 errors.
11/08/2021 03:00:59 - INFO - __main__ - Start error-fixing .... Timecode: 90
11/08/2021 03:00:59 - INFO - __main__ - No debugging at all.
11/08/2021 03:00:59 - INFO - __main__ - Start error-fixing .... Done!
11/08/2021 03:01:03 - INFO - __main__ - Overall: 0.36604138049450546 from scores=[0.3555975274725275, 0.0, 0.359375, 0.802734375, 0.3125]
11/08/2021 03:01:05 - INFO - __main__ - Model saved to experiments/ckpt_dirs/qa/nonecl/model_ckpt_090.pt.
11/08/2021 03:01:05 - INFO - __main__ - Updated result feule: experiments/results/qa/QA_nonecl_T=100,b=64,alpha=0.9,beta=0.5,gamma=0.8_result.json at Timecode: 90.
11/08/2021 03:01:05 - INFO - __main__ - --------------------------------------------------
11/08/2021 03:01:05 - INFO - __main__ - Evaluating to get errors .... Timecode: 91
11/08/2021 03:01:09 - INFO - __main__ - Before Error Fixing: {'EM': 0.5, 'QA-F1': 0.5749526515151515}
11/08/2021 03:01:09 - INFO - __main__ - Found 32 errors.
11/08/2021 03:01:09 - INFO - __main__ - Start error-fixing .... Timecode: 91
11/08/2021 03:01:09 - INFO - __main__ - No debugging at all.
11/08/2021 03:01:09 - INFO - __main__ - Start error-fixing .... Done!
11/08/2021 03:01:11 - INFO - __main__ - Overall: 0.36635529891304347 from scores=[0.3571671195652174, 0.0, 0.359375, 0.802734375, 0.3125]
11/08/2021 03:01:11 - INFO - __main__ - --------------------------------------------------
11/08/2021 03:01:11 - INFO - __main__ - Evaluating to get errors .... Timecode: 92
11/08/2021 03:01:16 - INFO - __main__ - Before Error Fixing: {'EM': 0.53125, 'QA-F1': 0.6025027763720199}
11/08/2021 03:01:16 - INFO - __main__ - Found 30 errors.
11/08/2021 03:01:16 - INFO - __main__ - Start error-fixing .... Timecode: 92
11/08/2021 03:01:16 - INFO - __main__ - No debugging at all.
11/08/2021 03:01:16 - INFO - __main__ - Start error-fixing .... Done!
11/08/2021 03:01:18 - INFO - __main__ - Overall: 0.3667296706989247 from scores=[0.35903897849462363, 0.0, 0.359375, 0.802734375, 0.3125]
11/08/2021 03:01:18 - INFO - __main__ - --------------------------------------------------
11/08/2021 03:01:18 - INFO - __main__ - Evaluating to get errors .... Timecode: 93
11/08/2021 03:01:22 - INFO - __main__ - Before Error Fixing: {'EM': 0.578125, 'QA-F1': 0.6222867259552043}
11/08/2021 03:01:22 - INFO - __main__ - Found 27 errors.
11/08/2021 03:01:22 - INFO - __main__ - Start error-fixing .... Timecode: 93
11/08/2021 03:01:22 - INFO - __main__ - No debugging at all.
11/08/2021 03:01:22 - INFO - __main__ - Start error-fixing .... Done!
11/08/2021 03:01:24 - INFO - __main__ - Overall: 0.36719581117021277 from scores=[0.3613696808510638, 0.0, 0.359375, 0.802734375, 0.3125]
11/08/2021 03:01:24 - INFO - __main__ - --------------------------------------------------
11/08/2021 03:01:24 - INFO - __main__ - Evaluating to get errors .... Timecode: 94
11/08/2021 03:01:29 - INFO - __main__ - Before Error Fixing: {'EM': 0.359375, 'QA-F1': 0.4096429958929959}
11/08/2021 03:01:29 - INFO - __main__ - Found 41 errors.
11/08/2021 03:01:29 - INFO - __main__ - Start error-fixing .... Timecode: 94
11/08/2021 03:01:29 - INFO - __main__ - No debugging at all.
11/08/2021 03:01:29 - INFO - __main__ - Start error-fixing .... Done!
11/08/2021 03:01:33 - INFO - __main__ - Overall: 0.3671916118421053 from scores=[0.36134868421052635, 0.0, 0.359375, 0.802734375, 0.3125]
11/08/2021 03:01:33 - INFO - __main__ - --------------------------------------------------
11/08/2021 03:01:33 - INFO - __main__ - Evaluating to get errors .... Timecode: 95
11/08/2021 03:01:38 - INFO - __main__ - Before Error Fixing: {'EM': 0.359375, 'QA-F1': 0.4016387947756136}
11/08/2021 03:01:38 - INFO - __main__ - Found 41 errors.
11/08/2021 03:01:38 - INFO - __main__ - Start error-fixing .... Timecode: 95
11/08/2021 03:01:38 - INFO - __main__ - No debugging at all.
11/08/2021 03:01:38 - INFO - __main__ - Start error-fixing .... Done!
11/08/2021 03:01:42 - INFO - __main__ - Overall: 0.3671875 from scores=[0.361328125, 0.0, 0.359375, 0.802734375, 0.3125]
11/08/2021 03:01:42 - INFO - __main__ - --------------------------------------------------
11/08/2021 03:01:42 - INFO - __main__ - Evaluating to get errors .... Timecode: 96
11/08/2021 03:01:47 - INFO - __main__ - Before Error Fixing: {'EM': 0.234375, 'QA-F1': 0.2924487761869166}
11/08/2021 03:01:47 - INFO - __main__ - Found 49 errors.
11/08/2021 03:01:47 - INFO - __main__ - Start error-fixing .... Timecode: 96
11/08/2021 03:01:47 - INFO - __main__ - No debugging at all.
11/08/2021 03:01:47 - INFO - __main__ - Start error-fixing .... Done!
11/08/2021 03:01:52 - INFO - __main__ - Overall: 0.36692574097938147 from scores=[0.3600193298969072, 0.0, 0.359375, 0.802734375, 0.3125]
11/08/2021 03:01:52 - INFO - __main__ - --------------------------------------------------
11/08/2021 03:01:52 - INFO - __main__ - Evaluating to get errors .... Timecode: 97
11/08/2021 03:01:57 - INFO - __main__ - Before Error Fixing: {'EM': 0.265625, 'QA-F1': 0.35753308368274134}
11/08/2021 03:01:57 - INFO - __main__ - Found 47 errors.
11/08/2021 03:01:57 - INFO - __main__ - Start error-fixing .... Timecode: 97
11/08/2021 03:01:57 - INFO - __main__ - No debugging at all.
11/08/2021 03:01:57 - INFO - __main__ - Start error-fixing .... Done!
11/08/2021 03:02:02 - INFO - __main__ - Overall: 0.36673309948979593 from scores=[0.35905612244897955, 0.0, 0.359375, 0.802734375, 0.3125]
11/08/2021 03:02:02 - INFO - __main__ - --------------------------------------------------
11/08/2021 03:02:02 - INFO - __main__ - Evaluating to get errors .... Timecode: 98
11/08/2021 03:02:07 - INFO - __main__ - Before Error Fixing: {'EM': 0.09375, 'QA-F1': 0.14433519146294882}
11/08/2021 03:02:07 - INFO - __main__ - Found 58 errors.
11/08/2021 03:02:08 - INFO - __main__ - Start error-fixing .... Timecode: 98
11/08/2021 03:02:08 - INFO - __main__ - No debugging at all.
11/08/2021 03:02:08 - INFO - __main__ - Start error-fixing .... Done!
11/08/2021 03:02:14 - INFO - __main__ - Overall: 0.3661971275252525 from scores=[0.35637626262626265, 0.0, 0.359375, 0.802734375, 0.3125]
11/08/2021 03:02:14 - INFO - __main__ - --------------------------------------------------
11/08/2021 03:02:14 - INFO - __main__ - Start eval_knowledge_retention for UKR @ Timecode=99
11/08/2021 03:02:38 - INFO - __main__ - Upstream Knowledge Retation (UKR@99): 0.8027
11/08/2021 03:02:40 - INFO - __main__ - Start eval_knowledge_retention for OKR @ Timecode=99
11/08/2021 03:03:22 - INFO - __main__ - Online Knowledge Retation (OKR@99): 0.3613
11/08/2021 03:03:22 - INFO - __main__ - Start eval_knowledge_generalization for KG @ Timecode=99
11/08/2021 03:04:59 - INFO - __main__ - Future Knowledge Generalization (KG@99): 0.3125
11/08/2021 03:04:59 - INFO - __main__ - Evaluating to get errors .... Timecode: 99
11/08/2021 03:05:05 - INFO - __main__ - Before Error Fixing: {'EM': 0.15625, 'QA-F1': 0.20075780530743767}
11/08/2021 03:05:05 - INFO - __main__ - Found 54 errors.
11/08/2021 03:05:05 - INFO - __main__ - Start error-fixing .... Timecode: 99
11/08/2021 03:05:05 - INFO - __main__ - No debugging at all.
11/08/2021 03:05:05 - INFO - __main__ - Start error-fixing .... Done!
11/08/2021 03:05:10 - INFO - __main__ - Overall: 0.3661875 from scores=[0.354375, 0.0, 0.361328125, 0.802734375, 0.3125]
11/08/2021 03:05:10 - INFO - __main__ - --------------------------------------------------
11/08/2021 03:05:10 - INFO - __main__ - Start the final evaluation.
11/08/2021 03:05:10 - INFO - __main__ - Nothing here.
11/08/2021 03:05:13 - INFO - __main__ - Model saved to experiments/ckpt_dirs/qa/nonecl/model_ckpt_100.pt.
11/08/2021 03:05:13 - INFO - __main__ - Updated result feule: experiments/results/qa/QA_nonecl_T=100,b=64,alpha=0.9,beta=0.5,gamma=0.8_result.json at Timecode: 100.
11/08/2021 03:05:13 - INFO - __main__ - Finished. Results saved to experiments/results/qa/QA_nonecl_T=100,b=64,alpha=0.9,beta=0.5,gamma=0.8_result.json

