
11/08/2021 02:17:54 - INFO - __main__ - Namespace(adam_epsilon=1e-08, adapter_dim=32, append_another_bos=1, base_model_path='out/mrqa_squad_bart-base_1029_upstream_model//best-model.pt', base_model_type='facebook/bart-base', ckpt_dir='experiments/ckpt_dirs/qa/er/QA_oewc_lr=5e-5_ep=5_lbd=500_T=100,b=64,alpha=0.9,beta=0.5,gamma=0.8', cl_method_name='online_ewc', current_thread_id=None, do_lowercase=False, ewc_gamma=1.0, ewc_lambda=500.0, example_encoder_name='roberta-base', freeze_embeds=False, gradient_accumulation_steps=1, heldout_submission_data='experiments/eval_data/qa/heldout_eval.jsonl', index_rank_method='most_similar', indexing_args_path='exp_results/supervision_data/1012_dm_simple.train_args.json', indexing_method='bart_index', inference_query_size=1, init_memory_cache_path='bug_data/memory_key_cache.pkl', kg_eval_freq=10, kg_eval_mode='metric', kr_eval_freq=10, kr_eval_mode='metric', learning_rate=5e-05, local_adapt_lr=1e-05, max_grad_norm=0.1, max_input_length=888, max_output_length=50, max_timecode=100, memory_key_encoder='facebook/bart-base', memory_path='', memory_store_rate=1.0, mir_abalation_args='none', num_adapt_epochs=1, num_beams=3, num_threads_eval=0, num_train_epochs=5.0, okr_sample_seed=1337, okr_sample_size=512, path_to_thread_result=None, predict_batch_size=48, prefix='QA_oewc_lr=5e-5_ep=5_lbd=500_T=100,b=64,alpha=0.9,beta=0.5,gamma=0.8', replay_candidate_size=8, replay_frequency=1, replay_size=8, result_file='experiments/results/qa/QA_oewc_lr=5e-5_ep=5_lbd=500_T=100,b=64,alpha=0.9,beta=0.5,gamma=0.8_result.json', save_ckpt_freq=10, seed=42, skip_instant_eval=False, submission_stream_data='experiments/eval_data/qa/submission_stream.T=100,b=64,alpha=0.9,beta=0.5,gamma=0.8.json', task_emb_dim=768, task_name='mrqa', train_batch_size=8, upstream_data_path='data/mrqa_squad/mrqa_squad_train.jsonl', upstream_eval_data='experiments/eval_data/qa/upstream_eval.jsonl', upstream_sample_ratio=-1, use_mir=False, use_replay_mix=False, use_wandb=True, weight_decay=0.01)
11/08/2021 02:17:54 - INFO - transformers.tokenization_utils - loading file https://s3.amazonaws.com/models.huggingface.co/bert/roberta-large-vocab.json from cache at /private/home/yuchenlin/.cache/torch/transformers/1ae1f5b6e2b22b25ccc04c000bb79ca847aa226d0761536b011cf7e5868f0655.ef00af9e673c7160b4d41cfda1f48c5f4cba57d5142754525572a846a1ab1b9b
11/08/2021 02:17:54 - INFO - transformers.tokenization_utils - loading file https://s3.amazonaws.com/models.huggingface.co/bert/roberta-large-merges.txt from cache at /private/home/yuchenlin/.cache/torch/transformers/f8f83199a6270d582d6245dc100e99c4155de81c9745c6248077018fe01abcfb.70bec105b4158ed9a1747fea67a43f5dee97855c64d62b6ec3742f4cfdb5feda
11/08/2021 02:18:25 - INFO - __main__ - load_data: len(upstream_eval_examples)=512
11/08/2021 02:18:26 - INFO - __main__ - load_data: len(heldout_eval_examples)=1280
11/08/2021 02:18:31 - INFO - __main__ - Loading checkpoint from out/mrqa_squad_bart-base_1029_upstream_model//best-model.pt for facebook/bart-base .....
11/08/2021 02:18:32 - INFO - transformers.configuration_utils - loading configuration file https://s3.amazonaws.com/models.huggingface.co/bert/facebook/bart-base/config.json from cache at /private/home/yuchenlin/.cache/torch/transformers/09f4fcaeaf785dd3b97b085d6e3510c7081f586ec8e75981683c6299c0f81d9d.e8d516ad807436d395effad8c2326786872659b7dd1210827ac67c761198a0eb
11/08/2021 02:18:32 - INFO - transformers.configuration_utils - Model config BartConfig {
  "activation_dropout": 0.1,
  "activation_function": "gelu",
  "add_bias_logits": false,
  "add_final_layer_norm": false,
  "architectures": [
    "BartModel",
    "BartForConditionalGeneration",
    "BartForSequenceClassification"
  ],
  "attention_dropout": 0.1,
  "bos_token_id": 0,
  "classif_dropout": 0.0,
  "d_model": 768,
  "decoder_attention_heads": 12,
  "decoder_ffn_dim": 3072,
  "decoder_layerdrop": 0.0,
  "decoder_layers": 6,
  "decoder_start_token_id": 2,
  "dropout": 0.1,
  "early_stopping": true,
  "encoder_attention_heads": 12,
  "encoder_ffn_dim": 3072,
  "encoder_layerdrop": 0.0,
  "encoder_layers": 6,
  "eos_token_id": 2,
  "id2label": {
    "0": "LABEL_0",
    "1": "LABEL_1",
    "2": "LABEL_2"
  },
  "init_std": 0.02,
  "is_encoder_decoder": true,
  "label2id": {
    "LABEL_0": 0,
    "LABEL_1": 1,
    "LABEL_2": 2
  },
  "max_position_embeddings": 1024,
  "model_type": "bart",
  "no_repeat_ngram_size": 3,
  "normalize_before": false,
  "normalize_embedding": true,
  "num_beams": 4,
  "num_hidden_layers": 6,
  "pad_token_id": 1,
  "scale_embedding": false,
  "static_position_embeddings": false,
  "task_specific_params": {
    "summarization": {
      "length_penalty": 1.0,
      "max_length": 128,
      "min_length": 12,
      "num_beams": 4
    },
    "summarization_cnn": {
      "length_penalty": 2.0,
      "max_length": 142,
      "min_length": 56,
      "num_beams": 4
    },
    "summarization_xsum": {
      "length_penalty": 1.0,
      "max_length": 62,
      "min_length": 11,
      "num_beams": 6
    }
  },
  "vocab_size": 50265
}

11/08/2021 02:18:32 - INFO - transformers.modeling_utils - loading weights file https://cdn.huggingface.co/facebook/bart-base/pytorch_model.bin from cache at /private/home/yuchenlin/.cache/torch/transformers/566c05fb6983817e8ad7a4fa51e3099fe9caa3b31730f964bc5198d71c677523.0a3d95c18c1e434448941bc25accea7b122882be6526fb67c8e8fb6d5ebc711c
11/08/2021 02:18:37 - INFO - __main__ - Loading checkpoint from out/mrqa_squad_bart-base_1029_upstream_model//best-model.pt for facebook/bart-base ..... Done!
11/08/2021 02:18:42 - INFO - __main__ - Moving to the GPUs.
11/08/2021 02:18:42 - INFO - __main__ - Debugger Setup ......
11/08/2021 02:18:42 - INFO - __main__ - debugger_args: Namespace(adam_epsilon=1e-08, ckpt_dir='experiments/ckpt_dirs/qa/er/QA_oewc_lr=5e-5_ep=5_lbd=500_T=100,b=64,alpha=0.9,beta=0.5,gamma=0.8', ewc_gamma=1.0, ewc_lambda=500.0, gradient_accumulation_steps=1, kg_eval_freq=10, kg_eval_mode='metric', kr_eval_freq=10, kr_eval_mode='metric', learning_rate=5e-05, max_grad_norm=0.1, num_epochs=5.0, okr_sample_seed=1337, okr_sample_size=512, save_ckpt_freq=10, skip_instant_eval=False, total_steps=10000, warmup_steps=0, weight_decay=0.01) ......
11/08/2021 02:18:42 - INFO - __main__ - optimizer & scheduler Setup ...... Done!
11/08/2021 02:18:42 - INFO - __main__ - Debugger Setup ...... Done!
11/08/2021 02:18:42 - INFO - __main__ - Start Online Debugging with Dynamic Error Mode
11/08/2021 02:18:42 - INFO - __main__ - Number of Batches of Data: 100
11/08/2021 02:18:42 - INFO - __main__ - Data Batch Size: 64;
11/08/2021 02:18:45 - INFO - __main__ - Model saved to experiments/ckpt_dirs/qa/er/QA_oewc_lr=5e-5_ep=5_lbd=500_T=100,b=64,alpha=0.9,beta=0.5,gamma=0.8/model_ckpt_000.pt.
11/08/2021 02:18:45 - INFO - __main__ - Start eval_knowledge_retention for UKR @ Timecode=0
11/08/2021 02:19:16 - INFO - __main__ - Upstream Knowledge Retation (UKR@0): 0.8027
11/08/2021 02:19:16 - INFO - __main__ - Start eval_knowledge_generalization for KG @ Timecode=0
11/08/2021 02:21:11 - INFO - __main__ - Future Knowledge Generalization (KG@0): 0.3125
11/08/2021 02:21:11 - INFO - __main__ - Evaluating to get errors .... Timecode: 0
11/08/2021 02:21:15 - INFO - __main__ - Before Error Fixing: {'EM': 0.828125, 'QA-F1': 0.8576388888888888}
11/08/2021 02:21:15 - INFO - __main__ - Found 11 errors.
11/08/2021 02:21:15 - INFO - __main__ - Start error-fixing .... Timecode: 0
11/08/2021 02:21:19 - INFO - __main__ - Start error-fixing .... Done!
11/08/2021 02:21:20 - INFO - __main__ - Overall: 0.8686079545454546 from scores=[0.828125, 0.9090909090909091]
11/08/2021 02:21:22 - INFO - __main__ - Model saved to experiments/ckpt_dirs/qa/er/QA_oewc_lr=5e-5_ep=5_lbd=500_T=100,b=64,alpha=0.9,beta=0.5,gamma=0.8/model_ckpt_000.pt.
11/08/2021 02:21:22 - INFO - __main__ - Updated result feule: experiments/results/qa/QA_oewc_lr=5e-5_ep=5_lbd=500_T=100,b=64,alpha=0.9,beta=0.5,gamma=0.8_result.json at Timecode: 0.
11/08/2021 02:21:22 - INFO - __main__ - --------------------------------------------------
11/08/2021 02:21:22 - INFO - __main__ - Evaluating to get errors .... Timecode: 1
11/08/2021 02:21:25 - INFO - __main__ - Before Error Fixing: {'EM': 0.71875, 'QA-F1': 0.7831473214285714}
11/08/2021 02:21:25 - INFO - __main__ - Found 18 errors.
11/08/2021 02:21:26 - INFO - __main__ - Start error-fixing .... Timecode: 1
11/08/2021 02:21:33 - INFO - __main__ - Start error-fixing .... Done!
11/08/2021 02:21:34 - INFO - __main__ - Overall: 0.8589409722222222 from scores=[0.7734375, 0.9444444444444444]
11/08/2021 02:21:34 - INFO - __main__ - --------------------------------------------------
11/08/2021 02:21:34 - INFO - __main__ - Evaluating to get errors .... Timecode: 2
11/08/2021 02:21:39 - INFO - __main__ - Before Error Fixing: {'EM': 0.796875, 'QA-F1': 0.8561717490026314}
11/08/2021 02:21:39 - INFO - __main__ - Found 13 errors.
11/08/2021 02:21:39 - INFO - __main__ - Start error-fixing .... Timecode: 2
11/08/2021 02:21:44 - INFO - __main__ - Start error-fixing .... Done!
11/08/2021 02:21:45 - INFO - __main__ - Overall: 0.890625 from scores=[0.78125, 1.0]
11/08/2021 02:21:45 - INFO - __main__ - --------------------------------------------------
11/08/2021 02:21:45 - INFO - __main__ - Evaluating to get errors .... Timecode: 3
11/08/2021 02:21:49 - INFO - __main__ - Before Error Fixing: {'EM': 0.609375, 'QA-F1': 0.6560301677489178}
11/08/2021 02:21:49 - INFO - __main__ - Found 25 errors.
11/08/2021 02:21:49 - INFO - __main__ - Start error-fixing .... Timecode: 3
11/08/2021 02:22:00 - INFO - __main__ - Start error-fixing .... Done!
11/08/2021 02:22:01 - INFO - __main__ - Overall: 0.849140625 from scores=[0.73828125, 0.96]
11/08/2021 02:22:01 - INFO - __main__ - --------------------------------------------------
11/08/2021 02:22:01 - INFO - __main__ - Evaluating to get errors .... Timecode: 4
11/08/2021 02:22:04 - INFO - __main__ - Before Error Fixing: {'EM': 0.640625, 'QA-F1': 0.7092013888888888}
11/08/2021 02:22:04 - INFO - __main__ - Found 23 errors.
11/08/2021 02:22:04 - INFO - __main__ - Start error-fixing .... Timecode: 4
11/08/2021 02:22:12 - INFO - __main__ - Start error-fixing .... Done!
11/08/2021 02:22:13 - INFO - __main__ - Overall: 0.859375 from scores=[0.71875, 1.0]
11/08/2021 02:22:13 - INFO - __main__ - --------------------------------------------------
11/08/2021 02:22:13 - INFO - __main__ - Evaluating to get errors .... Timecode: 5
11/08/2021 02:22:16 - INFO - __main__ - Before Error Fixing: {'EM': 0.625, 'QA-F1': 0.7085851648351649}
11/08/2021 02:22:16 - INFO - __main__ - Found 24 errors.
11/08/2021 02:22:16 - INFO - __main__ - Start error-fixing .... Timecode: 5
11/08/2021 02:22:24 - INFO - __main__ - Start error-fixing .... Done!
11/08/2021 02:22:26 - INFO - __main__ - Overall: 0.8307291666666667 from scores=[0.703125, 0.9583333333333334]
11/08/2021 02:22:26 - INFO - __main__ - --------------------------------------------------
11/08/2021 02:22:26 - INFO - __main__ - Evaluating to get errors .... Timecode: 6
11/08/2021 02:22:29 - INFO - __main__ - Before Error Fixing: {'EM': 0.5625, 'QA-F1': 0.6376702499910221}
11/08/2021 02:22:29 - INFO - __main__ - Found 28 errors.
11/08/2021 02:22:29 - INFO - __main__ - Start error-fixing .... Timecode: 6
11/08/2021 02:22:39 - INFO - __main__ - Start error-fixing .... Done!
11/08/2021 02:22:41 - INFO - __main__ - Overall: 0.7522321428571428 from scores=[0.6830357142857143, 0.8214285714285714]
11/08/2021 02:22:41 - INFO - __main__ - --------------------------------------------------
11/08/2021 02:22:41 - INFO - __main__ - Evaluating to get errors .... Timecode: 7
11/08/2021 02:22:45 - INFO - __main__ - Before Error Fixing: {'EM': 0.546875, 'QA-F1': 0.6259858630952382}
11/08/2021 02:22:45 - INFO - __main__ - Found 29 errors.
11/08/2021 02:22:45 - INFO - __main__ - Start error-fixing .... Timecode: 7
11/08/2021 02:22:54 - INFO - __main__ - Start error-fixing .... Done!
11/08/2021 02:22:56 - INFO - __main__ - Overall: 0.8157664331896552 from scores=[0.666015625, 0.9655172413793104]
11/08/2021 02:22:56 - INFO - __main__ - --------------------------------------------------
11/08/2021 02:22:56 - INFO - __main__ - Evaluating to get errors .... Timecode: 8
11/08/2021 02:23:00 - INFO - __main__ - Before Error Fixing: {'EM': 0.5625, 'QA-F1': 0.652360681114551}
11/08/2021 02:23:00 - INFO - __main__ - Found 28 errors.
11/08/2021 02:23:00 - INFO - __main__ - Start error-fixing .... Timecode: 8
11/08/2021 02:23:10 - INFO - __main__ - Start error-fixing .... Done!
11/08/2021 02:23:12 - INFO - __main__ - Overall: 0.8093998015873016 from scores=[0.6545138888888888, 0.9642857142857143]
11/08/2021 02:23:12 - INFO - __main__ - --------------------------------------------------
11/08/2021 02:23:12 - INFO - __main__ - Evaluating to get errors .... Timecode: 9
11/08/2021 02:23:16 - INFO - __main__ - Before Error Fixing: {'EM': 0.515625, 'QA-F1': 0.6105654761904762}
11/08/2021 02:23:16 - INFO - __main__ - Found 31 errors.
11/08/2021 02:23:16 - INFO - __main__ - Start error-fixing .... Timecode: 9
11/08/2021 02:23:28 - INFO - __main__ - Start error-fixing .... Done!
11/08/2021 02:23:29 - INFO - __main__ - Overall: 0.8041834677419355 from scores=[0.640625, 0.967741935483871]
11/08/2021 02:23:29 - INFO - __main__ - --------------------------------------------------
11/08/2021 02:23:29 - INFO - __main__ - Start eval_knowledge_retention for UKR @ Timecode=10
11/08/2021 02:23:53 - INFO - __main__ - Upstream Knowledge Retation (UKR@10): 0.7969
11/08/2021 02:23:53 - INFO - __main__ - Start eval_knowledge_retention for OKR @ Timecode=10
11/08/2021 02:24:25 - INFO - __main__ - Online Knowledge Retation (OKR@10): 0.9434
11/08/2021 02:24:25 - INFO - __main__ - Start eval_knowledge_generalization for KG @ Timecode=10
11/08/2021 02:25:28 - INFO - __main__ - Future Knowledge Generalization (KG@10): 0.4469
11/08/2021 02:25:28 - INFO - __main__ - Evaluating to get errors .... Timecode: 10
11/08/2021 02:25:31 - INFO - __main__ - Before Error Fixing: {'EM': 0.546875, 'QA-F1': 0.6397964015151516}
11/08/2021 02:25:31 - INFO - __main__ - Found 29 errors.
11/08/2021 02:25:32 - INFO - __main__ - Start error-fixing .... Timecode: 10
11/08/2021 02:25:43 - INFO - __main__ - Start error-fixing .... Done!
11/08/2021 02:25:44 - INFO - __main__ - Overall: 0.7500492260971787 from scores=[0.6321022727272727, 0.9310344827586207, 0.943359375, 0.796875, 0.446875]
11/08/2021 02:25:47 - INFO - __main__ - Model saved to experiments/ckpt_dirs/qa/er/QA_oewc_lr=5e-5_ep=5_lbd=500_T=100,b=64,alpha=0.9,beta=0.5,gamma=0.8/model_ckpt_010.pt.
11/08/2021 02:25:47 - INFO - __main__ - Updated result feule: experiments/results/qa/QA_oewc_lr=5e-5_ep=5_lbd=500_T=100,b=64,alpha=0.9,beta=0.5,gamma=0.8_result.json at Timecode: 10.
11/08/2021 02:25:47 - INFO - __main__ - --------------------------------------------------
11/08/2021 02:25:47 - INFO - __main__ - Evaluating to get errors .... Timecode: 11
11/08/2021 02:25:50 - INFO - __main__ - Before Error Fixing: {'EM': 0.59375, 'QA-F1': 0.6382525027056277}
11/08/2021 02:25:50 - INFO - __main__ - Found 26 errors.
11/08/2021 02:25:50 - INFO - __main__ - Start error-fixing .... Timecode: 11
11/08/2021 02:26:00 - INFO - __main__ - Start error-fixing .... Done!
11/08/2021 02:26:01 - INFO - __main__ - Overall: 0.7555108173076923 from scores=[0.62890625, 0.9615384615384616, 0.943359375, 0.796875, 0.446875]
11/08/2021 02:26:01 - INFO - __main__ - --------------------------------------------------
11/08/2021 02:26:01 - INFO - __main__ - Evaluating to get errors .... Timecode: 12
11/08/2021 02:26:06 - INFO - __main__ - Before Error Fixing: {'EM': 0.46875, 'QA-F1': 0.5543402777777777}
11/08/2021 02:26:06 - INFO - __main__ - Found 34 errors.
11/08/2021 02:26:06 - INFO - __main__ - Start error-fixing .... Timecode: 12
11/08/2021 02:26:20 - INFO - __main__ - Start error-fixing .... Done!
11/08/2021 02:26:23 - INFO - __main__ - Overall: 0.7548568297511312 from scores=[0.6165865384615384, 0.9705882352941176, 0.943359375, 0.796875, 0.446875]
11/08/2021 02:26:23 - INFO - __main__ - --------------------------------------------------
11/08/2021 02:26:23 - INFO - __main__ - Evaluating to get errors .... Timecode: 13
11/08/2021 02:26:28 - INFO - __main__ - Before Error Fixing: {'EM': 0.484375, 'QA-F1': 0.5960700757575758}
11/08/2021 02:26:28 - INFO - __main__ - Found 33 errors.
11/08/2021 02:26:28 - INFO - __main__ - Start error-fixing .... Timecode: 13
11/08/2021 02:26:41 - INFO - __main__ - Start error-fixing .... Done!
11/08/2021 02:26:44 - INFO - __main__ - Overall: 0.7467292343073593 from scores=[0.6071428571428572, 0.9393939393939394, 0.943359375, 0.796875, 0.446875]
11/08/2021 02:26:44 - INFO - __main__ - --------------------------------------------------
11/08/2021 02:26:44 - INFO - __main__ - Evaluating to get errors .... Timecode: 14
11/08/2021 02:26:49 - INFO - __main__ - Before Error Fixing: {'EM': 0.53125, 'QA-F1': 0.6303839379201421}
11/08/2021 02:26:49 - INFO - __main__ - Found 30 errors.
11/08/2021 02:26:49 - INFO - __main__ - Start error-fixing .... Timecode: 14
11/08/2021 02:27:01 - INFO - __main__ - Start error-fixing .... Done!
11/08/2021 02:27:03 - INFO - __main__ - Overall: 0.7578385416666666 from scores=[0.6020833333333333, 1.0, 0.943359375, 0.796875, 0.446875]
11/08/2021 02:27:03 - INFO - __main__ - --------------------------------------------------
11/08/2021 02:27:03 - INFO - __main__ - Evaluating to get errors .... Timecode: 15
11/08/2021 02:27:08 - INFO - __main__ - Before Error Fixing: {'EM': 0.578125, 'QA-F1': 0.6573863636363636}
11/08/2021 02:27:08 - INFO - __main__ - Found 27 errors.
11/08/2021 02:27:08 - INFO - __main__ - Start error-fixing .... Timecode: 15
11/08/2021 02:27:19 - INFO - __main__ - Start error-fixing .... Done!
11/08/2021 02:27:21 - INFO - __main__ - Overall: 0.7575390625 from scores=[0.6005859375, 1.0, 0.943359375, 0.796875, 0.446875]
11/08/2021 02:27:21 - INFO - __main__ - --------------------------------------------------
11/08/2021 02:27:21 - INFO - __main__ - Evaluating to get errors .... Timecode: 16
11/08/2021 02:27:26 - INFO - __main__ - Before Error Fixing: {'EM': 0.40625, 'QA-F1': 0.4991934463562753}
11/08/2021 02:27:26 - INFO - __main__ - Found 38 errors.
11/08/2021 02:27:27 - INFO - __main__ - Start error-fixing .... Timecode: 16
11/08/2021 02:27:42 - INFO - __main__ - Start error-fixing .... Done!
11/08/2021 02:27:45 - INFO - __main__ - Overall: 0.7499895994582043 from scores=[0.5891544117647058, 0.9736842105263158, 0.943359375, 0.796875, 0.446875]
11/08/2021 02:27:45 - INFO - __main__ - --------------------------------------------------
11/08/2021 02:27:45 - INFO - __main__ - Evaluating to get errors .... Timecode: 17
11/08/2021 02:27:49 - INFO - __main__ - Before Error Fixing: {'EM': 0.390625, 'QA-F1': 0.4831988826232247}
11/08/2021 02:27:49 - INFO - __main__ - Found 39 errors.
11/08/2021 02:27:50 - INFO - __main__ - Start error-fixing .... Timecode: 17
11/08/2021 02:28:04 - INFO - __main__ - Start error-fixing .... Done!
11/08/2021 02:28:07 - INFO - __main__ - Overall: 0.7376622596153847 from scores=[0.578125, 0.9230769230769231, 0.943359375, 0.796875, 0.446875]
11/08/2021 02:28:07 - INFO - __main__ - --------------------------------------------------
11/08/2021 02:28:07 - INFO - __main__ - Evaluating to get errors .... Timecode: 18
11/08/2021 02:28:12 - INFO - __main__ - Before Error Fixing: {'EM': 0.4375, 'QA-F1': 0.569565425737702}
11/08/2021 02:28:12 - INFO - __main__ - Found 36 errors.
11/08/2021 02:28:12 - INFO - __main__ - Start error-fixing .... Timecode: 18
11/08/2021 02:28:26 - INFO - __main__ - Start error-fixing .... Done!
11/08/2021 02:28:28 - INFO - __main__ - Overall: 0.7515666118421053 from scores=[0.5707236842105263, 1.0, 0.943359375, 0.796875, 0.446875]
11/08/2021 02:28:28 - INFO - __main__ - --------------------------------------------------
11/08/2021 02:28:28 - INFO - __main__ - Evaluating to get errors .... Timecode: 19
11/08/2021 02:28:32 - INFO - __main__ - Before Error Fixing: {'EM': 0.328125, 'QA-F1': 0.5223306207681206}
11/08/2021 02:28:32 - INFO - __main__ - Found 43 errors.
11/08/2021 02:28:33 - INFO - __main__ - Start error-fixing .... Timecode: 19
11/08/2021 02:28:51 - INFO - __main__ - Start error-fixing .... Done!
11/08/2021 02:28:54 - INFO - __main__ - Overall: 0.7444894622093023 from scores=[0.55859375, 0.9767441860465116, 0.943359375, 0.796875, 0.446875]
11/08/2021 02:28:54 - INFO - __main__ - --------------------------------------------------
11/08/2021 02:28:54 - INFO - __main__ - Start eval_knowledge_retention for UKR @ Timecode=20
11/08/2021 02:29:32 - INFO - __main__ - Upstream Knowledge Retation (UKR@20): 0.6738
11/08/2021 02:29:33 - INFO - __main__ - Start eval_knowledge_retention for OKR @ Timecode=20
11/08/2021 02:30:08 - INFO - __main__ - Online Knowledge Retation (OKR@20): 0.8613
11/08/2021 02:30:08 - INFO - __main__ - Start eval_knowledge_generalization for KG @ Timecode=20
11/08/2021 02:31:32 - INFO - __main__ - Future Knowledge Generalization (KG@20): 0.4516
11/08/2021 02:31:32 - INFO - __main__ - Evaluating to get errors .... Timecode: 20
11/08/2021 02:31:37 - INFO - __main__ - Before Error Fixing: {'EM': 0.484375, 'QA-F1': 0.5654633620689655}
11/08/2021 02:31:37 - INFO - __main__ - Found 33 errors.
11/08/2021 02:31:37 - INFO - __main__ - Start error-fixing .... Timecode: 20
11/08/2021 02:31:51 - INFO - __main__ - Start error-fixing .... Done!
11/08/2021 02:31:53 - INFO - __main__ - Overall: 0.7083556547619048 from scores=[0.5550595238095238, 1.0, 0.861328125, 0.673828125, 0.4515625]
11/08/2021 02:31:56 - INFO - __main__ - Model saved to experiments/ckpt_dirs/qa/er/QA_oewc_lr=5e-5_ep=5_lbd=500_T=100,b=64,alpha=0.9,beta=0.5,gamma=0.8/model_ckpt_020.pt.
11/08/2021 02:31:56 - INFO - __main__ - Updated result feule: experiments/results/qa/QA_oewc_lr=5e-5_ep=5_lbd=500_T=100,b=64,alpha=0.9,beta=0.5,gamma=0.8_result.json at Timecode: 20.
11/08/2021 02:31:56 - INFO - __main__ - --------------------------------------------------
11/08/2021 02:31:56 - INFO - __main__ - Evaluating to get errors .... Timecode: 21
11/08/2021 02:32:01 - INFO - __main__ - Before Error Fixing: {'EM': 0.484375, 'QA-F1': 0.6379293745470216}
11/08/2021 02:32:01 - INFO - __main__ - Found 33 errors.
11/08/2021 02:32:01 - INFO - __main__ - Start error-fixing .... Timecode: 21
11/08/2021 02:32:14 - INFO - __main__ - Start error-fixing .... Done!
11/08/2021 02:32:17 - INFO - __main__ - Overall: 0.68953125 from scores=[0.5518465909090908, 0.9090909090909091, 0.861328125, 0.673828125, 0.4515625]
11/08/2021 02:32:17 - INFO - __main__ - --------------------------------------------------
11/08/2021 02:32:17 - INFO - __main__ - Evaluating to get errors .... Timecode: 22
11/08/2021 02:32:22 - INFO - __main__ - Before Error Fixing: {'EM': 0.5, 'QA-F1': 0.64669377837528}
11/08/2021 02:32:22 - INFO - __main__ - Found 32 errors.
11/08/2021 02:32:22 - INFO - __main__ - Start error-fixing .... Timecode: 22
11/08/2021 02:32:33 - INFO - __main__ - Start error-fixing .... Done!
11/08/2021 02:32:36 - INFO - __main__ - Overall: 0.6885122282608696 from scores=[0.5495923913043479, 0.90625, 0.861328125, 0.673828125, 0.4515625]
11/08/2021 02:32:36 - INFO - __main__ - --------------------------------------------------
11/08/2021 02:32:36 - INFO - __main__ - Evaluating to get errors .... Timecode: 23
11/08/2021 02:32:40 - INFO - __main__ - Before Error Fixing: {'EM': 0.515625, 'QA-F1': 0.5779990842490842}
11/08/2021 02:32:40 - INFO - __main__ - Found 31 errors.
11/08/2021 02:32:40 - INFO - __main__ - Start error-fixing .... Timecode: 23
11/08/2021 02:32:52 - INFO - __main__ - Start error-fixing .... Done!
11/08/2021 02:32:55 - INFO - __main__ - Overall: 0.6811727150537634 from scores=[0.5481770833333333, 0.8709677419354839, 0.861328125, 0.673828125, 0.4515625]
11/08/2021 02:32:55 - INFO - __main__ - --------------------------------------------------
11/08/2021 02:32:55 - INFO - __main__ - Evaluating to get errors .... Timecode: 24
11/08/2021 02:32:59 - INFO - __main__ - Before Error Fixing: {'EM': 0.390625, 'QA-F1': 0.49596582602339184}
11/08/2021 02:32:59 - INFO - __main__ - Found 39 errors.
11/08/2021 02:32:59 - INFO - __main__ - Start error-fixing .... Timecode: 24
11/08/2021 02:33:14 - INFO - __main__ - Start error-fixing .... Done!
11/08/2021 02:33:16 - INFO - __main__ - Overall: 0.700590544871795 from scores=[0.541875, 0.9743589743589743, 0.861328125, 0.673828125, 0.4515625]
11/08/2021 02:33:16 - INFO - __main__ - --------------------------------------------------
11/08/2021 02:33:16 - INFO - __main__ - Evaluating to get errors .... Timecode: 25
11/08/2021 02:33:20 - INFO - __main__ - Before Error Fixing: {'EM': 0.375, 'QA-F1': 0.47340745192307687}
11/08/2021 02:33:20 - INFO - __main__ - Found 40 errors.
11/08/2021 02:33:21 - INFO - __main__ - Start error-fixing .... Timecode: 25
11/08/2021 02:33:36 - INFO - __main__ - Start error-fixing .... Done!
11/08/2021 02:33:37 - INFO - __main__ - Overall: 0.6994350961538462 from scores=[0.5354567307692308, 0.975, 0.861328125, 0.673828125, 0.4515625]
11/08/2021 02:33:37 - INFO - __main__ - --------------------------------------------------
11/08/2021 02:33:37 - INFO - __main__ - Evaluating to get errors .... Timecode: 26
11/08/2021 02:33:43 - INFO - __main__ - Before Error Fixing: {'EM': 0.5, 'QA-F1': 0.5639136904761906}
11/08/2021 02:33:43 - INFO - __main__ - Found 32 errors.
11/08/2021 02:33:43 - INFO - __main__ - Start error-fixing .... Timecode: 26
11/08/2021 02:33:55 - INFO - __main__ - Start error-fixing .... Done!
11/08/2021 02:33:57 - INFO - __main__ - Overall: 0.6791724537037037 from scores=[0.5341435185185186, 0.875, 0.861328125, 0.673828125, 0.4515625]
11/08/2021 02:33:57 - INFO - __main__ - --------------------------------------------------
11/08/2021 02:33:57 - INFO - __main__ - Evaluating to get errors .... Timecode: 27
11/08/2021 02:34:03 - INFO - __main__ - Before Error Fixing: {'EM': 0.421875, 'QA-F1': 0.5536443949967657}
11/08/2021 02:34:03 - INFO - __main__ - Found 37 errors.
11/08/2021 02:34:03 - INFO - __main__ - Start error-fixing .... Timecode: 27
11/08/2021 02:34:17 - INFO - __main__ - Start error-fixing .... Done!
11/08/2021 02:34:19 - INFO - __main__ - Overall: 0.6871543194980696 from scores=[0.5301339285714286, 0.918918918918919, 0.861328125, 0.673828125, 0.4515625]
11/08/2021 02:34:19 - INFO - __main__ - --------------------------------------------------
11/08/2021 02:34:19 - INFO - __main__ - Evaluating to get errors .... Timecode: 28
11/08/2021 02:34:22 - INFO - __main__ - Before Error Fixing: {'EM': 0.515625, 'QA-F1': 0.6055590527678376}
11/08/2021 02:34:22 - INFO - __main__ - Found 31 errors.
11/08/2021 02:34:23 - INFO - __main__ - Start error-fixing .... Timecode: 28
11/08/2021 02:34:33 - INFO - __main__ - Start error-fixing .... Done!
11/08/2021 02:34:36 - INFO - __main__ - Overall: 0.6774640225250279 from scores=[0.5296336206896552, 0.8709677419354839, 0.861328125, 0.673828125, 0.4515625]
11/08/2021 02:34:36 - INFO - __main__ - --------------------------------------------------
11/08/2021 02:34:36 - INFO - __main__ - Evaluating to get errors .... Timecode: 29
11/08/2021 02:34:41 - INFO - __main__ - Before Error Fixing: {'EM': 0.453125, 'QA-F1': 0.6314792853583614}
11/08/2021 02:34:41 - INFO - __main__ - Found 35 errors.
11/08/2021 02:34:41 - INFO - __main__ - Start error-fixing .... Timecode: 29
11/08/2021 02:34:54 - INFO - __main__ - Start error-fixing .... Done!
11/08/2021 02:34:56 - INFO - __main__ - Overall: 0.697046130952381 from scores=[0.5270833333333333, 0.9714285714285714, 0.861328125, 0.673828125, 0.4515625]
11/08/2021 02:34:56 - INFO - __main__ - --------------------------------------------------
11/08/2021 02:34:56 - INFO - __main__ - Start eval_knowledge_retention for UKR @ Timecode=30
11/08/2021 02:35:30 - INFO - __main__ - Upstream Knowledge Retation (UKR@30): 0.6641
11/08/2021 02:35:32 - INFO - __main__ - Start eval_knowledge_retention for OKR @ Timecode=30
11/08/2021 02:36:11 - INFO - __main__ - Online Knowledge Retation (OKR@30): 0.7930
11/08/2021 02:36:11 - INFO - __main__ - Start eval_knowledge_generalization for KG @ Timecode=30
11/08/2021 02:37:32 - INFO - __main__ - Future Knowledge Generalization (KG@30): 0.4469
11/08/2021 02:37:32 - INFO - __main__ - Evaluating to get errors .... Timecode: 30
11/08/2021 02:37:36 - INFO - __main__ - Before Error Fixing: {'EM': 0.484375, 'QA-F1': 0.5841356107660456}
11/08/2021 02:37:36 - INFO - __main__ - Found 33 errors.
11/08/2021 02:37:37 - INFO - __main__ - Start error-fixing .... Timecode: 30
11/08/2021 02:37:51 - INFO - __main__ - Start error-fixing .... Done!
11/08/2021 02:37:53 - INFO - __main__ - Overall: 0.685922379032258 from scores=[0.5257056451612903, 1.0, 0.79296875, 0.6640625, 0.446875]
11/08/2021 02:37:55 - INFO - __main__ - Model saved to experiments/ckpt_dirs/qa/er/QA_oewc_lr=5e-5_ep=5_lbd=500_T=100,b=64,alpha=0.9,beta=0.5,gamma=0.8/model_ckpt_030.pt.
11/08/2021 02:37:55 - INFO - __main__ - Updated result feule: experiments/results/qa/QA_oewc_lr=5e-5_ep=5_lbd=500_T=100,b=64,alpha=0.9,beta=0.5,gamma=0.8_result.json at Timecode: 30.
11/08/2021 02:37:55 - INFO - __main__ - --------------------------------------------------
11/08/2021 02:37:55 - INFO - __main__ - Evaluating to get errors .... Timecode: 31
11/08/2021 02:38:01 - INFO - __main__ - Before Error Fixing: {'EM': 0.46875, 'QA-F1': 0.6150625373585543}
11/08/2021 02:38:01 - INFO - __main__ - Found 34 errors.
11/08/2021 02:38:01 - INFO - __main__ - Start error-fixing .... Timecode: 31
11/08/2021 02:38:13 - INFO - __main__ - Start error-fixing .... Done!
11/08/2021 02:38:16 - INFO - __main__ - Overall: 0.6561546415441176 from scores=[0.52392578125, 0.8529411764705882, 0.79296875, 0.6640625, 0.446875]
11/08/2021 02:38:16 - INFO - __main__ - --------------------------------------------------
11/08/2021 02:38:16 - INFO - __main__ - Evaluating to get errors .... Timecode: 32
11/08/2021 02:38:20 - INFO - __main__ - Before Error Fixing: {'EM': 0.546875, 'QA-F1': 0.6667048229548229}
11/08/2021 02:38:20 - INFO - __main__ - Found 29 errors.
11/08/2021 02:38:20 - INFO - __main__ - Start error-fixing .... Timecode: 32
11/08/2021 02:38:31 - INFO - __main__ - Start error-fixing .... Done!
11/08/2021 02:38:33 - INFO - __main__ - Overall: 0.6719123889759666 from scores=[0.5246212121212122, 0.9310344827586207, 0.79296875, 0.6640625, 0.446875]
11/08/2021 02:38:33 - INFO - __main__ - --------------------------------------------------
11/08/2021 02:38:33 - INFO - __main__ - Evaluating to get errors .... Timecode: 33
11/08/2021 02:38:37 - INFO - __main__ - Before Error Fixing: {'EM': 0.5625, 'QA-F1': 0.6740372474747475}
11/08/2021 02:38:37 - INFO - __main__ - Found 28 errors.
11/08/2021 02:38:37 - INFO - __main__ - Start error-fixing .... Timecode: 33
11/08/2021 02:38:48 - INFO - __main__ - Start error-fixing .... Done!
11/08/2021 02:38:49 - INFO - __main__ - Overall: 0.6573568802521008 from scores=[0.5257352941176471, 0.8571428571428571, 0.79296875, 0.6640625, 0.446875]
11/08/2021 02:38:49 - INFO - __main__ - --------------------------------------------------
11/08/2021 02:38:49 - INFO - __main__ - Evaluating to get errors .... Timecode: 34
11/08/2021 02:38:53 - INFO - __main__ - Before Error Fixing: {'EM': 0.609375, 'QA-F1': 0.712594246031746}
11/08/2021 02:38:53 - INFO - __main__ - Found 25 errors.
11/08/2021 02:38:53 - INFO - __main__ - Start error-fixing .... Timecode: 34
11/08/2021 02:39:03 - INFO - __main__ - Start error-fixing .... Done!
11/08/2021 02:39:04 - INFO - __main__ - Overall: 0.68640625 from scores=[0.528125, 1.0, 0.79296875, 0.6640625, 0.446875]
11/08/2021 02:39:04 - INFO - __main__ - --------------------------------------------------
11/08/2021 02:39:04 - INFO - __main__ - Evaluating to get errors .... Timecode: 35
11/08/2021 02:39:08 - INFO - __main__ - Before Error Fixing: {'EM': 0.5, 'QA-F1': 0.6010349025974026}
11/08/2021 02:39:08 - INFO - __main__ - Found 32 errors.
11/08/2021 02:39:08 - INFO - __main__ - Start error-fixing .... Timecode: 35
11/08/2021 02:39:18 - INFO - __main__ - Start error-fixing .... Done!
11/08/2021 02:39:21 - INFO - __main__ - Overall: 0.6799999999999999 from scores=[0.52734375, 0.96875, 0.79296875, 0.6640625, 0.446875]
11/08/2021 02:39:21 - INFO - __main__ - --------------------------------------------------
11/08/2021 02:39:21 - INFO - __main__ - Evaluating to get errors .... Timecode: 36
11/08/2021 02:39:26 - INFO - __main__ - Before Error Fixing: {'EM': 0.453125, 'QA-F1': 0.5467095046408905}
11/08/2021 02:39:26 - INFO - __main__ - Found 35 errors.
11/08/2021 02:39:26 - INFO - __main__ - Start error-fixing .... Timecode: 36
11/08/2021 02:39:39 - INFO - __main__ - Start error-fixing .... Done!
11/08/2021 02:39:42 - INFO - __main__ - Overall: 0.6687059604247104 from scores=[0.5253378378378378, 0.9142857142857143, 0.79296875, 0.6640625, 0.446875]
11/08/2021 02:39:42 - INFO - __main__ - --------------------------------------------------
11/08/2021 02:39:42 - INFO - __main__ - Evaluating to get errors .... Timecode: 37
11/08/2021 02:39:47 - INFO - __main__ - Before Error Fixing: {'EM': 0.484375, 'QA-F1': 0.5653856107660455}
11/08/2021 02:39:47 - INFO - __main__ - Found 33 errors.
11/08/2021 02:39:48 - INFO - __main__ - Start error-fixing .... Timecode: 37
11/08/2021 02:40:01 - INFO - __main__ - Start error-fixing .... Done!
11/08/2021 02:40:03 - INFO - __main__ - Overall: 0.6795726176236044 from scores=[0.5242598684210527, 0.9696969696969697, 0.79296875, 0.6640625, 0.446875]
11/08/2021 02:40:03 - INFO - __main__ - --------------------------------------------------
11/08/2021 02:40:03 - INFO - __main__ - Evaluating to get errors .... Timecode: 38
11/08/2021 02:40:07 - INFO - __main__ - Before Error Fixing: {'EM': 0.453125, 'QA-F1': 0.5557701846764347}
11/08/2021 02:40:07 - INFO - __main__ - Found 35 errors.
11/08/2021 02:40:07 - INFO - __main__ - Start error-fixing .... Timecode: 38
11/08/2021 02:40:21 - INFO - __main__ - Start error-fixing .... Done!
11/08/2021 02:40:23 - INFO - __main__ - Overall: 0.6852684294871795 from scores=[0.5224358974358974, 1.0, 0.79296875, 0.6640625, 0.446875]
11/08/2021 02:40:23 - INFO - __main__ - --------------------------------------------------
11/08/2021 02:40:23 - INFO - __main__ - Evaluating to get errors .... Timecode: 39
11/08/2021 02:40:28 - INFO - __main__ - Before Error Fixing: {'EM': 0.390625, 'QA-F1': 0.4300812654607298}
11/08/2021 02:40:28 - INFO - __main__ - Found 39 errors.
11/08/2021 02:40:29 - INFO - __main__ - Start error-fixing .... Timecode: 39
11/08/2021 02:40:43 - INFO - __main__ - Start error-fixing .... Done!
11/08/2021 02:40:46 - INFO - __main__ - Overall: 0.6743529647435897 from scores=[0.519140625, 0.9487179487179487, 0.79296875, 0.6640625, 0.446875]
11/08/2021 02:40:46 - INFO - __main__ - --------------------------------------------------
11/08/2021 02:40:46 - INFO - __main__ - Start eval_knowledge_retention for UKR @ Timecode=40
11/08/2021 02:41:20 - INFO - __main__ - Upstream Knowledge Retation (UKR@40): 0.6992
11/08/2021 02:41:21 - INFO - __main__ - Start eval_knowledge_retention for OKR @ Timecode=40
11/08/2021 02:42:03 - INFO - __main__ - Online Knowledge Retation (OKR@40): 0.8008
11/08/2021 02:42:03 - INFO - __main__ - Start eval_knowledge_generalization for KG @ Timecode=40
11/08/2021 02:43:21 - INFO - __main__ - Future Knowledge Generalization (KG@40): 0.4227
11/08/2021 02:43:21 - INFO - __main__ - Evaluating to get errors .... Timecode: 40
11/08/2021 02:43:25 - INFO - __main__ - Before Error Fixing: {'EM': 0.453125, 'QA-F1': 0.5153645833333333}
11/08/2021 02:43:25 - INFO - __main__ - Found 35 errors.
11/08/2021 02:43:26 - INFO - __main__ - Start error-fixing .... Timecode: 40
11/08/2021 02:43:41 - INFO - __main__ - Start error-fixing .... Done!
11/08/2021 02:43:43 - INFO - __main__ - Overall: 0.68232306184669 from scores=[0.5175304878048781, 0.9714285714285714, 0.80078125, 0.69921875, 0.42265625]
11/08/2021 02:43:45 - INFO - __main__ - Model saved to experiments/ckpt_dirs/qa/er/QA_oewc_lr=5e-5_ep=5_lbd=500_T=100,b=64,alpha=0.9,beta=0.5,gamma=0.8/model_ckpt_040.pt.
11/08/2021 02:43:45 - INFO - __main__ - Updated result feule: experiments/results/qa/QA_oewc_lr=5e-5_ep=5_lbd=500_T=100,b=64,alpha=0.9,beta=0.5,gamma=0.8_result.json at Timecode: 40.
11/08/2021 02:43:45 - INFO - __main__ - --------------------------------------------------
11/08/2021 02:43:45 - INFO - __main__ - Evaluating to get errors .... Timecode: 41
11/08/2021 02:43:50 - INFO - __main__ - Before Error Fixing: {'EM': 0.390625, 'QA-F1': 0.49957769660894663}
11/08/2021 02:43:50 - INFO - __main__ - Found 39 errors.
11/08/2021 02:43:50 - INFO - __main__ - Start error-fixing .... Timecode: 41
11/08/2021 02:44:05 - INFO - __main__ - Start error-fixing .... Done!
11/08/2021 02:44:09 - INFO - __main__ - Overall: 0.6771766254578755 from scores=[0.5145089285714286, 0.9487179487179487, 0.80078125, 0.69921875, 0.42265625]
11/08/2021 02:44:09 - INFO - __main__ - --------------------------------------------------
11/08/2021 02:44:09 - INFO - __main__ - Evaluating to get errors .... Timecode: 42
11/08/2021 02:44:15 - INFO - __main__ - Before Error Fixing: {'EM': 0.4375, 'QA-F1': 0.519285141941392}
11/08/2021 02:44:15 - INFO - __main__ - Found 36 errors.
11/08/2021 02:44:15 - INFO - __main__ - Start error-fixing .... Timecode: 42
11/08/2021 02:44:30 - INFO - __main__ - Start error-fixing .... Done!
11/08/2021 02:44:33 - INFO - __main__ - Overall: 0.6815192990956073 from scores=[0.512718023255814, 0.9722222222222222, 0.80078125, 0.69921875, 0.42265625]
11/08/2021 02:44:33 - INFO - __main__ - --------------------------------------------------
11/08/2021 02:44:33 - INFO - __main__ - Evaluating to get errors .... Timecode: 43
11/08/2021 02:44:40 - INFO - __main__ - Before Error Fixing: {'EM': 0.484375, 'QA-F1': 0.5721687425634794}
11/08/2021 02:44:40 - INFO - __main__ - Found 33 errors.
11/08/2021 02:44:40 - INFO - __main__ - Start error-fixing .... Timecode: 43
11/08/2021 02:44:53 - INFO - __main__ - Start error-fixing .... Done!
11/08/2021 02:44:56 - INFO - __main__ - Overall: 0.6869460227272728 from scores=[0.5120738636363636, 1.0, 0.80078125, 0.69921875, 0.42265625]
11/08/2021 02:44:56 - INFO - __main__ - --------------------------------------------------
11/08/2021 02:44:56 - INFO - __main__ - Evaluating to get errors .... Timecode: 44
11/08/2021 02:44:59 - INFO - __main__ - Before Error Fixing: {'EM': 0.515625, 'QA-F1': 0.6250932729551151}
11/08/2021 02:44:59 - INFO - __main__ - Found 31 errors.
11/08/2021 02:44:59 - INFO - __main__ - Start error-fixing .... Timecode: 44
11/08/2021 02:45:10 - INFO - __main__ - Start error-fixing .... Done!
11/08/2021 02:45:13 - INFO - __main__ - Overall: 0.6805101926523298 from scores=[0.5121527777777778, 0.967741935483871, 0.80078125, 0.69921875, 0.42265625]
11/08/2021 02:45:13 - INFO - __main__ - --------------------------------------------------
11/08/2021 02:45:13 - INFO - __main__ - Evaluating to get errors .... Timecode: 45
11/08/2021 02:45:17 - INFO - __main__ - Before Error Fixing: {'EM': 0.484375, 'QA-F1': 0.586035232570674}
11/08/2021 02:45:17 - INFO - __main__ - Found 33 errors.
11/08/2021 02:45:17 - INFO - __main__ - Start error-fixing .... Timecode: 45
11/08/2021 02:45:29 - INFO - __main__ - Start error-fixing .... Done!
11/08/2021 02:45:32 - INFO - __main__ - Overall: 0.6807804265480897 from scores=[0.5115489130434783, 0.9696969696969697, 0.80078125, 0.69921875, 0.42265625]
11/08/2021 02:45:32 - INFO - __main__ - --------------------------------------------------
11/08/2021 02:45:32 - INFO - __main__ - Evaluating to get errors .... Timecode: 46
11/08/2021 02:45:35 - INFO - __main__ - Before Error Fixing: {'EM': 0.46875, 'QA-F1': 0.5499698932603344}
11/08/2021 02:45:35 - INFO - __main__ - Found 34 errors.
11/08/2021 02:45:36 - INFO - __main__ - Start error-fixing .... Timecode: 46
11/08/2021 02:45:47 - INFO - __main__ - Start error-fixing .... Done!
11/08/2021 02:45:50 - INFO - __main__ - Overall: 0.6513647919274093 from scores=[0.5106382978723405, 0.8235294117647058, 0.80078125, 0.69921875, 0.42265625]
11/08/2021 02:45:50 - INFO - __main__ - --------------------------------------------------
11/08/2021 02:45:50 - INFO - __main__ - Evaluating to get errors .... Timecode: 47
11/08/2021 02:45:54 - INFO - __main__ - Before Error Fixing: {'EM': 0.484375, 'QA-F1': 0.6047230113636364}
11/08/2021 02:45:54 - INFO - __main__ - Found 33 errors.
11/08/2021 02:45:54 - INFO - __main__ - Start error-fixing .... Timecode: 47
11/08/2021 02:46:07 - INFO - __main__ - Start error-fixing .... Done!
11/08/2021 02:46:10 - INFO - __main__ - Overall: 0.6501858428030303 from scores=[0.5100911458333333, 0.8181818181818182, 0.80078125, 0.69921875, 0.42265625]
11/08/2021 02:46:10 - INFO - __main__ - --------------------------------------------------
11/08/2021 02:46:10 - INFO - __main__ - Evaluating to get errors .... Timecode: 48
11/08/2021 02:46:15 - INFO - __main__ - Before Error Fixing: {'EM': 0.390625, 'QA-F1': 0.516988936988937}
11/08/2021 02:46:15 - INFO - __main__ - Found 39 errors.
11/08/2021 02:46:16 - INFO - __main__ - Start error-fixing .... Timecode: 48
11/08/2021 02:46:31 - INFO - __main__ - Start error-fixing .... Done!
11/08/2021 02:46:34 - INFO - __main__ - Overall: 0.6758054519884877 from scores=[0.5076530612244898, 0.9487179487179487, 0.80078125, 0.69921875, 0.42265625]
11/08/2021 02:46:34 - INFO - __main__ - --------------------------------------------------
11/08/2021 02:46:34 - INFO - __main__ - Evaluating to get errors .... Timecode: 49
11/08/2021 02:46:40 - INFO - __main__ - Before Error Fixing: {'EM': 0.515625, 'QA-F1': 0.5925074404761905}
11/08/2021 02:46:40 - INFO - __main__ - Found 31 errors.
11/08/2021 02:46:41 - INFO - __main__ - Start error-fixing .... Timecode: 49
11/08/2021 02:46:53 - INFO - __main__ - Start error-fixing .... Done!
11/08/2021 02:46:54 - INFO - __main__ - Overall: 0.6344808467741936 from scores=[0.5078125, 0.7419354838709677, 0.80078125, 0.69921875, 0.42265625]
11/08/2021 02:46:54 - INFO - __main__ - --------------------------------------------------
11/08/2021 02:46:54 - INFO - __main__ - Start eval_knowledge_retention for UKR @ Timecode=50
11/08/2021 02:47:22 - INFO - __main__ - Upstream Knowledge Retation (UKR@50): 0.6387
11/08/2021 02:47:24 - INFO - __main__ - Start eval_knowledge_retention for OKR @ Timecode=50
11/08/2021 02:47:58 - INFO - __main__ - Online Knowledge Retation (OKR@50): 0.8105
11/08/2021 02:47:58 - INFO - __main__ - Start eval_knowledge_generalization for KG @ Timecode=50
11/08/2021 02:49:05 - INFO - __main__ - Future Knowledge Generalization (KG@50): 0.4469
11/08/2021 02:49:05 - INFO - __main__ - Evaluating to get errors .... Timecode: 50
11/08/2021 02:49:08 - INFO - __main__ - Before Error Fixing: {'EM': 0.5, 'QA-F1': 0.5480368589743589}
11/08/2021 02:49:08 - INFO - __main__ - Found 32 errors.
11/08/2021 02:49:09 - INFO - __main__ - Start error-fixing .... Timecode: 50
11/08/2021 02:49:21 - INFO - __main__ - Start error-fixing .... Done!
11/08/2021 02:49:22 - INFO - __main__ - Overall: 0.668250612745098 from scores=[0.5076593137254901, 0.9375, 0.810546875, 0.638671875, 0.446875]
11/08/2021 02:49:24 - INFO - __main__ - Model saved to experiments/ckpt_dirs/qa/er/QA_oewc_lr=5e-5_ep=5_lbd=500_T=100,b=64,alpha=0.9,beta=0.5,gamma=0.8/model_ckpt_050.pt.
11/08/2021 02:49:24 - INFO - __main__ - Updated result feule: experiments/results/qa/QA_oewc_lr=5e-5_ep=5_lbd=500_T=100,b=64,alpha=0.9,beta=0.5,gamma=0.8_result.json at Timecode: 50.
11/08/2021 02:49:24 - INFO - __main__ - --------------------------------------------------
11/08/2021 02:49:24 - INFO - __main__ - Evaluating to get errors .... Timecode: 51
11/08/2021 02:49:28 - INFO - __main__ - Before Error Fixing: {'EM': 0.46875, 'QA-F1': 0.5311011904761904}
11/08/2021 02:49:28 - INFO - __main__ - Found 34 errors.
11/08/2021 02:49:29 - INFO - __main__ - Start error-fixing .... Timecode: 51
11/08/2021 02:49:42 - INFO - __main__ - Start error-fixing .... Done!
11/08/2021 02:49:44 - INFO - __main__ - Overall: 0.674718608597285 from scores=[0.5069110576923077, 0.9705882352941176, 0.810546875, 0.638671875, 0.446875]
11/08/2021 02:49:44 - INFO - __main__ - --------------------------------------------------
11/08/2021 02:49:44 - INFO - __main__ - Evaluating to get errors .... Timecode: 52
11/08/2021 02:49:48 - INFO - __main__ - Before Error Fixing: {'EM': 0.515625, 'QA-F1': 0.5603880494505495}
11/08/2021 02:49:48 - INFO - __main__ - Found 31 errors.
11/08/2021 02:49:48 - INFO - __main__ - Start error-fixing .... Timecode: 52
11/08/2021 02:49:59 - INFO - __main__ - Start error-fixing .... Done!
11/08/2021 02:50:02 - INFO - __main__ - Overall: 0.6806338443396226 from scores=[0.5070754716981132, 1.0, 0.810546875, 0.638671875, 0.446875]
11/08/2021 02:50:02 - INFO - __main__ - --------------------------------------------------
11/08/2021 02:50:02 - INFO - __main__ - Evaluating to get errors .... Timecode: 53
11/08/2021 02:50:06 - INFO - __main__ - Before Error Fixing: {'EM': 0.5, 'QA-F1': 0.6140405601343102}
11/08/2021 02:50:06 - INFO - __main__ - Found 32 errors.
11/08/2021 02:50:06 - INFO - __main__ - Start error-fixing .... Timecode: 53
11/08/2021 02:50:17 - INFO - __main__ - Start error-fixing .... Done!
11/08/2021 02:50:19 - INFO - __main__ - Overall: 0.6806076388888889 from scores=[0.5069444444444444, 1.0, 0.810546875, 0.638671875, 0.446875]
11/08/2021 02:50:19 - INFO - __main__ - --------------------------------------------------
11/08/2021 02:50:19 - INFO - __main__ - Evaluating to get errors .... Timecode: 54
11/08/2021 02:50:24 - INFO - __main__ - Before Error Fixing: {'EM': 0.546875, 'QA-F1': 0.6692849997290367}
11/08/2021 02:50:24 - INFO - __main__ - Found 29 errors.
11/08/2021 02:50:24 - INFO - __main__ - Start error-fixing .... Timecode: 54
11/08/2021 02:50:35 - INFO - __main__ - Start error-fixing .... Done!
11/08/2021 02:50:38 - INFO - __main__ - Overall: 0.6531666340125392 from scores=[0.5076704545454546, 0.8620689655172413, 0.810546875, 0.638671875, 0.446875]
11/08/2021 02:50:38 - INFO - __main__ - --------------------------------------------------
11/08/2021 02:50:38 - INFO - __main__ - Evaluating to get errors .... Timecode: 55
11/08/2021 02:50:44 - INFO - __main__ - Before Error Fixing: {'EM': 0.640625, 'QA-F1': 0.7013243192391899}
11/08/2021 02:50:44 - INFO - __main__ - Found 23 errors.
11/08/2021 02:50:44 - INFO - __main__ - Start error-fixing .... Timecode: 55
11/08/2021 02:50:53 - INFO - __main__ - Start error-fixing .... Done!
11/08/2021 02:50:56 - INFO - __main__ - Overall: 0.6725320263975155 from scores=[0.5100446428571428, 0.9565217391304348, 0.810546875, 0.638671875, 0.446875]
11/08/2021 02:50:56 - INFO - __main__ - --------------------------------------------------
11/08/2021 02:50:56 - INFO - __main__ - Evaluating to get errors .... Timecode: 56
11/08/2021 02:51:00 - INFO - __main__ - Before Error Fixing: {'EM': 0.546875, 'QA-F1': 0.637099358974359}
11/08/2021 02:51:00 - INFO - __main__ - Found 29 errors.
11/08/2021 02:51:00 - INFO - __main__ - Start error-fixing .... Timecode: 56
11/08/2021 02:51:13 - INFO - __main__ - Start error-fixing .... Done!
11/08/2021 02:51:15 - INFO - __main__ - Overall: 0.6744603561705989 from scores=[0.5106907894736843, 0.9655172413793104, 0.810546875, 0.638671875, 0.446875]
11/08/2021 02:51:15 - INFO - __main__ - --------------------------------------------------
11/08/2021 02:51:15 - INFO - __main__ - Evaluating to get errors .... Timecode: 57
11/08/2021 02:51:19 - INFO - __main__ - Before Error Fixing: {'EM': 0.421875, 'QA-F1': 0.48748978758169936}
11/08/2021 02:51:19 - INFO - __main__ - Found 37 errors.
11/08/2021 02:51:19 - INFO - __main__ - Start error-fixing .... Timecode: 57
11/08/2021 02:51:34 - INFO - __main__ - Start error-fixing .... Done!
11/08/2021 02:51:36 - INFO - __main__ - Overall: 0.6594290249301025 from scores=[0.5091594827586207, 0.8918918918918919, 0.810546875, 0.638671875, 0.446875]
11/08/2021 02:51:36 - INFO - __main__ - --------------------------------------------------
11/08/2021 02:51:36 - INFO - __main__ - Evaluating to get errors .... Timecode: 58
11/08/2021 02:51:40 - INFO - __main__ - Before Error Fixing: {'EM': 0.390625, 'QA-F1': 0.48487398018648015}
11/08/2021 02:51:40 - INFO - __main__ - Found 39 errors.
11/08/2021 02:51:40 - INFO - __main__ - Start error-fixing .... Timecode: 58
11/08/2021 02:51:55 - INFO - __main__ - Start error-fixing .... Done!
11/08/2021 02:51:57 - INFO - __main__ - Overall: 0.6652642193611473 from scores=[0.5071504237288136, 0.9230769230769231, 0.810546875, 0.638671875, 0.446875]
11/08/2021 02:51:57 - INFO - __main__ - --------------------------------------------------
11/08/2021 02:51:57 - INFO - __main__ - Evaluating to get errors .... Timecode: 59
11/08/2021 02:52:01 - INFO - __main__ - Before Error Fixing: {'EM': 0.546875, 'QA-F1': 0.7315397276334776}
11/08/2021 02:52:01 - INFO - __main__ - Found 29 errors.
11/08/2021 02:52:01 - INFO - __main__ - Start error-fixing .... Timecode: 59
11/08/2021 02:52:12 - INFO - __main__ - Start error-fixing .... Done!
11/08/2021 02:52:15 - INFO - __main__ - Overall: 0.6738846982758621 from scores=[0.5078125, 0.9655172413793104, 0.810546875, 0.638671875, 0.446875]
11/08/2021 02:52:15 - INFO - __main__ - --------------------------------------------------
11/08/2021 02:52:15 - INFO - __main__ - Start eval_knowledge_retention for UKR @ Timecode=60
11/08/2021 02:52:50 - INFO - __main__ - Upstream Knowledge Retation (UKR@60): 0.6230
11/08/2021 02:52:52 - INFO - __main__ - Start eval_knowledge_retention for OKR @ Timecode=60
11/08/2021 02:53:34 - INFO - __main__ - Online Knowledge Retation (OKR@60): 0.7617
11/08/2021 02:53:34 - INFO - __main__ - Start eval_knowledge_generalization for KG @ Timecode=60
11/08/2021 02:54:55 - INFO - __main__ - Future Knowledge Generalization (KG@60): 0.4172
11/08/2021 02:54:55 - INFO - __main__ - Evaluating to get errors .... Timecode: 60
11/08/2021 02:54:59 - INFO - __main__ - Before Error Fixing: {'EM': 0.421875, 'QA-F1': 0.5426503370003567}
11/08/2021 02:54:59 - INFO - __main__ - Found 37 errors.
11/08/2021 02:54:59 - INFO - __main__ - Start error-fixing .... Timecode: 60
11/08/2021 02:55:12 - INFO - __main__ - Start error-fixing .... Done!
11/08/2021 02:55:15 - INFO - __main__ - Overall: 0.661671362704918 from scores=[0.5064036885245902, 1.0, 0.76171875, 0.623046875, 0.4171875]
11/08/2021 02:55:17 - INFO - __main__ - Model saved to experiments/ckpt_dirs/qa/er/QA_oewc_lr=5e-5_ep=5_lbd=500_T=100,b=64,alpha=0.9,beta=0.5,gamma=0.8/model_ckpt_060.pt.
11/08/2021 02:55:17 - INFO - __main__ - Updated result feule: experiments/results/qa/QA_oewc_lr=5e-5_ep=5_lbd=500_T=100,b=64,alpha=0.9,beta=0.5,gamma=0.8_result.json at Timecode: 60.
11/08/2021 02:55:17 - INFO - __main__ - --------------------------------------------------
11/08/2021 02:55:17 - INFO - __main__ - Evaluating to get errors .... Timecode: 61
11/08/2021 02:55:21 - INFO - __main__ - Before Error Fixing: {'EM': 0.46875, 'QA-F1': 0.5844486190986872}
11/08/2021 02:55:21 - INFO - __main__ - Found 34 errors.
11/08/2021 02:55:21 - INFO - __main__ - Start error-fixing .... Timecode: 61
11/08/2021 02:55:35 - INFO - __main__ - Start error-fixing .... Done!
11/08/2021 02:55:38 - INFO - __main__ - Overall: 0.6497851933111954 from scores=[0.505796370967742, 0.9411764705882353, 0.76171875, 0.623046875, 0.4171875]
11/08/2021 02:55:38 - INFO - __main__ - --------------------------------------------------
11/08/2021 02:55:38 - INFO - __main__ - Evaluating to get errors .... Timecode: 62
11/08/2021 02:55:42 - INFO - __main__ - Before Error Fixing: {'EM': 0.484375, 'QA-F1': 0.5369791666666667}
11/08/2021 02:55:42 - INFO - __main__ - Found 33 errors.
11/08/2021 02:55:42 - INFO - __main__ - Start error-fixing .... Timecode: 62
11/08/2021 02:55:56 - INFO - __main__ - Start error-fixing .... Done!
11/08/2021 02:55:58 - INFO - __main__ - Overall: 0.6311788645382395 from scores=[0.5054563492063492, 0.8484848484848485, 0.76171875, 0.623046875, 0.4171875]
11/08/2021 02:55:58 - INFO - __main__ - --------------------------------------------------
11/08/2021 02:55:58 - INFO - __main__ - Evaluating to get errors .... Timecode: 63
11/08/2021 02:56:02 - INFO - __main__ - Before Error Fixing: {'EM': 0.453125, 'QA-F1': 0.5387253641535875}
11/08/2021 02:56:02 - INFO - __main__ - Found 35 errors.
11/08/2021 02:56:03 - INFO - __main__ - Start error-fixing .... Timecode: 63
11/08/2021 02:56:17 - INFO - __main__ - Start error-fixing .... Done!
11/08/2021 02:56:20 - INFO - __main__ - Overall: 0.6556040736607143 from scores=[0.504638671875, 0.9714285714285714, 0.76171875, 0.623046875, 0.4171875]
11/08/2021 02:56:20 - INFO - __main__ - --------------------------------------------------
11/08/2021 02:56:20 - INFO - __main__ - Evaluating to get errors .... Timecode: 64
11/08/2021 02:56:24 - INFO - __main__ - Before Error Fixing: {'EM': 0.46875, 'QA-F1': 0.5670928030303031}
11/08/2021 02:56:24 - INFO - __main__ - Found 34 errors.
11/08/2021 02:56:24 - INFO - __main__ - Start error-fixing .... Timecode: 64
11/08/2021 02:56:39 - INFO - __main__ - Start error-fixing .... Done!
11/08/2021 02:56:42 - INFO - __main__ - Overall: 0.6435608738687782 from scores=[0.5040865384615385, 0.9117647058823529, 0.76171875, 0.623046875, 0.4171875]
11/08/2021 02:56:42 - INFO - __main__ - --------------------------------------------------
11/08/2021 02:56:42 - INFO - __main__ - Evaluating to get errors .... Timecode: 65
11/08/2021 02:56:45 - INFO - __main__ - Before Error Fixing: {'EM': 0.4375, 'QA-F1': 0.5578400098066045}
11/08/2021 02:56:45 - INFO - __main__ - Found 36 errors.
11/08/2021 02:56:46 - INFO - __main__ - Start error-fixing .... Timecode: 65
11/08/2021 02:57:00 - INFO - __main__ - Start error-fixing .... Done!
11/08/2021 02:57:02 - INFO - __main__ - Overall: 0.6498950441919191 from scores=[0.5030776515151515, 0.9444444444444444, 0.76171875, 0.623046875, 0.4171875]
11/08/2021 02:57:02 - INFO - __main__ - --------------------------------------------------
11/08/2021 02:57:02 - INFO - __main__ - Evaluating to get errors .... Timecode: 66
11/08/2021 02:57:05 - INFO - __main__ - Before Error Fixing: {'EM': 0.625, 'QA-F1': 0.6954800189306493}
11/08/2021 02:57:05 - INFO - __main__ - Found 24 errors.
11/08/2021 02:57:06 - INFO - __main__ - Start error-fixing .... Timecode: 66
11/08/2021 02:57:13 - INFO - __main__ - Start error-fixing .... Done!
11/08/2021 02:57:16 - INFO - __main__ - Overall: 0.6447034359452736 from scores=[0.5048973880597014, 0.9166666666666666, 0.76171875, 0.623046875, 0.4171875]
11/08/2021 02:57:16 - INFO - __main__ - --------------------------------------------------
11/08/2021 02:57:16 - INFO - __main__ - Evaluating to get errors .... Timecode: 67
11/08/2021 02:57:20 - INFO - __main__ - Before Error Fixing: {'EM': 0.5625, 'QA-F1': 0.6537878052653868}
11/08/2021 02:57:20 - INFO - __main__ - Found 28 errors.
11/08/2021 02:57:20 - INFO - __main__ - Start error-fixing .... Timecode: 67
11/08/2021 02:57:29 - INFO - __main__ - Start error-fixing .... Done!
11/08/2021 02:57:31 - INFO - __main__ - Overall: 0.6543966649159664 from scores=[0.5057444852941176, 0.9642857142857143, 0.76171875, 0.623046875, 0.4171875]
11/08/2021 02:57:31 - INFO - __main__ - --------------------------------------------------
11/08/2021 02:57:31 - INFO - __main__ - Evaluating to get errors .... Timecode: 68
11/08/2021 02:57:35 - INFO - __main__ - Before Error Fixing: {'EM': 0.453125, 'QA-F1': 0.49783653846153847}
11/08/2021 02:57:35 - INFO - __main__ - Found 35 errors.
11/08/2021 02:57:35 - INFO - __main__ - Start error-fixing .... Timecode: 68
11/08/2021 02:57:49 - INFO - __main__ - Start error-fixing .... Done!
11/08/2021 02:57:51 - INFO - __main__ - Overall: 0.6613870018115942 from scores=[0.504981884057971, 1.0, 0.76171875, 0.623046875, 0.4171875]
11/08/2021 02:57:51 - INFO - __main__ - --------------------------------------------------
11/08/2021 02:57:51 - INFO - __main__ - Evaluating to get errors .... Timecode: 69
11/08/2021 02:57:54 - INFO - __main__ - Before Error Fixing: {'EM': 0.421875, 'QA-F1': 0.5006628787878789}
11/08/2021 02:57:54 - INFO - __main__ - Found 37 errors.
11/08/2021 02:57:54 - INFO - __main__ - Start error-fixing .... Timecode: 69
11/08/2021 02:58:08 - INFO - __main__ - Start error-fixing .... Done!
11/08/2021 02:58:10 - INFO - __main__ - Overall: 0.6611495535714285 from scores=[0.5037946428571429, 1.0, 0.76171875, 0.623046875, 0.4171875]
11/08/2021 02:58:10 - INFO - __main__ - --------------------------------------------------
11/08/2021 02:58:10 - INFO - __main__ - Start eval_knowledge_retention for UKR @ Timecode=70
11/08/2021 02:58:37 - INFO - __main__ - Upstream Knowledge Retation (UKR@70): 0.6504
11/08/2021 02:58:39 - INFO - __main__ - Start eval_knowledge_retention for OKR @ Timecode=70
11/08/2021 02:59:12 - INFO - __main__ - Online Knowledge Retation (OKR@70): 0.7754
11/08/2021 02:59:12 - INFO - __main__ - Start eval_knowledge_generalization for KG @ Timecode=70
11/08/2021 03:00:17 - INFO - __main__ - Future Knowledge Generalization (KG@70): 0.4828
11/08/2021 03:00:17 - INFO - __main__ - Evaluating to get errors .... Timecode: 70
11/08/2021 03:00:21 - INFO - __main__ - Before Error Fixing: {'EM': 0.5, 'QA-F1': 0.6065767565767566}
11/08/2021 03:00:21 - INFO - __main__ - Found 32 errors.
11/08/2021 03:00:21 - INFO - __main__ - Start error-fixing .... Timecode: 70
11/08/2021 03:00:31 - INFO - __main__ - Start error-fixing .... Done!
11/08/2021 03:00:34 - INFO - __main__ - Overall: 0.6637169894366197 from scores=[0.5037411971830985, 0.90625, 0.775390625, 0.650390625, 0.4828125]
11/08/2021 03:00:36 - INFO - __main__ - Model saved to experiments/ckpt_dirs/qa/er/QA_oewc_lr=5e-5_ep=5_lbd=500_T=100,b=64,alpha=0.9,beta=0.5,gamma=0.8/model_ckpt_070.pt.
11/08/2021 03:00:36 - INFO - __main__ - Updated result feule: experiments/results/qa/QA_oewc_lr=5e-5_ep=5_lbd=500_T=100,b=64,alpha=0.9,beta=0.5,gamma=0.8_result.json at Timecode: 70.
11/08/2021 03:00:36 - INFO - __main__ - --------------------------------------------------
11/08/2021 03:00:36 - INFO - __main__ - Evaluating to get errors .... Timecode: 71
11/08/2021 03:00:39 - INFO - __main__ - Before Error Fixing: {'EM': 0.5, 'QA-F1': 0.5803228021978022}
11/08/2021 03:00:39 - INFO - __main__ - Found 32 errors.
11/08/2021 03:00:39 - INFO - __main__ - Start error-fixing .... Timecode: 71
11/08/2021 03:00:51 - INFO - __main__ - Start error-fixing .... Done!
11/08/2021 03:00:53 - INFO - __main__ - Overall: 0.6637065972222222 from scores=[0.5036892361111112, 0.90625, 0.775390625, 0.650390625, 0.4828125]
11/08/2021 03:00:53 - INFO - __main__ - --------------------------------------------------
11/08/2021 03:00:53 - INFO - __main__ - Evaluating to get errors .... Timecode: 72
11/08/2021 03:00:56 - INFO - __main__ - Before Error Fixing: {'EM': 0.484375, 'QA-F1': 0.5633497807017543}
11/08/2021 03:00:56 - INFO - __main__ - Found 33 errors.
11/08/2021 03:00:57 - INFO - __main__ - Start error-fixing .... Timecode: 72
11/08/2021 03:01:10 - INFO - __main__ - Start error-fixing .... Done!
11/08/2021 03:01:13 - INFO - __main__ - Overall: 0.6763430754462433 from scores=[0.5034246575342466, 0.9696969696969697, 0.775390625, 0.650390625, 0.4828125]
11/08/2021 03:01:13 - INFO - __main__ - --------------------------------------------------
11/08/2021 03:01:13 - INFO - __main__ - Evaluating to get errors .... Timecode: 73
11/08/2021 03:01:16 - INFO - __main__ - Before Error Fixing: {'EM': 0.578125, 'QA-F1': 0.6171875}
11/08/2021 03:01:16 - INFO - __main__ - Found 27 errors.
11/08/2021 03:01:16 - INFO - __main__ - Start error-fixing .... Timecode: 73
11/08/2021 03:01:28 - INFO - __main__ - Start error-fixing .... Done!
11/08/2021 03:01:30 - INFO - __main__ - Overall: 0.6603833521021021 from scores=[0.5044341216216216, 0.8888888888888888, 0.775390625, 0.650390625, 0.4828125]
11/08/2021 03:01:30 - INFO - __main__ - --------------------------------------------------
11/08/2021 03:01:30 - INFO - __main__ - Evaluating to get errors .... Timecode: 74
11/08/2021 03:01:33 - INFO - __main__ - Before Error Fixing: {'EM': 0.4375, 'QA-F1': 0.5088068181818182}
11/08/2021 03:01:33 - INFO - __main__ - Found 36 errors.
11/08/2021 03:01:34 - INFO - __main__ - Start error-fixing .... Timecode: 74
11/08/2021 03:01:48 - INFO - __main__ - Start error-fixing .... Done!
11/08/2021 03:01:49 - INFO - __main__ - Overall: 0.6602048611111111 from scores=[0.5035416666666667, 0.8888888888888888, 0.775390625, 0.650390625, 0.4828125]
11/08/2021 03:01:49 - INFO - __main__ - --------------------------------------------------
11/08/2021 03:01:49 - INFO - __main__ - Evaluating to get errors .... Timecode: 75
11/08/2021 03:01:52 - INFO - __main__ - Before Error Fixing: {'EM': 0.4375, 'QA-F1': 0.5166666666666666}
11/08/2021 03:01:52 - INFO - __main__ - Found 36 errors.
11/08/2021 03:01:52 - INFO - __main__ - Start error-fixing .... Timecode: 75
11/08/2021 03:02:06 - INFO - __main__ - Start error-fixing .... Done!
11/08/2021 03:02:08 - INFO - __main__ - Overall: 0.6711421783625731 from scores=[0.502672697368421, 0.9444444444444444, 0.775390625, 0.650390625, 0.4828125]
11/08/2021 03:02:08 - INFO - __main__ - --------------------------------------------------
11/08/2021 03:02:08 - INFO - __main__ - Evaluating to get errors .... Timecode: 76
11/08/2021 03:02:13 - INFO - __main__ - Before Error Fixing: {'EM': 0.5, 'QA-F1': 0.5912691258394384}
11/08/2021 03:02:13 - INFO - __main__ - Found 32 errors.
11/08/2021 03:02:13 - INFO - __main__ - Start error-fixing .... Timecode: 76
11/08/2021 03:02:25 - INFO - __main__ - Start error-fixing .... Done!
11/08/2021 03:02:28 - INFO - __main__ - Overall: 0.6572463474025974 from scores=[0.502637987012987, 0.875, 0.775390625, 0.650390625, 0.4828125]
11/08/2021 03:02:28 - INFO - __main__ - --------------------------------------------------
11/08/2021 03:02:28 - INFO - __main__ - Evaluating to get errors .... Timecode: 77
11/08/2021 03:02:32 - INFO - __main__ - Before Error Fixing: {'EM': 0.5625, 'QA-F1': 0.6368303571428571}
11/08/2021 03:02:32 - INFO - __main__ - Found 28 errors.
11/08/2021 03:02:32 - INFO - __main__ - Start error-fixing .... Timecode: 77
11/08/2021 03:02:43 - INFO - __main__ - Start error-fixing .... Done!
11/08/2021 03:02:45 - INFO - __main__ - Overall: 0.6752569826007326 from scores=[0.5034054487179487, 0.9642857142857143, 0.775390625, 0.650390625, 0.4828125]
11/08/2021 03:02:45 - INFO - __main__ - --------------------------------------------------
11/08/2021 03:02:45 - INFO - __main__ - Evaluating to get errors .... Timecode: 78
11/08/2021 03:02:49 - INFO - __main__ - Before Error Fixing: {'EM': 0.609375, 'QA-F1': 0.6692708333333334}
11/08/2021 03:02:49 - INFO - __main__ - Found 25 errors.
11/08/2021 03:02:49 - INFO - __main__ - Start error-fixing .... Timecode: 78
11/08/2021 03:03:01 - INFO - __main__ - Start error-fixing .... Done!
11/08/2021 03:03:03 - INFO - __main__ - Overall: 0.6666681170886076 from scores=[0.504746835443038, 0.92, 0.775390625, 0.650390625, 0.4828125]
11/08/2021 03:03:03 - INFO - __main__ - --------------------------------------------------
11/08/2021 03:03:03 - INFO - __main__ - Evaluating to get errors .... Timecode: 79
11/08/2021 03:03:07 - INFO - __main__ - Before Error Fixing: {'EM': 0.5, 'QA-F1': 0.5692708333333333}
11/08/2021 03:03:07 - INFO - __main__ - Found 32 errors.
11/08/2021 03:03:07 - INFO - __main__ - Start error-fixing .... Timecode: 79
11/08/2021 03:03:19 - INFO - __main__ - Start error-fixing .... Done!
11/08/2021 03:03:21 - INFO - __main__ - Overall: 0.6826562500000001 from scores=[0.5046875, 1.0, 0.775390625, 0.650390625, 0.4828125]
11/08/2021 03:03:21 - INFO - __main__ - --------------------------------------------------
11/08/2021 03:03:21 - INFO - __main__ - Start eval_knowledge_retention for UKR @ Timecode=80
11/08/2021 03:03:52 - INFO - __main__ - Upstream Knowledge Retation (UKR@80): 0.6836
11/08/2021 03:03:54 - INFO - __main__ - Start eval_knowledge_retention for OKR @ Timecode=80
11/08/2021 03:04:29 - INFO - __main__ - Online Knowledge Retation (OKR@80): 0.8066
11/08/2021 03:04:29 - INFO - __main__ - Start eval_knowledge_generalization for KG @ Timecode=80
11/08/2021 03:05:48 - INFO - __main__ - Future Knowledge Generalization (KG@80): 0.4742
11/08/2021 03:05:48 - INFO - __main__ - Evaluating to get errors .... Timecode: 80
11/08/2021 03:05:51 - INFO - __main__ - Before Error Fixing: {'EM': 0.671875, 'QA-F1': 0.6927083333333333}
11/08/2021 03:05:51 - INFO - __main__ - Found 21 errors.
11/08/2021 03:05:51 - INFO - __main__ - Start error-fixing .... Timecode: 80
11/08/2021 03:06:00 - INFO - __main__ - Start error-fixing .... Done!
11/08/2021 03:06:01 - INFO - __main__ - Overall: 0.6847171241181658 from scores=[0.5067515432098766, 0.9523809523809523, 0.806640625, 0.68359375, 0.47421875]
11/08/2021 03:06:03 - INFO - __main__ - Model saved to experiments/ckpt_dirs/qa/er/QA_oewc_lr=5e-5_ep=5_lbd=500_T=100,b=64,alpha=0.9,beta=0.5,gamma=0.8/model_ckpt_080.pt.
11/08/2021 03:06:03 - INFO - __main__ - Updated result feule: experiments/results/qa/QA_oewc_lr=5e-5_ep=5_lbd=500_T=100,b=64,alpha=0.9,beta=0.5,gamma=0.8_result.json at Timecode: 80.
11/08/2021 03:06:03 - INFO - __main__ - --------------------------------------------------
11/08/2021 03:06:03 - INFO - __main__ - Evaluating to get errors .... Timecode: 81
11/08/2021 03:06:08 - INFO - __main__ - Before Error Fixing: {'EM': 0.546875, 'QA-F1': 0.6510826655884174}
11/08/2021 03:06:08 - INFO - __main__ - Found 29 errors.
11/08/2021 03:06:08 - INFO - __main__ - Start error-fixing .... Timecode: 81
11/08/2021 03:06:17 - INFO - __main__ - Start error-fixing .... Done!
11/08/2021 03:06:20 - INFO - __main__ - Overall: 0.6736491405592935 from scores=[0.5072408536585367, 0.896551724137931, 0.806640625, 0.68359375, 0.47421875]
11/08/2021 03:06:20 - INFO - __main__ - --------------------------------------------------
11/08/2021 03:06:20 - INFO - __main__ - Evaluating to get errors .... Timecode: 82
11/08/2021 03:06:24 - INFO - __main__ - Before Error Fixing: {'EM': 0.53125, 'QA-F1': 0.6118303571428572}
11/08/2021 03:06:24 - INFO - __main__ - Found 30 errors.
11/08/2021 03:06:24 - INFO - __main__ - Start error-fixing .... Timecode: 82
11/08/2021 03:06:36 - INFO - __main__ - Start error-fixing .... Done!
11/08/2021 03:06:37 - INFO - __main__ - Overall: 0.6677299824297188 from scores=[0.5075301204819277, 0.8666666666666667, 0.806640625, 0.68359375, 0.47421875]
11/08/2021 03:06:37 - INFO - __main__ - --------------------------------------------------
11/08/2021 03:06:37 - INFO - __main__ - Evaluating to get errors .... Timecode: 83
11/08/2021 03:06:41 - INFO - __main__ - Before Error Fixing: {'EM': 0.40625, 'QA-F1': 0.5072933079481793}
11/08/2021 03:06:41 - INFO - __main__ - Found 38 errors.
11/08/2021 03:06:41 - INFO - __main__ - Start error-fixing .... Timecode: 83
11/08/2021 03:06:56 - INFO - __main__ - Start error-fixing .... Done!
11/08/2021 03:06:58 - INFO - __main__ - Overall: 0.6783660322681704 from scores=[0.5063244047619048, 0.9210526315789473, 0.806640625, 0.68359375, 0.47421875]
11/08/2021 03:06:58 - INFO - __main__ - --------------------------------------------------
11/08/2021 03:06:58 - INFO - __main__ - Evaluating to get errors .... Timecode: 84
11/08/2021 03:07:02 - INFO - __main__ - Before Error Fixing: {'EM': 0.53125, 'QA-F1': 0.5887152777777778}
11/08/2021 03:07:02 - INFO - __main__ - Found 30 errors.
11/08/2021 03:07:02 - INFO - __main__ - Start error-fixing .... Timecode: 84
11/08/2021 03:07:14 - INFO - __main__ - Start error-fixing .... Done!
11/08/2021 03:07:15 - INFO - __main__ - Overall: 0.667547487745098 from scores=[0.5066176470588235, 0.8666666666666667, 0.806640625, 0.68359375, 0.47421875]
11/08/2021 03:07:15 - INFO - __main__ - --------------------------------------------------
11/08/2021 03:07:15 - INFO - __main__ - Evaluating to get errors .... Timecode: 85
11/08/2021 03:07:19 - INFO - __main__ - Before Error Fixing: {'EM': 0.515625, 'QA-F1': 0.5855361058897244}
11/08/2021 03:07:19 - INFO - __main__ - Found 31 errors.
11/08/2021 03:07:19 - INFO - __main__ - Start error-fixing .... Timecode: 85
11/08/2021 03:07:31 - INFO - __main__ - Start error-fixing .... Done!
11/08/2021 03:07:32 - INFO - __main__ - Overall: 0.661977037228057 from scores=[0.5067223837209303, 0.8387096774193549, 0.806640625, 0.68359375, 0.47421875]
11/08/2021 03:07:32 - INFO - __main__ - --------------------------------------------------
11/08/2021 03:07:32 - INFO - __main__ - Evaluating to get errors .... Timecode: 86
11/08/2021 03:07:38 - INFO - __main__ - Before Error Fixing: {'EM': 0.46875, 'QA-F1': 0.5913484998131822}
11/08/2021 03:07:38 - INFO - __main__ - Found 34 errors.
11/08/2021 03:07:38 - INFO - __main__ - Start error-fixing .... Timecode: 86
11/08/2021 03:07:52 - INFO - __main__ - Start error-fixing .... Done!
11/08/2021 03:07:55 - INFO - __main__ - Overall: 0.682383103025693 from scores=[0.5062859195402298, 0.9411764705882353, 0.806640625, 0.68359375, 0.47421875]
11/08/2021 03:07:55 - INFO - __main__ - --------------------------------------------------
11/08/2021 03:07:55 - INFO - __main__ - Evaluating to get errors .... Timecode: 87
11/08/2021 03:07:59 - INFO - __main__ - Before Error Fixing: {'EM': 0.5625, 'QA-F1': 0.6081043956043957}
11/08/2021 03:07:59 - INFO - __main__ - Found 28 errors.
11/08/2021 03:08:00 - INFO - __main__ - Start error-fixing .... Timecode: 87
11/08/2021 03:08:11 - INFO - __main__ - Start error-fixing .... Done!
11/08/2021 03:08:12 - INFO - __main__ - Overall: 0.6799898538961039 from scores=[0.5069247159090908, 0.9285714285714286, 0.806640625, 0.68359375, 0.47421875]
11/08/2021 03:08:12 - INFO - __main__ - --------------------------------------------------
11/08/2021 03:08:12 - INFO - __main__ - Evaluating to get errors .... Timecode: 88
11/08/2021 03:08:16 - INFO - __main__ - Before Error Fixing: {'EM': 0.53125, 'QA-F1': 0.6082993395493396}
11/08/2021 03:08:16 - INFO - __main__ - Found 30 errors.
11/08/2021 03:08:16 - INFO - __main__ - Start error-fixing .... Timecode: 88
11/08/2021 03:08:28 - INFO - __main__ - Start error-fixing .... Done!
11/08/2021 03:08:29 - INFO - __main__ - Overall: 0.694330231741573 from scores=[0.5071980337078652, 1.0, 0.806640625, 0.68359375, 0.47421875]
11/08/2021 03:08:29 - INFO - __main__ - --------------------------------------------------
11/08/2021 03:08:29 - INFO - __main__ - Evaluating to get errors .... Timecode: 89
11/08/2021 03:08:33 - INFO - __main__ - Before Error Fixing: {'EM': 0.46875, 'QA-F1': 0.5459367925863045}
11/08/2021 03:08:33 - INFO - __main__ - Found 34 errors.
11/08/2021 03:08:33 - INFO - __main__ - Start error-fixing .... Timecode: 89
11/08/2021 03:08:47 - INFO - __main__ - Start error-fixing .... Done!
11/08/2021 03:08:49 - INFO - __main__ - Overall: 0.6942447916666666 from scores=[0.5067708333333334, 1.0, 0.806640625, 0.68359375, 0.47421875]
11/08/2021 03:08:49 - INFO - __main__ - --------------------------------------------------
11/08/2021 03:08:49 - INFO - __main__ - Start eval_knowledge_retention for UKR @ Timecode=90
11/08/2021 03:09:19 - INFO - __main__ - Upstream Knowledge Retation (UKR@90): 0.6680
11/08/2021 03:09:21 - INFO - __main__ - Start eval_knowledge_retention for OKR @ Timecode=90
11/08/2021 03:09:54 - INFO - __main__ - Online Knowledge Retation (OKR@90): 0.7676
11/08/2021 03:09:54 - INFO - __main__ - Start eval_knowledge_generalization for KG @ Timecode=90
11/08/2021 03:11:07 - INFO - __main__ - Future Knowledge Generalization (KG@90): 0.4516
11/08/2021 03:11:07 - INFO - __main__ - Evaluating to get errors .... Timecode: 90
11/08/2021 03:11:11 - INFO - __main__ - Before Error Fixing: {'EM': 0.578125, 'QA-F1': 0.6098958333333333}
11/08/2021 03:11:11 - INFO - __main__ - Found 27 errors.
11/08/2021 03:11:11 - INFO - __main__ - Start error-fixing .... Timecode: 90
11/08/2021 03:11:23 - INFO - __main__ - Start error-fixing .... Done!
11/08/2021 03:11:25 - INFO - __main__ - Overall: 0.6641180491961742 from scores=[0.507554945054945, 0.9259259259259259, 0.767578125, 0.66796875, 0.4515625]
11/08/2021 03:11:27 - INFO - __main__ - Model saved to experiments/ckpt_dirs/qa/er/QA_oewc_lr=5e-5_ep=5_lbd=500_T=100,b=64,alpha=0.9,beta=0.5,gamma=0.8/model_ckpt_090.pt.
11/08/2021 03:11:27 - INFO - __main__ - Updated result feule: experiments/results/qa/QA_oewc_lr=5e-5_ep=5_lbd=500_T=100,b=64,alpha=0.9,beta=0.5,gamma=0.8_result.json at Timecode: 90.
11/08/2021 03:11:27 - INFO - __main__ - --------------------------------------------------
11/08/2021 03:11:27 - INFO - __main__ - Evaluating to get errors .... Timecode: 91
11/08/2021 03:11:31 - INFO - __main__ - Before Error Fixing: {'EM': 0.578125, 'QA-F1': 0.6513020833333334}
11/08/2021 03:11:31 - INFO - __main__ - Found 27 errors.
11/08/2021 03:11:31 - INFO - __main__ - Start error-fixing .... Timecode: 91
11/08/2021 03:11:42 - INFO - __main__ - Start error-fixing .... Done!
11/08/2021 03:11:44 - INFO - __main__ - Overall: 0.6790862771739131 from scores=[0.5083220108695652, 1.0, 0.767578125, 0.66796875, 0.4515625]
11/08/2021 03:11:44 - INFO - __main__ - --------------------------------------------------
11/08/2021 03:11:44 - INFO - __main__ - Evaluating to get errors .... Timecode: 92
11/08/2021 03:11:47 - INFO - __main__ - Before Error Fixing: {'EM': 0.5625, 'QA-F1': 0.6845801767676767}
11/08/2021 03:11:47 - INFO - __main__ - Found 28 errors.
11/08/2021 03:11:48 - INFO - __main__ - Start error-fixing .... Timecode: 92
11/08/2021 03:11:58 - INFO - __main__ - Start error-fixing .... Done!
11/08/2021 03:12:00 - INFO - __main__ - Overall: 0.6792027889784946 from scores=[0.5089045698924731, 1.0, 0.767578125, 0.66796875, 0.4515625]
11/08/2021 03:12:00 - INFO - __main__ - --------------------------------------------------
11/08/2021 03:12:00 - INFO - __main__ - Evaluating to get errors .... Timecode: 93
11/08/2021 03:12:03 - INFO - __main__ - Before Error Fixing: {'EM': 0.625, 'QA-F1': 0.712042297979798}
11/08/2021 03:12:03 - INFO - __main__ - Found 24 errors.
11/08/2021 03:12:03 - INFO - __main__ - Start error-fixing .... Timecode: 93
11/08/2021 03:12:11 - INFO - __main__ - Start error-fixing .... Done!
11/08/2021 03:12:13 - INFO - __main__ - Overall: 0.679449800531915 from scores=[0.5101396276595744, 1.0, 0.767578125, 0.66796875, 0.4515625]
11/08/2021 03:12:13 - INFO - __main__ - --------------------------------------------------
11/08/2021 03:12:13 - INFO - __main__ - Evaluating to get errors .... Timecode: 94
11/08/2021 03:12:17 - INFO - __main__ - Before Error Fixing: {'EM': 0.5625, 'QA-F1': 0.5940104166666667}
11/08/2021 03:12:17 - INFO - __main__ - Found 28 errors.
11/08/2021 03:12:17 - INFO - __main__ - Start error-fixing .... Timecode: 94
11/08/2021 03:12:28 - INFO - __main__ - Start error-fixing .... Done!
11/08/2021 03:12:30 - INFO - __main__ - Overall: 0.6724171757518798 from scores=[0.5106907894736843, 0.9642857142857143, 0.767578125, 0.66796875, 0.4515625]
11/08/2021 03:12:30 - INFO - __main__ - --------------------------------------------------
11/08/2021 03:12:30 - INFO - __main__ - Evaluating to get errors .... Timecode: 95
11/08/2021 03:12:35 - INFO - __main__ - Before Error Fixing: {'EM': 0.46875, 'QA-F1': 0.6506990038148126}
11/08/2021 03:12:35 - INFO - __main__ - Found 34 errors.
11/08/2021 03:12:35 - INFO - __main__ - Start error-fixing .... Timecode: 95
11/08/2021 03:12:48 - INFO - __main__ - Start error-fixing .... Done!
11/08/2021 03:12:51 - INFO - __main__ - Overall: 0.6559432444852942 from scores=[0.51025390625, 0.8823529411764706, 0.767578125, 0.66796875, 0.4515625]
11/08/2021 03:12:51 - INFO - __main__ - --------------------------------------------------
11/08/2021 03:12:51 - INFO - __main__ - Evaluating to get errors .... Timecode: 96
11/08/2021 03:12:55 - INFO - __main__ - Before Error Fixing: {'EM': 0.484375, 'QA-F1': 0.6209347943722945}
11/08/2021 03:12:55 - INFO - __main__ - Found 33 errors.
11/08/2021 03:12:55 - INFO - __main__ - Start error-fixing .... Timecode: 96
11/08/2021 03:13:10 - INFO - __main__ - Start error-fixing .... Done!
11/08/2021 03:13:12 - INFO - __main__ - Overall: 0.6794192976804123 from scores=[0.5099871134020619, 1.0, 0.767578125, 0.66796875, 0.4515625]
11/08/2021 03:13:12 - INFO - __main__ - --------------------------------------------------
11/08/2021 03:13:12 - INFO - __main__ - Evaluating to get errors .... Timecode: 97
11/08/2021 03:13:18 - INFO - __main__ - Before Error Fixing: {'EM': 0.5625, 'QA-F1': 0.6726339603683353}
11/08/2021 03:13:18 - INFO - __main__ - Found 28 errors.
11/08/2021 03:13:18 - INFO - __main__ - Start error-fixing .... Timecode: 97
11/08/2021 03:13:30 - INFO - __main__ - Start error-fixing .... Done!
11/08/2021 03:13:33 - INFO - __main__ - Overall: 0.6580978954081633 from scores=[0.5105229591836735, 0.8928571428571429, 0.767578125, 0.66796875, 0.4515625]
11/08/2021 03:13:33 - INFO - __main__ - --------------------------------------------------
11/08/2021 03:13:33 - INFO - __main__ - Evaluating to get errors .... Timecode: 98
11/08/2021 03:13:38 - INFO - __main__ - Before Error Fixing: {'EM': 0.578125, 'QA-F1': 0.6352864583333333}
11/08/2021 03:13:38 - INFO - __main__ - Found 27 errors.
11/08/2021 03:13:38 - INFO - __main__ - Start error-fixing .... Timecode: 98
11/08/2021 03:13:50 - INFO - __main__ - Start error-fixing .... Done!
11/08/2021 03:13:51 - INFO - __main__ - Overall: 0.6796630366161616 from scores=[0.5112058080808081, 1.0, 0.767578125, 0.66796875, 0.4515625]
11/08/2021 03:13:51 - INFO - __main__ - --------------------------------------------------
11/08/2021 03:13:51 - INFO - __main__ - Start eval_knowledge_retention for UKR @ Timecode=99
11/08/2021 03:14:25 - INFO - __main__ - Upstream Knowledge Retation (UKR@99): 0.6230
11/08/2021 03:14:27 - INFO - __main__ - Start eval_knowledge_retention for OKR @ Timecode=99
11/08/2021 03:15:07 - INFO - __main__ - Online Knowledge Retation (OKR@99): 0.7852
11/08/2021 03:15:07 - INFO - __main__ - Start eval_knowledge_generalization for KG @ Timecode=99
11/08/2021 03:16:22 - INFO - __main__ - Future Knowledge Generalization (KG@99): 0.4750
11/08/2021 03:16:22 - INFO - __main__ - Evaluating to get errors .... Timecode: 99
11/08/2021 03:16:26 - INFO - __main__ - Before Error Fixing: {'EM': 0.640625, 'QA-F1': 0.6958333333333333}
11/08/2021 03:16:26 - INFO - __main__ - Found 23 errors.
11/08/2021 03:16:26 - INFO - __main__ - Start error-fixing .... Timecode: 99
11/08/2021 03:16:35 - INFO - __main__ - Start error-fixing .... Done!
11/08/2021 03:16:36 - INFO - __main__ - Overall: 0.6530536684782609 from scores=[0.5125, 0.8695652173913043, 0.78515625, 0.623046875, 0.475]
11/08/2021 03:16:36 - INFO - __main__ - --------------------------------------------------
11/08/2021 03:16:36 - INFO - __main__ - Start the final evaluation.
11/08/2021 03:16:36 - INFO - __main__ - Nothing here.
11/08/2021 03:16:38 - INFO - __main__ - Model saved to experiments/ckpt_dirs/qa/er/QA_oewc_lr=5e-5_ep=5_lbd=500_T=100,b=64,alpha=0.9,beta=0.5,gamma=0.8/model_ckpt_100.pt.
11/08/2021 03:16:38 - INFO - __main__ - Updated result feule: experiments/results/qa/QA_oewc_lr=5e-5_ep=5_lbd=500_T=100,b=64,alpha=0.9,beta=0.5,gamma=0.8_result.json at Timecode: 100.
11/08/2021 03:16:38 - INFO - __main__ - Finished. Results saved to experiments/results/qa/QA_oewc_lr=5e-5_ep=5_lbd=500_T=100,b=64,alpha=0.9,beta=0.5,gamma=0.8_result.json

