
11/14/2021 18:48:58 - INFO - __main__ - Namespace(adam_epsilon=1e-08, adapter_dim=32, append_another_bos=1, base_model_path='out/snli_bart-base_1109_upstream_model/best-model.pt', base_model_type='facebook/bart-base', ckpt_dir='experiments/ckpt_dirs/nli/owc/nli_oewc_lr=3e-5_ep=20_lbd=250_gm=9e-1_T=100,b=128,alpha=0.9,beta=0.5,gamma=0.8', cl_method_name='online_ewc', current_thread_id=None, diff_loss_weight=0, do_lowercase=False, ewc_gamma=0.9, ewc_lambda=250.0, example_encoder_name='roberta-base', freeze_embeds=False, gradient_accumulation_steps=1, heldout_submission_data='experiments/eval_data/nli/heldout_eval.jsonl', index_rank_method='most_similar', indexing_args_path='exp_results/supervision_data/1012_dm_simple.train_args.json', indexing_method='bart_index', inference_query_size=1, init_memory_cache_path='bug_data/memory_key_cache.pkl', kg_eval_freq=10, kg_eval_mode='metric', kr_eval_freq=10, kr_eval_mode='metric', learning_rate=3e-05, local_adapt_lr=1e-05, max_grad_norm=0.1, max_input_length=888, max_output_length=50, max_timecode=100, memory_key_encoder='facebook/bart-base', memory_path='', memory_store_rate=1.0, mir_abalation_args='none', num_adapt_epochs=1, num_beams=3, num_threads_eval=0, num_train_epochs=20.0, offline_retrain_upstream=False, okr_sample_seed=1337, okr_sample_size=512, path_to_thread_result=None, predict_batch_size=48, prefix='nli_oewc_lr=3e-5_ep=20_lbd=250_gm=9e-1_T=100,b=128,alpha=0.9,beta=0.5,gamma=0.8', replay_candidate_size=8, replay_frequency=1, replay_size=8, result_file='experiments/results/nli/nli_oewc_lr=3e-5_ep=20_lbd=250_gm=9e-1_T=100,b=128,alpha=0.9,beta=0.5,gamma=0.8_result.json', save_ckpt_freq=10, seed=42, skip_instant_eval=False, submission_stream_data='experiments/eval_data/nli/submission_stream.T=100,b=128,alpha=0.9,beta=0.5,gamma=0.8.json', task_emb_dim=768, task_name='mrqa', train_batch_size=8, upstream_data_path='data/mrqa_squad/mrqa_squad_train.jsonl', upstream_eval_data='experiments/eval_data/nli/upstream_eval.jsonl', upstream_sample_ratio=-1, use_mir=False, use_replay_mix=False, use_wandb=True, weight_decay=0.01)
11/14/2021 18:48:59 - INFO - transformers.tokenization_utils - loading file https://s3.amazonaws.com/models.huggingface.co/bert/roberta-large-vocab.json from cache at /private/home/yuchenlin/.cache/torch/transformers/1ae1f5b6e2b22b25ccc04c000bb79ca847aa226d0761536b011cf7e5868f0655.ef00af9e673c7160b4d41cfda1f48c5f4cba57d5142754525572a846a1ab1b9b
11/14/2021 18:48:59 - INFO - transformers.tokenization_utils - loading file https://s3.amazonaws.com/models.huggingface.co/bert/roberta-large-merges.txt from cache at /private/home/yuchenlin/.cache/torch/transformers/f8f83199a6270d582d6245dc100e99c4155de81c9745c6248077018fe01abcfb.70bec105b4158ed9a1747fea67a43f5dee97855c64d62b6ec3742f4cfdb5feda
11/14/2021 18:49:10 - INFO - __main__ - load_data: len(upstream_eval_examples)=512
11/14/2021 18:49:11 - INFO - __main__ - load_data: len(heldout_eval_examples)=1024
11/14/2021 18:49:11 - INFO - __main__ - Loading checkpoint from out/snli_bart-base_1109_upstream_model/best-model.pt for facebook/bart-base .....
11/14/2021 18:49:14 - INFO - transformers.configuration_utils - loading configuration file https://s3.amazonaws.com/models.huggingface.co/bert/facebook/bart-base/config.json from cache at /private/home/yuchenlin/.cache/torch/transformers/09f4fcaeaf785dd3b97b085d6e3510c7081f586ec8e75981683c6299c0f81d9d.e8d516ad807436d395effad8c2326786872659b7dd1210827ac67c761198a0eb
11/14/2021 18:49:14 - INFO - transformers.configuration_utils - Model config BartConfig {
  "activation_dropout": 0.1,
  "activation_function": "gelu",
  "add_bias_logits": false,
  "add_final_layer_norm": false,
  "architectures": [
    "BartModel",
    "BartForConditionalGeneration",
    "BartForSequenceClassification"
  ],
  "attention_dropout": 0.1,
  "bos_token_id": 0,
  "classif_dropout": 0.0,
  "d_model": 768,
  "decoder_attention_heads": 12,
  "decoder_ffn_dim": 3072,
  "decoder_layerdrop": 0.0,
  "decoder_layers": 6,
  "decoder_start_token_id": 2,
  "dropout": 0.1,
  "early_stopping": true,
  "encoder_attention_heads": 12,
  "encoder_ffn_dim": 3072,
  "encoder_layerdrop": 0.0,
  "encoder_layers": 6,
  "eos_token_id": 2,
  "id2label": {
    "0": "LABEL_0",
    "1": "LABEL_1",
    "2": "LABEL_2"
  },
  "init_std": 0.02,
  "is_encoder_decoder": true,
  "label2id": {
    "LABEL_0": 0,
    "LABEL_1": 1,
    "LABEL_2": 2
  },
  "max_position_embeddings": 1024,
  "model_type": "bart",
  "no_repeat_ngram_size": 3,
  "normalize_before": false,
  "normalize_embedding": true,
  "num_beams": 4,
  "num_hidden_layers": 6,
  "pad_token_id": 1,
  "scale_embedding": false,
  "static_position_embeddings": false,
  "task_specific_params": {
    "summarization": {
      "length_penalty": 1.0,
      "max_length": 128,
      "min_length": 12,
      "num_beams": 4
    },
    "summarization_cnn": {
      "length_penalty": 2.0,
      "max_length": 142,
      "min_length": 56,
      "num_beams": 4
    },
    "summarization_xsum": {
      "length_penalty": 1.0,
      "max_length": 62,
      "min_length": 11,
      "num_beams": 6
    }
  },
  "vocab_size": 50265
}

11/14/2021 18:49:14 - INFO - transformers.modeling_utils - loading weights file https://cdn.huggingface.co/facebook/bart-base/pytorch_model.bin from cache at /private/home/yuchenlin/.cache/torch/transformers/566c05fb6983817e8ad7a4fa51e3099fe9caa3b31730f964bc5198d71c677523.0a3d95c18c1e434448941bc25accea7b122882be6526fb67c8e8fb6d5ebc711c
11/14/2021 18:49:19 - INFO - __main__ - Loading checkpoint from out/snli_bart-base_1109_upstream_model/best-model.pt for facebook/bart-base ..... Done!
11/14/2021 18:49:27 - INFO - __main__ - Moving to the GPUs.
11/14/2021 18:49:27 - INFO - __main__ - Debugger Setup ......
11/14/2021 18:49:27 - INFO - __main__ - debugger_args: Namespace(adam_epsilon=1e-08, ckpt_dir='experiments/ckpt_dirs/nli/owc/nli_oewc_lr=3e-5_ep=20_lbd=250_gm=9e-1_T=100,b=128,alpha=0.9,beta=0.5,gamma=0.8', diff_loss_weight=0, ewc_gamma=0.9, ewc_lambda=250.0, gradient_accumulation_steps=1, kg_eval_freq=10, kg_eval_mode='metric', kr_eval_freq=10, kr_eval_mode='metric', learning_rate=3e-05, max_grad_norm=0.1, num_epochs=20.0, okr_sample_seed=1337, okr_sample_size=512, save_ckpt_freq=10, skip_instant_eval=False, total_steps=10000, warmup_steps=0, weight_decay=0.01) ......
11/14/2021 18:49:27 - INFO - __main__ - optimizer & scheduler Setup ...... Done!
11/14/2021 18:49:27 - INFO - __main__ - Debugger Setup ...... Done!
11/14/2021 18:49:27 - INFO - __main__ - Start Online Debugging with Dynamic Error Mode
11/14/2021 18:49:27 - INFO - __main__ - Number of Batches of Data: 100
11/14/2021 18:49:27 - INFO - __main__ - Data Batch Size: 128;
11/14/2021 18:49:30 - INFO - __main__ - Model saved to experiments/ckpt_dirs/nli/owc/nli_oewc_lr=3e-5_ep=20_lbd=250_gm=9e-1_T=100,b=128,alpha=0.9,beta=0.5,gamma=0.8/model_ckpt_000.pt.
11/14/2021 18:49:30 - INFO - __main__ - Start eval_knowledge_retention for UKR @ Timecode=0
11/14/2021 18:49:40 - INFO - __main__ - Upstream Knowledge Retation (UKR@0): 0.9102
11/14/2021 18:49:40 - INFO - __main__ - Start eval_knowledge_generalization for KG @ Timecode=0
11/14/2021 18:49:58 - INFO - __main__ - Future Knowledge Generalization (KG@0): 0.5879
11/14/2021 18:49:58 - INFO - __main__ - Evaluating to get errors .... Timecode: 0
11/14/2021 18:50:00 - INFO - __main__ - Before Error Fixing: {'EM': 0.9140625, 'QA-F1': 0.9140625}
11/14/2021 18:50:00 - INFO - __main__ - Found 11 errors.
11/14/2021 18:50:00 - INFO - __main__ - Start error-fixing .... Timecode: 0
11/14/2021 18:50:07 - INFO - __main__ - Start error-fixing .... Done!
11/14/2021 18:50:08 - INFO - __main__ - EFR=1.0
11/14/2021 18:50:08 - INFO - __main__ - Overall: 0.95703125 from scores=[0.9140625, 1.0]
11/14/2021 18:50:11 - INFO - __main__ - Model saved to experiments/ckpt_dirs/nli/owc/nli_oewc_lr=3e-5_ep=20_lbd=250_gm=9e-1_T=100,b=128,alpha=0.9,beta=0.5,gamma=0.8/model_ckpt_000.pt.
11/14/2021 18:50:11 - INFO - __main__ - Updated result feule: experiments/results/nli/nli_oewc_lr=3e-5_ep=20_lbd=250_gm=9e-1_T=100,b=128,alpha=0.9,beta=0.5,gamma=0.8_result.json at Timecode: 0.
11/14/2021 18:50:11 - INFO - __main__ - --------------------------------------------------
11/14/2021 18:50:11 - INFO - __main__ - Evaluating to get errors .... Timecode: 1
11/14/2021 18:50:13 - INFO - __main__ - Before Error Fixing: {'EM': 0.84375, 'QA-F1': 0.84375}
11/14/2021 18:50:13 - INFO - __main__ - Found 20 errors.
11/14/2021 18:50:13 - INFO - __main__ - Start error-fixing .... Timecode: 1
11/14/2021 18:50:30 - INFO - __main__ - Start error-fixing .... Done!
11/14/2021 18:50:30 - INFO - __main__ - EFR=1.0
11/14/2021 18:50:30 - INFO - __main__ - Overall: 0.939453125 from scores=[0.87890625, 1.0]
11/14/2021 18:50:30 - INFO - __main__ - --------------------------------------------------
11/14/2021 18:50:30 - INFO - __main__ - Evaluating to get errors .... Timecode: 2
11/14/2021 18:50:33 - INFO - __main__ - Before Error Fixing: {'EM': 0.703125, 'QA-F1': 0.703125}
11/14/2021 18:50:33 - INFO - __main__ - Found 38 errors.
11/14/2021 18:50:33 - INFO - __main__ - Start error-fixing .... Timecode: 2
11/14/2021 18:51:00 - INFO - __main__ - Start error-fixing .... Done!
11/14/2021 18:51:01 - INFO - __main__ - EFR=1.0
11/14/2021 18:51:01 - INFO - __main__ - Overall: 0.91015625 from scores=[0.8203125, 1.0]
11/14/2021 18:51:01 - INFO - __main__ - --------------------------------------------------
11/14/2021 18:51:01 - INFO - __main__ - Evaluating to get errors .... Timecode: 3
11/14/2021 18:51:04 - INFO - __main__ - Before Error Fixing: {'EM': 0.8203125, 'QA-F1': 0.8203125}
11/14/2021 18:51:04 - INFO - __main__ - Found 23 errors.
11/14/2021 18:51:04 - INFO - __main__ - Start error-fixing .... Timecode: 3
11/14/2021 18:51:21 - INFO - __main__ - Start error-fixing .... Done!
11/14/2021 18:51:22 - INFO - __main__ - EFR=1.0
11/14/2021 18:51:22 - INFO - __main__ - Overall: 0.91015625 from scores=[0.8203125, 1.0]
11/14/2021 18:51:22 - INFO - __main__ - --------------------------------------------------
11/14/2021 18:51:22 - INFO - __main__ - Evaluating to get errors .... Timecode: 4
11/14/2021 18:51:24 - INFO - __main__ - Before Error Fixing: {'EM': 0.7734375, 'QA-F1': 0.7734375}
11/14/2021 18:51:24 - INFO - __main__ - Found 29 errors.
11/14/2021 18:51:24 - INFO - __main__ - Start error-fixing .... Timecode: 4
11/14/2021 18:51:46 - INFO - __main__ - Start error-fixing .... Done!
11/14/2021 18:51:47 - INFO - __main__ - EFR=1.0
11/14/2021 18:51:47 - INFO - __main__ - Overall: 0.90546875 from scores=[0.8109375, 1.0]
11/14/2021 18:51:47 - INFO - __main__ - --------------------------------------------------
11/14/2021 18:51:47 - INFO - __main__ - Evaluating to get errors .... Timecode: 5
11/14/2021 18:51:50 - INFO - __main__ - Before Error Fixing: {'EM': 0.7734375, 'QA-F1': 0.7734375}
11/14/2021 18:51:50 - INFO - __main__ - Found 29 errors.
11/14/2021 18:51:50 - INFO - __main__ - Start error-fixing .... Timecode: 5
11/14/2021 18:52:11 - INFO - __main__ - Start error-fixing .... Done!
11/14/2021 18:52:12 - INFO - __main__ - EFR=1.0
11/14/2021 18:52:12 - INFO - __main__ - Overall: 0.90234375 from scores=[0.8046875, 1.0]
11/14/2021 18:52:12 - INFO - __main__ - --------------------------------------------------
11/14/2021 18:52:12 - INFO - __main__ - Evaluating to get errors .... Timecode: 6
11/14/2021 18:52:15 - INFO - __main__ - Before Error Fixing: {'EM': 0.625, 'QA-F1': 0.625}
11/14/2021 18:52:15 - INFO - __main__ - Found 48 errors.
11/14/2021 18:52:15 - INFO - __main__ - Start error-fixing .... Timecode: 6
11/14/2021 18:52:48 - INFO - __main__ - Start error-fixing .... Done!
11/14/2021 18:52:49 - INFO - __main__ - EFR=1.0
11/14/2021 18:52:49 - INFO - __main__ - Overall: 0.8895089285714286 from scores=[0.7790178571428572, 1.0]
11/14/2021 18:52:49 - INFO - __main__ - --------------------------------------------------
11/14/2021 18:52:49 - INFO - __main__ - Evaluating to get errors .... Timecode: 7
11/14/2021 18:52:51 - INFO - __main__ - Before Error Fixing: {'EM': 0.5859375, 'QA-F1': 0.5859375}
11/14/2021 18:52:51 - INFO - __main__ - Found 53 errors.
11/14/2021 18:52:51 - INFO - __main__ - Start error-fixing .... Timecode: 7
11/14/2021 18:53:30 - INFO - __main__ - Start error-fixing .... Done!
11/14/2021 18:53:31 - INFO - __main__ - EFR=1.0
11/14/2021 18:53:31 - INFO - __main__ - Overall: 0.87744140625 from scores=[0.7548828125, 1.0]
11/14/2021 18:53:31 - INFO - __main__ - --------------------------------------------------
11/14/2021 18:53:31 - INFO - __main__ - Evaluating to get errors .... Timecode: 8
11/14/2021 18:53:34 - INFO - __main__ - Before Error Fixing: {'EM': 0.703125, 'QA-F1': 0.703125}
11/14/2021 18:53:34 - INFO - __main__ - Found 38 errors.
11/14/2021 18:53:34 - INFO - __main__ - Start error-fixing .... Timecode: 8
11/14/2021 18:54:01 - INFO - __main__ - Start error-fixing .... Done!
11/14/2021 18:54:02 - INFO - __main__ - EFR=1.0
11/14/2021 18:54:02 - INFO - __main__ - Overall: 0.8745659722222222 from scores=[0.7491319444444444, 1.0]
11/14/2021 18:54:02 - INFO - __main__ - --------------------------------------------------
11/14/2021 18:54:02 - INFO - __main__ - Evaluating to get errors .... Timecode: 9
11/14/2021 18:54:05 - INFO - __main__ - Before Error Fixing: {'EM': 0.4453125, 'QA-F1': 0.4453125}
11/14/2021 18:54:05 - INFO - __main__ - Found 71 errors.
11/14/2021 18:54:05 - INFO - __main__ - Start error-fixing .... Timecode: 9
11/14/2021 18:54:55 - INFO - __main__ - Start error-fixing .... Done!
11/14/2021 18:54:57 - INFO - __main__ - EFR=1.0
11/14/2021 18:54:57 - INFO - __main__ - Overall: 0.859375 from scores=[0.71875, 1.0]
11/14/2021 18:54:57 - INFO - __main__ - --------------------------------------------------
11/14/2021 18:54:57 - INFO - __main__ - Start eval_knowledge_retention for UKR @ Timecode=10
11/14/2021 18:55:06 - INFO - __main__ - Upstream Knowledge Retation (UKR@10): 0.8789
11/14/2021 18:55:07 - INFO - __main__ - Start eval_knowledge_retention for OKR @ Timecode=10
11/14/2021 18:55:16 - INFO - __main__ - Online Knowledge Retation (OKR@10): 0.8770
11/14/2021 18:55:16 - INFO - __main__ - Start eval_knowledge_generalization for KG @ Timecode=10
11/14/2021 18:55:36 - INFO - __main__ - Future Knowledge Generalization (KG@10): 0.5947
11/14/2021 18:55:36 - INFO - __main__ - Evaluating to get errors .... Timecode: 10
11/14/2021 18:55:39 - INFO - __main__ - Before Error Fixing: {'EM': 0.6796875, 'QA-F1': 0.6796875}
11/14/2021 18:55:39 - INFO - __main__ - Found 41 errors.
11/14/2021 18:55:39 - INFO - __main__ - Start error-fixing .... Timecode: 10
11/14/2021 18:56:11 - INFO - __main__ - Start error-fixing .... Done!
11/14/2021 18:56:12 - INFO - __main__ - EFR=1.0
11/14/2021 18:56:12 - INFO - __main__ - Overall: 0.8131569602272727 from scores=[0.7151988636363636, 1.0, 0.876953125, 0.87890625, 0.5947265625]
11/14/2021 18:56:15 - INFO - __main__ - Model saved to experiments/ckpt_dirs/nli/owc/nli_oewc_lr=3e-5_ep=20_lbd=250_gm=9e-1_T=100,b=128,alpha=0.9,beta=0.5,gamma=0.8/model_ckpt_010.pt.
11/14/2021 18:56:15 - INFO - __main__ - Updated result feule: experiments/results/nli/nli_oewc_lr=3e-5_ep=20_lbd=250_gm=9e-1_T=100,b=128,alpha=0.9,beta=0.5,gamma=0.8_result.json at Timecode: 10.
11/14/2021 18:56:15 - INFO - __main__ - --------------------------------------------------
11/14/2021 18:56:15 - INFO - __main__ - Evaluating to get errors .... Timecode: 11
11/14/2021 18:56:18 - INFO - __main__ - Before Error Fixing: {'EM': 0.734375, 'QA-F1': 0.734375}
11/14/2021 18:56:18 - INFO - __main__ - Found 34 errors.
11/14/2021 18:56:18 - INFO - __main__ - Start error-fixing .... Timecode: 11
11/14/2021 18:56:45 - INFO - __main__ - Start error-fixing .... Done!
11/14/2021 18:56:46 - INFO - __main__ - EFR=1.0
11/14/2021 18:56:46 - INFO - __main__ - Overall: 0.8134765625 from scores=[0.716796875, 1.0, 0.876953125, 0.87890625, 0.5947265625]
11/14/2021 18:56:46 - INFO - __main__ - --------------------------------------------------
11/14/2021 18:56:46 - INFO - __main__ - Evaluating to get errors .... Timecode: 12
11/14/2021 18:56:49 - INFO - __main__ - Before Error Fixing: {'EM': 0.6875, 'QA-F1': 0.6875}
11/14/2021 18:56:49 - INFO - __main__ - Found 40 errors.
11/14/2021 18:56:49 - INFO - __main__ - Start error-fixing .... Timecode: 12
11/14/2021 18:57:17 - INFO - __main__ - Start error-fixing .... Done!
11/14/2021 18:57:18 - INFO - __main__ - EFR=1.0
11/14/2021 18:57:18 - INFO - __main__ - Overall: 0.8130258413461539 from scores=[0.7145432692307692, 1.0, 0.876953125, 0.87890625, 0.5947265625]
11/14/2021 18:57:18 - INFO - __main__ - --------------------------------------------------
11/14/2021 18:57:18 - INFO - __main__ - Evaluating to get errors .... Timecode: 13
11/14/2021 18:57:20 - INFO - __main__ - Before Error Fixing: {'EM': 0.609375, 'QA-F1': 0.609375}
11/14/2021 18:57:20 - INFO - __main__ - Found 50 errors.
11/14/2021 18:57:20 - INFO - __main__ - Start error-fixing .... Timecode: 13
11/14/2021 18:57:58 - INFO - __main__ - Start error-fixing .... Done!
11/14/2021 18:58:00 - INFO - __main__ - EFR=1.0
11/14/2021 18:58:00 - INFO - __main__ - Overall: 0.8115234375 from scores=[0.70703125, 1.0, 0.876953125, 0.87890625, 0.5947265625]
11/14/2021 18:58:00 - INFO - __main__ - --------------------------------------------------
11/14/2021 18:58:00 - INFO - __main__ - Evaluating to get errors .... Timecode: 14
11/14/2021 18:58:02 - INFO - __main__ - Before Error Fixing: {'EM': 0.6484375, 'QA-F1': 0.6484375}
11/14/2021 18:58:02 - INFO - __main__ - Found 45 errors.
11/14/2021 18:58:02 - INFO - __main__ - Start error-fixing .... Timecode: 14
11/14/2021 18:58:35 - INFO - __main__ - Start error-fixing .... Done!
11/14/2021 18:58:36 - INFO - __main__ - EFR=1.0
11/14/2021 18:58:36 - INFO - __main__ - Overall: 0.8107421875 from scores=[0.703125, 1.0, 0.876953125, 0.87890625, 0.5947265625]
11/14/2021 18:58:36 - INFO - __main__ - --------------------------------------------------
11/14/2021 18:58:36 - INFO - __main__ - Evaluating to get errors .... Timecode: 15
11/14/2021 18:58:39 - INFO - __main__ - Before Error Fixing: {'EM': 0.5859375, 'QA-F1': 0.5859375}
11/14/2021 18:58:39 - INFO - __main__ - Found 53 errors.
11/14/2021 18:58:39 - INFO - __main__ - Start error-fixing .... Timecode: 15
11/14/2021 18:59:17 - INFO - __main__ - Start error-fixing .... Done!
11/14/2021 18:59:19 - INFO - __main__ - EFR=1.0
11/14/2021 18:59:19 - INFO - __main__ - Overall: 0.80927734375 from scores=[0.69580078125, 1.0, 0.876953125, 0.87890625, 0.5947265625]
11/14/2021 18:59:19 - INFO - __main__ - --------------------------------------------------
11/14/2021 18:59:19 - INFO - __main__ - Evaluating to get errors .... Timecode: 16
11/14/2021 18:59:21 - INFO - __main__ - Before Error Fixing: {'EM': 0.6328125, 'QA-F1': 0.6328125}
11/14/2021 18:59:21 - INFO - __main__ - Found 47 errors.
11/14/2021 18:59:21 - INFO - __main__ - Start error-fixing .... Timecode: 16
11/14/2021 18:59:55 - INFO - __main__ - Start error-fixing .... Done!
11/14/2021 18:59:56 - INFO - __main__ - EFR=1.0
11/14/2021 18:59:56 - INFO - __main__ - Overall: 0.8085363051470589 from scores=[0.6920955882352942, 1.0, 0.876953125, 0.87890625, 0.5947265625]
11/14/2021 18:59:56 - INFO - __main__ - --------------------------------------------------
11/14/2021 18:59:56 - INFO - __main__ - Evaluating to get errors .... Timecode: 17
11/14/2021 18:59:59 - INFO - __main__ - Before Error Fixing: {'EM': 0.59375, 'QA-F1': 0.59375}
11/14/2021 18:59:59 - INFO - __main__ - Found 52 errors.
11/14/2021 18:59:59 - INFO - __main__ - Start error-fixing .... Timecode: 17
11/14/2021 19:00:37 - INFO - __main__ - Start error-fixing .... Done!
11/14/2021 19:00:39 - INFO - __main__ - EFR=1.0
11/14/2021 19:00:39 - INFO - __main__ - Overall: 0.807443576388889 from scores=[0.6866319444444444, 1.0, 0.876953125, 0.87890625, 0.5947265625]
11/14/2021 19:00:39 - INFO - __main__ - --------------------------------------------------
11/14/2021 19:00:39 - INFO - __main__ - Evaluating to get errors .... Timecode: 18
11/14/2021 19:00:41 - INFO - __main__ - Before Error Fixing: {'EM': 0.6328125, 'QA-F1': 0.6328125}
11/14/2021 19:00:41 - INFO - __main__ - Found 47 errors.
11/14/2021 19:00:41 - INFO - __main__ - Start error-fixing .... Timecode: 18
11/14/2021 19:01:15 - INFO - __main__ - Start error-fixing .... Done!
11/14/2021 19:01:16 - INFO - __main__ - EFR=1.0
11/14/2021 19:01:16 - INFO - __main__ - Overall: 0.8068770559210527 from scores=[0.6837993421052632, 1.0, 0.876953125, 0.87890625, 0.5947265625]
11/14/2021 19:01:16 - INFO - __main__ - --------------------------------------------------
11/14/2021 19:01:16 - INFO - __main__ - Evaluating to get errors .... Timecode: 19
11/14/2021 19:01:18 - INFO - __main__ - Before Error Fixing: {'EM': 0.625, 'QA-F1': 0.625}
11/14/2021 19:01:18 - INFO - __main__ - Found 48 errors.
11/14/2021 19:01:18 - INFO - __main__ - Start error-fixing .... Timecode: 19
11/14/2021 19:01:52 - INFO - __main__ - Start error-fixing .... Done!
11/14/2021 19:01:53 - INFO - __main__ - EFR=1.0
11/14/2021 19:01:53 - INFO - __main__ - Overall: 0.8062890625 from scores=[0.680859375, 1.0, 0.876953125, 0.87890625, 0.5947265625]
11/14/2021 19:01:53 - INFO - __main__ - --------------------------------------------------
11/14/2021 19:01:53 - INFO - __main__ - Start eval_knowledge_retention for UKR @ Timecode=20
11/14/2021 19:02:03 - INFO - __main__ - Upstream Knowledge Retation (UKR@20): 0.8418
11/14/2021 19:02:03 - INFO - __main__ - Start eval_knowledge_retention for OKR @ Timecode=20
11/14/2021 19:02:14 - INFO - __main__ - Online Knowledge Retation (OKR@20): 0.8887
11/14/2021 19:02:14 - INFO - __main__ - Start eval_knowledge_generalization for KG @ Timecode=20
11/14/2021 19:02:34 - INFO - __main__ - Future Knowledge Generalization (KG@20): 0.5820
11/14/2021 19:02:34 - INFO - __main__ - Evaluating to get errors .... Timecode: 20
11/14/2021 19:02:37 - INFO - __main__ - Before Error Fixing: {'EM': 0.6875, 'QA-F1': 0.6875}
11/14/2021 19:02:37 - INFO - __main__ - Found 40 errors.
11/14/2021 19:02:37 - INFO - __main__ - Start error-fixing .... Timecode: 20
11/14/2021 19:03:05 - INFO - __main__ - Start error-fixing .... Done!
11/14/2021 19:03:06 - INFO - __main__ - EFR=1.0
11/14/2021 19:03:06 - INFO - __main__ - Overall: 0.7987351190476191 from scores=[0.6811755952380952, 1.0, 0.888671875, 0.841796875, 0.58203125]
11/14/2021 19:03:08 - INFO - __main__ - Model saved to experiments/ckpt_dirs/nli/owc/nli_oewc_lr=3e-5_ep=20_lbd=250_gm=9e-1_T=100,b=128,alpha=0.9,beta=0.5,gamma=0.8/model_ckpt_020.pt.
11/14/2021 19:03:09 - INFO - __main__ - Updated result feule: experiments/results/nli/nli_oewc_lr=3e-5_ep=20_lbd=250_gm=9e-1_T=100,b=128,alpha=0.9,beta=0.5,gamma=0.8_result.json at Timecode: 20.
11/14/2021 19:03:09 - INFO - __main__ - --------------------------------------------------
11/14/2021 19:03:09 - INFO - __main__ - Evaluating to get errors .... Timecode: 21
11/14/2021 19:03:11 - INFO - __main__ - Before Error Fixing: {'EM': 0.6328125, 'QA-F1': 0.6328125}
11/14/2021 19:03:11 - INFO - __main__ - Found 47 errors.
11/14/2021 19:03:11 - INFO - __main__ - Start error-fixing .... Timecode: 21
11/14/2021 19:03:44 - INFO - __main__ - Start error-fixing .... Done!
11/14/2021 19:03:45 - INFO - __main__ - EFR=1.0
11/14/2021 19:03:45 - INFO - __main__ - Overall: 0.7982954545454545 from scores=[0.6789772727272727, 1.0, 0.888671875, 0.841796875, 0.58203125]
11/14/2021 19:03:45 - INFO - __main__ - --------------------------------------------------
11/14/2021 19:03:45 - INFO - __main__ - Evaluating to get errors .... Timecode: 22
11/14/2021 19:03:47 - INFO - __main__ - Before Error Fixing: {'EM': 0.75, 'QA-F1': 0.75}
11/14/2021 19:03:47 - INFO - __main__ - Found 32 errors.
11/14/2021 19:03:48 - INFO - __main__ - Start error-fixing .... Timecode: 22
11/14/2021 19:04:10 - INFO - __main__ - Start error-fixing .... Done!
11/14/2021 19:04:10 - INFO - __main__ - EFR=1.0
11/14/2021 19:04:10 - INFO - __main__ - Overall: 0.7989130434782609 from scores=[0.6820652173913043, 1.0, 0.888671875, 0.841796875, 0.58203125]
11/14/2021 19:04:10 - INFO - __main__ - --------------------------------------------------
11/14/2021 19:04:10 - INFO - __main__ - Evaluating to get errors .... Timecode: 23
11/14/2021 19:04:13 - INFO - __main__ - Before Error Fixing: {'EM': 0.734375, 'QA-F1': 0.734375}
11/14/2021 19:04:13 - INFO - __main__ - Found 34 errors.
11/14/2021 19:04:13 - INFO - __main__ - Start error-fixing .... Timecode: 23
11/14/2021 19:04:40 - INFO - __main__ - Start error-fixing .... Done!
11/14/2021 19:04:41 - INFO - __main__ - EFR=1.0
11/14/2021 19:04:41 - INFO - __main__ - Overall: 0.7993489583333334 from scores=[0.6842447916666667, 1.0, 0.888671875, 0.841796875, 0.58203125]
11/14/2021 19:04:41 - INFO - __main__ - --------------------------------------------------
11/14/2021 19:04:41 - INFO - __main__ - Evaluating to get errors .... Timecode: 24
11/14/2021 19:04:44 - INFO - __main__ - Before Error Fixing: {'EM': 0.7109375, 'QA-F1': 0.7109375}
11/14/2021 19:04:44 - INFO - __main__ - Found 37 errors.
11/14/2021 19:04:44 - INFO - __main__ - Start error-fixing .... Timecode: 24
11/14/2021 19:05:11 - INFO - __main__ - Start error-fixing .... Done!
11/14/2021 19:05:12 - INFO - __main__ - EFR=1.0
11/14/2021 19:05:12 - INFO - __main__ - Overall: 0.7995625000000001 from scores=[0.6853125, 1.0, 0.888671875, 0.841796875, 0.58203125]
11/14/2021 19:05:12 - INFO - __main__ - --------------------------------------------------
11/14/2021 19:05:12 - INFO - __main__ - Evaluating to get errors .... Timecode: 25
11/14/2021 19:05:15 - INFO - __main__ - Before Error Fixing: {'EM': 0.65625, 'QA-F1': 0.65625}
11/14/2021 19:05:15 - INFO - __main__ - Found 44 errors.
11/14/2021 19:05:15 - INFO - __main__ - Start error-fixing .... Timecode: 25
11/14/2021 19:05:48 - INFO - __main__ - Start error-fixing .... Done!
11/14/2021 19:05:49 - INFO - __main__ - EFR=1.0
11/14/2021 19:05:49 - INFO - __main__ - Overall: 0.7993389423076923 from scores=[0.6841947115384616, 1.0, 0.888671875, 0.841796875, 0.58203125]
11/14/2021 19:05:49 - INFO - __main__ - --------------------------------------------------
11/14/2021 19:05:49 - INFO - __main__ - Evaluating to get errors .... Timecode: 26
11/14/2021 19:05:51 - INFO - __main__ - Before Error Fixing: {'EM': 0.453125, 'QA-F1': 0.453125}
11/14/2021 19:05:51 - INFO - __main__ - Found 70 errors.
11/14/2021 19:05:52 - INFO - __main__ - Start error-fixing .... Timecode: 26
11/14/2021 19:06:42 - INFO - __main__ - Start error-fixing .... Done!
11/14/2021 19:06:43 - INFO - __main__ - EFR=1.0
11/14/2021 19:06:43 - INFO - __main__ - Overall: 0.7976273148148147 from scores=[0.6756365740740741, 1.0, 0.888671875, 0.841796875, 0.58203125]
11/14/2021 19:06:43 - INFO - __main__ - --------------------------------------------------
11/14/2021 19:06:43 - INFO - __main__ - Evaluating to get errors .... Timecode: 27
11/14/2021 19:06:46 - INFO - __main__ - Before Error Fixing: {'EM': 0.3984375, 'QA-F1': 0.3984375}
11/14/2021 19:06:46 - INFO - __main__ - Found 77 errors.
11/14/2021 19:06:46 - INFO - __main__ - Start error-fixing .... Timecode: 27
11/14/2021 19:07:42 - INFO - __main__ - Start error-fixing .... Done!
11/14/2021 19:07:44 - INFO - __main__ - EFR=1.0
11/14/2021 19:07:44 - INFO - __main__ - Overall: 0.7956473214285714 from scores=[0.6657366071428572, 1.0, 0.888671875, 0.841796875, 0.58203125]
11/14/2021 19:07:44 - INFO - __main__ - --------------------------------------------------
11/14/2021 19:07:44 - INFO - __main__ - Evaluating to get errors .... Timecode: 28
11/14/2021 19:07:47 - INFO - __main__ - Before Error Fixing: {'EM': 0.65625, 'QA-F1': 0.65625}
11/14/2021 19:07:47 - INFO - __main__ - Found 44 errors.
11/14/2021 19:07:47 - INFO - __main__ - Start error-fixing .... Timecode: 28
11/14/2021 19:08:20 - INFO - __main__ - Start error-fixing .... Done!
11/14/2021 19:08:21 - INFO - __main__ - EFR=1.0
11/14/2021 19:08:21 - INFO - __main__ - Overall: 0.7955818965517241 from scores=[0.6654094827586207, 1.0, 0.888671875, 0.841796875, 0.58203125]
11/14/2021 19:08:21 - INFO - __main__ - --------------------------------------------------
11/14/2021 19:08:21 - INFO - __main__ - Evaluating to get errors .... Timecode: 29
11/14/2021 19:08:23 - INFO - __main__ - Before Error Fixing: {'EM': 0.703125, 'QA-F1': 0.703125}
11/14/2021 19:08:23 - INFO - __main__ - Found 38 errors.
11/14/2021 19:08:23 - INFO - __main__ - Start error-fixing .... Timecode: 29
11/14/2021 19:08:51 - INFO - __main__ - Start error-fixing .... Done!
11/14/2021 19:08:52 - INFO - __main__ - EFR=1.0
11/14/2021 19:08:52 - INFO - __main__ - Overall: 0.7958333333333334 from scores=[0.6666666666666667, 1.0, 0.888671875, 0.841796875, 0.58203125]
11/14/2021 19:08:52 - INFO - __main__ - --------------------------------------------------
11/14/2021 19:08:52 - INFO - __main__ - Start eval_knowledge_retention for UKR @ Timecode=30
11/14/2021 19:09:02 - INFO - __main__ - Upstream Knowledge Retation (UKR@30): 0.8418
11/14/2021 19:09:02 - INFO - __main__ - Start eval_knowledge_retention for OKR @ Timecode=30
11/14/2021 19:09:13 - INFO - __main__ - Online Knowledge Retation (OKR@30): 0.8809
11/14/2021 19:09:13 - INFO - __main__ - Start eval_knowledge_generalization for KG @ Timecode=30
11/14/2021 19:09:34 - INFO - __main__ - Future Knowledge Generalization (KG@30): 0.6152
11/14/2021 19:09:34 - INFO - __main__ - Evaluating to get errors .... Timecode: 30
11/14/2021 19:09:36 - INFO - __main__ - Before Error Fixing: {'EM': 0.640625, 'QA-F1': 0.640625}
11/14/2021 19:09:36 - INFO - __main__ - Found 46 errors.
11/14/2021 19:09:36 - INFO - __main__ - Start error-fixing .... Timecode: 30
11/14/2021 19:10:10 - INFO - __main__ - Start error-fixing .... Done!
11/14/2021 19:10:11 - INFO - __main__ - EFR=1.0
11/14/2021 19:10:11 - INFO - __main__ - Overall: 0.8007434475806452 from scores=[0.6658266129032258, 1.0, 0.880859375, 0.841796875, 0.615234375]
11/14/2021 19:10:13 - INFO - __main__ - Model saved to experiments/ckpt_dirs/nli/owc/nli_oewc_lr=3e-5_ep=20_lbd=250_gm=9e-1_T=100,b=128,alpha=0.9,beta=0.5,gamma=0.8/model_ckpt_030.pt.
11/14/2021 19:10:13 - INFO - __main__ - Updated result feule: experiments/results/nli/nli_oewc_lr=3e-5_ep=20_lbd=250_gm=9e-1_T=100,b=128,alpha=0.9,beta=0.5,gamma=0.8_result.json at Timecode: 30.
11/14/2021 19:10:13 - INFO - __main__ - --------------------------------------------------
11/14/2021 19:10:13 - INFO - __main__ - Evaluating to get errors .... Timecode: 31
11/14/2021 19:10:16 - INFO - __main__ - Before Error Fixing: {'EM': 0.4609375, 'QA-F1': 0.4609375}
11/14/2021 19:10:16 - INFO - __main__ - Found 69 errors.
11/14/2021 19:10:16 - INFO - __main__ - Start error-fixing .... Timecode: 31
11/14/2021 19:11:07 - INFO - __main__ - Start error-fixing .... Done!
11/14/2021 19:11:08 - INFO - __main__ - EFR=1.0
11/14/2021 19:11:08 - INFO - __main__ - Overall: 0.799462890625 from scores=[0.659423828125, 1.0, 0.880859375, 0.841796875, 0.615234375]
11/14/2021 19:11:08 - INFO - __main__ - --------------------------------------------------
11/14/2021 19:11:08 - INFO - __main__ - Evaluating to get errors .... Timecode: 32
11/14/2021 19:11:11 - INFO - __main__ - Before Error Fixing: {'EM': 0.8046875, 'QA-F1': 0.8046875}
11/14/2021 19:11:11 - INFO - __main__ - Found 25 errors.
11/14/2021 19:11:11 - INFO - __main__ - Start error-fixing .... Timecode: 32
11/14/2021 19:11:33 - INFO - __main__ - Start error-fixing .... Done!
11/14/2021 19:11:34 - INFO - __main__ - EFR=1.0
11/14/2021 19:11:34 - INFO - __main__ - Overall: 0.8003432765151516 from scores=[0.6638257575757576, 1.0, 0.880859375, 0.841796875, 0.615234375]
11/14/2021 19:11:34 - INFO - __main__ - --------------------------------------------------
11/14/2021 19:11:34 - INFO - __main__ - Evaluating to get errors .... Timecode: 33
11/14/2021 19:11:36 - INFO - __main__ - Before Error Fixing: {'EM': 0.6953125, 'QA-F1': 0.6953125}
11/14/2021 19:11:36 - INFO - __main__ - Found 39 errors.
11/14/2021 19:11:37 - INFO - __main__ - Start error-fixing .... Timecode: 33
11/14/2021 19:12:04 - INFO - __main__ - Start error-fixing .... Done!
11/14/2021 19:12:05 - INFO - __main__ - EFR=1.0
11/14/2021 19:12:05 - INFO - __main__ - Overall: 0.8005284926470588 from scores=[0.6647518382352942, 1.0, 0.880859375, 0.841796875, 0.615234375]
11/14/2021 19:12:05 - INFO - __main__ - --------------------------------------------------
11/14/2021 19:12:05 - INFO - __main__ - Evaluating to get errors .... Timecode: 34
11/14/2021 19:12:08 - INFO - __main__ - Before Error Fixing: {'EM': 0.7421875, 'QA-F1': 0.7421875}
11/14/2021 19:12:08 - INFO - __main__ - Found 33 errors.
11/14/2021 19:12:08 - INFO - __main__ - Start error-fixing .... Timecode: 34
11/14/2021 19:12:35 - INFO - __main__ - Start error-fixing .... Done!
11/14/2021 19:12:36 - INFO - __main__ - EFR=1.0
11/14/2021 19:12:36 - INFO - __main__ - Overall: 0.8009709821428572 from scores=[0.6669642857142857, 1.0, 0.880859375, 0.841796875, 0.615234375]
11/14/2021 19:12:36 - INFO - __main__ - --------------------------------------------------
11/14/2021 19:12:36 - INFO - __main__ - Evaluating to get errors .... Timecode: 35
11/14/2021 19:12:39 - INFO - __main__ - Before Error Fixing: {'EM': 0.5546875, 'QA-F1': 0.5546875}
11/14/2021 19:12:39 - INFO - __main__ - Found 57 errors.
11/14/2021 19:12:39 - INFO - __main__ - Start error-fixing .... Timecode: 35
11/14/2021 19:13:23 - INFO - __main__ - Start error-fixing .... Done!
11/14/2021 19:13:24 - INFO - __main__ - EFR=1.0
11/14/2021 19:13:24 - INFO - __main__ - Overall: 0.8003472222222221 from scores=[0.6638454861111112, 1.0, 0.880859375, 0.841796875, 0.615234375]
11/14/2021 19:13:24 - INFO - __main__ - --------------------------------------------------
11/14/2021 19:13:25 - INFO - __main__ - Evaluating to get errors .... Timecode: 36
11/14/2021 19:13:27 - INFO - __main__ - Before Error Fixing: {'EM': 0.71875, 'QA-F1': 0.71875}
11/14/2021 19:13:27 - INFO - __main__ - Found 36 errors.
11/14/2021 19:13:27 - INFO - __main__ - Start error-fixing .... Timecode: 36
11/14/2021 19:13:55 - INFO - __main__ - Start error-fixing .... Done!
11/14/2021 19:13:56 - INFO - __main__ - EFR=1.0
11/14/2021 19:13:56 - INFO - __main__ - Overall: 0.8006440033783784 from scores=[0.6653293918918919, 1.0, 0.880859375, 0.841796875, 0.615234375]
11/14/2021 19:13:56 - INFO - __main__ - --------------------------------------------------
11/14/2021 19:13:56 - INFO - __main__ - Evaluating to get errors .... Timecode: 37
11/14/2021 19:13:59 - INFO - __main__ - Before Error Fixing: {'EM': 0.5859375, 'QA-F1': 0.5859375}
11/14/2021 19:13:59 - INFO - __main__ - Found 53 errors.
11/14/2021 19:13:59 - INFO - __main__ - Start error-fixing .... Timecode: 37
11/14/2021 19:14:38 - INFO - __main__ - Start error-fixing .... Done!
11/14/2021 19:14:39 - INFO - __main__ - EFR=1.0
11/14/2021 19:14:39 - INFO - __main__ - Overall: 0.8002261513157893 from scores=[0.6632401315789473, 1.0, 0.880859375, 0.841796875, 0.615234375]
11/14/2021 19:14:39 - INFO - __main__ - --------------------------------------------------
11/14/2021 19:14:39 - INFO - __main__ - Evaluating to get errors .... Timecode: 38
11/14/2021 19:14:42 - INFO - __main__ - Before Error Fixing: {'EM': 0.65625, 'QA-F1': 0.65625}
11/14/2021 19:14:42 - INFO - __main__ - Found 44 errors.
11/14/2021 19:14:42 - INFO - __main__ - Start error-fixing .... Timecode: 38
11/14/2021 19:15:14 - INFO - __main__ - Start error-fixing .... Done!
11/14/2021 19:15:15 - INFO - __main__ - EFR=1.0
11/14/2021 19:15:15 - INFO - __main__ - Overall: 0.8001903044871795 from scores=[0.6630608974358974, 1.0, 0.880859375, 0.841796875, 0.615234375]
11/14/2021 19:15:15 - INFO - __main__ - --------------------------------------------------
11/14/2021 19:15:15 - INFO - __main__ - Evaluating to get errors .... Timecode: 39
11/14/2021 19:15:18 - INFO - __main__ - Before Error Fixing: {'EM': 0.5703125, 'QA-F1': 0.5703125}
11/14/2021 19:15:18 - INFO - __main__ - Found 55 errors.
11/14/2021 19:15:18 - INFO - __main__ - Start error-fixing .... Timecode: 39
11/14/2021 19:15:56 - INFO - __main__ - Start error-fixing .... Done!
11/14/2021 19:15:58 - INFO - __main__ - EFR=1.0
11/14/2021 19:15:58 - INFO - __main__ - Overall: 0.7997265625 from scores=[0.6607421875, 1.0, 0.880859375, 0.841796875, 0.615234375]
11/14/2021 19:15:58 - INFO - __main__ - --------------------------------------------------
11/14/2021 19:15:58 - INFO - __main__ - Start eval_knowledge_retention for UKR @ Timecode=40
11/14/2021 19:16:08 - INFO - __main__ - Upstream Knowledge Retation (UKR@40): 0.8418
11/14/2021 19:16:09 - INFO - __main__ - Start eval_knowledge_retention for OKR @ Timecode=40
11/14/2021 19:16:19 - INFO - __main__ - Online Knowledge Retation (OKR@40): 0.8086
11/14/2021 19:16:19 - INFO - __main__ - Start eval_knowledge_generalization for KG @ Timecode=40
11/14/2021 19:16:40 - INFO - __main__ - Future Knowledge Generalization (KG@40): 0.6035
11/14/2021 19:16:40 - INFO - __main__ - Evaluating to get errors .... Timecode: 40
11/14/2021 19:16:43 - INFO - __main__ - Before Error Fixing: {'EM': 0.78125, 'QA-F1': 0.78125}
11/14/2021 19:16:43 - INFO - __main__ - Found 28 errors.
11/14/2021 19:16:43 - INFO - __main__ - Start error-fixing .... Timecode: 40
11/14/2021 19:17:05 - INFO - __main__ - Start error-fixing .... Done!
11/14/2021 19:17:05 - INFO - __main__ - EFR=1.0
11/14/2021 19:17:05 - INFO - __main__ - Overall: 0.7835175304878048 from scores=[0.6636814024390244, 1.0, 0.80859375, 0.841796875, 0.603515625]
11/14/2021 19:17:08 - INFO - __main__ - Model saved to experiments/ckpt_dirs/nli/owc/nli_oewc_lr=3e-5_ep=20_lbd=250_gm=9e-1_T=100,b=128,alpha=0.9,beta=0.5,gamma=0.8/model_ckpt_040.pt.
11/14/2021 19:17:08 - INFO - __main__ - Updated result feule: experiments/results/nli/nli_oewc_lr=3e-5_ep=20_lbd=250_gm=9e-1_T=100,b=128,alpha=0.9,beta=0.5,gamma=0.8_result.json at Timecode: 40.
11/14/2021 19:17:08 - INFO - __main__ - --------------------------------------------------
11/14/2021 19:17:08 - INFO - __main__ - Evaluating to get errors .... Timecode: 41
11/14/2021 19:17:11 - INFO - __main__ - Before Error Fixing: {'EM': 0.734375, 'QA-F1': 0.734375}
11/14/2021 19:17:11 - INFO - __main__ - Found 34 errors.
11/14/2021 19:17:11 - INFO - __main__ - Start error-fixing .... Timecode: 41
11/14/2021 19:17:38 - INFO - __main__ - Start error-fixing .... Done!
11/14/2021 19:17:39 - INFO - __main__ - EFR=1.0
11/14/2021 19:17:39 - INFO - __main__ - Overall: 0.7838541666666666 from scores=[0.6653645833333333, 1.0, 0.80859375, 0.841796875, 0.603515625]
11/14/2021 19:17:39 - INFO - __main__ - --------------------------------------------------
11/14/2021 19:17:39 - INFO - __main__ - Evaluating to get errors .... Timecode: 42
11/14/2021 19:17:41 - INFO - __main__ - Before Error Fixing: {'EM': 0.71875, 'QA-F1': 0.71875}
11/14/2021 19:17:41 - INFO - __main__ - Found 36 errors.
11/14/2021 19:17:41 - INFO - __main__ - Start error-fixing .... Timecode: 42
11/14/2021 19:18:09 - INFO - __main__ - Start error-fixing .... Done!
11/14/2021 19:18:09 - INFO - __main__ - EFR=1.0
11/14/2021 19:18:09 - INFO - __main__ - Overall: 0.7841024709302326 from scores=[0.6666061046511628, 1.0, 0.80859375, 0.841796875, 0.603515625]
11/14/2021 19:18:09 - INFO - __main__ - --------------------------------------------------
11/14/2021 19:18:09 - INFO - __main__ - Evaluating to get errors .... Timecode: 43
11/14/2021 19:18:12 - INFO - __main__ - Before Error Fixing: {'EM': 0.734375, 'QA-F1': 0.734375}
11/14/2021 19:18:12 - INFO - __main__ - Found 34 errors.
11/14/2021 19:18:12 - INFO - __main__ - Start error-fixing .... Timecode: 43
11/14/2021 19:18:40 - INFO - __main__ - Start error-fixing .... Done!
11/14/2021 19:18:41 - INFO - __main__ - EFR=1.0
11/14/2021 19:18:41 - INFO - __main__ - Overall: 0.7844105113636364 from scores=[0.6681463068181819, 1.0, 0.80859375, 0.841796875, 0.603515625]
11/14/2021 19:18:41 - INFO - __main__ - --------------------------------------------------
11/14/2021 19:18:41 - INFO - __main__ - Evaluating to get errors .... Timecode: 44
11/14/2021 19:18:43 - INFO - __main__ - Before Error Fixing: {'EM': 0.78125, 'QA-F1': 0.78125}
11/14/2021 19:18:43 - INFO - __main__ - Found 28 errors.
11/14/2021 19:18:43 - INFO - __main__ - Start error-fixing .... Timecode: 44
11/14/2021 19:19:06 - INFO - __main__ - Start error-fixing .... Done!
11/14/2021 19:19:06 - INFO - __main__ - EFR=1.0
11/14/2021 19:19:06 - INFO - __main__ - Overall: 0.7849131944444444 from scores=[0.6706597222222221, 1.0, 0.80859375, 0.841796875, 0.603515625]
11/14/2021 19:19:06 - INFO - __main__ - --------------------------------------------------
11/14/2021 19:19:06 - INFO - __main__ - Evaluating to get errors .... Timecode: 45
11/14/2021 19:19:09 - INFO - __main__ - Before Error Fixing: {'EM': 0.765625, 'QA-F1': 0.765625}
11/14/2021 19:19:09 - INFO - __main__ - Found 30 errors.
11/14/2021 19:19:09 - INFO - __main__ - Start error-fixing .... Timecode: 45
11/14/2021 19:19:31 - INFO - __main__ - Start error-fixing .... Done!
11/14/2021 19:19:32 - INFO - __main__ - EFR=1.0
11/14/2021 19:19:32 - INFO - __main__ - Overall: 0.7853260869565217 from scores=[0.6727241847826086, 1.0, 0.80859375, 0.841796875, 0.603515625]
11/14/2021 19:19:32 - INFO - __main__ - --------------------------------------------------
11/14/2021 19:19:32 - INFO - __main__ - Evaluating to get errors .... Timecode: 46
11/14/2021 19:19:35 - INFO - __main__ - Before Error Fixing: {'EM': 0.84375, 'QA-F1': 0.84375}
11/14/2021 19:19:35 - INFO - __main__ - Found 20 errors.
11/14/2021 19:19:35 - INFO - __main__ - Start error-fixing .... Timecode: 46
11/14/2021 19:19:52 - INFO - __main__ - Start error-fixing .... Done!
11/14/2021 19:19:52 - INFO - __main__ - EFR=1.0
11/14/2021 19:19:52 - INFO - __main__ - Overall: 0.7860538563829788 from scores=[0.6763630319148937, 1.0, 0.80859375, 0.841796875, 0.603515625]
11/14/2021 19:19:52 - INFO - __main__ - --------------------------------------------------
11/14/2021 19:19:52 - INFO - __main__ - Evaluating to get errors .... Timecode: 47
11/14/2021 19:19:55 - INFO - __main__ - Before Error Fixing: {'EM': 0.84375, 'QA-F1': 0.84375}
11/14/2021 19:19:55 - INFO - __main__ - Found 20 errors.
11/14/2021 19:19:55 - INFO - __main__ - Start error-fixing .... Timecode: 47
11/14/2021 19:20:12 - INFO - __main__ - Start error-fixing .... Done!
11/14/2021 19:20:12 - INFO - __main__ - EFR=1.0
11/14/2021 19:20:12 - INFO - __main__ - Overall: 0.7867513020833334 from scores=[0.6798502604166667, 1.0, 0.80859375, 0.841796875, 0.603515625]
11/14/2021 19:20:12 - INFO - __main__ - --------------------------------------------------
11/14/2021 19:20:12 - INFO - __main__ - Evaluating to get errors .... Timecode: 48
11/14/2021 19:20:15 - INFO - __main__ - Before Error Fixing: {'EM': 0.5625, 'QA-F1': 0.5625}
11/14/2021 19:20:15 - INFO - __main__ - Found 56 errors.
11/14/2021 19:20:15 - INFO - __main__ - Start error-fixing .... Timecode: 48
11/14/2021 19:20:55 - INFO - __main__ - Start error-fixing .... Done!
11/14/2021 19:20:56 - INFO - __main__ - EFR=1.0
11/14/2021 19:20:56 - INFO - __main__ - Overall: 0.7862723214285714 from scores=[0.6774553571428572, 1.0, 0.80859375, 0.841796875, 0.603515625]
11/14/2021 19:20:56 - INFO - __main__ - --------------------------------------------------
11/14/2021 19:20:56 - INFO - __main__ - Evaluating to get errors .... Timecode: 49
11/14/2021 19:20:59 - INFO - __main__ - Before Error Fixing: {'EM': 0.6328125, 'QA-F1': 0.6328125}
11/14/2021 19:20:59 - INFO - __main__ - Found 47 errors.
11/14/2021 19:20:59 - INFO - __main__ - Start error-fixing .... Timecode: 49
11/14/2021 19:21:32 - INFO - __main__ - Start error-fixing .... Done!
11/14/2021 19:21:33 - INFO - __main__ - EFR=1.0
11/14/2021 19:21:33 - INFO - __main__ - Overall: 0.78609375 from scores=[0.6765625, 1.0, 0.80859375, 0.841796875, 0.603515625]
11/14/2021 19:21:33 - INFO - __main__ - --------------------------------------------------
11/14/2021 19:21:33 - INFO - __main__ - Start eval_knowledge_retention for UKR @ Timecode=50
11/14/2021 19:21:44 - INFO - __main__ - Upstream Knowledge Retation (UKR@50): 0.8438
11/14/2021 19:21:44 - INFO - __main__ - Start eval_knowledge_retention for OKR @ Timecode=50
11/14/2021 19:21:55 - INFO - __main__ - Online Knowledge Retation (OKR@50): 0.8750
11/14/2021 19:21:55 - INFO - __main__ - Start eval_knowledge_generalization for KG @ Timecode=50
11/14/2021 19:22:16 - INFO - __main__ - Future Knowledge Generalization (KG@50): 0.6699
11/14/2021 19:22:16 - INFO - __main__ - Evaluating to get errors .... Timecode: 50
11/14/2021 19:22:18 - INFO - __main__ - Before Error Fixing: {'EM': 0.6484375, 'QA-F1': 0.6484375}
11/14/2021 19:22:18 - INFO - __main__ - Found 45 errors.
11/14/2021 19:22:18 - INFO - __main__ - Start error-fixing .... Timecode: 50
11/14/2021 19:22:51 - INFO - __main__ - Start error-fixing .... Done!
11/14/2021 19:22:52 - INFO - __main__ - EFR=1.0
11/14/2021 19:22:52 - INFO - __main__ - Overall: 0.8129365808823529 from scores=[0.6760110294117647, 1.0, 0.875, 0.84375, 0.669921875]
11/14/2021 19:22:55 - INFO - __main__ - Model saved to experiments/ckpt_dirs/nli/owc/nli_oewc_lr=3e-5_ep=20_lbd=250_gm=9e-1_T=100,b=128,alpha=0.9,beta=0.5,gamma=0.8/model_ckpt_050.pt.
11/14/2021 19:22:55 - INFO - __main__ - Updated result feule: experiments/results/nli/nli_oewc_lr=3e-5_ep=20_lbd=250_gm=9e-1_T=100,b=128,alpha=0.9,beta=0.5,gamma=0.8_result.json at Timecode: 50.
11/14/2021 19:22:55 - INFO - __main__ - --------------------------------------------------
11/14/2021 19:22:55 - INFO - __main__ - Evaluating to get errors .... Timecode: 51
11/14/2021 19:22:58 - INFO - __main__ - Before Error Fixing: {'EM': 0.875, 'QA-F1': 0.875}
11/14/2021 19:22:58 - INFO - __main__ - Found 16 errors.
11/14/2021 19:22:58 - INFO - __main__ - Start error-fixing .... Timecode: 51
11/14/2021 19:23:09 - INFO - __main__ - Start error-fixing .... Done!
11/14/2021 19:23:10 - INFO - __main__ - EFR=1.0
11/14/2021 19:23:10 - INFO - __main__ - Overall: 0.813701923076923 from scores=[0.6798377403846154, 1.0, 0.875, 0.84375, 0.669921875]
11/14/2021 19:23:10 - INFO - __main__ - --------------------------------------------------
11/14/2021 19:23:10 - INFO - __main__ - Evaluating to get errors .... Timecode: 52
11/14/2021 19:23:13 - INFO - __main__ - Before Error Fixing: {'EM': 0.71875, 'QA-F1': 0.71875}
11/14/2021 19:23:13 - INFO - __main__ - Found 36 errors.
11/14/2021 19:23:13 - INFO - __main__ - Start error-fixing .... Timecode: 52
11/14/2021 19:23:40 - INFO - __main__ - Start error-fixing .... Done!
11/14/2021 19:23:40 - INFO - __main__ - EFR=1.0
11/14/2021 19:23:40 - INFO - __main__ - Overall: 0.8138487617924529 from scores=[0.6805719339622642, 1.0, 0.875, 0.84375, 0.669921875]
11/14/2021 19:23:40 - INFO - __main__ - --------------------------------------------------
11/14/2021 19:23:40 - INFO - __main__ - Evaluating to get errors .... Timecode: 53
11/14/2021 19:23:43 - INFO - __main__ - Before Error Fixing: {'EM': 0.5390625, 'QA-F1': 0.5390625}
11/14/2021 19:23:43 - INFO - __main__ - Found 59 errors.
11/14/2021 19:23:43 - INFO - __main__ - Start error-fixing .... Timecode: 53
11/14/2021 19:24:27 - INFO - __main__ - Start error-fixing .... Done!
11/14/2021 19:24:29 - INFO - __main__ - EFR=1.0
11/14/2021 19:24:29 - INFO - __main__ - Overall: 0.8133246527777779 from scores=[0.6779513888888888, 1.0, 0.875, 0.84375, 0.669921875]
11/14/2021 19:24:29 - INFO - __main__ - --------------------------------------------------
11/14/2021 19:24:29 - INFO - __main__ - Evaluating to get errors .... Timecode: 54
11/14/2021 19:24:32 - INFO - __main__ - Before Error Fixing: {'EM': 0.8125, 'QA-F1': 0.8125}
11/14/2021 19:24:32 - INFO - __main__ - Found 24 errors.
11/14/2021 19:24:32 - INFO - __main__ - Start error-fixing .... Timecode: 54
11/14/2021 19:24:49 - INFO - __main__ - Start error-fixing .... Done!
11/14/2021 19:24:50 - INFO - __main__ - EFR=1.0
11/14/2021 19:24:50 - INFO - __main__ - Overall: 0.8138139204545455 from scores=[0.6803977272727273, 1.0, 0.875, 0.84375, 0.669921875]
11/14/2021 19:24:50 - INFO - __main__ - --------------------------------------------------
11/14/2021 19:24:50 - INFO - __main__ - Evaluating to get errors .... Timecode: 55
11/14/2021 19:24:52 - INFO - __main__ - Before Error Fixing: {'EM': 0.734375, 'QA-F1': 0.734375}
11/14/2021 19:24:52 - INFO - __main__ - Found 34 errors.
11/14/2021 19:24:52 - INFO - __main__ - Start error-fixing .... Timecode: 55
11/14/2021 19:25:20 - INFO - __main__ - Start error-fixing .... Done!
11/14/2021 19:25:21 - INFO - __main__ - EFR=1.0
11/14/2021 19:25:21 - INFO - __main__ - Overall: 0.8140066964285715 from scores=[0.6813616071428572, 1.0, 0.875, 0.84375, 0.669921875]
11/14/2021 19:25:21 - INFO - __main__ - --------------------------------------------------
11/14/2021 19:25:21 - INFO - __main__ - Evaluating to get errors .... Timecode: 56
11/14/2021 19:25:24 - INFO - __main__ - Before Error Fixing: {'EM': 0.6953125, 'QA-F1': 0.6953125}
11/14/2021 19:25:24 - INFO - __main__ - Found 39 errors.
11/14/2021 19:25:24 - INFO - __main__ - Start error-fixing .... Timecode: 56
11/14/2021 19:25:51 - INFO - __main__ - Start error-fixing .... Done!
11/14/2021 19:25:52 - INFO - __main__ - EFR=1.0
11/14/2021 19:25:52 - INFO - __main__ - Overall: 0.8140556469298247 from scores=[0.6816063596491229, 1.0, 0.875, 0.84375, 0.669921875]
11/14/2021 19:25:52 - INFO - __main__ - --------------------------------------------------
11/14/2021 19:25:52 - INFO - __main__ - Evaluating to get errors .... Timecode: 57
11/14/2021 19:25:55 - INFO - __main__ - Before Error Fixing: {'EM': 0.6640625, 'QA-F1': 0.6640625}
11/14/2021 19:25:55 - INFO - __main__ - Found 43 errors.
11/14/2021 19:25:55 - INFO - __main__ - Start error-fixing .... Timecode: 57
11/14/2021 19:26:27 - INFO - __main__ - Start error-fixing .... Done!
11/14/2021 19:26:28 - INFO - __main__ - EFR=1.0
11/14/2021 19:26:28 - INFO - __main__ - Overall: 0.8139951508620691 from scores=[0.6813038793103448, 1.0, 0.875, 0.84375, 0.669921875]
11/14/2021 19:26:28 - INFO - __main__ - --------------------------------------------------
11/14/2021 19:26:28 - INFO - __main__ - Evaluating to get errors .... Timecode: 58
11/14/2021 19:26:31 - INFO - __main__ - Before Error Fixing: {'EM': 0.6953125, 'QA-F1': 0.6953125}
11/14/2021 19:26:31 - INFO - __main__ - Found 39 errors.
11/14/2021 19:26:31 - INFO - __main__ - Start error-fixing .... Timecode: 58
11/14/2021 19:26:59 - INFO - __main__ - Start error-fixing .... Done!
11/14/2021 19:27:00 - INFO - __main__ - EFR=1.0
11/14/2021 19:27:00 - INFO - __main__ - Overall: 0.8140426377118644 from scores=[0.681541313559322, 1.0, 0.875, 0.84375, 0.669921875]
11/14/2021 19:27:00 - INFO - __main__ - --------------------------------------------------
11/14/2021 19:27:00 - INFO - __main__ - Evaluating to get errors .... Timecode: 59
11/14/2021 19:27:02 - INFO - __main__ - Before Error Fixing: {'EM': 0.6640625, 'QA-F1': 0.6640625}
11/14/2021 19:27:02 - INFO - __main__ - Found 43 errors.
11/14/2021 19:27:02 - INFO - __main__ - Start error-fixing .... Timecode: 59
11/14/2021 19:27:35 - INFO - __main__ - Start error-fixing .... Done!
11/14/2021 19:27:36 - INFO - __main__ - EFR=1.0
11/14/2021 19:27:36 - INFO - __main__ - Overall: 0.8139843750000001 from scores=[0.68125, 1.0, 0.875, 0.84375, 0.669921875]
11/14/2021 19:27:36 - INFO - __main__ - --------------------------------------------------
11/14/2021 19:27:36 - INFO - __main__ - Start eval_knowledge_retention for UKR @ Timecode=60
11/14/2021 19:27:46 - INFO - __main__ - Upstream Knowledge Retation (UKR@60): 0.8320
11/14/2021 19:27:46 - INFO - __main__ - Start eval_knowledge_retention for OKR @ Timecode=60
11/14/2021 19:27:57 - INFO - __main__ - Online Knowledge Retation (OKR@60): 0.8262
11/14/2021 19:27:57 - INFO - __main__ - Start eval_knowledge_generalization for KG @ Timecode=60
11/14/2021 19:28:18 - INFO - __main__ - Future Knowledge Generalization (KG@60): 0.6475
11/14/2021 19:28:18 - INFO - __main__ - Evaluating to get errors .... Timecode: 60
11/14/2021 19:28:21 - INFO - __main__ - Before Error Fixing: {'EM': 0.4609375, 'QA-F1': 0.4609375}
11/14/2021 19:28:21 - INFO - __main__ - Found 69 errors.
11/14/2021 19:28:21 - INFO - __main__ - Start error-fixing .... Timecode: 60
11/14/2021 19:29:11 - INFO - __main__ - Start error-fixing .... Done!
11/14/2021 19:29:12 - INFO - __main__ - EFR=1.0
11/14/2021 19:29:12 - INFO - __main__ - Overall: 0.7966604764344263 from scores=[0.6776383196721312, 1.0, 0.826171875, 0.83203125, 0.6474609375]
11/14/2021 19:29:15 - INFO - __main__ - Model saved to experiments/ckpt_dirs/nli/owc/nli_oewc_lr=3e-5_ep=20_lbd=250_gm=9e-1_T=100,b=128,alpha=0.9,beta=0.5,gamma=0.8/model_ckpt_060.pt.
11/14/2021 19:29:15 - INFO - __main__ - Updated result feule: experiments/results/nli/nli_oewc_lr=3e-5_ep=20_lbd=250_gm=9e-1_T=100,b=128,alpha=0.9,beta=0.5,gamma=0.8_result.json at Timecode: 60.
11/14/2021 19:29:15 - INFO - __main__ - --------------------------------------------------
11/14/2021 19:29:15 - INFO - __main__ - Evaluating to get errors .... Timecode: 61
11/14/2021 19:29:18 - INFO - __main__ - Before Error Fixing: {'EM': 0.5234375, 'QA-F1': 0.5234375}
11/14/2021 19:29:18 - INFO - __main__ - Found 61 errors.
11/14/2021 19:29:18 - INFO - __main__ - Start error-fixing .... Timecode: 61
11/14/2021 19:30:02 - INFO - __main__ - Start error-fixing .... Done!
11/14/2021 19:30:04 - INFO - __main__ - EFR=1.0
11/14/2021 19:30:04 - INFO - __main__ - Overall: 0.7961630544354839 from scores=[0.6751512096774194, 1.0, 0.826171875, 0.83203125, 0.6474609375]
11/14/2021 19:30:04 - INFO - __main__ - --------------------------------------------------
11/14/2021 19:30:04 - INFO - __main__ - Evaluating to get errors .... Timecode: 62
11/14/2021 19:30:07 - INFO - __main__ - Before Error Fixing: {'EM': 0.71875, 'QA-F1': 0.71875}
11/14/2021 19:30:07 - INFO - __main__ - Found 36 errors.
11/14/2021 19:30:07 - INFO - __main__ - Start error-fixing .... Timecode: 62
11/14/2021 19:30:34 - INFO - __main__ - Start error-fixing .... Done!
11/14/2021 19:30:35 - INFO - __main__ - EFR=1.0
11/14/2021 19:30:35 - INFO - __main__ - Overall: 0.7963014632936508 from scores=[0.675843253968254, 1.0, 0.826171875, 0.83203125, 0.6474609375]
11/14/2021 19:30:35 - INFO - __main__ - --------------------------------------------------
11/14/2021 19:30:35 - INFO - __main__ - Evaluating to get errors .... Timecode: 63
11/14/2021 19:30:38 - INFO - __main__ - Before Error Fixing: {'EM': 0.8203125, 'QA-F1': 0.8203125}
11/14/2021 19:30:38 - INFO - __main__ - Found 23 errors.
11/14/2021 19:30:38 - INFO - __main__ - Start error-fixing .... Timecode: 63
11/14/2021 19:30:55 - INFO - __main__ - Start error-fixing .... Done!
11/14/2021 19:30:55 - INFO - __main__ - EFR=1.0
11/14/2021 19:30:55 - INFO - __main__ - Overall: 0.7967529296875 from scores=[0.6781005859375, 1.0, 0.826171875, 0.83203125, 0.6474609375]
11/14/2021 19:30:55 - INFO - __main__ - --------------------------------------------------
11/14/2021 19:30:55 - INFO - __main__ - Evaluating to get errors .... Timecode: 64
11/14/2021 19:30:58 - INFO - __main__ - Before Error Fixing: {'EM': 0.8515625, 'QA-F1': 0.8515625}
11/14/2021 19:30:58 - INFO - __main__ - Found 19 errors.
11/14/2021 19:30:58 - INFO - __main__ - Start error-fixing .... Timecode: 64
11/14/2021 19:31:15 - INFO - __main__ - Start error-fixing .... Done!
11/14/2021 19:31:15 - INFO - __main__ - EFR=1.0
11/14/2021 19:31:15 - INFO - __main__ - Overall: 0.7972866586538462 from scores=[0.6807692307692308, 1.0, 0.826171875, 0.83203125, 0.6474609375]
11/14/2021 19:31:15 - INFO - __main__ - --------------------------------------------------
11/14/2021 19:31:15 - INFO - __main__ - Evaluating to get errors .... Timecode: 65
11/14/2021 19:31:18 - INFO - __main__ - Before Error Fixing: {'EM': 0.7265625, 'QA-F1': 0.7265625}
11/14/2021 19:31:18 - INFO - __main__ - Found 35 errors.
11/14/2021 19:31:18 - INFO - __main__ - Start error-fixing .... Timecode: 65
11/14/2021 19:31:45 - INFO - __main__ - Start error-fixing .... Done!
11/14/2021 19:31:46 - INFO - __main__ - EFR=1.0
11/14/2021 19:31:46 - INFO - __main__ - Overall: 0.7974254261363637 from scores=[0.6814630681818181, 1.0, 0.826171875, 0.83203125, 0.6474609375]
11/14/2021 19:31:46 - INFO - __main__ - --------------------------------------------------
11/14/2021 19:31:46 - INFO - __main__ - Evaluating to get errors .... Timecode: 66
11/14/2021 19:31:49 - INFO - __main__ - Before Error Fixing: {'EM': 0.859375, 'QA-F1': 0.859375}
11/14/2021 19:31:49 - INFO - __main__ - Found 18 errors.
11/14/2021 19:31:49 - INFO - __main__ - Start error-fixing .... Timecode: 66
11/14/2021 19:32:06 - INFO - __main__ - Start error-fixing .... Done!
11/14/2021 19:32:06 - INFO - __main__ - EFR=1.0
11/14/2021 19:32:06 - INFO - __main__ - Overall: 0.7979565065298507 from scores=[0.6841184701492538, 1.0, 0.826171875, 0.83203125, 0.6474609375]
11/14/2021 19:32:06 - INFO - __main__ - --------------------------------------------------
11/14/2021 19:32:06 - INFO - __main__ - Evaluating to get errors .... Timecode: 67
11/14/2021 19:32:09 - INFO - __main__ - Before Error Fixing: {'EM': 0.859375, 'QA-F1': 0.859375}
11/14/2021 19:32:09 - INFO - __main__ - Found 18 errors.
11/14/2021 19:32:09 - INFO - __main__ - Start error-fixing .... Timecode: 67
11/14/2021 19:32:25 - INFO - __main__ - Start error-fixing .... Done!
11/14/2021 19:32:26 - INFO - __main__ - EFR=1.0
11/14/2021 19:32:26 - INFO - __main__ - Overall: 0.7984719669117647 from scores=[0.6866957720588236, 1.0, 0.826171875, 0.83203125, 0.6474609375]
11/14/2021 19:32:26 - INFO - __main__ - --------------------------------------------------
11/14/2021 19:32:26 - INFO - __main__ - Evaluating to get errors .... Timecode: 68
11/14/2021 19:32:28 - INFO - __main__ - Before Error Fixing: {'EM': 0.78125, 'QA-F1': 0.78125}
11/14/2021 19:32:28 - INFO - __main__ - Found 28 errors.
11/14/2021 19:32:28 - INFO - __main__ - Start error-fixing .... Timecode: 68
11/14/2021 19:32:50 - INFO - __main__ - Start error-fixing .... Done!
11/14/2021 19:32:51 - INFO - __main__ - EFR=1.0
11/14/2021 19:32:51 - INFO - __main__ - Overall: 0.7987460371376811 from scores=[0.6880661231884058, 1.0, 0.826171875, 0.83203125, 0.6474609375]
11/14/2021 19:32:51 - INFO - __main__ - --------------------------------------------------
11/14/2021 19:32:51 - INFO - __main__ - Evaluating to get errors .... Timecode: 69
11/14/2021 19:32:54 - INFO - __main__ - Before Error Fixing: {'EM': 0.671875, 'QA-F1': 0.671875}
11/14/2021 19:32:54 - INFO - __main__ - Found 42 errors.
11/14/2021 19:32:54 - INFO - __main__ - Start error-fixing .... Timecode: 69
11/14/2021 19:33:27 - INFO - __main__ - Start error-fixing .... Done!
11/14/2021 19:33:27 - INFO - __main__ - EFR=1.0
11/14/2021 19:33:27 - INFO - __main__ - Overall: 0.7986997767857142 from scores=[0.6878348214285714, 1.0, 0.826171875, 0.83203125, 0.6474609375]
11/14/2021 19:33:27 - INFO - __main__ - --------------------------------------------------
11/14/2021 19:33:27 - INFO - __main__ - Start eval_knowledge_retention for UKR @ Timecode=70
11/14/2021 19:33:38 - INFO - __main__ - Upstream Knowledge Retation (UKR@70): 0.7793
11/14/2021 19:33:38 - INFO - __main__ - Start eval_knowledge_retention for OKR @ Timecode=70
11/14/2021 19:33:49 - INFO - __main__ - Online Knowledge Retation (OKR@70): 0.7695
11/14/2021 19:33:49 - INFO - __main__ - Start eval_knowledge_generalization for KG @ Timecode=70
11/14/2021 19:34:09 - INFO - __main__ - Future Knowledge Generalization (KG@70): 0.5830
11/14/2021 19:34:09 - INFO - __main__ - Evaluating to get errors .... Timecode: 70
11/14/2021 19:34:11 - INFO - __main__ - Before Error Fixing: {'EM': 0.671875, 'QA-F1': 0.671875}
11/14/2021 19:34:11 - INFO - __main__ - Found 42 errors.
11/14/2021 19:34:11 - INFO - __main__ - Start error-fixing .... Timecode: 70
11/14/2021 19:34:45 - INFO - __main__ - Start error-fixing .... Done!
11/14/2021 19:34:46 - INFO - __main__ - EFR=1.0
11/14/2021 19:34:46 - INFO - __main__ - Overall: 0.7638891945422535 from scores=[0.6876100352112676, 1.0, 0.76953125, 0.779296875, 0.5830078125]
11/14/2021 19:34:48 - INFO - __main__ - Model saved to experiments/ckpt_dirs/nli/owc/nli_oewc_lr=3e-5_ep=20_lbd=250_gm=9e-1_T=100,b=128,alpha=0.9,beta=0.5,gamma=0.8/model_ckpt_070.pt.
11/14/2021 19:34:48 - INFO - __main__ - Updated result feule: experiments/results/nli/nli_oewc_lr=3e-5_ep=20_lbd=250_gm=9e-1_T=100,b=128,alpha=0.9,beta=0.5,gamma=0.8_result.json at Timecode: 70.
11/14/2021 19:34:48 - INFO - __main__ - --------------------------------------------------
11/14/2021 19:34:48 - INFO - __main__ - Evaluating to get errors .... Timecode: 71
11/14/2021 19:34:51 - INFO - __main__ - Before Error Fixing: {'EM': 0.65625, 'QA-F1': 0.65625}
11/14/2021 19:34:51 - INFO - __main__ - Found 44 errors.
11/14/2021 19:34:51 - INFO - __main__ - Start error-fixing .... Timecode: 71
11/14/2021 19:35:24 - INFO - __main__ - Start error-fixing .... Done!
11/14/2021 19:35:25 - INFO - __main__ - EFR=1.0
11/14/2021 19:35:25 - INFO - __main__ - Overall: 0.7638020833333334 from scores=[0.6871744791666667, 1.0, 0.76953125, 0.779296875, 0.5830078125]
11/14/2021 19:35:25 - INFO - __main__ - --------------------------------------------------
11/14/2021 19:35:25 - INFO - __main__ - Evaluating to get errors .... Timecode: 72
11/14/2021 19:35:28 - INFO - __main__ - Before Error Fixing: {'EM': 0.453125, 'QA-F1': 0.453125}
11/14/2021 19:35:28 - INFO - __main__ - Found 70 errors.
11/14/2021 19:35:28 - INFO - __main__ - Start error-fixing .... Timecode: 72
11/14/2021 19:36:18 - INFO - __main__ - Start error-fixing .... Done!
11/14/2021 19:36:20 - INFO - __main__ - EFR=1.0
11/14/2021 19:36:20 - INFO - __main__ - Overall: 0.7631608518835616 from scores=[0.6839683219178082, 1.0, 0.76953125, 0.779296875, 0.5830078125]
11/14/2021 19:36:20 - INFO - __main__ - --------------------------------------------------
11/14/2021 19:36:20 - INFO - __main__ - Evaluating to get errors .... Timecode: 73
11/14/2021 19:36:23 - INFO - __main__ - Before Error Fixing: {'EM': 0.6484375, 'QA-F1': 0.6484375}
11/14/2021 19:36:23 - INFO - __main__ - Found 45 errors.
11/14/2021 19:36:23 - INFO - __main__ - Start error-fixing .... Timecode: 73
11/14/2021 19:36:56 - INFO - __main__ - Start error-fixing .... Done!
11/14/2021 19:36:57 - INFO - __main__ - EFR=1.0
11/14/2021 19:36:57 - INFO - __main__ - Overall: 0.7630648226351351 from scores=[0.6834881756756757, 1.0, 0.76953125, 0.779296875, 0.5830078125]
11/14/2021 19:36:57 - INFO - __main__ - --------------------------------------------------
11/14/2021 19:36:57 - INFO - __main__ - Evaluating to get errors .... Timecode: 74
11/14/2021 19:37:00 - INFO - __main__ - Before Error Fixing: {'EM': 0.6953125, 'QA-F1': 0.6953125}
11/14/2021 19:37:00 - INFO - __main__ - Found 39 errors.
11/14/2021 19:37:00 - INFO - __main__ - Start error-fixing .... Timecode: 74
11/14/2021 19:37:28 - INFO - __main__ - Start error-fixing .... Done!
11/14/2021 19:37:29 - INFO - __main__ - EFR=0.9743589743589743
11/14/2021 19:37:29 - INFO - __main__ - Overall: 0.7579681490384615 from scores=[0.6836458333333333, 0.9743589743589743, 0.76953125, 0.779296875, 0.5830078125]
11/14/2021 19:37:29 - INFO - __main__ - --------------------------------------------------
11/14/2021 19:37:29 - INFO - __main__ - Evaluating to get errors .... Timecode: 75
11/14/2021 19:37:31 - INFO - __main__ - Before Error Fixing: {'EM': 0.7421875, 'QA-F1': 0.7421875}
11/14/2021 19:37:31 - INFO - __main__ - Found 33 errors.
11/14/2021 19:37:31 - INFO - __main__ - Start error-fixing .... Timecode: 75
11/14/2021 19:37:59 - INFO - __main__ - Start error-fixing .... Done!
11/14/2021 19:37:59 - INFO - __main__ - EFR=1.0
11/14/2021 19:37:59 - INFO - __main__ - Overall: 0.7632504111842106 from scores=[0.6844161184210527, 1.0, 0.76953125, 0.779296875, 0.5830078125]
11/14/2021 19:37:59 - INFO - __main__ - --------------------------------------------------
11/14/2021 19:37:59 - INFO - __main__ - Evaluating to get errors .... Timecode: 76
11/14/2021 19:38:02 - INFO - __main__ - Before Error Fixing: {'EM': 0.7578125, 'QA-F1': 0.7578125}
11/14/2021 19:38:02 - INFO - __main__ - Found 31 errors.
11/14/2021 19:38:02 - INFO - __main__ - Start error-fixing .... Timecode: 76
11/14/2021 19:38:25 - INFO - __main__ - Start error-fixing .... Done!
11/14/2021 19:38:26 - INFO - __main__ - EFR=1.0
11/14/2021 19:38:26 - INFO - __main__ - Overall: 0.7634410511363636 from scores=[0.6853693181818181, 1.0, 0.76953125, 0.779296875, 0.5830078125]
11/14/2021 19:38:26 - INFO - __main__ - --------------------------------------------------
11/14/2021 19:38:26 - INFO - __main__ - Evaluating to get errors .... Timecode: 77
11/14/2021 19:38:28 - INFO - __main__ - Before Error Fixing: {'EM': 0.4609375, 'QA-F1': 0.4609375}
11/14/2021 19:38:28 - INFO - __main__ - Found 69 errors.
11/14/2021 19:38:28 - INFO - __main__ - Start error-fixing .... Timecode: 77
11/14/2021 19:39:18 - INFO - __main__ - Start error-fixing .... Done!
11/14/2021 19:39:20 - INFO - __main__ - EFR=1.0
11/14/2021 19:39:20 - INFO - __main__ - Overall: 0.7628655849358974 from scores=[0.6824919871794872, 1.0, 0.76953125, 0.779296875, 0.5830078125]
11/14/2021 19:39:20 - INFO - __main__ - --------------------------------------------------
11/14/2021 19:39:20 - INFO - __main__ - Evaluating to get errors .... Timecode: 78
11/14/2021 19:39:22 - INFO - __main__ - Before Error Fixing: {'EM': 0.4453125, 'QA-F1': 0.4453125}
11/14/2021 19:39:22 - INFO - __main__ - Found 71 errors.
11/14/2021 19:39:22 - INFO - __main__ - Start error-fixing .... Timecode: 78
11/14/2021 19:40:13 - INFO - __main__ - Start error-fixing .... Done!
11/14/2021 19:40:15 - INFO - __main__ - EFR=1.0
11/14/2021 19:40:15 - INFO - __main__ - Overall: 0.7622651305379746 from scores=[0.6794897151898734, 1.0, 0.76953125, 0.779296875, 0.5830078125]
11/14/2021 19:40:15 - INFO - __main__ - --------------------------------------------------
11/14/2021 19:40:15 - INFO - __main__ - Evaluating to get errors .... Timecode: 79
11/14/2021 19:40:17 - INFO - __main__ - Before Error Fixing: {'EM': 0.5234375, 'QA-F1': 0.5234375}
11/14/2021 19:40:17 - INFO - __main__ - Found 61 errors.
11/14/2021 19:40:17 - INFO - __main__ - Start error-fixing .... Timecode: 79
11/14/2021 19:41:02 - INFO - __main__ - Start error-fixing .... Done!
11/14/2021 19:41:03 - INFO - __main__ - EFR=1.0
11/14/2021 19:41:03 - INFO - __main__ - Overall: 0.7618750000000001 from scores=[0.6775390625, 1.0, 0.76953125, 0.779296875, 0.5830078125]
11/14/2021 19:41:03 - INFO - __main__ - --------------------------------------------------
11/14/2021 19:41:03 - INFO - __main__ - Start eval_knowledge_retention for UKR @ Timecode=80
11/14/2021 19:41:13 - INFO - __main__ - Upstream Knowledge Retation (UKR@80): 0.7754
11/14/2021 19:41:14 - INFO - __main__ - Start eval_knowledge_retention for OKR @ Timecode=80
11/14/2021 19:41:24 - INFO - __main__ - Online Knowledge Retation (OKR@80): 0.7871
11/14/2021 19:41:24 - INFO - __main__ - Start eval_knowledge_generalization for KG @ Timecode=80
11/14/2021 19:41:44 - INFO - __main__ - Future Knowledge Generalization (KG@80): 0.5771
11/14/2021 19:41:44 - INFO - __main__ - Evaluating to get errors .... Timecode: 80
11/14/2021 19:41:47 - INFO - __main__ - Before Error Fixing: {'EM': 0.46875, 'QA-F1': 0.46875}
11/14/2021 19:41:47 - INFO - __main__ - Found 68 errors.
11/14/2021 19:41:47 - INFO - __main__ - Start error-fixing .... Timecode: 80
11/14/2021 19:42:37 - INFO - __main__ - Start error-fixing .... Done!
11/14/2021 19:42:39 - INFO - __main__ - EFR=0.9705882352941176
11/14/2021 19:42:39 - INFO - __main__ - Overall: 0.7570396185094408 from scores=[0.6749614197530864, 0.9705882352941176, 0.787109375, 0.775390625, 0.5771484375]
11/14/2021 19:42:41 - INFO - __main__ - Model saved to experiments/ckpt_dirs/nli/owc/nli_oewc_lr=3e-5_ep=20_lbd=250_gm=9e-1_T=100,b=128,alpha=0.9,beta=0.5,gamma=0.8/model_ckpt_080.pt.
11/14/2021 19:42:41 - INFO - __main__ - Updated result feule: experiments/results/nli/nli_oewc_lr=3e-5_ep=20_lbd=250_gm=9e-1_T=100,b=128,alpha=0.9,beta=0.5,gamma=0.8_result.json at Timecode: 80.
11/14/2021 19:42:41 - INFO - __main__ - --------------------------------------------------
11/14/2021 19:42:41 - INFO - __main__ - Evaluating to get errors .... Timecode: 81
11/14/2021 19:42:44 - INFO - __main__ - Before Error Fixing: {'EM': 0.5546875, 'QA-F1': 0.5546875}
11/14/2021 19:42:44 - INFO - __main__ - Found 57 errors.
11/14/2021 19:42:44 - INFO - __main__ - Start error-fixing .... Timecode: 81
11/14/2021 19:43:28 - INFO - __main__ - Start error-fixing .... Done!
11/14/2021 19:43:29 - INFO - __main__ - EFR=0.9298245614035088
11/14/2021 19:43:29 - INFO - __main__ - Overall: 0.748593532707531 from scores=[0.6734946646341464, 0.9298245614035088, 0.787109375, 0.775390625, 0.5771484375]
11/14/2021 19:43:29 - INFO - __main__ - --------------------------------------------------
11/14/2021 19:43:29 - INFO - __main__ - Evaluating to get errors .... Timecode: 82
11/14/2021 19:43:32 - INFO - __main__ - Before Error Fixing: {'EM': 0.578125, 'QA-F1': 0.578125}
11/14/2021 19:43:32 - INFO - __main__ - Found 54 errors.
11/14/2021 19:43:32 - INFO - __main__ - Start error-fixing .... Timecode: 82
11/14/2021 19:44:10 - INFO - __main__ - Start error-fixing .... Done!
11/14/2021 19:44:12 - INFO - __main__ - EFR=0.8518518518518519
11/14/2021 19:44:12 - INFO - __main__ - Overall: 0.7327691843763945 from scores=[0.6723456325301205, 0.8518518518518519, 0.787109375, 0.775390625, 0.5771484375]
11/14/2021 19:44:12 - INFO - __main__ - --------------------------------------------------
11/14/2021 19:44:12 - INFO - __main__ - Evaluating to get errors .... Timecode: 83
11/14/2021 19:44:14 - INFO - __main__ - Before Error Fixing: {'EM': 0.6875, 'QA-F1': 0.6875}
11/14/2021 19:44:14 - INFO - __main__ - Found 40 errors.
11/14/2021 19:44:14 - INFO - __main__ - Start error-fixing .... Timecode: 83
11/14/2021 19:44:42 - INFO - __main__ - Start error-fixing .... Done!
11/14/2021 19:44:43 - INFO - __main__ - EFR=0.875
11/14/2021 19:44:43 - INFO - __main__ - Overall: 0.7374348958333334 from scores=[0.6725260416666667, 0.875, 0.787109375, 0.775390625, 0.5771484375]
11/14/2021 19:44:43 - INFO - __main__ - --------------------------------------------------
11/14/2021 19:44:43 - INFO - __main__ - Evaluating to get errors .... Timecode: 84
11/14/2021 19:44:45 - INFO - __main__ - Before Error Fixing: {'EM': 0.5703125, 'QA-F1': 0.5703125}
11/14/2021 19:44:45 - INFO - __main__ - Found 55 errors.
11/14/2021 19:44:45 - INFO - __main__ - Start error-fixing .... Timecode: 84
11/14/2021 19:45:24 - INFO - __main__ - Start error-fixing .... Done!
11/14/2021 19:45:25 - INFO - __main__ - EFR=0.8
11/14/2021 19:45:25 - INFO - __main__ - Overall: 0.722194393382353 from scores=[0.6713235294117648, 0.8, 0.787109375, 0.775390625, 0.5771484375]
11/14/2021 19:45:25 - INFO - __main__ - --------------------------------------------------
11/14/2021 19:45:25 - INFO - __main__ - Evaluating to get errors .... Timecode: 85
11/14/2021 19:45:27 - INFO - __main__ - Before Error Fixing: {'EM': 0.6640625, 'QA-F1': 0.6640625}
11/14/2021 19:45:27 - INFO - __main__ - Found 43 errors.
11/14/2021 19:45:27 - INFO - __main__ - Start error-fixing .... Timecode: 85
11/14/2021 19:46:00 - INFO - __main__ - Start error-fixing .... Done!
11/14/2021 19:46:01 - INFO - __main__ - EFR=0.6511627906976745
11/14/2021 19:46:01 - INFO - __main__ - Overall: 0.6924100654069767 from scores=[0.6712390988372092, 0.6511627906976745, 0.787109375, 0.775390625, 0.5771484375]
11/14/2021 19:46:01 - INFO - __main__ - --------------------------------------------------
11/14/2021 19:46:01 - INFO - __main__ - Evaluating to get errors .... Timecode: 86
11/14/2021 19:46:03 - INFO - __main__ - Before Error Fixing: {'EM': 0.625, 'QA-F1': 0.625}
11/14/2021 19:46:03 - INFO - __main__ - Found 48 errors.
11/14/2021 19:46:03 - INFO - __main__ - Start error-fixing .... Timecode: 86
11/14/2021 19:46:37 - INFO - __main__ - Start error-fixing .... Done!
11/14/2021 19:46:37 - INFO - __main__ - EFR=0.4583333333333333
11/14/2021 19:46:37 - INFO - __main__ - Overall: 0.6537378771551724 from scores=[0.6707076149425287, 0.4583333333333333, 0.787109375, 0.775390625, 0.5771484375]
11/14/2021 19:46:37 - INFO - __main__ - --------------------------------------------------
11/14/2021 19:46:37 - INFO - __main__ - Evaluating to get errors .... Timecode: 87
11/14/2021 19:46:40 - INFO - __main__ - Before Error Fixing: {'EM': 0.46875, 'QA-F1': 0.46875}
11/14/2021 19:46:40 - INFO - __main__ - Found 68 errors.
11/14/2021 19:46:40 - INFO - __main__ - Start error-fixing .... Timecode: 87
11/14/2021 19:47:30 - INFO - __main__ - Start error-fixing .... Done!
11/14/2021 19:47:31 - INFO - __main__ - EFR=0.39705882352941174
11/14/2021 19:47:31 - INFO - __main__ - Overall: 0.6410239806149732 from scores=[0.6684126420454546, 0.39705882352941174, 0.787109375, 0.775390625, 0.5771484375]
11/14/2021 19:47:31 - INFO - __main__ - --------------------------------------------------
11/14/2021 19:47:31 - INFO - __main__ - Evaluating to get errors .... Timecode: 88
11/14/2021 19:47:33 - INFO - __main__ - Before Error Fixing: {'EM': 0.4453125, 'QA-F1': 0.4453125}
11/14/2021 19:47:33 - INFO - __main__ - Found 71 errors.
11/14/2021 19:47:34 - INFO - __main__ - Start error-fixing .... Timecode: 88
11/14/2021 19:48:24 - INFO - __main__ - Start error-fixing .... Done!
11/14/2021 19:48:25 - INFO - __main__ - EFR=0.0
11/14/2021 19:48:25 - INFO - __main__ - Overall: 0.5611108672752809 from scores=[0.6659058988764045, 0.0, 0.787109375, 0.775390625, 0.5771484375]
11/14/2021 19:48:25 - INFO - __main__ - --------------------------------------------------
11/14/2021 19:48:25 - INFO - __main__ - Evaluating to get errors .... Timecode: 89
11/14/2021 19:48:28 - INFO - __main__ - Before Error Fixing: {'EM': 0.4609375, 'QA-F1': 0.4609375}
11/14/2021 19:48:28 - INFO - __main__ - Found 69 errors.
11/14/2021 19:48:28 - INFO - __main__ - Start error-fixing .... Timecode: 89
11/14/2021 19:49:17 - INFO - __main__ - Start error-fixing .... Done!
11/14/2021 19:49:19 - INFO - __main__ - EFR=0.0
11/14/2021 19:49:19 - INFO - __main__ - Overall: 0.5606553819444444 from scores=[0.6636284722222222, 0.0, 0.787109375, 0.775390625, 0.5771484375]
11/14/2021 19:49:19 - INFO - __main__ - --------------------------------------------------
11/14/2021 19:49:19 - INFO - __main__ - Start eval_knowledge_retention for UKR @ Timecode=90
11/14/2021 19:49:28 - INFO - __main__ - Upstream Knowledge Retation (UKR@90): 0.7930
11/14/2021 19:49:28 - INFO - __main__ - Start eval_knowledge_retention for OKR @ Timecode=90
11/14/2021 19:49:37 - INFO - __main__ - Online Knowledge Retation (OKR@90): 0.7559
11/14/2021 19:49:37 - INFO - __main__ - Start eval_knowledge_generalization for KG @ Timecode=90
11/14/2021 19:49:55 - INFO - __main__ - Future Knowledge Generalization (KG@90): 0.6104
11/14/2021 19:49:55 - INFO - __main__ - Evaluating to get errors .... Timecode: 90
11/14/2021 19:49:58 - INFO - __main__ - Before Error Fixing: {'EM': 0.484375, 'QA-F1': 0.484375}
11/14/2021 19:49:58 - INFO - __main__ - Found 66 errors.
11/14/2021 19:49:58 - INFO - __main__ - Start error-fixing .... Timecode: 90
11/14/2021 19:50:48 - INFO - __main__ - Start error-fixing .... Done!
11/14/2021 19:50:49 - INFO - __main__ - EFR=0.0
11/14/2021 19:50:49 - INFO - __main__ - Overall: 0.5641676682692307 from scores=[0.6616586538461539, 0.0, 0.755859375, 0.79296875, 0.6103515625]
11/14/2021 19:50:52 - INFO - __main__ - Model saved to experiments/ckpt_dirs/nli/owc/nli_oewc_lr=3e-5_ep=20_lbd=250_gm=9e-1_T=100,b=128,alpha=0.9,beta=0.5,gamma=0.8/model_ckpt_090.pt.
11/14/2021 19:50:52 - INFO - __main__ - Updated result feule: experiments/results/nli/nli_oewc_lr=3e-5_ep=20_lbd=250_gm=9e-1_T=100,b=128,alpha=0.9,beta=0.5,gamma=0.8_result.json at Timecode: 90.
11/14/2021 19:50:52 - INFO - __main__ - --------------------------------------------------
11/14/2021 19:50:52 - INFO - __main__ - Evaluating to get errors .... Timecode: 91
11/14/2021 19:50:55 - INFO - __main__ - Before Error Fixing: {'EM': 0.46875, 'QA-F1': 0.46875}
11/14/2021 19:50:55 - INFO - __main__ - Found 68 errors.
11/14/2021 19:50:55 - INFO - __main__ - Start error-fixing .... Timecode: 91
11/14/2021 19:51:45 - INFO - __main__ - Start error-fixing .... Done!
11/14/2021 19:51:46 - INFO - __main__ - EFR=0.0
11/14/2021 19:51:46 - INFO - __main__ - Overall: 0.5637483016304348 from scores=[0.6595618206521738, 0.0, 0.755859375, 0.79296875, 0.6103515625]
11/14/2021 19:51:46 - INFO - __main__ - --------------------------------------------------
11/14/2021 19:51:46 - INFO - __main__ - Evaluating to get errors .... Timecode: 92
11/14/2021 19:51:48 - INFO - __main__ - Before Error Fixing: {'EM': 0.6796875, 'QA-F1': 0.6796875}
11/14/2021 19:51:48 - INFO - __main__ - Found 41 errors.
11/14/2021 19:51:48 - INFO - __main__ - Start error-fixing .... Timecode: 92
11/14/2021 19:52:21 - INFO - __main__ - Start error-fixing .... Done!
11/14/2021 19:52:22 - INFO - __main__ - EFR=0.0
11/14/2021 19:52:22 - INFO - __main__ - Overall: 0.5637915826612903 from scores=[0.6597782258064516, 0.0, 0.755859375, 0.79296875, 0.6103515625]
11/14/2021 19:52:22 - INFO - __main__ - --------------------------------------------------
11/14/2021 19:52:22 - INFO - __main__ - Evaluating to get errors .... Timecode: 93
11/14/2021 19:52:24 - INFO - __main__ - Before Error Fixing: {'EM': 0.6640625, 'QA-F1': 0.6640625}
11/14/2021 19:52:24 - INFO - __main__ - Found 43 errors.
11/14/2021 19:52:25 - INFO - __main__ - Start error-fixing .... Timecode: 93
11/14/2021 19:52:58 - INFO - __main__ - Start error-fixing .... Done!
11/14/2021 19:52:58 - INFO - __main__ - EFR=0.0
11/14/2021 19:52:58 - INFO - __main__ - Overall: 0.5638006981382979 from scores=[0.6598238031914894, 0.0, 0.755859375, 0.79296875, 0.6103515625]
11/14/2021 19:52:58 - INFO - __main__ - --------------------------------------------------
11/14/2021 19:52:58 - INFO - __main__ - Evaluating to get errors .... Timecode: 94
11/14/2021 19:53:01 - INFO - __main__ - Before Error Fixing: {'EM': 0.609375, 'QA-F1': 0.609375}
11/14/2021 19:53:01 - INFO - __main__ - Found 50 errors.
11/14/2021 19:53:01 - INFO - __main__ - Start error-fixing .... Timecode: 94
11/14/2021 19:53:39 - INFO - __main__ - Start error-fixing .... Done!
11/14/2021 19:53:40 - INFO - __main__ - EFR=0.0
11/14/2021 19:53:40 - INFO - __main__ - Overall: 0.563694490131579 from scores=[0.6592927631578948, 0.0, 0.755859375, 0.79296875, 0.6103515625]
11/14/2021 19:53:40 - INFO - __main__ - --------------------------------------------------
11/14/2021 19:53:40 - INFO - __main__ - Evaluating to get errors .... Timecode: 95
11/14/2021 19:53:42 - INFO - __main__ - Before Error Fixing: {'EM': 0.6484375, 'QA-F1': 0.6484375}
11/14/2021 19:53:42 - INFO - __main__ - Found 45 errors.
11/14/2021 19:53:42 - INFO - __main__ - Start error-fixing .... Timecode: 95
11/14/2021 19:54:15 - INFO - __main__ - Start error-fixing .... Done!
11/14/2021 19:54:16 - INFO - __main__ - EFR=0.0
11/14/2021 19:54:16 - INFO - __main__ - Overall: 0.563671875 from scores=[0.6591796875, 0.0, 0.755859375, 0.79296875, 0.6103515625]
11/14/2021 19:54:16 - INFO - __main__ - --------------------------------------------------
11/14/2021 19:54:16 - INFO - __main__ - Evaluating to get errors .... Timecode: 96
11/14/2021 19:54:19 - INFO - __main__ - Before Error Fixing: {'EM': 0.6015625, 'QA-F1': 0.6015625}
11/14/2021 19:54:19 - INFO - __main__ - Found 51 errors.
11/14/2021 19:54:19 - INFO - __main__ - Start error-fixing .... Timecode: 96
11/14/2021 19:54:57 - INFO - __main__ - Start error-fixing .... Done!
11/14/2021 19:54:58 - INFO - __main__ - EFR=0.0
11/14/2021 19:54:58 - INFO - __main__ - Overall: 0.5635530766752577 from scores=[0.6585856958762887, 0.0, 0.755859375, 0.79296875, 0.6103515625]
11/14/2021 19:54:58 - INFO - __main__ - --------------------------------------------------
11/14/2021 19:54:58 - INFO - __main__ - Evaluating to get errors .... Timecode: 97
11/14/2021 19:55:01 - INFO - __main__ - Before Error Fixing: {'EM': 0.7109375, 'QA-F1': 0.7109375}
11/14/2021 19:55:01 - INFO - __main__ - Found 37 errors.
11/14/2021 19:55:01 - INFO - __main__ - Start error-fixing .... Timecode: 97
11/14/2021 19:55:28 - INFO - __main__ - Start error-fixing .... Done!
11/14/2021 19:55:29 - INFO - __main__ - EFR=0.0
11/14/2021 19:55:29 - INFO - __main__ - Overall: 0.5636599170918368 from scores=[0.6591198979591837, 0.0, 0.755859375, 0.79296875, 0.6103515625]
11/14/2021 19:55:29 - INFO - __main__ - --------------------------------------------------
11/14/2021 19:55:29 - INFO - __main__ - Evaluating to get errors .... Timecode: 98
11/14/2021 19:55:31 - INFO - __main__ - Before Error Fixing: {'EM': 0.875, 'QA-F1': 0.875}
11/14/2021 19:55:31 - INFO - __main__ - Found 16 errors.
11/14/2021 19:55:31 - INFO - __main__ - Start error-fixing .... Timecode: 98
11/14/2021 19:55:43 - INFO - __main__ - Start error-fixing .... Done!
11/14/2021 19:55:43 - INFO - __main__ - EFR=0.0
11/14/2021 19:55:43 - INFO - __main__ - Overall: 0.564096038510101 from scores=[0.661300505050505, 0.0, 0.755859375, 0.79296875, 0.6103515625]
11/14/2021 19:55:43 - INFO - __main__ - --------------------------------------------------
11/14/2021 19:55:43 - INFO - __main__ - Start eval_knowledge_retention for UKR @ Timecode=99
11/14/2021 19:55:52 - INFO - __main__ - Upstream Knowledge Retation (UKR@99): 0.7930
11/14/2021 19:55:52 - INFO - __main__ - Start eval_knowledge_retention for OKR @ Timecode=99
11/14/2021 19:56:01 - INFO - __main__ - Online Knowledge Retation (OKR@99): 0.7402
11/14/2021 19:56:01 - INFO - __main__ - Start eval_knowledge_generalization for KG @ Timecode=99
11/14/2021 19:56:19 - INFO - __main__ - Future Knowledge Generalization (KG@99): 0.6104
11/14/2021 19:56:19 - INFO - __main__ - Evaluating to get errors .... Timecode: 99
11/14/2021 19:56:22 - INFO - __main__ - Before Error Fixing: {'EM': 0.859375, 'QA-F1': 0.859375}
11/14/2021 19:56:22 - INFO - __main__ - Found 18 errors.
11/14/2021 19:56:22 - INFO - __main__ - Start error-fixing .... Timecode: 99
11/14/2021 19:56:38 - INFO - __main__ - Start error-fixing .... Done!
11/14/2021 19:56:39 - INFO - __main__ - EFR=0.0
11/14/2021 19:56:39 - INFO - __main__ - Overall: 0.5613671874999999 from scores=[0.66328125, 0.0, 0.740234375, 0.79296875, 0.6103515625]
11/14/2021 19:56:39 - INFO - __main__ - --------------------------------------------------
11/14/2021 19:56:39 - INFO - __main__ - Start the final evaluation.
11/14/2021 19:56:39 - INFO - __main__ - Nothing here.
11/14/2021 19:56:42 - INFO - __main__ - Model saved to experiments/ckpt_dirs/nli/owc/nli_oewc_lr=3e-5_ep=20_lbd=250_gm=9e-1_T=100,b=128,alpha=0.9,beta=0.5,gamma=0.8/model_ckpt_100.pt.
11/14/2021 19:56:42 - INFO - __main__ - Updated result feule: experiments/results/nli/nli_oewc_lr=3e-5_ep=20_lbd=250_gm=9e-1_T=100,b=128,alpha=0.9,beta=0.5,gamma=0.8_result.json at Timecode: 100.
11/14/2021 19:56:42 - INFO - __main__ - Finished. Results saved to experiments/results/nli/nli_oewc_lr=3e-5_ep=20_lbd=250_gm=9e-1_T=100,b=128,alpha=0.9,beta=0.5,gamma=0.8_result.json

