
11/07/2021 01:30:13 - INFO - __main__ - Namespace(adam_epsilon=1e-08, adapter_dim=32, append_another_bos=1, base_model_path='out/mrqa_squad_bart-base_1029_upstream_model//best-model.pt', base_model_type='facebook/bart-base', ckpt_dir='experiments/ckpt_dirs/qa/er/QA_simplecl_lr=5e-5_ep=3_T=100,b=64,alpha=0.9,beta=0.5,gamma=0.8', cl_method_name='simple_cl', current_thread_id=None, do_lowercase=False, ewc_gamma=1, ewc_lambda=0.5, example_encoder_name='roberta-base', freeze_embeds=False, gradient_accumulation_steps=1, heldout_submission_data='experiments/eval_data/qa/heldout_eval.jsonl', index_rank_method='most_similar', indexing_args_path='exp_results/supervision_data/1012_dm_simple.train_args.json', indexing_method='bart_index', inference_query_size=1, init_memory_cache_path='bug_data/memory_key_cache.pkl', kg_eval_freq=10, kg_eval_mode='metric', kr_eval_freq=5, kr_eval_mode='metric', learning_rate=5e-05, local_adapt_lr=1e-05, max_grad_norm=0.1, max_input_length=888, max_output_length=50, max_timecode=100, memory_key_encoder='facebook/bart-base', memory_path='', memory_store_rate=1.0, mir_abalation_args='none', num_adapt_epochs=1, num_beams=3, num_threads_eval=0, num_train_epochs=3.0, okr_sample_seed=1337, okr_sample_size=512, path_to_thread_result=None, predict_batch_size=48, prefix='QA_simplecl_lr=5e-5_ep=3_T=100,b=64,alpha=0.9,beta=0.5,gamma=0.8', replay_candidate_size=8, replay_frequency=1, replay_size=8, result_file='experiments/results/qa/QA_simplecl_lr=5e-5_ep=3_T=100,b=64,alpha=0.9,beta=0.5,gamma=0.8_result.json', save_ckpt_freq=10, seed=42, skip_instant_eval=False, submission_stream_data='experiments/eval_data/qa/submission_stream.T=100,b=64,alpha=0.9,beta=0.5,gamma=0.8.json', task_emb_dim=768, task_name='mrqa', train_batch_size=8, upstream_data_path='data/mrqa_squad/mrqa_squad_train.jsonl', upstream_eval_data='experiments/eval_data/qa/upstream_eval.jsonl', upstream_sample_ratio=-1, use_mir=False, use_replay_mix=False, use_wandb=True, weight_decay=0.01)
11/07/2021 01:30:14 - INFO - transformers.tokenization_utils - loading file https://s3.amazonaws.com/models.huggingface.co/bert/roberta-large-vocab.json from cache at /private/home/yuchenlin/.cache/torch/transformers/1ae1f5b6e2b22b25ccc04c000bb79ca847aa226d0761536b011cf7e5868f0655.ef00af9e673c7160b4d41cfda1f48c5f4cba57d5142754525572a846a1ab1b9b
11/07/2021 01:30:14 - INFO - transformers.tokenization_utils - loading file https://s3.amazonaws.com/models.huggingface.co/bert/roberta-large-merges.txt from cache at /private/home/yuchenlin/.cache/torch/transformers/f8f83199a6270d582d6245dc100e99c4155de81c9745c6248077018fe01abcfb.70bec105b4158ed9a1747fea67a43f5dee97855c64d62b6ec3742f4cfdb5feda
11/07/2021 01:30:46 - INFO - __main__ - load_data: len(upstream_eval_examples)=512
11/07/2021 01:30:47 - INFO - __main__ - load_data: len(heldout_eval_examples)=1280
11/07/2021 01:30:53 - INFO - __main__ - Loading checkpoint from out/mrqa_squad_bart-base_1029_upstream_model//best-model.pt for facebook/bart-base .....
11/07/2021 01:30:57 - INFO - transformers.configuration_utils - loading configuration file https://s3.amazonaws.com/models.huggingface.co/bert/facebook/bart-base/config.json from cache at /private/home/yuchenlin/.cache/torch/transformers/09f4fcaeaf785dd3b97b085d6e3510c7081f586ec8e75981683c6299c0f81d9d.e8d516ad807436d395effad8c2326786872659b7dd1210827ac67c761198a0eb
11/07/2021 01:30:57 - INFO - transformers.configuration_utils - Model config BartConfig {
  "activation_dropout": 0.1,
  "activation_function": "gelu",
  "add_bias_logits": false,
  "add_final_layer_norm": false,
  "architectures": [
    "BartModel",
    "BartForConditionalGeneration",
    "BartForSequenceClassification"
  ],
  "attention_dropout": 0.1,
  "bos_token_id": 0,
  "classif_dropout": 0.0,
  "d_model": 768,
  "decoder_attention_heads": 12,
  "decoder_ffn_dim": 3072,
  "decoder_layerdrop": 0.0,
  "decoder_layers": 6,
  "decoder_start_token_id": 2,
  "dropout": 0.1,
  "early_stopping": true,
  "encoder_attention_heads": 12,
  "encoder_ffn_dim": 3072,
  "encoder_layerdrop": 0.0,
  "encoder_layers": 6,
  "eos_token_id": 2,
  "id2label": {
    "0": "LABEL_0",
    "1": "LABEL_1",
    "2": "LABEL_2"
  },
  "init_std": 0.02,
  "is_encoder_decoder": true,
  "label2id": {
    "LABEL_0": 0,
    "LABEL_1": 1,
    "LABEL_2": 2
  },
  "max_position_embeddings": 1024,
  "model_type": "bart",
  "no_repeat_ngram_size": 3,
  "normalize_before": false,
  "normalize_embedding": true,
  "num_beams": 4,
  "num_hidden_layers": 6,
  "pad_token_id": 1,
  "scale_embedding": false,
  "static_position_embeddings": false,
  "task_specific_params": {
    "summarization": {
      "length_penalty": 1.0,
      "max_length": 128,
      "min_length": 12,
      "num_beams": 4
    },
    "summarization_cnn": {
      "length_penalty": 2.0,
      "max_length": 142,
      "min_length": 56,
      "num_beams": 4
    },
    "summarization_xsum": {
      "length_penalty": 1.0,
      "max_length": 62,
      "min_length": 11,
      "num_beams": 6
    }
  },
  "vocab_size": 50265
}

11/07/2021 01:30:57 - INFO - transformers.modeling_utils - loading weights file https://cdn.huggingface.co/facebook/bart-base/pytorch_model.bin from cache at /private/home/yuchenlin/.cache/torch/transformers/566c05fb6983817e8ad7a4fa51e3099fe9caa3b31730f964bc5198d71c677523.0a3d95c18c1e434448941bc25accea7b122882be6526fb67c8e8fb6d5ebc711c
11/07/2021 01:31:01 - INFO - __main__ - Loading checkpoint from out/mrqa_squad_bart-base_1029_upstream_model//best-model.pt for facebook/bart-base ..... Done!
11/07/2021 01:31:11 - INFO - __main__ - Moving to the GPUs.
11/07/2021 01:31:11 - INFO - __main__ - Debugger Setup ......
11/07/2021 01:31:11 - INFO - __main__ - debugger_args: Namespace(adam_epsilon=1e-08, ckpt_dir='experiments/ckpt_dirs/qa/er/QA_simplecl_lr=5e-5_ep=3_T=100,b=64,alpha=0.9,beta=0.5,gamma=0.8', gradient_accumulation_steps=1, kg_eval_freq=10, kg_eval_mode='metric', kr_eval_freq=5, kr_eval_mode='metric', learning_rate=5e-05, max_grad_norm=0.1, num_epochs=3.0, okr_sample_seed=1337, okr_sample_size=512, save_ckpt_freq=10, skip_instant_eval=False, total_steps=10000, warmup_steps=0, weight_decay=0.01) ......
11/07/2021 01:31:11 - INFO - __main__ - optimizer & scheduler Setup ...... Done!
11/07/2021 01:31:11 - INFO - __main__ - Debugger Setup ...... Done!
11/07/2021 01:31:11 - INFO - __main__ - Start Online Debugging with Dynamic Error Mode
11/07/2021 01:31:11 - INFO - __main__ - Number of Batches of Data: 100
11/07/2021 01:31:11 - INFO - __main__ - Data Batch Size: 64;
11/07/2021 01:31:14 - INFO - __main__ - Model saved to experiments/ckpt_dirs/qa/er/QA_simplecl_lr=5e-5_ep=3_T=100,b=64,alpha=0.9,beta=0.5,gamma=0.8/model_ckpt_000.pt.
11/07/2021 01:31:14 - INFO - __main__ - Start eval_knowledge_retention for UKR @ Timecode=0
11/07/2021 01:31:40 - INFO - __main__ - Upstream Knowledge Retation (UKR@0): 0.8027
11/07/2021 01:31:40 - INFO - __main__ - Start eval_knowledge_generalization for KG @ Timecode=0
11/07/2021 01:33:18 - INFO - __main__ - Future Knowledge Generalization (KG@0): 0.3125
11/07/2021 01:33:18 - INFO - __main__ - Evaluating to get errors .... Timecode: 0
11/07/2021 01:33:22 - INFO - __main__ - Before Error Fixing: {'EM': 0.84375, 'QA-F1': 0.8675595238095237}
11/07/2021 01:33:22 - INFO - __main__ - Found 10 errors.
11/07/2021 01:33:22 - INFO - __main__ - Start error-fixing .... Timecode: 0
11/07/2021 01:33:23 - INFO - __main__ - Start error-fixing .... Done!
11/07/2021 01:33:24 - INFO - __main__ - Overall: 0.871875 from scores=[0.84375, 0.9]
11/07/2021 01:33:27 - INFO - __main__ - Model saved to experiments/ckpt_dirs/qa/er/QA_simplecl_lr=5e-5_ep=3_T=100,b=64,alpha=0.9,beta=0.5,gamma=0.8/model_ckpt_000.pt.
11/07/2021 01:33:27 - INFO - __main__ - Updated result feule: experiments/results/qa/QA_simplecl_lr=5e-5_ep=3_T=100,b=64,alpha=0.9,beta=0.5,gamma=0.8_result.json at Timecode: 0.
11/07/2021 01:33:27 - INFO - __main__ - --------------------------------------------------
11/07/2021 01:33:27 - INFO - __main__ - Evaluating to get errors .... Timecode: 1
11/07/2021 01:33:30 - INFO - __main__ - Before Error Fixing: {'EM': 0.671875, 'QA-F1': 0.7196315836940836}
11/07/2021 01:33:30 - INFO - __main__ - Found 21 errors.
11/07/2021 01:33:30 - INFO - __main__ - Start error-fixing .... Timecode: 1
11/07/2021 01:33:32 - INFO - __main__ - Start error-fixing .... Done!
11/07/2021 01:33:33 - INFO - __main__ - Overall: 0.8074776785714286 from scores=[0.7578125, 0.8571428571428571]
11/07/2021 01:33:33 - INFO - __main__ - --------------------------------------------------
11/07/2021 01:33:33 - INFO - __main__ - Evaluating to get errors .... Timecode: 2
11/07/2021 01:33:37 - INFO - __main__ - Before Error Fixing: {'EM': 0.6875, 'QA-F1': 0.7450793426344897}
11/07/2021 01:33:37 - INFO - __main__ - Found 20 errors.
11/07/2021 01:33:37 - INFO - __main__ - Start error-fixing .... Timecode: 2
11/07/2021 01:33:39 - INFO - __main__ - Start error-fixing .... Done!
11/07/2021 01:33:41 - INFO - __main__ - Overall: 0.7671875 from scores=[0.734375, 0.8]
11/07/2021 01:33:41 - INFO - __main__ - --------------------------------------------------
11/07/2021 01:33:41 - INFO - __main__ - Evaluating to get errors .... Timecode: 3
11/07/2021 01:33:45 - INFO - __main__ - Before Error Fixing: {'EM': 0.578125, 'QA-F1': 0.6850087088827272}
11/07/2021 01:33:45 - INFO - __main__ - Found 27 errors.
11/07/2021 01:33:45 - INFO - __main__ - Start error-fixing .... Timecode: 3
11/07/2021 01:33:49 - INFO - __main__ - Start error-fixing .... Done!
11/07/2021 01:33:51 - INFO - __main__ - Overall: 0.810619212962963 from scores=[0.6953125, 0.9259259259259259]
11/07/2021 01:33:51 - INFO - __main__ - --------------------------------------------------
11/07/2021 01:33:51 - INFO - __main__ - Evaluating to get errors .... Timecode: 4
11/07/2021 01:33:56 - INFO - __main__ - Before Error Fixing: {'EM': 0.546875, 'QA-F1': 0.612920066045066}
11/07/2021 01:33:56 - INFO - __main__ - Found 29 errors.
11/07/2021 01:33:56 - INFO - __main__ - Start error-fixing .... Timecode: 4
11/07/2021 01:34:00 - INFO - __main__ - Start error-fixing .... Done!
11/07/2021 01:34:02 - INFO - __main__ - Overall: 0.7466056034482759 from scores=[0.665625, 0.8275862068965517]
11/07/2021 01:34:02 - INFO - __main__ - --------------------------------------------------
11/07/2021 01:34:02 - INFO - __main__ - Start eval_knowledge_retention for UKR @ Timecode=5
11/07/2021 01:34:36 - INFO - __main__ - Upstream Knowledge Retation (UKR@5): 0.8066
11/07/2021 01:34:36 - INFO - __main__ - len(self.past_submissions) = 320                 < self.debugger_args.okr_sample_size = 512
11/07/2021 01:34:36 - INFO - __main__ - Evaluating to get errors .... Timecode: 5
11/07/2021 01:34:42 - INFO - __main__ - Before Error Fixing: {'EM': 0.59375, 'QA-F1': 0.7159819128240181}
11/07/2021 01:34:42 - INFO - __main__ - Found 26 errors.
11/07/2021 01:34:43 - INFO - __main__ - Start error-fixing .... Timecode: 5
11/07/2021 01:34:47 - INFO - __main__ - Start error-fixing .... Done!
11/07/2021 01:34:50 - INFO - __main__ - Overall: 0.6729767628205128 from scores=[0.6536458333333333, 0.6923076923076923]
11/07/2021 01:34:50 - INFO - __main__ - --------------------------------------------------
11/07/2021 01:34:50 - INFO - __main__ - Evaluating to get errors .... Timecode: 6
11/07/2021 01:34:56 - INFO - __main__ - Before Error Fixing: {'EM': 0.640625, 'QA-F1': 0.7165354915674188}
11/07/2021 01:34:56 - INFO - __main__ - Found 23 errors.
11/07/2021 01:34:56 - INFO - __main__ - Start error-fixing .... Timecode: 6
11/07/2021 01:35:00 - INFO - __main__ - Start error-fixing .... Done!
11/07/2021 01:35:02 - INFO - __main__ - Overall: 0.5215450310559007 from scores=[0.6517857142857143, 0.391304347826087]
11/07/2021 01:35:02 - INFO - __main__ - --------------------------------------------------
11/07/2021 01:35:02 - INFO - __main__ - Evaluating to get errors .... Timecode: 7
11/07/2021 01:35:10 - INFO - __main__ - Before Error Fixing: {'EM': 0.453125, 'QA-F1': 0.5466148473156744}
11/07/2021 01:35:10 - INFO - __main__ - Found 35 errors.
11/07/2021 01:35:10 - INFO - __main__ - Start error-fixing .... Timecode: 7
11/07/2021 01:35:15 - INFO - __main__ - Start error-fixing .... Done!
11/07/2021 01:35:19 - INFO - __main__ - Overall: 0.6849051339285714 from scores=[0.626953125, 0.7428571428571429]
11/07/2021 01:35:19 - INFO - __main__ - --------------------------------------------------
11/07/2021 01:35:19 - INFO - __main__ - Evaluating to get errors .... Timecode: 8
11/07/2021 01:35:24 - INFO - __main__ - Before Error Fixing: {'EM': 0.59375, 'QA-F1': 0.7283365148944193}
11/07/2021 01:35:24 - INFO - __main__ - Found 26 errors.
11/07/2021 01:35:24 - INFO - __main__ - Start error-fixing .... Timecode: 8
11/07/2021 01:35:28 - INFO - __main__ - Start error-fixing .... Done!
11/07/2021 01:35:31 - INFO - __main__ - Overall: 0.6770165598290598 from scores=[0.6232638888888888, 0.7307692307692307]
11/07/2021 01:35:31 - INFO - __main__ - --------------------------------------------------
11/07/2021 01:35:31 - INFO - __main__ - Evaluating to get errors .... Timecode: 9
11/07/2021 01:35:36 - INFO - __main__ - Before Error Fixing: {'EM': 0.53125, 'QA-F1': 0.6434450863678804}
11/07/2021 01:35:36 - INFO - __main__ - Found 30 errors.
11/07/2021 01:35:36 - INFO - __main__ - Start error-fixing .... Timecode: 9
11/07/2021 01:35:40 - INFO - __main__ - Start error-fixing .... Done!
11/07/2021 01:35:43 - INFO - __main__ - Overall: 0.65703125 from scores=[0.6140625, 0.7]
11/07/2021 01:35:43 - INFO - __main__ - --------------------------------------------------
11/07/2021 01:35:43 - INFO - __main__ - Start eval_knowledge_retention for UKR @ Timecode=10
11/07/2021 01:36:14 - INFO - __main__ - Upstream Knowledge Retation (UKR@10): 0.8027
11/07/2021 01:36:15 - INFO - __main__ - Start eval_knowledge_retention for OKR @ Timecode=10
11/07/2021 01:36:48 - INFO - __main__ - Online Knowledge Retation (OKR@10): 0.8691
11/07/2021 01:36:48 - INFO - __main__ - Start eval_knowledge_generalization for KG @ Timecode=10
11/07/2021 01:38:14 - INFO - __main__ - Future Knowledge Generalization (KG@10): 0.3688
11/07/2021 01:38:14 - INFO - __main__ - Evaluating to get errors .... Timecode: 10
11/07/2021 01:38:18 - INFO - __main__ - Before Error Fixing: {'EM': 0.609375, 'QA-F1': 0.7114780618686869}
11/07/2021 01:38:18 - INFO - __main__ - Found 25 errors.
11/07/2021 01:38:18 - INFO - __main__ - Start error-fixing .... Timecode: 10
11/07/2021 01:38:22 - INFO - __main__ - Start error-fixing .... Done!
11/07/2021 01:38:24 - INFO - __main__ - Overall: 0.6828522727272727 from scores=[0.6136363636363636, 0.76, 0.869140625, 0.802734375, 0.36875]
11/07/2021 01:38:26 - INFO - __main__ - Model saved to experiments/ckpt_dirs/qa/er/QA_simplecl_lr=5e-5_ep=3_T=100,b=64,alpha=0.9,beta=0.5,gamma=0.8/model_ckpt_010.pt.
11/07/2021 01:38:26 - INFO - __main__ - Updated result feule: experiments/results/qa/QA_simplecl_lr=5e-5_ep=3_T=100,b=64,alpha=0.9,beta=0.5,gamma=0.8_result.json at Timecode: 10.
11/07/2021 01:38:26 - INFO - __main__ - --------------------------------------------------
11/07/2021 01:38:26 - INFO - __main__ - Evaluating to get errors .... Timecode: 11
11/07/2021 01:38:29 - INFO - __main__ - Before Error Fixing: {'EM': 0.5625, 'QA-F1': 0.6485290750915751}
11/07/2021 01:38:29 - INFO - __main__ - Found 28 errors.
11/07/2021 01:38:30 - INFO - __main__ - Start error-fixing .... Timecode: 11
11/07/2021 01:38:33 - INFO - __main__ - Start error-fixing .... Done!
11/07/2021 01:38:35 - INFO - __main__ - Overall: 0.6657142857142857 from scores=[0.609375, 0.6785714285714286, 0.869140625, 0.802734375, 0.36875]
11/07/2021 01:38:35 - INFO - __main__ - --------------------------------------------------
11/07/2021 01:38:35 - INFO - __main__ - Evaluating to get errors .... Timecode: 12
11/07/2021 01:38:38 - INFO - __main__ - Before Error Fixing: {'EM': 0.578125, 'QA-F1': 0.6883928571428571}
11/07/2021 01:38:38 - INFO - __main__ - Found 27 errors.
11/07/2021 01:38:38 - INFO - __main__ - Start error-fixing .... Timecode: 12
11/07/2021 01:38:42 - INFO - __main__ - Start error-fixing .... Done!
11/07/2021 01:38:44 - INFO - __main__ - Overall: 0.662852564102564 from scores=[0.6069711538461539, 0.6666666666666666, 0.869140625, 0.802734375, 0.36875]
11/07/2021 01:38:44 - INFO - __main__ - --------------------------------------------------
11/07/2021 01:38:44 - INFO - __main__ - Evaluating to get errors .... Timecode: 13
11/07/2021 01:38:50 - INFO - __main__ - Before Error Fixing: {'EM': 0.4375, 'QA-F1': 0.5946708522455805}
11/07/2021 01:38:50 - INFO - __main__ - Found 36 errors.
11/07/2021 01:38:50 - INFO - __main__ - Start error-fixing .... Timecode: 13
11/07/2021 01:38:54 - INFO - __main__ - Start error-fixing .... Done!
11/07/2021 01:38:57 - INFO - __main__ - Overall: 0.6604315476190477 from scores=[0.5948660714285714, 0.6666666666666666, 0.869140625, 0.802734375, 0.36875]
11/07/2021 01:38:57 - INFO - __main__ - --------------------------------------------------
11/07/2021 01:38:57 - INFO - __main__ - Evaluating to get errors .... Timecode: 14
11/07/2021 01:39:01 - INFO - __main__ - Before Error Fixing: {'EM': 0.453125, 'QA-F1': 0.594187317992465}
11/07/2021 01:39:01 - INFO - __main__ - Found 35 errors.
11/07/2021 01:39:02 - INFO - __main__ - Start error-fixing .... Timecode: 14
11/07/2021 01:39:05 - INFO - __main__ - Start error-fixing .... Done!
11/07/2021 01:39:09 - INFO - __main__ - Overall: 0.6794940476190476 from scores=[0.5854166666666667, 0.7714285714285715, 0.869140625, 0.802734375, 0.36875]
11/07/2021 01:39:09 - INFO - __main__ - --------------------------------------------------
11/07/2021 01:39:09 - INFO - __main__ - Start eval_knowledge_retention for UKR @ Timecode=15
11/07/2021 01:39:46 - INFO - __main__ - Upstream Knowledge Retation (UKR@15): 0.7070
11/07/2021 01:39:47 - INFO - __main__ - Start eval_knowledge_retention for OKR @ Timecode=15
11/07/2021 01:40:31 - INFO - __main__ - Online Knowledge Retation (OKR@15): 0.7734
11/07/2021 01:40:31 - INFO - __main__ - Evaluating to get errors .... Timecode: 15
11/07/2021 01:40:37 - INFO - __main__ - Before Error Fixing: {'EM': 0.40625, 'QA-F1': 0.5658635897371362}
11/07/2021 01:40:37 - INFO - __main__ - Found 38 errors.
11/07/2021 01:40:37 - INFO - __main__ - Start error-fixing .... Timecode: 15
11/07/2021 01:40:41 - INFO - __main__ - Start error-fixing .... Done!
11/07/2021 01:40:45 - INFO - __main__ - Overall: 0.6162664473684211 from scores=[0.57421875, 0.6578947368421053, 0.7734375, 0.70703125, 0.36875]
11/07/2021 01:40:45 - INFO - __main__ - --------------------------------------------------
11/07/2021 01:40:45 - INFO - __main__ - Evaluating to get errors .... Timecode: 16
11/07/2021 01:40:50 - INFO - __main__ - Before Error Fixing: {'EM': 0.4375, 'QA-F1': 0.6046254854789239}
11/07/2021 01:40:50 - INFO - __main__ - Found 36 errors.
11/07/2021 01:40:51 - INFO - __main__ - Start error-fixing .... Timecode: 16
11/07/2021 01:40:55 - INFO - __main__ - Start error-fixing .... Done!
11/07/2021 01:40:58 - INFO - __main__ - Overall: 0.633079044117647 from scores=[0.5661764705882353, 0.75, 0.7734375, 0.70703125, 0.36875]
11/07/2021 01:40:58 - INFO - __main__ - --------------------------------------------------
11/07/2021 01:40:58 - INFO - __main__ - Evaluating to get errors .... Timecode: 17
11/07/2021 01:41:04 - INFO - __main__ - Before Error Fixing: {'EM': 0.453125, 'QA-F1': 0.6035308828392468}
11/07/2021 01:41:04 - INFO - __main__ - Found 35 errors.
11/07/2021 01:41:05 - INFO - __main__ - Start error-fixing .... Timecode: 17
11/07/2021 01:41:09 - INFO - __main__ - Start error-fixing .... Done!
11/07/2021 01:41:12 - INFO - __main__ - Overall: 0.6303943452380951 from scores=[0.5598958333333333, 0.7428571428571429, 0.7734375, 0.70703125, 0.36875]
11/07/2021 01:41:12 - INFO - __main__ - --------------------------------------------------
11/07/2021 01:41:12 - INFO - __main__ - Evaluating to get errors .... Timecode: 18
11/07/2021 01:41:18 - INFO - __main__ - Before Error Fixing: {'EM': 0.484375, 'QA-F1': 0.5949006242940066}
11/07/2021 01:41:18 - INFO - __main__ - Found 33 errors.
11/07/2021 01:41:18 - INFO - __main__ - Start error-fixing .... Timecode: 18
11/07/2021 01:41:23 - INFO - __main__ - Start error-fixing .... Done!
11/07/2021 01:41:26 - INFO - __main__ - Overall: 0.6446643241626794 from scores=[0.555921052631579, 0.8181818181818182, 0.7734375, 0.70703125, 0.36875]
11/07/2021 01:41:26 - INFO - __main__ - --------------------------------------------------
11/07/2021 01:41:26 - INFO - __main__ - Evaluating to get errors .... Timecode: 19
11/07/2021 01:41:32 - INFO - __main__ - Before Error Fixing: {'EM': 0.515625, 'QA-F1': 0.6471310618729096}
11/07/2021 01:41:32 - INFO - __main__ - Found 31 errors.
11/07/2021 01:41:32 - INFO - __main__ - Start error-fixing .... Timecode: 19
11/07/2021 01:41:36 - INFO - __main__ - Start error-fixing .... Done!
11/07/2021 01:41:39 - INFO - __main__ - Overall: 0.6225604838709677 from scores=[0.55390625, 0.7096774193548387, 0.7734375, 0.70703125, 0.36875]
11/07/2021 01:41:39 - INFO - __main__ - --------------------------------------------------
11/07/2021 01:41:39 - INFO - __main__ - Start eval_knowledge_retention for UKR @ Timecode=20
11/07/2021 01:42:16 - INFO - __main__ - Upstream Knowledge Retation (UKR@20): 0.6895
11/07/2021 01:42:17 - INFO - __main__ - Start eval_knowledge_retention for OKR @ Timecode=20
11/07/2021 01:42:58 - INFO - __main__ - Online Knowledge Retation (OKR@20): 0.7500
11/07/2021 01:42:58 - INFO - __main__ - Start eval_knowledge_generalization for KG @ Timecode=20
11/07/2021 01:44:34 - INFO - __main__ - Future Knowledge Generalization (KG@20): 0.4359
11/07/2021 01:44:34 - INFO - __main__ - Evaluating to get errors .... Timecode: 20
11/07/2021 01:44:41 - INFO - __main__ - Before Error Fixing: {'EM': 0.5, 'QA-F1': 0.6051499295954941}
11/07/2021 01:44:41 - INFO - __main__ - Found 32 errors.
11/07/2021 01:44:41 - INFO - __main__ - Start error-fixing .... Timecode: 20
11/07/2021 01:44:45 - INFO - __main__ - Start error-fixing .... Done!
11/07/2021 01:44:48 - INFO - __main__ - Overall: 0.6228459821428571 from scores=[0.5513392857142857, 0.6875, 0.75, 0.689453125, 0.4359375]
11/07/2021 01:44:51 - INFO - __main__ - Model saved to experiments/ckpt_dirs/qa/er/QA_simplecl_lr=5e-5_ep=3_T=100,b=64,alpha=0.9,beta=0.5,gamma=0.8/model_ckpt_020.pt.
11/07/2021 01:44:51 - INFO - __main__ - Updated result feule: experiments/results/qa/QA_simplecl_lr=5e-5_ep=3_T=100,b=64,alpha=0.9,beta=0.5,gamma=0.8_result.json at Timecode: 20.
11/07/2021 01:44:51 - INFO - __main__ - --------------------------------------------------
11/07/2021 01:44:51 - INFO - __main__ - Evaluating to get errors .... Timecode: 21
11/07/2021 01:44:56 - INFO - __main__ - Before Error Fixing: {'EM': 0.359375, 'QA-F1': 0.481517710445729}
11/07/2021 01:44:56 - INFO - __main__ - Found 41 errors.
11/07/2021 01:44:56 - INFO - __main__ - Start error-fixing .... Timecode: 21
11/07/2021 01:45:01 - INFO - __main__ - Start error-fixing .... Done!
11/07/2021 01:45:05 - INFO - __main__ - Overall: 0.6201862181263859 from scores=[0.5426136363636364, 0.6829268292682927, 0.75, 0.689453125, 0.4359375]
11/07/2021 01:45:05 - INFO - __main__ - --------------------------------------------------
11/07/2021 01:45:05 - INFO - __main__ - Evaluating to get errors .... Timecode: 22
11/07/2021 01:45:10 - INFO - __main__ - Before Error Fixing: {'EM': 0.40625, 'QA-F1': 0.5420262645797185}
11/07/2021 01:45:10 - INFO - __main__ - Found 38 errors.
11/07/2021 01:45:10 - INFO - __main__ - Start error-fixing .... Timecode: 22
11/07/2021 01:45:14 - INFO - __main__ - Start error-fixing .... Done!
11/07/2021 01:45:18 - INFO - __main__ - Overall: 0.6245203446796339 from scores=[0.5366847826086957, 0.7105263157894737, 0.75, 0.689453125, 0.4359375]
11/07/2021 01:45:18 - INFO - __main__ - --------------------------------------------------
11/07/2021 01:45:18 - INFO - __main__ - Evaluating to get errors .... Timecode: 23
11/07/2021 01:45:23 - INFO - __main__ - Before Error Fixing: {'EM': 0.484375, 'QA-F1': 0.5871186539155289}
11/07/2021 01:45:23 - INFO - __main__ - Found 33 errors.
11/07/2021 01:45:23 - INFO - __main__ - Start error-fixing .... Timecode: 23
11/07/2021 01:45:28 - INFO - __main__ - Start error-fixing .... Done!
11/07/2021 01:45:31 - INFO - __main__ - Overall: 0.6395549242424242 from scores=[0.5345052083333333, 0.7878787878787878, 0.75, 0.689453125, 0.4359375]
11/07/2021 01:45:31 - INFO - __main__ - --------------------------------------------------
11/07/2021 01:45:31 - INFO - __main__ - Evaluating to get errors .... Timecode: 24
11/07/2021 01:45:36 - INFO - __main__ - Before Error Fixing: {'EM': 0.46875, 'QA-F1': 0.5862461650719923}
11/07/2021 01:45:36 - INFO - __main__ - Found 34 errors.
11/07/2021 01:45:37 - INFO - __main__ - Start error-fixing .... Timecode: 24
11/07/2021 01:45:41 - INFO - __main__ - Start error-fixing .... Done!
11/07/2021 01:45:44 - INFO - __main__ - Overall: 0.6108648897058824 from scores=[0.531875, 0.6470588235294118, 0.75, 0.689453125, 0.4359375]
11/07/2021 01:45:44 - INFO - __main__ - --------------------------------------------------
11/07/2021 01:45:44 - INFO - __main__ - Start eval_knowledge_retention for UKR @ Timecode=25
11/07/2021 01:46:13 - INFO - __main__ - Upstream Knowledge Retation (UKR@25): 0.7051
11/07/2021 01:46:15 - INFO - __main__ - Start eval_knowledge_retention for OKR @ Timecode=25
11/07/2021 01:46:48 - INFO - __main__ - Online Knowledge Retation (OKR@25): 0.7871
11/07/2021 01:46:48 - INFO - __main__ - Evaluating to get errors .... Timecode: 25
11/07/2021 01:46:52 - INFO - __main__ - Before Error Fixing: {'EM': 0.359375, 'QA-F1': 0.4709077380952381}
11/07/2021 01:46:52 - INFO - __main__ - Found 41 errors.
11/07/2021 01:46:52 - INFO - __main__ - Start error-fixing .... Timecode: 25
11/07/2021 01:46:58 - INFO - __main__ - Start error-fixing .... Done!
11/07/2021 01:47:00 - INFO - __main__ - Overall: 0.6711608818011257 from scores=[0.5252403846153846, 0.9024390243902439, 0.787109375, 0.705078125, 0.4359375]
11/07/2021 01:47:00 - INFO - __main__ - --------------------------------------------------
11/07/2021 01:47:00 - INFO - __main__ - Evaluating to get errors .... Timecode: 26
11/07/2021 01:47:04 - INFO - __main__ - Before Error Fixing: {'EM': 0.421875, 'QA-F1': 0.539077818627451}
11/07/2021 01:47:04 - INFO - __main__ - Found 37 errors.
11/07/2021 01:47:05 - INFO - __main__ - Start error-fixing .... Timecode: 26
11/07/2021 01:47:09 - INFO - __main__ - Start error-fixing .... Done!
11/07/2021 01:47:12 - INFO - __main__ - Overall: 0.6412587587587588 from scores=[0.521412037037037, 0.7567567567567568, 0.787109375, 0.705078125, 0.4359375]
11/07/2021 01:47:12 - INFO - __main__ - --------------------------------------------------
11/07/2021 01:47:12 - INFO - __main__ - Evaluating to get errors .... Timecode: 27
11/07/2021 01:47:17 - INFO - __main__ - Before Error Fixing: {'EM': 0.453125, 'QA-F1': 0.553180755414024}
11/07/2021 01:47:17 - INFO - __main__ - Found 35 errors.
11/07/2021 01:47:18 - INFO - __main__ - Start error-fixing .... Timecode: 27
11/07/2021 01:47:22 - INFO - __main__ - Start error-fixing .... Done!
11/07/2021 01:47:25 - INFO - __main__ - Overall: 0.6037053571428571 from scores=[0.5189732142857143, 0.5714285714285714, 0.787109375, 0.705078125, 0.4359375]
11/07/2021 01:47:25 - INFO - __main__ - --------------------------------------------------
11/07/2021 01:47:25 - INFO - __main__ - Evaluating to get errors .... Timecode: 28
11/07/2021 01:47:30 - INFO - __main__ - Before Error Fixing: {'EM': 0.40625, 'QA-F1': 0.4489000582750583}
11/07/2021 01:47:30 - INFO - __main__ - Found 38 errors.
11/07/2021 01:47:30 - INFO - __main__ - Start error-fixing .... Timecode: 28
11/07/2021 01:47:35 - INFO - __main__ - Start error-fixing .... Done!
11/07/2021 01:47:39 - INFO - __main__ - Overall: 0.6096948729582577 from scores=[0.5150862068965517, 0.6052631578947368, 0.787109375, 0.705078125, 0.4359375]
11/07/2021 01:47:39 - INFO - __main__ - --------------------------------------------------
11/07/2021 01:47:39 - INFO - __main__ - Evaluating to get errors .... Timecode: 29
11/07/2021 01:47:45 - INFO - __main__ - Before Error Fixing: {'EM': 0.484375, 'QA-F1': 0.6154637896825397}
11/07/2021 01:47:45 - INFO - __main__ - Found 33 errors.
11/07/2021 01:47:45 - INFO - __main__ - Start error-fixing .... Timecode: 29
11/07/2021 01:47:49 - INFO - __main__ - Start error-fixing .... Done!
11/07/2021 01:47:52 - INFO - __main__ - Overall: 0.6581344696969696 from scores=[0.5140625, 0.8484848484848485, 0.787109375, 0.705078125, 0.4359375]
11/07/2021 01:47:52 - INFO - __main__ - --------------------------------------------------
11/07/2021 01:47:52 - INFO - __main__ - Start eval_knowledge_retention for UKR @ Timecode=30
11/07/2021 01:48:23 - INFO - __main__ - Upstream Knowledge Retation (UKR@30): 0.7188
11/07/2021 01:48:24 - INFO - __main__ - Start eval_knowledge_retention for OKR @ Timecode=30
11/07/2021 01:49:03 - INFO - __main__ - Online Knowledge Retation (OKR@30): 0.8164
11/07/2021 01:49:03 - INFO - __main__ - Start eval_knowledge_generalization for KG @ Timecode=30
11/07/2021 01:50:30 - INFO - __main__ - Future Knowledge Generalization (KG@30): 0.4617
11/07/2021 01:50:30 - INFO - __main__ - Evaluating to get errors .... Timecode: 30
11/07/2021 01:50:35 - INFO - __main__ - Before Error Fixing: {'EM': 0.515625, 'QA-F1': 0.5883451185111936}
11/07/2021 01:50:35 - INFO - __main__ - Found 31 errors.
11/07/2021 01:50:35 - INFO - __main__ - Start error-fixing .... Timecode: 30
11/07/2021 01:50:40 - INFO - __main__ - Start error-fixing .... Done!
11/07/2021 01:50:43 - INFO - __main__ - Overall: 0.6247782258064516 from scores=[0.5141129032258065, 0.6129032258064516, 0.81640625, 0.71875, 0.46171875]
11/07/2021 01:50:45 - INFO - __main__ - Model saved to experiments/ckpt_dirs/qa/er/QA_simplecl_lr=5e-5_ep=3_T=100,b=64,alpha=0.9,beta=0.5,gamma=0.8/model_ckpt_030.pt.
11/07/2021 01:50:45 - INFO - __main__ - Updated result feule: experiments/results/qa/QA_simplecl_lr=5e-5_ep=3_T=100,b=64,alpha=0.9,beta=0.5,gamma=0.8_result.json at Timecode: 30.
11/07/2021 01:50:45 - INFO - __main__ - --------------------------------------------------
11/07/2021 01:50:45 - INFO - __main__ - Evaluating to get errors .... Timecode: 31
11/07/2021 01:50:50 - INFO - __main__ - Before Error Fixing: {'EM': 0.546875, 'QA-F1': 0.6292183341011466}
11/07/2021 01:50:50 - INFO - __main__ - Found 29 errors.
11/07/2021 01:50:50 - INFO - __main__ - Start error-fixing .... Timecode: 31
11/07/2021 01:50:53 - INFO - __main__ - Start error-fixing .... Done!
11/07/2021 01:50:56 - INFO - __main__ - Overall: 0.6265402747844828 from scores=[0.51513671875, 0.6206896551724138, 0.81640625, 0.71875, 0.46171875]
11/07/2021 01:50:56 - INFO - __main__ - --------------------------------------------------
11/07/2021 01:50:56 - INFO - __main__ - Evaluating to get errors .... Timecode: 32
11/07/2021 01:51:03 - INFO - __main__ - Before Error Fixing: {'EM': 0.296875, 'QA-F1': 0.3835239402053261}
11/07/2021 01:51:03 - INFO - __main__ - Found 45 errors.
11/07/2021 01:51:03 - INFO - __main__ - Start error-fixing .... Timecode: 32
11/07/2021 01:51:09 - INFO - __main__ - Start error-fixing .... Done!
11/07/2021 01:51:12 - INFO - __main__ - Overall: 0.6610795454545455 from scores=[0.5085227272727273, 0.8, 0.81640625, 0.71875, 0.46171875]
11/07/2021 01:51:12 - INFO - __main__ - --------------------------------------------------
11/07/2021 01:51:12 - INFO - __main__ - Evaluating to get errors .... Timecode: 33
11/07/2021 01:51:17 - INFO - __main__ - Before Error Fixing: {'EM': 0.515625, 'QA-F1': 0.6000264190821256}
11/07/2021 01:51:17 - INFO - __main__ - Found 31 errors.
11/07/2021 01:51:18 - INFO - __main__ - Start error-fixing .... Timecode: 33
11/07/2021 01:51:22 - INFO - __main__ - Start error-fixing .... Done!
11/07/2021 01:51:24 - INFO - __main__ - Overall: 0.6366051944971537 from scores=[0.5087316176470589, 0.6774193548387096, 0.81640625, 0.71875, 0.46171875]
11/07/2021 01:51:24 - INFO - __main__ - --------------------------------------------------
11/07/2021 01:51:24 - INFO - __main__ - Evaluating to get errors .... Timecode: 34
11/07/2021 01:51:29 - INFO - __main__ - Before Error Fixing: {'EM': 0.421875, 'QA-F1': 0.5808862654910449}
11/07/2021 01:51:29 - INFO - __main__ - Found 37 errors.
11/07/2021 01:51:29 - INFO - __main__ - Start error-fixing .... Timecode: 34
11/07/2021 01:51:33 - INFO - __main__ - Start error-fixing .... Done!
11/07/2021 01:51:37 - INFO - __main__ - Overall: 0.6519763513513513 from scores=[0.50625, 0.7567567567567568, 0.81640625, 0.71875, 0.46171875]
11/07/2021 01:51:37 - INFO - __main__ - --------------------------------------------------
11/07/2021 01:51:37 - INFO - __main__ - Start eval_knowledge_retention for UKR @ Timecode=35
11/07/2021 01:52:11 - INFO - __main__ - Upstream Knowledge Retation (UKR@35): 0.6758
11/07/2021 01:52:13 - INFO - __main__ - Start eval_knowledge_retention for OKR @ Timecode=35
11/07/2021 01:52:56 - INFO - __main__ - Online Knowledge Retation (OKR@35): 0.6992
11/07/2021 01:52:56 - INFO - __main__ - Evaluating to get errors .... Timecode: 35
11/07/2021 01:53:01 - INFO - __main__ - Before Error Fixing: {'EM': 0.4375, 'QA-F1': 0.581751269364161}
11/07/2021 01:53:01 - INFO - __main__ - Found 36 errors.
11/07/2021 01:53:01 - INFO - __main__ - Start error-fixing .... Timecode: 35
11/07/2021 01:53:05 - INFO - __main__ - Start error-fixing .... Done!
11/07/2021 01:53:08 - INFO - __main__ - Overall: 0.6015451388888889 from scores=[0.5043402777777778, 0.6666666666666666, 0.69921875, 0.67578125, 0.46171875]
11/07/2021 01:53:08 - INFO - __main__ - --------------------------------------------------
11/07/2021 01:53:08 - INFO - __main__ - Evaluating to get errors .... Timecode: 36
11/07/2021 01:53:14 - INFO - __main__ - Before Error Fixing: {'EM': 0.4375, 'QA-F1': 0.5915632531970847}
11/07/2021 01:53:14 - INFO - __main__ - Found 36 errors.
11/07/2021 01:53:14 - INFO - __main__ - Start error-fixing .... Timecode: 36
11/07/2021 01:53:18 - INFO - __main__ - Start error-fixing .... Done!
11/07/2021 01:53:21 - INFO - __main__ - Overall: 0.6178505067567568 from scores=[0.5025337837837838, 0.75, 0.69921875, 0.67578125, 0.46171875]
11/07/2021 01:53:21 - INFO - __main__ - --------------------------------------------------
11/07/2021 01:53:21 - INFO - __main__ - Evaluating to get errors .... Timecode: 37
11/07/2021 01:53:26 - INFO - __main__ - Before Error Fixing: {'EM': 0.453125, 'QA-F1': 0.5276041666666667}
11/07/2021 01:53:26 - INFO - __main__ - Found 35 errors.
11/07/2021 01:53:26 - INFO - __main__ - Start error-fixing .... Timecode: 37
11/07/2021 01:53:31 - INFO - __main__ - Start error-fixing .... Done!
11/07/2021 01:53:33 - INFO - __main__ - Overall: 0.6390190319548872 from scores=[0.501233552631579, 0.8571428571428571, 0.69921875, 0.67578125, 0.46171875]
11/07/2021 01:53:33 - INFO - __main__ - --------------------------------------------------
11/07/2021 01:53:33 - INFO - __main__ - Evaluating to get errors .... Timecode: 38
11/07/2021 01:53:37 - INFO - __main__ - Before Error Fixing: {'EM': 0.53125, 'QA-F1': 0.58984375}
11/07/2021 01:53:37 - INFO - __main__ - Found 30 errors.
11/07/2021 01:53:37 - INFO - __main__ - Start error-fixing .... Timecode: 38
11/07/2021 01:53:41 - INFO - __main__ - Start error-fixing .... Done!
11/07/2021 01:53:43 - INFO - __main__ - Overall: 0.6144110576923076 from scores=[0.5020032051282051, 0.7333333333333333, 0.69921875, 0.67578125, 0.46171875]
11/07/2021 01:53:43 - INFO - __main__ - --------------------------------------------------
11/07/2021 01:53:43 - INFO - __main__ - Evaluating to get errors .... Timecode: 39
11/07/2021 01:53:49 - INFO - __main__ - Before Error Fixing: {'EM': 0.546875, 'QA-F1': 0.630753882654887}
11/07/2021 01:53:49 - INFO - __main__ - Found 29 errors.
11/07/2021 01:53:49 - INFO - __main__ - Start error-fixing .... Timecode: 39
11/07/2021 01:53:53 - INFO - __main__ - Start error-fixing .... Done!
11/07/2021 01:53:56 - INFO - __main__ - Overall: 0.5852101293103449 from scores=[0.503125, 0.5862068965517241, 0.69921875, 0.67578125, 0.46171875]
11/07/2021 01:53:56 - INFO - __main__ - --------------------------------------------------
11/07/2021 01:53:56 - INFO - __main__ - Start eval_knowledge_retention for UKR @ Timecode=40
11/07/2021 01:54:33 - INFO - __main__ - Upstream Knowledge Retation (UKR@40): 0.6113
11/07/2021 01:54:34 - INFO - __main__ - Start eval_knowledge_retention for OKR @ Timecode=40
11/07/2021 01:55:19 - INFO - __main__ - Online Knowledge Retation (OKR@40): 0.6777
11/07/2021 01:55:19 - INFO - __main__ - Start eval_knowledge_generalization for KG @ Timecode=40
11/07/2021 01:56:55 - INFO - __main__ - Future Knowledge Generalization (KG@40): 0.4602
11/07/2021 01:56:55 - INFO - __main__ - Evaluating to get errors .... Timecode: 40
11/07/2021 01:56:59 - INFO - __main__ - Before Error Fixing: {'EM': 0.59375, 'QA-F1': 0.6575892857142858}
11/07/2021 01:56:59 - INFO - __main__ - Found 26 errors.
11/07/2021 01:56:59 - INFO - __main__ - Start error-fixing .... Timecode: 40
11/07/2021 01:57:03 - INFO - __main__ - Start error-fixing .... Done!
11/07/2021 01:57:04 - INFO - __main__ - Overall: 0.5816800539399625 from scores=[0.5053353658536586, 0.6538461538461539, 0.677734375, 0.611328125, 0.46015625]
11/07/2021 01:57:07 - INFO - __main__ - Model saved to experiments/ckpt_dirs/qa/er/QA_simplecl_lr=5e-5_ep=3_T=100,b=64,alpha=0.9,beta=0.5,gamma=0.8/model_ckpt_040.pt.
11/07/2021 01:57:07 - INFO - __main__ - Updated result feule: experiments/results/qa/QA_simplecl_lr=5e-5_ep=3_T=100,b=64,alpha=0.9,beta=0.5,gamma=0.8_result.json at Timecode: 40.
11/07/2021 01:57:07 - INFO - __main__ - --------------------------------------------------
11/07/2021 01:57:07 - INFO - __main__ - Evaluating to get errors .... Timecode: 41
11/07/2021 01:57:10 - INFO - __main__ - Before Error Fixing: {'EM': 0.59375, 'QA-F1': 0.6712797619047619}
11/07/2021 01:57:10 - INFO - __main__ - Found 26 errors.
11/07/2021 01:57:10 - INFO - __main__ - Start error-fixing .... Timecode: 41
11/07/2021 01:57:14 - INFO - __main__ - Start error-fixing .... Done!
11/07/2021 01:57:16 - INFO - __main__ - Overall: 0.5513318452380952 from scores=[0.5074404761904762, 0.5, 0.677734375, 0.611328125, 0.46015625]
11/07/2021 01:57:16 - INFO - __main__ - --------------------------------------------------
11/07/2021 01:57:16 - INFO - __main__ - Evaluating to get errors .... Timecode: 42
11/07/2021 01:57:20 - INFO - __main__ - Before Error Fixing: {'EM': 0.609375, 'QA-F1': 0.6628785518444666}
11/07/2021 01:57:20 - INFO - __main__ - Found 25 errors.
11/07/2021 01:57:20 - INFO - __main__ - Start error-fixing .... Timecode: 42
11/07/2021 01:57:24 - INFO - __main__ - Start error-fixing .... Done!
11/07/2021 01:57:26 - INFO - __main__ - Overall: 0.5798059593023256 from scores=[0.5098110465116279, 0.64, 0.677734375, 0.611328125, 0.46015625]
11/07/2021 01:57:26 - INFO - __main__ - --------------------------------------------------
11/07/2021 01:57:26 - INFO - __main__ - Evaluating to get errors .... Timecode: 43
11/07/2021 01:57:29 - INFO - __main__ - Before Error Fixing: {'EM': 0.5, 'QA-F1': 0.5660924145299145}
11/07/2021 01:57:29 - INFO - __main__ - Found 32 errors.
11/07/2021 01:57:29 - INFO - __main__ - Start error-fixing .... Timecode: 43
11/07/2021 01:57:34 - INFO - __main__ - Start error-fixing .... Done!
11/07/2021 01:57:35 - INFO - __main__ - Overall: 0.5892613636363636 from scores=[0.5095880681818181, 0.6875, 0.677734375, 0.611328125, 0.46015625]
11/07/2021 01:57:35 - INFO - __main__ - --------------------------------------------------
11/07/2021 01:57:35 - INFO - __main__ - Evaluating to get errors .... Timecode: 44
11/07/2021 01:57:39 - INFO - __main__ - Before Error Fixing: {'EM': 0.4375, 'QA-F1': 0.5172867063492064}
11/07/2021 01:57:39 - INFO - __main__ - Found 36 errors.
11/07/2021 01:57:39 - INFO - __main__ - Start error-fixing .... Timecode: 44
11/07/2021 01:57:44 - INFO - __main__ - Start error-fixing .... Done!
11/07/2021 01:57:46 - INFO - __main__ - Overall: 0.6069965277777778 from scores=[0.5079861111111111, 0.7777777777777778, 0.677734375, 0.611328125, 0.46015625]
11/07/2021 01:57:46 - INFO - __main__ - --------------------------------------------------
11/07/2021 01:57:46 - INFO - __main__ - Start eval_knowledge_retention for UKR @ Timecode=45
11/07/2021 01:58:16 - INFO - __main__ - Upstream Knowledge Retation (UKR@45): 0.6973
11/07/2021 01:58:18 - INFO - __main__ - Start eval_knowledge_retention for OKR @ Timecode=45
11/07/2021 01:58:52 - INFO - __main__ - Online Knowledge Retation (OKR@45): 0.7578
11/07/2021 01:58:52 - INFO - __main__ - Evaluating to get errors .... Timecode: 45
11/07/2021 01:58:58 - INFO - __main__ - Before Error Fixing: {'EM': 0.5, 'QA-F1': 0.6509920634920634}
11/07/2021 01:58:58 - INFO - __main__ - Found 32 errors.
11/07/2021 01:58:58 - INFO - __main__ - Start error-fixing .... Timecode: 45
11/07/2021 01:59:02 - INFO - __main__ - Start error-fixing .... Done!
11/07/2021 01:59:05 - INFO - __main__ - Overall: 0.647109375 from scores=[0.5078125, 0.8125, 0.7578125, 0.697265625, 0.46015625]
11/07/2021 01:59:05 - INFO - __main__ - --------------------------------------------------
11/07/2021 01:59:05 - INFO - __main__ - Evaluating to get errors .... Timecode: 46
11/07/2021 01:59:09 - INFO - __main__ - Before Error Fixing: {'EM': 0.5, 'QA-F1': 0.6172729308069382}
11/07/2021 01:59:09 - INFO - __main__ - Found 32 errors.
11/07/2021 01:59:10 - INFO - __main__ - Start error-fixing .... Timecode: 46
11/07/2021 01:59:14 - INFO - __main__ - Start error-fixing .... Done!
11/07/2021 01:59:16 - INFO - __main__ - Overall: 0.6158261303191489 from scores=[0.5076462765957447, 0.65625, 0.7578125, 0.697265625, 0.46015625]
11/07/2021 01:59:16 - INFO - __main__ - --------------------------------------------------
11/07/2021 01:59:16 - INFO - __main__ - Evaluating to get errors .... Timecode: 47
11/07/2021 01:59:21 - INFO - __main__ - Before Error Fixing: {'EM': 0.390625, 'QA-F1': 0.5617063033937861}
11/07/2021 01:59:21 - INFO - __main__ - Found 39 errors.
11/07/2021 01:59:21 - INFO - __main__ - Start error-fixing .... Timecode: 47
11/07/2021 01:59:26 - INFO - __main__ - Start error-fixing .... Done!
11/07/2021 01:59:30 - INFO - __main__ - Overall: 0.6533193108974358 from scores=[0.5052083333333333, 0.8461538461538461, 0.7578125, 0.697265625, 0.46015625]
11/07/2021 01:59:30 - INFO - __main__ - --------------------------------------------------
11/07/2021 01:59:30 - INFO - __main__ - Evaluating to get errors .... Timecode: 48
11/07/2021 01:59:34 - INFO - __main__ - Before Error Fixing: {'EM': 0.46875, 'QA-F1': 0.5671949404761905}
11/07/2021 01:59:34 - INFO - __main__ - Found 34 errors.
11/07/2021 01:59:34 - INFO - __main__ - Start error-fixing .... Timecode: 48
11/07/2021 01:59:39 - INFO - __main__ - Start error-fixing .... Done!
11/07/2021 01:59:41 - INFO - __main__ - Overall: 0.6427632615546217 from scores=[0.5044642857142857, 0.7941176470588235, 0.7578125, 0.697265625, 0.46015625]
11/07/2021 01:59:41 - INFO - __main__ - --------------------------------------------------
11/07/2021 01:59:41 - INFO - __main__ - Evaluating to get errors .... Timecode: 49
11/07/2021 01:59:46 - INFO - __main__ - Before Error Fixing: {'EM': 0.453125, 'QA-F1': 0.5366828567937438}
11/07/2021 01:59:46 - INFO - __main__ - Found 35 errors.
11/07/2021 01:59:46 - INFO - __main__ - Start error-fixing .... Timecode: 49
11/07/2021 01:59:51 - INFO - __main__ - Start error-fixing .... Done!
11/07/2021 01:59:52 - INFO - __main__ - Overall: 0.6380200892857142 from scores=[0.5034375, 0.7714285714285715, 0.7578125, 0.697265625, 0.46015625]
11/07/2021 01:59:52 - INFO - __main__ - --------------------------------------------------
11/07/2021 01:59:52 - INFO - __main__ - Start eval_knowledge_retention for UKR @ Timecode=50
11/07/2021 02:00:16 - INFO - __main__ - Upstream Knowledge Retation (UKR@50): 0.7031
11/07/2021 02:00:18 - INFO - __main__ - Start eval_knowledge_retention for OKR @ Timecode=50
11/07/2021 02:00:50 - INFO - __main__ - Online Knowledge Retation (OKR@50): 0.7949
11/07/2021 02:00:50 - INFO - __main__ - Start eval_knowledge_generalization for KG @ Timecode=50
11/07/2021 02:02:07 - INFO - __main__ - Future Knowledge Generalization (KG@50): 0.4813
11/07/2021 02:02:07 - INFO - __main__ - Evaluating to get errors .... Timecode: 50
11/07/2021 02:02:11 - INFO - __main__ - Before Error Fixing: {'EM': 0.609375, 'QA-F1': 0.6572916666666666}
11/07/2021 02:02:11 - INFO - __main__ - Found 25 errors.
11/07/2021 02:02:11 - INFO - __main__ - Start error-fixing .... Timecode: 50
11/07/2021 02:02:15 - INFO - __main__ - Start error-fixing .... Done!
11/07/2021 02:02:17 - INFO - __main__ - Overall: 0.6089623161764706 from scores=[0.5055147058823529, 0.56, 0.794921875, 0.703125, 0.48125]
11/07/2021 02:02:20 - INFO - __main__ - Model saved to experiments/ckpt_dirs/qa/er/QA_simplecl_lr=5e-5_ep=3_T=100,b=64,alpha=0.9,beta=0.5,gamma=0.8/model_ckpt_050.pt.
11/07/2021 02:02:20 - INFO - __main__ - Updated result feule: experiments/results/qa/QA_simplecl_lr=5e-5_ep=3_T=100,b=64,alpha=0.9,beta=0.5,gamma=0.8_result.json at Timecode: 50.
11/07/2021 02:02:20 - INFO - __main__ - --------------------------------------------------
11/07/2021 02:02:20 - INFO - __main__ - Evaluating to get errors .... Timecode: 51
11/07/2021 02:02:24 - INFO - __main__ - Before Error Fixing: {'EM': 0.5, 'QA-F1': 0.5749024111456177}
11/07/2021 02:02:24 - INFO - __main__ - Found 32 errors.
11/07/2021 02:02:24 - INFO - __main__ - Start error-fixing .... Timecode: 51
11/07/2021 02:02:28 - INFO - __main__ - Start error-fixing .... Done!
11/07/2021 02:02:31 - INFO - __main__ - Overall: 0.6469411057692308 from scores=[0.5054086538461539, 0.75, 0.794921875, 0.703125, 0.48125]
11/07/2021 02:02:31 - INFO - __main__ - --------------------------------------------------
11/07/2021 02:02:31 - INFO - __main__ - Evaluating to get errors .... Timecode: 52
11/07/2021 02:02:37 - INFO - __main__ - Before Error Fixing: {'EM': 0.421875, 'QA-F1': 0.5259776314039222}
11/07/2021 02:02:37 - INFO - __main__ - Found 37 errors.
11/07/2021 02:02:37 - INFO - __main__ - Start error-fixing .... Timecode: 52
11/07/2021 02:02:42 - INFO - __main__ - Start error-fixing .... Done!
11/07/2021 02:02:45 - INFO - __main__ - Overall: 0.6155448033528812 from scores=[0.5038325471698113, 0.5945945945945946, 0.794921875, 0.703125, 0.48125]
11/07/2021 02:02:45 - INFO - __main__ - --------------------------------------------------
11/07/2021 02:02:45 - INFO - __main__ - Evaluating to get errors .... Timecode: 53
11/07/2021 02:02:48 - INFO - __main__ - Before Error Fixing: {'EM': 0.5625, 'QA-F1': 0.6464285714285714}
11/07/2021 02:02:48 - INFO - __main__ - Found 28 errors.
11/07/2021 02:02:48 - INFO - __main__ - Start error-fixing .... Timecode: 53
11/07/2021 02:02:52 - INFO - __main__ - Start error-fixing .... Done!
11/07/2021 02:02:54 - INFO - __main__ - Overall: 0.6039860284391534 from scores=[0.5049189814814814, 0.5357142857142857, 0.794921875, 0.703125, 0.48125]
11/07/2021 02:02:54 - INFO - __main__ - --------------------------------------------------
11/07/2021 02:02:54 - INFO - __main__ - Evaluating to get errors .... Timecode: 54
11/07/2021 02:02:57 - INFO - __main__ - Before Error Fixing: {'EM': 0.484375, 'QA-F1': 0.5872767857142857}
11/07/2021 02:02:57 - INFO - __main__ - Found 33 errors.
11/07/2021 02:02:58 - INFO - __main__ - Start error-fixing .... Timecode: 54
11/07/2021 02:03:02 - INFO - __main__ - Start error-fixing .... Done!
11/07/2021 02:03:05 - INFO - __main__ - Overall: 0.6664654356060606 from scores=[0.5045454545454545, 0.8484848484848485, 0.794921875, 0.703125, 0.48125]
11/07/2021 02:03:05 - INFO - __main__ - --------------------------------------------------
11/07/2021 02:03:05 - INFO - __main__ - Start eval_knowledge_retention for UKR @ Timecode=55
11/07/2021 02:03:33 - INFO - __main__ - Upstream Knowledge Retation (UKR@55): 0.7383
11/07/2021 02:03:35 - INFO - __main__ - Start eval_knowledge_retention for OKR @ Timecode=55
11/07/2021 02:04:07 - INFO - __main__ - Online Knowledge Retation (OKR@55): 0.7754
11/07/2021 02:04:07 - INFO - __main__ - Evaluating to get errors .... Timecode: 55
11/07/2021 02:04:10 - INFO - __main__ - Before Error Fixing: {'EM': 0.53125, 'QA-F1': 0.5889632936507936}
11/07/2021 02:04:10 - INFO - __main__ - Found 30 errors.
11/07/2021 02:04:10 - INFO - __main__ - Start error-fixing .... Timecode: 55
11/07/2021 02:04:14 - INFO - __main__ - Start error-fixing .... Done!
11/07/2021 02:04:15 - INFO - __main__ - Overall: 0.686655505952381 from scores=[0.5050223214285714, 0.9333333333333333, 0.775390625, 0.73828125, 0.48125]
11/07/2021 02:04:15 - INFO - __main__ - --------------------------------------------------
11/07/2021 02:04:15 - INFO - __main__ - Evaluating to get errors .... Timecode: 56
11/07/2021 02:04:19 - INFO - __main__ - Before Error Fixing: {'EM': 0.5625, 'QA-F1': 0.6309895833333333}
11/07/2021 02:04:19 - INFO - __main__ - Found 28 errors.
11/07/2021 02:04:19 - INFO - __main__ - Start error-fixing .... Timecode: 56
11/07/2021 02:04:23 - INFO - __main__ - Start error-fixing .... Done!
11/07/2021 02:04:24 - INFO - __main__ - Overall: 0.6501905153508772 from scores=[0.5060307017543859, 0.75, 0.775390625, 0.73828125, 0.48125]
11/07/2021 02:04:24 - INFO - __main__ - --------------------------------------------------
11/07/2021 02:04:24 - INFO - __main__ - Evaluating to get errors .... Timecode: 57
11/07/2021 02:04:27 - INFO - __main__ - Before Error Fixing: {'EM': 0.546875, 'QA-F1': 0.6218475877192982}
11/07/2021 02:04:27 - INFO - __main__ - Found 29 errors.
11/07/2021 02:04:28 - INFO - __main__ - Start error-fixing .... Timecode: 57
11/07/2021 02:04:32 - INFO - __main__ - Start error-fixing .... Done!
11/07/2021 02:04:33 - INFO - __main__ - Overall: 0.6589520474137931 from scores=[0.5067349137931034, 0.7931034482758621, 0.775390625, 0.73828125, 0.48125]
11/07/2021 02:04:33 - INFO - __main__ - --------------------------------------------------
11/07/2021 02:04:33 - INFO - __main__ - Evaluating to get errors .... Timecode: 58
11/07/2021 02:04:37 - INFO - __main__ - Before Error Fixing: {'EM': 0.453125, 'QA-F1': 0.5177083333333333}
11/07/2021 02:04:37 - INFO - __main__ - Found 35 errors.
11/07/2021 02:04:37 - INFO - __main__ - Start error-fixing .... Timecode: 58
11/07/2021 02:04:42 - INFO - __main__ - Start error-fixing .... Done!
11/07/2021 02:04:44 - INFO - __main__ - Overall: 0.6315782006658596 from scores=[0.5058262711864407, 0.6571428571428571, 0.775390625, 0.73828125, 0.48125]
11/07/2021 02:04:44 - INFO - __main__ - --------------------------------------------------
11/07/2021 02:04:44 - INFO - __main__ - Evaluating to get errors .... Timecode: 59
11/07/2021 02:04:47 - INFO - __main__ - Before Error Fixing: {'EM': 0.578125, 'QA-F1': 0.6499255952380951}
11/07/2021 02:04:47 - INFO - __main__ - Found 27 errors.
11/07/2021 02:04:47 - INFO - __main__ - Start error-fixing .... Timecode: 59
11/07/2021 02:04:51 - INFO - __main__ - Start error-fixing .... Done!
11/07/2021 02:04:53 - INFO - __main__ - Overall: 0.663353587962963 from scores=[0.50703125, 0.8148148148148148, 0.775390625, 0.73828125, 0.48125]
11/07/2021 02:04:53 - INFO - __main__ - --------------------------------------------------
11/07/2021 02:04:53 - INFO - __main__ - Start eval_knowledge_retention for UKR @ Timecode=60
11/07/2021 02:05:22 - INFO - __main__ - Upstream Knowledge Retation (UKR@60): 0.7031
11/07/2021 02:05:24 - INFO - __main__ - Start eval_knowledge_retention for OKR @ Timecode=60
11/07/2021 02:05:59 - INFO - __main__ - Online Knowledge Retation (OKR@60): 0.7500
11/07/2021 02:05:59 - INFO - __main__ - Start eval_knowledge_generalization for KG @ Timecode=60
11/07/2021 02:07:14 - INFO - __main__ - Future Knowledge Generalization (KG@60): 0.4672
11/07/2021 02:07:14 - INFO - __main__ - Evaluating to get errors .... Timecode: 60
11/07/2021 02:07:17 - INFO - __main__ - Before Error Fixing: {'EM': 0.515625, 'QA-F1': 0.5423337438423645}
11/07/2021 02:07:17 - INFO - __main__ - Found 31 errors.
11/07/2021 02:07:17 - INFO - __main__ - Start error-fixing .... Timecode: 60
11/07/2021 02:07:21 - INFO - __main__ - Start error-fixing .... Done!
11/07/2021 02:07:23 - INFO - __main__ - Overall: 0.5758195068746695 from scores=[0.507172131147541, 0.45161290322580644, 0.75, 0.703125, 0.4671875]
11/07/2021 02:07:26 - INFO - __main__ - Model saved to experiments/ckpt_dirs/qa/er/QA_simplecl_lr=5e-5_ep=3_T=100,b=64,alpha=0.9,beta=0.5,gamma=0.8/model_ckpt_060.pt.
11/07/2021 02:07:26 - INFO - __main__ - Updated result feule: experiments/results/qa/QA_simplecl_lr=5e-5_ep=3_T=100,b=64,alpha=0.9,beta=0.5,gamma=0.8_result.json at Timecode: 60.
11/07/2021 02:07:26 - INFO - __main__ - --------------------------------------------------
11/07/2021 02:07:26 - INFO - __main__ - Evaluating to get errors .... Timecode: 61
11/07/2021 02:07:31 - INFO - __main__ - Before Error Fixing: {'EM': 0.609375, 'QA-F1': 0.7202762515262515}
11/07/2021 02:07:31 - INFO - __main__ - Found 25 errors.
11/07/2021 02:07:31 - INFO - __main__ - Start error-fixing .... Timecode: 61
11/07/2021 02:07:34 - INFO - __main__ - Start error-fixing .... Done!
11/07/2021 02:07:36 - INFO - __main__ - Overall: 0.6618266129032258 from scores=[0.508820564516129, 0.88, 0.75, 0.703125, 0.4671875]
11/07/2021 02:07:36 - INFO - __main__ - --------------------------------------------------
11/07/2021 02:07:36 - INFO - __main__ - Evaluating to get errors .... Timecode: 62
11/07/2021 02:07:39 - INFO - __main__ - Before Error Fixing: {'EM': 0.453125, 'QA-F1': 0.5708705357142856}
11/07/2021 02:07:39 - INFO - __main__ - Found 35 errors.
11/07/2021 02:07:40 - INFO - __main__ - Start error-fixing .... Timecode: 62
11/07/2021 02:07:45 - INFO - __main__ - Start error-fixing .... Done!
11/07/2021 02:07:46 - INFO - __main__ - Overall: 0.657078373015873 from scores=[0.5079365079365079, 0.8571428571428571, 0.75, 0.703125, 0.4671875]
11/07/2021 02:07:46 - INFO - __main__ - --------------------------------------------------
11/07/2021 02:07:46 - INFO - __main__ - Evaluating to get errors .... Timecode: 63
11/07/2021 02:07:49 - INFO - __main__ - Before Error Fixing: {'EM': 0.46875, 'QA-F1': 0.5489583333333333}
11/07/2021 02:07:49 - INFO - __main__ - Found 34 errors.
11/07/2021 02:07:50 - INFO - __main__ - Start error-fixing .... Timecode: 63
11/07/2021 02:07:54 - INFO - __main__ - Start error-fixing .... Done!
11/07/2021 02:07:56 - INFO - __main__ - Overall: 0.6502332261029411 from scores=[0.50732421875, 0.8235294117647058, 0.75, 0.703125, 0.4671875]
11/07/2021 02:07:56 - INFO - __main__ - --------------------------------------------------
11/07/2021 02:07:56 - INFO - __main__ - Evaluating to get errors .... Timecode: 64
11/07/2021 02:08:00 - INFO - __main__ - Before Error Fixing: {'EM': 0.640625, 'QA-F1': 0.6614583333333333}
11/07/2021 02:08:00 - INFO - __main__ - Found 23 errors.
11/07/2021 02:08:00 - INFO - __main__ - Start error-fixing .... Timecode: 64
11/07/2021 02:08:03 - INFO - __main__ - Start error-fixing .... Done!
11/07/2021 02:08:05 - INFO - __main__ - Overall: 0.5989809782608696 from scores=[0.509375, 0.5652173913043478, 0.75, 0.703125, 0.4671875]
11/07/2021 02:08:05 - INFO - __main__ - --------------------------------------------------
11/07/2021 02:08:05 - INFO - __main__ - Start eval_knowledge_retention for UKR @ Timecode=65
11/07/2021 02:08:34 - INFO - __main__ - Upstream Knowledge Retation (UKR@65): 0.6895
11/07/2021 02:08:36 - INFO - __main__ - Start eval_knowledge_retention for OKR @ Timecode=65
11/07/2021 02:09:12 - INFO - __main__ - Online Knowledge Retation (OKR@65): 0.7363
11/07/2021 02:09:12 - INFO - __main__ - Evaluating to get errors .... Timecode: 65
11/07/2021 02:09:15 - INFO - __main__ - Before Error Fixing: {'EM': 0.5, 'QA-F1': 0.6419270833333334}
11/07/2021 02:09:15 - INFO - __main__ - Found 32 errors.
11/07/2021 02:09:16 - INFO - __main__ - Start error-fixing .... Timecode: 65
11/07/2021 02:09:20 - INFO - __main__ - Start error-fixing .... Done!
11/07/2021 02:09:22 - INFO - __main__ - Overall: 0.624190340909091 from scores=[0.5092329545454546, 0.71875, 0.736328125, 0.689453125, 0.4671875]
11/07/2021 02:09:22 - INFO - __main__ - --------------------------------------------------
11/07/2021 02:09:22 - INFO - __main__ - Evaluating to get errors .... Timecode: 66
11/07/2021 02:09:25 - INFO - __main__ - Before Error Fixing: {'EM': 0.6875, 'QA-F1': 0.7453125}
11/07/2021 02:09:25 - INFO - __main__ - Found 20 errors.
11/07/2021 02:09:25 - INFO - __main__ - Start error-fixing .... Timecode: 66
11/07/2021 02:09:28 - INFO - __main__ - Start error-fixing .... Done!
11/07/2021 02:09:30 - INFO - __main__ - Overall: 0.6309724813432835 from scores=[0.5118936567164178, 0.75, 0.736328125, 0.689453125, 0.4671875]
11/07/2021 02:09:30 - INFO - __main__ - --------------------------------------------------
11/07/2021 02:09:30 - INFO - __main__ - Evaluating to get errors .... Timecode: 67
11/07/2021 02:09:35 - INFO - __main__ - Before Error Fixing: {'EM': 0.546875, 'QA-F1': 0.6458748973727422}
11/07/2021 02:09:35 - INFO - __main__ - Found 29 errors.
11/07/2021 02:09:35 - INFO - __main__ - Start error-fixing .... Timecode: 67
11/07/2021 02:09:39 - INFO - __main__ - Start error-fixing .... Done!
11/07/2021 02:09:41 - INFO - __main__ - Overall: 0.6534891607505071 from scores=[0.5124080882352942, 0.8620689655172413, 0.736328125, 0.689453125, 0.4671875]
11/07/2021 02:09:41 - INFO - __main__ - --------------------------------------------------
11/07/2021 02:09:41 - INFO - __main__ - Evaluating to get errors .... Timecode: 68
11/07/2021 02:09:46 - INFO - __main__ - Before Error Fixing: {'EM': 0.515625, 'QA-F1': 0.6236928436147187}
11/07/2021 02:09:46 - INFO - __main__ - Found 31 errors.
11/07/2021 02:09:46 - INFO - __main__ - Start error-fixing .... Timecode: 68
11/07/2021 02:09:49 - INFO - __main__ - Start error-fixing .... Done!
11/07/2021 02:09:52 - INFO - __main__ - Overall: 0.5907621113838242 from scores=[0.5124547101449275, 0.5483870967741935, 0.736328125, 0.689453125, 0.4671875]
11/07/2021 02:09:52 - INFO - __main__ - --------------------------------------------------
11/07/2021 02:09:52 - INFO - __main__ - Evaluating to get errors .... Timecode: 69
11/07/2021 02:09:56 - INFO - __main__ - Before Error Fixing: {'EM': 0.546875, 'QA-F1': 0.6546362215141239}
11/07/2021 02:09:56 - INFO - __main__ - Found 29 errors.
11/07/2021 02:09:56 - INFO - __main__ - Start error-fixing .... Timecode: 69
11/07/2021 02:09:59 - INFO - __main__ - Start error-fixing .... Done!
11/07/2021 02:10:02 - INFO - __main__ - Overall: 0.5984244150246305 from scores=[0.5129464285714286, 0.5862068965517241, 0.736328125, 0.689453125, 0.4671875]
11/07/2021 02:10:02 - INFO - __main__ - --------------------------------------------------
11/07/2021 02:10:02 - INFO - __main__ - Start eval_knowledge_retention for UKR @ Timecode=70
11/07/2021 02:10:32 - INFO - __main__ - Upstream Knowledge Retation (UKR@70): 0.7227
11/07/2021 02:10:34 - INFO - __main__ - Start eval_knowledge_retention for OKR @ Timecode=70
11/07/2021 02:11:08 - INFO - __main__ - Online Knowledge Retation (OKR@70): 0.7383
11/07/2021 02:11:08 - INFO - __main__ - Start eval_knowledge_generalization for KG @ Timecode=70
11/07/2021 02:12:25 - INFO - __main__ - Future Knowledge Generalization (KG@70): 0.4719
11/07/2021 02:12:25 - INFO - __main__ - Evaluating to get errors .... Timecode: 70
11/07/2021 02:12:28 - INFO - __main__ - Before Error Fixing: {'EM': 0.546875, 'QA-F1': 0.6151785714285715}
11/07/2021 02:12:28 - INFO - __main__ - Found 29 errors.
11/07/2021 02:12:29 - INFO - __main__ - Start error-fixing .... Timecode: 70
11/07/2021 02:12:33 - INFO - __main__ - Start error-fixing .... Done!
11/07/2021 02:12:36 - INFO - __main__ - Overall: 0.6340749453618261 from scores=[0.5134242957746479, 0.7241379310344828, 0.73828125, 0.72265625, 0.471875]
11/07/2021 02:12:39 - INFO - __main__ - Model saved to experiments/ckpt_dirs/qa/er/QA_simplecl_lr=5e-5_ep=3_T=100,b=64,alpha=0.9,beta=0.5,gamma=0.8/model_ckpt_070.pt.
11/07/2021 02:12:39 - INFO - __main__ - Updated result feule: experiments/results/qa/QA_simplecl_lr=5e-5_ep=3_T=100,b=64,alpha=0.9,beta=0.5,gamma=0.8_result.json at Timecode: 70.
11/07/2021 02:12:39 - INFO - __main__ - --------------------------------------------------
11/07/2021 02:12:39 - INFO - __main__ - Evaluating to get errors .... Timecode: 71
11/07/2021 02:12:43 - INFO - __main__ - Before Error Fixing: {'EM': 0.5, 'QA-F1': 0.5443067528735632}
11/07/2021 02:12:43 - INFO - __main__ - Found 32 errors.
11/07/2021 02:12:44 - INFO - __main__ - Start error-fixing .... Timecode: 71
11/07/2021 02:12:48 - INFO - __main__ - Start error-fixing .... Done!
11/07/2021 02:12:51 - INFO - __main__ - Overall: 0.5892100694444444 from scores=[0.5132378472222222, 0.5, 0.73828125, 0.72265625, 0.471875]
11/07/2021 02:12:51 - INFO - __main__ - --------------------------------------------------
11/07/2021 02:12:51 - INFO - __main__ - Evaluating to get errors .... Timecode: 72
11/07/2021 02:12:55 - INFO - __main__ - Before Error Fixing: {'EM': 0.53125, 'QA-F1': 0.5830492424242424}
11/07/2021 02:12:55 - INFO - __main__ - Found 30 errors.
11/07/2021 02:12:56 - INFO - __main__ - Start error-fixing .... Timecode: 72
11/07/2021 02:13:00 - INFO - __main__ - Start error-fixing .... Done!
11/07/2021 02:13:02 - INFO - __main__ - Overall: 0.6625927511415525 from scores=[0.513484589041096, 0.8666666666666667, 0.73828125, 0.72265625, 0.471875]
11/07/2021 02:13:02 - INFO - __main__ - --------------------------------------------------
11/07/2021 02:13:02 - INFO - __main__ - Evaluating to get errors .... Timecode: 73
11/07/2021 02:13:07 - INFO - __main__ - Before Error Fixing: {'EM': 0.40625, 'QA-F1': 0.5567810605004899}
11/07/2021 02:13:07 - INFO - __main__ - Found 38 errors.
11/07/2021 02:13:07 - INFO - __main__ - Start error-fixing .... Timecode: 73
11/07/2021 02:13:12 - INFO - __main__ - Start error-fixing .... Done!
11/07/2021 02:13:16 - INFO - __main__ - Overall: 0.6152853840682788 from scores=[0.512035472972973, 0.631578947368421, 0.73828125, 0.72265625, 0.471875]
11/07/2021 02:13:16 - INFO - __main__ - --------------------------------------------------
11/07/2021 02:13:16 - INFO - __main__ - Evaluating to get errors .... Timecode: 74
11/07/2021 02:13:20 - INFO - __main__ - Before Error Fixing: {'EM': 0.4375, 'QA-F1': 0.5716145833333333}
11/07/2021 02:13:20 - INFO - __main__ - Found 36 errors.
11/07/2021 02:13:21 - INFO - __main__ - Start error-fixing .... Timecode: 74
11/07/2021 02:13:26 - INFO - __main__ - Start error-fixing .... Done!
11/07/2021 02:13:27 - INFO - __main__ - Overall: 0.6221041666666667 from scores=[0.5110416666666666, 0.6666666666666666, 0.73828125, 0.72265625, 0.471875]
11/07/2021 02:13:27 - INFO - __main__ - --------------------------------------------------
11/07/2021 02:13:27 - INFO - __main__ - Start eval_knowledge_retention for UKR @ Timecode=75
11/07/2021 02:14:03 - INFO - __main__ - Upstream Knowledge Retation (UKR@75): 0.6387
11/07/2021 02:14:05 - INFO - __main__ - Start eval_knowledge_retention for OKR @ Timecode=75
11/07/2021 02:14:44 - INFO - __main__ - Online Knowledge Retation (OKR@75): 0.6738
11/07/2021 02:14:44 - INFO - __main__ - Evaluating to get errors .... Timecode: 75
11/07/2021 02:14:48 - INFO - __main__ - Before Error Fixing: {'EM': 0.5, 'QA-F1': 0.5364583333333333}
11/07/2021 02:14:48 - INFO - __main__ - Found 32 errors.
11/07/2021 02:14:48 - INFO - __main__ - Start error-fixing .... Timecode: 75
11/07/2021 02:14:52 - INFO - __main__ - Start error-fixing .... Done!
11/07/2021 02:14:54 - INFO - __main__ - Overall: 0.6153042763157894 from scores=[0.5108963815789473, 0.78125, 0.673828125, 0.638671875, 0.471875]
11/07/2021 02:14:54 - INFO - __main__ - --------------------------------------------------
11/07/2021 02:14:54 - INFO - __main__ - Evaluating to get errors .... Timecode: 76
11/07/2021 02:15:00 - INFO - __main__ - Before Error Fixing: {'EM': 0.453125, 'QA-F1': 0.5905085748605969}
11/07/2021 02:15:00 - INFO - __main__ - Found 35 errors.
11/07/2021 02:15:00 - INFO - __main__ - Start error-fixing .... Timecode: 76
11/07/2021 02:15:05 - INFO - __main__ - Start error-fixing .... Done!
11/07/2021 02:15:08 - INFO - __main__ - Overall: 0.5903327922077921 from scores=[0.5101461038961039, 0.6571428571428571, 0.673828125, 0.638671875, 0.471875]
11/07/2021 02:15:08 - INFO - __main__ - --------------------------------------------------
11/07/2021 02:15:08 - INFO - __main__ - Evaluating to get errors .... Timecode: 77
11/07/2021 02:15:13 - INFO - __main__ - Before Error Fixing: {'EM': 0.390625, 'QA-F1': 0.5439484263863894}
11/07/2021 02:15:13 - INFO - __main__ - Found 39 errors.
11/07/2021 02:15:13 - INFO - __main__ - Start error-fixing .... Timecode: 77
11/07/2021 02:15:18 - INFO - __main__ - Start error-fixing .... Done!
11/07/2021 02:15:21 - INFO - __main__ - Overall: 0.6329567307692308 from scores=[0.508613782051282, 0.8717948717948718, 0.673828125, 0.638671875, 0.471875]
11/07/2021 02:15:21 - INFO - __main__ - --------------------------------------------------
11/07/2021 02:15:21 - INFO - __main__ - Evaluating to get errors .... Timecode: 78
11/07/2021 02:15:26 - INFO - __main__ - Before Error Fixing: {'EM': 0.46875, 'QA-F1': 0.5802083291031461}
11/07/2021 02:15:26 - INFO - __main__ - Found 34 errors.
11/07/2021 02:15:26 - INFO - __main__ - Start error-fixing .... Timecode: 78
11/07/2021 02:15:31 - INFO - __main__ - Start error-fixing .... Done!
11/07/2021 02:15:33 - INFO - __main__ - Overall: 0.5879086001489202 from scores=[0.5081091772151899, 0.6470588235294118, 0.673828125, 0.638671875, 0.471875]
11/07/2021 02:15:33 - INFO - __main__ - --------------------------------------------------
11/07/2021 02:15:33 - INFO - __main__ - Evaluating to get errors .... Timecode: 79
11/07/2021 02:15:40 - INFO - __main__ - Before Error Fixing: {'EM': 0.40625, 'QA-F1': 0.5153569272355238}
11/07/2021 02:15:40 - INFO - __main__ - Found 38 errors.
11/07/2021 02:15:40 - INFO - __main__ - Start error-fixing .... Timecode: 79
11/07/2021 02:15:45 - INFO - __main__ - Start error-fixing .... Done!
11/07/2021 02:15:47 - INFO - __main__ - Overall: 0.6319263980263157 from scores=[0.5068359375, 0.868421052631579, 0.673828125, 0.638671875, 0.471875]
11/07/2021 02:15:47 - INFO - __main__ - --------------------------------------------------
11/07/2021 02:15:47 - INFO - __main__ - Start eval_knowledge_retention for UKR @ Timecode=80
11/07/2021 02:16:15 - INFO - __main__ - Upstream Knowledge Retation (UKR@80): 0.6934
11/07/2021 02:16:17 - INFO - __main__ - Start eval_knowledge_retention for OKR @ Timecode=80
11/07/2021 02:16:48 - INFO - __main__ - Online Knowledge Retation (OKR@80): 0.7734
11/07/2021 02:16:48 - INFO - __main__ - Start eval_knowledge_generalization for KG @ Timecode=80
11/07/2021 02:18:11 - INFO - __main__ - Future Knowledge Generalization (KG@80): 0.4750
11/07/2021 02:18:11 - INFO - __main__ - Evaluating to get errors .... Timecode: 80
11/07/2021 02:18:16 - INFO - __main__ - Before Error Fixing: {'EM': 0.53125, 'QA-F1': 0.6722255175380175}
11/07/2021 02:18:16 - INFO - __main__ - Found 30 errors.
11/07/2021 02:18:16 - INFO - __main__ - Start error-fixing .... Timecode: 80
11/07/2021 02:18:20 - INFO - __main__ - Start error-fixing .... Done!
11/07/2021 02:18:22 - INFO - __main__ - Overall: 0.6364535108024691 from scores=[0.5071373456790124, 0.7333333333333333, 0.7734375, 0.693359375, 0.475]
11/07/2021 02:18:25 - INFO - __main__ - Model saved to experiments/ckpt_dirs/qa/er/QA_simplecl_lr=5e-5_ep=3_T=100,b=64,alpha=0.9,beta=0.5,gamma=0.8/model_ckpt_080.pt.
11/07/2021 02:18:25 - INFO - __main__ - Updated result feule: experiments/results/qa/QA_simplecl_lr=5e-5_ep=3_T=100,b=64,alpha=0.9,beta=0.5,gamma=0.8_result.json at Timecode: 80.
11/07/2021 02:18:25 - INFO - __main__ - --------------------------------------------------
11/07/2021 02:18:25 - INFO - __main__ - Evaluating to get errors .... Timecode: 81
11/07/2021 02:18:31 - INFO - __main__ - Before Error Fixing: {'EM': 0.5, 'QA-F1': 0.6346302810175678}
11/07/2021 02:18:31 - INFO - __main__ - Found 32 errors.
11/07/2021 02:18:31 - INFO - __main__ - Start error-fixing .... Timecode: 81
11/07/2021 02:18:35 - INFO - __main__ - Start error-fixing .... Done!
11/07/2021 02:18:38 - INFO - __main__ - Overall: 0.6522694359756097 from scores=[0.5070503048780488, 0.8125, 0.7734375, 0.693359375, 0.475]
11/07/2021 02:18:38 - INFO - __main__ - --------------------------------------------------
11/07/2021 02:18:38 - INFO - __main__ - Evaluating to get errors .... Timecode: 82
11/07/2021 02:18:42 - INFO - __main__ - Before Error Fixing: {'EM': 0.578125, 'QA-F1': 0.6607142857142857}
11/07/2021 02:18:42 - INFO - __main__ - Found 27 errors.
11/07/2021 02:18:42 - INFO - __main__ - Start error-fixing .... Timecode: 82
11/07/2021 02:18:45 - INFO - __main__ - Start error-fixing .... Done!
11/07/2021 02:18:47 - INFO - __main__ - Overall: 0.6529036632641678 from scores=[0.5079066265060241, 0.8148148148148148, 0.7734375, 0.693359375, 0.475]
11/07/2021 02:18:47 - INFO - __main__ - --------------------------------------------------
11/07/2021 02:18:47 - INFO - __main__ - Evaluating to get errors .... Timecode: 83
11/07/2021 02:18:50 - INFO - __main__ - Before Error Fixing: {'EM': 0.5, 'QA-F1': 0.624643759018759}
11/07/2021 02:18:50 - INFO - __main__ - Found 32 errors.
11/07/2021 02:18:50 - INFO - __main__ - Start error-fixing .... Timecode: 83
11/07/2021 02:18:54 - INFO - __main__ - Start error-fixing .... Done!
11/07/2021 02:18:56 - INFO - __main__ - Overall: 0.658671875 from scores=[0.5078125, 0.84375, 0.7734375, 0.693359375, 0.475]
11/07/2021 02:18:56 - INFO - __main__ - --------------------------------------------------
11/07/2021 02:18:56 - INFO - __main__ - Evaluating to get errors .... Timecode: 84
11/07/2021 02:19:00 - INFO - __main__ - Before Error Fixing: {'EM': 0.5625, 'QA-F1': 0.6844186723602484}
11/07/2021 02:19:00 - INFO - __main__ - Found 28 errors.
11/07/2021 02:19:00 - INFO - __main__ - Start error-fixing .... Timecode: 84
11/07/2021 02:19:04 - INFO - __main__ - Start error-fixing .... Done!
11/07/2021 02:19:07 - INFO - __main__ - Overall: 0.5829076943277312 from scores=[0.5084558823529413, 0.4642857142857143, 0.7734375, 0.693359375, 0.475]
11/07/2021 02:19:07 - INFO - __main__ - --------------------------------------------------
11/07/2021 02:19:07 - INFO - __main__ - Start eval_knowledge_retention for UKR @ Timecode=85
11/07/2021 02:19:41 - INFO - __main__ - Upstream Knowledge Retation (UKR@85): 0.6289
11/07/2021 02:19:43 - INFO - __main__ - Start eval_knowledge_retention for OKR @ Timecode=85
11/07/2021 02:20:25 - INFO - __main__ - Online Knowledge Retation (OKR@85): 0.7441
11/07/2021 02:20:25 - INFO - __main__ - Evaluating to get errors .... Timecode: 85
11/07/2021 02:20:29 - INFO - __main__ - Before Error Fixing: {'EM': 0.453125, 'QA-F1': 0.5925115523182958}
11/07/2021 02:20:29 - INFO - __main__ - Found 35 errors.
11/07/2021 02:20:29 - INFO - __main__ - Start error-fixing .... Timecode: 85
11/07/2021 02:20:34 - INFO - __main__ - Start error-fixing .... Done!
11/07/2021 02:20:37 - INFO - __main__ - Overall: 0.6311718749999999 from scores=[0.5078125, 0.8, 0.744140625, 0.62890625, 0.475]
11/07/2021 02:20:37 - INFO - __main__ - --------------------------------------------------
11/07/2021 02:20:37 - INFO - __main__ - Evaluating to get errors .... Timecode: 86
11/07/2021 02:20:42 - INFO - __main__ - Before Error Fixing: {'EM': 0.328125, 'QA-F1': 0.45779380988461116}
11/07/2021 02:20:42 - INFO - __main__ - Found 43 errors.
11/07/2021 02:20:42 - INFO - __main__ - Start error-fixing .... Timecode: 86
11/07/2021 02:20:48 - INFO - __main__ - Start error-fixing .... Done!
11/07/2021 02:20:52 - INFO - __main__ - Overall: 0.6382006607524726 from scores=[0.5057471264367817, 0.8372093023255814, 0.744140625, 0.62890625, 0.475]
11/07/2021 02:20:52 - INFO - __main__ - --------------------------------------------------
11/07/2021 02:20:52 - INFO - __main__ - Evaluating to get errors .... Timecode: 87
11/07/2021 02:20:57 - INFO - __main__ - Before Error Fixing: {'EM': 0.46875, 'QA-F1': 0.608358134920635}
11/07/2021 02:20:57 - INFO - __main__ - Found 34 errors.
11/07/2021 02:20:58 - INFO - __main__ - Start error-fixing .... Timecode: 87
11/07/2021 02:21:02 - INFO - __main__ - Start error-fixing .... Done!
11/07/2021 02:21:05 - INFO - __main__ - Overall: 0.5765570688502674 from scores=[0.5053267045454546, 0.5294117647058824, 0.744140625, 0.62890625, 0.475]
11/07/2021 02:21:05 - INFO - __main__ - --------------------------------------------------
11/07/2021 02:21:05 - INFO - __main__ - Evaluating to get errors .... Timecode: 88
11/07/2021 02:21:11 - INFO - __main__ - Before Error Fixing: {'EM': 0.5, 'QA-F1': 0.5740145340972012}
11/07/2021 02:21:11 - INFO - __main__ - Found 32 errors.
11/07/2021 02:21:11 - INFO - __main__ - Start error-fixing .... Timecode: 88
11/07/2021 02:21:15 - INFO - __main__ - Start error-fixing .... Done!
11/07/2021 02:21:18 - INFO - __main__ - Overall: 0.6144127457865168 from scores=[0.5052668539325842, 0.71875, 0.744140625, 0.62890625, 0.475]
11/07/2021 02:21:18 - INFO - __main__ - --------------------------------------------------
11/07/2021 02:21:18 - INFO - __main__ - Evaluating to get errors .... Timecode: 89
11/07/2021 02:21:23 - INFO - __main__ - Before Error Fixing: {'EM': 0.484375, 'QA-F1': 0.641222349759524}
11/07/2021 02:21:23 - INFO - __main__ - Found 33 errors.
11/07/2021 02:21:23 - INFO - __main__ - Start error-fixing .... Timecode: 89
11/07/2021 02:21:27 - INFO - __main__ - Start error-fixing .... Done!
11/07/2021 02:21:31 - INFO - __main__ - Overall: 0.622131470959596 from scores=[0.5050347222222222, 0.7575757575757576, 0.744140625, 0.62890625, 0.475]
11/07/2021 02:21:31 - INFO - __main__ - --------------------------------------------------
11/07/2021 02:21:31 - INFO - __main__ - Start eval_knowledge_retention for UKR @ Timecode=90
11/07/2021 02:22:04 - INFO - __main__ - Upstream Knowledge Retation (UKR@90): 0.6582
11/07/2021 02:22:06 - INFO - __main__ - Start eval_knowledge_retention for OKR @ Timecode=90
11/07/2021 02:22:45 - INFO - __main__ - Online Knowledge Retation (OKR@90): 0.7324
11/07/2021 02:22:45 - INFO - __main__ - Start eval_knowledge_generalization for KG @ Timecode=90
11/07/2021 02:24:17 - INFO - __main__ - Future Knowledge Generalization (KG@90): 0.4727
11/07/2021 02:24:17 - INFO - __main__ - Evaluating to get errors .... Timecode: 90
11/07/2021 02:24:23 - INFO - __main__ - Before Error Fixing: {'EM': 0.484375, 'QA-F1': 0.6396784964073688}
11/07/2021 02:24:23 - INFO - __main__ - Found 33 errors.
11/07/2021 02:24:23 - INFO - __main__ - Start error-fixing .... Timecode: 90
11/07/2021 02:24:27 - INFO - __main__ - Start error-fixing .... Done!
11/07/2021 02:24:30 - INFO - __main__ - Overall: 0.631193546037296 from scores=[0.5048076923076923, 0.7878787878787878, 0.732421875, 0.658203125, 0.47265625]
11/07/2021 02:24:33 - INFO - __main__ - Model saved to experiments/ckpt_dirs/qa/er/QA_simplecl_lr=5e-5_ep=3_T=100,b=64,alpha=0.9,beta=0.5,gamma=0.8/model_ckpt_090.pt.
11/07/2021 02:24:33 - INFO - __main__ - Updated result feule: experiments/results/qa/QA_simplecl_lr=5e-5_ep=3_T=100,b=64,alpha=0.9,beta=0.5,gamma=0.8_result.json at Timecode: 90.
11/07/2021 02:24:33 - INFO - __main__ - --------------------------------------------------
11/07/2021 02:24:33 - INFO - __main__ - Evaluating to get errors .... Timecode: 91
11/07/2021 02:24:38 - INFO - __main__ - Before Error Fixing: {'EM': 0.453125, 'QA-F1': 0.5881613934666162}
11/07/2021 02:24:38 - INFO - __main__ - Found 35 errors.
11/07/2021 02:24:38 - INFO - __main__ - Start error-fixing .... Timecode: 91
11/07/2021 02:24:43 - INFO - __main__ - Start error-fixing .... Done!
11/07/2021 02:24:46 - INFO - __main__ - Overall: 0.627791149068323 from scores=[0.5042459239130435, 0.7714285714285715, 0.732421875, 0.658203125, 0.47265625]
11/07/2021 02:24:46 - INFO - __main__ - --------------------------------------------------
11/07/2021 02:24:46 - INFO - __main__ - Evaluating to get errors .... Timecode: 92
11/07/2021 02:24:49 - INFO - __main__ - Before Error Fixing: {'EM': 0.5, 'QA-F1': 0.6044642857142857}
11/07/2021 02:24:49 - INFO - __main__ - Found 32 errors.
11/07/2021 02:24:50 - INFO - __main__ - Start error-fixing .... Timecode: 92
11/07/2021 02:24:54 - INFO - __main__ - Start error-fixing .... Done!
11/07/2021 02:24:56 - INFO - __main__ - Overall: 0.6172463037634408 from scores=[0.5042002688172043, 0.71875, 0.732421875, 0.658203125, 0.47265625]
11/07/2021 02:24:56 - INFO - __main__ - --------------------------------------------------
11/07/2021 02:24:56 - INFO - __main__ - Evaluating to get errors .... Timecode: 93
11/07/2021 02:25:01 - INFO - __main__ - Before Error Fixing: {'EM': 0.484375, 'QA-F1': 0.5766632929735955}
11/07/2021 02:25:01 - INFO - __main__ - Found 33 errors.
11/07/2021 02:25:02 - INFO - __main__ - Start error-fixing .... Timecode: 93
11/07/2021 02:25:06 - INFO - __main__ - Start error-fixing .... Done!
11/07/2021 02:25:09 - INFO - __main__ - Overall: 0.6431510920373953 from scores=[0.5039893617021276, 0.8484848484848485, 0.732421875, 0.658203125, 0.47265625]
11/07/2021 02:25:09 - INFO - __main__ - --------------------------------------------------
11/07/2021 02:25:09 - INFO - __main__ - Evaluating to get errors .... Timecode: 94
11/07/2021 02:25:13 - INFO - __main__ - Before Error Fixing: {'EM': 0.578125, 'QA-F1': 0.6494791666666666}
11/07/2021 02:25:13 - INFO - __main__ - Found 27 errors.
11/07/2021 02:25:14 - INFO - __main__ - Start error-fixing .... Timecode: 94
11/07/2021 02:25:17 - INFO - __main__ - Start error-fixing .... Done!
11/07/2021 02:25:18 - INFO - __main__ - Overall: 0.6662027899610136 from scores=[0.5047697368421052, 0.9629629629629629, 0.732421875, 0.658203125, 0.47265625]
11/07/2021 02:25:18 - INFO - __main__ - --------------------------------------------------
11/07/2021 02:25:18 - INFO - __main__ - Start eval_knowledge_retention for UKR @ Timecode=95
11/07/2021 02:25:49 - INFO - __main__ - Upstream Knowledge Retation (UKR@95): 0.6816
11/07/2021 02:25:50 - INFO - __main__ - Start eval_knowledge_retention for OKR @ Timecode=95
11/07/2021 02:26:26 - INFO - __main__ - Online Knowledge Retation (OKR@95): 0.7539
11/07/2021 02:26:26 - INFO - __main__ - Evaluating to get errors .... Timecode: 95
11/07/2021 02:26:29 - INFO - __main__ - Before Error Fixing: {'EM': 0.6875, 'QA-F1': 0.7349702380952381}
11/07/2021 02:26:29 - INFO - __main__ - Found 20 errors.
11/07/2021 02:26:29 - INFO - __main__ - Start error-fixing .... Timecode: 95
11/07/2021 02:26:32 - INFO - __main__ - Start error-fixing .... Done!
11/07/2021 02:26:33 - INFO - __main__ - Overall: 0.5729752604166667 from scores=[0.5066731770833333, 0.45, 0.75390625, 0.681640625, 0.47265625]
11/07/2021 02:26:33 - INFO - __main__ - --------------------------------------------------
11/07/2021 02:26:33 - INFO - __main__ - Evaluating to get errors .... Timecode: 96
11/07/2021 02:26:37 - INFO - __main__ - Before Error Fixing: {'EM': 0.625, 'QA-F1': 0.6584465579710145}
11/07/2021 02:26:37 - INFO - __main__ - Found 24 errors.
11/07/2021 02:26:37 - INFO - __main__ - Start error-fixing .... Timecode: 96
11/07/2021 02:26:40 - INFO - __main__ - Start error-fixing .... Done!
11/07/2021 02:26:41 - INFO - __main__ - Overall: 0.6082192332474227 from scores=[0.5078930412371134, 0.625, 0.75390625, 0.681640625, 0.47265625]
11/07/2021 02:26:41 - INFO - __main__ - --------------------------------------------------
11/07/2021 02:26:41 - INFO - __main__ - Evaluating to get errors .... Timecode: 97
11/07/2021 02:26:46 - INFO - __main__ - Before Error Fixing: {'EM': 0.4375, 'QA-F1': 0.5947874012155159}
11/07/2021 02:26:46 - INFO - __main__ - Found 36 errors.
11/07/2021 02:26:46 - INFO - __main__ - Start error-fixing .... Timecode: 97
11/07/2021 02:26:50 - INFO - __main__ - Start error-fixing .... Done!
11/07/2021 02:26:53 - INFO - __main__ - Overall: 0.6164089073129252 from scores=[0.5071747448979591, 0.6666666666666666, 0.75390625, 0.681640625, 0.47265625]
11/07/2021 02:26:53 - INFO - __main__ - --------------------------------------------------
11/07/2021 02:26:53 - INFO - __main__ - Evaluating to get errors .... Timecode: 98
11/07/2021 02:26:59 - INFO - __main__ - Before Error Fixing: {'EM': 0.40625, 'QA-F1': 0.5807150578118574}
11/07/2021 02:26:59 - INFO - __main__ - Found 38 errors.
11/07/2021 02:26:59 - INFO - __main__ - Start error-fixing .... Timecode: 98
11/07/2021 02:27:04 - INFO - __main__ - Start error-fixing .... Done!
11/07/2021 02:27:08 - INFO - __main__ - Overall: 0.6302401066586921 from scores=[0.506155303030303, 0.7368421052631579, 0.75390625, 0.681640625, 0.47265625]
11/07/2021 02:27:08 - INFO - __main__ - --------------------------------------------------
11/07/2021 02:27:08 - INFO - __main__ - Start eval_knowledge_retention for UKR @ Timecode=99
11/07/2021 02:27:43 - INFO - __main__ - Upstream Knowledge Retation (UKR@99): 0.6465
11/07/2021 02:27:45 - INFO - __main__ - Start eval_knowledge_retention for OKR @ Timecode=99
11/07/2021 02:28:27 - INFO - __main__ - Online Knowledge Retation (OKR@99): 0.7344
11/07/2021 02:28:27 - INFO - __main__ - Start eval_knowledge_generalization for KG @ Timecode=99
11/07/2021 02:30:03 - INFO - __main__ - Future Knowledge Generalization (KG@99): 0.4797
11/07/2021 02:30:03 - INFO - __main__ - Evaluating to get errors .... Timecode: 99
11/07/2021 02:30:09 - INFO - __main__ - Before Error Fixing: {'EM': 0.5625, 'QA-F1': 0.6816150668425388}
11/07/2021 02:30:09 - INFO - __main__ - Found 28 errors.
11/07/2021 02:30:09 - INFO - __main__ - Start error-fixing .... Timecode: 99
11/07/2021 02:30:11 - INFO - __main__ - Start error-fixing .... Done!
11/07/2021 02:30:14 - INFO - __main__ - Overall: 0.6520245535714285 from scores=[0.50671875, 0.8928571428571429, 0.734375, 0.646484375, 0.4796875]
11/07/2021 02:30:14 - INFO - __main__ - --------------------------------------------------
11/07/2021 02:30:14 - INFO - __main__ - Start the final evaluation.
11/07/2021 02:30:14 - INFO - __main__ - Nothing here.
11/07/2021 02:30:17 - INFO - __main__ - Model saved to experiments/ckpt_dirs/qa/er/QA_simplecl_lr=5e-5_ep=3_T=100,b=64,alpha=0.9,beta=0.5,gamma=0.8/model_ckpt_100.pt.
11/07/2021 02:30:17 - INFO - __main__ - Updated result feule: experiments/results/qa/QA_simplecl_lr=5e-5_ep=3_T=100,b=64,alpha=0.9,beta=0.5,gamma=0.8_result.json at Timecode: 100.
11/07/2021 02:30:17 - INFO - __main__ - Finished. Results saved to experiments/results/qa/QA_simplecl_lr=5e-5_ep=3_T=100,b=64,alpha=0.9,beta=0.5,gamma=0.8_result.json

