
11/10/2021 13:27:52 - INFO - __main__ - Namespace(adam_epsilon=1e-08, adapter_dim=32, append_another_bos=1, base_model_path='out/mrqa_squad_bart-base_1029_upstream_model//best-model.pt', base_model_type='facebook/bart-base', ckpt_dir='experiments/ckpt_dirs/qa/ibr/qa_ibr_lr=3e-5_ep=5_rs=32_rf=1_T=100,b=64,alpha=0.9,beta=0.5,gamma=0.8', cl_method_name='index_cl', current_thread_id=None, diff_loss_weight=0, do_lowercase=False, ewc_gamma=1, ewc_lambda=0.5, example_encoder_name='roberta-base', freeze_embeds=False, gradient_accumulation_steps=1, heldout_submission_data='experiments/eval_data/qa/heldout_eval.jsonl', index_rank_method='most_sim_input', indexing_args_path='exp_results/supervision_data/1012_dm_simple.train_args.json', indexing_method='bart_io_index', inference_query_size=1, init_memory_cache_path='experiments/eval_data/qa/bart_io_index.init_memory.pkl', kg_eval_freq=10, kg_eval_mode='metric', kr_eval_freq=10, kr_eval_mode='metric', learning_rate=3e-05, local_adapt_lr=1e-05, max_grad_norm=0.1, max_input_length=888, max_output_length=50, max_timecode=100, memory_key_encoder='facebook/bart-base', memory_path='experiments/ckpt_dirs/qa/ibr/qa_ibr_lr=3e-5_ep=5_rs=32_rf=1_T=100,b=64,alpha=0.9,beta=0.5,gamma=0.8/memory_dict.pkl', memory_store_rate=1.0, mir_abalation_args='none', num_adapt_epochs=0, num_beams=3, num_threads_eval=0, num_train_epochs=5.0, okr_sample_seed=1337, okr_sample_size=512, path_to_thread_result=None, predict_batch_size=48, prefix='qa_ibr_lr=3e-5_ep=5_rs=32_rf=1_T=100,b=64,alpha=0.9,beta=0.5,gamma=0.8', replay_candidate_size=8, replay_frequency=1, replay_size=32, result_file='experiments/results/qa/qa_ibr_lr=3e-5_ep=5_rs=32_rf=1_T=100,b=64,alpha=0.9,beta=0.5,gamma=0.8_result.json', save_ckpt_freq=10, seed=42, skip_instant_eval=False, submission_stream_data='experiments/eval_data/qa/submission_stream.T=100,b=64,alpha=0.9,beta=0.5,gamma=0.8.json', task_emb_dim=768, task_name='mrqa', train_batch_size=8, upstream_data_path='data/mrqa_squad/mrqa_squad_train.jsonl', upstream_eval_data='experiments/eval_data/qa/upstream_eval.jsonl', upstream_sample_ratio=0.5, use_mir=False, use_replay_mix=True, use_wandb=True, weight_decay=0.01)
11/10/2021 13:27:53 - INFO - transformers.tokenization_utils - loading file https://s3.amazonaws.com/models.huggingface.co/bert/roberta-large-vocab.json from cache at /private/home/yuchenlin/.cache/torch/transformers/1ae1f5b6e2b22b25ccc04c000bb79ca847aa226d0761536b011cf7e5868f0655.ef00af9e673c7160b4d41cfda1f48c5f4cba57d5142754525572a846a1ab1b9b
11/10/2021 13:27:53 - INFO - transformers.tokenization_utils - loading file https://s3.amazonaws.com/models.huggingface.co/bert/roberta-large-merges.txt from cache at /private/home/yuchenlin/.cache/torch/transformers/f8f83199a6270d582d6245dc100e99c4155de81c9745c6248077018fe01abcfb.70bec105b4158ed9a1747fea67a43f5dee97855c64d62b6ec3742f4cfdb5feda
11/10/2021 13:28:10 - INFO - __main__ - load_data: len(upstream_eval_examples)=512
11/10/2021 13:28:11 - INFO - __main__ - load_data: len(heldout_eval_examples)=1280
11/10/2021 13:28:14 - INFO - __main__ - Loading checkpoint from out/mrqa_squad_bart-base_1029_upstream_model//best-model.pt for facebook/bart-base .....
11/10/2021 13:28:15 - INFO - transformers.configuration_utils - loading configuration file https://s3.amazonaws.com/models.huggingface.co/bert/facebook/bart-base/config.json from cache at /private/home/yuchenlin/.cache/torch/transformers/09f4fcaeaf785dd3b97b085d6e3510c7081f586ec8e75981683c6299c0f81d9d.e8d516ad807436d395effad8c2326786872659b7dd1210827ac67c761198a0eb
11/10/2021 13:28:15 - INFO - transformers.configuration_utils - Model config BartConfig {
  "activation_dropout": 0.1,
  "activation_function": "gelu",
  "add_bias_logits": false,
  "add_final_layer_norm": false,
  "architectures": [
    "BartModel",
    "BartForConditionalGeneration",
    "BartForSequenceClassification"
  ],
  "attention_dropout": 0.1,
  "bos_token_id": 0,
  "classif_dropout": 0.0,
  "d_model": 768,
  "decoder_attention_heads": 12,
  "decoder_ffn_dim": 3072,
  "decoder_layerdrop": 0.0,
  "decoder_layers": 6,
  "decoder_start_token_id": 2,
  "dropout": 0.1,
  "early_stopping": true,
  "encoder_attention_heads": 12,
  "encoder_ffn_dim": 3072,
  "encoder_layerdrop": 0.0,
  "encoder_layers": 6,
  "eos_token_id": 2,
  "id2label": {
    "0": "LABEL_0",
    "1": "LABEL_1",
    "2": "LABEL_2"
  },
  "init_std": 0.02,
  "is_encoder_decoder": true,
  "label2id": {
    "LABEL_0": 0,
    "LABEL_1": 1,
    "LABEL_2": 2
  },
  "max_position_embeddings": 1024,
  "model_type": "bart",
  "no_repeat_ngram_size": 3,
  "normalize_before": false,
  "normalize_embedding": true,
  "num_beams": 4,
  "num_hidden_layers": 6,
  "pad_token_id": 1,
  "scale_embedding": false,
  "static_position_embeddings": false,
  "task_specific_params": {
    "summarization": {
      "length_penalty": 1.0,
      "max_length": 128,
      "min_length": 12,
      "num_beams": 4
    },
    "summarization_cnn": {
      "length_penalty": 2.0,
      "max_length": 142,
      "min_length": 56,
      "num_beams": 4
    },
    "summarization_xsum": {
      "length_penalty": 1.0,
      "max_length": 62,
      "min_length": 11,
      "num_beams": 6
    }
  },
  "vocab_size": 50265
}

11/10/2021 13:28:15 - INFO - transformers.modeling_utils - loading weights file https://cdn.huggingface.co/facebook/bart-base/pytorch_model.bin from cache at /private/home/yuchenlin/.cache/torch/transformers/566c05fb6983817e8ad7a4fa51e3099fe9caa3b31730f964bc5198d71c677523.0a3d95c18c1e434448941bc25accea7b122882be6526fb67c8e8fb6d5ebc711c
11/10/2021 13:28:18 - INFO - __main__ - Loading checkpoint from out/mrqa_squad_bart-base_1029_upstream_model//best-model.pt for facebook/bart-base ..... Done!
11/10/2021 13:28:20 - INFO - __main__ - Moving to the GPUs.
11/10/2021 13:28:20 - INFO - __main__ - Debugger Setup ......
11/10/2021 13:28:20 - INFO - __main__ - debugger_args: Namespace(adam_epsilon=1e-08, ckpt_dir='experiments/ckpt_dirs/qa/ibr/qa_ibr_lr=3e-5_ep=5_rs=32_rf=1_T=100,b=64,alpha=0.9,beta=0.5,gamma=0.8', diff_loss_weight=0, gradient_accumulation_steps=1, index_rank_method='most_sim_input', indexing_args_path='exp_results/supervision_data/1012_dm_simple.train_args.json', indexing_method='bart_io_index', inference_query_size=1, init_memory_cache_path='experiments/eval_data/qa/bart_io_index.init_memory.pkl', kg_eval_freq=10, kg_eval_mode='metric', kr_eval_freq=10, kr_eval_mode='metric', learning_rate=3e-05, local_adapt_lr=1e-05, max_grad_norm=0.1, memory_key_encoder='facebook/bart-base', memory_path='experiments/ckpt_dirs/qa/ibr/qa_ibr_lr=3e-5_ep=5_rs=32_rf=1_T=100,b=64,alpha=0.9,beta=0.5,gamma=0.8/memory_dict.pkl', memory_store_rate=1.0, num_adapt_epochs=0, num_epochs=5.0, okr_sample_seed=1337, okr_sample_size=512, replay_candidate_size=8, replay_frequency=1, replay_size=32, save_ckpt_freq=10, skip_instant_eval=False, total_steps=10000, upstream_sample_ratio=0.5, use_mir=False, use_replay_mix=True, warmup_steps=0, weight_decay=0.01) ......
11/10/2021 13:28:20 - INFO - __main__ - optimizer & scheduler Setup ...... Done!
11/10/2021 13:28:20 - INFO - __main__ - Debugger Setup ...... Done!
11/10/2021 13:28:20 - INFO - __main__ - indexing_method=bart_io_index
11/10/2021 13:28:20 - INFO - __main__ - bart_io_index
11/10/2021 13:28:21 - INFO - transformers.tokenization_utils - loading file https://s3.amazonaws.com/models.huggingface.co/bert/roberta-large-vocab.json from cache at /private/home/yuchenlin/.cache/torch/transformers/1ae1f5b6e2b22b25ccc04c000bb79ca847aa226d0761536b011cf7e5868f0655.ef00af9e673c7160b4d41cfda1f48c5f4cba57d5142754525572a846a1ab1b9b
11/10/2021 13:28:21 - INFO - transformers.tokenization_utils - loading file https://s3.amazonaws.com/models.huggingface.co/bert/roberta-large-merges.txt from cache at /private/home/yuchenlin/.cache/torch/transformers/f8f83199a6270d582d6245dc100e99c4155de81c9745c6248077018fe01abcfb.70bec105b4158ed9a1747fea67a43f5dee97855c64d62b6ec3742f4cfdb5feda
11/10/2021 13:28:21 - INFO - __main__ - Loading checkpoint from out/mrqa_squad_bart-base_1029_upstream_model//best-model.pt for facebook/bart-base .....
11/10/2021 13:28:22 - INFO - transformers.configuration_utils - loading configuration file https://s3.amazonaws.com/models.huggingface.co/bert/facebook/bart-base/config.json from cache at /private/home/yuchenlin/.cache/torch/transformers/09f4fcaeaf785dd3b97b085d6e3510c7081f586ec8e75981683c6299c0f81d9d.e8d516ad807436d395effad8c2326786872659b7dd1210827ac67c761198a0eb
11/10/2021 13:28:22 - INFO - transformers.configuration_utils - Model config BartConfig {
  "activation_dropout": 0.1,
  "activation_function": "gelu",
  "add_bias_logits": false,
  "add_final_layer_norm": false,
  "architectures": [
    "BartModel",
    "BartForConditionalGeneration",
    "BartForSequenceClassification"
  ],
  "attention_dropout": 0.1,
  "bos_token_id": 0,
  "classif_dropout": 0.0,
  "d_model": 768,
  "decoder_attention_heads": 12,
  "decoder_ffn_dim": 3072,
  "decoder_layerdrop": 0.0,
  "decoder_layers": 6,
  "decoder_start_token_id": 2,
  "dropout": 0.1,
  "early_stopping": true,
  "encoder_attention_heads": 12,
  "encoder_ffn_dim": 3072,
  "encoder_layerdrop": 0.0,
  "encoder_layers": 6,
  "eos_token_id": 2,
  "id2label": {
    "0": "LABEL_0",
    "1": "LABEL_1",
    "2": "LABEL_2"
  },
  "init_std": 0.02,
  "is_encoder_decoder": true,
  "label2id": {
    "LABEL_0": 0,
    "LABEL_1": 1,
    "LABEL_2": 2
  },
  "max_position_embeddings": 1024,
  "model_type": "bart",
  "no_repeat_ngram_size": 3,
  "normalize_before": false,
  "normalize_embedding": true,
  "num_beams": 4,
  "num_hidden_layers": 6,
  "pad_token_id": 1,
  "scale_embedding": false,
  "static_position_embeddings": false,
  "task_specific_params": {
    "summarization": {
      "length_penalty": 1.0,
      "max_length": 128,
      "min_length": 12,
      "num_beams": 4
    },
    "summarization_cnn": {
      "length_penalty": 2.0,
      "max_length": 142,
      "min_length": 56,
      "num_beams": 4
    },
    "summarization_xsum": {
      "length_penalty": 1.0,
      "max_length": 62,
      "min_length": 11,
      "num_beams": 6
    }
  },
  "vocab_size": 50265
}

11/10/2021 13:28:22 - INFO - transformers.modeling_utils - loading weights file https://cdn.huggingface.co/facebook/bart-base/pytorch_model.bin from cache at /private/home/yuchenlin/.cache/torch/transformers/566c05fb6983817e8ad7a4fa51e3099fe9caa3b31730f964bc5198d71c677523.0a3d95c18c1e434448941bc25accea7b122882be6526fb67c8e8fb6d5ebc711c
11/10/2021 13:28:24 - INFO - __main__ - Loading checkpoint from out/mrqa_squad_bart-base_1029_upstream_model//best-model.pt for facebook/bart-base ..... Done!
11/10/2021 13:28:25 - INFO - __main__ - Moving to the GPUs.
11/10/2021 13:28:27 - INFO - __main__ - Load the cache to experiments/eval_data/qa/bart_io_index.init_memory.pkl
11/10/2021 13:28:27 - INFO - __main__ - upstream_sample_ratio > 0 ; two seperate memory module
11/10/2021 13:28:28 - INFO - transformers.tokenization_utils - loading file https://s3.amazonaws.com/models.huggingface.co/bert/roberta-large-vocab.json from cache at /private/home/yuchenlin/.cache/torch/transformers/1ae1f5b6e2b22b25ccc04c000bb79ca847aa226d0761536b011cf7e5868f0655.ef00af9e673c7160b4d41cfda1f48c5f4cba57d5142754525572a846a1ab1b9b
11/10/2021 13:28:28 - INFO - transformers.tokenization_utils - loading file https://s3.amazonaws.com/models.huggingface.co/bert/roberta-large-merges.txt from cache at /private/home/yuchenlin/.cache/torch/transformers/f8f83199a6270d582d6245dc100e99c4155de81c9745c6248077018fe01abcfb.70bec105b4158ed9a1747fea67a43f5dee97855c64d62b6ec3742f4cfdb5feda
11/10/2021 13:28:28 - INFO - __main__ - Loading checkpoint from out/mrqa_squad_bart-base_1029_upstream_model//best-model.pt for facebook/bart-base .....
11/10/2021 13:28:29 - INFO - transformers.configuration_utils - loading configuration file https://s3.amazonaws.com/models.huggingface.co/bert/facebook/bart-base/config.json from cache at /private/home/yuchenlin/.cache/torch/transformers/09f4fcaeaf785dd3b97b085d6e3510c7081f586ec8e75981683c6299c0f81d9d.e8d516ad807436d395effad8c2326786872659b7dd1210827ac67c761198a0eb
11/10/2021 13:28:29 - INFO - transformers.configuration_utils - Model config BartConfig {
  "activation_dropout": 0.1,
  "activation_function": "gelu",
  "add_bias_logits": false,
  "add_final_layer_norm": false,
  "architectures": [
    "BartModel",
    "BartForConditionalGeneration",
    "BartForSequenceClassification"
  ],
  "attention_dropout": 0.1,
  "bos_token_id": 0,
  "classif_dropout": 0.0,
  "d_model": 768,
  "decoder_attention_heads": 12,
  "decoder_ffn_dim": 3072,
  "decoder_layerdrop": 0.0,
  "decoder_layers": 6,
  "decoder_start_token_id": 2,
  "dropout": 0.1,
  "early_stopping": true,
  "encoder_attention_heads": 12,
  "encoder_ffn_dim": 3072,
  "encoder_layerdrop": 0.0,
  "encoder_layers": 6,
  "eos_token_id": 2,
  "id2label": {
    "0": "LABEL_0",
    "1": "LABEL_1",
    "2": "LABEL_2"
  },
  "init_std": 0.02,
  "is_encoder_decoder": true,
  "label2id": {
    "LABEL_0": 0,
    "LABEL_1": 1,
    "LABEL_2": 2
  },
  "max_position_embeddings": 1024,
  "model_type": "bart",
  "no_repeat_ngram_size": 3,
  "normalize_before": false,
  "normalize_embedding": true,
  "num_beams": 4,
  "num_hidden_layers": 6,
  "pad_token_id": 1,
  "scale_embedding": false,
  "static_position_embeddings": false,
  "task_specific_params": {
    "summarization": {
      "length_penalty": 1.0,
      "max_length": 128,
      "min_length": 12,
      "num_beams": 4
    },
    "summarization_cnn": {
      "length_penalty": 2.0,
      "max_length": 142,
      "min_length": 56,
      "num_beams": 4
    },
    "summarization_xsum": {
      "length_penalty": 1.0,
      "max_length": 62,
      "min_length": 11,
      "num_beams": 6
    }
  },
  "vocab_size": 50265
}

11/10/2021 13:28:29 - INFO - transformers.modeling_utils - loading weights file https://cdn.huggingface.co/facebook/bart-base/pytorch_model.bin from cache at /private/home/yuchenlin/.cache/torch/transformers/566c05fb6983817e8ad7a4fa51e3099fe9caa3b31730f964bc5198d71c677523.0a3d95c18c1e434448941bc25accea7b122882be6526fb67c8e8fb6d5ebc711c
11/10/2021 13:28:32 - INFO - __main__ - Loading checkpoint from out/mrqa_squad_bart-base_1029_upstream_model//best-model.pt for facebook/bart-base ..... Done!
11/10/2021 13:28:32 - INFO - __main__ - Moving to the GPUs.
11/10/2021 13:28:32 - INFO - __main__ - Start Online Debugging with Dynamic Error Mode
11/10/2021 13:28:32 - INFO - __main__ - Number of Batches of Data: 100
11/10/2021 13:28:32 - INFO - __main__ - Data Batch Size: 64;
11/10/2021 13:28:33 - INFO - __main__ - Model saved to experiments/ckpt_dirs/qa/ibr/qa_ibr_lr=3e-5_ep=5_rs=32_rf=1_T=100,b=64,alpha=0.9,beta=0.5,gamma=0.8/model_ckpt_000.pt.
11/10/2021 13:28:33 - INFO - __main__ - Copying initial model
11/10/2021 13:28:33 - INFO - __main__ - Start eval_knowledge_retention for UKR @ Timecode=0
11/10/2021 13:29:01 - INFO - __main__ - Upstream Knowledge Retation (UKR@0): 0.8027
11/10/2021 13:29:01 - INFO - __main__ - Start eval_knowledge_generalization for KG @ Timecode=0
11/10/2021 13:31:05 - INFO - __main__ - Future Knowledge Generalization (KG@0): 0.3125
11/10/2021 13:31:05 - INFO - __main__ - Evaluating to get errors .... Timecode: 0
11/10/2021 13:31:08 - INFO - __main__ - Before Error Fixing: {'EM': 0.828125, 'QA-F1': 0.8576388888888888}
11/10/2021 13:31:08 - INFO - __main__ - Found 11 errors.
11/10/2021 13:31:08 - INFO - __main__ - Start error-fixing (len(examples_to_train)=11) .... Timecode: 0
11/10/2021 13:31:10 - INFO - __main__ - Start error-fixing .... Done!
11/10/2021 13:31:10 - INFO - __main__ - Saving the current error examples (len=11) to the memory.
11/10/2021 13:31:10 - INFO - __main__ - Current memroy_module size: 0.
11/10/2021 13:31:10 - INFO - __main__ - Current upstream_memroy_module size: 86420.
11/10/2021 13:31:10 - INFO - __main__ - Finished.

