
10/31/2021 00:26:42 - INFO - __main__ - Namespace(adam_epsilon=1e-08, adapter_dim=32, append_another_bos=1, base_model_path='out/mrqa_squad_bart-base_1029_upstream_model//best-model.pt', base_model_type='facebook/bart-base', ckpt_dir='experiments/ckpt_dirs/qa/nonecl', cl_method_name='none_cl', current_thread_id=None, do_lowercase=False, ewc_gamma=1, ewc_lambda=0.5, example_encoder_name='roberta-base', freeze_embeds=False, gradient_accumulation_steps=1, heldout_submission_data='experiments/eval_data/qa/heldout_eval.v1.jsonl', index_rank_method='most_similar', indexing_args_path='exp_results/supervision_data/1012_dm_simple.train_args.json', indexing_method='bart_index', inference_query_size=1, init_memory_cache_path='bug_data/memory_key_cache.pkl', kg_eval_freq=1, kg_eval_mode='loss', kr_eval_freq=5, kr_eval_mode='metric', learning_rate=1e-05, local_adapt_lr=1e-05, max_grad_norm=0.1, max_input_length=888, max_output_length=50, max_timecode=100, memory_key_encoder='facebook/bart-base', memory_path='', memory_store_rate=1.0, mir_abalation_args='none', num_adapt_epochs=1, num_beams=3, num_threads_eval=0, num_train_epochs=3.0, path_to_thread_result=None, predict_batch_size=64, prefix='1030_QA_v1_T=100_nonecl_seed=42', replay_candidate_size=8, replay_frequency=1, replay_size=8, result_file='exp_results/dynamic_stream/none/results/1030_QA_v1_T=100_nonecl_seed=42_result.json', save_ckpt_freq=30, seed=42, skip_instant_eval=False, submission_stream_data='experiments/eval_data/qa/dynamic_submission_stream.v1.json', task_emb_dim=768, task_name='mrqa', train_batch_size=8, upstream_eval_data='experiments/eval_data/qa/upstream_eval.v1.jsonl', upstream_sample_ratio=-1, upstrem_memory_data='', use_mir=False, use_replay_mix=False, use_wandb=True, weight_decay=0.01)
10/31/2021 00:26:43 - INFO - transformers.tokenization_utils - loading file https://s3.amazonaws.com/models.huggingface.co/bert/roberta-large-vocab.json from cache at /private/home/yuchenlin/.cache/torch/transformers/1ae1f5b6e2b22b25ccc04c000bb79ca847aa226d0761536b011cf7e5868f0655.ef00af9e673c7160b4d41cfda1f48c5f4cba57d5142754525572a846a1ab1b9b
10/31/2021 00:26:43 - INFO - transformers.tokenization_utils - loading file https://s3.amazonaws.com/models.huggingface.co/bert/roberta-large-merges.txt from cache at /private/home/yuchenlin/.cache/torch/transformers/f8f83199a6270d582d6245dc100e99c4155de81c9745c6248077018fe01abcfb.70bec105b4158ed9a1747fea67a43f5dee97855c64d62b6ec3742f4cfdb5feda
10/31/2021 00:26:57 - INFO - __main__ - Loading checkpoint from out/mrqa_squad_bart-base_1029_upstream_model//best-model.pt for facebook/bart-base .....
10/31/2021 00:26:57 - INFO - transformers.configuration_utils - loading configuration file https://s3.amazonaws.com/models.huggingface.co/bert/facebook/bart-base/config.json from cache at /private/home/yuchenlin/.cache/torch/transformers/09f4fcaeaf785dd3b97b085d6e3510c7081f586ec8e75981683c6299c0f81d9d.e8d516ad807436d395effad8c2326786872659b7dd1210827ac67c761198a0eb
10/31/2021 00:26:57 - INFO - transformers.configuration_utils - Model config BartConfig {
  "activation_dropout": 0.1,
  "activation_function": "gelu",
  "add_bias_logits": false,
  "add_final_layer_norm": false,
  "architectures": [
    "BartModel",
    "BartForConditionalGeneration",
    "BartForSequenceClassification"
  ],
  "attention_dropout": 0.1,
  "bos_token_id": 0,
  "classif_dropout": 0.0,
  "d_model": 768,
  "decoder_attention_heads": 12,
  "decoder_ffn_dim": 3072,
  "decoder_layerdrop": 0.0,
  "decoder_layers": 6,
  "decoder_start_token_id": 2,
  "dropout": 0.1,
  "early_stopping": true,
  "encoder_attention_heads": 12,
  "encoder_ffn_dim": 3072,
  "encoder_layerdrop": 0.0,
  "encoder_layers": 6,
  "eos_token_id": 2,
  "id2label": {
    "0": "LABEL_0",
    "1": "LABEL_1",
    "2": "LABEL_2"
  },
  "init_std": 0.02,
  "is_encoder_decoder": true,
  "label2id": {
    "LABEL_0": 0,
    "LABEL_1": 1,
    "LABEL_2": 2
  },
  "max_position_embeddings": 1024,
  "model_type": "bart",
  "no_repeat_ngram_size": 3,
  "normalize_before": false,
  "normalize_embedding": true,
  "num_beams": 4,
  "num_hidden_layers": 6,
  "pad_token_id": 1,
  "scale_embedding": false,
  "static_position_embeddings": false,
  "task_specific_params": {
    "summarization": {
      "length_penalty": 1.0,
      "max_length": 128,
      "min_length": 12,
      "num_beams": 4
    },
    "summarization_cnn": {
      "length_penalty": 2.0,
      "max_length": 142,
      "min_length": 56,
      "num_beams": 4
    },
    "summarization_xsum": {
      "length_penalty": 1.0,
      "max_length": 62,
      "min_length": 11,
      "num_beams": 6
    }
  },
  "vocab_size": 50265
}

10/31/2021 00:26:57 - INFO - transformers.modeling_utils - loading weights file https://cdn.huggingface.co/facebook/bart-base/pytorch_model.bin from cache at /private/home/yuchenlin/.cache/torch/transformers/566c05fb6983817e8ad7a4fa51e3099fe9caa3b31730f964bc5198d71c677523.0a3d95c18c1e434448941bc25accea7b122882be6526fb67c8e8fb6d5ebc711c
10/31/2021 00:27:00 - INFO - __main__ - Loading checkpoint from out/mrqa_squad_bart-base_1029_upstream_model//best-model.pt for facebook/bart-base ..... Done!
10/31/2021 00:27:03 - INFO - __main__ - Moving to the GPUs.
10/31/2021 00:27:03 - INFO - __main__ - No debugger!
10/31/2021 00:27:03 - INFO - __main__ - Start Online Debugging with Dynamic Error Mode
10/31/2021 00:27:03 - INFO - __main__ - Number of Batches of Data: 100
10/31/2021 00:27:03 - INFO - __main__ - Data Batch Size: 64;
10/31/2021 00:27:04 - INFO - __main__ - Model saved to experiments/ckpt_dirs/qa/nonecl/model_ckpt_000.pt.
10/31/2021 00:27:04 - INFO - __main__ - Start eval_knowledge_retention for UKR @ Timecode=0
10/31/2021 00:27:36 - INFO - __main__ - Upstream Knowledge Retation (UKR#0): 0.7559
10/31/2021 00:27:36 - INFO - __main__ - Evaluating to get errors .... Timecode: 0
10/31/2021 00:27:40 - INFO - __main__ - Before Error Fixing: {'EM': 0.578125, 'QA-F1': 0.7646237102143643}
10/31/2021 00:27:40 - INFO - __main__ - Found 27 errors.
10/31/2021 00:27:40 - INFO - __main__ - Start error-fixing .... Timecode: 0
10/31/2021 00:27:40 - INFO - __main__ - No debugging at all.
10/31/2021 00:27:40 - INFO - __main__ - Start error-fixing .... Done!
10/31/2021 00:27:44 - INFO - __main__ - Model saved to experiments/ckpt_dirs/qa/nonecl/model_ckpt_000.pt.
10/31/2021 00:27:44 - INFO - __main__ - Evaluating to get errors .... Timecode: 1
10/31/2021 00:27:50 - INFO - __main__ - Before Error Fixing: {'EM': 0.609375, 'QA-F1': 0.7322438556813557}
10/31/2021 00:27:50 - INFO - __main__ - Found 25 errors.
10/31/2021 00:27:50 - INFO - __main__ - Start error-fixing .... Timecode: 1
10/31/2021 00:27:50 - INFO - __main__ - No debugging at all.
10/31/2021 00:27:50 - INFO - __main__ - Start error-fixing .... Done!
10/31/2021 00:27:52 - INFO - __main__ - Evaluating to get errors .... Timecode: 2
10/31/2021 00:27:56 - INFO - __main__ - Before Error Fixing: {'EM': 0.59375, 'QA-F1': 0.6721137318563788}
10/31/2021 00:27:56 - INFO - __main__ - Found 26 errors.
10/31/2021 00:27:56 - INFO - __main__ - Start error-fixing .... Timecode: 2
10/31/2021 00:27:56 - INFO - __main__ - No debugging at all.
10/31/2021 00:27:56 - INFO - __main__ - Start error-fixing .... Done!
10/31/2021 00:27:58 - INFO - __main__ - Evaluating to get errors .... Timecode: 3
10/31/2021 00:28:02 - INFO - __main__ - Before Error Fixing: {'EM': 0.640625, 'QA-F1': 0.750240058200764}
10/31/2021 00:28:02 - INFO - __main__ - Found 23 errors.
10/31/2021 00:28:02 - INFO - __main__ - Start error-fixing .... Timecode: 3
10/31/2021 00:28:02 - INFO - __main__ - No debugging at all.
10/31/2021 00:28:02 - INFO - __main__ - Start error-fixing .... Done!
10/31/2021 00:28:04 - INFO - __main__ - Evaluating to get errors .... Timecode: 4
10/31/2021 00:28:08 - INFO - __main__ - Before Error Fixing: {'EM': 0.640625, 'QA-F1': 0.742758712279078}
10/31/2021 00:28:08 - INFO - __main__ - Found 23 errors.
10/31/2021 00:28:08 - INFO - __main__ - Start error-fixing .... Timecode: 4
10/31/2021 00:28:08 - INFO - __main__ - No debugging at all.
10/31/2021 00:28:08 - INFO - __main__ - Start error-fixing .... Done!
10/31/2021 00:28:10 - INFO - __main__ - Start eval_knowledge_retention for UKR @ Timecode=5
10/31/2021 00:28:42 - INFO - __main__ - Upstream Knowledge Retation (UKR#5): 0.7559
10/31/2021 00:28:42 - INFO - __main__ - Evaluating to get errors .... Timecode: 5
10/31/2021 00:28:46 - INFO - __main__ - Before Error Fixing: {'EM': 0.671875, 'QA-F1': 0.7694689234936212}
10/31/2021 00:28:46 - INFO - __main__ - Found 21 errors.
10/31/2021 00:28:46 - INFO - __main__ - Start error-fixing .... Timecode: 5
10/31/2021 00:28:46 - INFO - __main__ - No debugging at all.
10/31/2021 00:28:46 - INFO - __main__ - Start error-fixing .... Done!
10/31/2021 00:28:48 - INFO - __main__ - Evaluating to get errors .... Timecode: 6
10/31/2021 00:28:53 - INFO - __main__ - Before Error Fixing: {'EM': 0.515625, 'QA-F1': 0.6290534259147893}
10/31/2021 00:28:53 - INFO - __main__ - Found 31 errors.
10/31/2021 00:28:53 - INFO - __main__ - Start error-fixing .... Timecode: 6
10/31/2021 00:28:53 - INFO - __main__ - No debugging at all.
10/31/2021 00:28:53 - INFO - __main__ - Start error-fixing .... Done!
10/31/2021 00:28:55 - INFO - __main__ - Evaluating to get errors .... Timecode: 7
10/31/2021 00:28:59 - INFO - __main__ - Before Error Fixing: {'EM': 0.5625, 'QA-F1': 0.6882697701781382}
10/31/2021 00:28:59 - INFO - __main__ - Found 28 errors.
10/31/2021 00:28:59 - INFO - __main__ - Start error-fixing .... Timecode: 7
10/31/2021 00:28:59 - INFO - __main__ - No debugging at all.
10/31/2021 00:28:59 - INFO - __main__ - Start error-fixing .... Done!
10/31/2021 00:29:00 - INFO - __main__ - Evaluating to get errors .... Timecode: 8
10/31/2021 00:29:05 - INFO - __main__ - Before Error Fixing: {'EM': 0.640625, 'QA-F1': 0.7481925220247588}
10/31/2021 00:29:05 - INFO - __main__ - Found 23 errors.
10/31/2021 00:29:05 - INFO - __main__ - Start error-fixing .... Timecode: 8
10/31/2021 00:29:05 - INFO - __main__ - No debugging at all.
10/31/2021 00:29:05 - INFO - __main__ - Start error-fixing .... Done!
10/31/2021 00:29:07 - INFO - __main__ - Evaluating to get errors .... Timecode: 9
10/31/2021 00:29:13 - INFO - __main__ - Before Error Fixing: {'EM': 0.53125, 'QA-F1': 0.6621037637811535}
10/31/2021 00:29:13 - INFO - __main__ - Found 30 errors.
10/31/2021 00:29:13 - INFO - __main__ - Start error-fixing .... Timecode: 9
10/31/2021 00:29:13 - INFO - __main__ - No debugging at all.
10/31/2021 00:29:13 - INFO - __main__ - Start error-fixing .... Done!
10/31/2021 00:29:15 - INFO - __main__ - Start eval_knowledge_retention for UKR @ Timecode=10
10/31/2021 00:29:47 - INFO - __main__ - Upstream Knowledge Retation (UKR#10): 0.7559
10/31/2021 00:29:47 - INFO - __main__ - Evaluating to get errors .... Timecode: 10
10/31/2021 00:29:51 - INFO - __main__ - Before Error Fixing: {'EM': 0.609375, 'QA-F1': 0.6948515009636334}
10/31/2021 00:29:51 - INFO - __main__ - Found 25 errors.
10/31/2021 00:29:51 - INFO - __main__ - Start error-fixing .... Timecode: 10
10/31/2021 00:29:51 - INFO - __main__ - No debugging at all.
10/31/2021 00:29:51 - INFO - __main__ - Start error-fixing .... Done!
10/31/2021 00:29:53 - INFO - __main__ - Evaluating to get errors .... Timecode: 11
10/31/2021 00:29:57 - INFO - __main__ - Before Error Fixing: {'EM': 0.421875, 'QA-F1': 0.5894919463173939}
10/31/2021 00:29:57 - INFO - __main__ - Found 37 errors.
10/31/2021 00:29:57 - INFO - __main__ - Start error-fixing .... Timecode: 11
10/31/2021 00:29:57 - INFO - __main__ - No debugging at all.
10/31/2021 00:29:57 - INFO - __main__ - Start error-fixing .... Done!
10/31/2021 00:30:00 - INFO - __main__ - Evaluating to get errors .... Timecode: 12
10/31/2021 00:30:05 - INFO - __main__ - Before Error Fixing: {'EM': 0.578125, 'QA-F1': 0.7324016389312442}
10/31/2021 00:30:05 - INFO - __main__ - Found 27 errors.
10/31/2021 00:30:05 - INFO - __main__ - Start error-fixing .... Timecode: 12
10/31/2021 00:30:05 - INFO - __main__ - No debugging at all.
10/31/2021 00:30:05 - INFO - __main__ - Start error-fixing .... Done!
10/31/2021 00:30:07 - INFO - __main__ - Evaluating to get errors .... Timecode: 13
10/31/2021 00:30:12 - INFO - __main__ - Before Error Fixing: {'EM': 0.671875, 'QA-F1': 0.7341308791340176}
10/31/2021 00:30:12 - INFO - __main__ - Found 21 errors.
10/31/2021 00:30:12 - INFO - __main__ - Start error-fixing .... Timecode: 13
10/31/2021 00:30:12 - INFO - __main__ - No debugging at all.
10/31/2021 00:30:12 - INFO - __main__ - Start error-fixing .... Done!
10/31/2021 00:30:13 - INFO - __main__ - Evaluating to get errors .... Timecode: 14
10/31/2021 00:30:17 - INFO - __main__ - Before Error Fixing: {'EM': 0.609375, 'QA-F1': 0.7088936432176921}
10/31/2021 00:30:17 - INFO - __main__ - Found 25 errors.
10/31/2021 00:30:17 - INFO - __main__ - Start error-fixing .... Timecode: 14
10/31/2021 00:30:17 - INFO - __main__ - No debugging at all.
10/31/2021 00:30:17 - INFO - __main__ - Start error-fixing .... Done!
10/31/2021 00:30:19 - INFO - __main__ - Start eval_knowledge_retention for UKR @ Timecode=15
10/31/2021 00:30:51 - INFO - __main__ - Upstream Knowledge Retation (UKR#15): 0.7559
10/31/2021 00:30:51 - INFO - __main__ - Evaluating to get errors .... Timecode: 15
10/31/2021 00:30:56 - INFO - __main__ - Before Error Fixing: {'EM': 0.5625, 'QA-F1': 0.656987320438849}
10/31/2021 00:30:56 - INFO - __main__ - Found 28 errors.
10/31/2021 00:30:56 - INFO - __main__ - Start error-fixing .... Timecode: 15
10/31/2021 00:30:56 - INFO - __main__ - No debugging at all.
10/31/2021 00:30:56 - INFO - __main__ - Start error-fixing .... Done!
10/31/2021 00:30:58 - INFO - __main__ - Evaluating to get errors .... Timecode: 16
10/31/2021 00:31:03 - INFO - __main__ - Before Error Fixing: {'EM': 0.515625, 'QA-F1': 0.6696732424298697}
10/31/2021 00:31:03 - INFO - __main__ - Found 31 errors.
10/31/2021 00:31:03 - INFO - __main__ - Start error-fixing .... Timecode: 16
10/31/2021 00:31:03 - INFO - __main__ - No debugging at all.
10/31/2021 00:31:03 - INFO - __main__ - Start error-fixing .... Done!
10/31/2021 00:31:05 - INFO - __main__ - Evaluating to get errors .... Timecode: 17
10/31/2021 00:31:09 - INFO - __main__ - Before Error Fixing: {'EM': 0.546875, 'QA-F1': 0.6676214263777033}
10/31/2021 00:31:09 - INFO - __main__ - Found 29 errors.
10/31/2021 00:31:09 - INFO - __main__ - Start error-fixing .... Timecode: 17
10/31/2021 00:31:09 - INFO - __main__ - No debugging at all.
10/31/2021 00:31:09 - INFO - __main__ - Start error-fixing .... Done!
10/31/2021 00:31:11 - INFO - __main__ - Evaluating to get errors .... Timecode: 18
10/31/2021 00:31:16 - INFO - __main__ - Before Error Fixing: {'EM': 0.546875, 'QA-F1': 0.6694943337912087}
10/31/2021 00:31:16 - INFO - __main__ - Found 29 errors.
10/31/2021 00:31:16 - INFO - __main__ - Start error-fixing .... Timecode: 18
10/31/2021 00:31:16 - INFO - __main__ - No debugging at all.
10/31/2021 00:31:16 - INFO - __main__ - Start error-fixing .... Done!
10/31/2021 00:31:18 - INFO - __main__ - Evaluating to get errors .... Timecode: 19
10/31/2021 00:31:23 - INFO - __main__ - Before Error Fixing: {'EM': 0.59375, 'QA-F1': 0.7493285430402604}
10/31/2021 00:31:23 - INFO - __main__ - Found 26 errors.
10/31/2021 00:31:23 - INFO - __main__ - Start error-fixing .... Timecode: 19
10/31/2021 00:31:23 - INFO - __main__ - No debugging at all.
10/31/2021 00:31:23 - INFO - __main__ - Start error-fixing .... Done!
10/31/2021 00:31:25 - INFO - __main__ - Start eval_knowledge_retention for UKR @ Timecode=20
10/31/2021 00:31:56 - INFO - __main__ - Upstream Knowledge Retation (UKR#20): 0.7559
10/31/2021 00:31:56 - INFO - __main__ - Evaluating to get errors .... Timecode: 20
10/31/2021 00:32:02 - INFO - __main__ - Before Error Fixing: {'EM': 0.53125, 'QA-F1': 0.6953262140896749}
10/31/2021 00:32:02 - INFO - __main__ - Found 30 errors.
10/31/2021 00:32:02 - INFO - __main__ - Start error-fixing .... Timecode: 20
10/31/2021 00:32:02 - INFO - __main__ - No debugging at all.
10/31/2021 00:32:02 - INFO - __main__ - Start error-fixing .... Done!
10/31/2021 00:32:05 - INFO - __main__ - Evaluating to get errors .... Timecode: 21
10/31/2021 00:32:10 - INFO - __main__ - Before Error Fixing: {'EM': 0.515625, 'QA-F1': 0.6712423713342831}
10/31/2021 00:32:10 - INFO - __main__ - Found 31 errors.
10/31/2021 00:32:10 - INFO - __main__ - Start error-fixing .... Timecode: 21
10/31/2021 00:32:10 - INFO - __main__ - No debugging at all.
10/31/2021 00:32:10 - INFO - __main__ - Start error-fixing .... Done!
10/31/2021 00:32:13 - INFO - __main__ - Evaluating to get errors .... Timecode: 22
10/31/2021 00:32:19 - INFO - __main__ - Before Error Fixing: {'EM': 0.484375, 'QA-F1': 0.6419716254266665}
10/31/2021 00:32:19 - INFO - __main__ - Found 33 errors.
10/31/2021 00:32:19 - INFO - __main__ - Start error-fixing .... Timecode: 22
10/31/2021 00:32:19 - INFO - __main__ - No debugging at all.
10/31/2021 00:32:19 - INFO - __main__ - Start error-fixing .... Done!
10/31/2021 00:32:22 - INFO - __main__ - Evaluating to get errors .... Timecode: 23
10/31/2021 00:32:28 - INFO - __main__ - Before Error Fixing: {'EM': 0.453125, 'QA-F1': 0.6033376702953909}
10/31/2021 00:32:28 - INFO - __main__ - Found 35 errors.
10/31/2021 00:32:28 - INFO - __main__ - Start error-fixing .... Timecode: 23
10/31/2021 00:32:28 - INFO - __main__ - No debugging at all.
10/31/2021 00:32:28 - INFO - __main__ - Start error-fixing .... Done!
10/31/2021 00:32:31 - INFO - __main__ - Evaluating to get errors .... Timecode: 24
10/31/2021 00:32:39 - INFO - __main__ - Before Error Fixing: {'EM': 0.453125, 'QA-F1': 0.5857094083837988}
10/31/2021 00:32:39 - INFO - __main__ - Found 35 errors.
10/31/2021 00:32:39 - INFO - __main__ - Start error-fixing .... Timecode: 24
10/31/2021 00:32:39 - INFO - __main__ - No debugging at all.
10/31/2021 00:32:39 - INFO - __main__ - Start error-fixing .... Done!
10/31/2021 00:32:43 - INFO - __main__ - Start eval_knowledge_retention for UKR @ Timecode=25
10/31/2021 00:33:15 - INFO - __main__ - Upstream Knowledge Retation (UKR#25): 0.7559
10/31/2021 00:33:15 - INFO - __main__ - Evaluating to get errors .... Timecode: 25
10/31/2021 00:33:22 - INFO - __main__ - Before Error Fixing: {'EM': 0.53125, 'QA-F1': 0.6469475403069154}
10/31/2021 00:33:22 - INFO - __main__ - Found 30 errors.
10/31/2021 00:33:22 - INFO - __main__ - Start error-fixing .... Timecode: 25
10/31/2021 00:33:22 - INFO - __main__ - No debugging at all.
10/31/2021 00:33:22 - INFO - __main__ - Start error-fixing .... Done!
10/31/2021 00:33:26 - INFO - __main__ - Evaluating to get errors .... Timecode: 26
10/31/2021 00:33:32 - INFO - __main__ - Before Error Fixing: {'EM': 0.5, 'QA-F1': 0.596655793493787}
10/31/2021 00:33:32 - INFO - __main__ - Found 32 errors.
10/31/2021 00:33:33 - INFO - __main__ - Start error-fixing .... Timecode: 26
10/31/2021 00:33:33 - INFO - __main__ - No debugging at all.
10/31/2021 00:33:33 - INFO - __main__ - Start error-fixing .... Done!
10/31/2021 00:33:36 - INFO - __main__ - Evaluating to get errors .... Timecode: 27
10/31/2021 00:33:42 - INFO - __main__ - Before Error Fixing: {'EM': 0.453125, 'QA-F1': 0.6389880476647181}
10/31/2021 00:33:42 - INFO - __main__ - Found 35 errors.
10/31/2021 00:33:42 - INFO - __main__ - Start error-fixing .... Timecode: 27
10/31/2021 00:33:42 - INFO - __main__ - No debugging at all.
10/31/2021 00:33:42 - INFO - __main__ - Start error-fixing .... Done!
10/31/2021 00:33:46 - INFO - __main__ - Evaluating to get errors .... Timecode: 28
10/31/2021 00:33:53 - INFO - __main__ - Before Error Fixing: {'EM': 0.40625, 'QA-F1': 0.5859969246869401}
10/31/2021 00:33:53 - INFO - __main__ - Found 38 errors.
10/31/2021 00:33:53 - INFO - __main__ - Start error-fixing .... Timecode: 28
10/31/2021 00:33:53 - INFO - __main__ - No debugging at all.
10/31/2021 00:33:53 - INFO - __main__ - Start error-fixing .... Done!
10/31/2021 00:33:58 - INFO - __main__ - Evaluating to get errors .... Timecode: 29
10/31/2021 00:34:04 - INFO - __main__ - Before Error Fixing: {'EM': 0.421875, 'QA-F1': 0.5910325833430687}
10/31/2021 00:34:04 - INFO - __main__ - Found 37 errors.
10/31/2021 00:34:04 - INFO - __main__ - Start error-fixing .... Timecode: 29
10/31/2021 00:34:04 - INFO - __main__ - No debugging at all.
10/31/2021 00:34:04 - INFO - __main__ - Start error-fixing .... Done!
10/31/2021 00:34:07 - INFO - __main__ - Start eval_knowledge_retention for UKR @ Timecode=30
10/31/2021 00:34:39 - INFO - __main__ - Upstream Knowledge Retation (UKR#30): 0.7559
10/31/2021 00:34:39 - INFO - __main__ - Evaluating to get errors .... Timecode: 30
10/31/2021 00:34:46 - INFO - __main__ - Before Error Fixing: {'EM': 0.390625, 'QA-F1': 0.5714556573725982}
10/31/2021 00:34:46 - INFO - __main__ - Found 39 errors.
10/31/2021 00:34:46 - INFO - __main__ - Start error-fixing .... Timecode: 30
10/31/2021 00:34:46 - INFO - __main__ - No debugging at all.
10/31/2021 00:34:46 - INFO - __main__ - Start error-fixing .... Done!
10/31/2021 00:34:52 - INFO - __main__ - Model saved to experiments/ckpt_dirs/qa/nonecl/model_ckpt_030.pt.
10/31/2021 00:34:52 - INFO - __main__ - Evaluating to get errors .... Timecode: 31
10/31/2021 00:34:59 - INFO - __main__ - Before Error Fixing: {'EM': 0.546875, 'QA-F1': 0.6052951388888889}
10/31/2021 00:34:59 - INFO - __main__ - Found 29 errors.
10/31/2021 00:34:59 - INFO - __main__ - Start error-fixing .... Timecode: 31
10/31/2021 00:34:59 - INFO - __main__ - No debugging at all.
10/31/2021 00:34:59 - INFO - __main__ - Start error-fixing .... Done!
10/31/2021 00:35:03 - INFO - __main__ - Evaluating to get errors .... Timecode: 32
10/31/2021 00:35:09 - INFO - __main__ - Before Error Fixing: {'EM': 0.53125, 'QA-F1': 0.6293564100319615}
10/31/2021 00:35:09 - INFO - __main__ - Found 30 errors.
10/31/2021 00:35:09 - INFO - __main__ - Start error-fixing .... Timecode: 32
10/31/2021 00:35:09 - INFO - __main__ - No debugging at all.
10/31/2021 00:35:09 - INFO - __main__ - Start error-fixing .... Done!
10/31/2021 00:35:12 - INFO - __main__ - Evaluating to get errors .... Timecode: 33
10/31/2021 00:35:19 - INFO - __main__ - Before Error Fixing: {'EM': 0.46875, 'QA-F1': 0.6439681412337662}
10/31/2021 00:35:19 - INFO - __main__ - Found 34 errors.
10/31/2021 00:35:19 - INFO - __main__ - Start error-fixing .... Timecode: 33
10/31/2021 00:35:19 - INFO - __main__ - No debugging at all.
10/31/2021 00:35:19 - INFO - __main__ - Start error-fixing .... Done!
10/31/2021 00:35:23 - INFO - __main__ - Evaluating to get errors .... Timecode: 34
10/31/2021 00:35:30 - INFO - __main__ - Before Error Fixing: {'EM': 0.515625, 'QA-F1': 0.5829602255383506}
10/31/2021 00:35:30 - INFO - __main__ - Found 31 errors.
10/31/2021 00:35:30 - INFO - __main__ - Start error-fixing .... Timecode: 34
10/31/2021 00:35:30 - INFO - __main__ - No debugging at all.
10/31/2021 00:35:30 - INFO - __main__ - Start error-fixing .... Done!
10/31/2021 00:35:34 - INFO - __main__ - Start eval_knowledge_retention for UKR @ Timecode=35
10/31/2021 00:36:05 - INFO - __main__ - Upstream Knowledge Retation (UKR#35): 0.7559
10/31/2021 00:36:05 - INFO - __main__ - Evaluating to get errors .... Timecode: 35
10/31/2021 00:36:11 - INFO - __main__ - Before Error Fixing: {'EM': 0.4375, 'QA-F1': 0.5470757331365884}
10/31/2021 00:36:11 - INFO - __main__ - Found 36 errors.
10/31/2021 00:36:12 - INFO - __main__ - Start error-fixing .... Timecode: 35
10/31/2021 00:36:12 - INFO - __main__ - No debugging at all.
10/31/2021 00:36:12 - INFO - __main__ - Start error-fixing .... Done!
10/31/2021 00:36:15 - INFO - __main__ - Evaluating to get errors .... Timecode: 36
10/31/2021 00:36:21 - INFO - __main__ - Before Error Fixing: {'EM': 0.5, 'QA-F1': 0.5747087692400192}
10/31/2021 00:36:21 - INFO - __main__ - Found 32 errors.
10/31/2021 00:36:21 - INFO - __main__ - Start error-fixing .... Timecode: 36
10/31/2021 00:36:21 - INFO - __main__ - No debugging at all.
10/31/2021 00:36:21 - INFO - __main__ - Start error-fixing .... Done!
10/31/2021 00:36:25 - INFO - __main__ - Evaluating to get errors .... Timecode: 37
10/31/2021 00:36:31 - INFO - __main__ - Before Error Fixing: {'EM': 0.390625, 'QA-F1': 0.4479756643819144}
10/31/2021 00:36:31 - INFO - __main__ - Found 39 errors.
10/31/2021 00:36:31 - INFO - __main__ - Start error-fixing .... Timecode: 37
10/31/2021 00:36:31 - INFO - __main__ - No debugging at all.
10/31/2021 00:36:31 - INFO - __main__ - Start error-fixing .... Done!
10/31/2021 00:36:35 - INFO - __main__ - Evaluating to get errors .... Timecode: 38
10/31/2021 00:36:41 - INFO - __main__ - Before Error Fixing: {'EM': 0.421875, 'QA-F1': 0.554358878968254}
10/31/2021 00:36:41 - INFO - __main__ - Found 37 errors.
10/31/2021 00:36:41 - INFO - __main__ - Start error-fixing .... Timecode: 38
10/31/2021 00:36:41 - INFO - __main__ - No debugging at all.
10/31/2021 00:36:41 - INFO - __main__ - Start error-fixing .... Done!
10/31/2021 00:36:44 - INFO - __main__ - Evaluating to get errors .... Timecode: 39
10/31/2021 00:36:52 - INFO - __main__ - Before Error Fixing: {'EM': 0.390625, 'QA-F1': 0.48594200019751493}
10/31/2021 00:36:52 - INFO - __main__ - Found 39 errors.
10/31/2021 00:36:52 - INFO - __main__ - Start error-fixing .... Timecode: 39
10/31/2021 00:36:52 - INFO - __main__ - No debugging at all.
10/31/2021 00:36:52 - INFO - __main__ - Start error-fixing .... Done!
10/31/2021 00:36:56 - INFO - __main__ - Start eval_knowledge_retention for UKR @ Timecode=40
10/31/2021 00:37:28 - INFO - __main__ - Upstream Knowledge Retation (UKR#40): 0.7559
10/31/2021 00:37:28 - INFO - __main__ - Evaluating to get errors .... Timecode: 40
10/31/2021 00:37:35 - INFO - __main__ - Before Error Fixing: {'EM': 0.453125, 'QA-F1': 0.5165296052631578}
10/31/2021 00:37:35 - INFO - __main__ - Found 35 errors.
10/31/2021 00:37:35 - INFO - __main__ - Start error-fixing .... Timecode: 40
10/31/2021 00:37:35 - INFO - __main__ - No debugging at all.
10/31/2021 00:37:35 - INFO - __main__ - Start error-fixing .... Done!
10/31/2021 00:37:39 - INFO - __main__ - Evaluating to get errors .... Timecode: 41
10/31/2021 00:37:46 - INFO - __main__ - Before Error Fixing: {'EM': 0.46875, 'QA-F1': 0.5375372023809524}
10/31/2021 00:37:46 - INFO - __main__ - Found 34 errors.
10/31/2021 00:37:46 - INFO - __main__ - Start error-fixing .... Timecode: 41
10/31/2021 00:37:46 - INFO - __main__ - No debugging at all.
10/31/2021 00:37:46 - INFO - __main__ - Start error-fixing .... Done!
10/31/2021 00:37:49 - INFO - __main__ - Evaluating to get errors .... Timecode: 42
10/31/2021 00:37:56 - INFO - __main__ - Before Error Fixing: {'EM': 0.328125, 'QA-F1': 0.4699506788501354}
10/31/2021 00:37:56 - INFO - __main__ - Found 43 errors.
10/31/2021 00:37:57 - INFO - __main__ - Start error-fixing .... Timecode: 42
10/31/2021 00:37:57 - INFO - __main__ - No debugging at all.
10/31/2021 00:37:57 - INFO - __main__ - Start error-fixing .... Done!
10/31/2021 00:38:01 - INFO - __main__ - Evaluating to get errors .... Timecode: 43
10/31/2021 00:38:08 - INFO - __main__ - Before Error Fixing: {'EM': 0.40625, 'QA-F1': 0.5042605423579688}
10/31/2021 00:38:08 - INFO - __main__ - Found 38 errors.
10/31/2021 00:38:08 - INFO - __main__ - Start error-fixing .... Timecode: 43
10/31/2021 00:38:08 - INFO - __main__ - No debugging at all.
10/31/2021 00:38:08 - INFO - __main__ - Start error-fixing .... Done!
10/31/2021 00:38:12 - INFO - __main__ - Evaluating to get errors .... Timecode: 44
10/31/2021 00:38:19 - INFO - __main__ - Before Error Fixing: {'EM': 0.484375, 'QA-F1': 0.5695772058823529}
10/31/2021 00:38:19 - INFO - __main__ - Found 33 errors.
10/31/2021 00:38:20 - INFO - __main__ - Start error-fixing .... Timecode: 44
10/31/2021 00:38:20 - INFO - __main__ - No debugging at all.
10/31/2021 00:38:20 - INFO - __main__ - Start error-fixing .... Done!
10/31/2021 00:38:23 - INFO - __main__ - Start eval_knowledge_retention for UKR @ Timecode=45
10/31/2021 00:38:55 - INFO - __main__ - Upstream Knowledge Retation (UKR#45): 0.7559
10/31/2021 00:38:55 - INFO - __main__ - Evaluating to get errors .... Timecode: 45
10/31/2021 00:39:01 - INFO - __main__ - Before Error Fixing: {'EM': 0.453125, 'QA-F1': 0.5457532182594446}
10/31/2021 00:39:01 - INFO - __main__ - Found 35 errors.
10/31/2021 00:39:02 - INFO - __main__ - Start error-fixing .... Timecode: 45
10/31/2021 00:39:02 - INFO - __main__ - No debugging at all.
10/31/2021 00:39:02 - INFO - __main__ - Start error-fixing .... Done!
10/31/2021 00:39:05 - INFO - __main__ - Evaluating to get errors .... Timecode: 46
10/31/2021 00:39:12 - INFO - __main__ - Before Error Fixing: {'EM': 0.421875, 'QA-F1': 0.5376927318605308}
10/31/2021 00:39:12 - INFO - __main__ - Found 37 errors.
10/31/2021 00:39:12 - INFO - __main__ - Start error-fixing .... Timecode: 46
10/31/2021 00:39:12 - INFO - __main__ - No debugging at all.
10/31/2021 00:39:12 - INFO - __main__ - Start error-fixing .... Done!
10/31/2021 00:39:16 - INFO - __main__ - Evaluating to get errors .... Timecode: 47
10/31/2021 00:39:23 - INFO - __main__ - Before Error Fixing: {'EM': 0.390625, 'QA-F1': 0.525000251610306}
10/31/2021 00:39:23 - INFO - __main__ - Found 39 errors.
10/31/2021 00:39:23 - INFO - __main__ - Start error-fixing .... Timecode: 47
10/31/2021 00:39:23 - INFO - __main__ - No debugging at all.
10/31/2021 00:39:23 - INFO - __main__ - Start error-fixing .... Done!
10/31/2021 00:39:28 - INFO - __main__ - Evaluating to get errors .... Timecode: 48
10/31/2021 00:39:34 - INFO - __main__ - Before Error Fixing: {'EM': 0.453125, 'QA-F1': 0.5338108894618869}
10/31/2021 00:39:34 - INFO - __main__ - Found 35 errors.
10/31/2021 00:39:34 - INFO - __main__ - Start error-fixing .... Timecode: 48
10/31/2021 00:39:34 - INFO - __main__ - No debugging at all.
10/31/2021 00:39:34 - INFO - __main__ - Start error-fixing .... Done!
10/31/2021 00:39:38 - INFO - __main__ - Evaluating to get errors .... Timecode: 49
10/31/2021 00:39:46 - INFO - __main__ - Before Error Fixing: {'EM': 0.46875, 'QA-F1': 0.5624504010214696}
10/31/2021 00:39:46 - INFO - __main__ - Found 34 errors.
10/31/2021 00:39:46 - INFO - __main__ - Start error-fixing .... Timecode: 49
10/31/2021 00:39:46 - INFO - __main__ - No debugging at all.
10/31/2021 00:39:46 - INFO - __main__ - Start error-fixing .... Done!
10/31/2021 00:39:50 - INFO - __main__ - Start eval_knowledge_retention for UKR @ Timecode=50
10/31/2021 00:40:22 - INFO - __main__ - Upstream Knowledge Retation (UKR#50): 0.7559
10/31/2021 00:40:22 - INFO - __main__ - Evaluating to get errors .... Timecode: 50
10/31/2021 00:40:29 - INFO - __main__ - Before Error Fixing: {'EM': 0.421875, 'QA-F1': 0.5722726815506904}
10/31/2021 00:40:29 - INFO - __main__ - Found 37 errors.
10/31/2021 00:40:29 - INFO - __main__ - Start error-fixing .... Timecode: 50
10/31/2021 00:40:29 - INFO - __main__ - No debugging at all.
10/31/2021 00:40:29 - INFO - __main__ - Start error-fixing .... Done!
10/31/2021 00:40:34 - INFO - __main__ - Evaluating to get errors .... Timecode: 51
10/31/2021 00:40:41 - INFO - __main__ - Before Error Fixing: {'EM': 0.453125, 'QA-F1': 0.5842964560227263}
10/31/2021 00:40:41 - INFO - __main__ - Found 35 errors.
10/31/2021 00:40:41 - INFO - __main__ - Start error-fixing .... Timecode: 51
10/31/2021 00:40:41 - INFO - __main__ - No debugging at all.
10/31/2021 00:40:41 - INFO - __main__ - Start error-fixing .... Done!
10/31/2021 00:40:45 - INFO - __main__ - Evaluating to get errors .... Timecode: 52
10/31/2021 00:40:52 - INFO - __main__ - Before Error Fixing: {'EM': 0.546875, 'QA-F1': 0.6509208274795824}
10/31/2021 00:40:52 - INFO - __main__ - Found 29 errors.
10/31/2021 00:40:52 - INFO - __main__ - Start error-fixing .... Timecode: 52
10/31/2021 00:40:52 - INFO - __main__ - No debugging at all.
10/31/2021 00:40:52 - INFO - __main__ - Start error-fixing .... Done!
10/31/2021 00:40:55 - INFO - __main__ - Evaluating to get errors .... Timecode: 53
10/31/2021 00:41:03 - INFO - __main__ - Before Error Fixing: {'EM': 0.421875, 'QA-F1': 0.5334416579131653}
10/31/2021 00:41:03 - INFO - __main__ - Found 37 errors.
10/31/2021 00:41:03 - INFO - __main__ - Start error-fixing .... Timecode: 53
10/31/2021 00:41:03 - INFO - __main__ - No debugging at all.
10/31/2021 00:41:03 - INFO - __main__ - Start error-fixing .... Done!
10/31/2021 00:41:07 - INFO - __main__ - Evaluating to get errors .... Timecode: 54
10/31/2021 00:41:14 - INFO - __main__ - Before Error Fixing: {'EM': 0.484375, 'QA-F1': 0.5887741834824214}
10/31/2021 00:41:14 - INFO - __main__ - Found 33 errors.
10/31/2021 00:41:14 - INFO - __main__ - Start error-fixing .... Timecode: 54
10/31/2021 00:41:14 - INFO - __main__ - No debugging at all.
10/31/2021 00:41:14 - INFO - __main__ - Start error-fixing .... Done!
10/31/2021 00:41:17 - INFO - __main__ - Start eval_knowledge_retention for UKR @ Timecode=55
10/31/2021 00:41:49 - INFO - __main__ - Upstream Knowledge Retation (UKR#55): 0.7559
10/31/2021 00:41:49 - INFO - __main__ - Evaluating to get errors .... Timecode: 55
10/31/2021 00:41:56 - INFO - __main__ - Before Error Fixing: {'EM': 0.421875, 'QA-F1': 0.6406016468589031}
10/31/2021 00:41:56 - INFO - __main__ - Found 37 errors.
10/31/2021 00:41:57 - INFO - __main__ - Start error-fixing .... Timecode: 55
10/31/2021 00:41:57 - INFO - __main__ - No debugging at all.
10/31/2021 00:41:57 - INFO - __main__ - Start error-fixing .... Done!
10/31/2021 00:42:01 - INFO - __main__ - Evaluating to get errors .... Timecode: 56
10/31/2021 00:42:07 - INFO - __main__ - Before Error Fixing: {'EM': 0.4375, 'QA-F1': 0.5886629003663373}
10/31/2021 00:42:07 - INFO - __main__ - Found 36 errors.
10/31/2021 00:42:08 - INFO - __main__ - Start error-fixing .... Timecode: 56
10/31/2021 00:42:08 - INFO - __main__ - No debugging at all.
10/31/2021 00:42:08 - INFO - __main__ - Start error-fixing .... Done!
10/31/2021 00:42:11 - INFO - __main__ - Evaluating to get errors .... Timecode: 57
10/31/2021 00:42:17 - INFO - __main__ - Before Error Fixing: {'EM': 0.484375, 'QA-F1': 0.6373908703728295}
10/31/2021 00:42:17 - INFO - __main__ - Found 33 errors.
10/31/2021 00:42:17 - INFO - __main__ - Start error-fixing .... Timecode: 57
10/31/2021 00:42:17 - INFO - __main__ - No debugging at all.
10/31/2021 00:42:17 - INFO - __main__ - Start error-fixing .... Done!
10/31/2021 00:42:21 - INFO - __main__ - Evaluating to get errors .... Timecode: 58
10/31/2021 00:42:28 - INFO - __main__ - Before Error Fixing: {'EM': 0.453125, 'QA-F1': 0.5607537601287601}
10/31/2021 00:42:28 - INFO - __main__ - Found 35 errors.
10/31/2021 00:42:28 - INFO - __main__ - Start error-fixing .... Timecode: 58
10/31/2021 00:42:28 - INFO - __main__ - No debugging at all.
10/31/2021 00:42:28 - INFO - __main__ - Start error-fixing .... Done!
10/31/2021 00:42:32 - INFO - __main__ - Evaluating to get errors .... Timecode: 59
10/31/2021 00:42:39 - INFO - __main__ - Before Error Fixing: {'EM': 0.4375, 'QA-F1': 0.553338214006972}
10/31/2021 00:42:39 - INFO - __main__ - Found 36 errors.
10/31/2021 00:42:39 - INFO - __main__ - Start error-fixing .... Timecode: 59
10/31/2021 00:42:39 - INFO - __main__ - No debugging at all.
10/31/2021 00:42:39 - INFO - __main__ - Start error-fixing .... Done!
10/31/2021 00:42:43 - INFO - __main__ - Start eval_knowledge_retention for UKR @ Timecode=60
10/31/2021 00:43:15 - INFO - __main__ - Upstream Knowledge Retation (UKR#60): 0.7559
10/31/2021 00:43:15 - INFO - __main__ - Evaluating to get errors .... Timecode: 60
10/31/2021 00:43:22 - INFO - __main__ - Before Error Fixing: {'EM': 0.4375, 'QA-F1': 0.5605089545709708}
10/31/2021 00:43:22 - INFO - __main__ - Found 36 errors.
10/31/2021 00:43:22 - INFO - __main__ - Start error-fixing .... Timecode: 60
10/31/2021 00:43:22 - INFO - __main__ - No debugging at all.
10/31/2021 00:43:22 - INFO - __main__ - Start error-fixing .... Done!
10/31/2021 00:43:27 - INFO - __main__ - Model saved to experiments/ckpt_dirs/qa/nonecl/model_ckpt_060.pt.
10/31/2021 00:43:27 - INFO - __main__ - Evaluating to get errors .... Timecode: 61
10/31/2021 00:43:35 - INFO - __main__ - Before Error Fixing: {'EM': 0.390625, 'QA-F1': 0.5581229500347147}
10/31/2021 00:43:35 - INFO - __main__ - Found 39 errors.
10/31/2021 00:43:35 - INFO - __main__ - Start error-fixing .... Timecode: 61
10/31/2021 00:43:35 - INFO - __main__ - No debugging at all.
10/31/2021 00:43:35 - INFO - __main__ - Start error-fixing .... Done!
10/31/2021 00:43:39 - INFO - __main__ - Evaluating to get errors .... Timecode: 62
10/31/2021 00:43:46 - INFO - __main__ - Before Error Fixing: {'EM': 0.375, 'QA-F1': 0.47735787241761507}
10/31/2021 00:43:46 - INFO - __main__ - Found 40 errors.
10/31/2021 00:43:46 - INFO - __main__ - Start error-fixing .... Timecode: 62
10/31/2021 00:43:46 - INFO - __main__ - No debugging at all.
10/31/2021 00:43:46 - INFO - __main__ - Start error-fixing .... Done!
10/31/2021 00:43:50 - INFO - __main__ - Evaluating to get errors .... Timecode: 63
10/31/2021 00:43:57 - INFO - __main__ - Before Error Fixing: {'EM': 0.40625, 'QA-F1': 0.5179335560805349}
10/31/2021 00:43:57 - INFO - __main__ - Found 38 errors.
10/31/2021 00:43:58 - INFO - __main__ - Start error-fixing .... Timecode: 63
10/31/2021 00:43:58 - INFO - __main__ - No debugging at all.
10/31/2021 00:43:58 - INFO - __main__ - Start error-fixing .... Done!
10/31/2021 00:44:02 - INFO - __main__ - Evaluating to get errors .... Timecode: 64
10/31/2021 00:44:09 - INFO - __main__ - Before Error Fixing: {'EM': 0.4375, 'QA-F1': 0.6355494735485661}
10/31/2021 00:44:09 - INFO - __main__ - Found 36 errors.
10/31/2021 00:44:10 - INFO - __main__ - Start error-fixing .... Timecode: 64
10/31/2021 00:44:10 - INFO - __main__ - No debugging at all.
10/31/2021 00:44:10 - INFO - __main__ - Start error-fixing .... Done!
10/31/2021 00:44:14 - INFO - __main__ - Start eval_knowledge_retention for UKR @ Timecode=65
10/31/2021 00:44:46 - INFO - __main__ - Upstream Knowledge Retation (UKR#65): 0.7559
10/31/2021 00:44:46 - INFO - __main__ - Evaluating to get errors .... Timecode: 65
10/31/2021 00:44:53 - INFO - __main__ - Before Error Fixing: {'EM': 0.4375, 'QA-F1': 0.5493612911803029}
10/31/2021 00:44:53 - INFO - __main__ - Found 36 errors.
10/31/2021 00:44:53 - INFO - __main__ - Start error-fixing .... Timecode: 65
10/31/2021 00:44:53 - INFO - __main__ - No debugging at all.
10/31/2021 00:44:53 - INFO - __main__ - Start error-fixing .... Done!
10/31/2021 00:44:58 - INFO - __main__ - Evaluating to get errors .... Timecode: 66
10/31/2021 00:45:05 - INFO - __main__ - Before Error Fixing: {'EM': 0.4375, 'QA-F1': 0.5171473565285829}
10/31/2021 00:45:05 - INFO - __main__ - Found 36 errors.
10/31/2021 00:45:05 - INFO - __main__ - Start error-fixing .... Timecode: 66
10/31/2021 00:45:05 - INFO - __main__ - No debugging at all.
10/31/2021 00:45:05 - INFO - __main__ - Start error-fixing .... Done!
10/31/2021 00:45:10 - INFO - __main__ - Evaluating to get errors .... Timecode: 67
10/31/2021 00:45:17 - INFO - __main__ - Before Error Fixing: {'EM': 0.453125, 'QA-F1': 0.5168087121212122}
10/31/2021 00:45:17 - INFO - __main__ - Found 35 errors.
10/31/2021 00:45:17 - INFO - __main__ - Start error-fixing .... Timecode: 67
10/31/2021 00:45:17 - INFO - __main__ - No debugging at all.
10/31/2021 00:45:17 - INFO - __main__ - Start error-fixing .... Done!
10/31/2021 00:45:22 - INFO - __main__ - Evaluating to get errors .... Timecode: 68
10/31/2021 00:45:28 - INFO - __main__ - Before Error Fixing: {'EM': 0.53125, 'QA-F1': 0.6691034056808975}
10/31/2021 00:45:28 - INFO - __main__ - Found 30 errors.
10/31/2021 00:45:28 - INFO - __main__ - Start error-fixing .... Timecode: 68
10/31/2021 00:45:28 - INFO - __main__ - No debugging at all.
10/31/2021 00:45:28 - INFO - __main__ - Start error-fixing .... Done!
10/31/2021 00:45:31 - INFO - __main__ - Evaluating to get errors .... Timecode: 69
10/31/2021 00:45:37 - INFO - __main__ - Before Error Fixing: {'EM': 0.53125, 'QA-F1': 0.5951083438975062}
10/31/2021 00:45:37 - INFO - __main__ - Found 30 errors.
10/31/2021 00:45:38 - INFO - __main__ - Start error-fixing .... Timecode: 69
10/31/2021 00:45:38 - INFO - __main__ - No debugging at all.
10/31/2021 00:45:38 - INFO - __main__ - Start error-fixing .... Done!
10/31/2021 00:45:41 - INFO - __main__ - Start eval_knowledge_retention for UKR @ Timecode=70
10/31/2021 00:46:12 - INFO - __main__ - Upstream Knowledge Retation (UKR#70): 0.7559
10/31/2021 00:46:12 - INFO - __main__ - Evaluating to get errors .... Timecode: 70
10/31/2021 00:46:19 - INFO - __main__ - Before Error Fixing: {'EM': 0.375, 'QA-F1': 0.4659897552406744}
10/31/2021 00:46:19 - INFO - __main__ - Found 40 errors.
10/31/2021 00:46:19 - INFO - __main__ - Start error-fixing .... Timecode: 70
10/31/2021 00:46:19 - INFO - __main__ - No debugging at all.
10/31/2021 00:46:19 - INFO - __main__ - Start error-fixing .... Done!
10/31/2021 00:46:24 - INFO - __main__ - Evaluating to get errors .... Timecode: 71
10/31/2021 00:46:31 - INFO - __main__ - Before Error Fixing: {'EM': 0.40625, 'QA-F1': 0.5102337179772842}
10/31/2021 00:46:31 - INFO - __main__ - Found 38 errors.
10/31/2021 00:46:31 - INFO - __main__ - Start error-fixing .... Timecode: 71
10/31/2021 00:46:31 - INFO - __main__ - No debugging at all.
10/31/2021 00:46:31 - INFO - __main__ - Start error-fixing .... Done!
10/31/2021 00:46:35 - INFO - __main__ - Evaluating to get errors .... Timecode: 72
10/31/2021 00:46:43 - INFO - __main__ - Before Error Fixing: {'EM': 0.34375, 'QA-F1': 0.5106589590964591}
10/31/2021 00:46:43 - INFO - __main__ - Found 42 errors.
10/31/2021 00:46:43 - INFO - __main__ - Start error-fixing .... Timecode: 72
10/31/2021 00:46:43 - INFO - __main__ - No debugging at all.
10/31/2021 00:46:43 - INFO - __main__ - Start error-fixing .... Done!
10/31/2021 00:46:48 - INFO - __main__ - Evaluating to get errors .... Timecode: 73
10/31/2021 00:46:55 - INFO - __main__ - Before Error Fixing: {'EM': 0.40625, 'QA-F1': 0.531622995658556}
10/31/2021 00:46:55 - INFO - __main__ - Found 38 errors.
10/31/2021 00:46:55 - INFO - __main__ - Start error-fixing .... Timecode: 73
10/31/2021 00:46:55 - INFO - __main__ - No debugging at all.
10/31/2021 00:46:55 - INFO - __main__ - Start error-fixing .... Done!
10/31/2021 00:46:59 - INFO - __main__ - Evaluating to get errors .... Timecode: 74
10/31/2021 00:47:07 - INFO - __main__ - Before Error Fixing: {'EM': 0.328125, 'QA-F1': 0.4120004168477634}
10/31/2021 00:47:07 - INFO - __main__ - Found 43 errors.
10/31/2021 00:47:07 - INFO - __main__ - Start error-fixing .... Timecode: 74
10/31/2021 00:47:07 - INFO - __main__ - No debugging at all.
10/31/2021 00:47:07 - INFO - __main__ - Start error-fixing .... Done!
10/31/2021 00:47:12 - INFO - __main__ - Start eval_knowledge_retention for UKR @ Timecode=75
10/31/2021 00:47:44 - INFO - __main__ - Upstream Knowledge Retation (UKR#75): 0.7559
10/31/2021 00:47:44 - INFO - __main__ - Evaluating to get errors .... Timecode: 75
10/31/2021 00:47:51 - INFO - __main__ - Before Error Fixing: {'EM': 0.484375, 'QA-F1': 0.5467260708328989}
10/31/2021 00:47:51 - INFO - __main__ - Found 33 errors.
10/31/2021 00:47:51 - INFO - __main__ - Start error-fixing .... Timecode: 75
10/31/2021 00:47:51 - INFO - __main__ - No debugging at all.
10/31/2021 00:47:51 - INFO - __main__ - Start error-fixing .... Done!
10/31/2021 00:47:55 - INFO - __main__ - Evaluating to get errors .... Timecode: 76
10/31/2021 00:48:02 - INFO - __main__ - Before Error Fixing: {'EM': 0.359375, 'QA-F1': 0.4791525196026454}
10/31/2021 00:48:02 - INFO - __main__ - Found 41 errors.
10/31/2021 00:48:02 - INFO - __main__ - Start error-fixing .... Timecode: 76
10/31/2021 00:48:02 - INFO - __main__ - No debugging at all.
10/31/2021 00:48:02 - INFO - __main__ - Start error-fixing .... Done!
10/31/2021 00:48:07 - INFO - __main__ - Evaluating to get errors .... Timecode: 77
10/31/2021 00:48:15 - INFO - __main__ - Before Error Fixing: {'EM': 0.34375, 'QA-F1': 0.4764586317481538}
10/31/2021 00:48:15 - INFO - __main__ - Found 42 errors.
10/31/2021 00:48:15 - INFO - __main__ - Start error-fixing .... Timecode: 77
10/31/2021 00:48:15 - INFO - __main__ - No debugging at all.
10/31/2021 00:48:15 - INFO - __main__ - Start error-fixing .... Done!
10/31/2021 00:48:20 - INFO - __main__ - Evaluating to get errors .... Timecode: 78
10/31/2021 00:48:26 - INFO - __main__ - Before Error Fixing: {'EM': 0.484375, 'QA-F1': 0.5539136772133095}
10/31/2021 00:48:26 - INFO - __main__ - Found 33 errors.
10/31/2021 00:48:26 - INFO - __main__ - Start error-fixing .... Timecode: 78
10/31/2021 00:48:26 - INFO - __main__ - No debugging at all.
10/31/2021 00:48:26 - INFO - __main__ - Start error-fixing .... Done!
10/31/2021 00:48:30 - INFO - __main__ - Evaluating to get errors .... Timecode: 79
10/31/2021 00:48:36 - INFO - __main__ - Before Error Fixing: {'EM': 0.46875, 'QA-F1': 0.5615729909387998}
10/31/2021 00:48:36 - INFO - __main__ - Found 34 errors.
10/31/2021 00:48:36 - INFO - __main__ - Start error-fixing .... Timecode: 79
10/31/2021 00:48:36 - INFO - __main__ - No debugging at all.
10/31/2021 00:48:36 - INFO - __main__ - Start error-fixing .... Done!
10/31/2021 00:48:39 - INFO - __main__ - Start eval_knowledge_retention for UKR @ Timecode=80
10/31/2021 00:49:11 - INFO - __main__ - Upstream Knowledge Retation (UKR#80): 0.7559
10/31/2021 00:49:11 - INFO - __main__ - Evaluating to get errors .... Timecode: 80
10/31/2021 00:49:17 - INFO - __main__ - Before Error Fixing: {'EM': 0.46875, 'QA-F1': 0.520561622886334}
10/31/2021 00:49:17 - INFO - __main__ - Found 34 errors.
10/31/2021 00:49:18 - INFO - __main__ - Start error-fixing .... Timecode: 80
10/31/2021 00:49:18 - INFO - __main__ - No debugging at all.
10/31/2021 00:49:18 - INFO - __main__ - Start error-fixing .... Done!
10/31/2021 00:49:21 - INFO - __main__ - Evaluating to get errors .... Timecode: 81
10/31/2021 00:49:29 - INFO - __main__ - Before Error Fixing: {'EM': 0.375, 'QA-F1': 0.4417991579676362}
10/31/2021 00:49:29 - INFO - __main__ - Found 40 errors.
10/31/2021 00:49:29 - INFO - __main__ - Start error-fixing .... Timecode: 81
10/31/2021 00:49:29 - INFO - __main__ - No debugging at all.
10/31/2021 00:49:29 - INFO - __main__ - Start error-fixing .... Done!
10/31/2021 00:49:33 - INFO - __main__ - Evaluating to get errors .... Timecode: 82
10/31/2021 00:49:40 - INFO - __main__ - Before Error Fixing: {'EM': 0.3125, 'QA-F1': 0.42390575206091324}
10/31/2021 00:49:40 - INFO - __main__ - Found 44 errors.
10/31/2021 00:49:40 - INFO - __main__ - Start error-fixing .... Timecode: 82
10/31/2021 00:49:40 - INFO - __main__ - No debugging at all.
10/31/2021 00:49:40 - INFO - __main__ - Start error-fixing .... Done!
10/31/2021 00:49:44 - INFO - __main__ - Evaluating to get errors .... Timecode: 83
10/31/2021 00:49:51 - INFO - __main__ - Before Error Fixing: {'EM': 0.296875, 'QA-F1': 0.4038030423251901}
10/31/2021 00:49:51 - INFO - __main__ - Found 45 errors.
10/31/2021 00:49:51 - INFO - __main__ - Start error-fixing .... Timecode: 83
10/31/2021 00:49:51 - INFO - __main__ - No debugging at all.
10/31/2021 00:49:51 - INFO - __main__ - Start error-fixing .... Done!
10/31/2021 00:49:56 - INFO - __main__ - Evaluating to get errors .... Timecode: 84
10/31/2021 00:50:04 - INFO - __main__ - Before Error Fixing: {'EM': 0.296875, 'QA-F1': 0.4093613223095131}
10/31/2021 00:50:04 - INFO - __main__ - Found 45 errors.
10/31/2021 00:50:04 - INFO - __main__ - Start error-fixing .... Timecode: 84
10/31/2021 00:50:04 - INFO - __main__ - No debugging at all.
10/31/2021 00:50:04 - INFO - __main__ - Start error-fixing .... Done!
10/31/2021 00:50:10 - INFO - __main__ - Start eval_knowledge_retention for UKR @ Timecode=85
10/31/2021 00:50:41 - INFO - __main__ - Upstream Knowledge Retation (UKR#85): 0.7559
10/31/2021 00:50:41 - INFO - __main__ - Evaluating to get errors .... Timecode: 85
10/31/2021 00:50:48 - INFO - __main__ - Before Error Fixing: {'EM': 0.375, 'QA-F1': 0.43450187969924814}
10/31/2021 00:50:48 - INFO - __main__ - Found 40 errors.
10/31/2021 00:50:48 - INFO - __main__ - Start error-fixing .... Timecode: 85
10/31/2021 00:50:48 - INFO - __main__ - No debugging at all.
10/31/2021 00:50:48 - INFO - __main__ - Start error-fixing .... Done!
10/31/2021 00:50:52 - INFO - __main__ - Evaluating to get errors .... Timecode: 86
10/31/2021 00:50:59 - INFO - __main__ - Before Error Fixing: {'EM': 0.359375, 'QA-F1': 0.44856774847099923}
10/31/2021 00:50:59 - INFO - __main__ - Found 41 errors.
10/31/2021 00:50:59 - INFO - __main__ - Start error-fixing .... Timecode: 86
10/31/2021 00:50:59 - INFO - __main__ - No debugging at all.
10/31/2021 00:50:59 - INFO - __main__ - Start error-fixing .... Done!
10/31/2021 00:51:04 - INFO - __main__ - Evaluating to get errors .... Timecode: 87
10/31/2021 00:51:11 - INFO - __main__ - Before Error Fixing: {'EM': 0.328125, 'QA-F1': 0.4124071430274055}
10/31/2021 00:51:11 - INFO - __main__ - Found 43 errors.
10/31/2021 00:51:11 - INFO - __main__ - Start error-fixing .... Timecode: 87
10/31/2021 00:51:11 - INFO - __main__ - No debugging at all.
10/31/2021 00:51:11 - INFO - __main__ - Start error-fixing .... Done!
10/31/2021 00:51:17 - INFO - __main__ - Evaluating to get errors .... Timecode: 88
10/31/2021 00:51:23 - INFO - __main__ - Before Error Fixing: {'EM': 0.3125, 'QA-F1': 0.420492425611669}
10/31/2021 00:51:23 - INFO - __main__ - Found 44 errors.
10/31/2021 00:51:23 - INFO - __main__ - Start error-fixing .... Timecode: 88
10/31/2021 00:51:23 - INFO - __main__ - No debugging at all.
10/31/2021 00:51:23 - INFO - __main__ - Start error-fixing .... Done!
10/31/2021 00:51:28 - INFO - __main__ - Evaluating to get errors .... Timecode: 89
10/31/2021 00:51:35 - INFO - __main__ - Before Error Fixing: {'EM': 0.28125, 'QA-F1': 0.3959531768804867}
10/31/2021 00:51:35 - INFO - __main__ - Found 46 errors.
10/31/2021 00:51:35 - INFO - __main__ - Start error-fixing .... Timecode: 89
10/31/2021 00:51:35 - INFO - __main__ - No debugging at all.
10/31/2021 00:51:35 - INFO - __main__ - Start error-fixing .... Done!
10/31/2021 00:51:40 - INFO - __main__ - Start eval_knowledge_retention for UKR @ Timecode=90
10/31/2021 00:52:12 - INFO - __main__ - Upstream Knowledge Retation (UKR#90): 0.7559
10/31/2021 00:52:12 - INFO - __main__ - Evaluating to get errors .... Timecode: 90
10/31/2021 00:52:19 - INFO - __main__ - Before Error Fixing: {'EM': 0.390625, 'QA-F1': 0.4583691033838471}
10/31/2021 00:52:19 - INFO - __main__ - Found 39 errors.
10/31/2021 00:52:19 - INFO - __main__ - Start error-fixing .... Timecode: 90
10/31/2021 00:52:19 - INFO - __main__ - No debugging at all.
10/31/2021 00:52:19 - INFO - __main__ - Start error-fixing .... Done!
10/31/2021 00:52:26 - INFO - __main__ - Model saved to experiments/ckpt_dirs/qa/nonecl/model_ckpt_090.pt.
10/31/2021 00:52:26 - INFO - __main__ - Evaluating to get errors .... Timecode: 91
10/31/2021 00:52:33 - INFO - __main__ - Before Error Fixing: {'EM': 0.265625, 'QA-F1': 0.39100568573805844}
10/31/2021 00:52:33 - INFO - __main__ - Found 47 errors.
10/31/2021 00:52:33 - INFO - __main__ - Start error-fixing .... Timecode: 91
10/31/2021 00:52:33 - INFO - __main__ - No debugging at all.
10/31/2021 00:52:33 - INFO - __main__ - Start error-fixing .... Done!
10/31/2021 00:52:38 - INFO - __main__ - Evaluating to get errors .... Timecode: 92
10/31/2021 00:52:45 - INFO - __main__ - Before Error Fixing: {'EM': 0.25, 'QA-F1': 0.408660751287619}
10/31/2021 00:52:45 - INFO - __main__ - Found 48 errors.
10/31/2021 00:52:45 - INFO - __main__ - Start error-fixing .... Timecode: 92
10/31/2021 00:52:45 - INFO - __main__ - No debugging at all.
10/31/2021 00:52:45 - INFO - __main__ - Start error-fixing .... Done!
10/31/2021 00:52:50 - INFO - __main__ - Evaluating to get errors .... Timecode: 93
10/31/2021 00:52:57 - INFO - __main__ - Before Error Fixing: {'EM': 0.265625, 'QA-F1': 0.3895368748575986}
10/31/2021 00:52:57 - INFO - __main__ - Found 47 errors.
10/31/2021 00:52:57 - INFO - __main__ - Start error-fixing .... Timecode: 93
10/31/2021 00:52:57 - INFO - __main__ - No debugging at all.
10/31/2021 00:52:57 - INFO - __main__ - Start error-fixing .... Done!
10/31/2021 00:53:02 - INFO - __main__ - Evaluating to get errors .... Timecode: 94
10/31/2021 00:53:08 - INFO - __main__ - Before Error Fixing: {'EM': 0.328125, 'QA-F1': 0.4380505716154528}
10/31/2021 00:53:08 - INFO - __main__ - Found 43 errors.
10/31/2021 00:53:08 - INFO - __main__ - Start error-fixing .... Timecode: 94
10/31/2021 00:53:08 - INFO - __main__ - No debugging at all.
10/31/2021 00:53:08 - INFO - __main__ - Start error-fixing .... Done!
10/31/2021 00:53:13 - INFO - __main__ - Start eval_knowledge_retention for UKR @ Timecode=95
10/31/2021 00:53:45 - INFO - __main__ - Upstream Knowledge Retation (UKR#95): 0.7559
10/31/2021 00:53:45 - INFO - __main__ - Evaluating to get errors .... Timecode: 95
10/31/2021 00:53:51 - INFO - __main__ - Before Error Fixing: {'EM': 0.3125, 'QA-F1': 0.4026472047152194}
10/31/2021 00:53:51 - INFO - __main__ - Found 44 errors.
10/31/2021 00:53:51 - INFO - __main__ - Start error-fixing .... Timecode: 95
10/31/2021 00:53:51 - INFO - __main__ - No debugging at all.
10/31/2021 00:53:51 - INFO - __main__ - Start error-fixing .... Done!
10/31/2021 00:53:56 - INFO - __main__ - Evaluating to get errors .... Timecode: 96
10/31/2021 00:54:04 - INFO - __main__ - Before Error Fixing: {'EM': 0.296875, 'QA-F1': 0.41760655237217736}
10/31/2021 00:54:04 - INFO - __main__ - Found 45 errors.
10/31/2021 00:54:04 - INFO - __main__ - Start error-fixing .... Timecode: 96
10/31/2021 00:54:04 - INFO - __main__ - No debugging at all.
10/31/2021 00:54:04 - INFO - __main__ - Start error-fixing .... Done!
10/31/2021 00:54:09 - INFO - __main__ - Evaluating to get errors .... Timecode: 97
10/31/2021 00:54:17 - INFO - __main__ - Before Error Fixing: {'EM': 0.15625, 'QA-F1': 0.27818676931728403}
10/31/2021 00:54:17 - INFO - __main__ - Found 54 errors.
10/31/2021 00:54:17 - INFO - __main__ - Start error-fixing .... Timecode: 97
10/31/2021 00:54:17 - INFO - __main__ - No debugging at all.
10/31/2021 00:54:17 - INFO - __main__ - Start error-fixing .... Done!
10/31/2021 00:54:23 - INFO - __main__ - Evaluating to get errors .... Timecode: 98
10/31/2021 00:54:31 - INFO - __main__ - Before Error Fixing: {'EM': 0.15625, 'QA-F1': 0.23408006142356955}
10/31/2021 00:54:31 - INFO - __main__ - Found 54 errors.
10/31/2021 00:54:31 - INFO - __main__ - Start error-fixing .... Timecode: 98
10/31/2021 00:54:31 - INFO - __main__ - No debugging at all.
10/31/2021 00:54:31 - INFO - __main__ - Start error-fixing .... Done!
10/31/2021 00:54:38 - INFO - __main__ - Evaluating to get errors .... Timecode: 99
10/31/2021 00:54:44 - INFO - __main__ - Before Error Fixing: {'EM': 0.1875, 'QA-F1': 0.2655350999512184}
10/31/2021 00:54:44 - INFO - __main__ - Found 52 errors.
10/31/2021 00:54:45 - INFO - __main__ - Start error-fixing .... Timecode: 99
10/31/2021 00:54:45 - INFO - __main__ - No debugging at all.
10/31/2021 00:54:45 - INFO - __main__ - Start error-fixing .... Done!
10/31/2021 00:54:50 - INFO - __main__ - Start the final evaluation.

