
11/08/2021 03:37:18 - INFO - __main__ - Namespace(adam_epsilon=1e-08, adapter_dim=32, append_another_bos=1, base_model_path='out/mrqa_squad_bart-base_1029_upstream_model//best-model.pt', base_model_type='facebook/bart-base', ckpt_dir='experiments/ckpt_dirs/qa/er/QA_simplecl_lr=3e-5_ep=10_T=100,b=64,alpha=0.9,beta=0.9,gamma=0.8', cl_method_name='simple_cl', current_thread_id=None, do_lowercase=False, ewc_gamma=1, ewc_lambda=0.5, example_encoder_name='roberta-base', freeze_embeds=False, gradient_accumulation_steps=1, heldout_submission_data='experiments/eval_data/qa/heldout_eval.jsonl', index_rank_method='most_similar', indexing_args_path='exp_results/supervision_data/1012_dm_simple.train_args.json', indexing_method='bart_index', inference_query_size=1, init_memory_cache_path='bug_data/memory_key_cache.pkl', kg_eval_freq=10, kg_eval_mode='metric', kr_eval_freq=10, kr_eval_mode='metric', learning_rate=3e-05, local_adapt_lr=1e-05, max_grad_norm=0.1, max_input_length=888, max_output_length=50, max_timecode=100, memory_key_encoder='facebook/bart-base', memory_path='', memory_store_rate=1.0, mir_abalation_args='none', num_adapt_epochs=1, num_beams=3, num_threads_eval=0, num_train_epochs=10.0, okr_sample_seed=1337, okr_sample_size=512, path_to_thread_result=None, predict_batch_size=48, prefix='QA_simplecl_lr=3e-5_ep=10_T=100,b=64,alpha=0.9,beta=0.9,gamma=0.8', replay_candidate_size=8, replay_frequency=1, replay_size=8, result_file='experiments/results/qa/QA_simplecl_lr=3e-5_ep=10_T=100,b=64,alpha=0.9,beta=0.9,gamma=0.8_result.json', save_ckpt_freq=10, seed=42, skip_instant_eval=False, submission_stream_data='experiments/eval_data/qa/submission_stream.T=100,b=64,alpha=0.9,beta=0.9,gamma=0.8.json', task_emb_dim=768, task_name='mrqa', train_batch_size=8, upstream_data_path='data/mrqa_squad/mrqa_squad_train.jsonl', upstream_eval_data='experiments/eval_data/qa/upstream_eval.jsonl', upstream_sample_ratio=-1, use_mir=False, use_replay_mix=False, use_wandb=True, weight_decay=0.01)
11/08/2021 03:37:18 - INFO - transformers.tokenization_utils - loading file https://s3.amazonaws.com/models.huggingface.co/bert/roberta-large-vocab.json from cache at /private/home/yuchenlin/.cache/torch/transformers/1ae1f5b6e2b22b25ccc04c000bb79ca847aa226d0761536b011cf7e5868f0655.ef00af9e673c7160b4d41cfda1f48c5f4cba57d5142754525572a846a1ab1b9b
11/08/2021 03:37:18 - INFO - transformers.tokenization_utils - loading file https://s3.amazonaws.com/models.huggingface.co/bert/roberta-large-merges.txt from cache at /private/home/yuchenlin/.cache/torch/transformers/f8f83199a6270d582d6245dc100e99c4155de81c9745c6248077018fe01abcfb.70bec105b4158ed9a1747fea67a43f5dee97855c64d62b6ec3742f4cfdb5feda
11/08/2021 03:37:59 - INFO - __main__ - load_data: len(upstream_eval_examples)=512
11/08/2021 03:38:00 - INFO - __main__ - load_data: len(heldout_eval_examples)=1280
11/08/2021 03:38:07 - INFO - __main__ - Loading checkpoint from out/mrqa_squad_bart-base_1029_upstream_model//best-model.pt for facebook/bart-base .....
11/08/2021 03:38:11 - INFO - transformers.configuration_utils - loading configuration file https://s3.amazonaws.com/models.huggingface.co/bert/facebook/bart-base/config.json from cache at /private/home/yuchenlin/.cache/torch/transformers/09f4fcaeaf785dd3b97b085d6e3510c7081f586ec8e75981683c6299c0f81d9d.e8d516ad807436d395effad8c2326786872659b7dd1210827ac67c761198a0eb
11/08/2021 03:38:11 - INFO - transformers.configuration_utils - Model config BartConfig {
  "activation_dropout": 0.1,
  "activation_function": "gelu",
  "add_bias_logits": false,
  "add_final_layer_norm": false,
  "architectures": [
    "BartModel",
    "BartForConditionalGeneration",
    "BartForSequenceClassification"
  ],
  "attention_dropout": 0.1,
  "bos_token_id": 0,
  "classif_dropout": 0.0,
  "d_model": 768,
  "decoder_attention_heads": 12,
  "decoder_ffn_dim": 3072,
  "decoder_layerdrop": 0.0,
  "decoder_layers": 6,
  "decoder_start_token_id": 2,
  "dropout": 0.1,
  "early_stopping": true,
  "encoder_attention_heads": 12,
  "encoder_ffn_dim": 3072,
  "encoder_layerdrop": 0.0,
  "encoder_layers": 6,
  "eos_token_id": 2,
  "id2label": {
    "0": "LABEL_0",
    "1": "LABEL_1",
    "2": "LABEL_2"
  },
  "init_std": 0.02,
  "is_encoder_decoder": true,
  "label2id": {
    "LABEL_0": 0,
    "LABEL_1": 1,
    "LABEL_2": 2
  },
  "max_position_embeddings": 1024,
  "model_type": "bart",
  "no_repeat_ngram_size": 3,
  "normalize_before": false,
  "normalize_embedding": true,
  "num_beams": 4,
  "num_hidden_layers": 6,
  "pad_token_id": 1,
  "scale_embedding": false,
  "static_position_embeddings": false,
  "task_specific_params": {
    "summarization": {
      "length_penalty": 1.0,
      "max_length": 128,
      "min_length": 12,
      "num_beams": 4
    },
    "summarization_cnn": {
      "length_penalty": 2.0,
      "max_length": 142,
      "min_length": 56,
      "num_beams": 4
    },
    "summarization_xsum": {
      "length_penalty": 1.0,
      "max_length": 62,
      "min_length": 11,
      "num_beams": 6
    }
  },
  "vocab_size": 50265
}

11/08/2021 03:38:11 - INFO - transformers.modeling_utils - loading weights file https://cdn.huggingface.co/facebook/bart-base/pytorch_model.bin from cache at /private/home/yuchenlin/.cache/torch/transformers/566c05fb6983817e8ad7a4fa51e3099fe9caa3b31730f964bc5198d71c677523.0a3d95c18c1e434448941bc25accea7b122882be6526fb67c8e8fb6d5ebc711c
11/08/2021 03:38:16 - INFO - __main__ - Loading checkpoint from out/mrqa_squad_bart-base_1029_upstream_model//best-model.pt for facebook/bart-base ..... Done!
11/08/2021 03:38:26 - INFO - __main__ - Moving to the GPUs.
11/08/2021 03:38:26 - INFO - __main__ - Debugger Setup ......
11/08/2021 03:38:26 - INFO - __main__ - debugger_args: Namespace(adam_epsilon=1e-08, ckpt_dir='experiments/ckpt_dirs/qa/er/QA_simplecl_lr=3e-5_ep=10_T=100,b=64,alpha=0.9,beta=0.9,gamma=0.8', gradient_accumulation_steps=1, kg_eval_freq=10, kg_eval_mode='metric', kr_eval_freq=10, kr_eval_mode='metric', learning_rate=3e-05, max_grad_norm=0.1, num_epochs=10.0, okr_sample_seed=1337, okr_sample_size=512, save_ckpt_freq=10, skip_instant_eval=False, total_steps=10000, warmup_steps=0, weight_decay=0.01) ......
11/08/2021 03:38:26 - INFO - __main__ - optimizer & scheduler Setup ...... Done!
11/08/2021 03:38:26 - INFO - __main__ - Debugger Setup ...... Done!
11/08/2021 03:38:26 - INFO - __main__ - Start Online Debugging with Dynamic Error Mode
11/08/2021 03:38:26 - INFO - __main__ - Number of Batches of Data: 100
11/08/2021 03:38:26 - INFO - __main__ - Data Batch Size: 64;
11/08/2021 03:38:29 - INFO - __main__ - Model saved to experiments/ckpt_dirs/qa/er/QA_simplecl_lr=3e-5_ep=10_T=100,b=64,alpha=0.9,beta=0.9,gamma=0.8/model_ckpt_000.pt.
11/08/2021 03:38:29 - INFO - __main__ - Start eval_knowledge_retention for UKR @ Timecode=0
11/08/2021 03:38:59 - INFO - __main__ - Upstream Knowledge Retation (UKR@0): 0.8027
11/08/2021 03:38:59 - INFO - __main__ - Start eval_knowledge_generalization for KG @ Timecode=0
11/08/2021 03:40:49 - INFO - __main__ - Future Knowledge Generalization (KG@0): 0.3125
11/08/2021 03:40:49 - INFO - __main__ - Evaluating to get errors .... Timecode: 0
11/08/2021 03:40:53 - INFO - __main__ - Before Error Fixing: {'EM': 0.84375, 'QA-F1': 0.86171875}
11/08/2021 03:40:53 - INFO - __main__ - Found 10 errors.
11/08/2021 03:40:53 - INFO - __main__ - Start error-fixing .... Timecode: 0
11/08/2021 03:40:57 - INFO - __main__ - Start error-fixing .... Done!
11/08/2021 03:40:58 - INFO - __main__ - Overall: 0.921875 from scores=[0.84375, 1.0]
11/08/2021 03:41:01 - INFO - __main__ - Model saved to experiments/ckpt_dirs/qa/er/QA_simplecl_lr=3e-5_ep=10_T=100,b=64,alpha=0.9,beta=0.9,gamma=0.8/model_ckpt_000.pt.
11/08/2021 03:41:01 - INFO - __main__ - Updated result feule: experiments/results/qa/QA_simplecl_lr=3e-5_ep=10_T=100,b=64,alpha=0.9,beta=0.9,gamma=0.8_result.json at Timecode: 0.
11/08/2021 03:41:01 - INFO - __main__ - --------------------------------------------------
11/08/2021 03:41:01 - INFO - __main__ - Evaluating to get errors .... Timecode: 1
11/08/2021 03:41:05 - INFO - __main__ - Before Error Fixing: {'EM': 0.703125, 'QA-F1': 0.7578004807692308}
11/08/2021 03:41:05 - INFO - __main__ - Found 19 errors.
11/08/2021 03:41:06 - INFO - __main__ - Start error-fixing .... Timecode: 1
11/08/2021 03:41:15 - INFO - __main__ - Start error-fixing .... Done!
11/08/2021 03:41:17 - INFO - __main__ - Overall: 0.88671875 from scores=[0.7734375, 1.0]
11/08/2021 03:41:17 - INFO - __main__ - --------------------------------------------------
11/08/2021 03:41:17 - INFO - __main__ - Evaluating to get errors .... Timecode: 2
11/08/2021 03:41:21 - INFO - __main__ - Before Error Fixing: {'EM': 0.765625, 'QA-F1': 0.7920800264550265}
11/08/2021 03:41:21 - INFO - __main__ - Found 15 errors.
11/08/2021 03:41:21 - INFO - __main__ - Start error-fixing .... Timecode: 2
11/08/2021 03:41:28 - INFO - __main__ - Start error-fixing .... Done!
11/08/2021 03:41:30 - INFO - __main__ - Overall: 0.8854166666666667 from scores=[0.7708333333333334, 1.0]
11/08/2021 03:41:30 - INFO - __main__ - --------------------------------------------------
11/08/2021 03:41:30 - INFO - __main__ - Evaluating to get errors .... Timecode: 3
11/08/2021 03:41:34 - INFO - __main__ - Before Error Fixing: {'EM': 0.734375, 'QA-F1': 0.7638888888888888}
11/08/2021 03:41:34 - INFO - __main__ - Found 17 errors.
11/08/2021 03:41:34 - INFO - __main__ - Start error-fixing .... Timecode: 3
11/08/2021 03:41:43 - INFO - __main__ - Start error-fixing .... Done!
11/08/2021 03:41:44 - INFO - __main__ - Overall: 0.8514476102941176 from scores=[0.76171875, 0.9411764705882353]
11/08/2021 03:41:44 - INFO - __main__ - --------------------------------------------------
11/08/2021 03:41:44 - INFO - __main__ - Evaluating to get errors .... Timecode: 4
11/08/2021 03:41:47 - INFO - __main__ - Before Error Fixing: {'EM': 0.578125, 'QA-F1': 0.6372767857142857}
11/08/2021 03:41:47 - INFO - __main__ - Found 27 errors.
11/08/2021 03:41:48 - INFO - __main__ - Start error-fixing .... Timecode: 4
11/08/2021 03:42:01 - INFO - __main__ - Start error-fixing .... Done!
11/08/2021 03:42:03 - INFO - __main__ - Overall: 0.8625 from scores=[0.725, 1.0]
11/08/2021 03:42:03 - INFO - __main__ - --------------------------------------------------
11/08/2021 03:42:03 - INFO - __main__ - Evaluating to get errors .... Timecode: 5
11/08/2021 03:42:09 - INFO - __main__ - Before Error Fixing: {'EM': 0.421875, 'QA-F1': 0.5988305654852737}
11/08/2021 03:42:09 - INFO - __main__ - Found 37 errors.
11/08/2021 03:42:09 - INFO - __main__ - Start error-fixing .... Timecode: 5
11/08/2021 03:42:26 - INFO - __main__ - Start error-fixing .... Done!
11/08/2021 03:42:28 - INFO - __main__ - Overall: 0.8372395833333334 from scores=[0.6744791666666667, 1.0]
11/08/2021 03:42:28 - INFO - __main__ - --------------------------------------------------
11/08/2021 03:42:28 - INFO - __main__ - Evaluating to get errors .... Timecode: 6
11/08/2021 03:42:32 - INFO - __main__ - Before Error Fixing: {'EM': 0.609375, 'QA-F1': 0.7237661210317461}
11/08/2021 03:42:32 - INFO - __main__ - Found 25 errors.
11/08/2021 03:42:33 - INFO - __main__ - Start error-fixing .... Timecode: 6
11/08/2021 03:42:45 - INFO - __main__ - Start error-fixing .... Done!
11/08/2021 03:42:47 - INFO - __main__ - Overall: 0.8125892857142857 from scores=[0.6651785714285714, 0.96]
11/08/2021 03:42:47 - INFO - __main__ - --------------------------------------------------
11/08/2021 03:42:47 - INFO - __main__ - Evaluating to get errors .... Timecode: 7
11/08/2021 03:42:51 - INFO - __main__ - Before Error Fixing: {'EM': 0.625, 'QA-F1': 0.6617788461538462}
11/08/2021 03:42:51 - INFO - __main__ - Found 24 errors.
11/08/2021 03:42:51 - INFO - __main__ - Start error-fixing .... Timecode: 7
11/08/2021 03:43:02 - INFO - __main__ - Start error-fixing .... Done!
11/08/2021 03:43:04 - INFO - __main__ - Overall: 0.830078125 from scores=[0.66015625, 1.0]
11/08/2021 03:43:04 - INFO - __main__ - --------------------------------------------------
11/08/2021 03:43:04 - INFO - __main__ - Evaluating to get errors .... Timecode: 8
11/08/2021 03:43:10 - INFO - __main__ - Before Error Fixing: {'EM': 0.484375, 'QA-F1': 0.5899886434837093}
11/08/2021 03:43:10 - INFO - __main__ - Found 33 errors.
11/08/2021 03:43:10 - INFO - __main__ - Start error-fixing .... Timecode: 8
11/08/2021 03:43:26 - INFO - __main__ - Start error-fixing .... Done!
11/08/2021 03:43:28 - INFO - __main__ - Overall: 0.8203125 from scores=[0.640625, 1.0]
11/08/2021 03:43:28 - INFO - __main__ - --------------------------------------------------
11/08/2021 03:43:28 - INFO - __main__ - Evaluating to get errors .... Timecode: 9
11/08/2021 03:43:32 - INFO - __main__ - Before Error Fixing: {'EM': 0.515625, 'QA-F1': 0.5844618055555555}
11/08/2021 03:43:32 - INFO - __main__ - Found 31 errors.
11/08/2021 03:43:33 - INFO - __main__ - Start error-fixing .... Timecode: 9
11/08/2021 03:43:47 - INFO - __main__ - Start error-fixing .... Done!
11/08/2021 03:43:48 - INFO - __main__ - Overall: 0.8140625 from scores=[0.628125, 1.0]
11/08/2021 03:43:48 - INFO - __main__ - --------------------------------------------------
11/08/2021 03:43:48 - INFO - __main__ - Start eval_knowledge_retention for UKR @ Timecode=10
11/08/2021 03:44:15 - INFO - __main__ - Upstream Knowledge Retation (UKR@10): 0.7637
11/08/2021 03:44:16 - INFO - __main__ - Start eval_knowledge_retention for OKR @ Timecode=10
11/08/2021 03:44:47 - INFO - __main__ - Online Knowledge Retation (OKR@10): 0.8867
11/08/2021 03:44:47 - INFO - __main__ - Start eval_knowledge_generalization for KG @ Timecode=10
11/08/2021 03:45:51 - INFO - __main__ - Future Knowledge Generalization (KG@10): 0.4781
11/08/2021 03:45:51 - INFO - __main__ - Evaluating to get errors .... Timecode: 10
11/08/2021 03:45:56 - INFO - __main__ - Before Error Fixing: {'EM': 0.578125, 'QA-F1': 0.6856693363844393}
11/08/2021 03:45:56 - INFO - __main__ - Found 27 errors.
11/08/2021 03:45:56 - INFO - __main__ - Start error-fixing .... Timecode: 10
11/08/2021 03:46:09 - INFO - __main__ - Start error-fixing .... Done!
11/08/2021 03:46:11 - INFO - __main__ - Overall: 0.750419034090909 from scores=[0.6235795454545454, 1.0, 0.88671875, 0.763671875, 0.478125]
11/08/2021 03:46:14 - INFO - __main__ - Model saved to experiments/ckpt_dirs/qa/er/QA_simplecl_lr=3e-5_ep=10_T=100,b=64,alpha=0.9,beta=0.9,gamma=0.8/model_ckpt_010.pt.
11/08/2021 03:46:14 - INFO - __main__ - Updated result feule: experiments/results/qa/QA_simplecl_lr=3e-5_ep=10_T=100,b=64,alpha=0.9,beta=0.9,gamma=0.8_result.json at Timecode: 10.
11/08/2021 03:46:14 - INFO - __main__ - --------------------------------------------------
11/08/2021 03:46:14 - INFO - __main__ - Evaluating to get errors .... Timecode: 11
11/08/2021 03:46:21 - INFO - __main__ - Before Error Fixing: {'EM': 0.578125, 'QA-F1': 0.6836932327683043}
11/08/2021 03:46:21 - INFO - __main__ - Found 27 errors.
11/08/2021 03:46:22 - INFO - __main__ - Start error-fixing .... Timecode: 11
11/08/2021 03:46:35 - INFO - __main__ - Start error-fixing .... Done!
11/08/2021 03:46:38 - INFO - __main__ - Overall: 0.7496614583333334 from scores=[0.6197916666666667, 1.0, 0.88671875, 0.763671875, 0.478125]
11/08/2021 03:46:38 - INFO - __main__ - --------------------------------------------------
11/08/2021 03:46:38 - INFO - __main__ - Evaluating to get errors .... Timecode: 12
11/08/2021 03:46:43 - INFO - __main__ - Before Error Fixing: {'EM': 0.578125, 'QA-F1': 0.6517308646214897}
11/08/2021 03:46:43 - INFO - __main__ - Found 27 errors.
11/08/2021 03:46:43 - INFO - __main__ - Start error-fixing .... Timecode: 12
11/08/2021 03:46:56 - INFO - __main__ - Start error-fixing .... Done!
11/08/2021 03:46:59 - INFO - __main__ - Overall: 0.7490204326923077 from scores=[0.6165865384615384, 1.0, 0.88671875, 0.763671875, 0.478125]
11/08/2021 03:46:59 - INFO - __main__ - --------------------------------------------------
11/08/2021 03:46:59 - INFO - __main__ - Evaluating to get errors .... Timecode: 13
11/08/2021 03:47:05 - INFO - __main__ - Before Error Fixing: {'EM': 0.484375, 'QA-F1': 0.6153397817460318}
11/08/2021 03:47:05 - INFO - __main__ - Found 33 errors.
11/08/2021 03:47:05 - INFO - __main__ - Start error-fixing .... Timecode: 13
11/08/2021 03:47:21 - INFO - __main__ - Start error-fixing .... Done!
11/08/2021 03:47:24 - INFO - __main__ - Overall: 0.7410710903679654 from scores=[0.6071428571428572, 0.9696969696969697, 0.88671875, 0.763671875, 0.478125]
11/08/2021 03:47:24 - INFO - __main__ - --------------------------------------------------
11/08/2021 03:47:24 - INFO - __main__ - Evaluating to get errors .... Timecode: 14
11/08/2021 03:47:30 - INFO - __main__ - Before Error Fixing: {'EM': 0.453125, 'QA-F1': 0.5291897899894223}
11/08/2021 03:47:30 - INFO - __main__ - Found 35 errors.
11/08/2021 03:47:30 - INFO - __main__ - Start error-fixing .... Timecode: 14
11/08/2021 03:47:47 - INFO - __main__ - Start error-fixing .... Done!
11/08/2021 03:47:49 - INFO - __main__ - Overall: 0.7450781249999999 from scores=[0.596875, 1.0, 0.88671875, 0.763671875, 0.478125]
11/08/2021 03:47:49 - INFO - __main__ - --------------------------------------------------
11/08/2021 03:47:49 - INFO - __main__ - Evaluating to get errors .... Timecode: 15
11/08/2021 03:47:55 - INFO - __main__ - Before Error Fixing: {'EM': 0.546875, 'QA-F1': 0.6559973013098013}
11/08/2021 03:47:55 - INFO - __main__ - Found 29 errors.
11/08/2021 03:47:55 - INFO - __main__ - Start error-fixing .... Timecode: 15
11/08/2021 03:48:09 - INFO - __main__ - Start error-fixing .... Done!
11/08/2021 03:48:12 - INFO - __main__ - Overall: 0.7444531249999999 from scores=[0.59375, 1.0, 0.88671875, 0.763671875, 0.478125]
11/08/2021 03:48:12 - INFO - __main__ - --------------------------------------------------
11/08/2021 03:48:12 - INFO - __main__ - Evaluating to get errors .... Timecode: 16
11/08/2021 03:48:16 - INFO - __main__ - Before Error Fixing: {'EM': 0.578125, 'QA-F1': 0.6719680409889388}
11/08/2021 03:48:16 - INFO - __main__ - Found 27 errors.
11/08/2021 03:48:17 - INFO - __main__ - Start error-fixing .... Timecode: 16
11/08/2021 03:48:30 - INFO - __main__ - Start error-fixing .... Done!
11/08/2021 03:48:31 - INFO - __main__ - Overall: 0.7442693014705882 from scores=[0.5928308823529411, 1.0, 0.88671875, 0.763671875, 0.478125]
11/08/2021 03:48:31 - INFO - __main__ - --------------------------------------------------
11/08/2021 03:48:31 - INFO - __main__ - Evaluating to get errors .... Timecode: 17
11/08/2021 03:48:36 - INFO - __main__ - Before Error Fixing: {'EM': 0.640625, 'QA-F1': 0.7308100981620719}
11/08/2021 03:48:36 - INFO - __main__ - Found 23 errors.
11/08/2021 03:48:36 - INFO - __main__ - Start error-fixing .... Timecode: 17
11/08/2021 03:48:46 - INFO - __main__ - Start error-fixing .... Done!
11/08/2021 03:48:48 - INFO - __main__ - Overall: 0.7448003472222222 from scores=[0.5954861111111112, 1.0, 0.88671875, 0.763671875, 0.478125]
11/08/2021 03:48:48 - INFO - __main__ - --------------------------------------------------
11/08/2021 03:48:48 - INFO - __main__ - Evaluating to get errors .... Timecode: 18
11/08/2021 03:48:51 - INFO - __main__ - Before Error Fixing: {'EM': 0.453125, 'QA-F1': 0.5010416666666666}
11/08/2021 03:48:51 - INFO - __main__ - Found 35 errors.
11/08/2021 03:48:52 - INFO - __main__ - Start error-fixing .... Timecode: 18
11/08/2021 03:49:08 - INFO - __main__ - Start error-fixing .... Done!
11/08/2021 03:49:10 - INFO - __main__ - Overall: 0.7433018092105264 from scores=[0.5879934210526316, 1.0, 0.88671875, 0.763671875, 0.478125]
11/08/2021 03:49:10 - INFO - __main__ - --------------------------------------------------
11/08/2021 03:49:10 - INFO - __main__ - Evaluating to get errors .... Timecode: 19
11/08/2021 03:49:14 - INFO - __main__ - Before Error Fixing: {'EM': 0.46875, 'QA-F1': 0.5594494047619049}
11/08/2021 03:49:14 - INFO - __main__ - Found 34 errors.
11/08/2021 03:49:15 - INFO - __main__ - Start error-fixing .... Timecode: 19
11/08/2021 03:49:31 - INFO - __main__ - Start error-fixing .... Done!
11/08/2021 03:49:33 - INFO - __main__ - Overall: 0.7362270220588235 from scores=[0.58203125, 0.9705882352941176, 0.88671875, 0.763671875, 0.478125]
11/08/2021 03:49:33 - INFO - __main__ - --------------------------------------------------
11/08/2021 03:49:33 - INFO - __main__ - Start eval_knowledge_retention for UKR @ Timecode=20
11/08/2021 03:49:57 - INFO - __main__ - Upstream Knowledge Retation (UKR@20): 0.7695
11/08/2021 03:49:59 - INFO - __main__ - Start eval_knowledge_retention for OKR @ Timecode=20
11/08/2021 03:50:28 - INFO - __main__ - Online Knowledge Retation (OKR@20): 0.8828
11/08/2021 03:50:28 - INFO - __main__ - Start eval_knowledge_generalization for KG @ Timecode=20
11/08/2021 03:51:29 - INFO - __main__ - Future Knowledge Generalization (KG@20): 0.4719
11/08/2021 03:51:29 - INFO - __main__ - Evaluating to get errors .... Timecode: 20
11/08/2021 03:51:32 - INFO - __main__ - Before Error Fixing: {'EM': 0.515625, 'QA-F1': 0.5661458333333333}
11/08/2021 03:51:32 - INFO - __main__ - Found 31 errors.
11/08/2021 03:51:32 - INFO - __main__ - Start error-fixing .... Timecode: 20
11/08/2021 03:51:46 - INFO - __main__ - Start error-fixing .... Done!
11/08/2021 03:51:48 - INFO - __main__ - Overall: 0.7406175595238095 from scores=[0.5788690476190477, 1.0, 0.8828125, 0.76953125, 0.471875]
11/08/2021 03:51:51 - INFO - __main__ - Model saved to experiments/ckpt_dirs/qa/er/QA_simplecl_lr=3e-5_ep=10_T=100,b=64,alpha=0.9,beta=0.9,gamma=0.8/model_ckpt_020.pt.
11/08/2021 03:51:51 - INFO - __main__ - Updated result feule: experiments/results/qa/QA_simplecl_lr=3e-5_ep=10_T=100,b=64,alpha=0.9,beta=0.9,gamma=0.8_result.json at Timecode: 20.
11/08/2021 03:51:51 - INFO - __main__ - --------------------------------------------------
11/08/2021 03:51:51 - INFO - __main__ - Evaluating to get errors .... Timecode: 21
11/08/2021 03:51:54 - INFO - __main__ - Before Error Fixing: {'EM': 0.390625, 'QA-F1': 0.45486111111111105}
11/08/2021 03:51:54 - INFO - __main__ - Found 39 errors.
11/08/2021 03:51:54 - INFO - __main__ - Start error-fixing .... Timecode: 21
11/08/2021 03:52:12 - INFO - __main__ - Start error-fixing .... Done!
11/08/2021 03:52:14 - INFO - __main__ - Overall: 0.73890625 from scores=[0.5703125, 1.0, 0.8828125, 0.76953125, 0.471875]
11/08/2021 03:52:14 - INFO - __main__ - --------------------------------------------------
11/08/2021 03:52:14 - INFO - __main__ - Evaluating to get errors .... Timecode: 22
11/08/2021 03:52:19 - INFO - __main__ - Before Error Fixing: {'EM': 0.46875, 'QA-F1': 0.5744047619047619}
11/08/2021 03:52:19 - INFO - __main__ - Found 34 errors.
11/08/2021 03:52:19 - INFO - __main__ - Start error-fixing .... Timecode: 22
11/08/2021 03:52:34 - INFO - __main__ - Start error-fixing .... Done!
11/08/2021 03:52:36 - INFO - __main__ - Overall: 0.7380230978260869 from scores=[0.5658967391304348, 1.0, 0.8828125, 0.76953125, 0.471875]
11/08/2021 03:52:36 - INFO - __main__ - --------------------------------------------------
11/08/2021 03:52:36 - INFO - __main__ - Evaluating to get errors .... Timecode: 23
11/08/2021 03:52:41 - INFO - __main__ - Before Error Fixing: {'EM': 0.453125, 'QA-F1': 0.5495438823563823}
11/08/2021 03:52:41 - INFO - __main__ - Found 35 errors.
11/08/2021 03:52:41 - INFO - __main__ - Start error-fixing .... Timecode: 23
11/08/2021 03:52:55 - INFO - __main__ - Start error-fixing .... Done!
11/08/2021 03:52:58 - INFO - __main__ - Overall: 0.7256547619047619 from scores=[0.5611979166666667, 0.9428571428571428, 0.8828125, 0.76953125, 0.471875]
11/08/2021 03:52:58 - INFO - __main__ - --------------------------------------------------
11/08/2021 03:52:58 - INFO - __main__ - Evaluating to get errors .... Timecode: 24
11/08/2021 03:53:05 - INFO - __main__ - Before Error Fixing: {'EM': 0.4375, 'QA-F1': 0.5354054870465057}
11/08/2021 03:53:05 - INFO - __main__ - Found 36 errors.
11/08/2021 03:53:05 - INFO - __main__ - Start error-fixing .... Timecode: 24
11/08/2021 03:53:21 - INFO - __main__ - Start error-fixing .... Done!
11/08/2021 03:53:24 - INFO - __main__ - Overall: 0.7305381944444445 from scores=[0.55625, 0.9722222222222222, 0.8828125, 0.76953125, 0.471875]
11/08/2021 03:53:24 - INFO - __main__ - --------------------------------------------------
11/08/2021 03:53:24 - INFO - __main__ - Evaluating to get errors .... Timecode: 25
11/08/2021 03:53:30 - INFO - __main__ - Before Error Fixing: {'EM': 0.421875, 'QA-F1': 0.5407914341689615}
11/08/2021 03:53:30 - INFO - __main__ - Found 37 errors.
11/08/2021 03:53:31 - INFO - __main__ - Start error-fixing .... Timecode: 25
11/08/2021 03:53:46 - INFO - __main__ - Start error-fixing .... Done!
11/08/2021 03:53:49 - INFO - __main__ - Overall: 0.7296546907484407 from scores=[0.5510817307692308, 0.972972972972973, 0.8828125, 0.76953125, 0.471875]
11/08/2021 03:53:49 - INFO - __main__ - --------------------------------------------------
11/08/2021 03:53:49 - INFO - __main__ - Evaluating to get errors .... Timecode: 26
11/08/2021 03:53:55 - INFO - __main__ - Before Error Fixing: {'EM': 0.46875, 'QA-F1': 0.6176604623150082}
11/08/2021 03:53:55 - INFO - __main__ - Found 34 errors.
11/08/2021 03:53:56 - INFO - __main__ - Start error-fixing .... Timecode: 26
11/08/2021 03:54:11 - INFO - __main__ - Start error-fixing .... Done!
11/08/2021 03:54:14 - INFO - __main__ - Overall: 0.716803172657952 from scores=[0.5480324074074074, 0.9117647058823529, 0.8828125, 0.76953125, 0.471875]
11/08/2021 03:54:14 - INFO - __main__ - --------------------------------------------------
11/08/2021 03:54:14 - INFO - __main__ - Evaluating to get errors .... Timecode: 27
11/08/2021 03:54:20 - INFO - __main__ - Before Error Fixing: {'EM': 0.453125, 'QA-F1': 0.5731941203583673}
11/08/2021 03:54:20 - INFO - __main__ - Found 35 errors.
11/08/2021 03:54:20 - INFO - __main__ - Start error-fixing .... Timecode: 27
11/08/2021 03:54:37 - INFO - __main__ - Start error-fixing .... Done!
11/08/2021 03:54:40 - INFO - __main__ - Overall: 0.7337723214285714 from scores=[0.5446428571428572, 1.0, 0.8828125, 0.76953125, 0.471875]
11/08/2021 03:54:40 - INFO - __main__ - --------------------------------------------------
11/08/2021 03:54:40 - INFO - __main__ - Evaluating to get errors .... Timecode: 28
11/08/2021 03:54:45 - INFO - __main__ - Before Error Fixing: {'EM': 0.484375, 'QA-F1': 0.5844192115251898}
11/08/2021 03:54:45 - INFO - __main__ - Found 33 errors.
11/08/2021 03:54:45 - INFO - __main__ - Start error-fixing .... Timecode: 28
11/08/2021 03:55:01 - INFO - __main__ - Start error-fixing .... Done!
11/08/2021 03:55:04 - INFO - __main__ - Overall: 0.7212354689132706 from scores=[0.5425646551724138, 0.9393939393939394, 0.8828125, 0.76953125, 0.471875]
11/08/2021 03:55:04 - INFO - __main__ - --------------------------------------------------
11/08/2021 03:55:04 - INFO - __main__ - Evaluating to get errors .... Timecode: 29
11/08/2021 03:55:10 - INFO - __main__ - Before Error Fixing: {'EM': 0.40625, 'QA-F1': 0.5690508824143693}
11/08/2021 03:55:10 - INFO - __main__ - Found 38 errors.
11/08/2021 03:55:10 - INFO - __main__ - Start error-fixing .... Timecode: 29
11/08/2021 03:55:28 - INFO - __main__ - Start error-fixing .... Done!
11/08/2021 03:55:30 - INFO - __main__ - Overall: 0.7324479166666666 from scores=[0.5380208333333334, 1.0, 0.8828125, 0.76953125, 0.471875]
11/08/2021 03:55:30 - INFO - __main__ - --------------------------------------------------
11/08/2021 03:55:30 - INFO - __main__ - Start eval_knowledge_retention for UKR @ Timecode=30
11/08/2021 03:56:02 - INFO - __main__ - Upstream Knowledge Retation (UKR@30): 0.7090
11/08/2021 03:56:04 - INFO - __main__ - Start eval_knowledge_retention for OKR @ Timecode=30
11/08/2021 03:56:40 - INFO - __main__ - Online Knowledge Retation (OKR@30): 0.8379
11/08/2021 03:56:40 - INFO - __main__ - Start eval_knowledge_generalization for KG @ Timecode=30
11/08/2021 03:58:02 - INFO - __main__ - Future Knowledge Generalization (KG@30): 0.4695
11/08/2021 03:58:02 - INFO - __main__ - Evaluating to get errors .... Timecode: 30
11/08/2021 03:58:05 - INFO - __main__ - Before Error Fixing: {'EM': 0.546875, 'QA-F1': 0.6302083333333334}
11/08/2021 03:58:05 - INFO - __main__ - Found 29 errors.
11/08/2021 03:58:05 - INFO - __main__ - Start error-fixing .... Timecode: 30
11/08/2021 03:58:19 - INFO - __main__ - Start error-fixing .... Done!
11/08/2021 03:58:20 - INFO - __main__ - Overall: 0.7109425403225806 from scores=[0.5383064516129032, 1.0, 0.837890625, 0.708984375, 0.46953125]
11/08/2021 03:58:23 - INFO - __main__ - Model saved to experiments/ckpt_dirs/qa/er/QA_simplecl_lr=3e-5_ep=10_T=100,b=64,alpha=0.9,beta=0.9,gamma=0.8/model_ckpt_030.pt.
11/08/2021 03:58:23 - INFO - __main__ - Updated result feule: experiments/results/qa/QA_simplecl_lr=3e-5_ep=10_T=100,b=64,alpha=0.9,beta=0.9,gamma=0.8_result.json at Timecode: 30.
11/08/2021 03:58:23 - INFO - __main__ - --------------------------------------------------
11/08/2021 03:58:23 - INFO - __main__ - Evaluating to get errors .... Timecode: 31
11/08/2021 03:58:26 - INFO - __main__ - Before Error Fixing: {'EM': 0.59375, 'QA-F1': 0.6847251400560224}
11/08/2021 03:58:26 - INFO - __main__ - Found 26 errors.
11/08/2021 03:58:27 - INFO - __main__ - Start error-fixing .... Timecode: 31
11/08/2021 03:58:40 - INFO - __main__ - Start error-fixing .... Done!
11/08/2021 03:58:41 - INFO - __main__ - Overall: 0.7112890625 from scores=[0.5400390625, 1.0, 0.837890625, 0.708984375, 0.46953125]
11/08/2021 03:58:41 - INFO - __main__ - --------------------------------------------------
11/08/2021 03:58:41 - INFO - __main__ - Evaluating to get errors .... Timecode: 32
11/08/2021 03:58:46 - INFO - __main__ - Before Error Fixing: {'EM': 0.359375, 'QA-F1': 0.45155782483447926}
11/08/2021 03:58:46 - INFO - __main__ - Found 41 errors.
11/08/2021 03:58:47 - INFO - __main__ - Start error-fixing .... Timecode: 32
11/08/2021 03:59:07 - INFO - __main__ - Start error-fixing .... Done!
11/08/2021 03:59:09 - INFO - __main__ - Overall: 0.7101941287878788 from scores=[0.5345643939393939, 1.0, 0.837890625, 0.708984375, 0.46953125]
11/08/2021 03:59:09 - INFO - __main__ - --------------------------------------------------
11/08/2021 03:59:09 - INFO - __main__ - Evaluating to get errors .... Timecode: 33
11/08/2021 03:59:13 - INFO - __main__ - Before Error Fixing: {'EM': 0.484375, 'QA-F1': 0.5423815359477124}
11/08/2021 03:59:13 - INFO - __main__ - Found 33 errors.
11/08/2021 03:59:14 - INFO - __main__ - Start error-fixing .... Timecode: 33
11/08/2021 03:59:30 - INFO - __main__ - Start error-fixing .... Done!
11/08/2021 03:59:32 - INFO - __main__ - Overall: 0.7098988970588236 from scores=[0.5330882352941176, 1.0, 0.837890625, 0.708984375, 0.46953125]
11/08/2021 03:59:32 - INFO - __main__ - --------------------------------------------------
11/08/2021 03:59:32 - INFO - __main__ - Evaluating to get errors .... Timecode: 34
11/08/2021 03:59:35 - INFO - __main__ - Before Error Fixing: {'EM': 0.53125, 'QA-F1': 0.5915178571428572}
11/08/2021 03:59:35 - INFO - __main__ - Found 30 errors.
11/08/2021 03:59:35 - INFO - __main__ - Start error-fixing .... Timecode: 34
11/08/2021 03:59:49 - INFO - __main__ - Start error-fixing .... Done!
11/08/2021 03:59:51 - INFO - __main__ - Overall: 0.7098883928571429 from scores=[0.5330357142857143, 1.0, 0.837890625, 0.708984375, 0.46953125]
11/08/2021 03:59:51 - INFO - __main__ - --------------------------------------------------
11/08/2021 03:59:51 - INFO - __main__ - Evaluating to get errors .... Timecode: 35
11/08/2021 03:59:55 - INFO - __main__ - Before Error Fixing: {'EM': 0.46875, 'QA-F1': 0.5651582792207792}
11/08/2021 03:59:55 - INFO - __main__ - Found 34 errors.
11/08/2021 03:59:55 - INFO - __main__ - Start error-fixing .... Timecode: 35
11/08/2021 04:00:12 - INFO - __main__ - Start error-fixing .... Done!
11/08/2021 04:00:14 - INFO - __main__ - Overall: 0.7095312500000001 from scores=[0.53125, 1.0, 0.837890625, 0.708984375, 0.46953125]
11/08/2021 04:00:14 - INFO - __main__ - --------------------------------------------------
11/08/2021 04:00:14 - INFO - __main__ - Evaluating to get errors .... Timecode: 36
11/08/2021 04:00:19 - INFO - __main__ - Before Error Fixing: {'EM': 0.5, 'QA-F1': 0.622359283625731}
11/08/2021 04:00:19 - INFO - __main__ - Found 32 errors.
11/08/2021 04:00:20 - INFO - __main__ - Start error-fixing .... Timecode: 36
11/08/2021 04:00:35 - INFO - __main__ - Start error-fixing .... Done!
11/08/2021 04:00:38 - INFO - __main__ - Overall: 0.709362331081081 from scores=[0.5304054054054055, 1.0, 0.837890625, 0.708984375, 0.46953125]
11/08/2021 04:00:38 - INFO - __main__ - --------------------------------------------------
11/08/2021 04:00:38 - INFO - __main__ - Evaluating to get errors .... Timecode: 37
11/08/2021 04:00:43 - INFO - __main__ - Before Error Fixing: {'EM': 0.453125, 'QA-F1': 0.600522887403575}
11/08/2021 04:00:43 - INFO - __main__ - Found 35 errors.
11/08/2021 04:00:44 - INFO - __main__ - Start error-fixing .... Timecode: 37
11/08/2021 04:01:00 - INFO - __main__ - Start error-fixing .... Done!
11/08/2021 04:01:04 - INFO - __main__ - Overall: 0.7032413063909775 from scores=[0.5283717105263157, 0.9714285714285714, 0.837890625, 0.708984375, 0.46953125]
11/08/2021 04:01:04 - INFO - __main__ - --------------------------------------------------
11/08/2021 04:01:04 - INFO - __main__ - Evaluating to get errors .... Timecode: 38
11/08/2021 04:01:10 - INFO - __main__ - Before Error Fixing: {'EM': 0.5625, 'QA-F1': 0.6237830152303836}
11/08/2021 04:01:10 - INFO - __main__ - Found 28 errors.
11/08/2021 04:01:10 - INFO - __main__ - Start error-fixing .... Timecode: 38
11/08/2021 04:01:24 - INFO - __main__ - Start error-fixing .... Done!
11/08/2021 04:01:27 - INFO - __main__ - Overall: 0.6877020375457876 from scores=[0.5292467948717949, 0.8928571428571429, 0.837890625, 0.708984375, 0.46953125]
11/08/2021 04:01:27 - INFO - __main__ - --------------------------------------------------
11/08/2021 04:01:27 - INFO - __main__ - Evaluating to get errors .... Timecode: 39
11/08/2021 04:01:33 - INFO - __main__ - Before Error Fixing: {'EM': 0.484375, 'QA-F1': 0.6128717701860117}
11/08/2021 04:01:33 - INFO - __main__ - Found 33 errors.
11/08/2021 04:01:33 - INFO - __main__ - Start error-fixing .... Timecode: 39
11/08/2021 04:01:49 - INFO - __main__ - Start error-fixing .... Done!
11/08/2021 04:01:52 - INFO - __main__ - Overall: 0.7089062500000001 from scores=[0.528125, 1.0, 0.837890625, 0.708984375, 0.46953125]
11/08/2021 04:01:52 - INFO - __main__ - --------------------------------------------------
11/08/2021 04:01:52 - INFO - __main__ - Start eval_knowledge_retention for UKR @ Timecode=40
11/08/2021 04:02:31 - INFO - __main__ - Upstream Knowledge Retation (UKR@40): 0.6680
11/08/2021 04:02:34 - INFO - __main__ - Start eval_knowledge_retention for OKR @ Timecode=40
11/08/2021 04:03:12 - INFO - __main__ - Online Knowledge Retation (OKR@40): 0.8223
11/08/2021 04:03:12 - INFO - __main__ - Start eval_knowledge_generalization for KG @ Timecode=40
11/08/2021 04:04:38 - INFO - __main__ - Future Knowledge Generalization (KG@40): 0.4648
11/08/2021 04:04:38 - INFO - __main__ - Evaluating to get errors .... Timecode: 40
11/08/2021 04:04:44 - INFO - __main__ - Before Error Fixing: {'EM': 0.453125, 'QA-F1': 0.5614167863386612}
11/08/2021 04:04:44 - INFO - __main__ - Found 35 errors.
11/08/2021 04:04:44 - INFO - __main__ - Start error-fixing .... Timecode: 40
11/08/2021 04:05:01 - INFO - __main__ - Start error-fixing .... Done!
11/08/2021 04:05:03 - INFO - __main__ - Overall: 0.6962747713414634 from scores=[0.5262957317073171, 1.0, 0.822265625, 0.66796875, 0.46484375]
11/08/2021 04:05:06 - INFO - __main__ - Model saved to experiments/ckpt_dirs/qa/er/QA_simplecl_lr=3e-5_ep=10_T=100,b=64,alpha=0.9,beta=0.9,gamma=0.8/model_ckpt_040.pt.
11/08/2021 04:05:06 - INFO - __main__ - Updated result feule: experiments/results/qa/QA_simplecl_lr=3e-5_ep=10_T=100,b=64,alpha=0.9,beta=0.9,gamma=0.8_result.json at Timecode: 40.
11/08/2021 04:05:06 - INFO - __main__ - --------------------------------------------------
11/08/2021 04:05:06 - INFO - __main__ - Evaluating to get errors .... Timecode: 41
11/08/2021 04:05:12 - INFO - __main__ - Before Error Fixing: {'EM': 0.46875, 'QA-F1': 0.5724986392959286}
11/08/2021 04:05:12 - INFO - __main__ - Found 34 errors.
11/08/2021 04:05:13 - INFO - __main__ - Start error-fixing .... Timecode: 41
11/08/2021 04:05:29 - INFO - __main__ - Start error-fixing .... Done!
11/08/2021 04:05:32 - INFO - __main__ - Overall: 0.696000744047619 from scores=[0.5249255952380952, 1.0, 0.822265625, 0.66796875, 0.46484375]
11/08/2021 04:05:32 - INFO - __main__ - --------------------------------------------------
11/08/2021 04:05:32 - INFO - __main__ - Evaluating to get errors .... Timecode: 42
11/08/2021 04:05:37 - INFO - __main__ - Before Error Fixing: {'EM': 0.4375, 'QA-F1': 0.53210301614665}
11/08/2021 04:05:37 - INFO - __main__ - Found 36 errors.
11/08/2021 04:05:37 - INFO - __main__ - Start error-fixing .... Timecode: 42
11/08/2021 04:05:52 - INFO - __main__ - Start error-fixing .... Done!
11/08/2021 04:05:56 - INFO - __main__ - Overall: 0.6955941133720931 from scores=[0.5228924418604651, 1.0, 0.822265625, 0.66796875, 0.46484375]
11/08/2021 04:05:56 - INFO - __main__ - --------------------------------------------------
11/08/2021 04:05:56 - INFO - __main__ - Evaluating to get errors .... Timecode: 43
11/08/2021 04:06:01 - INFO - __main__ - Before Error Fixing: {'EM': 0.453125, 'QA-F1': 0.5568080999886655}
11/08/2021 04:06:01 - INFO - __main__ - Found 35 errors.
11/08/2021 04:06:01 - INFO - __main__ - Start error-fixing .... Timecode: 43
11/08/2021 04:06:18 - INFO - __main__ - Start error-fixing .... Done!
11/08/2021 04:06:22 - INFO - __main__ - Overall: 0.6895627029220779 from scores=[0.5213068181818181, 0.9714285714285714, 0.822265625, 0.66796875, 0.46484375]
11/08/2021 04:06:22 - INFO - __main__ - --------------------------------------------------
11/08/2021 04:06:22 - INFO - __main__ - Evaluating to get errors .... Timecode: 44
11/08/2021 04:06:29 - INFO - __main__ - Before Error Fixing: {'EM': 0.640625, 'QA-F1': 0.7313266594516594}
11/08/2021 04:06:29 - INFO - __main__ - Found 23 errors.
11/08/2021 04:06:29 - INFO - __main__ - Start error-fixing .... Timecode: 44
11/08/2021 04:06:40 - INFO - __main__ - Start error-fixing .... Done!
11/08/2021 04:06:42 - INFO - __main__ - Overall: 0.6958072916666667 from scores=[0.5239583333333333, 1.0, 0.822265625, 0.66796875, 0.46484375]
11/08/2021 04:06:42 - INFO - __main__ - --------------------------------------------------
11/08/2021 04:06:42 - INFO - __main__ - Evaluating to get errors .... Timecode: 45
11/08/2021 04:06:49 - INFO - __main__ - Before Error Fixing: {'EM': 0.484375, 'QA-F1': 0.5797247023809524}
11/08/2021 04:06:49 - INFO - __main__ - Found 33 errors.
11/08/2021 04:06:49 - INFO - __main__ - Start error-fixing .... Timecode: 45
11/08/2021 04:07:05 - INFO - __main__ - Start error-fixing .... Done!
11/08/2021 04:07:09 - INFO - __main__ - Overall: 0.6895745841567853 from scores=[0.5230978260869565, 0.9696969696969697, 0.822265625, 0.66796875, 0.46484375]
11/08/2021 04:07:09 - INFO - __main__ - --------------------------------------------------
11/08/2021 04:07:09 - INFO - __main__ - Evaluating to get errors .... Timecode: 46
11/08/2021 04:07:14 - INFO - __main__ - Before Error Fixing: {'EM': 0.53125, 'QA-F1': 0.665622421278991}
11/08/2021 04:07:14 - INFO - __main__ - Found 30 errors.
11/08/2021 04:07:15 - INFO - __main__ - Start error-fixing .... Timecode: 46
11/08/2021 04:07:28 - INFO - __main__ - Start error-fixing .... Done!
11/08/2021 04:07:30 - INFO - __main__ - Overall: 0.6890032136524823 from scores=[0.5232712765957447, 0.9666666666666667, 0.822265625, 0.66796875, 0.46484375]
11/08/2021 04:07:30 - INFO - __main__ - --------------------------------------------------
11/08/2021 04:07:30 - INFO - __main__ - Evaluating to get errors .... Timecode: 47
11/08/2021 04:07:36 - INFO - __main__ - Before Error Fixing: {'EM': 0.515625, 'QA-F1': 0.617686449579832}
11/08/2021 04:07:36 - INFO - __main__ - Found 31 errors.
11/08/2021 04:07:37 - INFO - __main__ - Start error-fixing .... Timecode: 47
11/08/2021 04:07:51 - INFO - __main__ - Start error-fixing .... Done!
11/08/2021 04:07:54 - INFO - __main__ - Overall: 0.6762831821236559 from scores=[0.5231119791666667, 0.9032258064516129, 0.822265625, 0.66796875, 0.46484375]
11/08/2021 04:07:54 - INFO - __main__ - --------------------------------------------------
11/08/2021 04:07:54 - INFO - __main__ - Evaluating to get errors .... Timecode: 48
11/08/2021 04:07:59 - INFO - __main__ - Before Error Fixing: {'EM': 0.5, 'QA-F1': 0.6609166067742887}
11/08/2021 04:07:59 - INFO - __main__ - Found 32 errors.
11/08/2021 04:07:59 - INFO - __main__ - Start error-fixing .... Timecode: 48
11/08/2021 04:08:14 - INFO - __main__ - Start error-fixing .... Done!
11/08/2021 04:08:16 - INFO - __main__ - Overall: 0.6892936862244898 from scores=[0.5226403061224489, 0.96875, 0.822265625, 0.66796875, 0.46484375]
11/08/2021 04:08:16 - INFO - __main__ - --------------------------------------------------
11/08/2021 04:08:16 - INFO - __main__ - Evaluating to get errors .... Timecode: 49
11/08/2021 04:08:21 - INFO - __main__ - Before Error Fixing: {'EM': 0.453125, 'QA-F1': 0.6227802579365079}
11/08/2021 04:08:21 - INFO - __main__ - Found 35 errors.
11/08/2021 04:08:22 - INFO - __main__ - Start error-fixing .... Timecode: 49
11/08/2021 04:08:38 - INFO - __main__ - Start error-fixing .... Done!
11/08/2021 04:08:40 - INFO - __main__ - Overall: 0.695265625 from scores=[0.52125, 1.0, 0.822265625, 0.66796875, 0.46484375]
11/08/2021 04:08:40 - INFO - __main__ - --------------------------------------------------
11/08/2021 04:08:40 - INFO - __main__ - Start eval_knowledge_retention for UKR @ Timecode=50
11/08/2021 04:09:14 - INFO - __main__ - Upstream Knowledge Retation (UKR@50): 0.7305
11/08/2021 04:09:16 - INFO - __main__ - Start eval_knowledge_retention for OKR @ Timecode=50
11/08/2021 04:09:50 - INFO - __main__ - Online Knowledge Retation (OKR@50): 0.8262
11/08/2021 04:09:50 - INFO - __main__ - Start eval_knowledge_generalization for KG @ Timecode=50
11/08/2021 04:11:08 - INFO - __main__ - Future Knowledge Generalization (KG@50): 0.4805
11/08/2021 04:11:08 - INFO - __main__ - Evaluating to get errors .... Timecode: 50
11/08/2021 04:11:13 - INFO - __main__ - Before Error Fixing: {'EM': 0.5625, 'QA-F1': 0.6922210326438267}
11/08/2021 04:11:13 - INFO - __main__ - Found 28 errors.
11/08/2021 04:11:13 - INFO - __main__ - Start error-fixing .... Timecode: 50
11/08/2021 04:11:26 - INFO - __main__ - Start error-fixing .... Done!
11/08/2021 04:11:29 - INFO - __main__ - Overall: 0.697547925420168 from scores=[0.5220588235294117, 0.9285714285714286, 0.826171875, 0.73046875, 0.48046875]
11/08/2021 04:11:32 - INFO - __main__ - Model saved to experiments/ckpt_dirs/qa/er/QA_simplecl_lr=3e-5_ep=10_T=100,b=64,alpha=0.9,beta=0.9,gamma=0.8/model_ckpt_050.pt.
11/08/2021 04:11:32 - INFO - __main__ - Updated result feule: experiments/results/qa/QA_simplecl_lr=3e-5_ep=10_T=100,b=64,alpha=0.9,beta=0.9,gamma=0.8_result.json at Timecode: 50.
11/08/2021 04:11:32 - INFO - __main__ - --------------------------------------------------
11/08/2021 04:11:32 - INFO - __main__ - Evaluating to get errors .... Timecode: 51
11/08/2021 04:11:37 - INFO - __main__ - Before Error Fixing: {'EM': 0.625, 'QA-F1': 0.712815471170547}
11/08/2021 04:11:37 - INFO - __main__ - Found 24 errors.
11/08/2021 04:11:37 - INFO - __main__ - Start error-fixing .... Timecode: 51
11/08/2021 04:11:48 - INFO - __main__ - Start error-fixing .... Done!
11/08/2021 04:11:50 - INFO - __main__ - Overall: 0.7122295673076924 from scores=[0.5240384615384616, 1.0, 0.826171875, 0.73046875, 0.48046875]
11/08/2021 04:11:50 - INFO - __main__ - --------------------------------------------------
11/08/2021 04:11:50 - INFO - __main__ - Evaluating to get errors .... Timecode: 52
11/08/2021 04:11:57 - INFO - __main__ - Before Error Fixing: {'EM': 0.515625, 'QA-F1': 0.5902142128704628}
11/08/2021 04:11:57 - INFO - __main__ - Found 31 errors.
11/08/2021 04:11:57 - INFO - __main__ - Start error-fixing .... Timecode: 52
11/08/2021 04:12:11 - INFO - __main__ - Start error-fixing .... Done!
11/08/2021 04:12:13 - INFO - __main__ - Overall: 0.7121978183962264 from scores=[0.523879716981132, 1.0, 0.826171875, 0.73046875, 0.48046875]
11/08/2021 04:12:13 - INFO - __main__ - --------------------------------------------------
11/08/2021 04:12:13 - INFO - __main__ - Evaluating to get errors .... Timecode: 53
11/08/2021 04:12:18 - INFO - __main__ - Before Error Fixing: {'EM': 0.6875, 'QA-F1': 0.7737043866459627}
11/08/2021 04:12:18 - INFO - __main__ - Found 20 errors.
11/08/2021 04:12:18 - INFO - __main__ - Start error-fixing .... Timecode: 53
11/08/2021 04:12:27 - INFO - __main__ - Start error-fixing .... Done!
11/08/2021 04:12:30 - INFO - __main__ - Overall: 0.7128038194444445 from scores=[0.5269097222222222, 1.0, 0.826171875, 0.73046875, 0.48046875]
11/08/2021 04:12:30 - INFO - __main__ - --------------------------------------------------
11/08/2021 04:12:30 - INFO - __main__ - Evaluating to get errors .... Timecode: 54
11/08/2021 04:12:34 - INFO - __main__ - Before Error Fixing: {'EM': 0.5625, 'QA-F1': 0.6373761655011655}
11/08/2021 04:12:34 - INFO - __main__ - Found 28 errors.
11/08/2021 04:12:35 - INFO - __main__ - Start error-fixing .... Timecode: 54
11/08/2021 04:12:48 - INFO - __main__ - Start error-fixing .... Done!
11/08/2021 04:12:51 - INFO - __main__ - Overall: 0.7129332386363636 from scores=[0.5275568181818182, 1.0, 0.826171875, 0.73046875, 0.48046875]
11/08/2021 04:12:51 - INFO - __main__ - --------------------------------------------------
11/08/2021 04:12:51 - INFO - __main__ - Evaluating to get errors .... Timecode: 55
11/08/2021 04:12:56 - INFO - __main__ - Before Error Fixing: {'EM': 0.5, 'QA-F1': 0.5534446022727273}
11/08/2021 04:12:56 - INFO - __main__ - Found 32 errors.
11/08/2021 04:12:56 - INFO - __main__ - Start error-fixing .... Timecode: 55
11/08/2021 04:13:10 - INFO - __main__ - Start error-fixing .... Done!
11/08/2021 04:13:13 - INFO - __main__ - Overall: 0.7128348214285715 from scores=[0.5270647321428572, 1.0, 0.826171875, 0.73046875, 0.48046875]
11/08/2021 04:13:13 - INFO - __main__ - --------------------------------------------------
11/08/2021 04:13:13 - INFO - __main__ - Evaluating to get errors .... Timecode: 56
11/08/2021 04:13:18 - INFO - __main__ - Before Error Fixing: {'EM': 0.578125, 'QA-F1': 0.7183904744421385}
11/08/2021 04:13:18 - INFO - __main__ - Found 27 errors.
11/08/2021 04:13:18 - INFO - __main__ - Start error-fixing .... Timecode: 56
11/08/2021 04:13:31 - INFO - __main__ - Start error-fixing .... Done!
11/08/2021 04:13:34 - INFO - __main__ - Overall: 0.7056065728557505 from scores=[0.5279605263157895, 0.9629629629629629, 0.826171875, 0.73046875, 0.48046875]
11/08/2021 04:13:34 - INFO - __main__ - --------------------------------------------------
11/08/2021 04:13:34 - INFO - __main__ - Evaluating to get errors .... Timecode: 57
11/08/2021 04:13:39 - INFO - __main__ - Before Error Fixing: {'EM': 0.59375, 'QA-F1': 0.6942471590909091}
11/08/2021 04:13:39 - INFO - __main__ - Found 26 errors.
11/08/2021 04:13:39 - INFO - __main__ - Start error-fixing .... Timecode: 57
11/08/2021 04:13:52 - INFO - __main__ - Start error-fixing .... Done!
11/08/2021 04:13:55 - INFO - __main__ - Overall: 0.7055485328249337 from scores=[0.5290948275862069, 0.9615384615384616, 0.826171875, 0.73046875, 0.48046875]
11/08/2021 04:13:55 - INFO - __main__ - --------------------------------------------------
11/08/2021 04:13:55 - INFO - __main__ - Evaluating to get errors .... Timecode: 58
11/08/2021 04:14:02 - INFO - __main__ - Before Error Fixing: {'EM': 0.53125, 'QA-F1': 0.6514526425372014}
11/08/2021 04:14:02 - INFO - __main__ - Found 30 errors.
11/08/2021 04:14:02 - INFO - __main__ - Start error-fixing .... Timecode: 58
11/08/2021 04:14:16 - INFO - __main__ - Start error-fixing .... Done!
11/08/2021 04:14:18 - INFO - __main__ - Overall: 0.7132481461864406 from scores=[0.5291313559322034, 1.0, 0.826171875, 0.73046875, 0.48046875]
11/08/2021 04:14:18 - INFO - __main__ - --------------------------------------------------
11/08/2021 04:14:18 - INFO - __main__ - Evaluating to get errors .... Timecode: 59
11/08/2021 04:14:23 - INFO - __main__ - Before Error Fixing: {'EM': 0.625, 'QA-F1': 0.6669951923076922}
11/08/2021 04:14:23 - INFO - __main__ - Found 24 errors.
11/08/2021 04:14:23 - INFO - __main__ - Start error-fixing .... Timecode: 59
11/08/2021 04:14:34 - INFO - __main__ - Start error-fixing .... Done!
11/08/2021 04:14:37 - INFO - __main__ - Overall: 0.7052343750000001 from scores=[0.5307291666666667, 0.9583333333333334, 0.826171875, 0.73046875, 0.48046875]
11/08/2021 04:14:37 - INFO - __main__ - --------------------------------------------------
11/08/2021 04:14:37 - INFO - __main__ - Start eval_knowledge_retention for UKR @ Timecode=60
11/08/2021 04:15:15 - INFO - __main__ - Upstream Knowledge Retation (UKR@60): 0.7090
11/08/2021 04:15:17 - INFO - __main__ - Start eval_knowledge_retention for OKR @ Timecode=60
11/08/2021 04:16:02 - INFO - __main__ - Online Knowledge Retation (OKR@60): 0.8145
11/08/2021 04:16:02 - INFO - __main__ - Start eval_knowledge_generalization for KG @ Timecode=60
11/08/2021 04:17:37 - INFO - __main__ - Future Knowledge Generalization (KG@60): 0.4656
11/08/2021 04:17:37 - INFO - __main__ - Evaluating to get errors .... Timecode: 60
11/08/2021 04:17:44 - INFO - __main__ - Before Error Fixing: {'EM': 0.578125, 'QA-F1': 0.673528266607611}
11/08/2021 04:17:44 - INFO - __main__ - Found 27 errors.
11/08/2021 04:17:44 - INFO - __main__ - Start error-fixing .... Timecode: 60
11/08/2021 04:17:57 - INFO - __main__ - Start error-fixing .... Done!
11/08/2021 04:18:00 - INFO - __main__ - Overall: 0.6967063221007893 from scores=[0.5315061475409837, 0.9629629629629629, 0.814453125, 0.708984375, 0.465625]
11/08/2021 04:18:03 - INFO - __main__ - Model saved to experiments/ckpt_dirs/qa/er/QA_simplecl_lr=3e-5_ep=10_T=100,b=64,alpha=0.9,beta=0.9,gamma=0.8/model_ckpt_060.pt.
11/08/2021 04:18:03 - INFO - __main__ - Updated result feule: experiments/results/qa/QA_simplecl_lr=3e-5_ep=10_T=100,b=64,alpha=0.9,beta=0.9,gamma=0.8_result.json at Timecode: 60.
11/08/2021 04:18:03 - INFO - __main__ - --------------------------------------------------
11/08/2021 04:18:03 - INFO - __main__ - Evaluating to get errors .... Timecode: 61
11/08/2021 04:18:09 - INFO - __main__ - Before Error Fixing: {'EM': 0.5625, 'QA-F1': 0.6273744019138756}
11/08/2021 04:18:09 - INFO - __main__ - Found 28 errors.
11/08/2021 04:18:09 - INFO - __main__ - Start error-fixing .... Timecode: 61
11/08/2021 04:18:22 - INFO - __main__ - Start error-fixing .... Done!
11/08/2021 04:18:24 - INFO - __main__ - Overall: 0.7042137096774195 from scores=[0.5320060483870968, 1.0, 0.814453125, 0.708984375, 0.465625]
11/08/2021 04:18:24 - INFO - __main__ - --------------------------------------------------
11/08/2021 04:18:24 - INFO - __main__ - Evaluating to get errors .... Timecode: 62
11/08/2021 04:18:30 - INFO - __main__ - Before Error Fixing: {'EM': 0.5, 'QA-F1': 0.6075446035844743}
11/08/2021 04:18:30 - INFO - __main__ - Found 32 errors.
11/08/2021 04:18:30 - INFO - __main__ - Start error-fixing .... Timecode: 62
11/08/2021 04:18:41 - INFO - __main__ - Start error-fixing .... Done!
11/08/2021 04:18:43 - INFO - __main__ - Overall: 0.7041121031746032 from scores=[0.5314980158730158, 1.0, 0.814453125, 0.708984375, 0.465625]
11/08/2021 04:18:43 - INFO - __main__ - --------------------------------------------------
11/08/2021 04:18:43 - INFO - __main__ - Evaluating to get errors .... Timecode: 63
11/08/2021 04:18:49 - INFO - __main__ - Before Error Fixing: {'EM': 0.484375, 'QA-F1': 0.6064003068083841}
11/08/2021 04:18:49 - INFO - __main__ - Found 33 errors.
11/08/2021 04:18:49 - INFO - __main__ - Start error-fixing .... Timecode: 63
11/08/2021 04:19:04 - INFO - __main__ - Start error-fixing .... Done!
11/08/2021 04:19:08 - INFO - __main__ - Overall: 0.697904237689394 from scores=[0.53076171875, 0.9696969696969697, 0.814453125, 0.708984375, 0.465625]
11/08/2021 04:19:08 - INFO - __main__ - --------------------------------------------------
11/08/2021 04:19:08 - INFO - __main__ - Evaluating to get errors .... Timecode: 64
11/08/2021 04:19:12 - INFO - __main__ - Before Error Fixing: {'EM': 0.546875, 'QA-F1': 0.6241160591462999}
11/08/2021 04:19:12 - INFO - __main__ - Found 29 errors.
11/08/2021 04:19:12 - INFO - __main__ - Start error-fixing .... Timecode: 64
11/08/2021 04:19:23 - INFO - __main__ - Start error-fixing .... Done!
11/08/2021 04:19:26 - INFO - __main__ - Overall: 0.7040144230769231 from scores=[0.5310096153846153, 1.0, 0.814453125, 0.708984375, 0.465625]
11/08/2021 04:19:26 - INFO - __main__ - --------------------------------------------------
11/08/2021 04:19:26 - INFO - __main__ - Evaluating to get errors .... Timecode: 65
11/08/2021 04:19:33 - INFO - __main__ - Before Error Fixing: {'EM': 0.4375, 'QA-F1': 0.5454283947832335}
11/08/2021 04:19:33 - INFO - __main__ - Found 36 errors.
11/08/2021 04:19:33 - INFO - __main__ - Start error-fixing .... Timecode: 65
11/08/2021 04:19:47 - INFO - __main__ - Start error-fixing .... Done!
11/08/2021 04:19:50 - INFO - __main__ - Overall: 0.6926199494949495 from scores=[0.529592803030303, 0.9444444444444444, 0.814453125, 0.708984375, 0.465625]
11/08/2021 04:19:50 - INFO - __main__ - --------------------------------------------------
11/08/2021 04:19:50 - INFO - __main__ - Evaluating to get errors .... Timecode: 66
11/08/2021 04:19:55 - INFO - __main__ - Before Error Fixing: {'EM': 0.484375, 'QA-F1': 0.5856679214748101}
11/08/2021 04:19:55 - INFO - __main__ - Found 33 errors.
11/08/2021 04:19:55 - INFO - __main__ - Start error-fixing .... Timecode: 66
11/08/2021 04:20:10 - INFO - __main__ - Start error-fixing .... Done!
11/08/2021 04:20:13 - INFO - __main__ - Overall: 0.6975354760289463 from scores=[0.5289179104477613, 0.9696969696969697, 0.814453125, 0.708984375, 0.465625]
11/08/2021 04:20:13 - INFO - __main__ - --------------------------------------------------
11/08/2021 04:20:13 - INFO - __main__ - Evaluating to get errors .... Timecode: 67
11/08/2021 04:20:19 - INFO - __main__ - Before Error Fixing: {'EM': 0.53125, 'QA-F1': 0.6473499193337622}
11/08/2021 04:20:19 - INFO - __main__ - Found 30 errors.
11/08/2021 04:20:19 - INFO - __main__ - Start error-fixing .... Timecode: 67
11/08/2021 04:20:30 - INFO - __main__ - Start error-fixing .... Done!
11/08/2021 04:20:33 - INFO - __main__ - Overall: 0.7036029411764706 from scores=[0.5289522058823529, 1.0, 0.814453125, 0.708984375, 0.465625]
11/08/2021 04:20:33 - INFO - __main__ - --------------------------------------------------
11/08/2021 04:20:33 - INFO - __main__ - Evaluating to get errors .... Timecode: 68
11/08/2021 04:20:38 - INFO - __main__ - Before Error Fixing: {'EM': 0.5625, 'QA-F1': 0.6857239086992941}
11/08/2021 04:20:38 - INFO - __main__ - Found 28 errors.
11/08/2021 04:20:38 - INFO - __main__ - Start error-fixing .... Timecode: 68
11/08/2021 04:20:49 - INFO - __main__ - Start error-fixing .... Done!
11/08/2021 04:20:51 - INFO - __main__ - Overall: 0.6965573240165632 from scores=[0.5294384057971014, 0.9642857142857143, 0.814453125, 0.708984375, 0.465625]
11/08/2021 04:20:51 - INFO - __main__ - --------------------------------------------------
11/08/2021 04:20:51 - INFO - __main__ - Evaluating to get errors .... Timecode: 69
11/08/2021 04:20:56 - INFO - __main__ - Before Error Fixing: {'EM': 0.5625, 'QA-F1': 0.6549099848272643}
11/08/2021 04:20:56 - INFO - __main__ - Found 28 errors.
11/08/2021 04:20:56 - INFO - __main__ - Start error-fixing .... Timecode: 69
11/08/2021 04:21:07 - INFO - __main__ - Start error-fixing .... Done!
11/08/2021 04:21:09 - INFO - __main__ - Overall: 0.6966517857142858 from scores=[0.5299107142857142, 0.9642857142857143, 0.814453125, 0.708984375, 0.465625]
11/08/2021 04:21:09 - INFO - __main__ - --------------------------------------------------
11/08/2021 04:21:09 - INFO - __main__ - Start eval_knowledge_retention for UKR @ Timecode=70
11/08/2021 04:21:42 - INFO - __main__ - Upstream Knowledge Retation (UKR@70): 0.7109
11/08/2021 04:21:44 - INFO - __main__ - Start eval_knowledge_retention for OKR @ Timecode=70
11/08/2021 04:22:22 - INFO - __main__ - Online Knowledge Retation (OKR@70): 0.8574
11/08/2021 04:22:22 - INFO - __main__ - Start eval_knowledge_generalization for KG @ Timecode=70
11/08/2021 04:23:40 - INFO - __main__ - Future Knowledge Generalization (KG@70): 0.4914
11/08/2021 04:23:40 - INFO - __main__ - Evaluating to get errors .... Timecode: 70
11/08/2021 04:23:46 - INFO - __main__ - Before Error Fixing: {'EM': 0.484375, 'QA-F1': 0.6415622194834151}
11/08/2021 04:23:46 - INFO - __main__ - Found 33 errors.
11/08/2021 04:23:46 - INFO - __main__ - Start error-fixing .... Timecode: 70
11/08/2021 04:23:58 - INFO - __main__ - Start error-fixing .... Done!
11/08/2021 04:24:01 - INFO - __main__ - Overall: 0.6753827558151941 from scores=[0.5292693661971831, 0.7878787878787878, 0.857421875, 0.7109375, 0.49140625]
11/08/2021 04:24:04 - INFO - __main__ - Model saved to experiments/ckpt_dirs/qa/er/QA_simplecl_lr=3e-5_ep=10_T=100,b=64,alpha=0.9,beta=0.9,gamma=0.8/model_ckpt_070.pt.
11/08/2021 04:24:04 - INFO - __main__ - Updated result feule: experiments/results/qa/QA_simplecl_lr=3e-5_ep=10_T=100,b=64,alpha=0.9,beta=0.9,gamma=0.8_result.json at Timecode: 70.
11/08/2021 04:24:04 - INFO - __main__ - --------------------------------------------------
11/08/2021 04:24:04 - INFO - __main__ - Evaluating to get errors .... Timecode: 71
11/08/2021 04:24:10 - INFO - __main__ - Before Error Fixing: {'EM': 0.484375, 'QA-F1': 0.61433288476874}
11/08/2021 04:24:10 - INFO - __main__ - Found 33 errors.
11/08/2021 04:24:10 - INFO - __main__ - Start error-fixing .... Timecode: 71
11/08/2021 04:24:25 - INFO - __main__ - Start error-fixing .... Done!
11/08/2021 04:24:27 - INFO - __main__ - Overall: 0.7116216856060605 from scores=[0.5286458333333333, 0.9696969696969697, 0.857421875, 0.7109375, 0.49140625]
11/08/2021 04:24:27 - INFO - __main__ - --------------------------------------------------
11/08/2021 04:24:27 - INFO - __main__ - Evaluating to get errors .... Timecode: 72
11/08/2021 04:24:33 - INFO - __main__ - Before Error Fixing: {'EM': 0.609375, 'QA-F1': 0.6992528305028305}
11/08/2021 04:24:33 - INFO - __main__ - Found 25 errors.
11/08/2021 04:24:33 - INFO - __main__ - Start error-fixing .... Timecode: 72
11/08/2021 04:24:45 - INFO - __main__ - Start error-fixing .... Done!
11/08/2021 04:24:47 - INFO - __main__ - Overall: 0.7019034674657534 from scores=[0.5297517123287672, 0.92, 0.857421875, 0.7109375, 0.49140625]
11/08/2021 04:24:47 - INFO - __main__ - --------------------------------------------------
11/08/2021 04:24:47 - INFO - __main__ - Evaluating to get errors .... Timecode: 73
11/08/2021 04:24:51 - INFO - __main__ - Before Error Fixing: {'EM': 0.578125, 'QA-F1': 0.7179822781385281}
11/08/2021 04:24:51 - INFO - __main__ - Found 27 errors.
11/08/2021 04:24:51 - INFO - __main__ - Start error-fixing .... Timecode: 73
11/08/2021 04:25:03 - INFO - __main__ - Start error-fixing .... Done!
11/08/2021 04:25:05 - INFO - __main__ - Overall: 0.6958119838588589 from scores=[0.5304054054054055, 0.8888888888888888, 0.857421875, 0.7109375, 0.49140625]
11/08/2021 04:25:05 - INFO - __main__ - --------------------------------------------------
11/08/2021 04:25:05 - INFO - __main__ - Evaluating to get errors .... Timecode: 74
11/08/2021 04:25:09 - INFO - __main__ - Before Error Fixing: {'EM': 0.40625, 'QA-F1': 0.470179691500256}
11/08/2021 04:25:09 - INFO - __main__ - Found 38 errors.
11/08/2021 04:25:10 - INFO - __main__ - Start error-fixing .... Timecode: 74
11/08/2021 04:25:28 - INFO - __main__ - Start error-fixing .... Done!
11/08/2021 04:25:31 - INFO - __main__ - Overall: 0.717703125 from scores=[0.52875, 1.0, 0.857421875, 0.7109375, 0.49140625]
11/08/2021 04:25:31 - INFO - __main__ - --------------------------------------------------
11/08/2021 04:25:31 - INFO - __main__ - Evaluating to get errors .... Timecode: 75
11/08/2021 04:25:35 - INFO - __main__ - Before Error Fixing: {'EM': 0.546875, 'QA-F1': 0.6055288461538462}
11/08/2021 04:25:35 - INFO - __main__ - Found 29 errors.
11/08/2021 04:25:35 - INFO - __main__ - Start error-fixing .... Timecode: 75
11/08/2021 04:25:49 - INFO - __main__ - Start error-fixing .... Done!
11/08/2021 04:25:51 - INFO - __main__ - Overall: 0.717750822368421 from scores=[0.5289884868421053, 1.0, 0.857421875, 0.7109375, 0.49140625]
11/08/2021 04:25:51 - INFO - __main__ - --------------------------------------------------
11/08/2021 04:25:51 - INFO - __main__ - Evaluating to get errors .... Timecode: 76
11/08/2021 04:25:55 - INFO - __main__ - Before Error Fixing: {'EM': 0.6875, 'QA-F1': 0.7479166666666668}
11/08/2021 04:25:55 - INFO - __main__ - Found 20 errors.
11/08/2021 04:25:55 - INFO - __main__ - Start error-fixing .... Timecode: 76
11/08/2021 04:26:05 - INFO - __main__ - Start error-fixing .... Done!
11/08/2021 04:26:06 - INFO - __main__ - Overall: 0.7181625405844155 from scores=[0.531047077922078, 1.0, 0.857421875, 0.7109375, 0.49140625]
11/08/2021 04:26:06 - INFO - __main__ - --------------------------------------------------
11/08/2021 04:26:06 - INFO - __main__ - Evaluating to get errors .... Timecode: 77
11/08/2021 04:26:10 - INFO - __main__ - Before Error Fixing: {'EM': 0.515625, 'QA-F1': 0.6134672619047619}
11/08/2021 04:26:10 - INFO - __main__ - Found 31 errors.
11/08/2021 04:26:10 - INFO - __main__ - Start error-fixing .... Timecode: 77
11/08/2021 04:26:24 - INFO - __main__ - Start error-fixing .... Done!
11/08/2021 04:26:26 - INFO - __main__ - Overall: 0.7181229967948718 from scores=[0.530849358974359, 1.0, 0.857421875, 0.7109375, 0.49140625]
11/08/2021 04:26:26 - INFO - __main__ - --------------------------------------------------
11/08/2021 04:26:26 - INFO - __main__ - Evaluating to get errors .... Timecode: 78
11/08/2021 04:26:30 - INFO - __main__ - Before Error Fixing: {'EM': 0.59375, 'QA-F1': 0.6553977272727272}
11/08/2021 04:26:30 - INFO - __main__ - Found 26 errors.
11/08/2021 04:26:30 - INFO - __main__ - Start error-fixing .... Timecode: 78
11/08/2021 04:26:43 - INFO - __main__ - Start error-fixing .... Done!
11/08/2021 04:26:45 - INFO - __main__ - Overall: 0.7105899312317429 from scores=[0.5316455696202531, 0.9615384615384616, 0.857421875, 0.7109375, 0.49140625]
11/08/2021 04:26:45 - INFO - __main__ - --------------------------------------------------
11/08/2021 04:26:45 - INFO - __main__ - Evaluating to get errors .... Timecode: 79
11/08/2021 04:26:50 - INFO - __main__ - Before Error Fixing: {'EM': 0.546875, 'QA-F1': 0.62479332010582}
11/08/2021 04:26:50 - INFO - __main__ - Found 29 errors.
11/08/2021 04:26:50 - INFO - __main__ - Start error-fixing .... Timecode: 79
11/08/2021 04:27:04 - INFO - __main__ - Start error-fixing .... Done!
11/08/2021 04:27:06 - INFO - __main__ - Overall: 0.711423760775862 from scores=[0.5318359375, 0.9655172413793104, 0.857421875, 0.7109375, 0.49140625]
11/08/2021 04:27:06 - INFO - __main__ - --------------------------------------------------
11/08/2021 04:27:06 - INFO - __main__ - Start eval_knowledge_retention for UKR @ Timecode=80
11/08/2021 04:27:42 - INFO - __main__ - Upstream Knowledge Retation (UKR@80): 0.6934
11/08/2021 04:27:44 - INFO - __main__ - Start eval_knowledge_retention for OKR @ Timecode=80
11/08/2021 04:28:23 - INFO - __main__ - Online Knowledge Retation (OKR@80): 0.8125
11/08/2021 04:28:23 - INFO - __main__ - Start eval_knowledge_generalization for KG @ Timecode=80
11/08/2021 04:29:50 - INFO - __main__ - Future Knowledge Generalization (KG@80): 0.4930
11/08/2021 04:29:50 - INFO - __main__ - Evaluating to get errors .... Timecode: 80
11/08/2021 04:29:54 - INFO - __main__ - Before Error Fixing: {'EM': 0.65625, 'QA-F1': 0.6982142857142857}
11/08/2021 04:29:54 - INFO - __main__ - Found 22 errors.
11/08/2021 04:29:55 - INFO - __main__ - Start error-fixing .... Timecode: 80
11/08/2021 04:30:05 - INFO - __main__ - Start error-fixing .... Done!
11/08/2021 04:30:06 - INFO - __main__ - Overall: 0.7064400077160494 from scores=[0.5333719135802469, 1.0, 0.8125, 0.693359375, 0.49296875]
11/08/2021 04:30:09 - INFO - __main__ - Model saved to experiments/ckpt_dirs/qa/er/QA_simplecl_lr=3e-5_ep=10_T=100,b=64,alpha=0.9,beta=0.9,gamma=0.8/model_ckpt_080.pt.
11/08/2021 04:30:09 - INFO - __main__ - Updated result feule: experiments/results/qa/QA_simplecl_lr=3e-5_ep=10_T=100,b=64,alpha=0.9,beta=0.9,gamma=0.8_result.json at Timecode: 80.
11/08/2021 04:30:09 - INFO - __main__ - --------------------------------------------------
11/08/2021 04:30:09 - INFO - __main__ - Evaluating to get errors .... Timecode: 81
11/08/2021 04:30:13 - INFO - __main__ - Before Error Fixing: {'EM': 0.546875, 'QA-F1': 0.6664793719211821}
11/08/2021 04:30:13 - INFO - __main__ - Found 29 errors.
11/08/2021 04:30:13 - INFO - __main__ - Start error-fixing .... Timecode: 81
11/08/2021 04:30:27 - INFO - __main__ - Start error-fixing .... Done!
11/08/2021 04:30:29 - INFO - __main__ - Overall: 0.6995763903490329 from scores=[0.5335365853658536, 0.9655172413793104, 0.8125, 0.693359375, 0.49296875]
11/08/2021 04:30:29 - INFO - __main__ - --------------------------------------------------
11/08/2021 04:30:29 - INFO - __main__ - Evaluating to get errors .... Timecode: 82
11/08/2021 04:30:33 - INFO - __main__ - Before Error Fixing: {'EM': 0.578125, 'QA-F1': 0.6890624999999999}
11/08/2021 04:30:33 - INFO - __main__ - Found 27 errors.
11/08/2021 04:30:33 - INFO - __main__ - Start error-fixing .... Timecode: 82
11/08/2021 04:30:46 - INFO - __main__ - Start error-fixing .... Done!
11/08/2021 04:30:48 - INFO - __main__ - Overall: 0.7065803840361446 from scores=[0.5340737951807228, 1.0, 0.8125, 0.693359375, 0.49296875]
11/08/2021 04:30:48 - INFO - __main__ - --------------------------------------------------
11/08/2021 04:30:48 - INFO - __main__ - Evaluating to get errors .... Timecode: 83
11/08/2021 04:30:51 - INFO - __main__ - Before Error Fixing: {'EM': 0.671875, 'QA-F1': 0.7604166666666666}
11/08/2021 04:30:51 - INFO - __main__ - Found 21 errors.
11/08/2021 04:30:52 - INFO - __main__ - Start error-fixing .... Timecode: 83
11/08/2021 04:31:02 - INFO - __main__ - Start error-fixing .... Done!
11/08/2021 04:31:03 - INFO - __main__ - Overall: 0.7069084821428572 from scores=[0.5357142857142857, 1.0, 0.8125, 0.693359375, 0.49296875]
11/08/2021 04:31:03 - INFO - __main__ - --------------------------------------------------
11/08/2021 04:31:03 - INFO - __main__ - Evaluating to get errors .... Timecode: 84
11/08/2021 04:31:07 - INFO - __main__ - Before Error Fixing: {'EM': 0.65625, 'QA-F1': 0.7416666666666667}
11/08/2021 04:31:07 - INFO - __main__ - Found 22 errors.
11/08/2021 04:31:08 - INFO - __main__ - Start error-fixing .... Timecode: 84
11/08/2021 04:31:18 - INFO - __main__ - Start error-fixing .... Done!
11/08/2021 04:31:19 - INFO - __main__ - Overall: 0.7071920955882354 from scores=[0.5371323529411764, 1.0, 0.8125, 0.693359375, 0.49296875]
11/08/2021 04:31:19 - INFO - __main__ - --------------------------------------------------
11/08/2021 04:31:19 - INFO - __main__ - Evaluating to get errors .... Timecode: 85
11/08/2021 04:31:23 - INFO - __main__ - Before Error Fixing: {'EM': 0.609375, 'QA-F1': 0.7154418498168498}
11/08/2021 04:31:23 - INFO - __main__ - Found 25 errors.
11/08/2021 04:31:23 - INFO - __main__ - Start error-fixing .... Timecode: 85
11/08/2021 04:31:36 - INFO - __main__ - Start error-fixing .... Done!
11/08/2021 04:31:37 - INFO - __main__ - Overall: 0.7073601017441862 from scores=[0.5379723837209303, 1.0, 0.8125, 0.693359375, 0.49296875]
11/08/2021 04:31:37 - INFO - __main__ - --------------------------------------------------
11/08/2021 04:31:37 - INFO - __main__ - Evaluating to get errors .... Timecode: 86
11/08/2021 04:31:41 - INFO - __main__ - Before Error Fixing: {'EM': 0.6875, 'QA-F1': 0.7541819852941176}
11/08/2021 04:31:41 - INFO - __main__ - Found 20 errors.
11/08/2021 04:31:41 - INFO - __main__ - Start error-fixing .... Timecode: 86
11/08/2021 04:31:51 - INFO - __main__ - Start error-fixing .... Done!
11/08/2021 04:31:53 - INFO - __main__ - Overall: 0.6877038433908046 from scores=[0.539691091954023, 0.9, 0.8125, 0.693359375, 0.49296875]
11/08/2021 04:31:53 - INFO - __main__ - --------------------------------------------------
11/08/2021 04:31:53 - INFO - __main__ - Evaluating to get errors .... Timecode: 87
11/08/2021 04:31:58 - INFO - __main__ - Before Error Fixing: {'EM': 0.59375, 'QA-F1': 0.6329861111111111}
11/08/2021 04:31:58 - INFO - __main__ - Found 26 errors.
11/08/2021 04:31:59 - INFO - __main__ - Start error-fixing .... Timecode: 87
11/08/2021 04:32:12 - INFO - __main__ - Start error-fixing .... Done!
11/08/2021 04:32:13 - INFO - __main__ - Overall: 0.7078267045454545 from scores=[0.5403053977272727, 1.0, 0.8125, 0.693359375, 0.49296875]
11/08/2021 04:32:13 - INFO - __main__ - --------------------------------------------------
11/08/2021 04:32:13 - INFO - __main__ - Evaluating to get errors .... Timecode: 88
11/08/2021 04:32:17 - INFO - __main__ - Before Error Fixing: {'EM': 0.484375, 'QA-F1': 0.5592278079710145}
11/08/2021 04:32:17 - INFO - __main__ - Found 33 errors.
11/08/2021 04:32:18 - INFO - __main__ - Start error-fixing .... Timecode: 88
11/08/2021 04:32:34 - INFO - __main__ - Start error-fixing .... Done!
11/08/2021 04:32:36 - INFO - __main__ - Overall: 0.707701018258427 from scores=[0.5396769662921348, 1.0, 0.8125, 0.693359375, 0.49296875]
11/08/2021 04:32:36 - INFO - __main__ - --------------------------------------------------
11/08/2021 04:32:36 - INFO - __main__ - Evaluating to get errors .... Timecode: 89
11/08/2021 04:32:40 - INFO - __main__ - Before Error Fixing: {'EM': 0.703125, 'QA-F1': 0.7466517857142857}
11/08/2021 04:32:40 - INFO - __main__ - Found 19 errors.
11/08/2021 04:32:40 - INFO - __main__ - Start error-fixing .... Timecode: 89
11/08/2021 04:32:50 - INFO - __main__ - Start error-fixing .... Done!
11/08/2021 04:32:51 - INFO - __main__ - Overall: 0.7080642361111111 from scores=[0.5414930555555555, 1.0, 0.8125, 0.693359375, 0.49296875]
11/08/2021 04:32:51 - INFO - __main__ - --------------------------------------------------
11/08/2021 04:32:51 - INFO - __main__ - Start eval_knowledge_retention for UKR @ Timecode=90
11/08/2021 04:33:19 - INFO - __main__ - Upstream Knowledge Retation (UKR@90): 0.7168
11/08/2021 04:33:22 - INFO - __main__ - Start eval_knowledge_retention for OKR @ Timecode=90
11/08/2021 04:33:56 - INFO - __main__ - Online Knowledge Retation (OKR@90): 0.8301
11/08/2021 04:33:56 - INFO - __main__ - Start eval_knowledge_generalization for KG @ Timecode=90
11/08/2021 04:35:06 - INFO - __main__ - Future Knowledge Generalization (KG@90): 0.4820
11/08/2021 04:35:06 - INFO - __main__ - Evaluating to get errors .... Timecode: 90
11/08/2021 04:35:09 - INFO - __main__ - Before Error Fixing: {'EM': 0.734375, 'QA-F1': 0.7725260416666666}
11/08/2021 04:35:09 - INFO - __main__ - Found 17 errors.
11/08/2021 04:35:10 - INFO - __main__ - Start error-fixing .... Timecode: 90
11/08/2021 04:35:19 - INFO - __main__ - Start error-fixing .... Done!
11/08/2021 04:35:20 - INFO - __main__ - Overall: 0.7145037774725275 from scores=[0.5436126373626373, 1.0, 0.830078125, 0.716796875, 0.48203125]
11/08/2021 04:35:23 - INFO - __main__ - Model saved to experiments/ckpt_dirs/qa/er/QA_simplecl_lr=3e-5_ep=10_T=100,b=64,alpha=0.9,beta=0.9,gamma=0.8/model_ckpt_090.pt.
11/08/2021 04:35:23 - INFO - __main__ - Updated result feule: experiments/results/qa/QA_simplecl_lr=3e-5_ep=10_T=100,b=64,alpha=0.9,beta=0.9,gamma=0.8_result.json at Timecode: 90.
11/08/2021 04:35:23 - INFO - __main__ - --------------------------------------------------
11/08/2021 04:35:23 - INFO - __main__ - Evaluating to get errors .... Timecode: 91
11/08/2021 04:35:27 - INFO - __main__ - Before Error Fixing: {'EM': 0.5625, 'QA-F1': 0.6308948863636363}
11/08/2021 04:35:27 - INFO - __main__ - Found 28 errors.
11/08/2021 04:35:28 - INFO - __main__ - Start error-fixing .... Timecode: 91
11/08/2021 04:35:41 - INFO - __main__ - Start error-fixing .... Done!
11/08/2021 04:35:43 - INFO - __main__ - Overall: 0.7145448369565217 from scores=[0.5438179347826086, 1.0, 0.830078125, 0.716796875, 0.48203125]
11/08/2021 04:35:43 - INFO - __main__ - --------------------------------------------------
11/08/2021 04:35:43 - INFO - __main__ - Evaluating to get errors .... Timecode: 92
11/08/2021 04:35:46 - INFO - __main__ - Before Error Fixing: {'EM': 0.65625, 'QA-F1': 0.7}
11/08/2021 04:35:46 - INFO - __main__ - Found 22 errors.
11/08/2021 04:35:46 - INFO - __main__ - Start error-fixing .... Timecode: 92
11/08/2021 04:35:56 - INFO - __main__ - Start error-fixing .... Done!
11/08/2021 04:35:58 - INFO - __main__ - Overall: 0.7056957172531769 from scores=[0.5450268817204301, 0.9545454545454546, 0.830078125, 0.716796875, 0.48203125]
11/08/2021 04:35:58 - INFO - __main__ - --------------------------------------------------
11/08/2021 04:35:58 - INFO - __main__ - Evaluating to get errors .... Timecode: 93
11/08/2021 04:36:02 - INFO - __main__ - Before Error Fixing: {'EM': 0.609375, 'QA-F1': 0.6625}
11/08/2021 04:36:02 - INFO - __main__ - Found 25 errors.
11/08/2021 04:36:02 - INFO - __main__ - Start error-fixing .... Timecode: 93
11/08/2021 04:36:14 - INFO - __main__ - Start error-fixing .... Done!
11/08/2021 04:36:16 - INFO - __main__ - Overall: 0.7149235372340426 from scores=[0.5457114361702128, 1.0, 0.830078125, 0.716796875, 0.48203125]
11/08/2021 04:36:16 - INFO - __main__ - --------------------------------------------------
11/08/2021 04:36:16 - INFO - __main__ - Evaluating to get errors .... Timecode: 94
11/08/2021 04:36:20 - INFO - __main__ - Before Error Fixing: {'EM': 0.453125, 'QA-F1': 0.5641850490196078}
11/08/2021 04:36:20 - INFO - __main__ - Found 35 errors.
11/08/2021 04:36:20 - INFO - __main__ - Start error-fixing .... Timecode: 94
11/08/2021 04:36:37 - INFO - __main__ - Start error-fixing .... Done!
11/08/2021 04:36:38 - INFO - __main__ - Overall: 0.7147286184210526 from scores=[0.5447368421052632, 1.0, 0.830078125, 0.716796875, 0.48203125]
11/08/2021 04:36:38 - INFO - __main__ - --------------------------------------------------
11/08/2021 04:36:38 - INFO - __main__ - Evaluating to get errors .... Timecode: 95
11/08/2021 04:36:42 - INFO - __main__ - Before Error Fixing: {'EM': 0.515625, 'QA-F1': 0.5963169642857142}
11/08/2021 04:36:42 - INFO - __main__ - Found 31 errors.
11/08/2021 04:36:42 - INFO - __main__ - Start error-fixing .... Timecode: 95
11/08/2021 04:36:56 - INFO - __main__ - Start error-fixing .... Done!
11/08/2021 04:36:58 - INFO - __main__ - Overall: 0.7017647429435484 from scores=[0.54443359375, 0.9354838709677419, 0.830078125, 0.716796875, 0.48203125]
11/08/2021 04:36:58 - INFO - __main__ - --------------------------------------------------
11/08/2021 04:36:58 - INFO - __main__ - Evaluating to get errors .... Timecode: 96
11/08/2021 04:37:01 - INFO - __main__ - Before Error Fixing: {'EM': 0.515625, 'QA-F1': 0.5691964285714286}
11/08/2021 04:37:01 - INFO - __main__ - Found 31 errors.
11/08/2021 04:37:02 - INFO - __main__ - Start error-fixing .... Timecode: 96
11/08/2021 04:37:16 - INFO - __main__ - Start error-fixing .... Done!
11/08/2021 04:37:17 - INFO - __main__ - Overall: 0.7146085695876289 from scores=[0.5441365979381443, 1.0, 0.830078125, 0.716796875, 0.48203125]
11/08/2021 04:37:17 - INFO - __main__ - --------------------------------------------------
11/08/2021 04:37:17 - INFO - __main__ - Evaluating to get errors .... Timecode: 97
11/08/2021 04:37:20 - INFO - __main__ - Before Error Fixing: {'EM': 0.640625, 'QA-F1': 0.6666666666666666}
11/08/2021 04:37:20 - INFO - __main__ - Found 23 errors.
11/08/2021 04:37:21 - INFO - __main__ - Start error-fixing .... Timecode: 97
11/08/2021 04:37:31 - INFO - __main__ - Start error-fixing .... Done!
11/08/2021 04:37:33 - INFO - __main__ - Overall: 0.7148054846938775 from scores=[0.5451211734693877, 1.0, 0.830078125, 0.716796875, 0.48203125]
11/08/2021 04:37:33 - INFO - __main__ - --------------------------------------------------
11/08/2021 04:37:33 - INFO - __main__ - Evaluating to get errors .... Timecode: 98
11/08/2021 04:37:37 - INFO - __main__ - Before Error Fixing: {'EM': 0.53125, 'QA-F1': 0.6051282051282052}
11/08/2021 04:37:37 - INFO - __main__ - Found 30 errors.
11/08/2021 04:37:37 - INFO - __main__ - Start error-fixing .... Timecode: 98
11/08/2021 04:37:51 - INFO - __main__ - Start error-fixing .... Done!
11/08/2021 04:37:53 - INFO - __main__ - Overall: 0.7147774621212121 from scores=[0.5449810606060606, 1.0, 0.830078125, 0.716796875, 0.48203125]
11/08/2021 04:37:53 - INFO - __main__ - --------------------------------------------------
11/08/2021 04:37:53 - INFO - __main__ - Start eval_knowledge_retention for UKR @ Timecode=99
11/08/2021 04:38:30 - INFO - __main__ - Upstream Knowledge Retation (UKR@99): 0.6992
11/08/2021 04:38:32 - INFO - __main__ - Start eval_knowledge_retention for OKR @ Timecode=99
11/08/2021 04:39:13 - INFO - __main__ - Online Knowledge Retation (OKR@99): 0.8398
11/08/2021 04:39:13 - INFO - __main__ - Start eval_knowledge_generalization for KG @ Timecode=99
11/08/2021 04:40:44 - INFO - __main__ - Future Knowledge Generalization (KG@99): 0.4977
11/08/2021 04:40:44 - INFO - __main__ - Evaluating to get errors .... Timecode: 99
11/08/2021 04:40:47 - INFO - __main__ - Before Error Fixing: {'EM': 0.6875, 'QA-F1': 0.7364583333333333}
11/08/2021 04:40:47 - INFO - __main__ - Found 20 errors.
11/08/2021 04:40:47 - INFO - __main__ - Start error-fixing .... Timecode: 99
11/08/2021 04:40:57 - INFO - __main__ - Start error-fixing .... Done!
11/08/2021 04:40:58 - INFO - __main__ - Overall: 0.716625 from scores=[0.54640625, 1.0, 0.83984375, 0.69921875, 0.49765625]
11/08/2021 04:40:58 - INFO - __main__ - --------------------------------------------------
11/08/2021 04:40:58 - INFO - __main__ - Start the final evaluation.
11/08/2021 04:40:58 - INFO - __main__ - Nothing here.
11/08/2021 04:41:01 - INFO - __main__ - Model saved to experiments/ckpt_dirs/qa/er/QA_simplecl_lr=3e-5_ep=10_T=100,b=64,alpha=0.9,beta=0.9,gamma=0.8/model_ckpt_100.pt.
11/08/2021 04:41:01 - INFO - __main__ - Updated result feule: experiments/results/qa/QA_simplecl_lr=3e-5_ep=10_T=100,b=64,alpha=0.9,beta=0.9,gamma=0.8_result.json at Timecode: 100.
11/08/2021 04:41:01 - INFO - __main__ - Finished. Results saved to experiments/results/qa/QA_simplecl_lr=3e-5_ep=10_T=100,b=64,alpha=0.9,beta=0.9,gamma=0.8_result.json

