
11/04/2021 18:06:30 - INFO - __main__ - Namespace(adam_epsilon=1e-08, adapter_dim=32, append_another_bos=1, base_model_path='out/mrqa_squad_bart-base_1029_upstream_model//best-model.pt', base_model_type='facebook/bart-base', ckpt_dir='experiments/ckpt_dirs/qa/nonecl', cl_method_name='none_cl', current_thread_id=None, do_lowercase=False, ewc_gamma=1, ewc_lambda=0.5, example_encoder_name='roberta-base', freeze_embeds=False, gradient_accumulation_steps=1, heldout_submission_data='experiments/eval_data/qa/heldout_eval.jsonl', index_rank_method='most_similar', indexing_args_path='exp_results/supervision_data/1012_dm_simple.train_args.json', indexing_method='bart_index', inference_query_size=1, init_memory_cache_path='bug_data/memory_key_cache.pkl', kg_eval_freq=10, kg_eval_mode='metric', kr_eval_freq=5, kr_eval_mode='metric', learning_rate=1e-05, local_adapt_lr=1e-05, max_grad_norm=0.1, max_input_length=888, max_output_length=50, max_timecode=100, memory_key_encoder='facebook/bart-base', memory_path='', memory_store_rate=1.0, mir_abalation_args='none', num_adapt_epochs=1, num_beams=3, num_threads_eval=0, num_train_epochs=3.0, okr_sample_seed=1337, okr_sample_size=512, path_to_thread_result=None, predict_batch_size=64, prefix='QA_nonecl_T=100,b=64,alpha=0,beta=0.7,gamma=0.5', replay_candidate_size=8, replay_frequency=1, replay_size=8, result_file='experiments/results/qa/QA_nonecl_T=100,b=64,alpha=0,beta=0.7,gamma=0.5_result.json', save_ckpt_freq=10, seed=42, skip_instant_eval=False, submission_stream_data='experiments/eval_data/qa/submission_stream.T=100,b=64,alpha=0,beta=0.7,gamma=0.5.json', task_emb_dim=768, task_name='mrqa', train_batch_size=8, upstream_data_path='data/mrqa_squad/mrqa_squad_train.jsonl', upstream_eval_data='experiments/eval_data/qa/upstream_eval.jsonl', upstream_sample_ratio=-1, use_mir=False, use_replay_mix=False, use_wandb=True, weight_decay=0.01)
11/04/2021 18:06:31 - INFO - transformers.tokenization_utils - loading file https://s3.amazonaws.com/models.huggingface.co/bert/roberta-large-vocab.json from cache at /private/home/yuchenlin/.cache/torch/transformers/1ae1f5b6e2b22b25ccc04c000bb79ca847aa226d0761536b011cf7e5868f0655.ef00af9e673c7160b4d41cfda1f48c5f4cba57d5142754525572a846a1ab1b9b
11/04/2021 18:06:31 - INFO - transformers.tokenization_utils - loading file https://s3.amazonaws.com/models.huggingface.co/bert/roberta-large-merges.txt from cache at /private/home/yuchenlin/.cache/torch/transformers/f8f83199a6270d582d6245dc100e99c4155de81c9745c6248077018fe01abcfb.70bec105b4158ed9a1747fea67a43f5dee97855c64d62b6ec3742f4cfdb5feda
11/04/2021 18:06:53 - INFO - __main__ - load_data: len(upstream_eval_examples)=512
11/04/2021 18:06:53 - INFO - __main__ - load_data: len(heldout_eval_examples)=1280
11/04/2021 18:06:57 - INFO - __main__ - Loading checkpoint from out/mrqa_squad_bart-base_1029_upstream_model//best-model.pt for facebook/bart-base .....
11/04/2021 18:06:59 - INFO - transformers.configuration_utils - loading configuration file https://s3.amazonaws.com/models.huggingface.co/bert/facebook/bart-base/config.json from cache at /private/home/yuchenlin/.cache/torch/transformers/09f4fcaeaf785dd3b97b085d6e3510c7081f586ec8e75981683c6299c0f81d9d.e8d516ad807436d395effad8c2326786872659b7dd1210827ac67c761198a0eb
11/04/2021 18:06:59 - INFO - transformers.configuration_utils - Model config BartConfig {
  "activation_dropout": 0.1,
  "activation_function": "gelu",
  "add_bias_logits": false,
  "add_final_layer_norm": false,
  "architectures": [
    "BartModel",
    "BartForConditionalGeneration",
    "BartForSequenceClassification"
  ],
  "attention_dropout": 0.1,
  "bos_token_id": 0,
  "classif_dropout": 0.0,
  "d_model": 768,
  "decoder_attention_heads": 12,
  "decoder_ffn_dim": 3072,
  "decoder_layerdrop": 0.0,
  "decoder_layers": 6,
  "decoder_start_token_id": 2,
  "dropout": 0.1,
  "early_stopping": true,
  "encoder_attention_heads": 12,
  "encoder_ffn_dim": 3072,
  "encoder_layerdrop": 0.0,
  "encoder_layers": 6,
  "eos_token_id": 2,
  "id2label": {
    "0": "LABEL_0",
    "1": "LABEL_1",
    "2": "LABEL_2"
  },
  "init_std": 0.02,
  "is_encoder_decoder": true,
  "label2id": {
    "LABEL_0": 0,
    "LABEL_1": 1,
    "LABEL_2": 2
  },
  "max_position_embeddings": 1024,
  "model_type": "bart",
  "no_repeat_ngram_size": 3,
  "normalize_before": false,
  "normalize_embedding": true,
  "num_beams": 4,
  "num_hidden_layers": 6,
  "pad_token_id": 1,
  "scale_embedding": false,
  "static_position_embeddings": false,
  "task_specific_params": {
    "summarization": {
      "length_penalty": 1.0,
      "max_length": 128,
      "min_length": 12,
      "num_beams": 4
    },
    "summarization_cnn": {
      "length_penalty": 2.0,
      "max_length": 142,
      "min_length": 56,
      "num_beams": 4
    },
    "summarization_xsum": {
      "length_penalty": 1.0,
      "max_length": 62,
      "min_length": 11,
      "num_beams": 6
    }
  },
  "vocab_size": 50265
}

11/04/2021 18:07:00 - INFO - transformers.modeling_utils - loading weights file https://cdn.huggingface.co/facebook/bart-base/pytorch_model.bin from cache at /private/home/yuchenlin/.cache/torch/transformers/566c05fb6983817e8ad7a4fa51e3099fe9caa3b31730f964bc5198d71c677523.0a3d95c18c1e434448941bc25accea7b122882be6526fb67c8e8fb6d5ebc711c
11/04/2021 18:07:03 - INFO - __main__ - Loading checkpoint from out/mrqa_squad_bart-base_1029_upstream_model//best-model.pt for facebook/bart-base ..... Done!
11/04/2021 18:07:09 - INFO - __main__ - Moving to the GPUs.
11/04/2021 18:07:09 - INFO - __main__ - No debugger!
11/04/2021 18:07:09 - INFO - __main__ - Start Online Debugging with Dynamic Error Mode
11/04/2021 18:07:09 - INFO - __main__ - Number of Batches of Data: 100
11/04/2021 18:07:09 - INFO - __main__ - Data Batch Size: 64;
11/04/2021 18:07:11 - INFO - __main__ - Model saved to experiments/ckpt_dirs/qa/nonecl/model_ckpt_000.pt.
11/04/2021 18:07:11 - INFO - __main__ - Start eval_knowledge_retention for UKR @ Timecode=0
11/04/2021 18:07:33 - INFO - __main__ - Upstream Knowledge Retation (UKR@0): 0.8027
11/04/2021 18:07:33 - INFO - __main__ - Start eval_knowledge_generalization for KG @ Timecode=0
11/04/2021 18:09:01 - INFO - __main__ - Future Knowledge Generalization (KG@0): 0.3125
11/04/2021 18:09:01 - INFO - __main__ - Evaluating to get errors .... Timecode: 0
11/04/2021 18:09:06 - INFO - __main__ - Before Error Fixing: {'EM': 0.28125, 'QA-F1': 0.3927634677737771}
11/04/2021 18:09:06 - INFO - __main__ - Found 46 errors.
11/04/2021 18:09:06 - INFO - __main__ - Start error-fixing .... Timecode: 0
11/04/2021 18:09:06 - INFO - __main__ - No debugging at all.
11/04/2021 18:09:06 - INFO - __main__ - Start error-fixing .... Done!
11/04/2021 18:09:09 - INFO - __main__ - Overall: 0.140625 from scores=[0.28125, 0.0]
11/04/2021 18:09:11 - INFO - __main__ - Model saved to experiments/ckpt_dirs/qa/nonecl/model_ckpt_000.pt.
11/04/2021 18:09:11 - INFO - __main__ - Updated result feule: experiments/results/qa/QA_nonecl_T=100,b=64,alpha=0,beta=0.7,gamma=0.5_result.json at Timecode: 0.
11/04/2021 18:09:11 - INFO - __main__ - --------------------------------------------------
11/04/2021 18:09:11 - INFO - __main__ - Evaluating to get errors .... Timecode: 1
11/04/2021 18:09:16 - INFO - __main__ - Before Error Fixing: {'EM': 0.28125, 'QA-F1': 0.3652530244899149}
11/04/2021 18:09:16 - INFO - __main__ - Found 46 errors.
11/04/2021 18:09:16 - INFO - __main__ - Start error-fixing .... Timecode: 1
11/04/2021 18:09:16 - INFO - __main__ - No debugging at all.
11/04/2021 18:09:16 - INFO - __main__ - Start error-fixing .... Done!
11/04/2021 18:09:20 - INFO - __main__ - Overall: 0.140625 from scores=[0.28125, 0.0]
11/04/2021 18:09:20 - INFO - __main__ - --------------------------------------------------
11/04/2021 18:09:20 - INFO - __main__ - Evaluating to get errors .... Timecode: 2
11/04/2021 18:09:25 - INFO - __main__ - Before Error Fixing: {'EM': 0.265625, 'QA-F1': 0.3723770374505669}
11/04/2021 18:09:25 - INFO - __main__ - Found 47 errors.
11/04/2021 18:09:25 - INFO - __main__ - Start error-fixing .... Timecode: 2
11/04/2021 18:09:25 - INFO - __main__ - No debugging at all.
11/04/2021 18:09:25 - INFO - __main__ - Start error-fixing .... Done!
11/04/2021 18:09:29 - INFO - __main__ - Overall: 0.13802083333333331 from scores=[0.27604166666666663, 0.0]
11/04/2021 18:09:29 - INFO - __main__ - --------------------------------------------------
11/04/2021 18:09:29 - INFO - __main__ - Evaluating to get errors .... Timecode: 3
11/04/2021 18:09:34 - INFO - __main__ - Before Error Fixing: {'EM': 0.234375, 'QA-F1': 0.31916872423087017}
11/04/2021 18:09:34 - INFO - __main__ - Found 49 errors.
11/04/2021 18:09:34 - INFO - __main__ - Start error-fixing .... Timecode: 3
11/04/2021 18:09:34 - INFO - __main__ - No debugging at all.
11/04/2021 18:09:34 - INFO - __main__ - Start error-fixing .... Done!
11/04/2021 18:09:37 - INFO - __main__ - Overall: 0.1328125 from scores=[0.265625, 0.0]
11/04/2021 18:09:37 - INFO - __main__ - --------------------------------------------------
11/04/2021 18:09:37 - INFO - __main__ - Evaluating to get errors .... Timecode: 4
11/04/2021 18:09:43 - INFO - __main__ - Before Error Fixing: {'EM': 0.359375, 'QA-F1': 0.41471586116734144}
11/04/2021 18:09:43 - INFO - __main__ - Found 41 errors.
11/04/2021 18:09:43 - INFO - __main__ - Start error-fixing .... Timecode: 4
11/04/2021 18:09:43 - INFO - __main__ - No debugging at all.
11/04/2021 18:09:43 - INFO - __main__ - Start error-fixing .... Done!
11/04/2021 18:09:46 - INFO - __main__ - Overall: 0.14218750000000002 from scores=[0.28437500000000004, 0.0]
11/04/2021 18:09:46 - INFO - __main__ - --------------------------------------------------
11/04/2021 18:09:46 - INFO - __main__ - Start eval_knowledge_retention for UKR @ Timecode=5
11/04/2021 18:10:08 - INFO - __main__ - Upstream Knowledge Retation (UKR@5): 0.8027
11/04/2021 18:10:08 - INFO - __main__ - len(self.past_submissions) = 320                 < self.debugger_args.okr_sample_size = 512
11/04/2021 18:10:08 - INFO - __main__ - Evaluating to get errors .... Timecode: 5
11/04/2021 18:10:13 - INFO - __main__ - Before Error Fixing: {'EM': 0.25, 'QA-F1': 0.3298548383059831}
11/04/2021 18:10:13 - INFO - __main__ - Found 48 errors.
11/04/2021 18:10:14 - INFO - __main__ - Start error-fixing .... Timecode: 5
11/04/2021 18:10:14 - INFO - __main__ - No debugging at all.
11/04/2021 18:10:14 - INFO - __main__ - Start error-fixing .... Done!
11/04/2021 18:10:18 - INFO - __main__ - Overall: 0.13932291666666669 from scores=[0.27864583333333337, 0.0]
11/04/2021 18:10:18 - INFO - __main__ - --------------------------------------------------
11/04/2021 18:10:18 - INFO - __main__ - Evaluating to get errors .... Timecode: 6
11/04/2021 18:10:23 - INFO - __main__ - Before Error Fixing: {'EM': 0.28125, 'QA-F1': 0.34872905120337927}
11/04/2021 18:10:23 - INFO - __main__ - Found 46 errors.
11/04/2021 18:10:23 - INFO - __main__ - Start error-fixing .... Timecode: 6
11/04/2021 18:10:23 - INFO - __main__ - No debugging at all.
11/04/2021 18:10:23 - INFO - __main__ - Start error-fixing .... Done!
11/04/2021 18:10:27 - INFO - __main__ - Overall: 0.13950892857142855 from scores=[0.2790178571428571, 0.0]
11/04/2021 18:10:27 - INFO - __main__ - --------------------------------------------------
11/04/2021 18:10:27 - INFO - __main__ - Evaluating to get errors .... Timecode: 7
11/04/2021 18:10:32 - INFO - __main__ - Before Error Fixing: {'EM': 0.328125, 'QA-F1': 0.4042185949705743}
11/04/2021 18:10:32 - INFO - __main__ - Found 43 errors.
11/04/2021 18:10:32 - INFO - __main__ - Start error-fixing .... Timecode: 7
11/04/2021 18:10:32 - INFO - __main__ - No debugging at all.
11/04/2021 18:10:32 - INFO - __main__ - Start error-fixing .... Done!
11/04/2021 18:10:35 - INFO - __main__ - Overall: 0.142578125 from scores=[0.28515625, 0.0]
11/04/2021 18:10:35 - INFO - __main__ - --------------------------------------------------
11/04/2021 18:10:35 - INFO - __main__ - Evaluating to get errors .... Timecode: 8
11/04/2021 18:10:40 - INFO - __main__ - Before Error Fixing: {'EM': 0.28125, 'QA-F1': 0.35509962892647784}
11/04/2021 18:10:40 - INFO - __main__ - Found 46 errors.
11/04/2021 18:10:40 - INFO - __main__ - Start error-fixing .... Timecode: 8
11/04/2021 18:10:40 - INFO - __main__ - No debugging at all.
11/04/2021 18:10:40 - INFO - __main__ - Start error-fixing .... Done!
11/04/2021 18:10:44 - INFO - __main__ - Overall: 0.1423611111111111 from scores=[0.2847222222222222, 0.0]
11/04/2021 18:10:44 - INFO - __main__ - --------------------------------------------------
11/04/2021 18:10:44 - INFO - __main__ - Evaluating to get errors .... Timecode: 9
11/04/2021 18:10:49 - INFO - __main__ - Before Error Fixing: {'EM': 0.28125, 'QA-F1': 0.3622395585772813}
11/04/2021 18:10:49 - INFO - __main__ - Found 46 errors.
11/04/2021 18:10:50 - INFO - __main__ - Start error-fixing .... Timecode: 9
11/04/2021 18:10:50 - INFO - __main__ - No debugging at all.
11/04/2021 18:10:50 - INFO - __main__ - Start error-fixing .... Done!
11/04/2021 18:10:53 - INFO - __main__ - Overall: 0.14218750000000002 from scores=[0.28437500000000004, 0.0]
11/04/2021 18:10:53 - INFO - __main__ - --------------------------------------------------
11/04/2021 18:10:53 - INFO - __main__ - Start eval_knowledge_retention for UKR @ Timecode=10
11/04/2021 18:11:15 - INFO - __main__ - Upstream Knowledge Retation (UKR@10): 0.8027
11/04/2021 18:11:16 - INFO - __main__ - Start eval_knowledge_retention for OKR @ Timecode=10
11/04/2021 18:11:55 - INFO - __main__ - Online Knowledge Retation (OKR@10): 0.2910
11/04/2021 18:11:55 - INFO - __main__ - Start eval_knowledge_generalization for KG @ Timecode=10
11/04/2021 18:13:23 - INFO - __main__ - Future Knowledge Generalization (KG@10): 0.3125
11/04/2021 18:13:23 - INFO - __main__ - Evaluating to get errors .... Timecode: 10
11/04/2021 18:13:27 - INFO - __main__ - Before Error Fixing: {'EM': 0.3125, 'QA-F1': 0.3923534479044347}
11/04/2021 18:13:27 - INFO - __main__ - Found 44 errors.
11/04/2021 18:13:27 - INFO - __main__ - Start error-fixing .... Timecode: 10
11/04/2021 18:13:27 - INFO - __main__ - No debugging at all.
11/04/2021 18:13:27 - INFO - __main__ - Start error-fixing .... Done!
11/04/2021 18:13:31 - INFO - __main__ - Overall: 0.3386363636363637 from scores=[0.28693181818181823, 0.0, 0.291015625, 0.802734375, 0.3125]
11/04/2021 18:13:33 - INFO - __main__ - Model saved to experiments/ckpt_dirs/qa/nonecl/model_ckpt_010.pt.
11/04/2021 18:13:33 - INFO - __main__ - Updated result feule: experiments/results/qa/QA_nonecl_T=100,b=64,alpha=0,beta=0.7,gamma=0.5_result.json at Timecode: 10.
11/04/2021 18:13:33 - INFO - __main__ - --------------------------------------------------
11/04/2021 18:13:33 - INFO - __main__ - Evaluating to get errors .... Timecode: 11
11/04/2021 18:13:38 - INFO - __main__ - Before Error Fixing: {'EM': 0.234375, 'QA-F1': 0.29197912693872363}
11/04/2021 18:13:38 - INFO - __main__ - Found 49 errors.
11/04/2021 18:13:38 - INFO - __main__ - Start error-fixing .... Timecode: 11
11/04/2021 18:13:38 - INFO - __main__ - No debugging at all.
11/04/2021 18:13:38 - INFO - __main__ - Start error-fixing .... Done!
11/04/2021 18:13:41 - INFO - __main__ - Overall: 0.3377604166666667 from scores=[0.28255208333333337, 0.0, 0.291015625, 0.802734375, 0.3125]
11/04/2021 18:13:41 - INFO - __main__ - --------------------------------------------------
11/04/2021 18:13:41 - INFO - __main__ - Evaluating to get errors .... Timecode: 12
11/04/2021 18:13:46 - INFO - __main__ - Before Error Fixing: {'EM': 0.21875, 'QA-F1': 0.3225978364038369}
11/04/2021 18:13:46 - INFO - __main__ - Found 50 errors.
11/04/2021 18:13:46 - INFO - __main__ - Start error-fixing .... Timecode: 12
11/04/2021 18:13:46 - INFO - __main__ - No debugging at all.
11/04/2021 18:13:46 - INFO - __main__ - Start error-fixing .... Done!
11/04/2021 18:13:50 - INFO - __main__ - Overall: 0.3367788461538462 from scores=[0.2776442307692307, 0.0, 0.291015625, 0.802734375, 0.3125]
11/04/2021 18:13:50 - INFO - __main__ - --------------------------------------------------
11/04/2021 18:13:50 - INFO - __main__ - Evaluating to get errors .... Timecode: 13
11/04/2021 18:13:55 - INFO - __main__ - Before Error Fixing: {'EM': 0.3125, 'QA-F1': 0.38781952544288073}
11/04/2021 18:13:55 - INFO - __main__ - Found 44 errors.
11/04/2021 18:13:55 - INFO - __main__ - Start error-fixing .... Timecode: 13
11/04/2021 18:13:55 - INFO - __main__ - No debugging at all.
11/04/2021 18:13:55 - INFO - __main__ - Start error-fixing .... Done!
11/04/2021 18:13:59 - INFO - __main__ - Overall: 0.3372767857142857 from scores=[0.2801339285714286, 0.0, 0.291015625, 0.802734375, 0.3125]
11/04/2021 18:13:59 - INFO - __main__ - --------------------------------------------------
11/04/2021 18:13:59 - INFO - __main__ - Evaluating to get errors .... Timecode: 14
11/04/2021 18:14:04 - INFO - __main__ - Before Error Fixing: {'EM': 0.1875, 'QA-F1': 0.316942040319072}
11/04/2021 18:14:04 - INFO - __main__ - Found 52 errors.
11/04/2021 18:14:04 - INFO - __main__ - Start error-fixing .... Timecode: 14
11/04/2021 18:14:04 - INFO - __main__ - No debugging at all.
11/04/2021 18:14:04 - INFO - __main__ - Start error-fixing .... Done!
11/04/2021 18:14:08 - INFO - __main__ - Overall: 0.3360416666666667 from scores=[0.2739583333333333, 0.0, 0.291015625, 0.802734375, 0.3125]
11/04/2021 18:14:08 - INFO - __main__ - --------------------------------------------------
11/04/2021 18:14:08 - INFO - __main__ - Start eval_knowledge_retention for UKR @ Timecode=15
11/04/2021 18:14:30 - INFO - __main__ - Upstream Knowledge Retation (UKR@15): 0.8027
11/04/2021 18:14:31 - INFO - __main__ - Start eval_knowledge_retention for OKR @ Timecode=15
11/04/2021 18:15:10 - INFO - __main__ - Online Knowledge Retation (OKR@15): 0.2773
11/04/2021 18:15:10 - INFO - __main__ - Evaluating to get errors .... Timecode: 15
11/04/2021 18:15:15 - INFO - __main__ - Before Error Fixing: {'EM': 0.25, 'QA-F1': 0.3397005248470999}
11/04/2021 18:15:15 - INFO - __main__ - Found 48 errors.
11/04/2021 18:15:15 - INFO - __main__ - Start error-fixing .... Timecode: 15
11/04/2021 18:15:15 - INFO - __main__ - No debugging at all.
11/04/2021 18:15:15 - INFO - __main__ - Start error-fixing .... Done!
11/04/2021 18:15:19 - INFO - __main__ - Overall: 0.3330078125 from scores=[0.2724609375, 0.0, 0.27734375, 0.802734375, 0.3125]
11/04/2021 18:15:19 - INFO - __main__ - --------------------------------------------------
11/04/2021 18:15:19 - INFO - __main__ - Evaluating to get errors .... Timecode: 16
11/04/2021 18:15:24 - INFO - __main__ - Before Error Fixing: {'EM': 0.21875, 'QA-F1': 0.2879876333757187}
11/04/2021 18:15:24 - INFO - __main__ - Found 50 errors.
11/04/2021 18:15:24 - INFO - __main__ - Start error-fixing .... Timecode: 16
11/04/2021 18:15:24 - INFO - __main__ - No debugging at all.
11/04/2021 18:15:24 - INFO - __main__ - Start error-fixing .... Done!
11/04/2021 18:15:28 - INFO - __main__ - Overall: 0.3323759191176471 from scores=[0.2693014705882353, 0.0, 0.27734375, 0.802734375, 0.3125]
11/04/2021 18:15:28 - INFO - __main__ - --------------------------------------------------
11/04/2021 18:15:28 - INFO - __main__ - Evaluating to get errors .... Timecode: 17
11/04/2021 18:15:33 - INFO - __main__ - Before Error Fixing: {'EM': 0.4375, 'QA-F1': 0.5036887719102793}
11/04/2021 18:15:33 - INFO - __main__ - Found 36 errors.
11/04/2021 18:15:33 - INFO - __main__ - Start error-fixing .... Timecode: 17
11/04/2021 18:15:33 - INFO - __main__ - No debugging at all.
11/04/2021 18:15:33 - INFO - __main__ - Start error-fixing .... Done!
11/04/2021 18:15:35 - INFO - __main__ - Overall: 0.3342447916666667 from scores=[0.27864583333333337, 0.0, 0.27734375, 0.802734375, 0.3125]
11/04/2021 18:15:35 - INFO - __main__ - --------------------------------------------------
11/04/2021 18:15:35 - INFO - __main__ - Evaluating to get errors .... Timecode: 18
11/04/2021 18:15:40 - INFO - __main__ - Before Error Fixing: {'EM': 0.3125, 'QA-F1': 0.359188576605856}
11/04/2021 18:15:40 - INFO - __main__ - Found 44 errors.
11/04/2021 18:15:41 - INFO - __main__ - Start error-fixing .... Timecode: 18
11/04/2021 18:15:41 - INFO - __main__ - No debugging at all.
11/04/2021 18:15:41 - INFO - __main__ - Start error-fixing .... Done!
11/04/2021 18:15:44 - INFO - __main__ - Overall: 0.3346011513157895 from scores=[0.28042763157894735, 0.0, 0.27734375, 0.802734375, 0.3125]
11/04/2021 18:15:44 - INFO - __main__ - --------------------------------------------------
11/04/2021 18:15:44 - INFO - __main__ - Evaluating to get errors .... Timecode: 19
11/04/2021 18:15:49 - INFO - __main__ - Before Error Fixing: {'EM': 0.359375, 'QA-F1': 0.40136351154174044}
11/04/2021 18:15:49 - INFO - __main__ - Found 41 errors.
11/04/2021 18:15:49 - INFO - __main__ - Start error-fixing .... Timecode: 19
11/04/2021 18:15:49 - INFO - __main__ - No debugging at all.
11/04/2021 18:15:49 - INFO - __main__ - Start error-fixing .... Done!
11/04/2021 18:15:52 - INFO - __main__ - Overall: 0.335390625 from scores=[0.28437500000000004, 0.0, 0.27734375, 0.802734375, 0.3125]
11/04/2021 18:15:52 - INFO - __main__ - --------------------------------------------------
11/04/2021 18:15:52 - INFO - __main__ - Start eval_knowledge_retention for UKR @ Timecode=20
11/04/2021 18:16:14 - INFO - __main__ - Upstream Knowledge Retation (UKR@20): 0.8027
11/04/2021 18:16:15 - INFO - __main__ - Start eval_knowledge_retention for OKR @ Timecode=20
11/04/2021 18:16:54 - INFO - __main__ - Online Knowledge Retation (OKR@20): 0.2793
11/04/2021 18:16:54 - INFO - __main__ - Start eval_knowledge_generalization for KG @ Timecode=20
11/04/2021 18:18:21 - INFO - __main__ - Future Knowledge Generalization (KG@20): 0.3125
11/04/2021 18:18:21 - INFO - __main__ - Evaluating to get errors .... Timecode: 20
11/04/2021 18:18:27 - INFO - __main__ - Before Error Fixing: {'EM': 0.25, 'QA-F1': 0.3113347896332464}
11/04/2021 18:18:27 - INFO - __main__ - Found 48 errors.
11/04/2021 18:18:27 - INFO - __main__ - Start error-fixing .... Timecode: 20
11/04/2021 18:18:27 - INFO - __main__ - No debugging at all.
11/04/2021 18:18:27 - INFO - __main__ - Start error-fixing .... Done!
11/04/2021 18:18:31 - INFO - __main__ - Overall: 0.3354538690476191 from scores=[0.28273809523809523, 0.0, 0.279296875, 0.802734375, 0.3125]
11/04/2021 18:18:33 - INFO - __main__ - Model saved to experiments/ckpt_dirs/qa/nonecl/model_ckpt_020.pt.
11/04/2021 18:18:33 - INFO - __main__ - Updated result feule: experiments/results/qa/QA_nonecl_T=100,b=64,alpha=0,beta=0.7,gamma=0.5_result.json at Timecode: 20.
11/04/2021 18:18:33 - INFO - __main__ - --------------------------------------------------
11/04/2021 18:18:33 - INFO - __main__ - Evaluating to get errors .... Timecode: 21
11/04/2021 18:18:37 - INFO - __main__ - Before Error Fixing: {'EM': 0.40625, 'QA-F1': 0.43008929575541416}
11/04/2021 18:18:37 - INFO - __main__ - Found 38 errors.
11/04/2021 18:18:37 - INFO - __main__ - Start error-fixing .... Timecode: 21
11/04/2021 18:18:37 - INFO - __main__ - No debugging at all.
11/04/2021 18:18:37 - INFO - __main__ - Start error-fixing .... Done!
11/04/2021 18:18:40 - INFO - __main__ - Overall: 0.3365767045454545 from scores=[0.2883522727272727, 0.0, 0.279296875, 0.802734375, 0.3125]
11/04/2021 18:18:40 - INFO - __main__ - --------------------------------------------------
11/04/2021 18:18:40 - INFO - __main__ - Evaluating to get errors .... Timecode: 22
11/04/2021 18:18:44 - INFO - __main__ - Before Error Fixing: {'EM': 0.3125, 'QA-F1': 0.34828457007699964}
11/04/2021 18:18:44 - INFO - __main__ - Found 44 errors.
11/04/2021 18:18:44 - INFO - __main__ - Start error-fixing .... Timecode: 22
11/04/2021 18:18:44 - INFO - __main__ - No debugging at all.
11/04/2021 18:18:44 - INFO - __main__ - Start error-fixing .... Done!
11/04/2021 18:18:47 - INFO - __main__ - Overall: 0.3367866847826087 from scores=[0.28940217391304346, 0.0, 0.279296875, 0.802734375, 0.3125]
11/04/2021 18:18:47 - INFO - __main__ - --------------------------------------------------
11/04/2021 18:18:47 - INFO - __main__ - Evaluating to get errors .... Timecode: 23
11/04/2021 18:18:52 - INFO - __main__ - Before Error Fixing: {'EM': 0.375, 'QA-F1': 0.41326477621840524}
11/04/2021 18:18:52 - INFO - __main__ - Found 40 errors.
11/04/2021 18:18:52 - INFO - __main__ - Start error-fixing .... Timecode: 23
11/04/2021 18:18:52 - INFO - __main__ - No debugging at all.
11/04/2021 18:18:52 - INFO - __main__ - Start error-fixing .... Done!
11/04/2021 18:18:55 - INFO - __main__ - Overall: 0.3375 from scores=[0.29296875, 0.0, 0.279296875, 0.802734375, 0.3125]
11/04/2021 18:18:55 - INFO - __main__ - --------------------------------------------------
11/04/2021 18:18:55 - INFO - __main__ - Evaluating to get errors .... Timecode: 24
11/04/2021 18:19:00 - INFO - __main__ - Before Error Fixing: {'EM': 0.3125, 'QA-F1': 0.3680187000499501}
11/04/2021 18:19:00 - INFO - __main__ - Found 44 errors.
11/04/2021 18:19:00 - INFO - __main__ - Start error-fixing .... Timecode: 24
11/04/2021 18:19:00 - INFO - __main__ - No debugging at all.
11/04/2021 18:19:00 - INFO - __main__ - Start error-fixing .... Done!
11/04/2021 18:19:04 - INFO - __main__ - Overall: 0.33765625 from scores=[0.29374999999999996, 0.0, 0.279296875, 0.802734375, 0.3125]
11/04/2021 18:19:04 - INFO - __main__ - --------------------------------------------------
11/04/2021 18:19:04 - INFO - __main__ - Start eval_knowledge_retention for UKR @ Timecode=25
11/04/2021 18:19:26 - INFO - __main__ - Upstream Knowledge Retation (UKR@25): 0.8027
11/04/2021 18:19:27 - INFO - __main__ - Start eval_knowledge_retention for OKR @ Timecode=25
11/04/2021 18:20:06 - INFO - __main__ - Online Knowledge Retation (OKR@25): 0.3066
11/04/2021 18:20:06 - INFO - __main__ - Evaluating to get errors .... Timecode: 25
11/04/2021 18:20:10 - INFO - __main__ - Before Error Fixing: {'EM': 0.390625, 'QA-F1': 0.44839222098878295}
11/04/2021 18:20:10 - INFO - __main__ - Found 39 errors.
11/04/2021 18:20:10 - INFO - __main__ - Start error-fixing .... Timecode: 25
11/04/2021 18:20:10 - INFO - __main__ - No debugging at all.
11/04/2021 18:20:10 - INFO - __main__ - Start error-fixing .... Done!
11/04/2021 18:20:13 - INFO - __main__ - Overall: 0.34387019230769234 from scores=[0.29747596153846156, 0.0, 0.306640625, 0.802734375, 0.3125]
11/04/2021 18:20:13 - INFO - __main__ - --------------------------------------------------
11/04/2021 18:20:13 - INFO - __main__ - Evaluating to get errors .... Timecode: 26
11/04/2021 18:20:17 - INFO - __main__ - Before Error Fixing: {'EM': 0.34375, 'QA-F1': 0.3890468385780886}
11/04/2021 18:20:17 - INFO - __main__ - Found 42 errors.
11/04/2021 18:20:18 - INFO - __main__ - Start error-fixing .... Timecode: 26
11/04/2021 18:20:18 - INFO - __main__ - No debugging at all.
11/04/2021 18:20:18 - INFO - __main__ - Start error-fixing .... Done!
11/04/2021 18:20:20 - INFO - __main__ - Overall: 0.344212962962963 from scores=[0.29918981481481477, 0.0, 0.306640625, 0.802734375, 0.3125]
11/04/2021 18:20:20 - INFO - __main__ - --------------------------------------------------
11/04/2021 18:20:20 - INFO - __main__ - Evaluating to get errors .... Timecode: 27
11/04/2021 18:20:26 - INFO - __main__ - Before Error Fixing: {'EM': 0.28125, 'QA-F1': 0.3353210514975221}
11/04/2021 18:20:26 - INFO - __main__ - Found 46 errors.
11/04/2021 18:20:26 - INFO - __main__ - Start error-fixing .... Timecode: 27
11/04/2021 18:20:26 - INFO - __main__ - No debugging at all.
11/04/2021 18:20:26 - INFO - __main__ - Start error-fixing .... Done!
11/04/2021 18:20:30 - INFO - __main__ - Overall: 0.34408482142857144 from scores=[0.2985491071428571, 0.0, 0.306640625, 0.802734375, 0.3125]
11/04/2021 18:20:30 - INFO - __main__ - --------------------------------------------------
11/04/2021 18:20:30 - INFO - __main__ - Evaluating to get errors .... Timecode: 28
11/04/2021 18:20:35 - INFO - __main__ - Before Error Fixing: {'EM': 0.375, 'QA-F1': 0.43318480782261576}
11/04/2021 18:20:35 - INFO - __main__ - Found 40 errors.
11/04/2021 18:20:35 - INFO - __main__ - Start error-fixing .... Timecode: 28
11/04/2021 18:20:35 - INFO - __main__ - No debugging at all.
11/04/2021 18:20:35 - INFO - __main__ - Start error-fixing .... Done!
11/04/2021 18:20:38 - INFO - __main__ - Overall: 0.34461206896551727 from scores=[0.3011853448275862, 0.0, 0.306640625, 0.802734375, 0.3125]
11/04/2021 18:20:38 - INFO - __main__ - --------------------------------------------------
11/04/2021 18:20:38 - INFO - __main__ - Evaluating to get errors .... Timecode: 29
11/04/2021 18:20:43 - INFO - __main__ - Before Error Fixing: {'EM': 0.375, 'QA-F1': 0.4462661400610969}
11/04/2021 18:20:43 - INFO - __main__ - Found 40 errors.
11/04/2021 18:20:43 - INFO - __main__ - Start error-fixing .... Timecode: 29
11/04/2021 18:20:43 - INFO - __main__ - No debugging at all.
11/04/2021 18:20:43 - INFO - __main__ - Start error-fixing .... Done!
11/04/2021 18:20:46 - INFO - __main__ - Overall: 0.34510416666666666 from scores=[0.3036458333333333, 0.0, 0.306640625, 0.802734375, 0.3125]
11/04/2021 18:20:46 - INFO - __main__ - --------------------------------------------------
11/04/2021 18:20:46 - INFO - __main__ - Start eval_knowledge_retention for UKR @ Timecode=30
11/04/2021 18:21:08 - INFO - __main__ - Upstream Knowledge Retation (UKR@30): 0.8027
11/04/2021 18:21:09 - INFO - __main__ - Start eval_knowledge_retention for OKR @ Timecode=30
11/04/2021 18:21:47 - INFO - __main__ - Online Knowledge Retation (OKR@30): 0.3008
11/04/2021 18:21:47 - INFO - __main__ - Start eval_knowledge_generalization for KG @ Timecode=30
11/04/2021 18:23:16 - INFO - __main__ - Future Knowledge Generalization (KG@30): 0.3125
11/04/2021 18:23:16 - INFO - __main__ - Evaluating to get errors .... Timecode: 30
11/04/2021 18:23:21 - INFO - __main__ - Before Error Fixing: {'EM': 0.375, 'QA-F1': 0.43496737637362637}
11/04/2021 18:23:21 - INFO - __main__ - Found 40 errors.
11/04/2021 18:23:21 - INFO - __main__ - Start error-fixing .... Timecode: 30
11/04/2021 18:23:21 - INFO - __main__ - No debugging at all.
11/04/2021 18:23:21 - INFO - __main__ - Start error-fixing .... Done!
11/04/2021 18:23:24 - INFO - __main__ - Overall: 0.34439264112903223 from scores=[0.30594758064516125, 0.0, 0.30078125, 0.802734375, 0.3125]
11/04/2021 18:23:26 - INFO - __main__ - Model saved to experiments/ckpt_dirs/qa/nonecl/model_ckpt_030.pt.
11/04/2021 18:23:26 - INFO - __main__ - Updated result feule: experiments/results/qa/QA_nonecl_T=100,b=64,alpha=0,beta=0.7,gamma=0.5_result.json at Timecode: 30.
11/04/2021 18:23:26 - INFO - __main__ - --------------------------------------------------
11/04/2021 18:23:26 - INFO - __main__ - Evaluating to get errors .... Timecode: 31
11/04/2021 18:23:31 - INFO - __main__ - Before Error Fixing: {'EM': 0.359375, 'QA-F1': 0.41588055302826493}
11/04/2021 18:23:31 - INFO - __main__ - Found 41 errors.
11/04/2021 18:23:31 - INFO - __main__ - Start error-fixing .... Timecode: 31
11/04/2021 18:23:31 - INFO - __main__ - No debugging at all.
11/04/2021 18:23:31 - INFO - __main__ - Start error-fixing .... Done!
11/04/2021 18:23:34 - INFO - __main__ - Overall: 0.3447265625 from scores=[0.3076171875, 0.0, 0.30078125, 0.802734375, 0.3125]
11/04/2021 18:23:34 - INFO - __main__ - --------------------------------------------------
11/04/2021 18:23:34 - INFO - __main__ - Evaluating to get errors .... Timecode: 32
11/04/2021 18:23:38 - INFO - __main__ - Before Error Fixing: {'EM': 0.34375, 'QA-F1': 0.3755826465201465}
11/04/2021 18:23:38 - INFO - __main__ - Found 42 errors.
11/04/2021 18:23:39 - INFO - __main__ - Start error-fixing .... Timecode: 32
11/04/2021 18:23:39 - INFO - __main__ - No debugging at all.
11/04/2021 18:23:39 - INFO - __main__ - Start error-fixing .... Done!
11/04/2021 18:23:42 - INFO - __main__ - Overall: 0.3449455492424242 from scores=[0.3087121212121212, 0.0, 0.30078125, 0.802734375, 0.3125]
11/04/2021 18:23:42 - INFO - __main__ - --------------------------------------------------
11/04/2021 18:23:42 - INFO - __main__ - Evaluating to get errors .... Timecode: 33
11/04/2021 18:23:47 - INFO - __main__ - Before Error Fixing: {'EM': 0.234375, 'QA-F1': 0.2996614428599723}
11/04/2021 18:23:47 - INFO - __main__ - Found 49 errors.
11/04/2021 18:23:47 - INFO - __main__ - Start error-fixing .... Timecode: 33
11/04/2021 18:23:47 - INFO - __main__ - No debugging at all.
11/04/2021 18:23:47 - INFO - __main__ - Start error-fixing .... Done!
11/04/2021 18:23:51 - INFO - __main__ - Overall: 0.34450827205882356 from scores=[0.30652573529411764, 0.0, 0.30078125, 0.802734375, 0.3125]
11/04/2021 18:23:51 - INFO - __main__ - --------------------------------------------------
11/04/2021 18:23:51 - INFO - __main__ - Evaluating to get errors .... Timecode: 34
11/04/2021 18:23:55 - INFO - __main__ - Before Error Fixing: {'EM': 0.40625, 'QA-F1': 0.4591500946969697}
11/04/2021 18:23:55 - INFO - __main__ - Found 38 errors.
11/04/2021 18:23:55 - INFO - __main__ - Start error-fixing .... Timecode: 34
11/04/2021 18:23:55 - INFO - __main__ - No debugging at all.
11/04/2021 18:23:55 - INFO - __main__ - Start error-fixing .... Done!
11/04/2021 18:23:58 - INFO - __main__ - Overall: 0.345078125 from scores=[0.30937499999999996, 0.0, 0.30078125, 0.802734375, 0.3125]
11/04/2021 18:23:58 - INFO - __main__ - --------------------------------------------------
11/04/2021 18:23:58 - INFO - __main__ - Start eval_knowledge_retention for UKR @ Timecode=35
11/04/2021 18:24:20 - INFO - __main__ - Upstream Knowledge Retation (UKR@35): 0.8027
11/04/2021 18:24:21 - INFO - __main__ - Start eval_knowledge_retention for OKR @ Timecode=35
11/04/2021 18:25:01 - INFO - __main__ - Online Knowledge Retation (OKR@35): 0.3047
11/04/2021 18:25:01 - INFO - __main__ - Evaluating to get errors .... Timecode: 35
11/04/2021 18:25:06 - INFO - __main__ - Before Error Fixing: {'EM': 0.375, 'QA-F1': 0.4434810510589342}
11/04/2021 18:25:06 - INFO - __main__ - Found 40 errors.
11/04/2021 18:25:06 - INFO - __main__ - Start error-fixing .... Timecode: 35
11/04/2021 18:25:06 - INFO - __main__ - No debugging at all.
11/04/2021 18:25:06 - INFO - __main__ - Start error-fixing .... Done!
11/04/2021 18:25:09 - INFO - __main__ - Overall: 0.3462239583333333 from scores=[0.31119791666666663, 0.0, 0.3046875, 0.802734375, 0.3125]
11/04/2021 18:25:09 - INFO - __main__ - --------------------------------------------------
11/04/2021 18:25:09 - INFO - __main__ - Evaluating to get errors .... Timecode: 36
11/04/2021 18:25:14 - INFO - __main__ - Before Error Fixing: {'EM': 0.28125, 'QA-F1': 0.3152061374615722}
11/04/2021 18:25:14 - INFO - __main__ - Found 46 errors.
11/04/2021 18:25:14 - INFO - __main__ - Start error-fixing .... Timecode: 36
11/04/2021 18:25:14 - INFO - __main__ - No debugging at all.
11/04/2021 18:25:14 - INFO - __main__ - Start error-fixing .... Done!
11/04/2021 18:25:18 - INFO - __main__ - Overall: 0.3460620777027027 from scores=[0.3103885135135135, 0.0, 0.3046875, 0.802734375, 0.3125]
11/04/2021 18:25:18 - INFO - __main__ - --------------------------------------------------
11/04/2021 18:25:18 - INFO - __main__ - Evaluating to get errors .... Timecode: 37
11/04/2021 18:25:23 - INFO - __main__ - Before Error Fixing: {'EM': 0.203125, 'QA-F1': 0.24655264874014876}
11/04/2021 18:25:23 - INFO - __main__ - Found 51 errors.
11/04/2021 18:25:23 - INFO - __main__ - Start error-fixing .... Timecode: 37
11/04/2021 18:25:23 - INFO - __main__ - No debugging at all.
11/04/2021 18:25:23 - INFO - __main__ - Start error-fixing .... Done!
11/04/2021 18:25:27 - INFO - __main__ - Overall: 0.34549753289473684 from scores=[0.3075657894736842, 0.0, 0.3046875, 0.802734375, 0.3125]
11/04/2021 18:25:27 - INFO - __main__ - --------------------------------------------------
11/04/2021 18:25:27 - INFO - __main__ - Evaluating to get errors .... Timecode: 38
11/04/2021 18:25:31 - INFO - __main__ - Before Error Fixing: {'EM': 0.421875, 'QA-F1': 0.47864140557155266}
11/04/2021 18:25:31 - INFO - __main__ - Found 37 errors.
11/04/2021 18:25:32 - INFO - __main__ - Start error-fixing .... Timecode: 38
11/04/2021 18:25:32 - INFO - __main__ - No debugging at all.
11/04/2021 18:25:32 - INFO - __main__ - Start error-fixing .... Done!
11/04/2021 18:25:34 - INFO - __main__ - Overall: 0.34608373397435893 from scores=[0.3104967948717948, 0.0, 0.3046875, 0.802734375, 0.3125]
11/04/2021 18:25:34 - INFO - __main__ - --------------------------------------------------
11/04/2021 18:25:34 - INFO - __main__ - Evaluating to get errors .... Timecode: 39
11/04/2021 18:25:39 - INFO - __main__ - Before Error Fixing: {'EM': 0.34375, 'QA-F1': 0.38769238800991956}
11/04/2021 18:25:39 - INFO - __main__ - Found 42 errors.
11/04/2021 18:25:39 - INFO - __main__ - Start error-fixing .... Timecode: 39
11/04/2021 18:25:39 - INFO - __main__ - No debugging at all.
11/04/2021 18:25:39 - INFO - __main__ - Start error-fixing .... Done!
11/04/2021 18:25:42 - INFO - __main__ - Overall: 0.34625 from scores=[0.31132812499999996, 0.0, 0.3046875, 0.802734375, 0.3125]
11/04/2021 18:25:42 - INFO - __main__ - --------------------------------------------------
11/04/2021 18:25:42 - INFO - __main__ - Start eval_knowledge_retention for UKR @ Timecode=40
11/04/2021 18:26:04 - INFO - __main__ - Upstream Knowledge Retation (UKR@40): 0.8027
11/04/2021 18:26:05 - INFO - __main__ - Start eval_knowledge_retention for OKR @ Timecode=40
11/04/2021 18:26:43 - INFO - __main__ - Online Knowledge Retation (OKR@40): 0.3184
11/04/2021 18:26:43 - INFO - __main__ - Start eval_knowledge_generalization for KG @ Timecode=40
11/04/2021 18:28:11 - INFO - __main__ - Future Knowledge Generalization (KG@40): 0.3125
11/04/2021 18:28:11 - INFO - __main__ - Evaluating to get errors .... Timecode: 40
11/04/2021 18:28:16 - INFO - __main__ - Before Error Fixing: {'EM': 0.265625, 'QA-F1': 0.3220005645232421}
11/04/2021 18:28:16 - INFO - __main__ - Found 47 errors.
11/04/2021 18:28:16 - INFO - __main__ - Start error-fixing .... Timecode: 40
11/04/2021 18:28:16 - INFO - __main__ - No debugging at all.
11/04/2021 18:28:16 - INFO - __main__ - Start error-fixing .... Done!
11/04/2021 18:28:19 - INFO - __main__ - Overall: 0.34876143292682926 from scores=[0.3102134146341463, 0.0, 0.318359375, 0.802734375, 0.3125]
11/04/2021 18:28:21 - INFO - __main__ - Model saved to experiments/ckpt_dirs/qa/nonecl/model_ckpt_040.pt.
11/04/2021 18:28:21 - INFO - __main__ - Updated result feule: experiments/results/qa/QA_nonecl_T=100,b=64,alpha=0,beta=0.7,gamma=0.5_result.json at Timecode: 40.
11/04/2021 18:28:21 - INFO - __main__ - --------------------------------------------------
11/04/2021 18:28:21 - INFO - __main__ - Evaluating to get errors .... Timecode: 41
11/04/2021 18:28:25 - INFO - __main__ - Before Error Fixing: {'EM': 0.375, 'QA-F1': 0.438650282009657}
11/04/2021 18:28:25 - INFO - __main__ - Found 40 errors.
11/04/2021 18:28:25 - INFO - __main__ - Start error-fixing .... Timecode: 41
11/04/2021 18:28:25 - INFO - __main__ - No debugging at all.
11/04/2021 18:28:25 - INFO - __main__ - Start error-fixing .... Done!
11/04/2021 18:28:28 - INFO - __main__ - Overall: 0.34906994047619044 from scores=[0.31175595238095233, 0.0, 0.318359375, 0.802734375, 0.3125]
11/04/2021 18:28:28 - INFO - __main__ - --------------------------------------------------
11/04/2021 18:28:28 - INFO - __main__ - Evaluating to get errors .... Timecode: 42
11/04/2021 18:28:33 - INFO - __main__ - Before Error Fixing: {'EM': 0.359375, 'QA-F1': 0.42365929277693987}
11/04/2021 18:28:33 - INFO - __main__ - Found 41 errors.
11/04/2021 18:28:33 - INFO - __main__ - Start error-fixing .... Timecode: 42
11/04/2021 18:28:33 - INFO - __main__ - No debugging at all.
11/04/2021 18:28:33 - INFO - __main__ - Start error-fixing .... Done!
11/04/2021 18:28:37 - INFO - __main__ - Overall: 0.3492914244186046 from scores=[0.3128633720930233, 0.0, 0.318359375, 0.802734375, 0.3125]
11/04/2021 18:28:37 - INFO - __main__ - --------------------------------------------------
11/04/2021 18:28:37 - INFO - __main__ - Evaluating to get errors .... Timecode: 43
11/04/2021 18:28:41 - INFO - __main__ - Before Error Fixing: {'EM': 0.34375, 'QA-F1': 0.3983945741758242}
11/04/2021 18:28:41 - INFO - __main__ - Found 42 errors.
11/04/2021 18:28:42 - INFO - __main__ - Start error-fixing .... Timecode: 43
11/04/2021 18:28:42 - INFO - __main__ - No debugging at all.
11/04/2021 18:28:42 - INFO - __main__ - Start error-fixing .... Done!
11/04/2021 18:28:45 - INFO - __main__ - Overall: 0.3494318181818182 from scores=[0.31356534090909094, 0.0, 0.318359375, 0.802734375, 0.3125]
11/04/2021 18:28:45 - INFO - __main__ - --------------------------------------------------
11/04/2021 18:28:45 - INFO - __main__ - Evaluating to get errors .... Timecode: 44
11/04/2021 18:28:50 - INFO - __main__ - Before Error Fixing: {'EM': 0.3125, 'QA-F1': 0.37196472338935577}
11/04/2021 18:28:50 - INFO - __main__ - Found 44 errors.
11/04/2021 18:28:50 - INFO - __main__ - Start error-fixing .... Timecode: 44
11/04/2021 18:28:50 - INFO - __main__ - No debugging at all.
11/04/2021 18:28:50 - INFO - __main__ - Start error-fixing .... Done!
11/04/2021 18:28:54 - INFO - __main__ - Overall: 0.34942708333333333 from scores=[0.3135416666666667, 0.0, 0.318359375, 0.802734375, 0.3125]
11/04/2021 18:28:54 - INFO - __main__ - --------------------------------------------------
11/04/2021 18:28:54 - INFO - __main__ - Start eval_knowledge_retention for UKR @ Timecode=45
11/04/2021 18:29:16 - INFO - __main__ - Upstream Knowledge Retation (UKR@45): 0.8027
11/04/2021 18:29:17 - INFO - __main__ - Start eval_knowledge_retention for OKR @ Timecode=45
11/04/2021 18:29:55 - INFO - __main__ - Online Knowledge Retation (OKR@45): 0.2949
11/04/2021 18:29:55 - INFO - __main__ - Evaluating to get errors .... Timecode: 45
11/04/2021 18:29:59 - INFO - __main__ - Before Error Fixing: {'EM': 0.34375, 'QA-F1': 0.3914208187645688}
11/04/2021 18:29:59 - INFO - __main__ - Found 42 errors.
11/04/2021 18:29:59 - INFO - __main__ - Start error-fixing .... Timecode: 45
11/04/2021 18:29:59 - INFO - __main__ - No debugging at all.
11/04/2021 18:29:59 - INFO - __main__ - Start error-fixing .... Done!
11/04/2021 18:30:02 - INFO - __main__ - Overall: 0.34487092391304347 from scores=[0.3141983695652174, 0.0, 0.294921875, 0.802734375, 0.3125]
11/04/2021 18:30:02 - INFO - __main__ - --------------------------------------------------
11/04/2021 18:30:02 - INFO - __main__ - Evaluating to get errors .... Timecode: 46
11/04/2021 18:30:06 - INFO - __main__ - Before Error Fixing: {'EM': 0.359375, 'QA-F1': 0.395819904666412}
11/04/2021 18:30:06 - INFO - __main__ - Found 41 errors.
11/04/2021 18:30:07 - INFO - __main__ - Start error-fixing .... Timecode: 46
11/04/2021 18:30:07 - INFO - __main__ - No debugging at all.
11/04/2021 18:30:07 - INFO - __main__ - Start error-fixing .... Done!
11/04/2021 18:30:10 - INFO - __main__ - Overall: 0.345063164893617 from scores=[0.31515957446808507, 0.0, 0.294921875, 0.802734375, 0.3125]
11/04/2021 18:30:10 - INFO - __main__ - --------------------------------------------------
11/04/2021 18:30:10 - INFO - __main__ - Evaluating to get errors .... Timecode: 47
11/04/2021 18:30:14 - INFO - __main__ - Before Error Fixing: {'EM': 0.3125, 'QA-F1': 0.3810025477994228}
11/04/2021 18:30:14 - INFO - __main__ - Found 44 errors.
11/04/2021 18:30:14 - INFO - __main__ - Start error-fixing .... Timecode: 47
11/04/2021 18:30:14 - INFO - __main__ - No debugging at all.
11/04/2021 18:30:14 - INFO - __main__ - Start error-fixing .... Done!
11/04/2021 18:30:17 - INFO - __main__ - Overall: 0.3450520833333333 from scores=[0.31510416666666663, 0.0, 0.294921875, 0.802734375, 0.3125]
11/04/2021 18:30:17 - INFO - __main__ - --------------------------------------------------
11/04/2021 18:30:17 - INFO - __main__ - Evaluating to get errors .... Timecode: 48
11/04/2021 18:30:21 - INFO - __main__ - Before Error Fixing: {'EM': 0.34375, 'QA-F1': 0.4202770921888569}
11/04/2021 18:30:21 - INFO - __main__ - Found 42 errors.
11/04/2021 18:30:22 - INFO - __main__ - Start error-fixing .... Timecode: 48
11/04/2021 18:30:22 - INFO - __main__ - No debugging at all.
11/04/2021 18:30:22 - INFO - __main__ - Start error-fixing .... Done!
11/04/2021 18:30:25 - INFO - __main__ - Overall: 0.34516900510204085 from scores=[0.31568877551020413, 0.0, 0.294921875, 0.802734375, 0.3125]
11/04/2021 18:30:25 - INFO - __main__ - --------------------------------------------------
11/04/2021 18:30:25 - INFO - __main__ - Evaluating to get errors .... Timecode: 49
11/04/2021 18:30:29 - INFO - __main__ - Before Error Fixing: {'EM': 0.3125, 'QA-F1': 0.36880897288985526}
11/04/2021 18:30:29 - INFO - __main__ - Found 44 errors.
11/04/2021 18:30:29 - INFO - __main__ - Start error-fixing .... Timecode: 49
11/04/2021 18:30:29 - INFO - __main__ - No debugging at all.
11/04/2021 18:30:29 - INFO - __main__ - Start error-fixing .... Done!
11/04/2021 18:30:32 - INFO - __main__ - Overall: 0.34515625 from scores=[0.31562500000000004, 0.0, 0.294921875, 0.802734375, 0.3125]
11/04/2021 18:30:32 - INFO - __main__ - --------------------------------------------------
11/04/2021 18:30:32 - INFO - __main__ - Start eval_knowledge_retention for UKR @ Timecode=50
11/04/2021 18:30:54 - INFO - __main__ - Upstream Knowledge Retation (UKR@50): 0.8027
11/04/2021 18:30:55 - INFO - __main__ - Start eval_knowledge_retention for OKR @ Timecode=50
11/04/2021 18:31:33 - INFO - __main__ - Online Knowledge Retation (OKR@50): 0.3242
11/04/2021 18:31:33 - INFO - __main__ - Start eval_knowledge_generalization for KG @ Timecode=50
11/04/2021 18:33:01 - INFO - __main__ - Future Knowledge Generalization (KG@50): 0.3125
11/04/2021 18:33:01 - INFO - __main__ - Evaluating to get errors .... Timecode: 50
11/04/2021 18:33:06 - INFO - __main__ - Before Error Fixing: {'EM': 0.4375, 'QA-F1': 0.496692479835888}
11/04/2021 18:33:06 - INFO - __main__ - Found 36 errors.
11/04/2021 18:33:06 - INFO - __main__ - Start error-fixing .... Timecode: 50
11/04/2021 18:33:06 - INFO - __main__ - No debugging at all.
11/04/2021 18:33:06 - INFO - __main__ - Start error-fixing .... Done!
11/04/2021 18:33:09 - INFO - __main__ - Overall: 0.35149356617647054 from scores=[0.3180147058823529, 0.0, 0.32421875, 0.802734375, 0.3125]
11/04/2021 18:33:11 - INFO - __main__ - Model saved to experiments/ckpt_dirs/qa/nonecl/model_ckpt_050.pt.
11/04/2021 18:33:11 - INFO - __main__ - Updated result feule: experiments/results/qa/QA_nonecl_T=100,b=64,alpha=0,beta=0.7,gamma=0.5_result.json at Timecode: 50.
11/04/2021 18:33:11 - INFO - __main__ - --------------------------------------------------
11/04/2021 18:33:11 - INFO - __main__ - Evaluating to get errors .... Timecode: 51
11/04/2021 18:33:16 - INFO - __main__ - Before Error Fixing: {'EM': 0.34375, 'QA-F1': 0.39595154228127266}
11/04/2021 18:33:16 - INFO - __main__ - Found 42 errors.
11/04/2021 18:33:16 - INFO - __main__ - Start error-fixing .... Timecode: 51
11/04/2021 18:33:16 - INFO - __main__ - No debugging at all.
11/04/2021 18:33:16 - INFO - __main__ - Start error-fixing .... Done!
11/04/2021 18:33:20 - INFO - __main__ - Overall: 0.3515925480769231 from scores=[0.3185096153846154, 0.0, 0.32421875, 0.802734375, 0.3125]
11/04/2021 18:33:20 - INFO - __main__ - --------------------------------------------------
11/04/2021 18:33:20 - INFO - __main__ - Evaluating to get errors .... Timecode: 52
11/04/2021 18:33:25 - INFO - __main__ - Before Error Fixing: {'EM': 0.328125, 'QA-F1': 0.3959892335673586}
11/04/2021 18:33:25 - INFO - __main__ - Found 43 errors.
11/04/2021 18:33:25 - INFO - __main__ - Start error-fixing .... Timecode: 52
11/04/2021 18:33:25 - INFO - __main__ - No debugging at all.
11/04/2021 18:33:25 - INFO - __main__ - Start error-fixing .... Done!
11/04/2021 18:33:28 - INFO - __main__ - Overall: 0.3516288325471698 from scores=[0.31869103773584906, 0.0, 0.32421875, 0.802734375, 0.3125]
11/04/2021 18:33:28 - INFO - __main__ - --------------------------------------------------
11/04/2021 18:33:28 - INFO - __main__ - Evaluating to get errors .... Timecode: 53
11/04/2021 18:33:32 - INFO - __main__ - Before Error Fixing: {'EM': 0.234375, 'QA-F1': 0.2937321934305153}
11/04/2021 18:33:32 - INFO - __main__ - Found 49 errors.
11/04/2021 18:33:33 - INFO - __main__ - Start error-fixing .... Timecode: 53
11/04/2021 18:33:33 - INFO - __main__ - No debugging at all.
11/04/2021 18:33:33 - INFO - __main__ - Start error-fixing .... Done!
11/04/2021 18:33:36 - INFO - __main__ - Overall: 0.35131655092592595 from scores=[0.31712962962962965, 0.0, 0.32421875, 0.802734375, 0.3125]
11/04/2021 18:33:36 - INFO - __main__ - --------------------------------------------------
11/04/2021 18:33:36 - INFO - __main__ - Evaluating to get errors .... Timecode: 54
11/04/2021 18:33:41 - INFO - __main__ - Before Error Fixing: {'EM': 0.25, 'QA-F1': 0.30882875502243234}
11/04/2021 18:33:41 - INFO - __main__ - Found 48 errors.
11/04/2021 18:33:42 - INFO - __main__ - Start error-fixing .... Timecode: 54
11/04/2021 18:33:42 - INFO - __main__ - No debugging at all.
11/04/2021 18:33:42 - INFO - __main__ - Start error-fixing .... Done!
11/04/2021 18:33:46 - INFO - __main__ - Overall: 0.3510724431818182 from scores=[0.3159090909090909, 0.0, 0.32421875, 0.802734375, 0.3125]
11/04/2021 18:33:46 - INFO - __main__ - --------------------------------------------------
11/04/2021 18:33:46 - INFO - __main__ - Start eval_knowledge_retention for UKR @ Timecode=55
11/04/2021 18:34:08 - INFO - __main__ - Upstream Knowledge Retation (UKR@55): 0.8027
11/04/2021 18:34:09 - INFO - __main__ - Start eval_knowledge_retention for OKR @ Timecode=55
11/04/2021 18:34:48 - INFO - __main__ - Online Knowledge Retation (OKR@55): 0.3203
11/04/2021 18:34:48 - INFO - __main__ - Evaluating to get errors .... Timecode: 55
11/04/2021 18:34:53 - INFO - __main__ - Before Error Fixing: {'EM': 0.4375, 'QA-F1': 0.49025382722533456}
11/04/2021 18:34:53 - INFO - __main__ - Found 36 errors.
11/04/2021 18:34:53 - INFO - __main__ - Start error-fixing .... Timecode: 55
11/04/2021 18:34:53 - INFO - __main__ - No debugging at all.
11/04/2021 18:34:53 - INFO - __main__ - Start error-fixing .... Done!
11/04/2021 18:34:56 - INFO - __main__ - Overall: 0.35072544642857145 from scores=[0.3180803571428571, 0.0, 0.3203125, 0.802734375, 0.3125]
11/04/2021 18:34:56 - INFO - __main__ - --------------------------------------------------
11/04/2021 18:34:56 - INFO - __main__ - Evaluating to get errors .... Timecode: 56
11/04/2021 18:35:01 - INFO - __main__ - Before Error Fixing: {'EM': 0.203125, 'QA-F1': 0.28999628199028354}
11/04/2021 18:35:01 - INFO - __main__ - Found 51 errors.
11/04/2021 18:35:01 - INFO - __main__ - Start error-fixing .... Timecode: 56
11/04/2021 18:35:01 - INFO - __main__ - No debugging at all.
11/04/2021 18:35:01 - INFO - __main__ - Start error-fixing .... Done!
11/04/2021 18:35:05 - INFO - __main__ - Overall: 0.3503220942982456 from scores=[0.31606359649122806, 0.0, 0.3203125, 0.802734375, 0.3125]
11/04/2021 18:35:05 - INFO - __main__ - --------------------------------------------------
11/04/2021 18:35:05 - INFO - __main__ - Evaluating to get errors .... Timecode: 57
11/04/2021 18:35:09 - INFO - __main__ - Before Error Fixing: {'EM': 0.421875, 'QA-F1': 0.48427987520258936}
11/04/2021 18:35:09 - INFO - __main__ - Found 37 errors.
11/04/2021 18:35:10 - INFO - __main__ - Start error-fixing .... Timecode: 57
11/04/2021 18:35:10 - INFO - __main__ - No debugging at all.
11/04/2021 18:35:10 - INFO - __main__ - Start error-fixing .... Done!
11/04/2021 18:35:12 - INFO - __main__ - Overall: 0.3506869612068965 from scores=[0.31788793103448276, 0.0, 0.3203125, 0.802734375, 0.3125]
11/04/2021 18:35:12 - INFO - __main__ - --------------------------------------------------
11/04/2021 18:35:12 - INFO - __main__ - Evaluating to get errors .... Timecode: 58
11/04/2021 18:35:17 - INFO - __main__ - Before Error Fixing: {'EM': 0.4375, 'QA-F1': 0.49112475832724395}
11/04/2021 18:35:17 - INFO - __main__ - Found 36 errors.
11/04/2021 18:35:18 - INFO - __main__ - Start error-fixing .... Timecode: 58
11/04/2021 18:35:18 - INFO - __main__ - No debugging at all.
11/04/2021 18:35:18 - INFO - __main__ - Start error-fixing .... Done!
11/04/2021 18:35:21 - INFO - __main__ - Overall: 0.3510924258474576 from scores=[0.31991525423728817, 0.0, 0.3203125, 0.802734375, 0.3125]
11/04/2021 18:35:21 - INFO - __main__ - --------------------------------------------------
11/04/2021 18:35:21 - INFO - __main__ - Evaluating to get errors .... Timecode: 59
11/04/2021 18:35:25 - INFO - __main__ - Before Error Fixing: {'EM': 0.375, 'QA-F1': 0.42490079365079364}
11/04/2021 18:35:25 - INFO - __main__ - Found 40 errors.
11/04/2021 18:35:25 - INFO - __main__ - Start error-fixing .... Timecode: 59
11/04/2021 18:35:25 - INFO - __main__ - No debugging at all.
11/04/2021 18:35:25 - INFO - __main__ - Start error-fixing .... Done!
11/04/2021 18:35:29 - INFO - __main__ - Overall: 0.35127604166666665 from scores=[0.3208333333333333, 0.0, 0.3203125, 0.802734375, 0.3125]
11/04/2021 18:35:29 - INFO - __main__ - --------------------------------------------------
11/04/2021 18:35:29 - INFO - __main__ - Start eval_knowledge_retention for UKR @ Timecode=60
11/04/2021 18:35:51 - INFO - __main__ - Upstream Knowledge Retation (UKR@60): 0.8027
11/04/2021 18:35:52 - INFO - __main__ - Start eval_knowledge_retention for OKR @ Timecode=60
11/04/2021 18:36:30 - INFO - __main__ - Online Knowledge Retation (OKR@60): 0.3008
11/04/2021 18:36:30 - INFO - __main__ - Start eval_knowledge_generalization for KG @ Timecode=60
11/04/2021 18:37:58 - INFO - __main__ - Future Knowledge Generalization (KG@60): 0.3125
11/04/2021 18:37:58 - INFO - __main__ - Evaluating to get errors .... Timecode: 60
11/04/2021 18:38:02 - INFO - __main__ - Before Error Fixing: {'EM': 0.234375, 'QA-F1': 0.3258414966365334}
11/04/2021 18:38:02 - INFO - __main__ - Found 49 errors.
11/04/2021 18:38:03 - INFO - __main__ - Start error-fixing .... Timecode: 60
11/04/2021 18:38:03 - INFO - __main__ - No debugging at all.
11/04/2021 18:38:03 - INFO - __main__ - Start error-fixing .... Done!
11/04/2021 18:38:06 - INFO - __main__ - Overall: 0.3470863217213115 from scores=[0.31941598360655743, 0.0, 0.30078125, 0.802734375, 0.3125]
11/04/2021 18:38:08 - INFO - __main__ - Model saved to experiments/ckpt_dirs/qa/nonecl/model_ckpt_060.pt.
11/04/2021 18:38:08 - INFO - __main__ - Updated result feule: experiments/results/qa/QA_nonecl_T=100,b=64,alpha=0,beta=0.7,gamma=0.5_result.json at Timecode: 60.
11/04/2021 18:38:08 - INFO - __main__ - --------------------------------------------------
11/04/2021 18:38:08 - INFO - __main__ - Evaluating to get errors .... Timecode: 61
11/04/2021 18:38:12 - INFO - __main__ - Before Error Fixing: {'EM': 0.34375, 'QA-F1': 0.3944019435425685}
11/04/2021 18:38:12 - INFO - __main__ - Found 42 errors.
11/04/2021 18:38:13 - INFO - __main__ - Start error-fixing .... Timecode: 61
11/04/2021 18:38:13 - INFO - __main__ - No debugging at all.
11/04/2021 18:38:13 - INFO - __main__ - Start error-fixing .... Done!
11/04/2021 18:38:16 - INFO - __main__ - Overall: 0.3471648185483871 from scores=[0.3198084677419355, 0.0, 0.30078125, 0.802734375, 0.3125]
11/04/2021 18:38:16 - INFO - __main__ - --------------------------------------------------
11/04/2021 18:38:16 - INFO - __main__ - Evaluating to get errors .... Timecode: 62
11/04/2021 18:38:20 - INFO - __main__ - Before Error Fixing: {'EM': 0.421875, 'QA-F1': 0.47686147361359155}
11/04/2021 18:38:20 - INFO - __main__ - Found 37 errors.
11/04/2021 18:38:20 - INFO - __main__ - Start error-fixing .... Timecode: 62
11/04/2021 18:38:20 - INFO - __main__ - No debugging at all.
11/04/2021 18:38:20 - INFO - __main__ - Start error-fixing .... Done!
11/04/2021 18:38:23 - INFO - __main__ - Overall: 0.3474888392857143 from scores=[0.3214285714285714, 0.0, 0.30078125, 0.802734375, 0.3125]
11/04/2021 18:38:23 - INFO - __main__ - --------------------------------------------------
11/04/2021 18:38:23 - INFO - __main__ - Evaluating to get errors .... Timecode: 63
11/04/2021 18:38:27 - INFO - __main__ - Before Error Fixing: {'EM': 0.34375, 'QA-F1': 0.4219923305860806}
11/04/2021 18:38:27 - INFO - __main__ - Found 42 errors.
11/04/2021 18:38:28 - INFO - __main__ - Start error-fixing .... Timecode: 63
11/04/2021 18:38:28 - INFO - __main__ - No debugging at all.
11/04/2021 18:38:28 - INFO - __main__ - Start error-fixing .... Done!
11/04/2021 18:38:31 - INFO - __main__ - Overall: 0.34755859375 from scores=[0.32177734375, 0.0, 0.30078125, 0.802734375, 0.3125]
11/04/2021 18:38:31 - INFO - __main__ - --------------------------------------------------
11/04/2021 18:38:31 - INFO - __main__ - Evaluating to get errors .... Timecode: 64
11/04/2021 18:38:35 - INFO - __main__ - Before Error Fixing: {'EM': 0.28125, 'QA-F1': 0.33778951083638586}
11/04/2021 18:38:35 - INFO - __main__ - Found 46 errors.
11/04/2021 18:38:36 - INFO - __main__ - Start error-fixing .... Timecode: 64
11/04/2021 18:38:36 - INFO - __main__ - No debugging at all.
11/04/2021 18:38:36 - INFO - __main__ - Start error-fixing .... Done!
11/04/2021 18:38:39 - INFO - __main__ - Overall: 0.3474338942307692 from scores=[0.3211538461538461, 0.0, 0.30078125, 0.802734375, 0.3125]
11/04/2021 18:38:39 - INFO - __main__ - --------------------------------------------------
11/04/2021 18:38:39 - INFO - __main__ - Start eval_knowledge_retention for UKR @ Timecode=65
11/04/2021 18:39:01 - INFO - __main__ - Upstream Knowledge Retation (UKR@65): 0.8027
11/04/2021 18:39:02 - INFO - __main__ - Start eval_knowledge_retention for OKR @ Timecode=65
11/04/2021 18:39:39 - INFO - __main__ - Online Knowledge Retation (OKR@65): 0.2910
11/04/2021 18:39:39 - INFO - __main__ - Evaluating to get errors .... Timecode: 65
11/04/2021 18:39:44 - INFO - __main__ - Before Error Fixing: {'EM': 0.40625, 'QA-F1': 0.46351686507936507}
11/04/2021 18:39:44 - INFO - __main__ - Found 38 errors.
11/04/2021 18:39:45 - INFO - __main__ - Start error-fixing .... Timecode: 65
11/04/2021 18:39:45 - INFO - __main__ - No debugging at all.
11/04/2021 18:39:45 - INFO - __main__ - Start error-fixing .... Done!
11/04/2021 18:39:48 - INFO - __main__ - Overall: 0.34573863636363633 from scores=[0.32244318181818177, 0.0, 0.291015625, 0.802734375, 0.3125]
11/04/2021 18:39:48 - INFO - __main__ - --------------------------------------------------
11/04/2021 18:39:48 - INFO - __main__ - Evaluating to get errors .... Timecode: 66
11/04/2021 18:39:52 - INFO - __main__ - Before Error Fixing: {'EM': 0.40625, 'QA-F1': 0.43581935833774066}
11/04/2021 18:39:52 - INFO - __main__ - Found 38 errors.
11/04/2021 18:39:52 - INFO - __main__ - Start error-fixing .... Timecode: 66
11/04/2021 18:39:52 - INFO - __main__ - No debugging at all.
11/04/2021 18:39:52 - INFO - __main__ - Start error-fixing .... Done!
11/04/2021 18:39:55 - INFO - __main__ - Overall: 0.34598880597014925 from scores=[0.32369402985074625, 0.0, 0.291015625, 0.802734375, 0.3125]
11/04/2021 18:39:55 - INFO - __main__ - --------------------------------------------------
11/04/2021 18:39:55 - INFO - __main__ - Evaluating to get errors .... Timecode: 67
11/04/2021 18:39:59 - INFO - __main__ - Before Error Fixing: {'EM': 0.375, 'QA-F1': 0.4294101279155627}
11/04/2021 18:39:59 - INFO - __main__ - Found 40 errors.
11/04/2021 18:39:59 - INFO - __main__ - Start error-fixing .... Timecode: 67
11/04/2021 18:39:59 - INFO - __main__ - No debugging at all.
11/04/2021 18:39:59 - INFO - __main__ - Start error-fixing .... Done!
11/04/2021 18:40:02 - INFO - __main__ - Overall: 0.34613970588235293 from scores=[0.3244485294117647, 0.0, 0.291015625, 0.802734375, 0.3125]
11/04/2021 18:40:02 - INFO - __main__ - --------------------------------------------------
11/04/2021 18:40:02 - INFO - __main__ - Evaluating to get errors .... Timecode: 68
11/04/2021 18:40:07 - INFO - __main__ - Before Error Fixing: {'EM': 0.265625, 'QA-F1': 0.3309107832956517}
11/04/2021 18:40:07 - INFO - __main__ - Found 47 errors.
11/04/2021 18:40:07 - INFO - __main__ - Start error-fixing .... Timecode: 68
11/04/2021 18:40:07 - INFO - __main__ - No debugging at all.
11/04/2021 18:40:07 - INFO - __main__ - Start error-fixing .... Done!
11/04/2021 18:40:11 - INFO - __main__ - Overall: 0.3459692028985507 from scores=[0.32359601449275366, 0.0, 0.291015625, 0.802734375, 0.3125]
11/04/2021 18:40:11 - INFO - __main__ - --------------------------------------------------
11/04/2021 18:40:11 - INFO - __main__ - Evaluating to get errors .... Timecode: 69
11/04/2021 18:40:16 - INFO - __main__ - Before Error Fixing: {'EM': 0.390625, 'QA-F1': 0.4315835160818714}
11/04/2021 18:40:16 - INFO - __main__ - Found 39 errors.
11/04/2021 18:40:16 - INFO - __main__ - Start error-fixing .... Timecode: 69
11/04/2021 18:40:16 - INFO - __main__ - No debugging at all.
11/04/2021 18:40:16 - INFO - __main__ - Start error-fixing .... Done!
11/04/2021 18:40:19 - INFO - __main__ - Overall: 0.34616071428571427 from scores=[0.32455357142857144, 0.0, 0.291015625, 0.802734375, 0.3125]
11/04/2021 18:40:19 - INFO - __main__ - --------------------------------------------------
11/04/2021 18:40:19 - INFO - __main__ - Start eval_knowledge_retention for UKR @ Timecode=70
11/04/2021 18:40:41 - INFO - __main__ - Upstream Knowledge Retation (UKR@70): 0.8027
11/04/2021 18:40:42 - INFO - __main__ - Start eval_knowledge_retention for OKR @ Timecode=70
11/04/2021 18:41:19 - INFO - __main__ - Online Knowledge Retation (OKR@70): 0.3418
11/04/2021 18:41:19 - INFO - __main__ - Start eval_knowledge_generalization for KG @ Timecode=70
11/04/2021 18:42:45 - INFO - __main__ - Future Knowledge Generalization (KG@70): 0.3125
11/04/2021 18:42:45 - INFO - __main__ - Evaluating to get errors .... Timecode: 70
11/04/2021 18:42:49 - INFO - __main__ - Before Error Fixing: {'EM': 0.328125, 'QA-F1': 0.38433971401432987}
11/04/2021 18:42:49 - INFO - __main__ - Found 43 errors.
11/04/2021 18:42:50 - INFO - __main__ - Start error-fixing .... Timecode: 70
11/04/2021 18:42:50 - INFO - __main__ - No debugging at all.
11/04/2021 18:42:50 - INFO - __main__ - Start error-fixing .... Done!
11/04/2021 18:42:53 - INFO - __main__ - Overall: 0.3563270246478873 from scores=[0.3246038732394366, 0.0, 0.341796875, 0.802734375, 0.3125]
11/04/2021 18:42:54 - INFO - __main__ - Model saved to experiments/ckpt_dirs/qa/nonecl/model_ckpt_070.pt.
11/04/2021 18:42:55 - INFO - __main__ - Updated result feule: experiments/results/qa/QA_nonecl_T=100,b=64,alpha=0,beta=0.7,gamma=0.5_result.json at Timecode: 70.
11/04/2021 18:42:55 - INFO - __main__ - --------------------------------------------------
11/04/2021 18:42:55 - INFO - __main__ - Evaluating to get errors .... Timecode: 71
11/04/2021 18:42:59 - INFO - __main__ - Before Error Fixing: {'EM': 0.40625, 'QA-F1': 0.4734781246330159}
11/04/2021 18:42:59 - INFO - __main__ - Found 38 errors.
11/04/2021 18:43:00 - INFO - __main__ - Start error-fixing .... Timecode: 71
11/04/2021 18:43:00 - INFO - __main__ - No debugging at all.
11/04/2021 18:43:00 - INFO - __main__ - Start error-fixing .... Done!
11/04/2021 18:43:03 - INFO - __main__ - Overall: 0.3565538194444445 from scores=[0.3257378472222222, 0.0, 0.341796875, 0.802734375, 0.3125]
11/04/2021 18:43:03 - INFO - __main__ - --------------------------------------------------
11/04/2021 18:43:03 - INFO - __main__ - Evaluating to get errors .... Timecode: 72
11/04/2021 18:43:08 - INFO - __main__ - Before Error Fixing: {'EM': 0.359375, 'QA-F1': 0.45491270693376673}
11/04/2021 18:43:08 - INFO - __main__ - Found 41 errors.
11/04/2021 18:43:08 - INFO - __main__ - Start error-fixing .... Timecode: 72
11/04/2021 18:43:08 - INFO - __main__ - No debugging at all.
11/04/2021 18:43:08 - INFO - __main__ - Start error-fixing .... Done!
11/04/2021 18:43:11 - INFO - __main__ - Overall: 0.3566459760273973 from scores=[0.32619863013698636, 0.0, 0.341796875, 0.802734375, 0.3125]
11/04/2021 18:43:11 - INFO - __main__ - --------------------------------------------------
11/04/2021 18:43:11 - INFO - __main__ - Evaluating to get errors .... Timecode: 73
11/04/2021 18:43:15 - INFO - __main__ - Before Error Fixing: {'EM': 0.5, 'QA-F1': 0.5579664820473644}
11/04/2021 18:43:15 - INFO - __main__ - Found 32 errors.
11/04/2021 18:43:15 - INFO - __main__ - Start error-fixing .... Timecode: 73
11/04/2021 18:43:15 - INFO - __main__ - No debugging at all.
11/04/2021 18:43:15 - INFO - __main__ - Start error-fixing .... Done!
11/04/2021 18:43:18 - INFO - __main__ - Overall: 0.3571157094594595 from scores=[0.32854729729729726, 0.0, 0.341796875, 0.802734375, 0.3125]
11/04/2021 18:43:18 - INFO - __main__ - --------------------------------------------------
11/04/2021 18:43:18 - INFO - __main__ - Evaluating to get errors .... Timecode: 74
11/04/2021 18:43:23 - INFO - __main__ - Before Error Fixing: {'EM': 0.421875, 'QA-F1': 0.49336032890720394}
11/04/2021 18:43:23 - INFO - __main__ - Found 37 errors.
11/04/2021 18:43:23 - INFO - __main__ - Start error-fixing .... Timecode: 74
11/04/2021 18:43:23 - INFO - __main__ - No debugging at all.
11/04/2021 18:43:23 - INFO - __main__ - Start error-fixing .... Done!
11/04/2021 18:43:26 - INFO - __main__ - Overall: 0.3573645833333333 from scores=[0.3297916666666667, 0.0, 0.341796875, 0.802734375, 0.3125]
11/04/2021 18:43:26 - INFO - __main__ - --------------------------------------------------
11/04/2021 18:43:26 - INFO - __main__ - Start eval_knowledge_retention for UKR @ Timecode=75
11/04/2021 18:43:47 - INFO - __main__ - Upstream Knowledge Retation (UKR@75): 0.8027
11/04/2021 18:43:48 - INFO - __main__ - Start eval_knowledge_retention for OKR @ Timecode=75
11/04/2021 18:44:26 - INFO - __main__ - Online Knowledge Retation (OKR@75): 0.3457
11/04/2021 18:44:26 - INFO - __main__ - Evaluating to get errors .... Timecode: 75
11/04/2021 18:44:30 - INFO - __main__ - Before Error Fixing: {'EM': 0.4375, 'QA-F1': 0.49309428316781256}
11/04/2021 18:44:30 - INFO - __main__ - Found 36 errors.
11/04/2021 18:44:30 - INFO - __main__ - Start error-fixing .... Timecode: 75
11/04/2021 18:44:30 - INFO - __main__ - No debugging at all.
11/04/2021 18:44:30 - INFO - __main__ - Start error-fixing .... Done!
11/04/2021 18:44:32 - INFO - __main__ - Overall: 0.35842927631578947 from scores=[0.33120888157894735, 0.0, 0.345703125, 0.802734375, 0.3125]
11/04/2021 18:44:32 - INFO - __main__ - --------------------------------------------------
11/04/2021 18:44:32 - INFO - __main__ - Evaluating to get errors .... Timecode: 76
11/04/2021 18:44:37 - INFO - __main__ - Before Error Fixing: {'EM': 0.453125, 'QA-F1': 0.49603906639026607}
11/04/2021 18:44:37 - INFO - __main__ - Found 35 errors.
11/04/2021 18:44:37 - INFO - __main__ - Start error-fixing .... Timecode: 76
11/04/2021 18:44:37 - INFO - __main__ - No debugging at all.
11/04/2021 18:44:37 - INFO - __main__ - Start error-fixing .... Done!
11/04/2021 18:44:40 - INFO - __main__ - Overall: 0.3587459415584416 from scores=[0.33279220779220775, 0.0, 0.345703125, 0.802734375, 0.3125]
11/04/2021 18:44:40 - INFO - __main__ - --------------------------------------------------
11/04/2021 18:44:40 - INFO - __main__ - Evaluating to get errors .... Timecode: 77
11/04/2021 18:44:45 - INFO - __main__ - Before Error Fixing: {'EM': 0.390625, 'QA-F1': 0.46601776921749755}
11/04/2021 18:44:45 - INFO - __main__ - Found 39 errors.
11/04/2021 18:44:45 - INFO - __main__ - Start error-fixing .... Timecode: 77
11/04/2021 18:44:45 - INFO - __main__ - No debugging at all.
11/04/2021 18:44:45 - INFO - __main__ - Start error-fixing .... Done!
11/04/2021 18:44:47 - INFO - __main__ - Overall: 0.35889423076923077 from scores=[0.33353365384615385, 0.0, 0.345703125, 0.802734375, 0.3125]
11/04/2021 18:44:47 - INFO - __main__ - --------------------------------------------------
11/04/2021 18:44:47 - INFO - __main__ - Evaluating to get errors .... Timecode: 78
11/04/2021 18:44:52 - INFO - __main__ - Before Error Fixing: {'EM': 0.59375, 'QA-F1': 0.6208449074074074}
11/04/2021 18:44:52 - INFO - __main__ - Found 26 errors.
11/04/2021 18:44:52 - INFO - __main__ - Start error-fixing .... Timecode: 78
11/04/2021 18:44:52 - INFO - __main__ - No debugging at all.
11/04/2021 18:44:52 - INFO - __main__ - Start error-fixing .... Done!
11/04/2021 18:44:55 - INFO - __main__ - Overall: 0.35955300632911397 from scores=[0.33682753164556967, 0.0, 0.345703125, 0.802734375, 0.3125]
11/04/2021 18:44:55 - INFO - __main__ - --------------------------------------------------
11/04/2021 18:44:55 - INFO - __main__ - Evaluating to get errors .... Timecode: 79
11/04/2021 18:44:59 - INFO - __main__ - Before Error Fixing: {'EM': 0.359375, 'QA-F1': 0.4060830662393163}
11/04/2021 18:44:59 - INFO - __main__ - Found 41 errors.
11/04/2021 18:44:59 - INFO - __main__ - Start error-fixing .... Timecode: 79
11/04/2021 18:44:59 - INFO - __main__ - No debugging at all.
11/04/2021 18:44:59 - INFO - __main__ - Start error-fixing .... Done!
11/04/2021 18:45:02 - INFO - __main__ - Overall: 0.359609375 from scores=[0.33710937500000004, 0.0, 0.345703125, 0.802734375, 0.3125]
11/04/2021 18:45:02 - INFO - __main__ - --------------------------------------------------
11/04/2021 18:45:02 - INFO - __main__ - Start eval_knowledge_retention for UKR @ Timecode=80
11/04/2021 18:45:23 - INFO - __main__ - Upstream Knowledge Retation (UKR@80): 0.8027
11/04/2021 18:45:25 - INFO - __main__ - Start eval_knowledge_retention for OKR @ Timecode=80
11/04/2021 18:46:02 - INFO - __main__ - Online Knowledge Retation (OKR@80): 0.3398
11/04/2021 18:46:02 - INFO - __main__ - Start eval_knowledge_generalization for KG @ Timecode=80
11/04/2021 18:47:28 - INFO - __main__ - Future Knowledge Generalization (KG@80): 0.3125
11/04/2021 18:47:28 - INFO - __main__ - Evaluating to get errors .... Timecode: 80
11/04/2021 18:47:33 - INFO - __main__ - Before Error Fixing: {'EM': 0.296875, 'QA-F1': 0.3522399475524476}
11/04/2021 18:47:33 - INFO - __main__ - Found 45 errors.
11/04/2021 18:47:33 - INFO - __main__ - Start error-fixing .... Timecode: 80
11/04/2021 18:47:33 - INFO - __main__ - No debugging at all.
11/04/2021 18:47:33 - INFO - __main__ - Start error-fixing .... Done!
11/04/2021 18:47:37 - INFO - __main__ - Overall: 0.35833815586419754 from scores=[0.33661265432098764, 0.0, 0.33984375, 0.802734375, 0.3125]
11/04/2021 18:47:39 - INFO - __main__ - Model saved to experiments/ckpt_dirs/qa/nonecl/model_ckpt_080.pt.
11/04/2021 18:47:39 - INFO - __main__ - Updated result feule: experiments/results/qa/QA_nonecl_T=100,b=64,alpha=0,beta=0.7,gamma=0.5_result.json at Timecode: 80.
11/04/2021 18:47:39 - INFO - __main__ - --------------------------------------------------
11/04/2021 18:47:39 - INFO - __main__ - Evaluating to get errors .... Timecode: 81
11/04/2021 18:47:43 - INFO - __main__ - Before Error Fixing: {'EM': 0.359375, 'QA-F1': 0.4146459505276469}
11/04/2021 18:47:43 - INFO - __main__ - Found 41 errors.
11/04/2021 18:47:44 - INFO - __main__ - Start error-fixing .... Timecode: 81
11/04/2021 18:47:44 - INFO - __main__ - No debugging at all.
11/04/2021 18:47:44 - INFO - __main__ - Start error-fixing .... Done!
11/04/2021 18:47:47 - INFO - __main__ - Overall: 0.3583936737804878 from scores=[0.33689024390243905, 0.0, 0.33984375, 0.802734375, 0.3125]
11/04/2021 18:47:47 - INFO - __main__ - --------------------------------------------------
11/04/2021 18:47:47 - INFO - __main__ - Evaluating to get errors .... Timecode: 82
11/04/2021 18:47:51 - INFO - __main__ - Before Error Fixing: {'EM': 0.375, 'QA-F1': 0.4184252060074428}
11/04/2021 18:47:51 - INFO - __main__ - Found 40 errors.
11/04/2021 18:47:51 - INFO - __main__ - Start error-fixing .... Timecode: 82
11/04/2021 18:47:51 - INFO - __main__ - No debugging at all.
11/04/2021 18:47:51 - INFO - __main__ - Start error-fixing .... Done!
11/04/2021 18:47:54 - INFO - __main__ - Overall: 0.35848550451807226 from scores=[0.3373493975903614, 0.0, 0.33984375, 0.802734375, 0.3125]
11/04/2021 18:47:54 - INFO - __main__ - --------------------------------------------------
11/04/2021 18:47:54 - INFO - __main__ - Evaluating to get errors .... Timecode: 83
11/04/2021 18:47:59 - INFO - __main__ - Before Error Fixing: {'EM': 0.359375, 'QA-F1': 0.4164434561513366}
11/04/2021 18:47:59 - INFO - __main__ - Found 41 errors.
11/04/2021 18:47:59 - INFO - __main__ - Start error-fixing .... Timecode: 83
11/04/2021 18:47:59 - INFO - __main__ - No debugging at all.
11/04/2021 18:47:59 - INFO - __main__ - Start error-fixing .... Done!
11/04/2021 18:48:02 - INFO - __main__ - Overall: 0.35853794642857145 from scores=[0.3376116071428571, 0.0, 0.33984375, 0.802734375, 0.3125]
11/04/2021 18:48:02 - INFO - __main__ - --------------------------------------------------
11/04/2021 18:48:02 - INFO - __main__ - Evaluating to get errors .... Timecode: 84
11/04/2021 18:48:07 - INFO - __main__ - Before Error Fixing: {'EM': 0.296875, 'QA-F1': 0.37618339962421565}
11/04/2021 18:48:07 - INFO - __main__ - Found 45 errors.
11/04/2021 18:48:08 - INFO - __main__ - Start error-fixing .... Timecode: 84
11/04/2021 18:48:08 - INFO - __main__ - No debugging at all.
11/04/2021 18:48:08 - INFO - __main__ - Start error-fixing .... Done!
11/04/2021 18:48:11 - INFO - __main__ - Overall: 0.3584420955882353 from scores=[0.3371323529411765, 0.0, 0.33984375, 0.802734375, 0.3125]
11/04/2021 18:48:11 - INFO - __main__ - --------------------------------------------------
11/04/2021 18:48:11 - INFO - __main__ - Start eval_knowledge_retention for UKR @ Timecode=85
11/04/2021 18:48:33 - INFO - __main__ - Upstream Knowledge Retation (UKR@85): 0.8027
11/04/2021 18:48:34 - INFO - __main__ - Start eval_knowledge_retention for OKR @ Timecode=85
11/04/2021 18:49:11 - INFO - __main__ - Online Knowledge Retation (OKR@85): 0.3438
11/04/2021 18:49:11 - INFO - __main__ - Evaluating to get errors .... Timecode: 85
11/04/2021 18:49:16 - INFO - __main__ - Before Error Fixing: {'EM': 0.390625, 'QA-F1': 0.46787516220190434}
11/04/2021 18:49:16 - INFO - __main__ - Found 39 errors.
11/04/2021 18:49:17 - INFO - __main__ - Start error-fixing .... Timecode: 85
11/04/2021 18:49:17 - INFO - __main__ - No debugging at all.
11/04/2021 18:49:17 - INFO - __main__ - Start error-fixing .... Done!
11/04/2021 18:49:20 - INFO - __main__ - Overall: 0.35934774709302325 from scores=[0.3377543604651163, 0.0, 0.34375, 0.802734375, 0.3125]
11/04/2021 18:49:20 - INFO - __main__ - --------------------------------------------------
11/04/2021 18:49:20 - INFO - __main__ - Evaluating to get errors .... Timecode: 86
11/04/2021 18:49:24 - INFO - __main__ - Before Error Fixing: {'EM': 0.5625, 'QA-F1': 0.6015822285353535}
11/04/2021 18:49:24 - INFO - __main__ - Found 28 errors.
11/04/2021 18:49:24 - INFO - __main__ - Start error-fixing .... Timecode: 86
11/04/2021 18:49:24 - INFO - __main__ - No debugging at all.
11/04/2021 18:49:24 - INFO - __main__ - Start error-fixing .... Done!
11/04/2021 18:49:26 - INFO - __main__ - Overall: 0.35986440373563217 from scores=[0.3403376436781609, 0.0, 0.34375, 0.802734375, 0.3125]
11/04/2021 18:49:26 - INFO - __main__ - --------------------------------------------------
11/04/2021 18:49:26 - INFO - __main__ - Evaluating to get errors .... Timecode: 87
11/04/2021 18:49:31 - INFO - __main__ - Before Error Fixing: {'EM': 0.34375, 'QA-F1': 0.4140777191558442}
11/04/2021 18:49:31 - INFO - __main__ - Found 42 errors.
11/04/2021 18:49:31 - INFO - __main__ - Start error-fixing .... Timecode: 87
11/04/2021 18:49:31 - INFO - __main__ - No debugging at all.
11/04/2021 18:49:31 - INFO - __main__ - Start error-fixing .... Done!
11/04/2021 18:49:34 - INFO - __main__ - Overall: 0.3598721590909091 from scores=[0.3403764204545454, 0.0, 0.34375, 0.802734375, 0.3125]
11/04/2021 18:49:34 - INFO - __main__ - --------------------------------------------------
11/04/2021 18:49:34 - INFO - __main__ - Evaluating to get errors .... Timecode: 88
11/04/2021 18:49:39 - INFO - __main__ - Before Error Fixing: {'EM': 0.15625, 'QA-F1': 0.22173918322016148}
11/04/2021 18:49:39 - INFO - __main__ - Found 54 errors.
11/04/2021 18:49:39 - INFO - __main__ - Start error-fixing .... Timecode: 88
11/04/2021 18:49:39 - INFO - __main__ - No debugging at all.
11/04/2021 18:49:39 - INFO - __main__ - Start error-fixing .... Done!
11/04/2021 18:49:43 - INFO - __main__ - Overall: 0.3594583918539326 from scores=[0.3383075842696629, 0.0, 0.34375, 0.802734375, 0.3125]
11/04/2021 18:49:43 - INFO - __main__ - --------------------------------------------------
11/04/2021 18:49:43 - INFO - __main__ - Evaluating to get errors .... Timecode: 89
11/04/2021 18:49:48 - INFO - __main__ - Before Error Fixing: {'EM': 0.1875, 'QA-F1': 0.24184986463914482}
11/04/2021 18:49:48 - INFO - __main__ - Found 52 errors.
11/04/2021 18:49:48 - INFO - __main__ - Start error-fixing .... Timecode: 89
11/04/2021 18:49:48 - INFO - __main__ - No debugging at all.
11/04/2021 18:49:48 - INFO - __main__ - Start error-fixing .... Done!
11/04/2021 18:49:52 - INFO - __main__ - Overall: 0.35912326388888893 from scores=[0.33663194444444444, 0.0, 0.34375, 0.802734375, 0.3125]
11/04/2021 18:49:52 - INFO - __main__ - --------------------------------------------------
11/04/2021 18:49:52 - INFO - __main__ - Start eval_knowledge_retention for UKR @ Timecode=90
11/04/2021 18:50:15 - INFO - __main__ - Upstream Knowledge Retation (UKR@90): 0.8027
11/04/2021 18:50:16 - INFO - __main__ - Start eval_knowledge_retention for OKR @ Timecode=90
11/04/2021 18:50:54 - INFO - __main__ - Online Knowledge Retation (OKR@90): 0.3418
11/04/2021 18:50:54 - INFO - __main__ - Start eval_knowledge_generalization for KG @ Timecode=90
11/04/2021 18:52:22 - INFO - __main__ - Future Knowledge Generalization (KG@90): 0.3125
11/04/2021 18:52:22 - INFO - __main__ - Evaluating to get errors .... Timecode: 90
11/04/2021 18:52:26 - INFO - __main__ - Before Error Fixing: {'EM': 0.1875, 'QA-F1': 0.23717937155437155}
11/04/2021 18:52:26 - INFO - __main__ - Found 52 errors.
11/04/2021 18:52:27 - INFO - __main__ - Start error-fixing .... Timecode: 90
11/04/2021 18:52:27 - INFO - __main__ - No debugging at all.
11/04/2021 18:52:27 - INFO - __main__ - Start error-fixing .... Done!
11/04/2021 18:52:30 - INFO - __main__ - Overall: 0.3584048763736264 from scores=[0.33499313186813184, 0.0, 0.341796875, 0.802734375, 0.3125]
11/04/2021 18:52:32 - INFO - __main__ - Model saved to experiments/ckpt_dirs/qa/nonecl/model_ckpt_090.pt.
11/04/2021 18:52:32 - INFO - __main__ - Updated result feule: experiments/results/qa/QA_nonecl_T=100,b=64,alpha=0,beta=0.7,gamma=0.5_result.json at Timecode: 90.
11/04/2021 18:52:32 - INFO - __main__ - --------------------------------------------------
11/04/2021 18:52:32 - INFO - __main__ - Evaluating to get errors .... Timecode: 91
11/04/2021 18:52:37 - INFO - __main__ - Before Error Fixing: {'EM': 0.375, 'QA-F1': 0.4270021264197545}
11/04/2021 18:52:37 - INFO - __main__ - Found 40 errors.
11/04/2021 18:52:37 - INFO - __main__ - Start error-fixing .... Timecode: 91
11/04/2021 18:52:37 - INFO - __main__ - No debugging at all.
11/04/2021 18:52:37 - INFO - __main__ - Start error-fixing .... Done!
11/04/2021 18:52:40 - INFO - __main__ - Overall: 0.35849184782608695 from scores=[0.3354279891304348, 0.0, 0.341796875, 0.802734375, 0.3125]
11/04/2021 18:52:40 - INFO - __main__ - --------------------------------------------------
11/04/2021 18:52:40 - INFO - __main__ - Evaluating to get errors .... Timecode: 92
11/04/2021 18:52:45 - INFO - __main__ - Before Error Fixing: {'EM': 0.453125, 'QA-F1': 0.4814398389439508}
11/04/2021 18:52:45 - INFO - __main__ - Found 35 errors.
11/04/2021 18:52:45 - INFO - __main__ - Start error-fixing .... Timecode: 92
11/04/2021 18:52:45 - INFO - __main__ - No debugging at all.
11/04/2021 18:52:45 - INFO - __main__ - Start error-fixing .... Done!
11/04/2021 18:52:47 - INFO - __main__ - Overall: 0.3587449596774194 from scores=[0.33669354838709675, 0.0, 0.341796875, 0.802734375, 0.3125]
11/04/2021 18:52:47 - INFO - __main__ - --------------------------------------------------
11/04/2021 18:52:47 - INFO - __main__ - Evaluating to get errors .... Timecode: 93
11/04/2021 18:52:52 - INFO - __main__ - Before Error Fixing: {'EM': 0.328125, 'QA-F1': 0.4141135952487055}
11/04/2021 18:52:52 - INFO - __main__ - Found 43 errors.
11/04/2021 18:52:52 - INFO - __main__ - Start error-fixing .... Timecode: 93
11/04/2021 18:52:52 - INFO - __main__ - No debugging at all.
11/04/2021 18:52:52 - INFO - __main__ - Start error-fixing .... Done!
11/04/2021 18:52:55 - INFO - __main__ - Overall: 0.3587267287234043 from scores=[0.33660239361702127, 0.0, 0.341796875, 0.802734375, 0.3125]
11/04/2021 18:52:55 - INFO - __main__ - --------------------------------------------------
11/04/2021 18:52:55 - INFO - __main__ - Evaluating to get errors .... Timecode: 94
11/04/2021 18:52:59 - INFO - __main__ - Before Error Fixing: {'EM': 0.4375, 'QA-F1': 0.4809751547175942}
11/04/2021 18:52:59 - INFO - __main__ - Found 36 errors.
11/04/2021 18:53:00 - INFO - __main__ - Start error-fixing .... Timecode: 94
11/04/2021 18:53:00 - INFO - __main__ - No debugging at all.
11/04/2021 18:53:00 - INFO - __main__ - Start error-fixing .... Done!
11/04/2021 18:53:02 - INFO - __main__ - Overall: 0.3589391447368421 from scores=[0.3376644736842105, 0.0, 0.341796875, 0.802734375, 0.3125]
11/04/2021 18:53:02 - INFO - __main__ - --------------------------------------------------
11/04/2021 18:53:02 - INFO - __main__ - Start eval_knowledge_retention for UKR @ Timecode=95
11/04/2021 18:53:24 - INFO - __main__ - Upstream Knowledge Retation (UKR@95): 0.8027
11/04/2021 18:53:25 - INFO - __main__ - Start eval_knowledge_retention for OKR @ Timecode=95
11/04/2021 18:53:59 - INFO - __main__ - Online Knowledge Retation (OKR@95): 0.3574
11/04/2021 18:53:59 - INFO - __main__ - Evaluating to get errors .... Timecode: 95
11/04/2021 18:54:04 - INFO - __main__ - Before Error Fixing: {'EM': 0.328125, 'QA-F1': 0.3781146332060612}
11/04/2021 18:54:04 - INFO - __main__ - Found 43 errors.
11/04/2021 18:54:04 - INFO - __main__ - Start error-fixing .... Timecode: 95
11/04/2021 18:54:04 - INFO - __main__ - No debugging at all.
11/04/2021 18:54:04 - INFO - __main__ - Start error-fixing .... Done!
11/04/2021 18:54:07 - INFO - __main__ - Overall: 0.3620442708333333 from scores=[0.33756510416666663, 0.0, 0.357421875, 0.802734375, 0.3125]
11/04/2021 18:54:07 - INFO - __main__ - --------------------------------------------------
11/04/2021 18:54:07 - INFO - __main__ - Evaluating to get errors .... Timecode: 96
11/04/2021 18:54:12 - INFO - __main__ - Before Error Fixing: {'EM': 0.265625, 'QA-F1': 0.358421463358324}
11/04/2021 18:54:12 - INFO - __main__ - Found 47 errors.
11/04/2021 18:54:12 - INFO - __main__ - Start error-fixing .... Timecode: 96
11/04/2021 18:54:12 - INFO - __main__ - No debugging at all.
11/04/2021 18:54:12 - INFO - __main__ - Start error-fixing .... Done!
11/04/2021 18:54:16 - INFO - __main__ - Overall: 0.36189594072164943 from scores=[0.3368234536082474, 0.0, 0.357421875, 0.802734375, 0.3125]
11/04/2021 18:54:16 - INFO - __main__ - --------------------------------------------------
11/04/2021 18:54:16 - INFO - __main__ - Evaluating to get errors .... Timecode: 97
11/04/2021 18:54:20 - INFO - __main__ - Before Error Fixing: {'EM': 0.265625, 'QA-F1': 0.3509165368949134}
11/04/2021 18:54:20 - INFO - __main__ - Found 47 errors.
11/04/2021 18:54:21 - INFO - __main__ - Start error-fixing .... Timecode: 97
11/04/2021 18:54:21 - INFO - __main__ - No debugging at all.
11/04/2021 18:54:21 - INFO - __main__ - Start error-fixing .... Done!
11/04/2021 18:54:24 - INFO - __main__ - Overall: 0.361750637755102 from scores=[0.33609693877551017, 0.0, 0.357421875, 0.802734375, 0.3125]
11/04/2021 18:54:24 - INFO - __main__ - --------------------------------------------------
11/04/2021 18:54:24 - INFO - __main__ - Evaluating to get errors .... Timecode: 98
11/04/2021 18:54:29 - INFO - __main__ - Before Error Fixing: {'EM': 0.359375, 'QA-F1': 0.41799016955266954}
11/04/2021 18:54:29 - INFO - __main__ - Found 41 errors.
11/04/2021 18:54:29 - INFO - __main__ - Start error-fixing .... Timecode: 98
11/04/2021 18:54:29 - INFO - __main__ - No debugging at all.
11/04/2021 18:54:29 - INFO - __main__ - Start error-fixing .... Done!
11/04/2021 18:54:32 - INFO - __main__ - Overall: 0.3617976641414141 from scores=[0.3363320707070707, 0.0, 0.357421875, 0.802734375, 0.3125]
11/04/2021 18:54:32 - INFO - __main__ - --------------------------------------------------
11/04/2021 18:54:32 - INFO - __main__ - Start eval_knowledge_retention for UKR @ Timecode=99
11/04/2021 18:54:54 - INFO - __main__ - Upstream Knowledge Retation (UKR@99): 0.8027
11/04/2021 18:54:55 - INFO - __main__ - Start eval_knowledge_retention for OKR @ Timecode=99
11/04/2021 18:55:32 - INFO - __main__ - Online Knowledge Retation (OKR@99): 0.3730
11/04/2021 18:55:32 - INFO - __main__ - Start eval_knowledge_generalization for KG @ Timecode=99
11/04/2021 18:57:00 - INFO - __main__ - Future Knowledge Generalization (KG@99): 0.3125
11/04/2021 18:57:00 - INFO - __main__ - Evaluating to get errors .... Timecode: 99
11/04/2021 18:57:05 - INFO - __main__ - Before Error Fixing: {'EM': 0.25, 'QA-F1': 0.34695269777397386}
11/04/2021 18:57:05 - INFO - __main__ - Found 48 errors.
11/04/2021 18:57:06 - INFO - __main__ - Start error-fixing .... Timecode: 99
11/04/2021 18:57:06 - INFO - __main__ - No debugging at all.
11/04/2021 18:57:06 - INFO - __main__ - Start error-fixing .... Done!
11/04/2021 18:57:10 - INFO - __main__ - Overall: 0.36475 from scores=[0.33546875, 0.0, 0.373046875, 0.802734375, 0.3125]
11/04/2021 18:57:10 - INFO - __main__ - --------------------------------------------------
11/04/2021 18:57:10 - INFO - __main__ - Start the final evaluation.
11/04/2021 18:57:10 - INFO - __main__ - Nothing here.
11/04/2021 18:57:12 - INFO - __main__ - Model saved to experiments/ckpt_dirs/qa/nonecl/model_ckpt_100.pt.
11/04/2021 18:57:12 - INFO - __main__ - Updated result feule: experiments/results/qa/QA_nonecl_T=100,b=64,alpha=0,beta=0.7,gamma=0.5_result.json at Timecode: 100.
11/04/2021 18:57:12 - INFO - __main__ - Finished. Results saved to experiments/results/qa/QA_nonecl_T=100,b=64,alpha=0,beta=0.7,gamma=0.5_result.json

