
11/08/2021 01:02:31 - INFO - __main__ - Namespace(adam_epsilon=1e-08, adapter_dim=32, append_another_bos=1, base_model_path='out/mrqa_squad_bart-base_1029_upstream_model//best-model.pt', base_model_type='facebook/bart-base', ckpt_dir='experiments/ckpt_dirs/qa/er/QA_simplecl_lr=5e-5_ep=5_T=100,b=64,alpha=0.9,beta=0.5,gamma=0.8', cl_method_name='simple_cl', current_thread_id=None, do_lowercase=False, ewc_gamma=1, ewc_lambda=0.5, example_encoder_name='roberta-base', freeze_embeds=False, gradient_accumulation_steps=1, heldout_submission_data='experiments/eval_data/qa/heldout_eval.jsonl', index_rank_method='most_similar', indexing_args_path='exp_results/supervision_data/1012_dm_simple.train_args.json', indexing_method='bart_index', inference_query_size=1, init_memory_cache_path='bug_data/memory_key_cache.pkl', kg_eval_freq=10, kg_eval_mode='metric', kr_eval_freq=10, kr_eval_mode='metric', learning_rate=5e-05, local_adapt_lr=1e-05, max_grad_norm=0.1, max_input_length=888, max_output_length=50, max_timecode=100, memory_key_encoder='facebook/bart-base', memory_path='', memory_store_rate=1.0, mir_abalation_args='none', num_adapt_epochs=1, num_beams=3, num_threads_eval=0, num_train_epochs=5.0, okr_sample_seed=1337, okr_sample_size=512, path_to_thread_result=None, predict_batch_size=48, prefix='QA_simplecl_lr=5e-5_ep=5_T=100,b=64,alpha=0.9,beta=0.5,gamma=0.8', replay_candidate_size=8, replay_frequency=1, replay_size=8, result_file='experiments/results/qa/QA_simplecl_lr=5e-5_ep=5_T=100,b=64,alpha=0.9,beta=0.5,gamma=0.8_result.json', save_ckpt_freq=10, seed=42, skip_instant_eval=False, submission_stream_data='experiments/eval_data/qa/submission_stream.T=100,b=64,alpha=0.9,beta=0.5,gamma=0.8.json', task_emb_dim=768, task_name='mrqa', train_batch_size=8, upstream_data_path='data/mrqa_squad/mrqa_squad_train.jsonl', upstream_eval_data='experiments/eval_data/qa/upstream_eval.jsonl', upstream_sample_ratio=-1, use_mir=False, use_replay_mix=False, use_wandb=True, weight_decay=0.01)
11/08/2021 01:02:32 - INFO - transformers.tokenization_utils - loading file https://s3.amazonaws.com/models.huggingface.co/bert/roberta-large-vocab.json from cache at /private/home/yuchenlin/.cache/torch/transformers/1ae1f5b6e2b22b25ccc04c000bb79ca847aa226d0761536b011cf7e5868f0655.ef00af9e673c7160b4d41cfda1f48c5f4cba57d5142754525572a846a1ab1b9b
11/08/2021 01:02:32 - INFO - transformers.tokenization_utils - loading file https://s3.amazonaws.com/models.huggingface.co/bert/roberta-large-merges.txt from cache at /private/home/yuchenlin/.cache/torch/transformers/f8f83199a6270d582d6245dc100e99c4155de81c9745c6248077018fe01abcfb.70bec105b4158ed9a1747fea67a43f5dee97855c64d62b6ec3742f4cfdb5feda
11/08/2021 01:02:57 - INFO - __main__ - load_data: len(upstream_eval_examples)=512
11/08/2021 01:02:58 - INFO - __main__ - load_data: len(heldout_eval_examples)=1280
11/08/2021 01:03:02 - INFO - __main__ - Loading checkpoint from out/mrqa_squad_bart-base_1029_upstream_model//best-model.pt for facebook/bart-base .....
11/08/2021 01:03:03 - INFO - transformers.configuration_utils - loading configuration file https://s3.amazonaws.com/models.huggingface.co/bert/facebook/bart-base/config.json from cache at /private/home/yuchenlin/.cache/torch/transformers/09f4fcaeaf785dd3b97b085d6e3510c7081f586ec8e75981683c6299c0f81d9d.e8d516ad807436d395effad8c2326786872659b7dd1210827ac67c761198a0eb
11/08/2021 01:03:03 - INFO - transformers.configuration_utils - Model config BartConfig {
  "activation_dropout": 0.1,
  "activation_function": "gelu",
  "add_bias_logits": false,
  "add_final_layer_norm": false,
  "architectures": [
    "BartModel",
    "BartForConditionalGeneration",
    "BartForSequenceClassification"
  ],
  "attention_dropout": 0.1,
  "bos_token_id": 0,
  "classif_dropout": 0.0,
  "d_model": 768,
  "decoder_attention_heads": 12,
  "decoder_ffn_dim": 3072,
  "decoder_layerdrop": 0.0,
  "decoder_layers": 6,
  "decoder_start_token_id": 2,
  "dropout": 0.1,
  "early_stopping": true,
  "encoder_attention_heads": 12,
  "encoder_ffn_dim": 3072,
  "encoder_layerdrop": 0.0,
  "encoder_layers": 6,
  "eos_token_id": 2,
  "id2label": {
    "0": "LABEL_0",
    "1": "LABEL_1",
    "2": "LABEL_2"
  },
  "init_std": 0.02,
  "is_encoder_decoder": true,
  "label2id": {
    "LABEL_0": 0,
    "LABEL_1": 1,
    "LABEL_2": 2
  },
  "max_position_embeddings": 1024,
  "model_type": "bart",
  "no_repeat_ngram_size": 3,
  "normalize_before": false,
  "normalize_embedding": true,
  "num_beams": 4,
  "num_hidden_layers": 6,
  "pad_token_id": 1,
  "scale_embedding": false,
  "static_position_embeddings": false,
  "task_specific_params": {
    "summarization": {
      "length_penalty": 1.0,
      "max_length": 128,
      "min_length": 12,
      "num_beams": 4
    },
    "summarization_cnn": {
      "length_penalty": 2.0,
      "max_length": 142,
      "min_length": 56,
      "num_beams": 4
    },
    "summarization_xsum": {
      "length_penalty": 1.0,
      "max_length": 62,
      "min_length": 11,
      "num_beams": 6
    }
  },
  "vocab_size": 50265
}

11/08/2021 01:03:04 - INFO - transformers.modeling_utils - loading weights file https://cdn.huggingface.co/facebook/bart-base/pytorch_model.bin from cache at /private/home/yuchenlin/.cache/torch/transformers/566c05fb6983817e8ad7a4fa51e3099fe9caa3b31730f964bc5198d71c677523.0a3d95c18c1e434448941bc25accea7b122882be6526fb67c8e8fb6d5ebc711c
11/08/2021 01:03:07 - INFO - __main__ - Loading checkpoint from out/mrqa_squad_bart-base_1029_upstream_model//best-model.pt for facebook/bart-base ..... Done!
11/08/2021 01:03:12 - INFO - __main__ - Moving to the GPUs.
11/08/2021 01:03:12 - INFO - __main__ - Debugger Setup ......
11/08/2021 01:03:12 - INFO - __main__ - debugger_args: Namespace(adam_epsilon=1e-08, ckpt_dir='experiments/ckpt_dirs/qa/er/QA_simplecl_lr=5e-5_ep=5_T=100,b=64,alpha=0.9,beta=0.5,gamma=0.8', gradient_accumulation_steps=1, kg_eval_freq=10, kg_eval_mode='metric', kr_eval_freq=10, kr_eval_mode='metric', learning_rate=5e-05, max_grad_norm=0.1, num_epochs=5.0, okr_sample_seed=1337, okr_sample_size=512, save_ckpt_freq=10, skip_instant_eval=False, total_steps=10000, warmup_steps=0, weight_decay=0.01) ......
11/08/2021 01:03:12 - INFO - __main__ - optimizer & scheduler Setup ...... Done!
11/08/2021 01:03:12 - INFO - __main__ - Debugger Setup ...... Done!
11/08/2021 01:03:12 - INFO - __main__ - Start Online Debugging with Dynamic Error Mode
11/08/2021 01:03:12 - INFO - __main__ - Number of Batches of Data: 100
11/08/2021 01:03:12 - INFO - __main__ - Data Batch Size: 64;
11/08/2021 01:03:14 - INFO - __main__ - Model saved to experiments/ckpt_dirs/qa/er/QA_simplecl_lr=5e-5_ep=5_T=100,b=64,alpha=0.9,beta=0.5,gamma=0.8/model_ckpt_000.pt.
11/08/2021 01:03:14 - INFO - __main__ - Start eval_knowledge_retention for UKR @ Timecode=0
11/08/2021 01:03:40 - INFO - __main__ - Upstream Knowledge Retation (UKR@0): 0.8027
11/08/2021 01:03:40 - INFO - __main__ - Start eval_knowledge_generalization for KG @ Timecode=0
11/08/2021 01:05:19 - INFO - __main__ - Future Knowledge Generalization (KG@0): 0.3125
11/08/2021 01:05:19 - INFO - __main__ - Evaluating to get errors .... Timecode: 0
11/08/2021 01:05:22 - INFO - __main__ - Before Error Fixing: {'EM': 0.828125, 'QA-F1': 0.8576388888888888}
11/08/2021 01:05:22 - INFO - __main__ - Found 11 errors.
11/08/2021 01:05:22 - INFO - __main__ - Start error-fixing .... Timecode: 0
11/08/2021 01:05:23 - INFO - __main__ - Start error-fixing .... Done!
11/08/2021 01:05:24 - INFO - __main__ - Overall: 0.8686079545454546 from scores=[0.828125, 0.9090909090909091]
11/08/2021 01:05:27 - INFO - __main__ - Model saved to experiments/ckpt_dirs/qa/er/QA_simplecl_lr=5e-5_ep=5_T=100,b=64,alpha=0.9,beta=0.5,gamma=0.8/model_ckpt_000.pt.
11/08/2021 01:05:27 - INFO - __main__ - Updated result feule: experiments/results/qa/QA_simplecl_lr=5e-5_ep=5_T=100,b=64,alpha=0.9,beta=0.5,gamma=0.8_result.json at Timecode: 0.
11/08/2021 01:05:27 - INFO - __main__ - --------------------------------------------------
11/08/2021 01:05:27 - INFO - __main__ - Evaluating to get errors .... Timecode: 1
11/08/2021 01:05:30 - INFO - __main__ - Before Error Fixing: {'EM': 0.71875, 'QA-F1': 0.7831473214285714}
11/08/2021 01:05:30 - INFO - __main__ - Found 18 errors.
11/08/2021 01:05:30 - INFO - __main__ - Start error-fixing .... Timecode: 1
11/08/2021 01:05:33 - INFO - __main__ - Start error-fixing .... Done!
11/08/2021 01:05:34 - INFO - __main__ - Overall: 0.88671875 from scores=[0.7734375, 1.0]
11/08/2021 01:05:34 - INFO - __main__ - --------------------------------------------------
11/08/2021 01:05:34 - INFO - __main__ - Evaluating to get errors .... Timecode: 2
11/08/2021 01:05:37 - INFO - __main__ - Before Error Fixing: {'EM': 0.765625, 'QA-F1': 0.8291599025974026}
11/08/2021 01:05:37 - INFO - __main__ - Found 15 errors.
11/08/2021 01:05:37 - INFO - __main__ - Start error-fixing .... Timecode: 2
11/08/2021 01:05:39 - INFO - __main__ - Start error-fixing .... Done!
11/08/2021 01:05:40 - INFO - __main__ - Overall: 0.8854166666666667 from scores=[0.7708333333333334, 1.0]
11/08/2021 01:05:40 - INFO - __main__ - --------------------------------------------------
11/08/2021 01:05:40 - INFO - __main__ - Evaluating to get errors .... Timecode: 3
11/08/2021 01:05:44 - INFO - __main__ - Before Error Fixing: {'EM': 0.640625, 'QA-F1': 0.6935301677489178}
11/08/2021 01:05:44 - INFO - __main__ - Found 23 errors.
11/08/2021 01:05:44 - INFO - __main__ - Start error-fixing .... Timecode: 3
11/08/2021 01:05:49 - INFO - __main__ - Start error-fixing .... Done!
11/08/2021 01:05:50 - INFO - __main__ - Overall: 0.8039232336956521 from scores=[0.73828125, 0.8695652173913043]
11/08/2021 01:05:50 - INFO - __main__ - --------------------------------------------------
11/08/2021 01:05:50 - INFO - __main__ - Evaluating to get errors .... Timecode: 4
11/08/2021 01:05:53 - INFO - __main__ - Before Error Fixing: {'EM': 0.625, 'QA-F1': 0.7074652777777778}
11/08/2021 01:05:53 - INFO - __main__ - Found 24 errors.
11/08/2021 01:05:53 - INFO - __main__ - Start error-fixing .... Timecode: 4
11/08/2021 01:05:58 - INFO - __main__ - Start error-fixing .... Done!
11/08/2021 01:05:59 - INFO - __main__ - Overall: 0.8369791666666666 from scores=[0.715625, 0.9583333333333334]
11/08/2021 01:05:59 - INFO - __main__ - --------------------------------------------------
11/08/2021 01:05:59 - INFO - __main__ - Evaluating to get errors .... Timecode: 5
11/08/2021 01:06:02 - INFO - __main__ - Before Error Fixing: {'EM': 0.59375, 'QA-F1': 0.6858011327440676}
11/08/2021 01:06:02 - INFO - __main__ - Found 26 errors.
11/08/2021 01:06:02 - INFO - __main__ - Start error-fixing .... Timecode: 5
11/08/2021 01:06:07 - INFO - __main__ - Start error-fixing .... Done!
11/08/2021 01:06:09 - INFO - __main__ - Overall: 0.8284254807692308 from scores=[0.6953125, 0.9615384615384616]
11/08/2021 01:06:09 - INFO - __main__ - --------------------------------------------------
11/08/2021 01:06:09 - INFO - __main__ - Evaluating to get errors .... Timecode: 6
11/08/2021 01:06:14 - INFO - __main__ - Before Error Fixing: {'EM': 0.59375, 'QA-F1': 0.6983752358752359}
11/08/2021 01:06:14 - INFO - __main__ - Found 26 errors.
11/08/2021 01:06:14 - INFO - __main__ - Start error-fixing .... Timecode: 6
11/08/2021 01:06:19 - INFO - __main__ - Start error-fixing .... Done!
11/08/2021 01:06:21 - INFO - __main__ - Overall: 0.8019402472527473 from scores=[0.6808035714285714, 0.9230769230769231]
11/08/2021 01:06:21 - INFO - __main__ - --------------------------------------------------
11/08/2021 01:06:21 - INFO - __main__ - Evaluating to get errors .... Timecode: 7
11/08/2021 01:06:25 - INFO - __main__ - Before Error Fixing: {'EM': 0.578125, 'QA-F1': 0.6439369658119658}
11/08/2021 01:06:25 - INFO - __main__ - Found 27 errors.
11/08/2021 01:06:25 - INFO - __main__ - Start error-fixing .... Timecode: 7
11/08/2021 01:06:31 - INFO - __main__ - Start error-fixing .... Done!
11/08/2021 01:06:33 - INFO - __main__ - Overall: 0.833984375 from scores=[0.66796875, 1.0]
11/08/2021 01:06:33 - INFO - __main__ - --------------------------------------------------
11/08/2021 01:06:33 - INFO - __main__ - Evaluating to get errors .... Timecode: 8
11/08/2021 01:06:36 - INFO - __main__ - Before Error Fixing: {'EM': 0.578125, 'QA-F1': 0.6516679067460318}
11/08/2021 01:06:36 - INFO - __main__ - Found 27 errors.
11/08/2021 01:06:37 - INFO - __main__ - Start error-fixing .... Timecode: 8
11/08/2021 01:06:42 - INFO - __main__ - Start error-fixing .... Done!
11/08/2021 01:06:44 - INFO - __main__ - Overall: 0.7734375 from scores=[0.6579861111111112, 0.8888888888888888]
11/08/2021 01:06:44 - INFO - __main__ - --------------------------------------------------
11/08/2021 01:06:44 - INFO - __main__ - Evaluating to get errors .... Timecode: 9
11/08/2021 01:06:48 - INFO - __main__ - Before Error Fixing: {'EM': 0.5625, 'QA-F1': 0.6328993055555556}
11/08/2021 01:06:48 - INFO - __main__ - Found 28 errors.
11/08/2021 01:06:48 - INFO - __main__ - Start error-fixing .... Timecode: 9
11/08/2021 01:06:55 - INFO - __main__ - Start error-fixing .... Done!
11/08/2021 01:06:56 - INFO - __main__ - Overall: 0.8063616071428572 from scores=[0.6484375, 0.9642857142857143]
11/08/2021 01:06:56 - INFO - __main__ - --------------------------------------------------
11/08/2021 01:06:56 - INFO - __main__ - Start eval_knowledge_retention for UKR @ Timecode=10
11/08/2021 01:07:25 - INFO - __main__ - Upstream Knowledge Retation (UKR@10): 0.7207
11/08/2021 01:07:26 - INFO - __main__ - Start eval_knowledge_retention for OKR @ Timecode=10
11/08/2021 01:08:04 - INFO - __main__ - Online Knowledge Retation (OKR@10): 0.8672
11/08/2021 01:08:04 - INFO - __main__ - Start eval_knowledge_generalization for KG @ Timecode=10
11/08/2021 01:09:15 - INFO - __main__ - Future Knowledge Generalization (KG@10): 0.4109
11/08/2021 01:09:15 - INFO - __main__ - Evaluating to get errors .... Timecode: 10
11/08/2021 01:09:20 - INFO - __main__ - Before Error Fixing: {'EM': 0.46875, 'QA-F1': 0.5601028311965812}
11/08/2021 01:09:20 - INFO - __main__ - Found 34 errors.
11/08/2021 01:09:20 - INFO - __main__ - Start error-fixing .... Timecode: 10
11/08/2021 01:09:28 - INFO - __main__ - Start error-fixing .... Done!
11/08/2021 01:09:30 - INFO - __main__ - Overall: 0.7203037266042781 from scores=[0.6321022727272727, 0.9705882352941176, 0.8671875, 0.720703125, 0.4109375]
11/08/2021 01:09:32 - INFO - __main__ - Model saved to experiments/ckpt_dirs/qa/er/QA_simplecl_lr=5e-5_ep=5_T=100,b=64,alpha=0.9,beta=0.5,gamma=0.8/model_ckpt_010.pt.
11/08/2021 01:09:32 - INFO - __main__ - Updated result feule: experiments/results/qa/QA_simplecl_lr=5e-5_ep=5_T=100,b=64,alpha=0.9,beta=0.5,gamma=0.8_result.json at Timecode: 10.
11/08/2021 01:09:32 - INFO - __main__ - --------------------------------------------------
11/08/2021 01:09:32 - INFO - __main__ - Evaluating to get errors .... Timecode: 11
11/08/2021 01:09:37 - INFO - __main__ - Before Error Fixing: {'EM': 0.515625, 'QA-F1': 0.5765895562770562}
11/08/2021 01:09:37 - INFO - __main__ - Found 31 errors.
11/08/2021 01:09:37 - INFO - __main__ - Start error-fixing .... Timecode: 11
11/08/2021 01:09:43 - INFO - __main__ - Start error-fixing .... Done!
11/08/2021 01:09:45 - INFO - __main__ - Overall: 0.7177931787634408 from scores=[0.6223958333333333, 0.967741935483871, 0.8671875, 0.720703125, 0.4109375]
11/08/2021 01:09:45 - INFO - __main__ - --------------------------------------------------
11/08/2021 01:09:45 - INFO - __main__ - Evaluating to get errors .... Timecode: 12
11/08/2021 01:09:48 - INFO - __main__ - Before Error Fixing: {'EM': 0.390625, 'QA-F1': 0.4912689786059351}
11/08/2021 01:09:48 - INFO - __main__ - Found 39 errors.
11/08/2021 01:09:49 - INFO - __main__ - Start error-fixing .... Timecode: 12
11/08/2021 01:09:56 - INFO - __main__ - Start error-fixing .... Done!
11/08/2021 01:09:59 - INFO - __main__ - Overall: 0.7052944711538462 from scores=[0.6045673076923077, 0.9230769230769231, 0.8671875, 0.720703125, 0.4109375]
11/08/2021 01:09:59 - INFO - __main__ - --------------------------------------------------
11/08/2021 01:09:59 - INFO - __main__ - Evaluating to get errors .... Timecode: 13
11/08/2021 01:10:03 - INFO - __main__ - Before Error Fixing: {'EM': 0.484375, 'QA-F1': 0.5559033414502165}
11/08/2021 01:10:03 - INFO - __main__ - Found 33 errors.
11/08/2021 01:10:04 - INFO - __main__ - Start error-fixing .... Timecode: 13
11/08/2021 01:10:10 - INFO - __main__ - Start error-fixing .... Done!
11/08/2021 01:10:13 - INFO - __main__ - Overall: 0.7189620535714286 from scores=[0.5959821428571428, 1.0, 0.8671875, 0.720703125, 0.4109375]
11/08/2021 01:10:13 - INFO - __main__ - --------------------------------------------------
11/08/2021 01:10:13 - INFO - __main__ - Evaluating to get errors .... Timecode: 14
11/08/2021 01:10:18 - INFO - __main__ - Before Error Fixing: {'EM': 0.53125, 'QA-F1': 0.6371251578282828}
11/08/2021 01:10:18 - INFO - __main__ - Found 30 errors.
11/08/2021 01:10:18 - INFO - __main__ - Start error-fixing .... Timecode: 14
11/08/2021 01:10:23 - INFO - __main__ - Start error-fixing .... Done!
11/08/2021 01:10:25 - INFO - __main__ - Overall: 0.7180989583333334 from scores=[0.5916666666666667, 1.0, 0.8671875, 0.720703125, 0.4109375]
11/08/2021 01:10:25 - INFO - __main__ - --------------------------------------------------
11/08/2021 01:10:25 - INFO - __main__ - Evaluating to get errors .... Timecode: 15
11/08/2021 01:10:30 - INFO - __main__ - Before Error Fixing: {'EM': 0.453125, 'QA-F1': 0.5871864824989825}
11/08/2021 01:10:30 - INFO - __main__ - Found 35 errors.
11/08/2021 01:10:30 - INFO - __main__ - Start error-fixing .... Timecode: 15
11/08/2021 01:10:38 - INFO - __main__ - Start error-fixing .... Done!
11/08/2021 01:10:40 - INFO - __main__ - Overall: 0.7049386160714286 from scores=[0.5830078125, 0.9428571428571428, 0.8671875, 0.720703125, 0.4109375]
11/08/2021 01:10:40 - INFO - __main__ - --------------------------------------------------
11/08/2021 01:10:40 - INFO - __main__ - Evaluating to get errors .... Timecode: 16
11/08/2021 01:10:45 - INFO - __main__ - Before Error Fixing: {'EM': 0.4375, 'QA-F1': 0.5711530350776675}
11/08/2021 01:10:45 - INFO - __main__ - Found 36 errors.
11/08/2021 01:10:45 - INFO - __main__ - Start error-fixing .... Timecode: 16
11/08/2021 01:10:53 - INFO - __main__ - Start error-fixing .... Done!
11/08/2021 01:10:55 - INFO - __main__ - Overall: 0.7090997753267974 from scores=[0.5744485294117647, 0.9722222222222222, 0.8671875, 0.720703125, 0.4109375]
11/08/2021 01:10:55 - INFO - __main__ - --------------------------------------------------
11/08/2021 01:10:55 - INFO - __main__ - Evaluating to get errors .... Timecode: 17
11/08/2021 01:10:59 - INFO - __main__ - Before Error Fixing: {'EM': 0.4375, 'QA-F1': 0.5079954858737753}
11/08/2021 01:10:59 - INFO - __main__ - Found 36 errors.
11/08/2021 01:10:59 - INFO - __main__ - Start error-fixing .... Timecode: 17
11/08/2021 01:11:07 - INFO - __main__ - Start error-fixing .... Done!
11/08/2021 01:11:10 - INFO - __main__ - Overall: 0.7075781250000001 from scores=[0.5668402777777778, 0.9722222222222222, 0.8671875, 0.720703125, 0.4109375]
11/08/2021 01:11:10 - INFO - __main__ - --------------------------------------------------
11/08/2021 01:11:10 - INFO - __main__ - Evaluating to get errors .... Timecode: 18
11/08/2021 01:11:14 - INFO - __main__ - Before Error Fixing: {'EM': 0.421875, 'QA-F1': 0.5432237917096663}
11/08/2021 01:11:14 - INFO - __main__ - Found 37 errors.
11/08/2021 01:11:15 - INFO - __main__ - Start error-fixing .... Timecode: 18
11/08/2021 01:11:23 - INFO - __main__ - Start error-fixing .... Done!
11/08/2021 01:11:26 - INFO - __main__ - Overall: 0.7062023248577526 from scores=[0.5592105263157895, 0.972972972972973, 0.8671875, 0.720703125, 0.4109375]
11/08/2021 01:11:26 - INFO - __main__ - --------------------------------------------------
11/08/2021 01:11:26 - INFO - __main__ - Evaluating to get errors .... Timecode: 19
11/08/2021 01:11:30 - INFO - __main__ - Before Error Fixing: {'EM': 0.3125, 'QA-F1': 0.5237929605117105}
11/08/2021 01:11:30 - INFO - __main__ - Found 44 errors.
11/08/2021 01:11:30 - INFO - __main__ - Start error-fixing .... Timecode: 19
11/08/2021 01:11:40 - INFO - __main__ - Start error-fixing .... Done!
11/08/2021 01:11:43 - INFO - __main__ - Overall: 0.7045951704545456 from scores=[0.546875, 0.9772727272727273, 0.8671875, 0.720703125, 0.4109375]
11/08/2021 01:11:43 - INFO - __main__ - --------------------------------------------------
11/08/2021 01:11:43 - INFO - __main__ - Start eval_knowledge_retention for UKR @ Timecode=20
11/08/2021 01:12:11 - INFO - __main__ - Upstream Knowledge Retation (UKR@20): 0.7285
11/08/2021 01:12:12 - INFO - __main__ - Start eval_knowledge_retention for OKR @ Timecode=20
11/08/2021 01:12:48 - INFO - __main__ - Online Knowledge Retation (OKR@20): 0.8652
11/08/2021 01:12:48 - INFO - __main__ - Start eval_knowledge_generalization for KG @ Timecode=20
11/08/2021 01:14:02 - INFO - __main__ - Future Knowledge Generalization (KG@20): 0.4828
11/08/2021 01:14:02 - INFO - __main__ - Evaluating to get errors .... Timecode: 20
11/08/2021 01:14:06 - INFO - __main__ - Before Error Fixing: {'EM': 0.484375, 'QA-F1': 0.5583333333333333}
11/08/2021 01:14:06 - INFO - __main__ - Found 33 errors.
11/08/2021 01:14:06 - INFO - __main__ - Start error-fixing .... Timecode: 20
11/08/2021 01:14:13 - INFO - __main__ - Start error-fixing .... Done!
11/08/2021 01:14:15 - INFO - __main__ - Overall: 0.7180316558441558 from scores=[0.5438988095238095, 0.9696969696969697, 0.865234375, 0.728515625, 0.4828125]
11/08/2021 01:14:17 - INFO - __main__ - Model saved to experiments/ckpt_dirs/qa/er/QA_simplecl_lr=5e-5_ep=5_T=100,b=64,alpha=0.9,beta=0.5,gamma=0.8/model_ckpt_020.pt.
11/08/2021 01:14:17 - INFO - __main__ - Updated result feule: experiments/results/qa/QA_simplecl_lr=5e-5_ep=5_T=100,b=64,alpha=0.9,beta=0.5,gamma=0.8_result.json at Timecode: 20.
11/08/2021 01:14:17 - INFO - __main__ - --------------------------------------------------
11/08/2021 01:14:17 - INFO - __main__ - Evaluating to get errors .... Timecode: 21
11/08/2021 01:14:22 - INFO - __main__ - Before Error Fixing: {'EM': 0.546875, 'QA-F1': 0.6513570440689447}
11/08/2021 01:14:22 - INFO - __main__ - Found 29 errors.
11/08/2021 01:14:22 - INFO - __main__ - Start error-fixing .... Timecode: 21
11/08/2021 01:14:27 - INFO - __main__ - Start error-fixing .... Done!
11/08/2021 01:14:30 - INFO - __main__ - Overall: 0.6965331112852664 from scores=[0.5440340909090908, 0.8620689655172413, 0.865234375, 0.728515625, 0.4828125]
11/08/2021 01:14:30 - INFO - __main__ - --------------------------------------------------
11/08/2021 01:14:30 - INFO - __main__ - Evaluating to get errors .... Timecode: 22
11/08/2021 01:14:35 - INFO - __main__ - Before Error Fixing: {'EM': 0.46875, 'QA-F1': 0.6344153035145682}
11/08/2021 01:14:35 - INFO - __main__ - Found 34 errors.
11/08/2021 01:14:35 - INFO - __main__ - Start error-fixing .... Timecode: 22
11/08/2021 01:14:42 - INFO - __main__ - Start error-fixing .... Done!
11/08/2021 01:14:45 - INFO - __main__ - Overall: 0.705817615089514 from scores=[0.5407608695652174, 0.9117647058823529, 0.865234375, 0.728515625, 0.4828125]
11/08/2021 01:14:45 - INFO - __main__ - --------------------------------------------------
11/08/2021 01:14:45 - INFO - __main__ - Evaluating to get errors .... Timecode: 23
11/08/2021 01:14:50 - INFO - __main__ - Before Error Fixing: {'EM': 0.53125, 'QA-F1': 0.5874450051759834}
11/08/2021 01:14:50 - INFO - __main__ - Found 30 errors.
11/08/2021 01:14:50 - INFO - __main__ - Start error-fixing .... Timecode: 23
11/08/2021 01:14:57 - INFO - __main__ - Start error-fixing .... Done!
11/08/2021 01:14:59 - INFO - __main__ - Overall: 0.69671875 from scores=[0.5403645833333333, 0.8666666666666667, 0.865234375, 0.728515625, 0.4828125]
11/08/2021 01:14:59 - INFO - __main__ - --------------------------------------------------
11/08/2021 01:14:59 - INFO - __main__ - Evaluating to get errors .... Timecode: 24
11/08/2021 01:15:03 - INFO - __main__ - Before Error Fixing: {'EM': 0.515625, 'QA-F1': 0.587719298245614}
11/08/2021 01:15:03 - INFO - __main__ - Found 31 errors.
11/08/2021 01:15:04 - INFO - __main__ - Start error-fixing .... Timecode: 24
11/08/2021 01:15:11 - INFO - __main__ - Start error-fixing .... Done!
11/08/2021 01:15:13 - INFO - __main__ - Overall: 0.7102842741935483 from scores=[0.5393749999999999, 0.9354838709677419, 0.865234375, 0.728515625, 0.4828125]
11/08/2021 01:15:13 - INFO - __main__ - --------------------------------------------------
11/08/2021 01:15:13 - INFO - __main__ - Evaluating to get errors .... Timecode: 25
11/08/2021 01:15:16 - INFO - __main__ - Before Error Fixing: {'EM': 0.484375, 'QA-F1': 0.5529647435897436}
11/08/2021 01:15:16 - INFO - __main__ - Found 33 errors.
11/08/2021 01:15:16 - INFO - __main__ - Start error-fixing .... Timecode: 25
11/08/2021 01:15:24 - INFO - __main__ - Start error-fixing .... Done!
11/08/2021 01:15:25 - INFO - __main__ - Overall: 0.710643210955711 from scores=[0.5372596153846154, 0.9393939393939394, 0.865234375, 0.728515625, 0.4828125]
11/08/2021 01:15:25 - INFO - __main__ - --------------------------------------------------
11/08/2021 01:15:25 - INFO - __main__ - Evaluating to get errors .... Timecode: 26
11/08/2021 01:15:31 - INFO - __main__ - Before Error Fixing: {'EM': 0.484375, 'QA-F1': 0.5245336091753774}
11/08/2021 01:15:31 - INFO - __main__ - Found 33 errors.
11/08/2021 01:15:31 - INFO - __main__ - Start error-fixing .... Timecode: 26
11/08/2021 01:15:39 - INFO - __main__ - Start error-fixing .... Done!
11/08/2021 01:15:41 - INFO - __main__ - Overall: 0.6981302609427609 from scores=[0.5353009259259259, 0.8787878787878788, 0.865234375, 0.728515625, 0.4828125]
11/08/2021 01:15:41 - INFO - __main__ - --------------------------------------------------
11/08/2021 01:15:41 - INFO - __main__ - Evaluating to get errors .... Timecode: 27
11/08/2021 01:15:47 - INFO - __main__ - Before Error Fixing: {'EM': 0.375, 'QA-F1': 0.5356145722484038}
11/08/2021 01:15:47 - INFO - __main__ - Found 40 errors.
11/08/2021 01:15:47 - INFO - __main__ - Start error-fixing .... Timecode: 27
11/08/2021 01:15:56 - INFO - __main__ - Start error-fixing .... Done!
11/08/2021 01:15:59 - INFO - __main__ - Overall: 0.7062276785714287 from scores=[0.5295758928571428, 0.925, 0.865234375, 0.728515625, 0.4828125]
11/08/2021 01:15:59 - INFO - __main__ - --------------------------------------------------
11/08/2021 01:15:59 - INFO - __main__ - Evaluating to get errors .... Timecode: 28
11/08/2021 01:16:03 - INFO - __main__ - Before Error Fixing: {'EM': 0.4375, 'QA-F1': 0.557292909189194}
11/08/2021 01:16:03 - INFO - __main__ - Found 36 errors.
11/08/2021 01:16:03 - INFO - __main__ - Start error-fixing .... Timecode: 28
11/08/2021 01:16:11 - INFO - __main__ - Start error-fixing .... Done!
11/08/2021 01:16:13 - INFO - __main__ - Overall: 0.6872593390804598 from scores=[0.5264008620689655, 0.8333333333333334, 0.865234375, 0.728515625, 0.4828125]
11/08/2021 01:16:13 - INFO - __main__ - --------------------------------------------------
11/08/2021 01:16:13 - INFO - __main__ - Evaluating to get errors .... Timecode: 29
11/08/2021 01:16:17 - INFO - __main__ - Before Error Fixing: {'EM': 0.484375, 'QA-F1': 0.6477271376137304}
11/08/2021 01:16:17 - INFO - __main__ - Found 33 errors.
11/08/2021 01:16:18 - INFO - __main__ - Start error-fixing .... Timecode: 29
11/08/2021 01:16:24 - INFO - __main__ - Start error-fixing .... Done!
11/08/2021 01:16:27 - INFO - __main__ - Overall: 0.7021306818181818 from scores=[0.525, 0.9090909090909091, 0.865234375, 0.728515625, 0.4828125]
11/08/2021 01:16:27 - INFO - __main__ - --------------------------------------------------
11/08/2021 01:16:27 - INFO - __main__ - Start eval_knowledge_retention for UKR @ Timecode=30
11/08/2021 01:17:02 - INFO - __main__ - Upstream Knowledge Retation (UKR@30): 0.6230
11/08/2021 01:17:03 - INFO - __main__ - Start eval_knowledge_retention for OKR @ Timecode=30
11/08/2021 01:17:46 - INFO - __main__ - Online Knowledge Retation (OKR@30): 0.7480
11/08/2021 01:17:46 - INFO - __main__ - Start eval_knowledge_generalization for KG @ Timecode=30
11/08/2021 01:19:21 - INFO - __main__ - Future Knowledge Generalization (KG@30): 0.4203
11/08/2021 01:19:21 - INFO - __main__ - Evaluating to get errors .... Timecode: 30
11/08/2021 01:19:25 - INFO - __main__ - Before Error Fixing: {'EM': 0.390625, 'QA-F1': 0.48861607142857144}
11/08/2021 01:19:25 - INFO - __main__ - Found 39 errors.
11/08/2021 01:19:25 - INFO - __main__ - Start error-fixing .... Timecode: 30
11/08/2021 01:19:34 - INFO - __main__ - Start error-fixing .... Done!
11/08/2021 01:19:35 - INFO - __main__ - Overall: 0.662414314516129 from scores=[0.5206653225806452, 1.0, 0.748046875, 0.623046875, 0.4203125]
11/08/2021 01:19:37 - INFO - __main__ - Model saved to experiments/ckpt_dirs/qa/er/QA_simplecl_lr=5e-5_ep=5_T=100,b=64,alpha=0.9,beta=0.5,gamma=0.8/model_ckpt_030.pt.
11/08/2021 01:19:38 - INFO - __main__ - Updated result feule: experiments/results/qa/QA_simplecl_lr=5e-5_ep=5_T=100,b=64,alpha=0.9,beta=0.5,gamma=0.8_result.json at Timecode: 30.
11/08/2021 01:19:38 - INFO - __main__ - --------------------------------------------------
11/08/2021 01:19:38 - INFO - __main__ - Evaluating to get errors .... Timecode: 31
11/08/2021 01:19:42 - INFO - __main__ - Before Error Fixing: {'EM': 0.484375, 'QA-F1': 0.6586588191452429}
11/08/2021 01:19:42 - INFO - __main__ - Found 33 errors.
11/08/2021 01:19:42 - INFO - __main__ - Start error-fixing .... Timecode: 31
11/08/2021 01:19:49 - INFO - __main__ - Start error-fixing .... Done!
11/08/2021 01:19:52 - INFO - __main__ - Overall: 0.6318844696969698 from scores=[0.51953125, 0.8484848484848485, 0.748046875, 0.623046875, 0.4203125]
11/08/2021 01:19:52 - INFO - __main__ - --------------------------------------------------
11/08/2021 01:19:52 - INFO - __main__ - Evaluating to get errors .... Timecode: 32
11/08/2021 01:19:57 - INFO - __main__ - Before Error Fixing: {'EM': 0.484375, 'QA-F1': 0.5734062218848403}
11/08/2021 01:19:57 - INFO - __main__ - Found 33 errors.
11/08/2021 01:19:57 - INFO - __main__ - Start error-fixing .... Timecode: 32
11/08/2021 01:20:04 - INFO - __main__ - Start error-fixing .... Done!
11/08/2021 01:20:05 - INFO - __main__ - Overall: 0.6619744318181818 from scores=[0.5184659090909092, 1.0, 0.748046875, 0.623046875, 0.4203125]
11/08/2021 01:20:05 - INFO - __main__ - --------------------------------------------------
11/08/2021 01:20:05 - INFO - __main__ - Evaluating to get errors .... Timecode: 33
11/08/2021 01:20:09 - INFO - __main__ - Before Error Fixing: {'EM': 0.625, 'QA-F1': 0.7125}
11/08/2021 01:20:09 - INFO - __main__ - Found 24 errors.
11/08/2021 01:20:09 - INFO - __main__ - Start error-fixing .... Timecode: 33
11/08/2021 01:20:14 - INFO - __main__ - Start error-fixing .... Done!
11/08/2021 01:20:16 - INFO - __main__ - Overall: 0.6459344362745099 from scores=[0.5215992647058824, 0.9166666666666666, 0.748046875, 0.623046875, 0.4203125]
11/08/2021 01:20:16 - INFO - __main__ - --------------------------------------------------
11/08/2021 01:20:16 - INFO - __main__ - Evaluating to get errors .... Timecode: 34
11/08/2021 01:20:21 - INFO - __main__ - Before Error Fixing: {'EM': 0.625, 'QA-F1': 0.696532658639352}
11/08/2021 01:20:21 - INFO - __main__ - Found 24 errors.
11/08/2021 01:20:21 - INFO - __main__ - Start error-fixing .... Timecode: 34
11/08/2021 01:20:26 - INFO - __main__ - Start error-fixing .... Done!
11/08/2021 01:20:27 - INFO - __main__ - Overall: 0.6465252976190476 from scores=[0.5245535714285714, 0.9166666666666666, 0.748046875, 0.623046875, 0.4203125]
11/08/2021 01:20:27 - INFO - __main__ - --------------------------------------------------
11/08/2021 01:20:27 - INFO - __main__ - Evaluating to get errors .... Timecode: 35
11/08/2021 01:20:31 - INFO - __main__ - Before Error Fixing: {'EM': 0.5625, 'QA-F1': 0.6559862012987012}
11/08/2021 01:20:31 - INFO - __main__ - Found 28 errors.
11/08/2021 01:20:31 - INFO - __main__ - Start error-fixing .... Timecode: 35
11/08/2021 01:20:36 - INFO - __main__ - Start error-fixing .... Done!
11/08/2021 01:20:38 - INFO - __main__ - Overall: 0.6491170634920634 from scores=[0.5256076388888888, 0.9285714285714286, 0.748046875, 0.623046875, 0.4203125]
11/08/2021 01:20:38 - INFO - __main__ - --------------------------------------------------
11/08/2021 01:20:38 - INFO - __main__ - Evaluating to get errors .... Timecode: 36
11/08/2021 01:20:43 - INFO - __main__ - Before Error Fixing: {'EM': 0.515625, 'QA-F1': 0.6029699503514221}
11/08/2021 01:20:43 - INFO - __main__ - Found 31 errors.
11/08/2021 01:20:44 - INFO - __main__ - Start error-fixing .... Timecode: 36
11/08/2021 01:20:50 - INFO - __main__ - Start error-fixing .... Done!
11/08/2021 01:20:53 - INFO - __main__ - Overall: 0.6375423659546644 from scores=[0.5253378378378378, 0.8709677419354839, 0.748046875, 0.623046875, 0.4203125]
11/08/2021 01:20:53 - INFO - __main__ - --------------------------------------------------
11/08/2021 01:20:53 - INFO - __main__ - Evaluating to get errors .... Timecode: 37
11/08/2021 01:20:57 - INFO - __main__ - Before Error Fixing: {'EM': 0.46875, 'QA-F1': 0.5770136981074481}
11/08/2021 01:20:57 - INFO - __main__ - Found 34 errors.
11/08/2021 01:20:58 - INFO - __main__ - Start error-fixing .... Timecode: 37
11/08/2021 01:21:05 - INFO - __main__ - Start error-fixing .... Done!
11/08/2021 01:21:08 - INFO - __main__ - Overall: 0.6571686339009288 from scores=[0.5238486842105263, 0.9705882352941176, 0.748046875, 0.623046875, 0.4203125]
11/08/2021 01:21:08 - INFO - __main__ - --------------------------------------------------
11/08/2021 01:21:08 - INFO - __main__ - Evaluating to get errors .... Timecode: 38
11/08/2021 01:21:13 - INFO - __main__ - Before Error Fixing: {'EM': 0.46875, 'QA-F1': 0.6044104182351465}
11/08/2021 01:21:13 - INFO - __main__ - Found 34 errors.
11/08/2021 01:21:13 - INFO - __main__ - Start error-fixing .... Timecode: 38
11/08/2021 01:21:21 - INFO - __main__ - Start error-fixing .... Done!
11/08/2021 01:21:24 - INFO - __main__ - Overall: 0.6627684294871795 from scores=[0.5224358974358974, 1.0, 0.748046875, 0.623046875, 0.4203125]
11/08/2021 01:21:24 - INFO - __main__ - --------------------------------------------------
11/08/2021 01:21:24 - INFO - __main__ - Evaluating to get errors .... Timecode: 39
11/08/2021 01:21:28 - INFO - __main__ - Before Error Fixing: {'EM': 0.390625, 'QA-F1': 0.4678308823529411}
11/08/2021 01:21:28 - INFO - __main__ - Found 39 errors.
11/08/2021 01:21:29 - INFO - __main__ - Start error-fixing .... Timecode: 39
11/08/2021 01:21:37 - INFO - __main__ - Start error-fixing .... Done!
11/08/2021 01:21:39 - INFO - __main__ - Overall: 0.6467247596153847 from scores=[0.519140625, 0.9230769230769231, 0.748046875, 0.623046875, 0.4203125]
11/08/2021 01:21:39 - INFO - __main__ - --------------------------------------------------
11/08/2021 01:21:39 - INFO - __main__ - Start eval_knowledge_retention for UKR @ Timecode=40
11/08/2021 01:22:09 - INFO - __main__ - Upstream Knowledge Retation (UKR@40): 0.7246
11/08/2021 01:22:10 - INFO - __main__ - Start eval_knowledge_retention for OKR @ Timecode=40
11/08/2021 01:22:47 - INFO - __main__ - Online Knowledge Retation (OKR@40): 0.7871
11/08/2021 01:22:47 - INFO - __main__ - Start eval_knowledge_generalization for KG @ Timecode=40
11/08/2021 01:24:00 - INFO - __main__ - Future Knowledge Generalization (KG@40): 0.4375
11/08/2021 01:24:00 - INFO - __main__ - Evaluating to get errors .... Timecode: 40
11/08/2021 01:24:04 - INFO - __main__ - Before Error Fixing: {'EM': 0.484375, 'QA-F1': 0.5680059523809524}
11/08/2021 01:24:04 - INFO - __main__ - Found 33 errors.
11/08/2021 01:24:05 - INFO - __main__ - Start error-fixing .... Timecode: 40
11/08/2021 01:24:12 - INFO - __main__ - Start error-fixing .... Done!
11/08/2021 01:24:14 - INFO - __main__ - Overall: 0.6874416805247598 from scores=[0.5182926829268293, 0.9696969696969697, 0.787109375, 0.724609375, 0.4375]
11/08/2021 01:24:17 - INFO - __main__ - Model saved to experiments/ckpt_dirs/qa/er/QA_simplecl_lr=5e-5_ep=5_T=100,b=64,alpha=0.9,beta=0.5,gamma=0.8/model_ckpt_040.pt.
11/08/2021 01:24:17 - INFO - __main__ - Updated result feule: experiments/results/qa/QA_simplecl_lr=5e-5_ep=5_T=100,b=64,alpha=0.9,beta=0.5,gamma=0.8_result.json at Timecode: 40.
11/08/2021 01:24:17 - INFO - __main__ - --------------------------------------------------
11/08/2021 01:24:17 - INFO - __main__ - Evaluating to get errors .... Timecode: 41
11/08/2021 01:24:22 - INFO - __main__ - Before Error Fixing: {'EM': 0.359375, 'QA-F1': 0.4551680307539683}
11/08/2021 01:24:22 - INFO - __main__ - Found 41 errors.
11/08/2021 01:24:22 - INFO - __main__ - Start error-fixing .... Timecode: 41
11/08/2021 01:24:31 - INFO - __main__ - Start error-fixing .... Done!
11/08/2021 01:24:34 - INFO - __main__ - Overall: 0.6829894381533101 from scores=[0.5145089285714286, 0.9512195121951219, 0.787109375, 0.724609375, 0.4375]
11/08/2021 01:24:34 - INFO - __main__ - --------------------------------------------------
11/08/2021 01:24:34 - INFO - __main__ - Evaluating to get errors .... Timecode: 42
11/08/2021 01:24:40 - INFO - __main__ - Before Error Fixing: {'EM': 0.390625, 'QA-F1': 0.4658167353479854}
11/08/2021 01:24:40 - INFO - __main__ - Found 39 errors.
11/08/2021 01:24:40 - INFO - __main__ - Start error-fixing .... Timecode: 42
11/08/2021 01:24:48 - INFO - __main__ - Start error-fixing .... Done!
11/08/2021 01:24:51 - INFO - __main__ - Overall: 0.6870411262671438 from scores=[0.5116279069767442, 0.9743589743589743, 0.787109375, 0.724609375, 0.4375]
11/08/2021 01:24:51 - INFO - __main__ - --------------------------------------------------
11/08/2021 01:24:51 - INFO - __main__ - Evaluating to get errors .... Timecode: 43
11/08/2021 01:24:57 - INFO - __main__ - Before Error Fixing: {'EM': 0.4375, 'QA-F1': 0.5539373910186982}
11/08/2021 01:24:57 - INFO - __main__ - Found 36 errors.
11/08/2021 01:24:57 - INFO - __main__ - Start error-fixing .... Timecode: 43
11/08/2021 01:25:05 - INFO - __main__ - Start error-fixing .... Done!
11/08/2021 01:25:08 - INFO - __main__ - Overall: 0.6918323863636363 from scores=[0.5099431818181819, 1.0, 0.787109375, 0.724609375, 0.4375]
11/08/2021 01:25:08 - INFO - __main__ - --------------------------------------------------
11/08/2021 01:25:08 - INFO - __main__ - Evaluating to get errors .... Timecode: 44
11/08/2021 01:25:11 - INFO - __main__ - Before Error Fixing: {'EM': 0.4375, 'QA-F1': 0.5522714264901765}
11/08/2021 01:25:11 - INFO - __main__ - Found 36 errors.
11/08/2021 01:25:11 - INFO - __main__ - Start error-fixing .... Timecode: 44
11/08/2021 01:25:19 - INFO - __main__ - Start error-fixing .... Done!
11/08/2021 01:25:22 - INFO - __main__ - Overall: 0.6803993055555555 from scores=[0.5083333333333333, 0.9444444444444444, 0.787109375, 0.724609375, 0.4375]
11/08/2021 01:25:22 - INFO - __main__ - --------------------------------------------------
11/08/2021 01:25:22 - INFO - __main__ - Evaluating to get errors .... Timecode: 45
11/08/2021 01:25:26 - INFO - __main__ - Before Error Fixing: {'EM': 0.484375, 'QA-F1': 0.6201823358088183}
11/08/2021 01:25:26 - INFO - __main__ - Found 33 errors.
11/08/2021 01:25:26 - INFO - __main__ - Start error-fixing .... Timecode: 45
11/08/2021 01:25:32 - INFO - __main__ - Start error-fixing .... Done!
11/08/2021 01:25:34 - INFO - __main__ - Overall: 0.6853456439393939 from scores=[0.5078125, 0.9696969696969697, 0.787109375, 0.724609375, 0.4375]
11/08/2021 01:25:34 - INFO - __main__ - --------------------------------------------------
11/08/2021 01:25:34 - INFO - __main__ - Evaluating to get errors .... Timecode: 46
11/08/2021 01:25:39 - INFO - __main__ - Before Error Fixing: {'EM': 0.4375, 'QA-F1': 0.5555861163631218}
11/08/2021 01:25:39 - INFO - __main__ - Found 36 errors.
11/08/2021 01:25:39 - INFO - __main__ - Start error-fixing .... Timecode: 46
11/08/2021 01:25:46 - INFO - __main__ - Start error-fixing .... Done!
11/08/2021 01:25:49 - INFO - __main__ - Overall: 0.6688848256501182 from scores=[0.5063164893617021, 0.8888888888888888, 0.787109375, 0.724609375, 0.4375]
11/08/2021 01:25:49 - INFO - __main__ - --------------------------------------------------
11/08/2021 01:25:49 - INFO - __main__ - Evaluating to get errors .... Timecode: 47
11/08/2021 01:25:53 - INFO - __main__ - Before Error Fixing: {'EM': 0.40625, 'QA-F1': 0.5111708236283644}
11/08/2021 01:25:53 - INFO - __main__ - Found 38 errors.
11/08/2021 01:25:53 - INFO - __main__ - Start error-fixing .... Timecode: 47
11/08/2021 01:26:00 - INFO - __main__ - Start error-fixing .... Done!
11/08/2021 01:26:03 - INFO - __main__ - Overall: 0.6854269462719298 from scores=[0.5042317708333333, 0.9736842105263158, 0.787109375, 0.724609375, 0.4375]
11/08/2021 01:26:03 - INFO - __main__ - --------------------------------------------------
11/08/2021 01:26:03 - INFO - __main__ - Evaluating to get errors .... Timecode: 48
11/08/2021 01:26:08 - INFO - __main__ - Before Error Fixing: {'EM': 0.375, 'QA-F1': 0.5032199527126398}
11/08/2021 01:26:08 - INFO - __main__ - Found 40 errors.
11/08/2021 01:26:08 - INFO - __main__ - Start error-fixing .... Timecode: 48
11/08/2021 01:26:17 - INFO - __main__ - Start error-fixing .... Done!
11/08/2021 01:26:20 - INFO - __main__ - Overall: 0.6801626275510204 from scores=[0.5015943877551021, 0.95, 0.787109375, 0.724609375, 0.4375]
11/08/2021 01:26:20 - INFO - __main__ - --------------------------------------------------
11/08/2021 01:26:20 - INFO - __main__ - Evaluating to get errors .... Timecode: 49
11/08/2021 01:26:24 - INFO - __main__ - Before Error Fixing: {'EM': 0.453125, 'QA-F1': 0.5546130952380952}
11/08/2021 01:26:24 - INFO - __main__ - Found 35 errors.
11/08/2021 01:26:24 - INFO - __main__ - Start error-fixing .... Timecode: 49
11/08/2021 01:26:32 - INFO - __main__ - Start error-fixing .... Done!
11/08/2021 01:26:34 - INFO - __main__ - Overall: 0.64996875 from scores=[0.500625, 0.8, 0.787109375, 0.724609375, 0.4375]
11/08/2021 01:26:34 - INFO - __main__ - --------------------------------------------------
11/08/2021 01:26:34 - INFO - __main__ - Start eval_knowledge_retention for UKR @ Timecode=50
11/08/2021 01:26:59 - INFO - __main__ - Upstream Knowledge Retation (UKR@50): 0.6309
11/08/2021 01:27:01 - INFO - __main__ - Start eval_knowledge_retention for OKR @ Timecode=50
11/08/2021 01:27:34 - INFO - __main__ - Online Knowledge Retation (OKR@50): 0.8027
11/08/2021 01:27:34 - INFO - __main__ - Start eval_knowledge_generalization for KG @ Timecode=50
11/08/2021 01:28:41 - INFO - __main__ - Future Knowledge Generalization (KG@50): 0.4609
11/08/2021 01:28:41 - INFO - __main__ - Evaluating to get errors .... Timecode: 50
11/08/2021 01:28:44 - INFO - __main__ - Before Error Fixing: {'EM': 0.578125, 'QA-F1': 0.6097470238095237}
11/08/2021 01:28:44 - INFO - __main__ - Found 27 errors.
11/08/2021 01:28:44 - INFO - __main__ - Start error-fixing .... Timecode: 50
11/08/2021 01:28:50 - INFO - __main__ - Start error-fixing .... Done!
11/08/2021 01:28:51 - INFO - __main__ - Overall: 0.67192776416122 from scores=[0.5021446078431373, 0.9629629629629629, 0.802734375, 0.630859375, 0.4609375]
11/08/2021 01:28:53 - INFO - __main__ - Model saved to experiments/ckpt_dirs/qa/er/QA_simplecl_lr=5e-5_ep=5_T=100,b=64,alpha=0.9,beta=0.5,gamma=0.8/model_ckpt_050.pt.
11/08/2021 01:28:54 - INFO - __main__ - Updated result feule: experiments/results/qa/QA_simplecl_lr=5e-5_ep=5_T=100,b=64,alpha=0.9,beta=0.5,gamma=0.8_result.json at Timecode: 50.
11/08/2021 01:28:54 - INFO - __main__ - --------------------------------------------------
11/08/2021 01:28:54 - INFO - __main__ - Evaluating to get errors .... Timecode: 51
11/08/2021 01:28:57 - INFO - __main__ - Before Error Fixing: {'EM': 0.4375, 'QA-F1': 0.4822916666666667}
11/08/2021 01:28:57 - INFO - __main__ - Found 36 errors.
11/08/2021 01:28:58 - INFO - __main__ - Start error-fixing .... Timecode: 51
11/08/2021 01:29:06 - INFO - __main__ - Start error-fixing .... Done!
11/08/2021 01:29:08 - INFO - __main__ - Overall: 0.6624198717948718 from scores=[0.5009014423076923, 0.9166666666666666, 0.802734375, 0.630859375, 0.4609375]
11/08/2021 01:29:08 - INFO - __main__ - --------------------------------------------------
11/08/2021 01:29:08 - INFO - __main__ - Evaluating to get errors .... Timecode: 52
11/08/2021 01:29:11 - INFO - __main__ - Before Error Fixing: {'EM': 0.453125, 'QA-F1': 0.5540940830003329}
11/08/2021 01:29:11 - INFO - __main__ - Found 35 errors.
11/08/2021 01:29:11 - INFO - __main__ - Start error-fixing .... Timecode: 52
11/08/2021 01:29:18 - INFO - __main__ - Start error-fixing .... Done!
11/08/2021 01:29:20 - INFO - __main__ - Overall: 0.67890625 from scores=[0.5, 1.0, 0.802734375, 0.630859375, 0.4609375]
11/08/2021 01:29:20 - INFO - __main__ - --------------------------------------------------
11/08/2021 01:29:20 - INFO - __main__ - Evaluating to get errors .... Timecode: 53
11/08/2021 01:29:23 - INFO - __main__ - Before Error Fixing: {'EM': 0.4375, 'QA-F1': 0.571257215007215}
11/08/2021 01:29:23 - INFO - __main__ - Found 36 errors.
11/08/2021 01:29:23 - INFO - __main__ - Start error-fixing .... Timecode: 53
11/08/2021 01:29:31 - INFO - __main__ - Start error-fixing .... Done!
11/08/2021 01:29:33 - INFO - __main__ - Overall: 0.673119212962963 from scores=[0.49884259259259256, 0.9722222222222222, 0.802734375, 0.630859375, 0.4609375]
11/08/2021 01:29:33 - INFO - __main__ - --------------------------------------------------
11/08/2021 01:29:33 - INFO - __main__ - Evaluating to get errors .... Timecode: 54
11/08/2021 01:29:37 - INFO - __main__ - Before Error Fixing: {'EM': 0.53125, 'QA-F1': 0.6559891642827345}
11/08/2021 01:29:37 - INFO - __main__ - Found 30 errors.
11/08/2021 01:29:37 - INFO - __main__ - Start error-fixing .... Timecode: 54
11/08/2021 01:29:43 - INFO - __main__ - Start error-fixing .... Done!
11/08/2021 01:29:46 - INFO - __main__ - Overall: 0.6454592803030303 from scores=[0.49943181818181814, 0.8333333333333334, 0.802734375, 0.630859375, 0.4609375]
11/08/2021 01:29:46 - INFO - __main__ - --------------------------------------------------
11/08/2021 01:29:46 - INFO - __main__ - Evaluating to get errors .... Timecode: 55
11/08/2021 01:29:51 - INFO - __main__ - Before Error Fixing: {'EM': 0.578125, 'QA-F1': 0.6658536775724275}
11/08/2021 01:29:51 - INFO - __main__ - Found 27 errors.
11/08/2021 01:29:51 - INFO - __main__ - Start error-fixing .... Timecode: 55
11/08/2021 01:29:57 - INFO - __main__ - Start error-fixing .... Done!
11/08/2021 01:29:59 - INFO - __main__ - Overall: 0.6716662533068783 from scores=[0.5008370535714286, 0.9629629629629629, 0.802734375, 0.630859375, 0.4609375]
11/08/2021 01:29:59 - INFO - __main__ - --------------------------------------------------
11/08/2021 01:29:59 - INFO - __main__ - Evaluating to get errors .... Timecode: 56
11/08/2021 01:30:04 - INFO - __main__ - Before Error Fixing: {'EM': 0.53125, 'QA-F1': 0.6113553113553114}
11/08/2021 01:30:04 - INFO - __main__ - Found 30 errors.
11/08/2021 01:30:05 - INFO - __main__ - Start error-fixing .... Timecode: 56
11/08/2021 01:30:11 - INFO - __main__ - Start error-fixing .... Done!
11/08/2021 01:30:13 - INFO - __main__ - Overall: 0.6725137061403509 from scores=[0.5013706140350878, 0.9666666666666667, 0.802734375, 0.630859375, 0.4609375]
11/08/2021 01:30:13 - INFO - __main__ - --------------------------------------------------
11/08/2021 01:30:13 - INFO - __main__ - Evaluating to get errors .... Timecode: 57
11/08/2021 01:30:16 - INFO - __main__ - Before Error Fixing: {'EM': 0.515625, 'QA-F1': 0.5890549516908212}
11/08/2021 01:30:16 - INFO - __main__ - Found 31 errors.
11/08/2021 01:30:16 - INFO - __main__ - Start error-fixing .... Timecode: 57
11/08/2021 01:30:23 - INFO - __main__ - Start error-fixing .... Done!
11/08/2021 01:30:25 - INFO - __main__ - Overall: 0.6340682355394882 from scores=[0.5016163793103448, 0.7741935483870968, 0.802734375, 0.630859375, 0.4609375]
11/08/2021 01:30:25 - INFO - __main__ - --------------------------------------------------
11/08/2021 01:30:25 - INFO - __main__ - Evaluating to get errors .... Timecode: 58
11/08/2021 01:30:29 - INFO - __main__ - Before Error Fixing: {'EM': 0.421875, 'QA-F1': 0.5447916666666667}
11/08/2021 01:30:29 - INFO - __main__ - Found 37 errors.
11/08/2021 01:30:29 - INFO - __main__ - Start error-fixing .... Timecode: 58
11/08/2021 01:30:37 - INFO - __main__ - Start error-fixing .... Done!
11/08/2021 01:30:39 - INFO - __main__ - Overall: 0.6573375944800733 from scores=[0.5002648305084746, 0.8918918918918919, 0.802734375, 0.630859375, 0.4609375]
11/08/2021 01:30:39 - INFO - __main__ - --------------------------------------------------
11/08/2021 01:30:39 - INFO - __main__ - Evaluating to get errors .... Timecode: 59
11/08/2021 01:30:43 - INFO - __main__ - Before Error Fixing: {'EM': 0.53125, 'QA-F1': 0.6814854416416916}
11/08/2021 01:30:43 - INFO - __main__ - Found 30 errors.
11/08/2021 01:30:43 - INFO - __main__ - Start error-fixing .... Timecode: 59
11/08/2021 01:30:49 - INFO - __main__ - Start error-fixing .... Done!
11/08/2021 01:30:51 - INFO - __main__ - Overall: 0.6790625 from scores=[0.50078125, 1.0, 0.802734375, 0.630859375, 0.4609375]
11/08/2021 01:30:51 - INFO - __main__ - --------------------------------------------------
11/08/2021 01:30:51 - INFO - __main__ - Start eval_knowledge_retention for UKR @ Timecode=60
11/08/2021 01:31:18 - INFO - __main__ - Upstream Knowledge Retation (UKR@60): 0.6680
11/08/2021 01:31:20 - INFO - __main__ - Start eval_knowledge_retention for OKR @ Timecode=60
11/08/2021 01:31:57 - INFO - __main__ - Online Knowledge Retation (OKR@60): 0.7773
11/08/2021 01:31:57 - INFO - __main__ - Start eval_knowledge_generalization for KG @ Timecode=60
11/08/2021 01:33:13 - INFO - __main__ - Future Knowledge Generalization (KG@60): 0.4523
11/08/2021 01:33:13 - INFO - __main__ - Evaluating to get errors .... Timecode: 60
11/08/2021 01:33:18 - INFO - __main__ - Before Error Fixing: {'EM': 0.46875, 'QA-F1': 0.5995034405606214}
11/08/2021 01:33:18 - INFO - __main__ - Found 34 errors.
11/08/2021 01:33:18 - INFO - __main__ - Start error-fixing .... Timecode: 60
11/08/2021 01:33:24 - INFO - __main__ - Start error-fixing .... Done!
11/08/2021 01:33:27 - INFO - __main__ - Overall: 0.6737001265670203 from scores=[0.5002561475409837, 0.9705882352941176, 0.77734375, 0.66796875, 0.45234375]
11/08/2021 01:33:29 - INFO - __main__ - Model saved to experiments/ckpt_dirs/qa/er/QA_simplecl_lr=5e-5_ep=5_T=100,b=64,alpha=0.9,beta=0.5,gamma=0.8/model_ckpt_060.pt.
11/08/2021 01:33:29 - INFO - __main__ - Updated result feule: experiments/results/qa/QA_simplecl_lr=5e-5_ep=5_T=100,b=64,alpha=0.9,beta=0.5,gamma=0.8_result.json at Timecode: 60.
11/08/2021 01:33:29 - INFO - __main__ - --------------------------------------------------
11/08/2021 01:33:29 - INFO - __main__ - Evaluating to get errors .... Timecode: 61
11/08/2021 01:33:33 - INFO - __main__ - Before Error Fixing: {'EM': 0.484375, 'QA-F1': 0.6141734699479264}
11/08/2021 01:33:33 - INFO - __main__ - Found 33 errors.
11/08/2021 01:33:33 - INFO - __main__ - Start error-fixing .... Timecode: 61
11/08/2021 01:33:40 - INFO - __main__ - Start error-fixing .... Done!
11/08/2021 01:33:43 - INFO - __main__ - Overall: 0.6674100378787878 from scores=[0.5, 0.9393939393939394, 0.77734375, 0.66796875, 0.45234375]
11/08/2021 01:33:43 - INFO - __main__ - --------------------------------------------------
11/08/2021 01:33:43 - INFO - __main__ - Evaluating to get errors .... Timecode: 62
11/08/2021 01:33:47 - INFO - __main__ - Before Error Fixing: {'EM': 0.578125, 'QA-F1': 0.609375}
11/08/2021 01:33:47 - INFO - __main__ - Found 27 errors.
11/08/2021 01:33:48 - INFO - __main__ - Start error-fixing .... Timecode: 62
11/08/2021 01:33:54 - INFO - __main__ - Start error-fixing .... Done!
11/08/2021 01:33:55 - INFO - __main__ - Overall: 0.6501496362433862 from scores=[0.5012400793650793, 0.8518518518518519, 0.77734375, 0.66796875, 0.45234375]
11/08/2021 01:33:55 - INFO - __main__ - --------------------------------------------------
11/08/2021 01:33:55 - INFO - __main__ - Evaluating to get errors .... Timecode: 63
11/08/2021 01:34:00 - INFO - __main__ - Before Error Fixing: {'EM': 0.5625, 'QA-F1': 0.6223297295817677}
11/08/2021 01:34:00 - INFO - __main__ - Found 28 errors.
11/08/2021 01:34:00 - INFO - __main__ - Start error-fixing .... Timecode: 63
11/08/2021 01:34:06 - INFO - __main__ - Start error-fixing .... Done!
11/08/2021 01:34:09 - INFO - __main__ - Overall: 0.6442564174107142 from scores=[0.502197265625, 0.8214285714285714, 0.77734375, 0.66796875, 0.45234375]
11/08/2021 01:34:09 - INFO - __main__ - --------------------------------------------------
11/08/2021 01:34:09 - INFO - __main__ - Evaluating to get errors .... Timecode: 64
11/08/2021 01:34:13 - INFO - __main__ - Before Error Fixing: {'EM': 0.5, 'QA-F1': 0.5664463141025641}
11/08/2021 01:34:13 - INFO - __main__ - Found 32 errors.
11/08/2021 01:34:13 - INFO - __main__ - Start error-fixing .... Timecode: 64
11/08/2021 01:34:20 - INFO - __main__ - Start error-fixing .... Done!
11/08/2021 01:34:22 - INFO - __main__ - Overall: 0.6612139423076923 from scores=[0.5021634615384616, 0.90625, 0.77734375, 0.66796875, 0.45234375]
11/08/2021 01:34:22 - INFO - __main__ - --------------------------------------------------
11/08/2021 01:34:22 - INFO - __main__ - Evaluating to get errors .... Timecode: 65
11/08/2021 01:34:26 - INFO - __main__ - Before Error Fixing: {'EM': 0.4375, 'QA-F1': 0.5384300595238095}
11/08/2021 01:34:26 - INFO - __main__ - Found 36 errors.
11/08/2021 01:34:26 - INFO - __main__ - Start error-fixing .... Timecode: 65
11/08/2021 01:34:35 - INFO - __main__ - Start error-fixing .... Done!
11/08/2021 01:34:38 - INFO - __main__ - Overall: 0.6575457702020202 from scores=[0.5011837121212122, 0.8888888888888888, 0.77734375, 0.66796875, 0.45234375]
11/08/2021 01:34:38 - INFO - __main__ - --------------------------------------------------
11/08/2021 01:34:38 - INFO - __main__ - Evaluating to get errors .... Timecode: 66
11/08/2021 01:34:42 - INFO - __main__ - Before Error Fixing: {'EM': 0.515625, 'QA-F1': 0.6493160295678149}
11/08/2021 01:34:42 - INFO - __main__ - Found 31 errors.
11/08/2021 01:34:42 - INFO - __main__ - Start error-fixing .... Timecode: 66
11/08/2021 01:34:46 - INFO - __main__ - Start error-fixing .... Done!
11/08/2021 01:34:48 - INFO - __main__ - Overall: 0.6733594878430428 from scores=[0.5013992537313433, 0.967741935483871, 0.77734375, 0.66796875, 0.45234375]
11/08/2021 01:34:48 - INFO - __main__ - --------------------------------------------------
11/08/2021 01:34:48 - INFO - __main__ - Evaluating to get errors .... Timecode: 67
11/08/2021 01:34:53 - INFO - __main__ - Before Error Fixing: {'EM': 0.53125, 'QA-F1': 0.6561546481535705}
11/08/2021 01:34:53 - INFO - __main__ - Found 30 errors.
11/08/2021 01:34:53 - INFO - __main__ - Start error-fixing .... Timecode: 67
11/08/2021 01:34:58 - INFO - __main__ - Start error-fixing .... Done!
11/08/2021 01:35:00 - INFO - __main__ - Overall: 0.6732322303921568 from scores=[0.5018382352941176, 0.9666666666666667, 0.77734375, 0.66796875, 0.45234375]
11/08/2021 01:35:00 - INFO - __main__ - --------------------------------------------------
11/08/2021 01:35:00 - INFO - __main__ - Evaluating to get errors .... Timecode: 68
11/08/2021 01:35:04 - INFO - __main__ - Before Error Fixing: {'EM': 0.40625, 'QA-F1': 0.4835700757575757}
11/08/2021 01:35:04 - INFO - __main__ - Found 38 errors.
11/08/2021 01:35:04 - INFO - __main__ - Start error-fixing .... Timecode: 68
11/08/2021 01:35:12 - INFO - __main__ - Start error-fixing .... Done!
11/08/2021 01:35:14 - INFO - __main__ - Overall: 0.6743586718154081 from scores=[0.5004528985507246, 0.9736842105263158, 0.77734375, 0.66796875, 0.45234375]
11/08/2021 01:35:14 - INFO - __main__ - --------------------------------------------------
11/08/2021 01:35:14 - INFO - __main__ - Evaluating to get errors .... Timecode: 69
11/08/2021 01:35:17 - INFO - __main__ - Before Error Fixing: {'EM': 0.484375, 'QA-F1': 0.56875}
11/08/2021 01:35:17 - INFO - __main__ - Found 33 errors.
11/08/2021 01:35:17 - INFO - __main__ - Start error-fixing .... Timecode: 69
11/08/2021 01:35:25 - INFO - __main__ - Start error-fixing .... Done!
11/08/2021 01:35:27 - INFO - __main__ - Overall: 0.6795758928571429 from scores=[0.5002232142857144, 1.0, 0.77734375, 0.66796875, 0.45234375]
11/08/2021 01:35:27 - INFO - __main__ - --------------------------------------------------
11/08/2021 01:35:27 - INFO - __main__ - Start eval_knowledge_retention for UKR @ Timecode=70
11/08/2021 01:35:53 - INFO - __main__ - Upstream Knowledge Retation (UKR@70): 0.6387
11/08/2021 01:35:54 - INFO - __main__ - Start eval_knowledge_retention for OKR @ Timecode=70
11/08/2021 01:36:24 - INFO - __main__ - Online Knowledge Retation (OKR@70): 0.8086
11/08/2021 01:36:24 - INFO - __main__ - Start eval_knowledge_generalization for KG @ Timecode=70
11/08/2021 01:37:31 - INFO - __main__ - Future Knowledge Generalization (KG@70): 0.5000
11/08/2021 01:37:31 - INFO - __main__ - Evaluating to get errors .... Timecode: 70
11/08/2021 01:37:35 - INFO - __main__ - Before Error Fixing: {'EM': 0.515625, 'QA-F1': 0.658908326328403}
11/08/2021 01:37:35 - INFO - __main__ - Found 31 errors.
11/08/2021 01:37:35 - INFO - __main__ - Start error-fixing .... Timecode: 70
11/08/2021 01:37:40 - INFO - __main__ - Start error-fixing .... Done!
11/08/2021 01:37:42 - INFO - __main__ - Overall: 0.6701863144593367 from scores=[0.5004401408450705, 0.9032258064516129, 0.80859375, 0.638671875, 0.5]
11/08/2021 01:37:44 - INFO - __main__ - Model saved to experiments/ckpt_dirs/qa/er/QA_simplecl_lr=5e-5_ep=5_T=100,b=64,alpha=0.9,beta=0.5,gamma=0.8/model_ckpt_070.pt.
11/08/2021 01:37:44 - INFO - __main__ - Updated result feule: experiments/results/qa/QA_simplecl_lr=5e-5_ep=5_T=100,b=64,alpha=0.9,beta=0.5,gamma=0.8_result.json at Timecode: 70.
11/08/2021 01:37:44 - INFO - __main__ - --------------------------------------------------
11/08/2021 01:37:44 - INFO - __main__ - Evaluating to get errors .... Timecode: 71
11/08/2021 01:37:48 - INFO - __main__ - Before Error Fixing: {'EM': 0.53125, 'QA-F1': 0.5968778617216117}
11/08/2021 01:37:48 - INFO - __main__ - Found 30 errors.
11/08/2021 01:37:48 - INFO - __main__ - Start error-fixing .... Timecode: 71
11/08/2021 01:37:54 - INFO - __main__ - Start error-fixing .... Done!
11/08/2021 01:37:56 - INFO - __main__ - Overall: 0.6696267361111111 from scores=[0.5008680555555556, 0.9, 0.80859375, 0.638671875, 0.5]
11/08/2021 01:37:56 - INFO - __main__ - --------------------------------------------------
11/08/2021 01:37:56 - INFO - __main__ - Evaluating to get errors .... Timecode: 72
11/08/2021 01:38:00 - INFO - __main__ - Before Error Fixing: {'EM': 0.609375, 'QA-F1': 0.6880952380952381}
11/08/2021 01:38:00 - INFO - __main__ - Found 25 errors.
11/08/2021 01:38:00 - INFO - __main__ - Start error-fixing .... Timecode: 72
11/08/2021 01:38:06 - INFO - __main__ - Start error-fixing .... Done!
11/08/2021 01:38:08 - INFO - __main__ - Overall: 0.6659240154109589 from scores=[0.5023544520547945, 0.88, 0.80859375, 0.638671875, 0.5]
11/08/2021 01:38:08 - INFO - __main__ - --------------------------------------------------
11/08/2021 01:38:08 - INFO - __main__ - Evaluating to get errors .... Timecode: 73
11/08/2021 01:38:12 - INFO - __main__ - Before Error Fixing: {'EM': 0.640625, 'QA-F1': 0.664453125}
11/08/2021 01:38:12 - INFO - __main__ - Found 23 errors.
11/08/2021 01:38:12 - INFO - __main__ - Start error-fixing .... Timecode: 73
11/08/2021 01:38:17 - INFO - __main__ - Start error-fixing .... Done!
11/08/2021 01:38:19 - INFO - __main__ - Overall: 0.6468194587250294 from scores=[0.504222972972973, 0.782608695652174, 0.80859375, 0.638671875, 0.5]
11/08/2021 01:38:19 - INFO - __main__ - --------------------------------------------------
11/08/2021 01:38:19 - INFO - __main__ - Evaluating to get errors .... Timecode: 74
11/08/2021 01:38:22 - INFO - __main__ - Before Error Fixing: {'EM': 0.53125, 'QA-F1': 0.5825520833333333}
11/08/2021 01:38:22 - INFO - __main__ - Found 30 errors.
11/08/2021 01:38:22 - INFO - __main__ - Start error-fixing .... Timecode: 74
11/08/2021 01:38:29 - INFO - __main__ - Start error-fixing .... Done!
11/08/2021 01:38:30 - INFO - __main__ - Overall: 0.6703697916666667 from scores=[0.5045833333333334, 0.9, 0.80859375, 0.638671875, 0.5]
11/08/2021 01:38:30 - INFO - __main__ - --------------------------------------------------
11/08/2021 01:38:30 - INFO - __main__ - Evaluating to get errors .... Timecode: 75
11/08/2021 01:38:34 - INFO - __main__ - Before Error Fixing: {'EM': 0.515625, 'QA-F1': 0.5911458333333334}
11/08/2021 01:38:34 - INFO - __main__ - Found 31 errors.
11/08/2021 01:38:34 - INFO - __main__ - Start error-fixing .... Timecode: 75
11/08/2021 01:38:41 - INFO - __main__ - Start error-fixing .... Done!
11/08/2021 01:38:43 - INFO - __main__ - Overall: 0.6710440099745332 from scores=[0.5047286184210527, 0.9032258064516129, 0.80859375, 0.638671875, 0.5]
11/08/2021 01:38:43 - INFO - __main__ - --------------------------------------------------
11/08/2021 01:38:43 - INFO - __main__ - Evaluating to get errors .... Timecode: 76
11/08/2021 01:38:48 - INFO - __main__ - Before Error Fixing: {'EM': 0.5625, 'QA-F1': 0.6701632395382395}
11/08/2021 01:38:48 - INFO - __main__ - Found 28 errors.
11/08/2021 01:38:48 - INFO - __main__ - Start error-fixing .... Timecode: 76
11/08/2021 01:38:54 - INFO - __main__ - Start error-fixing .... Done!
11/08/2021 01:38:56 - INFO - __main__ - Overall: 0.676263189935065 from scores=[0.5054788961038961, 0.9285714285714286, 0.80859375, 0.638671875, 0.5]
11/08/2021 01:38:56 - INFO - __main__ - --------------------------------------------------
11/08/2021 01:38:56 - INFO - __main__ - Evaluating to get errors .... Timecode: 77
11/08/2021 01:39:00 - INFO - __main__ - Before Error Fixing: {'EM': 0.53125, 'QA-F1': 0.6045882936507936}
11/08/2021 01:39:00 - INFO - __main__ - Found 30 errors.
11/08/2021 01:39:00 - INFO - __main__ - Start error-fixing .... Timecode: 77
11/08/2021 01:39:07 - INFO - __main__ - Start error-fixing .... Done!
11/08/2021 01:39:09 - INFO - __main__ - Overall: 0.6772816506410256 from scores=[0.5058092948717949, 0.9333333333333333, 0.80859375, 0.638671875, 0.5]
11/08/2021 01:39:09 - INFO - __main__ - --------------------------------------------------
11/08/2021 01:39:09 - INFO - __main__ - Evaluating to get errors .... Timecode: 78
11/08/2021 01:39:12 - INFO - __main__ - Before Error Fixing: {'EM': 0.59375, 'QA-F1': 0.6824032738095238}
11/08/2021 01:39:12 - INFO - __main__ - Found 26 errors.
11/08/2021 01:39:12 - INFO - __main__ - Start error-fixing .... Timecode: 78
11/08/2021 01:39:18 - INFO - __main__ - Start error-fixing .... Done!
11/08/2021 01:39:20 - INFO - __main__ - Overall: 0.6754530032862707 from scores=[0.5069224683544304, 0.9230769230769231, 0.80859375, 0.638671875, 0.5]
11/08/2021 01:39:20 - INFO - __main__ - --------------------------------------------------
11/08/2021 01:39:20 - INFO - __main__ - Evaluating to get errors .... Timecode: 79
11/08/2021 01:39:23 - INFO - __main__ - Before Error Fixing: {'EM': 0.515625, 'QA-F1': 0.5714285714285714}
11/08/2021 01:39:23 - INFO - __main__ - Found 31 errors.
11/08/2021 01:39:23 - INFO - __main__ - Start error-fixing .... Timecode: 79
11/08/2021 01:39:30 - INFO - __main__ - Start error-fixing .... Done!
11/08/2021 01:39:32 - INFO - __main__ - Overall: 0.6908593749999999 from scores=[0.50703125, 1.0, 0.80859375, 0.638671875, 0.5]
11/08/2021 01:39:32 - INFO - __main__ - --------------------------------------------------
11/08/2021 01:39:32 - INFO - __main__ - Start eval_knowledge_retention for UKR @ Timecode=80
11/08/2021 01:40:02 - INFO - __main__ - Upstream Knowledge Retation (UKR@80): 0.6562
11/08/2021 01:40:03 - INFO - __main__ - Start eval_knowledge_retention for OKR @ Timecode=80
11/08/2021 01:40:38 - INFO - __main__ - Online Knowledge Retation (OKR@80): 0.7949
11/08/2021 01:40:38 - INFO - __main__ - Start eval_knowledge_generalization for KG @ Timecode=80
11/08/2021 01:41:55 - INFO - __main__ - Future Knowledge Generalization (KG@80): 0.4594
11/08/2021 01:41:55 - INFO - __main__ - Evaluating to get errors .... Timecode: 80
11/08/2021 01:41:58 - INFO - __main__ - Before Error Fixing: {'EM': 0.578125, 'QA-F1': 0.6117559523809524}
11/08/2021 01:41:58 - INFO - __main__ - Found 27 errors.
11/08/2021 01:41:59 - INFO - __main__ - Start error-fixing .... Timecode: 80
11/08/2021 01:42:05 - INFO - __main__ - Start error-fixing .... Done!
11/08/2021 01:42:06 - INFO - __main__ - Overall: 0.668876350308642 from scores=[0.507908950617284, 0.9259259259259259, 0.794921875, 0.65625, 0.459375]
11/08/2021 01:42:08 - INFO - __main__ - Model saved to experiments/ckpt_dirs/qa/er/QA_simplecl_lr=5e-5_ep=5_T=100,b=64,alpha=0.9,beta=0.5,gamma=0.8/model_ckpt_080.pt.
11/08/2021 01:42:08 - INFO - __main__ - Updated result feule: experiments/results/qa/QA_simplecl_lr=5e-5_ep=5_T=100,b=64,alpha=0.9,beta=0.5,gamma=0.8_result.json at Timecode: 80.
11/08/2021 01:42:08 - INFO - __main__ - --------------------------------------------------
11/08/2021 01:42:08 - INFO - __main__ - Evaluating to get errors .... Timecode: 81
11/08/2021 01:42:12 - INFO - __main__ - Before Error Fixing: {'EM': 0.453125, 'QA-F1': 0.6145377555983375}
11/08/2021 01:42:12 - INFO - __main__ - Found 35 errors.
11/08/2021 01:42:12 - INFO - __main__ - Start error-fixing .... Timecode: 81
11/08/2021 01:42:19 - INFO - __main__ - Start error-fixing .... Done!
11/08/2021 01:42:23 - INFO - __main__ - Overall: 0.6721289743031359 from scores=[0.5072408536585367, 0.9428571428571428, 0.794921875, 0.65625, 0.459375]
11/08/2021 01:42:23 - INFO - __main__ - --------------------------------------------------
11/08/2021 01:42:23 - INFO - __main__ - Evaluating to get errors .... Timecode: 82
11/08/2021 01:42:27 - INFO - __main__ - Before Error Fixing: {'EM': 0.515625, 'QA-F1': 0.5879560406698565}
11/08/2021 01:42:27 - INFO - __main__ - Found 31 errors.
11/08/2021 01:42:27 - INFO - __main__ - Start error-fixing .... Timecode: 82
11/08/2021 01:42:34 - INFO - __main__ - Start error-fixing .... Done!
11/08/2021 01:42:36 - INFO - __main__ - Overall: 0.6448680710746211 from scores=[0.5073418674698795, 0.8064516129032258, 0.794921875, 0.65625, 0.459375]
11/08/2021 01:42:36 - INFO - __main__ - --------------------------------------------------
11/08/2021 01:42:36 - INFO - __main__ - Evaluating to get errors .... Timecode: 83
11/08/2021 01:42:39 - INFO - __main__ - Before Error Fixing: {'EM': 0.453125, 'QA-F1': 0.49995265151515156}
11/08/2021 01:42:39 - INFO - __main__ - Found 35 errors.
11/08/2021 01:42:39 - INFO - __main__ - Start error-fixing .... Timecode: 83
11/08/2021 01:42:47 - INFO - __main__ - Start error-fixing .... Done!
11/08/2021 01:42:49 - INFO - __main__ - Overall: 0.6720200892857143 from scores=[0.5066964285714286, 0.9428571428571428, 0.794921875, 0.65625, 0.459375]
11/08/2021 01:42:49 - INFO - __main__ - --------------------------------------------------
11/08/2021 01:42:49 - INFO - __main__ - Evaluating to get errors .... Timecode: 84
11/08/2021 01:42:52 - INFO - __main__ - Before Error Fixing: {'EM': 0.515625, 'QA-F1': 0.5737580128205129}
11/08/2021 01:42:52 - INFO - __main__ - Found 31 errors.
11/08/2021 01:42:52 - INFO - __main__ - Start error-fixing .... Timecode: 84
11/08/2021 01:42:59 - INFO - __main__ - Start error-fixing .... Done!
11/08/2021 01:43:01 - INFO - __main__ - Overall: 0.6447599916982922 from scores=[0.5068014705882353, 0.8064516129032258, 0.794921875, 0.65625, 0.459375]
11/08/2021 01:43:01 - INFO - __main__ - --------------------------------------------------
11/08/2021 01:43:01 - INFO - __main__ - Evaluating to get errors .... Timecode: 85
11/08/2021 01:43:04 - INFO - __main__ - Before Error Fixing: {'EM': 0.46875, 'QA-F1': 0.5033854166666667}
11/08/2021 01:43:04 - INFO - __main__ - Found 34 errors.
11/08/2021 01:43:05 - INFO - __main__ - Start error-fixing .... Timecode: 85
11/08/2021 01:43:13 - INFO - __main__ - Start error-fixing .... Done!
11/08/2021 01:43:14 - INFO - __main__ - Overall: 0.6598517655608755 from scores=[0.506359011627907, 0.8823529411764706, 0.794921875, 0.65625, 0.459375]
11/08/2021 01:43:14 - INFO - __main__ - --------------------------------------------------
11/08/2021 01:43:14 - INFO - __main__ - Evaluating to get errors .... Timecode: 86
11/08/2021 01:43:19 - INFO - __main__ - Before Error Fixing: {'EM': 0.53125, 'QA-F1': 0.5941815476190476}
11/08/2021 01:43:19 - INFO - __main__ - Found 30 errors.
11/08/2021 01:43:19 - INFO - __main__ - Start error-fixing .... Timecode: 86
11/08/2021 01:43:26 - INFO - __main__ - Start error-fixing .... Done!
11/08/2021 01:43:29 - INFO - __main__ - Overall: 0.6434383979885058 from scores=[0.5066451149425287, 0.8, 0.794921875, 0.65625, 0.459375]
11/08/2021 01:43:29 - INFO - __main__ - --------------------------------------------------
11/08/2021 01:43:29 - INFO - __main__ - Evaluating to get errors .... Timecode: 87
11/08/2021 01:43:33 - INFO - __main__ - Before Error Fixing: {'EM': 0.515625, 'QA-F1': 0.560968978937729}
11/08/2021 01:43:33 - INFO - __main__ - Found 31 errors.
11/08/2021 01:43:34 - INFO - __main__ - Start error-fixing .... Timecode: 87
11/08/2021 01:43:41 - INFO - __main__ - Start error-fixing .... Done!
11/08/2021 01:43:43 - INFO - __main__ - Overall: 0.6512007423020528 from scores=[0.5067471590909092, 0.8387096774193549, 0.794921875, 0.65625, 0.459375]
11/08/2021 01:43:43 - INFO - __main__ - --------------------------------------------------
11/08/2021 01:43:43 - INFO - __main__ - Evaluating to get errors .... Timecode: 88
11/08/2021 01:43:46 - INFO - __main__ - Before Error Fixing: {'EM': 0.625, 'QA-F1': 0.6758319805194806}
11/08/2021 01:43:46 - INFO - __main__ - Found 24 errors.
11/08/2021 01:43:46 - INFO - __main__ - Start error-fixing .... Timecode: 88
11/08/2021 01:43:51 - INFO - __main__ - Start error-fixing .... Done!
11/08/2021 01:43:53 - INFO - __main__ - Overall: 0.6753912102059926 from scores=[0.5080758426966292, 0.9583333333333334, 0.794921875, 0.65625, 0.459375]
11/08/2021 01:43:53 - INFO - __main__ - --------------------------------------------------
11/08/2021 01:43:53 - INFO - __main__ - Evaluating to get errors .... Timecode: 89
11/08/2021 01:43:56 - INFO - __main__ - Before Error Fixing: {'EM': 0.578125, 'QA-F1': 0.6385416666666667}
11/08/2021 01:43:56 - INFO - __main__ - Found 27 errors.
11/08/2021 01:43:57 - INFO - __main__ - Start error-fixing .... Timecode: 89
11/08/2021 01:44:03 - INFO - __main__ - Start error-fixing .... Done!
11/08/2021 01:44:04 - INFO - __main__ - Overall: 0.6838802083333333 from scores=[0.5088541666666666, 1.0, 0.794921875, 0.65625, 0.459375]
11/08/2021 01:44:04 - INFO - __main__ - --------------------------------------------------
11/08/2021 01:44:04 - INFO - __main__ - Start eval_knowledge_retention for UKR @ Timecode=90
11/08/2021 01:44:29 - INFO - __main__ - Upstream Knowledge Retation (UKR@90): 0.6758
11/08/2021 01:44:30 - INFO - __main__ - Start eval_knowledge_retention for OKR @ Timecode=90
11/08/2021 01:45:00 - INFO - __main__ - Online Knowledge Retation (OKR@90): 0.8223
11/08/2021 01:45:00 - INFO - __main__ - Start eval_knowledge_generalization for KG @ Timecode=90
11/08/2021 01:46:07 - INFO - __main__ - Future Knowledge Generalization (KG@90): 0.4922
11/08/2021 01:46:07 - INFO - __main__ - Evaluating to get errors .... Timecode: 90
11/08/2021 01:46:11 - INFO - __main__ - Before Error Fixing: {'EM': 0.515625, 'QA-F1': 0.5322916666666666}
11/08/2021 01:46:11 - INFO - __main__ - Found 31 errors.
11/08/2021 01:46:11 - INFO - __main__ - Start error-fixing .... Timecode: 90
11/08/2021 01:46:18 - INFO - __main__ - Start error-fixing .... Done!
11/08/2021 01:46:20 - INFO - __main__ - Overall: 0.6998325892857142 from scores=[0.5089285714285714, 1.0, 0.822265625, 0.67578125, 0.4921875]
11/08/2021 01:46:22 - INFO - __main__ - Model saved to experiments/ckpt_dirs/qa/er/QA_simplecl_lr=5e-5_ep=5_T=100,b=64,alpha=0.9,beta=0.5,gamma=0.8/model_ckpt_090.pt.
11/08/2021 01:46:22 - INFO - __main__ - Updated result feule: experiments/results/qa/QA_simplecl_lr=5e-5_ep=5_T=100,b=64,alpha=0.9,beta=0.5,gamma=0.8_result.json at Timecode: 90.
11/08/2021 01:46:22 - INFO - __main__ - --------------------------------------------------
11/08/2021 01:46:22 - INFO - __main__ - Evaluating to get errors .... Timecode: 91
11/08/2021 01:46:26 - INFO - __main__ - Before Error Fixing: {'EM': 0.53125, 'QA-F1': 0.646482683982684}
11/08/2021 01:46:26 - INFO - __main__ - Found 30 errors.
11/08/2021 01:46:26 - INFO - __main__ - Start error-fixing .... Timecode: 91
11/08/2021 01:46:32 - INFO - __main__ - Start error-fixing .... Done!
11/08/2021 01:46:34 - INFO - __main__ - Overall: 0.6998811141304347 from scores=[0.5091711956521738, 1.0, 0.822265625, 0.67578125, 0.4921875]
11/08/2021 01:46:34 - INFO - __main__ - --------------------------------------------------
11/08/2021 01:46:34 - INFO - __main__ - Evaluating to get errors .... Timecode: 92
11/08/2021 01:46:37 - INFO - __main__ - Before Error Fixing: {'EM': 0.5625, 'QA-F1': 0.688260779790385}
11/08/2021 01:46:37 - INFO - __main__ - Found 28 errors.
11/08/2021 01:46:37 - INFO - __main__ - Start error-fixing .... Timecode: 92
11/08/2021 01:46:43 - INFO - __main__ - Start error-fixing .... Done!
11/08/2021 01:46:45 - INFO - __main__ - Overall: 0.6999957997311828 from scores=[0.509744623655914, 1.0, 0.822265625, 0.67578125, 0.4921875]
11/08/2021 01:46:45 - INFO - __main__ - --------------------------------------------------
11/08/2021 01:46:45 - INFO - __main__ - Evaluating to get errors .... Timecode: 93
11/08/2021 01:46:49 - INFO - __main__ - Before Error Fixing: {'EM': 0.578125, 'QA-F1': 0.6996527777777778}
11/08/2021 01:46:49 - INFO - __main__ - Found 27 errors.
11/08/2021 01:46:49 - INFO - __main__ - Start error-fixing .... Timecode: 93
11/08/2021 01:46:54 - INFO - __main__ - Start error-fixing .... Done!
11/08/2021 01:46:56 - INFO - __main__ - Overall: 0.6853264750788022 from scores=[0.5104720744680851, 0.9259259259259259, 0.822265625, 0.67578125, 0.4921875]
11/08/2021 01:46:56 - INFO - __main__ - --------------------------------------------------
11/08/2021 01:46:56 - INFO - __main__ - Evaluating to get errors .... Timecode: 94
11/08/2021 01:46:59 - INFO - __main__ - Before Error Fixing: {'EM': 0.578125, 'QA-F1': 0.617013888888889}
11/08/2021 01:46:59 - INFO - __main__ - Found 27 errors.
11/08/2021 01:46:59 - INFO - __main__ - Start error-fixing .... Timecode: 94
11/08/2021 01:47:06 - INFO - __main__ - Start error-fixing .... Done!
11/08/2021 01:47:07 - INFO - __main__ - Overall: 0.6928763096978557 from scores=[0.5111842105263158, 0.9629629629629629, 0.822265625, 0.67578125, 0.4921875]
11/08/2021 01:47:07 - INFO - __main__ - --------------------------------------------------
11/08/2021 01:47:07 - INFO - __main__ - Evaluating to get errors .... Timecode: 95
11/08/2021 01:47:12 - INFO - __main__ - Before Error Fixing: {'EM': 0.453125, 'QA-F1': 0.5950757095977683}
11/08/2021 01:47:12 - INFO - __main__ - Found 35 errors.
11/08/2021 01:47:12 - INFO - __main__ - Start error-fixing .... Timecode: 95
11/08/2021 01:47:20 - INFO - __main__ - Start error-fixing .... Done!
11/08/2021 01:47:23 - INFO - __main__ - Overall: 0.6887341889880952 from scores=[0.5105794270833333, 0.9428571428571428, 0.822265625, 0.67578125, 0.4921875]
11/08/2021 01:47:23 - INFO - __main__ - --------------------------------------------------
11/08/2021 01:47:23 - INFO - __main__ - Evaluating to get errors .... Timecode: 96
11/08/2021 01:47:28 - INFO - __main__ - Before Error Fixing: {'EM': 0.5, 'QA-F1': 0.6200535784720049}
11/08/2021 01:47:28 - INFO - __main__ - Found 32 errors.
11/08/2021 01:47:28 - INFO - __main__ - Start error-fixing .... Timecode: 96
11/08/2021 01:47:35 - INFO - __main__ - Start error-fixing .... Done!
11/08/2021 01:47:38 - INFO - __main__ - Overall: 0.6876409471649485 from scores=[0.5104703608247423, 0.9375, 0.822265625, 0.67578125, 0.4921875]
11/08/2021 01:47:38 - INFO - __main__ - --------------------------------------------------
11/08/2021 01:47:38 - INFO - __main__ - Evaluating to get errors .... Timecode: 97
11/08/2021 01:47:42 - INFO - __main__ - Before Error Fixing: {'EM': 0.515625, 'QA-F1': 0.6360177637603625}
11/08/2021 01:47:42 - INFO - __main__ - Found 31 errors.
11/08/2021 01:47:42 - INFO - __main__ - Start error-fixing .... Timecode: 97
11/08/2021 01:47:49 - INFO - __main__ - Start error-fixing .... Done!
11/08/2021 01:47:52 - INFO - __main__ - Overall: 0.6678934023206057 from scores=[0.5105229591836735, 0.8387096774193549, 0.822265625, 0.67578125, 0.4921875]
11/08/2021 01:47:52 - INFO - __main__ - --------------------------------------------------
11/08/2021 01:47:52 - INFO - __main__ - Evaluating to get errors .... Timecode: 98
11/08/2021 01:47:55 - INFO - __main__ - Before Error Fixing: {'EM': 0.609375, 'QA-F1': 0.694953353937729}
11/08/2021 01:47:55 - INFO - __main__ - Found 25 errors.
11/08/2021 01:47:56 - INFO - __main__ - Start error-fixing .... Timecode: 98
11/08/2021 01:48:02 - INFO - __main__ - Start error-fixing .... Done!
11/08/2021 01:48:03 - INFO - __main__ - Overall: 0.7003511679292929 from scores=[0.5115214646464646, 1.0, 0.822265625, 0.67578125, 0.4921875]
11/08/2021 01:48:03 - INFO - __main__ - --------------------------------------------------
11/08/2021 01:48:03 - INFO - __main__ - Start eval_knowledge_retention for UKR @ Timecode=99
11/08/2021 01:48:33 - INFO - __main__ - Upstream Knowledge Retation (UKR@99): 0.6230
11/08/2021 01:48:34 - INFO - __main__ - Start eval_knowledge_retention for OKR @ Timecode=99
11/08/2021 01:49:07 - INFO - __main__ - Online Knowledge Retation (OKR@99): 0.8027
11/08/2021 01:49:07 - INFO - __main__ - Start eval_knowledge_generalization for KG @ Timecode=99
11/08/2021 01:50:20 - INFO - __main__ - Future Knowledge Generalization (KG@99): 0.4711
11/08/2021 01:50:20 - INFO - __main__ - Evaluating to get errors .... Timecode: 99
11/08/2021 01:50:23 - INFO - __main__ - Before Error Fixing: {'EM': 0.5625, 'QA-F1': 0.6541666666666667}
11/08/2021 01:50:23 - INFO - __main__ - Found 28 errors.
11/08/2021 01:50:24 - INFO - __main__ - Start error-fixing .... Timecode: 99
11/08/2021 01:50:30 - INFO - __main__ - Start error-fixing .... Done!
11/08/2021 01:50:31 - INFO - __main__ - Overall: 0.6674955357142858 from scores=[0.5120312499999999, 0.9285714285714286, 0.802734375, 0.623046875, 0.47109375]
11/08/2021 01:50:31 - INFO - __main__ - --------------------------------------------------
11/08/2021 01:50:31 - INFO - __main__ - Start the final evaluation.
11/08/2021 01:50:31 - INFO - __main__ - Nothing here.
11/08/2021 01:50:33 - INFO - __main__ - Model saved to experiments/ckpt_dirs/qa/er/QA_simplecl_lr=5e-5_ep=5_T=100,b=64,alpha=0.9,beta=0.5,gamma=0.8/model_ckpt_100.pt.
11/08/2021 01:50:33 - INFO - __main__ - Updated result feule: experiments/results/qa/QA_simplecl_lr=5e-5_ep=5_T=100,b=64,alpha=0.9,beta=0.5,gamma=0.8_result.json at Timecode: 100.
11/08/2021 01:50:33 - INFO - __main__ - Finished. Results saved to experiments/results/qa/QA_simplecl_lr=5e-5_ep=5_T=100,b=64,alpha=0.9,beta=0.5,gamma=0.8_result.json

