
11/02/2021 17:54:25 - INFO - __main__ - Namespace(adam_epsilon=1e-08, adapter_dim=32, append_another_bos=1, base_model_path='out/mrqa_squad_bart-base_1029_upstream_model//best-model.pt', base_model_type='facebook/bart-base', ckpt_dir='experiments/ckpt_dirs/qa/simplecl', cl_method_name='simple_cl', current_thread_id=None, do_lowercase=False, ewc_gamma=1, ewc_lambda=0.5, example_encoder_name='roberta-base', freeze_embeds=False, gradient_accumulation_steps=1, heldout_submission_data='experiments/eval_data/qa/heldout_eval.jsonl', index_rank_method='most_similar', indexing_args_path='exp_results/supervision_data/1012_dm_simple.train_args.json', indexing_method='bart_index', inference_query_size=1, init_memory_cache_path='bug_data/memory_key_cache.pkl', kg_eval_freq=10, kg_eval_mode='metric', kr_eval_freq=5, kr_eval_mode='metric', learning_rate=5e-05, local_adapt_lr=1e-05, max_grad_norm=0.1, max_input_length=888, max_output_length=50, max_timecode=100, memory_key_encoder='facebook/bart-base', memory_path='', memory_store_rate=1.0, mir_abalation_args='none', num_adapt_epochs=1, num_beams=3, num_threads_eval=0, num_train_epochs=5.0, okr_sample_seed=1337, okr_sample_size=512, path_to_thread_result=None, predict_batch_size=32, prefix='QA_simplecl_lr=5e-5_ep=5', replay_candidate_size=8, replay_frequency=1, replay_size=8, result_file='experiments/results/qa/QA_simplecl_lr=5e-5_ep=5_result.json', save_ckpt_freq=100, seed=42, skip_instant_eval=False, submission_stream_data='experiments/eval_data/qa/submission_stream.T=100,b=64,alpha=0.98,beta=0.7,gamma=0.5.json', task_emb_dim=768, task_name='mrqa', train_batch_size=8, upstream_data_path='data/mrqa_squad/mrqa_squad_train.jsonl', upstream_eval_data='experiments/eval_data/qa/upstream_eval.jsonl', upstream_sample_ratio=-1, use_mir=False, use_replay_mix=False, use_wandb=True, weight_decay=0.01)
11/02/2021 17:54:25 - INFO - transformers.tokenization_utils - loading file https://s3.amazonaws.com/models.huggingface.co/bert/roberta-large-vocab.json from cache at /private/home/yuchenlin/.cache/torch/transformers/1ae1f5b6e2b22b25ccc04c000bb79ca847aa226d0761536b011cf7e5868f0655.ef00af9e673c7160b4d41cfda1f48c5f4cba57d5142754525572a846a1ab1b9b
11/02/2021 17:54:25 - INFO - transformers.tokenization_utils - loading file https://s3.amazonaws.com/models.huggingface.co/bert/roberta-large-merges.txt from cache at /private/home/yuchenlin/.cache/torch/transformers/f8f83199a6270d582d6245dc100e99c4155de81c9745c6248077018fe01abcfb.70bec105b4158ed9a1747fea67a43f5dee97855c64d62b6ec3742f4cfdb5feda
11/02/2021 17:54:42 - INFO - __main__ - load_data: len(upstream_eval_examples)=512
11/02/2021 17:54:43 - INFO - __main__ - load_data: len(heldout_eval_examples)=1280
11/02/2021 17:54:46 - INFO - __main__ - Loading checkpoint from out/mrqa_squad_bart-base_1029_upstream_model//best-model.pt for facebook/bart-base .....
11/02/2021 17:54:47 - INFO - transformers.configuration_utils - loading configuration file https://s3.amazonaws.com/models.huggingface.co/bert/facebook/bart-base/config.json from cache at /private/home/yuchenlin/.cache/torch/transformers/09f4fcaeaf785dd3b97b085d6e3510c7081f586ec8e75981683c6299c0f81d9d.e8d516ad807436d395effad8c2326786872659b7dd1210827ac67c761198a0eb
11/02/2021 17:54:47 - INFO - transformers.configuration_utils - Model config BartConfig {
  "activation_dropout": 0.1,
  "activation_function": "gelu",
  "add_bias_logits": false,
  "add_final_layer_norm": false,
  "architectures": [
    "BartModel",
    "BartForConditionalGeneration",
    "BartForSequenceClassification"
  ],
  "attention_dropout": 0.1,
  "bos_token_id": 0,
  "classif_dropout": 0.0,
  "d_model": 768,
  "decoder_attention_heads": 12,
  "decoder_ffn_dim": 3072,
  "decoder_layerdrop": 0.0,
  "decoder_layers": 6,
  "decoder_start_token_id": 2,
  "dropout": 0.1,
  "early_stopping": true,
  "encoder_attention_heads": 12,
  "encoder_ffn_dim": 3072,
  "encoder_layerdrop": 0.0,
  "encoder_layers": 6,
  "eos_token_id": 2,
  "id2label": {
    "0": "LABEL_0",
    "1": "LABEL_1",
    "2": "LABEL_2"
  },
  "init_std": 0.02,
  "is_encoder_decoder": true,
  "label2id": {
    "LABEL_0": 0,
    "LABEL_1": 1,
    "LABEL_2": 2
  },
  "max_position_embeddings": 1024,
  "model_type": "bart",
  "no_repeat_ngram_size": 3,
  "normalize_before": false,
  "normalize_embedding": true,
  "num_beams": 4,
  "num_hidden_layers": 6,
  "pad_token_id": 1,
  "scale_embedding": false,
  "static_position_embeddings": false,
  "task_specific_params": {
    "summarization": {
      "length_penalty": 1.0,
      "max_length": 128,
      "min_length": 12,
      "num_beams": 4
    },
    "summarization_cnn": {
      "length_penalty": 2.0,
      "max_length": 142,
      "min_length": 56,
      "num_beams": 4
    },
    "summarization_xsum": {
      "length_penalty": 1.0,
      "max_length": 62,
      "min_length": 11,
      "num_beams": 6
    }
  },
  "vocab_size": 50265
}

11/02/2021 17:54:47 - INFO - transformers.modeling_utils - loading weights file https://cdn.huggingface.co/facebook/bart-base/pytorch_model.bin from cache at /private/home/yuchenlin/.cache/torch/transformers/566c05fb6983817e8ad7a4fa51e3099fe9caa3b31730f964bc5198d71c677523.0a3d95c18c1e434448941bc25accea7b122882be6526fb67c8e8fb6d5ebc711c
11/02/2021 17:54:51 - INFO - __main__ - Loading checkpoint from out/mrqa_squad_bart-base_1029_upstream_model//best-model.pt for facebook/bart-base ..... Done!
11/02/2021 17:54:54 - INFO - __main__ - Moving to the GPUs.
11/02/2021 17:54:54 - INFO - __main__ - Debugger Setup ......
11/02/2021 17:54:54 - INFO - __main__ - debugger_args: Namespace(adam_epsilon=1e-08, ckpt_dir='experiments/ckpt_dirs/qa/simplecl', gradient_accumulation_steps=1, kg_eval_freq=10, kg_eval_mode='metric', kr_eval_freq=5, kr_eval_mode='metric', learning_rate=5e-05, max_grad_norm=0.1, num_epochs=5.0, okr_sample_seed=1337, okr_sample_size=512, save_ckpt_freq=100, skip_instant_eval=False, total_steps=10000, warmup_steps=0, weight_decay=0.01) ......
11/02/2021 17:54:54 - INFO - __main__ - optimizer & scheduler Setup ...... Done!
11/02/2021 17:54:54 - INFO - __main__ - Debugger Setup ...... Done!
11/02/2021 17:54:54 - INFO - __main__ - Start Online Debugging with Dynamic Error Mode
11/02/2021 17:54:54 - INFO - __main__ - Number of Batches of Data: 100
11/02/2021 17:54:54 - INFO - __main__ - Data Batch Size: 64;
11/02/2021 17:54:55 - INFO - __main__ - Model saved to experiments/ckpt_dirs/qa/simplecl/model_ckpt_000.pt.
11/02/2021 17:54:55 - INFO - __main__ - Start eval_knowledge_retention for UKR @ Timecode=0
11/02/2021 17:55:18 - INFO - __main__ - Upstream Knowledge Retation (UKR@0): 0.8027
11/02/2021 17:55:18 - INFO - __main__ - Start eval_knowledge_generalization for KG @ Timecode=0
11/02/2021 17:56:44 - INFO - __main__ - Future Knowledge Generalization (KG@0): 0.3125
11/02/2021 17:56:44 - INFO - __main__ - Evaluating to get errors .... Timecode: 0
11/02/2021 17:56:47 - INFO - __main__ - Before Error Fixing: {'EM': 0.703125, 'QA-F1': 0.7337141106442577}
11/02/2021 17:56:47 - INFO - __main__ - Found 19 errors.
11/02/2021 17:56:47 - INFO - __main__ - Start error-fixing .... Timecode: 0
11/02/2021 17:56:49 - INFO - __main__ - Start error-fixing .... Done!
11/02/2021 17:56:50 - INFO - __main__ - Overall: 0.8252467105263157 from scores=[0.703125, 0.9473684210526315]
11/02/2021 17:56:51 - INFO - __main__ - Model saved to experiments/ckpt_dirs/qa/simplecl/model_ckpt_000.pt.
11/02/2021 17:56:51 - INFO - __main__ - --------------------------------------------------
11/02/2021 17:56:51 - INFO - __main__ - Evaluating to get errors .... Timecode: 1
11/02/2021 17:56:54 - INFO - __main__ - Before Error Fixing: {'EM': 0.671875, 'QA-F1': 0.7537619498556998}
11/02/2021 17:56:54 - INFO - __main__ - Found 21 errors.
11/02/2021 17:56:55 - INFO - __main__ - Start error-fixing .... Timecode: 1
11/02/2021 17:56:56 - INFO - __main__ - Start error-fixing .... Done!
11/02/2021 17:56:57 - INFO - __main__ - Overall: 0.7961309523809523 from scores=[0.6875, 0.9047619047619048]
11/02/2021 17:56:57 - INFO - __main__ - --------------------------------------------------
11/02/2021 17:56:57 - INFO - __main__ - Evaluating to get errors .... Timecode: 2
11/02/2021 17:57:01 - INFO - __main__ - Before Error Fixing: {'EM': 0.796875, 'QA-F1': 0.8545243818681318}
11/02/2021 17:57:01 - INFO - __main__ - Found 13 errors.
11/02/2021 17:57:01 - INFO - __main__ - Start error-fixing .... Timecode: 2
11/02/2021 17:57:02 - INFO - __main__ - Start error-fixing .... Done!
11/02/2021 17:57:03 - INFO - __main__ - Overall: 0.8619791666666666 from scores=[0.7239583333333333, 1.0]
11/02/2021 17:57:03 - INFO - __main__ - --------------------------------------------------
11/02/2021 17:57:03 - INFO - __main__ - Evaluating to get errors .... Timecode: 3
11/02/2021 17:57:06 - INFO - __main__ - Before Error Fixing: {'EM': 0.71875, 'QA-F1': 0.8124797077922078}
11/02/2021 17:57:06 - INFO - __main__ - Found 18 errors.
11/02/2021 17:57:06 - INFO - __main__ - Start error-fixing .... Timecode: 3
11/02/2021 17:57:09 - INFO - __main__ - Start error-fixing .... Done!
11/02/2021 17:57:11 - INFO - __main__ - Overall: 0.8057725694444444 from scores=[0.72265625, 0.8888888888888888]
11/02/2021 17:57:11 - INFO - __main__ - --------------------------------------------------
11/02/2021 17:57:11 - INFO - __main__ - Evaluating to get errors .... Timecode: 4
11/02/2021 17:57:14 - INFO - __main__ - Before Error Fixing: {'EM': 0.78125, 'QA-F1': 0.8165956439393939}
11/02/2021 17:57:14 - INFO - __main__ - Found 14 errors.
11/02/2021 17:57:14 - INFO - __main__ - Start error-fixing .... Timecode: 4
11/02/2021 17:57:17 - INFO - __main__ - Start error-fixing .... Done!
11/02/2021 17:57:18 - INFO - __main__ - Overall: 0.7600446428571428 from scores=[0.734375, 0.7857142857142857]
11/02/2021 17:57:18 - INFO - __main__ - --------------------------------------------------
11/02/2021 17:57:18 - INFO - __main__ - Start eval_knowledge_retention for UKR @ Timecode=5
11/02/2021 17:57:42 - INFO - __main__ - Upstream Knowledge Retation (UKR@5): 0.7578
11/02/2021 17:57:42 - INFO - __main__ - len(self.past_submissions) = 320                 < self.debugger_args.okr_sample_size = 512
11/02/2021 17:57:42 - INFO - __main__ - Evaluating to get errors .... Timecode: 5
11/02/2021 17:57:46 - INFO - __main__ - Before Error Fixing: {'EM': 0.71875, 'QA-F1': 0.8013888888888889}
11/02/2021 17:57:46 - INFO - __main__ - Found 18 errors.
11/02/2021 17:57:46 - INFO - __main__ - Start error-fixing .... Timecode: 5
11/02/2021 17:57:49 - INFO - __main__ - Start error-fixing .... Done!
11/02/2021 17:57:50 - INFO - __main__ - Overall: 0.8658854166666666 from scores=[0.7317708333333333, 1.0]
11/02/2021 17:57:50 - INFO - __main__ - --------------------------------------------------
11/02/2021 17:57:50 - INFO - __main__ - Evaluating to get errors .... Timecode: 6
11/02/2021 17:57:53 - INFO - __main__ - Before Error Fixing: {'EM': 0.71875, 'QA-F1': 0.761904761904762}
11/02/2021 17:57:53 - INFO - __main__ - Found 18 errors.
11/02/2021 17:57:53 - INFO - __main__ - Start error-fixing .... Timecode: 6
11/02/2021 17:57:55 - INFO - __main__ - Start error-fixing .... Done!
11/02/2021 17:57:56 - INFO - __main__ - Overall: 0.8093998015873016 from scores=[0.7299107142857143, 0.8888888888888888]
11/02/2021 17:57:56 - INFO - __main__ - --------------------------------------------------
11/02/2021 17:57:56 - INFO - __main__ - Evaluating to get errors .... Timecode: 7
11/02/2021 17:58:00 - INFO - __main__ - Before Error Fixing: {'EM': 0.734375, 'QA-F1': 0.7913770786424618}
11/02/2021 17:58:00 - INFO - __main__ - Found 17 errors.
11/02/2021 17:58:00 - INFO - __main__ - Start error-fixing .... Timecode: 7
11/02/2021 17:58:03 - INFO - __main__ - Start error-fixing .... Done!
11/02/2021 17:58:04 - INFO - __main__ - Overall: 0.8358226102941176 from scores=[0.73046875, 0.9411764705882353]
11/02/2021 17:58:04 - INFO - __main__ - --------------------------------------------------
11/02/2021 17:58:04 - INFO - __main__ - Evaluating to get errors .... Timecode: 8
11/02/2021 17:58:08 - INFO - __main__ - Before Error Fixing: {'EM': 0.578125, 'QA-F1': 0.7197681556596998}
11/02/2021 17:58:08 - INFO - __main__ - Found 27 errors.
11/02/2021 17:58:08 - INFO - __main__ - Start error-fixing .... Timecode: 8
11/02/2021 17:58:13 - INFO - __main__ - Start error-fixing .... Done!
11/02/2021 17:58:15 - INFO - __main__ - Overall: 0.8567708333333334 from scores=[0.7135416666666667, 1.0]
11/02/2021 17:58:15 - INFO - __main__ - --------------------------------------------------
11/02/2021 17:58:15 - INFO - __main__ - Evaluating to get errors .... Timecode: 9
11/02/2021 17:58:18 - INFO - __main__ - Before Error Fixing: {'EM': 0.796875, 'QA-F1': 0.8384021577380953}
11/02/2021 17:58:18 - INFO - __main__ - Found 13 errors.
11/02/2021 17:58:18 - INFO - __main__ - Start error-fixing .... Timecode: 9
11/02/2021 17:58:21 - INFO - __main__ - Start error-fixing .... Done!
11/02/2021 17:58:21 - INFO - __main__ - Overall: 0.8224759615384616 from scores=[0.721875, 0.9230769230769231]
11/02/2021 17:58:21 - INFO - __main__ - --------------------------------------------------
11/02/2021 17:58:21 - INFO - __main__ - Start eval_knowledge_retention for UKR @ Timecode=10
11/02/2021 17:58:45 - INFO - __main__ - Upstream Knowledge Retation (UKR@10): 0.7676
11/02/2021 17:58:45 - INFO - __main__ - Start eval_knowledge_retention for OKR @ Timecode=10
11/02/2021 17:59:12 - INFO - __main__ - Online Knowledge Retation (OKR@10): 0.8926
11/02/2021 17:59:12 - INFO - __main__ - Start eval_knowledge_generalization for KG @ Timecode=10
11/02/2021 18:00:15 - INFO - __main__ - Future Knowledge Generalization (KG@10): 0.3828
11/02/2021 18:00:15 - INFO - __main__ - Evaluating to get errors .... Timecode: 10
11/02/2021 18:00:19 - INFO - __main__ - Before Error Fixing: {'EM': 0.609375, 'QA-F1': 0.7224093614718615}
11/02/2021 18:00:19 - INFO - __main__ - Found 25 errors.
11/02/2021 18:00:20 - INFO - __main__ - Start error-fixing .... Timecode: 10
11/02/2021 18:00:25 - INFO - __main__ - Start error-fixing .... Done!
11/02/2021 18:00:26 - INFO - __main__ - Overall: 0.7509232954545455 from scores=[0.7116477272727273, 1.0, 0.892578125, 0.767578125, 0.3828125]
11/02/2021 18:00:26 - INFO - __main__ - --------------------------------------------------
11/02/2021 18:00:26 - INFO - __main__ - Evaluating to get errors .... Timecode: 11
11/02/2021 18:00:29 - INFO - __main__ - Before Error Fixing: {'EM': 0.734375, 'QA-F1': 0.8004340277777777}
11/02/2021 18:00:29 - INFO - __main__ - Found 17 errors.
11/02/2021 18:00:29 - INFO - __main__ - Start error-fixing .... Timecode: 11
11/02/2021 18:00:33 - INFO - __main__ - Start error-fixing .... Done!
11/02/2021 18:00:34 - INFO - __main__ - Overall: 0.7513020833333334 from scores=[0.7135416666666667, 1.0, 0.892578125, 0.767578125, 0.3828125]
11/02/2021 18:00:34 - INFO - __main__ - --------------------------------------------------
11/02/2021 18:00:34 - INFO - __main__ - Evaluating to get errors .... Timecode: 12
11/02/2021 18:00:36 - INFO - __main__ - Before Error Fixing: {'EM': 0.71875, 'QA-F1': 0.7696572901735945}
11/02/2021 18:00:36 - INFO - __main__ - Found 18 errors.
11/02/2021 18:00:36 - INFO - __main__ - Start error-fixing .... Timecode: 12
11/02/2021 18:00:40 - INFO - __main__ - Start error-fixing .... Done!
11/02/2021 18:00:41 - INFO - __main__ - Overall: 0.7402711004273504 from scores=[0.7139423076923077, 0.9444444444444444, 0.892578125, 0.767578125, 0.3828125]
11/02/2021 18:00:41 - INFO - __main__ - --------------------------------------------------
11/02/2021 18:00:41 - INFO - __main__ - Evaluating to get errors .... Timecode: 13
11/02/2021 18:00:44 - INFO - __main__ - Before Error Fixing: {'EM': 0.6875, 'QA-F1': 0.7653960622710623}
11/02/2021 18:00:44 - INFO - __main__ - Found 20 errors.
11/02/2021 18:00:44 - INFO - __main__ - Start error-fixing .... Timecode: 13
11/02/2021 18:00:48 - INFO - __main__ - Start error-fixing .... Done!
11/02/2021 18:00:49 - INFO - __main__ - Overall: 0.7410044642857143 from scores=[0.7120535714285714, 0.95, 0.892578125, 0.767578125, 0.3828125]
11/02/2021 18:00:49 - INFO - __main__ - --------------------------------------------------
11/02/2021 18:00:49 - INFO - __main__ - Evaluating to get errors .... Timecode: 14
11/02/2021 18:00:52 - INFO - __main__ - Before Error Fixing: {'EM': 0.6875, 'QA-F1': 0.7683069534632034}
11/02/2021 18:00:52 - INFO - __main__ - Found 20 errors.
11/02/2021 18:00:52 - INFO - __main__ - Start error-fixing .... Timecode: 14
11/02/2021 18:00:55 - INFO - __main__ - Start error-fixing .... Done!
11/02/2021 18:00:56 - INFO - __main__ - Overall: 0.7506770833333334 from scores=[0.7104166666666667, 1.0, 0.892578125, 0.767578125, 0.3828125]
11/02/2021 18:00:56 - INFO - __main__ - --------------------------------------------------
11/02/2021 18:00:56 - INFO - __main__ - Start eval_knowledge_retention for UKR @ Timecode=15
11/02/2021 18:01:15 - INFO - __main__ - Upstream Knowledge Retation (UKR@15): 0.8027
11/02/2021 18:01:15 - INFO - __main__ - Start eval_knowledge_retention for OKR @ Timecode=15
11/02/2021 18:01:37 - INFO - __main__ - Online Knowledge Retation (OKR@15): 0.9082
11/02/2021 18:01:37 - INFO - __main__ - Evaluating to get errors .... Timecode: 15
11/02/2021 18:01:39 - INFO - __main__ - Before Error Fixing: {'EM': 0.765625, 'QA-F1': 0.7801339285714286}
11/02/2021 18:01:39 - INFO - __main__ - Found 15 errors.
11/02/2021 18:01:39 - INFO - __main__ - Start error-fixing .... Timecode: 15
11/02/2021 18:01:42 - INFO - __main__ - Start error-fixing .... Done!
11/02/2021 18:01:44 - INFO - __main__ - Overall: 0.7481901041666668 from scores=[0.7138671875, 0.9333333333333333, 0.908203125, 0.802734375, 0.3828125]
11/02/2021 18:01:44 - INFO - __main__ - --------------------------------------------------
11/02/2021 18:01:44 - INFO - __main__ - Evaluating to get errors .... Timecode: 16
11/02/2021 18:01:47 - INFO - __main__ - Before Error Fixing: {'EM': 0.765625, 'QA-F1': 0.804654741704374}
11/02/2021 18:01:47 - INFO - __main__ - Found 15 errors.
11/02/2021 18:01:47 - INFO - __main__ - Start error-fixing .... Timecode: 16
11/02/2021 18:01:50 - INFO - __main__ - Start error-fixing .... Done!
11/02/2021 18:01:51 - INFO - __main__ - Overall: 0.7221323529411765 from scores=[0.7169117647058824, 0.8, 0.908203125, 0.802734375, 0.3828125]
11/02/2021 18:01:51 - INFO - __main__ - --------------------------------------------------
11/02/2021 18:01:51 - INFO - __main__ - Evaluating to get errors .... Timecode: 17
11/02/2021 18:01:54 - INFO - __main__ - Before Error Fixing: {'EM': 0.65625, 'QA-F1': 0.7119959677419354}
11/02/2021 18:01:54 - INFO - __main__ - Found 22 errors.
11/02/2021 18:01:54 - INFO - __main__ - Start error-fixing .... Timecode: 17
11/02/2021 18:01:59 - INFO - __main__ - Start error-fixing .... Done!
11/02/2021 18:02:00 - INFO - __main__ - Overall: 0.7432765151515152 from scores=[0.7135416666666667, 0.9090909090909091, 0.908203125, 0.802734375, 0.3828125]
11/02/2021 18:02:00 - INFO - __main__ - --------------------------------------------------
11/02/2021 18:02:00 - INFO - __main__ - Evaluating to get errors .... Timecode: 18
11/02/2021 18:02:03 - INFO - __main__ - Before Error Fixing: {'EM': 0.703125, 'QA-F1': 0.7753514092864107}
11/02/2021 18:02:03 - INFO - __main__ - Found 19 errors.
11/02/2021 18:02:03 - INFO - __main__ - Start error-fixing .... Timecode: 18
11/02/2021 18:02:07 - INFO - __main__ - Start error-fixing .... Done!
11/02/2021 18:02:09 - INFO - __main__ - Overall: 0.7508223684210527 from scores=[0.7129934210526316, 0.9473684210526315, 0.908203125, 0.802734375, 0.3828125]
11/02/2021 18:02:09 - INFO - __main__ - --------------------------------------------------
11/02/2021 18:02:09 - INFO - __main__ - Evaluating to get errors .... Timecode: 19
11/02/2021 18:02:13 - INFO - __main__ - Before Error Fixing: {'EM': 0.640625, 'QA-F1': 0.7112322573260073}
11/02/2021 18:02:13 - INFO - __main__ - Found 23 errors.
11/02/2021 18:02:14 - INFO - __main__ - Start error-fixing .... Timecode: 19
11/02/2021 18:02:18 - INFO - __main__ - Start error-fixing .... Done!
11/02/2021 18:02:20 - INFO - __main__ - Overall: 0.760625 from scores=[0.709375, 1.0, 0.908203125, 0.802734375, 0.3828125]
11/02/2021 18:02:20 - INFO - __main__ - --------------------------------------------------
11/02/2021 18:02:20 - INFO - __main__ - Start eval_knowledge_retention for UKR @ Timecode=20
11/02/2021 18:02:42 - INFO - __main__ - Upstream Knowledge Retation (UKR@20): 0.7773
11/02/2021 18:02:42 - INFO - __main__ - Start eval_knowledge_retention for OKR @ Timecode=20
11/02/2021 18:03:10 - INFO - __main__ - Online Knowledge Retation (OKR@20): 0.9004
11/02/2021 18:03:10 - INFO - __main__ - Start eval_knowledge_generalization for KG @ Timecode=20
11/02/2021 18:04:11 - INFO - __main__ - Future Knowledge Generalization (KG@20): 0.4133
11/02/2021 18:04:11 - INFO - __main__ - Evaluating to get errors .... Timecode: 20
11/02/2021 18:04:13 - INFO - __main__ - Before Error Fixing: {'EM': 0.6875, 'QA-F1': 0.7773200757575758}
11/02/2021 18:04:13 - INFO - __main__ - Found 20 errors.
11/02/2021 18:04:14 - INFO - __main__ - Start error-fixing .... Timecode: 20
11/02/2021 18:04:17 - INFO - __main__ - Start error-fixing .... Done!
11/02/2021 18:04:18 - INFO - __main__ - Overall: 0.7498697916666666 from scores=[0.7083333333333333, 0.95, 0.900390625, 0.77734375, 0.41328125]
11/02/2021 18:04:18 - INFO - __main__ - --------------------------------------------------
11/02/2021 18:04:18 - INFO - __main__ - Evaluating to get errors .... Timecode: 21
11/02/2021 18:04:22 - INFO - __main__ - Before Error Fixing: {'EM': 0.65625, 'QA-F1': 0.746837046055796}
11/02/2021 18:04:22 - INFO - __main__ - Found 22 errors.
11/02/2021 18:04:22 - INFO - __main__ - Start error-fixing .... Timecode: 21
11/02/2021 18:04:27 - INFO - __main__ - Start error-fixing .... Done!
11/02/2021 18:04:28 - INFO - __main__ - Overall: 0.7503053977272727 from scores=[0.7059659090909092, 0.9545454545454546, 0.900390625, 0.77734375, 0.41328125]
11/02/2021 18:04:28 - INFO - __main__ - --------------------------------------------------
11/02/2021 18:04:28 - INFO - __main__ - Evaluating to get errors .... Timecode: 22
11/02/2021 18:04:32 - INFO - __main__ - Before Error Fixing: {'EM': 0.671875, 'QA-F1': 0.724899193548387}
11/02/2021 18:04:32 - INFO - __main__ - Found 21 errors.
11/02/2021 18:04:32 - INFO - __main__ - Start error-fixing .... Timecode: 22
11/02/2021 18:04:36 - INFO - __main__ - Start error-fixing .... Done!
11/02/2021 18:04:37 - INFO - __main__ - Overall: 0.7400522450828156 from scores=[0.7044836956521738, 0.9047619047619048, 0.900390625, 0.77734375, 0.41328125]
11/02/2021 18:04:37 - INFO - __main__ - --------------------------------------------------
11/02/2021 18:04:37 - INFO - __main__ - Evaluating to get errors .... Timecode: 23
11/02/2021 18:04:41 - INFO - __main__ - Before Error Fixing: {'EM': 0.46875, 'QA-F1': 0.5997694417415388}
11/02/2021 18:04:41 - INFO - __main__ - Found 34 errors.
11/02/2021 18:04:42 - INFO - __main__ - Start error-fixing .... Timecode: 23
11/02/2021 18:04:48 - INFO - __main__ - Start error-fixing .... Done!
11/02/2021 18:04:51 - INFO - __main__ - Overall: 0.7453707107843137 from scores=[0.6946614583333333, 0.9411764705882353, 0.900390625, 0.77734375, 0.41328125]
11/02/2021 18:04:51 - INFO - __main__ - --------------------------------------------------
11/02/2021 18:04:51 - INFO - __main__ - Evaluating to get errors .... Timecode: 24
11/02/2021 18:04:55 - INFO - __main__ - Before Error Fixing: {'EM': 0.703125, 'QA-F1': 0.7430480072463768}
11/02/2021 18:04:55 - INFO - __main__ - Found 19 errors.
11/02/2021 18:04:55 - INFO - __main__ - Start error-fixing .... Timecode: 24
11/02/2021 18:05:00 - INFO - __main__ - Start error-fixing .... Done!
11/02/2021 18:05:02 - INFO - __main__ - Overall: 0.7256241776315789 from scores=[0.6950000000000001, 0.8421052631578947, 0.900390625, 0.77734375, 0.41328125]
11/02/2021 18:05:02 - INFO - __main__ - --------------------------------------------------
11/02/2021 18:05:02 - INFO - __main__ - Start eval_knowledge_retention for UKR @ Timecode=25
11/02/2021 18:05:32 - INFO - __main__ - Upstream Knowledge Retation (UKR@25): 0.7422
11/02/2021 18:05:33 - INFO - __main__ - Start eval_knowledge_retention for OKR @ Timecode=25
11/02/2021 18:06:08 - INFO - __main__ - Online Knowledge Retation (OKR@25): 0.8730
11/02/2021 18:06:08 - INFO - __main__ - Evaluating to get errors .... Timecode: 25
11/02/2021 18:06:11 - INFO - __main__ - Before Error Fixing: {'EM': 0.671875, 'QA-F1': 0.7812161796536796}
11/02/2021 18:06:11 - INFO - __main__ - Found 21 errors.
11/02/2021 18:06:11 - INFO - __main__ - Start error-fixing .... Timecode: 25
11/02/2021 18:06:16 - INFO - __main__ - Start error-fixing .... Done!
11/02/2021 18:06:17 - INFO - __main__ - Overall: 0.7350014308608058 from scores=[0.6941105769230769, 0.9523809523809523, 0.873046875, 0.7421875, 0.41328125]
11/02/2021 18:06:17 - INFO - __main__ - --------------------------------------------------
11/02/2021 18:06:17 - INFO - __main__ - Evaluating to get errors .... Timecode: 26
11/02/2021 18:06:21 - INFO - __main__ - Before Error Fixing: {'EM': 0.625, 'QA-F1': 0.7349702380952381}
11/02/2021 18:06:21 - INFO - __main__ - Found 24 errors.
11/02/2021 18:06:21 - INFO - __main__ - Start error-fixing .... Timecode: 26
11/02/2021 18:06:27 - INFO - __main__ - Start error-fixing .... Done!
11/02/2021 18:06:28 - INFO - __main__ - Overall: 0.7106799768518519 from scores=[0.6915509259259259, 0.8333333333333334, 0.873046875, 0.7421875, 0.41328125]
11/02/2021 18:06:28 - INFO - __main__ - --------------------------------------------------
11/02/2021 18:06:28 - INFO - __main__ - Evaluating to get errors .... Timecode: 27
11/02/2021 18:06:32 - INFO - __main__ - Before Error Fixing: {'EM': 0.703125, 'QA-F1': 0.8262162316849817}
11/02/2021 18:06:32 - INFO - __main__ - Found 19 errors.
11/02/2021 18:06:32 - INFO - __main__ - Start error-fixing .... Timecode: 27
11/02/2021 18:06:36 - INFO - __main__ - Start error-fixing .... Done!
11/02/2021 18:06:38 - INFO - __main__ - Overall: 0.7335696663533835 from scores=[0.6919642857142857, 0.9473684210526315, 0.873046875, 0.7421875, 0.41328125]
11/02/2021 18:06:38 - INFO - __main__ - --------------------------------------------------
11/02/2021 18:06:38 - INFO - __main__ - Evaluating to get errors .... Timecode: 28
11/02/2021 18:06:42 - INFO - __main__ - Before Error Fixing: {'EM': 0.671875, 'QA-F1': 0.7503348214285714}
11/02/2021 18:06:42 - INFO - __main__ - Found 21 errors.
11/02/2021 18:06:42 - INFO - __main__ - Start error-fixing .... Timecode: 28
11/02/2021 18:06:47 - INFO - __main__ - Start error-fixing .... Done!
11/02/2021 18:06:49 - INFO - __main__ - Overall: 0.734433625821018 from scores=[0.6912715517241379, 0.9523809523809523, 0.873046875, 0.7421875, 0.41328125]
11/02/2021 18:06:49 - INFO - __main__ - --------------------------------------------------
11/02/2021 18:06:49 - INFO - __main__ - Evaluating to get errors .... Timecode: 29
11/02/2021 18:06:52 - INFO - __main__ - Before Error Fixing: {'EM': 0.609375, 'QA-F1': 0.7055059523809524}
11/02/2021 18:06:52 - INFO - __main__ - Found 25 errors.
11/02/2021 18:06:53 - INFO - __main__ - Start error-fixing .... Timecode: 29
11/02/2021 18:06:59 - INFO - __main__ - Start error-fixing .... Done!
11/02/2021 18:07:01 - INFO - __main__ - Overall: 0.7434114583333333 from scores=[0.6885416666666666, 1.0, 0.873046875, 0.7421875, 0.41328125]
11/02/2021 18:07:01 - INFO - __main__ - --------------------------------------------------
11/02/2021 18:07:01 - INFO - __main__ - Start eval_knowledge_retention for UKR @ Timecode=30
11/02/2021 18:07:32 - INFO - __main__ - Upstream Knowledge Retation (UKR@30): 0.7324
11/02/2021 18:07:33 - INFO - __main__ - Start eval_knowledge_retention for OKR @ Timecode=30
11/02/2021 18:08:05 - INFO - __main__ - Online Knowledge Retation (OKR@30): 0.8926
11/02/2021 18:08:05 - INFO - __main__ - Start eval_knowledge_generalization for KG @ Timecode=30
11/02/2021 18:09:22 - INFO - __main__ - Future Knowledge Generalization (KG@30): 0.3812
11/02/2021 18:09:22 - INFO - __main__ - Evaluating to get errors .... Timecode: 30
11/02/2021 18:09:26 - INFO - __main__ - Before Error Fixing: {'EM': 0.609375, 'QA-F1': 0.7107955361631833}
11/02/2021 18:09:26 - INFO - __main__ - Found 25 errors.
11/02/2021 18:09:26 - INFO - __main__ - Start error-fixing .... Timecode: 30
11/02/2021 18:09:32 - INFO - __main__ - Start error-fixing .... Done!
11/02/2021 18:09:34 - INFO - __main__ - Overall: 0.7224475806451613 from scores=[0.6859879032258065, 0.92, 0.892578125, 0.732421875, 0.38125]
11/02/2021 18:09:34 - INFO - __main__ - --------------------------------------------------
11/02/2021 18:09:34 - INFO - __main__ - Evaluating to get errors .... Timecode: 31
11/02/2021 18:09:38 - INFO - __main__ - Before Error Fixing: {'EM': 0.578125, 'QA-F1': 0.6701209021521521}
11/02/2021 18:09:38 - INFO - __main__ - Found 27 errors.
11/02/2021 18:09:38 - INFO - __main__ - Start error-fixing .... Timecode: 31
11/02/2021 18:09:43 - INFO - __main__ - Start error-fixing .... Done!
11/02/2021 18:09:46 - INFO - __main__ - Overall: 0.7155512152777778 from scores=[0.6826171875, 0.8888888888888888, 0.892578125, 0.732421875, 0.38125]
11/02/2021 18:09:46 - INFO - __main__ - --------------------------------------------------
11/02/2021 18:09:46 - INFO - __main__ - Evaluating to get errors .... Timecode: 32
11/02/2021 18:09:51 - INFO - __main__ - Before Error Fixing: {'EM': 0.640625, 'QA-F1': 0.7540331196581197}
11/02/2021 18:09:51 - INFO - __main__ - Found 23 errors.
11/02/2021 18:09:51 - INFO - __main__ - Start error-fixing .... Timecode: 32
11/02/2021 18:09:56 - INFO - __main__ - Start error-fixing .... Done!
11/02/2021 18:09:58 - INFO - __main__ - Overall: 0.7201276350461133 from scores=[0.681344696969697, 0.9130434782608695, 0.892578125, 0.732421875, 0.38125]
11/02/2021 18:09:58 - INFO - __main__ - --------------------------------------------------
11/02/2021 18:09:58 - INFO - __main__ - Evaluating to get errors .... Timecode: 33
11/02/2021 18:10:02 - INFO - __main__ - Before Error Fixing: {'EM': 0.625, 'QA-F1': 0.7116484433072088}
11/02/2021 18:10:02 - INFO - __main__ - Found 24 errors.
11/02/2021 18:10:02 - INFO - __main__ - Start error-fixing .... Timecode: 33
11/02/2021 18:10:07 - INFO - __main__ - Start error-fixing .... Done!
11/02/2021 18:10:09 - INFO - __main__ - Overall: 0.7205208333333333 from scores=[0.6796875, 0.9166666666666666, 0.892578125, 0.732421875, 0.38125]
11/02/2021 18:10:09 - INFO - __main__ - --------------------------------------------------
11/02/2021 18:10:09 - INFO - __main__ - Evaluating to get errors .... Timecode: 34
11/02/2021 18:10:13 - INFO - __main__ - Before Error Fixing: {'EM': 0.53125, 'QA-F1': 0.6244949494949495}
11/02/2021 18:10:13 - INFO - __main__ - Found 30 errors.
11/02/2021 18:10:13 - INFO - __main__ - Start error-fixing .... Timecode: 34
11/02/2021 18:10:20 - INFO - __main__ - Start error-fixing .... Done!
11/02/2021 18:10:22 - INFO - __main__ - Overall: 0.7163392857142857 from scores=[0.6754464285714286, 0.9, 0.892578125, 0.732421875, 0.38125]
11/02/2021 18:10:22 - INFO - __main__ - --------------------------------------------------
11/02/2021 18:10:22 - INFO - __main__ - Start eval_knowledge_retention for UKR @ Timecode=35
11/02/2021 18:10:55 - INFO - __main__ - Upstream Knowledge Retation (UKR@35): 0.7188
11/02/2021 18:10:56 - INFO - __main__ - Start eval_knowledge_retention for OKR @ Timecode=35
11/02/2021 18:11:32 - INFO - __main__ - Online Knowledge Retation (OKR@35): 0.8496
11/02/2021 18:11:32 - INFO - __main__ - Evaluating to get errors .... Timecode: 35
11/02/2021 18:11:36 - INFO - __main__ - Before Error Fixing: {'EM': 0.5625, 'QA-F1': 0.6197093713701218}
11/02/2021 18:11:36 - INFO - __main__ - Found 28 errors.
11/02/2021 18:11:36 - INFO - __main__ - Start error-fixing .... Timecode: 35
11/02/2021 18:11:42 - INFO - __main__ - Start error-fixing .... Done!
11/02/2021 18:11:45 - INFO - __main__ - Overall: 0.695812251984127 from scores=[0.6723090277777778, 0.8571428571428571, 0.849609375, 0.71875, 0.38125]
11/02/2021 18:11:45 - INFO - __main__ - --------------------------------------------------
11/02/2021 18:11:45 - INFO - __main__ - Evaluating to get errors .... Timecode: 36
11/02/2021 18:11:49 - INFO - __main__ - Before Error Fixing: {'EM': 0.546875, 'QA-F1': 0.6709576067048894}
11/02/2021 18:11:49 - INFO - __main__ - Found 29 errors.
11/02/2021 18:11:49 - INFO - __main__ - Start error-fixing .... Timecode: 36
11/02/2021 18:11:56 - INFO - __main__ - Start error-fixing .... Done!
11/02/2021 18:11:58 - INFO - __main__ - Overall: 0.7237056587837838 from scores=[0.6689189189189189, 1.0, 0.849609375, 0.71875, 0.38125]
11/02/2021 18:11:58 - INFO - __main__ - --------------------------------------------------
11/02/2021 18:11:58 - INFO - __main__ - Evaluating to get errors .... Timecode: 37
11/02/2021 18:12:03 - INFO - __main__ - Before Error Fixing: {'EM': 0.5, 'QA-F1': 0.6094779301580772}
11/02/2021 18:12:03 - INFO - __main__ - Found 32 errors.
11/02/2021 18:12:03 - INFO - __main__ - Start error-fixing .... Timecode: 37
11/02/2021 18:12:10 - INFO - __main__ - Start error-fixing .... Done!
11/02/2021 18:12:13 - INFO - __main__ - Overall: 0.7040666118421053 from scores=[0.6644736842105263, 0.90625, 0.849609375, 0.71875, 0.38125]
11/02/2021 18:12:13 - INFO - __main__ - --------------------------------------------------
11/02/2021 18:12:13 - INFO - __main__ - Evaluating to get errors .... Timecode: 38
11/02/2021 18:12:18 - INFO - __main__ - Before Error Fixing: {'EM': 0.65625, 'QA-F1': 0.7280680022148213}
11/02/2021 18:12:18 - INFO - __main__ - Found 22 errors.
11/02/2021 18:12:18 - INFO - __main__ - Start error-fixing .... Timecode: 38
11/02/2021 18:12:23 - INFO - __main__ - Start error-fixing .... Done!
11/02/2021 18:12:26 - INFO - __main__ - Overall: 0.6955017118298368 from scores=[0.6642628205128205, 0.8636363636363636, 0.849609375, 0.71875, 0.38125]
11/02/2021 18:12:26 - INFO - __main__ - --------------------------------------------------
11/02/2021 18:12:26 - INFO - __main__ - Evaluating to get errors .... Timecode: 39
11/02/2021 18:12:31 - INFO - __main__ - Before Error Fixing: {'EM': 0.609375, 'QA-F1': 0.7259927572427572}
11/02/2021 18:12:31 - INFO - __main__ - Found 25 errors.
11/02/2021 18:12:31 - INFO - __main__ - Start error-fixing .... Timecode: 39
11/02/2021 18:12:37 - INFO - __main__ - Start error-fixing .... Done!
11/02/2021 18:12:39 - INFO - __main__ - Overall: 0.7065 from scores=[0.662890625, 0.92, 0.849609375, 0.71875, 0.38125]
11/02/2021 18:12:39 - INFO - __main__ - --------------------------------------------------
11/02/2021 18:12:39 - INFO - __main__ - Start eval_knowledge_retention for UKR @ Timecode=40
11/02/2021 18:13:10 - INFO - __main__ - Upstream Knowledge Retation (UKR@40): 0.7344
11/02/2021 18:13:11 - INFO - __main__ - Start eval_knowledge_retention for OKR @ Timecode=40
11/02/2021 18:13:44 - INFO - __main__ - Online Knowledge Retation (OKR@40): 0.8438
11/02/2021 18:13:44 - INFO - __main__ - Start eval_knowledge_generalization for KG @ Timecode=40
11/02/2021 18:15:02 - INFO - __main__ - Future Knowledge Generalization (KG@40): 0.4367
11/02/2021 18:15:02 - INFO - __main__ - Evaluating to get errors .... Timecode: 40
11/02/2021 18:15:07 - INFO - __main__ - Before Error Fixing: {'EM': 0.53125, 'QA-F1': 0.6321056547619048}
11/02/2021 18:15:07 - INFO - __main__ - Found 30 errors.
11/02/2021 18:15:07 - INFO - __main__ - Start error-fixing .... Timecode: 40
11/02/2021 18:15:14 - INFO - __main__ - Start error-fixing .... Done!
11/02/2021 18:15:17 - INFO - __main__ - Overall: 0.714904725609756 from scores=[0.6596798780487805, 0.9, 0.84375, 0.734375, 0.43671875]
11/02/2021 18:15:17 - INFO - __main__ - --------------------------------------------------
11/02/2021 18:15:17 - INFO - __main__ - Evaluating to get errors .... Timecode: 41
11/02/2021 18:15:22 - INFO - __main__ - Before Error Fixing: {'EM': 0.609375, 'QA-F1': 0.6983161948005698}
11/02/2021 18:15:22 - INFO - __main__ - Found 25 errors.
11/02/2021 18:15:22 - INFO - __main__ - Start error-fixing .... Timecode: 41
11/02/2021 18:15:27 - INFO - __main__ - Start error-fixing .... Done!
11/02/2021 18:15:29 - INFO - __main__ - Overall: 0.7266651785714285 from scores=[0.6584821428571428, 0.96, 0.84375, 0.734375, 0.43671875]
11/02/2021 18:15:29 - INFO - __main__ - --------------------------------------------------
11/02/2021 18:15:29 - INFO - __main__ - Evaluating to get errors .... Timecode: 42
11/02/2021 18:15:34 - INFO - __main__ - Before Error Fixing: {'EM': 0.53125, 'QA-F1': 0.6187624007936507}
11/02/2021 18:15:34 - INFO - __main__ - Found 30 errors.
11/02/2021 18:15:34 - INFO - __main__ - Start error-fixing .... Timecode: 42
11/02/2021 18:15:41 - INFO - __main__ - Start error-fixing .... Done!
11/02/2021 18:15:44 - INFO - __main__ - Overall: 0.7340734011627907 from scores=[0.6555232558139534, 1.0, 0.84375, 0.734375, 0.43671875]
11/02/2021 18:15:44 - INFO - __main__ - --------------------------------------------------
11/02/2021 18:15:44 - INFO - __main__ - Evaluating to get errors .... Timecode: 43
11/02/2021 18:15:48 - INFO - __main__ - Before Error Fixing: {'EM': 0.5625, 'QA-F1': 0.633296130952381}
11/02/2021 18:15:48 - INFO - __main__ - Found 28 errors.
11/02/2021 18:15:48 - INFO - __main__ - Start error-fixing .... Timecode: 43
11/02/2021 18:15:55 - INFO - __main__ - Start error-fixing .... Done!
11/02/2021 18:15:58 - INFO - __main__ - Overall: 0.7193648538961039 from scores=[0.6534090909090908, 0.9285714285714286, 0.84375, 0.734375, 0.43671875]
11/02/2021 18:15:58 - INFO - __main__ - --------------------------------------------------
11/02/2021 18:15:58 - INFO - __main__ - Evaluating to get errors .... Timecode: 44
11/02/2021 18:16:03 - INFO - __main__ - Before Error Fixing: {'EM': 0.515625, 'QA-F1': 0.6054298499702911}
11/02/2021 18:16:03 - INFO - __main__ - Found 31 errors.
11/02/2021 18:16:03 - INFO - __main__ - Start error-fixing .... Timecode: 44
11/02/2021 18:16:10 - INFO - __main__ - Start error-fixing .... Done!
11/02/2021 18:16:12 - INFO - __main__ - Overall: 0.7265865815412186 from scores=[0.6503472222222222, 0.967741935483871, 0.84375, 0.734375, 0.43671875]
11/02/2021 18:16:12 - INFO - __main__ - --------------------------------------------------
11/02/2021 18:16:12 - INFO - __main__ - Start eval_knowledge_retention for UKR @ Timecode=45
11/02/2021 18:16:42 - INFO - __main__ - Upstream Knowledge Retation (UKR@45): 0.7129
11/02/2021 18:16:43 - INFO - __main__ - Start eval_knowledge_retention for OKR @ Timecode=45
11/02/2021 18:17:13 - INFO - __main__ - Online Knowledge Retation (OKR@45): 0.8574
11/02/2021 18:17:13 - INFO - __main__ - Evaluating to get errors .... Timecode: 45
11/02/2021 18:17:17 - INFO - __main__ - Before Error Fixing: {'EM': 0.5625, 'QA-F1': 0.6508370535714285}
11/02/2021 18:17:17 - INFO - __main__ - Found 28 errors.
11/02/2021 18:17:17 - INFO - __main__ - Start error-fixing .... Timecode: 45
11/02/2021 18:17:23 - INFO - __main__ - Start error-fixing .... Done!
11/02/2021 18:17:26 - INFO - __main__ - Overall: 0.7168080357142858 from scores=[0.6484375, 0.9285714285714286, 0.857421875, 0.712890625, 0.43671875]
11/02/2021 18:17:26 - INFO - __main__ - --------------------------------------------------
11/02/2021 18:17:26 - INFO - __main__ - Evaluating to get errors .... Timecode: 46
11/02/2021 18:17:30 - INFO - __main__ - Before Error Fixing: {'EM': 0.671875, 'QA-F1': 0.7494791666666667}
11/02/2021 18:17:30 - INFO - __main__ - Found 21 errors.
11/02/2021 18:17:30 - INFO - __main__ - Start error-fixing .... Timecode: 46
11/02/2021 18:17:35 - INFO - __main__ - Start error-fixing .... Done!
11/02/2021 18:17:38 - INFO - __main__ - Overall: 0.6930982459473151 from scores=[0.648936170212766, 0.8095238095238095, 0.857421875, 0.712890625, 0.43671875]
11/02/2021 18:17:38 - INFO - __main__ - --------------------------------------------------
11/02/2021 18:17:38 - INFO - __main__ - Evaluating to get errors .... Timecode: 47
11/02/2021 18:17:43 - INFO - __main__ - Before Error Fixing: {'EM': 0.46875, 'QA-F1': 0.52599789210494}
11/02/2021 18:17:43 - INFO - __main__ - Found 34 errors.
11/02/2021 18:17:43 - INFO - __main__ - Start error-fixing .... Timecode: 47
11/02/2021 18:17:51 - INFO - __main__ - Start error-fixing .... Done!
11/02/2021 18:17:54 - INFO - __main__ - Overall: 0.7304427083333334 from scores=[0.6451822916666667, 1.0, 0.857421875, 0.712890625, 0.43671875]
11/02/2021 18:17:54 - INFO - __main__ - --------------------------------------------------
11/02/2021 18:17:54 - INFO - __main__ - Evaluating to get errors .... Timecode: 48
11/02/2021 18:18:00 - INFO - __main__ - Before Error Fixing: {'EM': 0.5625, 'QA-F1': 0.6552227235591206}
11/02/2021 18:18:00 - INFO - __main__ - Found 28 errors.
11/02/2021 18:18:00 - INFO - __main__ - Start error-fixing .... Timecode: 48
11/02/2021 18:18:07 - INFO - __main__ - Start error-fixing .... Done!
11/02/2021 18:18:09 - INFO - __main__ - Overall: 0.7229623724489795 from scores=[0.6434948979591837, 0.9642857142857143, 0.857421875, 0.712890625, 0.43671875]
11/02/2021 18:18:09 - INFO - __main__ - --------------------------------------------------
11/02/2021 18:18:09 - INFO - __main__ - Evaluating to get errors .... Timecode: 49
11/02/2021 18:18:14 - INFO - __main__ - Before Error Fixing: {'EM': 0.421875, 'QA-F1': 0.48167858489549664}
11/02/2021 18:18:14 - INFO - __main__ - Found 37 errors.
11/02/2021 18:18:14 - INFO - __main__ - Start error-fixing .... Timecode: 49
11/02/2021 18:18:23 - INFO - __main__ - Start error-fixing .... Done!
11/02/2021 18:18:26 - INFO - __main__ - Overall: 0.72921875 from scores=[0.6390625, 1.0, 0.857421875, 0.712890625, 0.43671875]
11/02/2021 18:18:26 - INFO - __main__ - --------------------------------------------------
11/02/2021 18:18:26 - INFO - __main__ - Start eval_knowledge_retention for UKR @ Timecode=50
11/02/2021 18:19:05 - INFO - __main__ - Upstream Knowledge Retation (UKR@50): 0.7148
11/02/2021 18:19:05 - INFO - __main__ - Start eval_knowledge_retention for OKR @ Timecode=50
11/02/2021 18:19:43 - INFO - __main__ - Online Knowledge Retation (OKR@50): 0.8164
11/02/2021 18:19:43 - INFO - __main__ - Start eval_knowledge_generalization for KG @ Timecode=50
11/02/2021 18:21:10 - INFO - __main__ - Future Knowledge Generalization (KG@50): 0.4492
11/02/2021 18:21:10 - INFO - __main__ - Evaluating to get errors .... Timecode: 50
11/02/2021 18:21:15 - INFO - __main__ - Before Error Fixing: {'EM': 0.515625, 'QA-F1': 0.6318435547295842}
11/02/2021 18:21:15 - INFO - __main__ - Found 31 errors.
11/02/2021 18:21:15 - INFO - __main__ - Start error-fixing .... Timecode: 50
11/02/2021 18:21:22 - INFO - __main__ - Start error-fixing .... Done!
11/02/2021 18:21:24 - INFO - __main__ - Overall: 0.723422181372549 from scores=[0.6366421568627452, 1.0, 0.81640625, 0.71484375, 0.44921875]
11/02/2021 18:21:24 - INFO - __main__ - --------------------------------------------------
11/02/2021 18:21:24 - INFO - __main__ - Evaluating to get errors .... Timecode: 51
11/02/2021 18:21:28 - INFO - __main__ - Before Error Fixing: {'EM': 0.546875, 'QA-F1': 0.6341066919191919}
11/02/2021 18:21:28 - INFO - __main__ - Found 29 errors.
11/02/2021 18:21:28 - INFO - __main__ - Start error-fixing .... Timecode: 51
11/02/2021 18:21:35 - INFO - __main__ - Start error-fixing .... Done!
11/02/2021 18:21:37 - INFO - __main__ - Overall: 0.7161803713527852 from scores=[0.6349158653846154, 0.9655172413793104, 0.81640625, 0.71484375, 0.44921875]
11/02/2021 18:21:37 - INFO - __main__ - --------------------------------------------------
11/02/2021 18:21:37 - INFO - __main__ - Evaluating to get errors .... Timecode: 52
11/02/2021 18:21:41 - INFO - __main__ - Before Error Fixing: {'EM': 0.515625, 'QA-F1': 0.5620991101290014}
11/02/2021 18:21:41 - INFO - __main__ - Found 31 errors.
11/02/2021 18:21:41 - INFO - __main__ - Start error-fixing .... Timecode: 52
11/02/2021 18:21:48 - INFO - __main__ - Start error-fixing .... Done!
11/02/2021 18:21:50 - INFO - __main__ - Overall: 0.7226267688679245 from scores=[0.6326650943396226, 1.0, 0.81640625, 0.71484375, 0.44921875]
11/02/2021 18:21:50 - INFO - __main__ - --------------------------------------------------
11/02/2021 18:21:50 - INFO - __main__ - Evaluating to get errors .... Timecode: 53
11/02/2021 18:21:54 - INFO - __main__ - Before Error Fixing: {'EM': 0.640625, 'QA-F1': 0.7248329795204795}
11/02/2021 18:21:54 - INFO - __main__ - Found 23 errors.
11/02/2021 18:21:54 - INFO - __main__ - Start error-fixing .... Timecode: 53
11/02/2021 18:22:00 - INFO - __main__ - Start error-fixing .... Done!
11/02/2021 18:22:01 - INFO - __main__ - Overall: 0.72265625 from scores=[0.6328125, 1.0, 0.81640625, 0.71484375, 0.44921875]
11/02/2021 18:22:01 - INFO - __main__ - --------------------------------------------------
11/02/2021 18:22:01 - INFO - __main__ - Evaluating to get errors .... Timecode: 54
11/02/2021 18:22:06 - INFO - __main__ - Before Error Fixing: {'EM': 0.59375, 'QA-F1': 0.6973766321044547}
11/02/2021 18:22:06 - INFO - __main__ - Found 26 errors.
11/02/2021 18:22:06 - INFO - __main__ - Start error-fixing .... Timecode: 54
11/02/2021 18:22:12 - INFO - __main__ - Start error-fixing .... Done!
11/02/2021 18:22:14 - INFO - __main__ - Overall: 0.7071295891608391 from scores=[0.6321022727272727, 0.9230769230769231, 0.81640625, 0.71484375, 0.44921875]
11/02/2021 18:22:14 - INFO - __main__ - --------------------------------------------------
11/02/2021 18:22:14 - INFO - __main__ - Start eval_knowledge_retention for UKR @ Timecode=55
11/02/2021 18:22:44 - INFO - __main__ - Upstream Knowledge Retation (UKR@55): 0.6992
11/02/2021 18:22:45 - INFO - __main__ - Start eval_knowledge_retention for OKR @ Timecode=55
11/02/2021 18:23:21 - INFO - __main__ - Online Knowledge Retation (OKR@55): 0.8398
11/02/2021 18:23:21 - INFO - __main__ - Evaluating to get errors .... Timecode: 55
11/02/2021 18:23:26 - INFO - __main__ - Before Error Fixing: {'EM': 0.5625, 'QA-F1': 0.5978260869565217}
11/02/2021 18:23:26 - INFO - __main__ - Found 28 errors.
11/02/2021 18:23:26 - INFO - __main__ - Start error-fixing .... Timecode: 55
11/02/2021 18:23:33 - INFO - __main__ - Start error-fixing .... Done!
11/02/2021 18:23:35 - INFO - __main__ - Overall: 0.723828125 from scores=[0.630859375, 1.0, 0.83984375, 0.69921875, 0.44921875]
11/02/2021 18:23:35 - INFO - __main__ - --------------------------------------------------
11/02/2021 18:23:35 - INFO - __main__ - Evaluating to get errors .... Timecode: 56
11/02/2021 18:23:39 - INFO - __main__ - Before Error Fixing: {'EM': 0.59375, 'QA-F1': 0.707871938286809}
11/02/2021 18:23:39 - INFO - __main__ - Found 26 errors.
11/02/2021 18:23:39 - INFO - __main__ - Start error-fixing .... Timecode: 56
11/02/2021 18:23:45 - INFO - __main__ - Start error-fixing .... Done!
11/02/2021 18:23:47 - INFO - __main__ - Overall: 0.7006209935897436 from scores=[0.6302083333333333, 0.8846153846153846, 0.83984375, 0.69921875, 0.44921875]
11/02/2021 18:23:47 - INFO - __main__ - --------------------------------------------------
11/02/2021 18:23:47 - INFO - __main__ - Evaluating to get errors .... Timecode: 57
11/02/2021 18:23:51 - INFO - __main__ - Before Error Fixing: {'EM': 0.5625, 'QA-F1': 0.6264560439560439}
11/02/2021 18:23:51 - INFO - __main__ - Found 28 errors.
11/02/2021 18:23:52 - INFO - __main__ - Start error-fixing .... Timecode: 57
11/02/2021 18:23:58 - INFO - __main__ - Start error-fixing .... Done!
11/02/2021 18:24:01 - INFO - __main__ - Overall: 0.7091787253694581 from scores=[0.6290409482758621, 0.9285714285714286, 0.83984375, 0.69921875, 0.44921875]
11/02/2021 18:24:01 - INFO - __main__ - --------------------------------------------------
11/02/2021 18:24:01 - INFO - __main__ - Evaluating to get errors .... Timecode: 58
11/02/2021 18:24:05 - INFO - __main__ - Before Error Fixing: {'EM': 0.625, 'QA-F1': 0.711328125}
11/02/2021 18:24:05 - INFO - __main__ - Found 24 errors.
11/02/2021 18:24:05 - INFO - __main__ - Start error-fixing .... Timecode: 58
11/02/2021 18:24:10 - INFO - __main__ - Start error-fixing .... Done!
11/02/2021 18:24:12 - INFO - __main__ - Overall: 0.6984507415254237 from scores=[0.6289724576271186, 0.875, 0.83984375, 0.69921875, 0.44921875]
11/02/2021 18:24:12 - INFO - __main__ - --------------------------------------------------
11/02/2021 18:24:12 - INFO - __main__ - Evaluating to get errors .... Timecode: 59
11/02/2021 18:24:17 - INFO - __main__ - Before Error Fixing: {'EM': 0.5, 'QA-F1': 0.6108101903041918}
11/02/2021 18:24:17 - INFO - __main__ - Found 32 errors.
11/02/2021 18:24:17 - INFO - __main__ - Start error-fixing .... Timecode: 59
11/02/2021 18:24:24 - INFO - __main__ - Start error-fixing .... Done!
11/02/2021 18:24:26 - INFO - __main__ - Overall: 0.6917708333333333 from scores=[0.6268229166666667, 0.84375, 0.83984375, 0.69921875, 0.44921875]
11/02/2021 18:24:26 - INFO - __main__ - --------------------------------------------------
11/02/2021 18:24:26 - INFO - __main__ - Start eval_knowledge_retention for UKR @ Timecode=60
11/02/2021 18:24:54 - INFO - __main__ - Upstream Knowledge Retation (UKR@60): 0.6836
11/02/2021 18:24:55 - INFO - __main__ - Start eval_knowledge_retention for OKR @ Timecode=60
11/02/2021 18:25:29 - INFO - __main__ - Online Knowledge Retation (OKR@60): 0.8262
11/02/2021 18:25:29 - INFO - __main__ - Start eval_knowledge_generalization for KG @ Timecode=60
11/02/2021 18:26:48 - INFO - __main__ - Future Knowledge Generalization (KG@60): 0.4414
11/02/2021 18:26:48 - INFO - __main__ - Evaluating to get errors .... Timecode: 60
11/02/2021 18:26:53 - INFO - __main__ - Before Error Fixing: {'EM': 0.5, 'QA-F1': 0.6067486458790807}
11/02/2021 18:26:53 - INFO - __main__ - Found 32 errors.
11/02/2021 18:26:54 - INFO - __main__ - Start error-fixing .... Timecode: 60
11/02/2021 18:27:01 - INFO - __main__ - Start error-fixing .... Done!
11/02/2021 18:27:03 - INFO - __main__ - Overall: 0.7089331454918033 from scores=[0.6247438524590163, 0.96875, 0.826171875, 0.68359375, 0.44140625]
11/02/2021 18:27:03 - INFO - __main__ - --------------------------------------------------
11/02/2021 18:27:03 - INFO - __main__ - Evaluating to get errors .... Timecode: 61
11/02/2021 18:27:08 - INFO - __main__ - Before Error Fixing: {'EM': 0.484375, 'QA-F1': 0.557184829059829}
11/02/2021 18:27:08 - INFO - __main__ - Found 33 errors.
11/02/2021 18:27:08 - INFO - __main__ - Start error-fixing .... Timecode: 61
11/02/2021 18:27:16 - INFO - __main__ - Start error-fixing .... Done!
11/02/2021 18:27:19 - INFO - __main__ - Overall: 0.7147303427419355 from scores=[0.6224798387096775, 1.0, 0.826171875, 0.68359375, 0.44140625]
11/02/2021 18:27:19 - INFO - __main__ - --------------------------------------------------
11/02/2021 18:27:19 - INFO - __main__ - Evaluating to get errors .... Timecode: 62
11/02/2021 18:27:24 - INFO - __main__ - Before Error Fixing: {'EM': 0.484375, 'QA-F1': 0.5842453808446455}
11/02/2021 18:27:24 - INFO - __main__ - Found 33 errors.
11/02/2021 18:27:25 - INFO - __main__ - Start error-fixing .... Timecode: 62
11/02/2021 18:27:33 - INFO - __main__ - Start error-fixing .... Done!
11/02/2021 18:27:35 - INFO - __main__ - Overall: 0.7082313086219336 from scores=[0.6202876984126984, 0.9696969696969697, 0.826171875, 0.68359375, 0.44140625]
11/02/2021 18:27:35 - INFO - __main__ - --------------------------------------------------
11/02/2021 18:27:35 - INFO - __main__ - Evaluating to get errors .... Timecode: 63
11/02/2021 18:27:39 - INFO - __main__ - Before Error Fixing: {'EM': 0.515625, 'QA-F1': 0.5659455128205129}
11/02/2021 18:27:39 - INFO - __main__ - Found 31 errors.
11/02/2021 18:27:39 - INFO - __main__ - Start error-fixing .... Timecode: 63
11/02/2021 18:27:46 - INFO - __main__ - Start error-fixing .... Done!
11/02/2021 18:27:48 - INFO - __main__ - Overall: 0.6623519405241935 from scores=[0.61865234375, 0.7419354838709677, 0.826171875, 0.68359375, 0.44140625]
11/02/2021 18:27:48 - INFO - __main__ - --------------------------------------------------
11/02/2021 18:27:48 - INFO - __main__ - Evaluating to get errors .... Timecode: 64
11/02/2021 18:27:52 - INFO - __main__ - Before Error Fixing: {'EM': 0.46875, 'QA-F1': 0.5492621527777778}
11/02/2021 18:27:52 - INFO - __main__ - Found 34 errors.
11/02/2021 18:27:52 - INFO - __main__ - Start error-fixing .... Timecode: 64
11/02/2021 18:28:00 - INFO - __main__ - Start error-fixing .... Done!
11/02/2021 18:28:03 - INFO - __main__ - Overall: 0.7076212528280543 from scores=[0.6163461538461539, 0.9705882352941176, 0.826171875, 0.68359375, 0.44140625]
11/02/2021 18:28:03 - INFO - __main__ - --------------------------------------------------
11/02/2021 18:28:03 - INFO - __main__ - Start eval_knowledge_retention for UKR @ Timecode=65
11/02/2021 18:28:35 - INFO - __main__ - Upstream Knowledge Retation (UKR@65): 0.7168
11/02/2021 18:28:36 - INFO - __main__ - Start eval_knowledge_retention for OKR @ Timecode=65
11/02/2021 18:29:10 - INFO - __main__ - Online Knowledge Retation (OKR@65): 0.8457
11/02/2021 18:29:10 - INFO - __main__ - Evaluating to get errors .... Timecode: 65
11/02/2021 18:29:15 - INFO - __main__ - Before Error Fixing: {'EM': 0.453125, 'QA-F1': 0.5965964795008913}
11/02/2021 18:29:15 - INFO - __main__ - Found 35 errors.
11/02/2021 18:29:15 - INFO - __main__ - Start error-fixing .... Timecode: 65
11/02/2021 18:29:23 - INFO - __main__ - Start error-fixing .... Done!
11/02/2021 18:29:26 - INFO - __main__ - Overall: 0.7121272997835498 from scores=[0.6138731060606061, 0.9428571428571428, 0.845703125, 0.716796875, 0.44140625]
11/02/2021 18:29:26 - INFO - __main__ - --------------------------------------------------
11/02/2021 18:29:26 - INFO - __main__ - Evaluating to get errors .... Timecode: 66
11/02/2021 18:29:31 - INFO - __main__ - Before Error Fixing: {'EM': 0.546875, 'QA-F1': 0.6231770833333334}
11/02/2021 18:29:31 - INFO - __main__ - Found 29 errors.
11/02/2021 18:29:31 - INFO - __main__ - Start error-fixing .... Timecode: 66
11/02/2021 18:29:38 - INFO - __main__ - Start error-fixing .... Done!
11/02/2021 18:29:39 - INFO - __main__ - Overall: 0.7164593251415338 from scores=[0.6128731343283582, 0.9655172413793104, 0.845703125, 0.716796875, 0.44140625]
11/02/2021 18:29:39 - INFO - __main__ - --------------------------------------------------
11/02/2021 18:29:39 - INFO - __main__ - Evaluating to get errors .... Timecode: 67
11/02/2021 18:29:43 - INFO - __main__ - Before Error Fixing: {'EM': 0.578125, 'QA-F1': 0.6795535714285714}
11/02/2021 18:29:43 - INFO - __main__ - Found 27 errors.
11/02/2021 18:29:44 - INFO - __main__ - Start error-fixing .... Timecode: 67
11/02/2021 18:29:50 - INFO - __main__ - Start error-fixing .... Done!
11/02/2021 18:29:52 - INFO - __main__ - Overall: 0.7158462690631808 from scores=[0.6123621323529411, 0.9629629629629629, 0.845703125, 0.716796875, 0.44140625]
11/02/2021 18:29:52 - INFO - __main__ - --------------------------------------------------
11/02/2021 18:29:52 - INFO - __main__ - Evaluating to get errors .... Timecode: 68
11/02/2021 18:29:56 - INFO - __main__ - Before Error Fixing: {'EM': 0.484375, 'QA-F1': 0.5896397783251232}
11/02/2021 18:29:56 - INFO - __main__ - Found 33 errors.
11/02/2021 18:29:56 - INFO - __main__ - Start error-fixing .... Timecode: 68
11/02/2021 18:30:04 - INFO - __main__ - Start error-fixing .... Done!
11/02/2021 18:30:07 - INFO - __main__ - Overall: 0.692579668972332 from scores=[0.6105072463768115, 0.8484848484848485, 0.845703125, 0.716796875, 0.44140625]
11/02/2021 18:30:07 - INFO - __main__ - --------------------------------------------------
11/02/2021 18:30:07 - INFO - __main__ - Evaluating to get errors .... Timecode: 69
11/02/2021 18:30:11 - INFO - __main__ - Before Error Fixing: {'EM': 0.515625, 'QA-F1': 0.6582127463054188}
11/02/2021 18:30:11 - INFO - __main__ - Found 31 errors.
11/02/2021 18:30:11 - INFO - __main__ - Start error-fixing .... Timecode: 69
11/02/2021 18:30:18 - INFO - __main__ - Start error-fixing .... Done!
11/02/2021 18:30:20 - INFO - __main__ - Overall: 0.7032567684331796 from scores=[0.6091517857142856, 0.9032258064516129, 0.845703125, 0.716796875, 0.44140625]
11/02/2021 18:30:20 - INFO - __main__ - --------------------------------------------------
11/02/2021 18:30:20 - INFO - __main__ - Start eval_knowledge_retention for UKR @ Timecode=70
11/02/2021 18:30:48 - INFO - __main__ - Upstream Knowledge Retation (UKR@70): 0.7441
11/02/2021 18:30:49 - INFO - __main__ - Start eval_knowledge_retention for OKR @ Timecode=70
11/02/2021 18:31:21 - INFO - __main__ - Online Knowledge Retation (OKR@70): 0.8398
11/02/2021 18:31:21 - INFO - __main__ - Start eval_knowledge_generalization for KG @ Timecode=70
11/02/2021 18:32:32 - INFO - __main__ - Future Knowledge Generalization (KG@70): 0.4586
11/02/2021 18:32:32 - INFO - __main__ - Evaluating to get errors .... Timecode: 70
11/02/2021 18:32:37 - INFO - __main__ - Before Error Fixing: {'EM': 0.5, 'QA-F1': 0.5754050483829896}
11/02/2021 18:32:37 - INFO - __main__ - Found 32 errors.
11/02/2021 18:32:37 - INFO - __main__ - Start error-fixing .... Timecode: 70
11/02/2021 18:32:45 - INFO - __main__ - Start error-fixing .... Done!
11/02/2021 18:32:47 - INFO - __main__ - Overall: 0.7050385123239435 from scores=[0.6076144366197183, 0.875, 0.83984375, 0.744140625, 0.45859375]
11/02/2021 18:32:47 - INFO - __main__ - --------------------------------------------------
11/02/2021 18:32:47 - INFO - __main__ - Evaluating to get errors .... Timecode: 71
11/02/2021 18:32:52 - INFO - __main__ - Before Error Fixing: {'EM': 0.59375, 'QA-F1': 0.6903925784360567}
11/02/2021 18:32:52 - INFO - __main__ - Found 26 errors.
11/02/2021 18:32:52 - INFO - __main__ - Start error-fixing .... Timecode: 71
11/02/2021 18:32:58 - INFO - __main__ - Start error-fixing .... Done!
11/02/2021 18:33:00 - INFO - __main__ - Overall: 0.7069230769230769 from scores=[0.607421875, 0.8846153846153846, 0.83984375, 0.744140625, 0.45859375]
11/02/2021 18:33:00 - INFO - __main__ - --------------------------------------------------
11/02/2021 18:33:00 - INFO - __main__ - Evaluating to get errors .... Timecode: 72
11/02/2021 18:33:04 - INFO - __main__ - Before Error Fixing: {'EM': 0.640625, 'QA-F1': 0.6981534090909091}
11/02/2021 18:33:04 - INFO - __main__ - Found 23 errors.
11/02/2021 18:33:04 - INFO - __main__ - Start error-fixing .... Timecode: 72
11/02/2021 18:33:10 - INFO - __main__ - Start error-fixing .... Done!
11/02/2021 18:33:11 - INFO - __main__ - Overall: 0.7126996631179273 from scores=[0.6078767123287672, 0.9130434782608695, 0.83984375, 0.744140625, 0.45859375]
11/02/2021 18:33:11 - INFO - __main__ - --------------------------------------------------
11/02/2021 18:33:11 - INFO - __main__ - Evaluating to get errors .... Timecode: 73
11/02/2021 18:33:16 - INFO - __main__ - Before Error Fixing: {'EM': 0.515625, 'QA-F1': 0.6018263208061002}
11/02/2021 18:33:16 - INFO - __main__ - Found 31 errors.
11/02/2021 18:33:16 - INFO - __main__ - Start error-fixing .... Timecode: 73
11/02/2021 18:33:24 - INFO - __main__ - Start error-fixing .... Done!
11/02/2021 18:33:27 - INFO - __main__ - Overall: 0.7104867998038361 from scores=[0.6066300675675675, 0.9032258064516129, 0.83984375, 0.744140625, 0.45859375]
11/02/2021 18:33:27 - INFO - __main__ - --------------------------------------------------
11/02/2021 18:33:27 - INFO - __main__ - Evaluating to get errors .... Timecode: 74
11/02/2021 18:33:32 - INFO - __main__ - Before Error Fixing: {'EM': 0.609375, 'QA-F1': 0.6961427895021646}
11/02/2021 18:33:32 - INFO - __main__ - Found 25 errors.
11/02/2021 18:33:32 - INFO - __main__ - Start error-fixing .... Timecode: 74
11/02/2021 18:33:39 - INFO - __main__ - Start error-fixing .... Done!
11/02/2021 18:33:40 - INFO - __main__ - Overall: 0.6898489583333334 from scores=[0.6066666666666667, 0.8, 0.83984375, 0.744140625, 0.45859375]
11/02/2021 18:33:40 - INFO - __main__ - --------------------------------------------------
11/02/2021 18:33:40 - INFO - __main__ - Start eval_knowledge_retention for UKR @ Timecode=75
11/02/2021 18:34:08 - INFO - __main__ - Upstream Knowledge Retation (UKR@75): 0.7520
11/02/2021 18:34:09 - INFO - __main__ - Start eval_knowledge_retention for OKR @ Timecode=75
11/02/2021 18:34:41 - INFO - __main__ - Online Knowledge Retation (OKR@75): 0.8340
11/02/2021 18:34:41 - INFO - __main__ - Evaluating to get errors .... Timecode: 75
11/02/2021 18:34:45 - INFO - __main__ - Before Error Fixing: {'EM': 0.4375, 'QA-F1': 0.48992673992673996}
11/02/2021 18:34:45 - INFO - __main__ - Found 36 errors.
11/02/2021 18:34:46 - INFO - __main__ - Start error-fixing .... Timecode: 75
11/02/2021 18:34:54 - INFO - __main__ - Start error-fixing .... Done!
11/02/2021 18:34:57 - INFO - __main__ - Overall: 0.7075721856725147 from scores=[0.6044407894736843, 0.8888888888888888, 0.833984375, 0.751953125, 0.45859375]
11/02/2021 18:34:57 - INFO - __main__ - --------------------------------------------------
11/02/2021 18:34:57 - INFO - __main__ - Evaluating to get errors .... Timecode: 76
11/02/2021 18:35:01 - INFO - __main__ - Before Error Fixing: {'EM': 0.515625, 'QA-F1': 0.5702966700744179}
11/02/2021 18:35:01 - INFO - __main__ - Found 31 errors.
11/02/2021 18:35:01 - INFO - __main__ - Start error-fixing .... Timecode: 76
11/02/2021 18:35:08 - INFO - __main__ - Start error-fixing .... Done!
11/02/2021 18:35:10 - INFO - __main__ - Overall: 0.6973056530163385 from scores=[0.6032873376623377, 0.8387096774193549, 0.833984375, 0.751953125, 0.45859375]
11/02/2021 18:35:10 - INFO - __main__ - --------------------------------------------------
11/02/2021 18:35:10 - INFO - __main__ - Evaluating to get errors .... Timecode: 77
11/02/2021 18:35:15 - INFO - __main__ - Before Error Fixing: {'EM': 0.5, 'QA-F1': 0.5858540764790765}
11/02/2021 18:35:15 - INFO - __main__ - Found 32 errors.
11/02/2021 18:35:15 - INFO - __main__ - Start error-fixing .... Timecode: 77
11/02/2021 18:35:22 - INFO - __main__ - Start error-fixing .... Done!
11/02/2021 18:35:25 - INFO - __main__ - Overall: 0.6917988782051282 from scores=[0.601963141025641, 0.8125, 0.833984375, 0.751953125, 0.45859375]
11/02/2021 18:35:25 - INFO - __main__ - --------------------------------------------------
11/02/2021 18:35:25 - INFO - __main__ - Evaluating to get errors .... Timecode: 78
11/02/2021 18:35:30 - INFO - __main__ - Before Error Fixing: {'EM': 0.546875, 'QA-F1': 0.6229393115942028}
11/02/2021 18:35:30 - INFO - __main__ - Found 29 errors.
11/02/2021 18:35:30 - INFO - __main__ - Start error-fixing .... Timecode: 78
11/02/2021 18:35:37 - INFO - __main__ - Start error-fixing .... Done!
11/02/2021 18:35:38 - INFO - __main__ - Overall: 0.722262862832824 from scores=[0.6012658227848101, 0.9655172413793104, 0.833984375, 0.751953125, 0.45859375]
11/02/2021 18:35:38 - INFO - __main__ - --------------------------------------------------
11/02/2021 18:35:38 - INFO - __main__ - Evaluating to get errors .... Timecode: 79
11/02/2021 18:35:42 - INFO - __main__ - Before Error Fixing: {'EM': 0.59375, 'QA-F1': 0.659388727968891}
11/02/2021 18:35:42 - INFO - __main__ - Found 26 errors.
11/02/2021 18:35:42 - INFO - __main__ - Start error-fixing .... Timecode: 79
11/02/2021 18:35:49 - INFO - __main__ - Start error-fixing .... Done!
11/02/2021 18:35:51 - INFO - __main__ - Overall: 0.6983713942307692 from scores=[0.601171875, 0.8461538461538461, 0.833984375, 0.751953125, 0.45859375]
11/02/2021 18:35:51 - INFO - __main__ - --------------------------------------------------
11/02/2021 18:35:51 - INFO - __main__ - Start eval_knowledge_retention for UKR @ Timecode=80
11/02/2021 18:36:16 - INFO - __main__ - Upstream Knowledge Retation (UKR@80): 0.7285
11/02/2021 18:36:17 - INFO - __main__ - Start eval_knowledge_retention for OKR @ Timecode=80
11/02/2021 18:36:50 - INFO - __main__ - Online Knowledge Retation (OKR@80): 0.7754
11/02/2021 18:36:50 - INFO - __main__ - Start eval_knowledge_generalization for KG @ Timecode=80
11/02/2021 18:38:04 - INFO - __main__ - Future Knowledge Generalization (KG@80): 0.4531
11/02/2021 18:38:04 - INFO - __main__ - Evaluating to get errors .... Timecode: 80
11/02/2021 18:38:09 - INFO - __main__ - Before Error Fixing: {'EM': 0.609375, 'QA-F1': 0.6934422348484849}
11/02/2021 18:38:09 - INFO - __main__ - Found 25 errors.
11/02/2021 18:38:09 - INFO - __main__ - Start error-fixing .... Timecode: 80
11/02/2021 18:38:15 - INFO - __main__ - Start error-fixing .... Done!
11/02/2021 18:38:17 - INFO - __main__ - Overall: 0.7036608796296295 from scores=[0.6012731481481481, 0.96, 0.775390625, 0.728515625, 0.453125]
11/02/2021 18:38:17 - INFO - __main__ - --------------------------------------------------
11/02/2021 18:38:17 - INFO - __main__ - Evaluating to get errors .... Timecode: 81
11/02/2021 18:38:21 - INFO - __main__ - Before Error Fixing: {'EM': 0.625, 'QA-F1': 0.6390625}
11/02/2021 18:38:21 - INFO - __main__ - Found 24 errors.
11/02/2021 18:38:22 - INFO - __main__ - Start error-fixing .... Timecode: 81
11/02/2021 18:38:27 - INFO - __main__ - Start error-fixing .... Done!
11/02/2021 18:38:29 - INFO - __main__ - Overall: 0.6700520833333333 from scores=[0.6015625, 0.7916666666666666, 0.775390625, 0.728515625, 0.453125]
11/02/2021 18:38:29 - INFO - __main__ - --------------------------------------------------
11/02/2021 18:38:29 - INFO - __main__ - Evaluating to get errors .... Timecode: 82
11/02/2021 18:38:33 - INFO - __main__ - Before Error Fixing: {'EM': 0.59375, 'QA-F1': 0.7171316964285714}
11/02/2021 18:38:33 - INFO - __main__ - Found 26 errors.
11/02/2021 18:38:33 - INFO - __main__ - Start error-fixing .... Timecode: 82
11/02/2021 18:38:40 - INFO - __main__ - Start error-fixing .... Done!
11/02/2021 18:38:42 - INFO - __main__ - Overall: 0.7040076170064875 from scores=[0.6014683734939759, 0.9615384615384616, 0.775390625, 0.728515625, 0.453125]
11/02/2021 18:38:42 - INFO - __main__ - --------------------------------------------------
11/02/2021 18:38:42 - INFO - __main__ - Evaluating to get errors .... Timecode: 83
11/02/2021 18:38:47 - INFO - __main__ - Before Error Fixing: {'EM': 0.453125, 'QA-F1': 0.5375115185237468}
11/02/2021 18:38:47 - INFO - __main__ - Found 35 errors.
11/02/2021 18:38:47 - INFO - __main__ - Start error-fixing .... Timecode: 83
11/02/2021 18:38:55 - INFO - __main__ - Start error-fixing .... Done!
11/02/2021 18:38:58 - INFO - __main__ - Overall: 0.7056324404761904 from scores=[0.5997023809523809, 0.9714285714285714, 0.775390625, 0.728515625, 0.453125]
11/02/2021 18:38:58 - INFO - __main__ - --------------------------------------------------
11/02/2021 18:38:58 - INFO - __main__ - Evaluating to get errors .... Timecode: 84
11/02/2021 18:39:02 - INFO - __main__ - Before Error Fixing: {'EM': 0.5, 'QA-F1': 0.6321083303045447}
11/02/2021 18:39:02 - INFO - __main__ - Found 32 errors.
11/02/2021 18:39:02 - INFO - __main__ - Start error-fixing .... Timecode: 84
11/02/2021 18:39:09 - INFO - __main__ - Start error-fixing .... Done!
11/02/2021 18:39:11 - INFO - __main__ - Overall: 0.6986121323529412 from scores=[0.5985294117647059, 0.9375, 0.775390625, 0.728515625, 0.453125]
11/02/2021 18:39:11 - INFO - __main__ - --------------------------------------------------
11/02/2021 18:39:11 - INFO - __main__ - Start eval_knowledge_retention for UKR @ Timecode=85
11/02/2021 18:39:41 - INFO - __main__ - Upstream Knowledge Retation (UKR@85): 0.7031
11/02/2021 18:39:43 - INFO - __main__ - Start eval_knowledge_retention for OKR @ Timecode=85
11/02/2021 18:40:18 - INFO - __main__ - Online Knowledge Retation (OKR@85): 0.8105
11/02/2021 18:40:18 - INFO - __main__ - Evaluating to get errors .... Timecode: 85
11/02/2021 18:40:23 - INFO - __main__ - Before Error Fixing: {'EM': 0.484375, 'QA-F1': 0.6149420384385007}
11/02/2021 18:40:23 - INFO - __main__ - Found 33 errors.
11/02/2021 18:40:23 - INFO - __main__ - Start error-fixing .... Timecode: 85
11/02/2021 18:40:31 - INFO - __main__ - Start error-fixing .... Done!
11/02/2021 18:40:34 - INFO - __main__ - Overall: 0.7067391759161381 from scores=[0.5972020348837209, 0.9696969696969697, 0.810546875, 0.703125, 0.453125]
11/02/2021 18:40:34 - INFO - __main__ - --------------------------------------------------
11/02/2021 18:40:34 - INFO - __main__ - Evaluating to get errors .... Timecode: 86
11/02/2021 18:40:39 - INFO - __main__ - Before Error Fixing: {'EM': 0.515625, 'QA-F1': 0.6261081115521905}
11/02/2021 18:40:39 - INFO - __main__ - Found 31 errors.
11/02/2021 18:40:39 - INFO - __main__ - Start error-fixing .... Timecode: 86
11/02/2021 18:40:46 - INFO - __main__ - Start error-fixing .... Done!
11/02/2021 18:40:48 - INFO - __main__ - Overall: 0.7061606356599925 from scores=[0.5962643678160919, 0.967741935483871, 0.810546875, 0.703125, 0.453125]
11/02/2021 18:40:48 - INFO - __main__ - --------------------------------------------------
11/02/2021 18:40:48 - INFO - __main__ - Evaluating to get errors .... Timecode: 87
11/02/2021 18:40:52 - INFO - __main__ - Before Error Fixing: {'EM': 0.53125, 'QA-F1': 0.6291914682539683}
11/02/2021 18:40:52 - INFO - __main__ - Found 30 errors.
11/02/2021 18:40:52 - INFO - __main__ - Start error-fixing .... Timecode: 87
11/02/2021 18:40:59 - INFO - __main__ - Start error-fixing .... Done!
11/02/2021 18:41:01 - INFO - __main__ - Overall: 0.6991311553030303 from scores=[0.5955255681818181, 0.9333333333333333, 0.810546875, 0.703125, 0.453125]
11/02/2021 18:41:01 - INFO - __main__ - --------------------------------------------------
11/02/2021 18:41:01 - INFO - __main__ - Evaluating to get errors .... Timecode: 88
11/02/2021 18:41:04 - INFO - __main__ - Before Error Fixing: {'EM': 0.515625, 'QA-F1': 0.6799234619547119}
11/02/2021 18:41:04 - INFO - __main__ - Found 31 errors.
11/02/2021 18:41:04 - INFO - __main__ - Start error-fixing .... Timecode: 88
11/02/2021 18:41:11 - INFO - __main__ - Start error-fixing .... Done!
11/02/2021 18:41:13 - INFO - __main__ - Overall: 0.673575259378398 from scores=[0.594627808988764, 0.8064516129032258, 0.810546875, 0.703125, 0.453125]
11/02/2021 18:41:13 - INFO - __main__ - --------------------------------------------------
11/02/2021 18:41:13 - INFO - __main__ - Evaluating to get errors .... Timecode: 89
11/02/2021 18:41:17 - INFO - __main__ - Before Error Fixing: {'EM': 0.515625, 'QA-F1': 0.621292896063181}
11/02/2021 18:41:17 - INFO - __main__ - Found 31 errors.
11/02/2021 18:41:17 - INFO - __main__ - Start error-fixing .... Timecode: 89
11/02/2021 18:41:23 - INFO - __main__ - Start error-fixing .... Done!
11/02/2021 18:41:26 - INFO - __main__ - Overall: 0.712109375 from scores=[0.59375, 1.0, 0.810546875, 0.703125, 0.453125]
11/02/2021 18:41:26 - INFO - __main__ - --------------------------------------------------
11/02/2021 18:41:26 - INFO - __main__ - Start eval_knowledge_retention for UKR @ Timecode=90
11/02/2021 18:41:48 - INFO - __main__ - Upstream Knowledge Retation (UKR@90): 0.7305
11/02/2021 18:41:48 - INFO - __main__ - Start eval_knowledge_retention for OKR @ Timecode=90
11/02/2021 18:42:18 - INFO - __main__ - Online Knowledge Retation (OKR@90): 0.8105
11/02/2021 18:42:18 - INFO - __main__ - Start eval_knowledge_generalization for KG @ Timecode=90
11/02/2021 18:43:20 - INFO - __main__ - Future Knowledge Generalization (KG@90): 0.5000
11/02/2021 18:43:20 - INFO - __main__ - Evaluating to get errors .... Timecode: 90
11/02/2021 18:43:24 - INFO - __main__ - Before Error Fixing: {'EM': 0.640625, 'QA-F1': 0.7257183637618421}
11/02/2021 18:43:24 - INFO - __main__ - Found 23 errors.
11/02/2021 18:43:24 - INFO - __main__ - Start error-fixing .... Timecode: 90
11/02/2021 18:43:28 - INFO - __main__ - Start error-fixing .... Done!
11/02/2021 18:43:30 - INFO - __main__ - Overall: 0.727056146978022 from scores=[0.5942651098901099, 1.0, 0.810546875, 0.73046875, 0.5]
11/02/2021 18:43:30 - INFO - __main__ - --------------------------------------------------
11/02/2021 18:43:30 - INFO - __main__ - Evaluating to get errors .... Timecode: 91
11/02/2021 18:43:34 - INFO - __main__ - Before Error Fixing: {'EM': 0.578125, 'QA-F1': 0.6880646176739926}
11/02/2021 18:43:34 - INFO - __main__ - Found 27 errors.
11/02/2021 18:43:34 - INFO - __main__ - Start error-fixing .... Timecode: 91
11/02/2021 18:43:39 - INFO - __main__ - Start error-fixing .... Done!
11/02/2021 18:43:41 - INFO - __main__ - Overall: 0.7047988375603864 from scores=[0.5940896739130435, 0.8888888888888888, 0.810546875, 0.73046875, 0.5]
11/02/2021 18:43:41 - INFO - __main__ - --------------------------------------------------
11/02/2021 18:43:41 - INFO - __main__ - Evaluating to get errors .... Timecode: 92
11/02/2021 18:43:44 - INFO - __main__ - Before Error Fixing: {'EM': 0.5, 'QA-F1': 0.6518219526115139}
11/02/2021 18:43:44 - INFO - __main__ - Found 32 errors.
11/02/2021 18:43:45 - INFO - __main__ - Start error-fixing .... Timecode: 92
11/02/2021 18:43:51 - INFO - __main__ - Start error-fixing .... Done!
11/02/2021 18:43:53 - INFO - __main__ - Overall: 0.7018187163978494 from scores=[0.5930779569892473, 0.875, 0.810546875, 0.73046875, 0.5]
11/02/2021 18:43:53 - INFO - __main__ - --------------------------------------------------
11/02/2021 18:43:53 - INFO - __main__ - Evaluating to get errors .... Timecode: 93
11/02/2021 18:43:58 - INFO - __main__ - Before Error Fixing: {'EM': 0.46875, 'QA-F1': 0.5666503498329156}
11/02/2021 18:43:58 - INFO - __main__ - Found 34 errors.
11/02/2021 18:43:58 - INFO - __main__ - Start error-fixing .... Timecode: 93
11/02/2021 18:44:05 - INFO - __main__ - Start error-fixing .... Done!
11/02/2021 18:44:08 - INFO - __main__ - Overall: 0.7030247770650814 from scores=[0.5917553191489362, 0.8823529411764706, 0.810546875, 0.73046875, 0.5]
11/02/2021 18:44:08 - INFO - __main__ - --------------------------------------------------
11/02/2021 18:44:08 - INFO - __main__ - Evaluating to get errors .... Timecode: 94
11/02/2021 18:44:12 - INFO - __main__ - Before Error Fixing: {'EM': 0.625, 'QA-F1': 0.7237353370798367}
11/02/2021 18:44:12 - INFO - __main__ - Found 24 errors.
11/02/2021 18:44:12 - INFO - __main__ - Start error-fixing .... Timecode: 94
11/02/2021 18:44:17 - INFO - __main__ - Start error-fixing .... Done!
11/02/2021 18:44:18 - INFO - __main__ - Overall: 0.7182908442982456 from scores=[0.5921052631578947, 0.9583333333333334, 0.810546875, 0.73046875, 0.5]
11/02/2021 18:44:18 - INFO - __main__ - --------------------------------------------------
11/02/2021 18:44:18 - INFO - __main__ - Start eval_knowledge_retention for UKR @ Timecode=95
11/02/2021 18:44:41 - INFO - __main__ - Upstream Knowledge Retation (UKR@95): 0.6699
11/02/2021 18:44:42 - INFO - __main__ - Start eval_knowledge_retention for OKR @ Timecode=95
11/02/2021 18:45:11 - INFO - __main__ - Online Knowledge Retation (OKR@95): 0.8086
11/02/2021 18:45:11 - INFO - __main__ - Evaluating to get errors .... Timecode: 95
11/02/2021 18:45:14 - INFO - __main__ - Before Error Fixing: {'EM': 0.484375, 'QA-F1': 0.6098104335357625}
11/02/2021 18:45:14 - INFO - __main__ - Found 33 errors.
11/02/2021 18:45:14 - INFO - __main__ - Start error-fixing .... Timecode: 95
11/02/2021 18:45:21 - INFO - __main__ - Start error-fixing .... Done!
11/02/2021 18:45:23 - INFO - __main__ - Overall: 0.683596709280303 from scores=[0.5909830729166667, 0.8484848484848485, 0.80859375, 0.669921875, 0.5]
11/02/2021 18:45:23 - INFO - __main__ - --------------------------------------------------
11/02/2021 18:45:23 - INFO - __main__ - Evaluating to get errors .... Timecode: 96
11/02/2021 18:45:27 - INFO - __main__ - Before Error Fixing: {'EM': 0.578125, 'QA-F1': 0.6484199604159282}
11/02/2021 18:45:27 - INFO - __main__ - Found 27 errors.
11/02/2021 18:45:27 - INFO - __main__ - Start error-fixing .... Timecode: 96
11/02/2021 18:45:33 - INFO - __main__ - Start error-fixing .... Done!
11/02/2021 18:45:35 - INFO - __main__ - Overall: 0.6990584132779687 from scores=[0.5908505154639175, 0.9259259259259259, 0.80859375, 0.669921875, 0.5]
11/02/2021 18:45:35 - INFO - __main__ - --------------------------------------------------
11/02/2021 18:45:35 - INFO - __main__ - Evaluating to get errors .... Timecode: 97
11/02/2021 18:45:39 - INFO - __main__ - Before Error Fixing: {'EM': 0.546875, 'QA-F1': 0.6054279003267975}
11/02/2021 18:45:39 - INFO - __main__ - Found 29 errors.
11/02/2021 18:45:40 - INFO - __main__ - Start error-fixing .... Timecode: 97
11/02/2021 18:45:46 - INFO - __main__ - Start error-fixing .... Done!
11/02/2021 18:45:48 - INFO - __main__ - Overall: 0.6999903786945814 from scores=[0.5904017857142857, 0.9310344827586207, 0.80859375, 0.669921875, 0.5]
11/02/2021 18:45:48 - INFO - __main__ - --------------------------------------------------
11/02/2021 18:45:48 - INFO - __main__ - Evaluating to get errors .... Timecode: 98
11/02/2021 18:45:51 - INFO - __main__ - Before Error Fixing: {'EM': 0.4375, 'QA-F1': 0.47152777777777777}
11/02/2021 18:45:51 - INFO - __main__ - Found 36 errors.
11/02/2021 18:45:52 - INFO - __main__ - Start error-fixing .... Timecode: 98
11/02/2021 18:46:00 - INFO - __main__ - Start error-fixing .... Done!
11/02/2021 18:46:02 - INFO - __main__ - Overall: 0.7023634785353535 from scores=[0.5888573232323233, 0.9444444444444444, 0.80859375, 0.669921875, 0.5]
11/02/2021 18:46:02 - INFO - __main__ - --------------------------------------------------
11/02/2021 18:46:02 - INFO - __main__ - Evaluating to get errors .... Timecode: 99
11/02/2021 18:46:05 - INFO - __main__ - Before Error Fixing: {'EM': 0.515625, 'QA-F1': 0.5974093614718614}
11/02/2021 18:46:05 - INFO - __main__ - Found 31 errors.
11/02/2021 18:46:05 - INFO - __main__ - Start error-fixing .... Timecode: 99
11/02/2021 18:46:12 - INFO - __main__ - Start error-fixing .... Done!
11/02/2021 18:46:14 - INFO - __main__ - Overall: 0.6746184475806452 from scores=[0.588125, 0.8064516129032258, 0.80859375, 0.669921875, 0.5]
11/02/2021 18:46:14 - INFO - __main__ - --------------------------------------------------
11/02/2021 18:46:14 - INFO - __main__ - Start the final evaluation.
11/02/2021 18:46:14 - INFO - __main__ - Nothing here.
11/02/2021 18:46:16 - INFO - __main__ - Model saved to experiments/ckpt_dirs/qa/simplecl/model_ckpt_100.pt.
11/02/2021 18:46:16 - INFO - __main__ - Finished. Results saved to experiments/results/qa/QA_simplecl_lr=5e-5_ep=5_result.json

