
11/02/2021 17:54:49 - INFO - __main__ - Namespace(adam_epsilon=1e-08, adapter_dim=32, append_another_bos=1, base_model_path='out/mrqa_squad_bart-base_1029_upstream_model//best-model.pt', base_model_type='facebook/bart-base', ckpt_dir='experiments/ckpt_dirs/qa/simplecl', cl_method_name='simple_cl', current_thread_id=None, do_lowercase=False, ewc_gamma=1, ewc_lambda=0.5, example_encoder_name='roberta-base', freeze_embeds=False, gradient_accumulation_steps=1, heldout_submission_data='experiments/eval_data/qa/heldout_eval.jsonl', index_rank_method='most_similar', indexing_args_path='exp_results/supervision_data/1012_dm_simple.train_args.json', indexing_method='bart_index', inference_query_size=1, init_memory_cache_path='bug_data/memory_key_cache.pkl', kg_eval_freq=10, kg_eval_mode='metric', kr_eval_freq=5, kr_eval_mode='metric', learning_rate=3e-05, local_adapt_lr=1e-05, max_grad_norm=0.1, max_input_length=888, max_output_length=50, max_timecode=100, memory_key_encoder='facebook/bart-base', memory_path='', memory_store_rate=1.0, mir_abalation_args='none', num_adapt_epochs=1, num_beams=3, num_threads_eval=0, num_train_epochs=1.0, okr_sample_seed=1337, okr_sample_size=512, path_to_thread_result=None, predict_batch_size=32, prefix='QA_simplecl_lr=3e-5_ep=1', replay_candidate_size=8, replay_frequency=1, replay_size=8, result_file='experiments/results/qa/QA_simplecl_lr=3e-5_ep=1_result.json', save_ckpt_freq=100, seed=42, skip_instant_eval=False, submission_stream_data='experiments/eval_data/qa/submission_stream.T=100,b=64,alpha=0.98,beta=0.7,gamma=0.5.json', task_emb_dim=768, task_name='mrqa', train_batch_size=8, upstream_data_path='data/mrqa_squad/mrqa_squad_train.jsonl', upstream_eval_data='experiments/eval_data/qa/upstream_eval.jsonl', upstream_sample_ratio=-1, use_mir=False, use_replay_mix=False, use_wandb=True, weight_decay=0.01)
11/02/2021 17:54:49 - INFO - transformers.tokenization_utils - loading file https://s3.amazonaws.com/models.huggingface.co/bert/roberta-large-vocab.json from cache at /private/home/yuchenlin/.cache/torch/transformers/1ae1f5b6e2b22b25ccc04c000bb79ca847aa226d0761536b011cf7e5868f0655.ef00af9e673c7160b4d41cfda1f48c5f4cba57d5142754525572a846a1ab1b9b
11/02/2021 17:54:49 - INFO - transformers.tokenization_utils - loading file https://s3.amazonaws.com/models.huggingface.co/bert/roberta-large-merges.txt from cache at /private/home/yuchenlin/.cache/torch/transformers/f8f83199a6270d582d6245dc100e99c4155de81c9745c6248077018fe01abcfb.70bec105b4158ed9a1747fea67a43f5dee97855c64d62b6ec3742f4cfdb5feda
11/02/2021 17:55:05 - INFO - __main__ - load_data: len(upstream_eval_examples)=512
11/02/2021 17:55:05 - INFO - __main__ - load_data: len(heldout_eval_examples)=1280
11/02/2021 17:55:08 - INFO - __main__ - Loading checkpoint from out/mrqa_squad_bart-base_1029_upstream_model//best-model.pt for facebook/bart-base .....
11/02/2021 17:55:09 - INFO - transformers.configuration_utils - loading configuration file https://s3.amazonaws.com/models.huggingface.co/bert/facebook/bart-base/config.json from cache at /private/home/yuchenlin/.cache/torch/transformers/09f4fcaeaf785dd3b97b085d6e3510c7081f586ec8e75981683c6299c0f81d9d.e8d516ad807436d395effad8c2326786872659b7dd1210827ac67c761198a0eb
11/02/2021 17:55:09 - INFO - transformers.configuration_utils - Model config BartConfig {
  "activation_dropout": 0.1,
  "activation_function": "gelu",
  "add_bias_logits": false,
  "add_final_layer_norm": false,
  "architectures": [
    "BartModel",
    "BartForConditionalGeneration",
    "BartForSequenceClassification"
  ],
  "attention_dropout": 0.1,
  "bos_token_id": 0,
  "classif_dropout": 0.0,
  "d_model": 768,
  "decoder_attention_heads": 12,
  "decoder_ffn_dim": 3072,
  "decoder_layerdrop": 0.0,
  "decoder_layers": 6,
  "decoder_start_token_id": 2,
  "dropout": 0.1,
  "early_stopping": true,
  "encoder_attention_heads": 12,
  "encoder_ffn_dim": 3072,
  "encoder_layerdrop": 0.0,
  "encoder_layers": 6,
  "eos_token_id": 2,
  "id2label": {
    "0": "LABEL_0",
    "1": "LABEL_1",
    "2": "LABEL_2"
  },
  "init_std": 0.02,
  "is_encoder_decoder": true,
  "label2id": {
    "LABEL_0": 0,
    "LABEL_1": 1,
    "LABEL_2": 2
  },
  "max_position_embeddings": 1024,
  "model_type": "bart",
  "no_repeat_ngram_size": 3,
  "normalize_before": false,
  "normalize_embedding": true,
  "num_beams": 4,
  "num_hidden_layers": 6,
  "pad_token_id": 1,
  "scale_embedding": false,
  "static_position_embeddings": false,
  "task_specific_params": {
    "summarization": {
      "length_penalty": 1.0,
      "max_length": 128,
      "min_length": 12,
      "num_beams": 4
    },
    "summarization_cnn": {
      "length_penalty": 2.0,
      "max_length": 142,
      "min_length": 56,
      "num_beams": 4
    },
    "summarization_xsum": {
      "length_penalty": 1.0,
      "max_length": 62,
      "min_length": 11,
      "num_beams": 6
    }
  },
  "vocab_size": 50265
}

11/02/2021 17:55:09 - INFO - transformers.modeling_utils - loading weights file https://cdn.huggingface.co/facebook/bart-base/pytorch_model.bin from cache at /private/home/yuchenlin/.cache/torch/transformers/566c05fb6983817e8ad7a4fa51e3099fe9caa3b31730f964bc5198d71c677523.0a3d95c18c1e434448941bc25accea7b122882be6526fb67c8e8fb6d5ebc711c
11/02/2021 17:55:12 - INFO - __main__ - Loading checkpoint from out/mrqa_squad_bart-base_1029_upstream_model//best-model.pt for facebook/bart-base ..... Done!
11/02/2021 17:55:15 - INFO - __main__ - Moving to the GPUs.
11/02/2021 17:55:15 - INFO - __main__ - Debugger Setup ......
11/02/2021 17:55:15 - INFO - __main__ - debugger_args: Namespace(adam_epsilon=1e-08, ckpt_dir='experiments/ckpt_dirs/qa/simplecl', gradient_accumulation_steps=1, kg_eval_freq=10, kg_eval_mode='metric', kr_eval_freq=5, kr_eval_mode='metric', learning_rate=3e-05, max_grad_norm=0.1, num_epochs=1.0, okr_sample_seed=1337, okr_sample_size=512, save_ckpt_freq=100, skip_instant_eval=False, total_steps=10000, warmup_steps=0, weight_decay=0.01) ......
11/02/2021 17:55:15 - INFO - __main__ - optimizer & scheduler Setup ...... Done!
11/02/2021 17:55:15 - INFO - __main__ - Debugger Setup ...... Done!
11/02/2021 17:55:15 - INFO - __main__ - Start Online Debugging with Dynamic Error Mode
11/02/2021 17:55:15 - INFO - __main__ - Number of Batches of Data: 100
11/02/2021 17:55:15 - INFO - __main__ - Data Batch Size: 64;
11/02/2021 17:55:17 - INFO - __main__ - Model saved to experiments/ckpt_dirs/qa/simplecl/model_ckpt_000.pt.
11/02/2021 17:55:17 - INFO - __main__ - Start eval_knowledge_retention for UKR @ Timecode=0
11/02/2021 17:55:41 - INFO - __main__ - Upstream Knowledge Retation (UKR@0): 0.8027
11/02/2021 17:55:41 - INFO - __main__ - Start eval_knowledge_generalization for KG @ Timecode=0
11/02/2021 17:57:11 - INFO - __main__ - Future Knowledge Generalization (KG@0): 0.3125
11/02/2021 17:57:11 - INFO - __main__ - Evaluating to get errors .... Timecode: 0
11/02/2021 17:57:14 - INFO - __main__ - Before Error Fixing: {'EM': 0.703125, 'QA-F1': 0.7337141106442577}
11/02/2021 17:57:14 - INFO - __main__ - Found 19 errors.
11/02/2021 17:57:14 - INFO - __main__ - Start error-fixing .... Timecode: 0
11/02/2021 17:57:15 - INFO - __main__ - Start error-fixing .... Done!
11/02/2021 17:57:16 - INFO - __main__ - Overall: 0.5620888157894737 from scores=[0.703125, 0.42105263157894735]
11/02/2021 17:57:18 - INFO - __main__ - Model saved to experiments/ckpt_dirs/qa/simplecl/model_ckpt_000.pt.
11/02/2021 17:57:18 - INFO - __main__ - --------------------------------------------------
11/02/2021 17:57:18 - INFO - __main__ - Evaluating to get errors .... Timecode: 1
11/02/2021 17:57:21 - INFO - __main__ - Before Error Fixing: {'EM': 0.78125, 'QA-F1': 0.8178819444444445}
11/02/2021 17:57:21 - INFO - __main__ - Found 14 errors.
11/02/2021 17:57:21 - INFO - __main__ - Start error-fixing .... Timecode: 1
11/02/2021 17:57:21 - INFO - __main__ - Start error-fixing .... Done!
11/02/2021 17:57:22 - INFO - __main__ - Overall: 0.5853794642857143 from scores=[0.7421875, 0.42857142857142855]
11/02/2021 17:57:22 - INFO - __main__ - --------------------------------------------------
11/02/2021 17:57:22 - INFO - __main__ - Evaluating to get errors .... Timecode: 2
11/02/2021 17:57:25 - INFO - __main__ - Before Error Fixing: {'EM': 0.828125, 'QA-F1': 0.8452444546194546}
11/02/2021 17:57:25 - INFO - __main__ - Found 11 errors.
11/02/2021 17:57:25 - INFO - __main__ - Start error-fixing .... Timecode: 2
11/02/2021 17:57:26 - INFO - __main__ - Start error-fixing .... Done!
11/02/2021 17:57:27 - INFO - __main__ - Overall: 0.6126893939393939 from scores=[0.7708333333333334, 0.45454545454545453]
11/02/2021 17:57:27 - INFO - __main__ - --------------------------------------------------
11/02/2021 17:57:27 - INFO - __main__ - Evaluating to get errors .... Timecode: 3
11/02/2021 17:57:30 - INFO - __main__ - Before Error Fixing: {'EM': 0.765625, 'QA-F1': 0.8348142400362796}
11/02/2021 17:57:30 - INFO - __main__ - Found 15 errors.
11/02/2021 17:57:30 - INFO - __main__ - Start error-fixing .... Timecode: 3
11/02/2021 17:57:31 - INFO - __main__ - Start error-fixing .... Done!
11/02/2021 17:57:32 - INFO - __main__ - Overall: 0.45143229166666665 from scores=[0.76953125, 0.13333333333333333]
11/02/2021 17:57:32 - INFO - __main__ - --------------------------------------------------
11/02/2021 17:57:32 - INFO - __main__ - Evaluating to get errors .... Timecode: 4
11/02/2021 17:57:36 - INFO - __main__ - Before Error Fixing: {'EM': 0.78125, 'QA-F1': 0.7979797979797979}
11/02/2021 17:57:36 - INFO - __main__ - Found 14 errors.
11/02/2021 17:57:36 - INFO - __main__ - Start error-fixing .... Timecode: 4
11/02/2021 17:57:36 - INFO - __main__ - Start error-fixing .... Done!
11/02/2021 17:57:37 - INFO - __main__ - Overall: 0.49308035714285714 from scores=[0.771875, 0.21428571428571427]
11/02/2021 17:57:37 - INFO - __main__ - --------------------------------------------------
11/02/2021 17:57:37 - INFO - __main__ - Start eval_knowledge_retention for UKR @ Timecode=5
11/02/2021 17:58:00 - INFO - __main__ - Upstream Knowledge Retation (UKR@5): 0.8301
11/02/2021 17:58:00 - INFO - __main__ - len(self.past_submissions) = 320                 < self.debugger_args.okr_sample_size = 512
11/02/2021 17:58:00 - INFO - __main__ - Evaluating to get errors .... Timecode: 5
11/02/2021 17:58:04 - INFO - __main__ - Before Error Fixing: {'EM': 0.734375, 'QA-F1': 0.804861111111111}
11/02/2021 17:58:04 - INFO - __main__ - Found 17 errors.
11/02/2021 17:58:04 - INFO - __main__ - Start error-fixing .... Timecode: 5
11/02/2021 17:58:04 - INFO - __main__ - Start error-fixing .... Done!
11/02/2021 17:58:06 - INFO - __main__ - Overall: 0.5004595588235294 from scores=[0.765625, 0.23529411764705882]
11/02/2021 17:58:06 - INFO - __main__ - --------------------------------------------------
11/02/2021 17:58:06 - INFO - __main__ - Evaluating to get errors .... Timecode: 6
11/02/2021 17:58:09 - INFO - __main__ - Before Error Fixing: {'EM': 0.703125, 'QA-F1': 0.7310267857142857}
11/02/2021 17:58:09 - INFO - __main__ - Found 19 errors.
11/02/2021 17:58:09 - INFO - __main__ - Start error-fixing .... Timecode: 6
11/02/2021 17:58:10 - INFO - __main__ - Start error-fixing .... Done!
11/02/2021 17:58:11 - INFO - __main__ - Overall: 0.45729558270676696 from scores=[0.7566964285714286, 0.15789473684210525]
11/02/2021 17:58:11 - INFO - __main__ - --------------------------------------------------
11/02/2021 17:58:11 - INFO - __main__ - Evaluating to get errors .... Timecode: 7
11/02/2021 17:58:15 - INFO - __main__ - Before Error Fixing: {'EM': 0.78125, 'QA-F1': 0.8475142045454546}
11/02/2021 17:58:15 - INFO - __main__ - Found 14 errors.
11/02/2021 17:58:15 - INFO - __main__ - Start error-fixing .... Timecode: 7
11/02/2021 17:58:15 - INFO - __main__ - Start error-fixing .... Done!
11/02/2021 17:58:16 - INFO - __main__ - Overall: 0.5584542410714286 from scores=[0.759765625, 0.35714285714285715]
11/02/2021 17:58:16 - INFO - __main__ - --------------------------------------------------
11/02/2021 17:58:16 - INFO - __main__ - Evaluating to get errors .... Timecode: 8
11/02/2021 17:58:20 - INFO - __main__ - Before Error Fixing: {'EM': 0.6875, 'QA-F1': 0.7605076632925898}
11/02/2021 17:58:20 - INFO - __main__ - Found 20 errors.
11/02/2021 17:58:20 - INFO - __main__ - Start error-fixing .... Timecode: 8
11/02/2021 17:58:20 - INFO - __main__ - Start error-fixing .... Done!
11/02/2021 17:58:22 - INFO - __main__ - Overall: 0.42586805555555557 from scores=[0.7517361111111112, 0.1]
11/02/2021 17:58:22 - INFO - __main__ - --------------------------------------------------
11/02/2021 17:58:22 - INFO - __main__ - Evaluating to get errors .... Timecode: 9
11/02/2021 17:58:26 - INFO - __main__ - Before Error Fixing: {'EM': 0.78125, 'QA-F1': 0.8075625763125763}
11/02/2021 17:58:26 - INFO - __main__ - Found 14 errors.
11/02/2021 17:58:26 - INFO - __main__ - Start error-fixing .... Timecode: 9
11/02/2021 17:58:26 - INFO - __main__ - Start error-fixing .... Done!
11/02/2021 17:58:28 - INFO - __main__ - Overall: 0.4130580357142857 from scores=[0.7546875, 0.07142857142857142]
11/02/2021 17:58:28 - INFO - __main__ - --------------------------------------------------
11/02/2021 17:58:28 - INFO - __main__ - Start eval_knowledge_retention for UKR @ Timecode=10
11/02/2021 17:58:51 - INFO - __main__ - Upstream Knowledge Retation (UKR@10): 0.8105
11/02/2021 17:58:51 - INFO - __main__ - Start eval_knowledge_retention for OKR @ Timecode=10
11/02/2021 17:59:18 - INFO - __main__ - Online Knowledge Retation (OKR@10): 0.8320
11/02/2021 17:59:18 - INFO - __main__ - Start eval_knowledge_generalization for KG @ Timecode=10
11/02/2021 18:00:37 - INFO - __main__ - Future Knowledge Generalization (KG@10): 0.3602
11/02/2021 18:00:37 - INFO - __main__ - Evaluating to get errors .... Timecode: 10
11/02/2021 18:00:42 - INFO - __main__ - Before Error Fixing: {'EM': 0.6875, 'QA-F1': 0.752223440545809}
11/02/2021 18:00:42 - INFO - __main__ - Found 20 errors.
11/02/2021 18:00:42 - INFO - __main__ - Start error-fixing .... Timecode: 10
11/02/2021 18:00:43 - INFO - __main__ - Start error-fixing .... Done!
11/02/2021 18:00:45 - INFO - __main__ - Overall: 0.590262784090909 from scores=[0.7485795454545454, 0.2, 0.83203125, 0.810546875, 0.36015625]
11/02/2021 18:00:45 - INFO - __main__ - --------------------------------------------------
11/02/2021 18:00:45 - INFO - __main__ - Evaluating to get errors .... Timecode: 11
11/02/2021 18:00:48 - INFO - __main__ - Before Error Fixing: {'EM': 0.6875, 'QA-F1': 0.7546791443850267}
11/02/2021 18:00:48 - INFO - __main__ - Found 20 errors.
11/02/2021 18:00:48 - INFO - __main__ - Start error-fixing .... Timecode: 11
11/02/2021 18:00:48 - INFO - __main__ - Start error-fixing .... Done!
11/02/2021 18:00:50 - INFO - __main__ - Overall: 0.6092447916666667 from scores=[0.7434895833333333, 0.3, 0.83203125, 0.810546875, 0.36015625]
11/02/2021 18:00:50 - INFO - __main__ - --------------------------------------------------
11/02/2021 18:00:50 - INFO - __main__ - Evaluating to get errors .... Timecode: 12
11/02/2021 18:00:53 - INFO - __main__ - Before Error Fixing: {'EM': 0.734375, 'QA-F1': 0.7654389880952381}
11/02/2021 18:00:53 - INFO - __main__ - Found 17 errors.
11/02/2021 18:00:53 - INFO - __main__ - Start error-fixing .... Timecode: 12
11/02/2021 18:00:54 - INFO - __main__ - Start error-fixing .... Done!
11/02/2021 18:00:55 - INFO - __main__ - Overall: 0.5608692731900453 from scores=[0.7427884615384616, 0.058823529411764705, 0.83203125, 0.810546875, 0.36015625]
11/02/2021 18:00:55 - INFO - __main__ - --------------------------------------------------
11/02/2021 18:00:55 - INFO - __main__ - Evaluating to get errors .... Timecode: 13
11/02/2021 18:00:58 - INFO - __main__ - Before Error Fixing: {'EM': 0.75, 'QA-F1': 0.7783731280973928}
11/02/2021 18:00:58 - INFO - __main__ - Found 16 errors.
11/02/2021 18:00:58 - INFO - __main__ - Start error-fixing .... Timecode: 13
11/02/2021 18:00:59 - INFO - __main__ - Start error-fixing .... Done!
11/02/2021 18:01:00 - INFO - __main__ - Overall: 0.5492075892857142 from scores=[0.7433035714285714, 0.0, 0.83203125, 0.810546875, 0.36015625]
11/02/2021 18:01:00 - INFO - __main__ - --------------------------------------------------
11/02/2021 18:01:00 - INFO - __main__ - Evaluating to get errors .... Timecode: 14
11/02/2021 18:01:03 - INFO - __main__ - Before Error Fixing: {'EM': 0.609375, 'QA-F1': 0.6838928915369724}
11/02/2021 18:01:03 - INFO - __main__ - Found 25 errors.
11/02/2021 18:01:03 - INFO - __main__ - Start error-fixing .... Timecode: 14
11/02/2021 18:01:04 - INFO - __main__ - Start error-fixing .... Done!
11/02/2021 18:01:06 - INFO - __main__ - Overall: 0.6034218750000001 from scores=[0.734375, 0.28, 0.83203125, 0.810546875, 0.36015625]
11/02/2021 18:01:06 - INFO - __main__ - --------------------------------------------------
11/02/2021 18:01:06 - INFO - __main__ - Start eval_knowledge_retention for UKR @ Timecode=15
11/02/2021 18:01:28 - INFO - __main__ - Upstream Knowledge Retation (UKR@15): 0.8359
11/02/2021 18:01:28 - INFO - __main__ - Start eval_knowledge_retention for OKR @ Timecode=15
11/02/2021 18:01:56 - INFO - __main__ - Online Knowledge Retation (OKR@15): 0.8555
11/02/2021 18:01:56 - INFO - __main__ - Evaluating to get errors .... Timecode: 15
11/02/2021 18:01:58 - INFO - __main__ - Before Error Fixing: {'EM': 0.78125, 'QA-F1': 0.8048024891774892}
11/02/2021 18:01:58 - INFO - __main__ - Found 14 errors.
11/02/2021 18:01:58 - INFO - __main__ - Start error-fixing .... Timecode: 15
11/02/2021 18:01:59 - INFO - __main__ - Start error-fixing .... Done!
11/02/2021 18:02:00 - INFO - __main__ - Overall: 0.5863448660714285 from scores=[0.7373046875, 0.14285714285714285, 0.85546875, 0.8359375, 0.36015625]
11/02/2021 18:02:00 - INFO - __main__ - --------------------------------------------------
11/02/2021 18:02:00 - INFO - __main__ - Evaluating to get errors .... Timecode: 16
11/02/2021 18:02:03 - INFO - __main__ - Before Error Fixing: {'EM': 0.765625, 'QA-F1': 0.7762784090909091}
11/02/2021 18:02:03 - INFO - __main__ - Found 15 errors.
11/02/2021 18:02:03 - INFO - __main__ - Start error-fixing .... Timecode: 16
11/02/2021 18:02:04 - INFO - __main__ - Start error-fixing .... Done!
11/02/2021 18:02:05 - INFO - __main__ - Overall: 0.5581066176470589 from scores=[0.7389705882352942, 0.0, 0.85546875, 0.8359375, 0.36015625]
11/02/2021 18:02:05 - INFO - __main__ - --------------------------------------------------
11/02/2021 18:02:05 - INFO - __main__ - Evaluating to get errors .... Timecode: 17
11/02/2021 18:02:08 - INFO - __main__ - Before Error Fixing: {'EM': 0.796875, 'QA-F1': 0.8406418010752689}
11/02/2021 18:02:08 - INFO - __main__ - Found 13 errors.
11/02/2021 18:02:08 - INFO - __main__ - Start error-fixing .... Timecode: 17
11/02/2021 18:02:08 - INFO - __main__ - Start error-fixing .... Done!
11/02/2021 18:02:09 - INFO - __main__ - Overall: 0.5895192307692307 from scores=[0.7421875, 0.15384615384615385, 0.85546875, 0.8359375, 0.36015625]
11/02/2021 18:02:09 - INFO - __main__ - --------------------------------------------------
11/02/2021 18:02:09 - INFO - __main__ - Evaluating to get errors .... Timecode: 18
11/02/2021 18:02:12 - INFO - __main__ - Before Error Fixing: {'EM': 0.765625, 'QA-F1': 0.8227216656698564}
11/02/2021 18:02:12 - INFO - __main__ - Found 15 errors.
11/02/2021 18:02:12 - INFO - __main__ - Start error-fixing .... Timecode: 18
11/02/2021 18:02:13 - INFO - __main__ - Start error-fixing .... Done!
11/02/2021 18:02:14 - INFO - __main__ - Overall: 0.5856633771929826 from scores=[0.743421052631579, 0.13333333333333333, 0.85546875, 0.8359375, 0.36015625]
11/02/2021 18:02:14 - INFO - __main__ - --------------------------------------------------
11/02/2021 18:02:14 - INFO - __main__ - Evaluating to get errors .... Timecode: 19
11/02/2021 18:02:17 - INFO - __main__ - Before Error Fixing: {'EM': 0.6875, 'QA-F1': 0.7540006868131868}
11/02/2021 18:02:17 - INFO - __main__ - Found 20 errors.
11/02/2021 18:02:17 - INFO - __main__ - Start error-fixing .... Timecode: 19
11/02/2021 18:02:18 - INFO - __main__ - Start error-fixing .... Done!
11/02/2021 18:02:19 - INFO - __main__ - Overall: 0.5684375 from scores=[0.740625, 0.05, 0.85546875, 0.8359375, 0.36015625]
11/02/2021 18:02:19 - INFO - __main__ - --------------------------------------------------
11/02/2021 18:02:19 - INFO - __main__ - Start eval_knowledge_retention for UKR @ Timecode=20
11/02/2021 18:02:43 - INFO - __main__ - Upstream Knowledge Retation (UKR@20): 0.8340
11/02/2021 18:02:43 - INFO - __main__ - Start eval_knowledge_retention for OKR @ Timecode=20
11/02/2021 18:03:14 - INFO - __main__ - Online Knowledge Retation (OKR@20): 0.8672
11/02/2021 18:03:14 - INFO - __main__ - Start eval_knowledge_generalization for KG @ Timecode=20
11/02/2021 18:04:25 - INFO - __main__ - Future Knowledge Generalization (KG@20): 0.4117
11/02/2021 18:04:25 - INFO - __main__ - Evaluating to get errors .... Timecode: 20
11/02/2021 18:04:28 - INFO - __main__ - Before Error Fixing: {'EM': 0.78125, 'QA-F1': 0.8320589546547363}
11/02/2021 18:04:28 - INFO - __main__ - Found 14 errors.
11/02/2021 18:04:28 - INFO - __main__ - Start error-fixing .... Timecode: 20
11/02/2021 18:04:29 - INFO - __main__ - Start error-fixing .... Done!
11/02/2021 18:04:30 - INFO - __main__ - Overall: 0.5996614583333334 from scores=[0.7425595238095238, 0.14285714285714285, 0.8671875, 0.833984375, 0.41171875]
11/02/2021 18:04:30 - INFO - __main__ - --------------------------------------------------
11/02/2021 18:04:30 - INFO - __main__ - Evaluating to get errors .... Timecode: 21
11/02/2021 18:04:33 - INFO - __main__ - Before Error Fixing: {'EM': 0.671875, 'QA-F1': 0.7843742484367484}
11/02/2021 18:04:33 - INFO - __main__ - Found 21 errors.
11/02/2021 18:04:33 - INFO - __main__ - Start error-fixing .... Timecode: 21
11/02/2021 18:04:34 - INFO - __main__ - Start error-fixing .... Done!
11/02/2021 18:04:36 - INFO - __main__ - Overall: 0.5799712527056277 from scores=[0.7393465909090908, 0.047619047619047616, 0.8671875, 0.833984375, 0.41171875]
11/02/2021 18:04:36 - INFO - __main__ - --------------------------------------------------
11/02/2021 18:04:36 - INFO - __main__ - Evaluating to get errors .... Timecode: 22
11/02/2021 18:04:40 - INFO - __main__ - Before Error Fixing: {'EM': 0.640625, 'QA-F1': 0.7366568911211233}
11/02/2021 18:04:40 - INFO - __main__ - Found 23 errors.
11/02/2021 18:04:40 - INFO - __main__ - Start error-fixing .... Timecode: 22
11/02/2021 18:04:40 - INFO - __main__ - Start error-fixing .... Done!
11/02/2021 18:04:43 - INFO - __main__ - Overall: 0.6217629076086957 from scores=[0.7350543478260869, 0.2608695652173913, 0.8671875, 0.833984375, 0.41171875]
11/02/2021 18:04:43 - INFO - __main__ - --------------------------------------------------
11/02/2021 18:04:43 - INFO - __main__ - Evaluating to get errors .... Timecode: 23
11/02/2021 18:04:47 - INFO - __main__ - Before Error Fixing: {'EM': 0.453125, 'QA-F1': 0.5873198383247498}
11/02/2021 18:04:47 - INFO - __main__ - Found 35 errors.
11/02/2021 18:04:47 - INFO - __main__ - Start error-fixing .... Timecode: 23
11/02/2021 18:04:49 - INFO - __main__ - Start error-fixing .... Done!
11/02/2021 18:04:52 - INFO - __main__ - Overall: 0.5900967261904762 from scores=[0.7233072916666667, 0.11428571428571428, 0.8671875, 0.833984375, 0.41171875]
11/02/2021 18:04:52 - INFO - __main__ - --------------------------------------------------
11/02/2021 18:04:52 - INFO - __main__ - Evaluating to get errors .... Timecode: 24
11/02/2021 18:04:57 - INFO - __main__ - Before Error Fixing: {'EM': 0.6875, 'QA-F1': 0.7257191506410257}
11/02/2021 18:04:57 - INFO - __main__ - Found 20 errors.
11/02/2021 18:04:57 - INFO - __main__ - Start error-fixing .... Timecode: 24
11/02/2021 18:04:58 - INFO - __main__ - Start error-fixing .... Done!
11/02/2021 18:04:59 - INFO - __main__ - Overall: 0.606953125 from scores=[0.721875, 0.2, 0.8671875, 0.833984375, 0.41171875]
11/02/2021 18:04:59 - INFO - __main__ - --------------------------------------------------
11/02/2021 18:04:59 - INFO - __main__ - Start eval_knowledge_retention for UKR @ Timecode=25
11/02/2021 18:05:25 - INFO - __main__ - Upstream Knowledge Retation (UKR@25): 0.8125
11/02/2021 18:05:26 - INFO - __main__ - Start eval_knowledge_retention for OKR @ Timecode=25
11/02/2021 18:06:02 - INFO - __main__ - Online Knowledge Retation (OKR@25): 0.8203
11/02/2021 18:06:02 - INFO - __main__ - Evaluating to get errors .... Timecode: 25
11/02/2021 18:06:05 - INFO - __main__ - Before Error Fixing: {'EM': 0.65625, 'QA-F1': 0.7407816142191143}
11/02/2021 18:06:05 - INFO - __main__ - Found 22 errors.
11/02/2021 18:06:05 - INFO - __main__ - Start error-fixing .... Timecode: 25
11/02/2021 18:06:06 - INFO - __main__ - Start error-fixing .... Done!
11/02/2021 18:06:08 - INFO - __main__ - Overall: 0.5891400786713287 from scores=[0.7193509615384616, 0.18181818181818182, 0.8203125, 0.8125, 0.41171875]
11/02/2021 18:06:08 - INFO - __main__ - --------------------------------------------------
11/02/2021 18:06:08 - INFO - __main__ - Evaluating to get errors .... Timecode: 26
11/02/2021 18:06:12 - INFO - __main__ - Before Error Fixing: {'EM': 0.609375, 'QA-F1': 0.6930881892230576}
11/02/2021 18:06:12 - INFO - __main__ - Found 25 errors.
11/02/2021 18:06:12 - INFO - __main__ - Start error-fixing .... Timecode: 26
11/02/2021 18:06:13 - INFO - __main__ - Start error-fixing .... Done!
11/02/2021 18:06:15 - INFO - __main__ - Overall: 0.5759618055555555 from scores=[0.7152777777777778, 0.12, 0.8203125, 0.8125, 0.41171875]
11/02/2021 18:06:15 - INFO - __main__ - --------------------------------------------------
11/02/2021 18:06:15 - INFO - __main__ - Evaluating to get errors .... Timecode: 27
11/02/2021 18:06:18 - INFO - __main__ - Before Error Fixing: {'EM': 0.703125, 'QA-F1': 0.791580815018315}
11/02/2021 18:06:18 - INFO - __main__ - Found 19 errors.
11/02/2021 18:06:18 - INFO - __main__ - Start error-fixing .... Timecode: 27
11/02/2021 18:06:19 - INFO - __main__ - Start error-fixing .... Done!
11/02/2021 18:06:20 - INFO - __main__ - Overall: 0.5624013157894736 from scores=[0.71484375, 0.05263157894736842, 0.8203125, 0.8125, 0.41171875]
11/02/2021 18:06:20 - INFO - __main__ - --------------------------------------------------
11/02/2021 18:06:20 - INFO - __main__ - Evaluating to get errors .... Timecode: 28
11/02/2021 18:06:23 - INFO - __main__ - Before Error Fixing: {'EM': 0.6875, 'QA-F1': 0.7337121212121213}
11/02/2021 18:06:23 - INFO - __main__ - Found 20 errors.
11/02/2021 18:06:23 - INFO - __main__ - Start error-fixing .... Timecode: 28
11/02/2021 18:06:24 - INFO - __main__ - Start error-fixing .... Done!
11/02/2021 18:06:25 - INFO - __main__ - Overall: 0.5816864224137931 from scores=[0.7139008620689655, 0.15, 0.8203125, 0.8125, 0.41171875]
11/02/2021 18:06:25 - INFO - __main__ - --------------------------------------------------
11/02/2021 18:06:25 - INFO - __main__ - Evaluating to get errors .... Timecode: 29
11/02/2021 18:06:28 - INFO - __main__ - Before Error Fixing: {'EM': 0.625, 'QA-F1': 0.7020833333333334}
11/02/2021 18:06:28 - INFO - __main__ - Found 24 errors.
11/02/2021 18:06:28 - INFO - __main__ - Start error-fixing .... Timecode: 29
11/02/2021 18:06:29 - INFO - __main__ - Start error-fixing .... Done!
11/02/2021 18:06:31 - INFO - __main__ - Overall: 0.5844270833333333 from scores=[0.7109375, 0.16666666666666666, 0.8203125, 0.8125, 0.41171875]
11/02/2021 18:06:31 - INFO - __main__ - --------------------------------------------------
11/02/2021 18:06:31 - INFO - __main__ - Start eval_knowledge_retention for UKR @ Timecode=30
11/02/2021 18:06:55 - INFO - __main__ - Upstream Knowledge Retation (UKR@30): 0.8242
11/02/2021 18:06:55 - INFO - __main__ - Start eval_knowledge_retention for OKR @ Timecode=30
11/02/2021 18:07:26 - INFO - __main__ - Online Knowledge Retation (OKR@30): 0.8223
11/02/2021 18:07:26 - INFO - __main__ - Start eval_knowledge_generalization for KG @ Timecode=30
11/02/2021 18:08:36 - INFO - __main__ - Future Knowledge Generalization (KG@30): 0.4508
11/02/2021 18:08:36 - INFO - __main__ - Evaluating to get errors .... Timecode: 30
11/02/2021 18:08:40 - INFO - __main__ - Before Error Fixing: {'EM': 0.65625, 'QA-F1': 0.7027678571428572}
11/02/2021 18:08:40 - INFO - __main__ - Found 22 errors.
11/02/2021 18:08:40 - INFO - __main__ - Start error-fixing .... Timecode: 30
11/02/2021 18:08:41 - INFO - __main__ - Start error-fixing .... Done!
11/02/2021 18:08:42 - INFO - __main__ - Overall: 0.5885605296920822 from scores=[0.7091733870967742, 0.13636363636363635, 0.822265625, 0.82421875, 0.45078125]
11/02/2021 18:08:42 - INFO - __main__ - --------------------------------------------------
11/02/2021 18:08:42 - INFO - __main__ - Evaluating to get errors .... Timecode: 31
11/02/2021 18:08:46 - INFO - __main__ - Before Error Fixing: {'EM': 0.609375, 'QA-F1': 0.6915926795244229}
11/02/2021 18:08:46 - INFO - __main__ - Found 25 errors.
11/02/2021 18:08:46 - INFO - __main__ - Start error-fixing .... Timecode: 31
11/02/2021 18:08:47 - INFO - __main__ - Start error-fixing .... Done!
11/02/2021 18:08:49 - INFO - __main__ - Overall: 0.5926640625 from scores=[0.7060546875, 0.16, 0.822265625, 0.82421875, 0.45078125]
11/02/2021 18:08:50 - INFO - __main__ - --------------------------------------------------
11/02/2021 18:08:50 - INFO - __main__ - Evaluating to get errors .... Timecode: 32
11/02/2021 18:08:53 - INFO - __main__ - Before Error Fixing: {'EM': 0.65625, 'QA-F1': 0.7359167771883289}
11/02/2021 18:08:53 - INFO - __main__ - Found 22 errors.
11/02/2021 18:08:54 - INFO - __main__ - Start error-fixing .... Timecode: 32
11/02/2021 18:08:55 - INFO - __main__ - Start error-fixing .... Done!
11/02/2021 18:08:57 - INFO - __main__ - Overall: 0.569453125 from scores=[0.7045454545454546, 0.045454545454545456, 0.822265625, 0.82421875, 0.45078125]
11/02/2021 18:08:57 - INFO - __main__ - --------------------------------------------------
11/02/2021 18:08:57 - INFO - __main__ - Evaluating to get errors .... Timecode: 33
11/02/2021 18:09:01 - INFO - __main__ - Before Error Fixing: {'EM': 0.546875, 'QA-F1': 0.6191264847285067}
11/02/2021 18:09:01 - INFO - __main__ - Found 29 errors.
11/02/2021 18:09:01 - INFO - __main__ - Start error-fixing .... Timecode: 33
11/02/2021 18:09:02 - INFO - __main__ - Start error-fixing .... Done!
11/02/2021 18:09:05 - INFO - __main__ - Overall: 0.6215037081643001 from scores=[0.6999080882352942, 0.3103448275862069, 0.822265625, 0.82421875, 0.45078125]
11/02/2021 18:09:05 - INFO - __main__ - --------------------------------------------------
11/02/2021 18:09:05 - INFO - __main__ - Evaluating to get errors .... Timecode: 34
11/02/2021 18:09:09 - INFO - __main__ - Before Error Fixing: {'EM': 0.515625, 'QA-F1': 0.6220267273576097}
11/02/2021 18:09:09 - INFO - __main__ - Found 31 errors.
11/02/2021 18:09:09 - INFO - __main__ - Start error-fixing .... Timecode: 34
11/02/2021 18:09:10 - INFO - __main__ - Start error-fixing .... Done!
11/02/2021 18:09:12 - INFO - __main__ - Overall: 0.5970913738479262 from scores=[0.6946428571428571, 0.1935483870967742, 0.822265625, 0.82421875, 0.45078125]
11/02/2021 18:09:12 - INFO - __main__ - --------------------------------------------------
11/02/2021 18:09:12 - INFO - __main__ - Start eval_knowledge_retention for UKR @ Timecode=35
11/02/2021 18:09:39 - INFO - __main__ - Upstream Knowledge Retation (UKR@35): 0.7871
11/02/2021 18:09:40 - INFO - __main__ - Start eval_knowledge_retention for OKR @ Timecode=35
11/02/2021 18:10:14 - INFO - __main__ - Online Knowledge Retation (OKR@35): 0.8223
11/02/2021 18:10:14 - INFO - __main__ - Evaluating to get errors .... Timecode: 35
11/02/2021 18:10:18 - INFO - __main__ - Before Error Fixing: {'EM': 0.609375, 'QA-F1': 0.6934129193175246}
11/02/2021 18:10:18 - INFO - __main__ - Found 25 errors.
11/02/2021 18:10:18 - INFO - __main__ - Start error-fixing .... Timecode: 35
11/02/2021 18:10:19 - INFO - __main__ - Start error-fixing .... Done!
11/02/2021 18:10:21 - INFO - __main__ - Overall: 0.566486111111111 from scores=[0.6922743055555556, 0.08, 0.822265625, 0.787109375, 0.45078125]
11/02/2021 18:10:21 - INFO - __main__ - --------------------------------------------------
11/02/2021 18:10:21 - INFO - __main__ - Evaluating to get errors .... Timecode: 36
11/02/2021 18:10:25 - INFO - __main__ - Before Error Fixing: {'EM': 0.671875, 'QA-F1': 0.7484549896590338}
11/02/2021 18:10:25 - INFO - __main__ - Found 21 errors.
11/02/2021 18:10:25 - INFO - __main__ - Start error-fixing .... Timecode: 36
11/02/2021 18:10:26 - INFO - __main__ - Start error-fixing .... Done!
11/02/2021 18:10:28 - INFO - __main__ - Overall: 0.5694234636422136 from scores=[0.691722972972973, 0.09523809523809523, 0.822265625, 0.787109375, 0.45078125]
11/02/2021 18:10:28 - INFO - __main__ - --------------------------------------------------
11/02/2021 18:10:28 - INFO - __main__ - Evaluating to get errors .... Timecode: 37
11/02/2021 18:10:31 - INFO - __main__ - Before Error Fixing: {'EM': 0.640625, 'QA-F1': 0.7182539848325693}
11/02/2021 18:10:31 - INFO - __main__ - Found 23 errors.
11/02/2021 18:10:32 - INFO - __main__ - Start error-fixing .... Timecode: 37
11/02/2021 18:10:32 - INFO - __main__ - Start error-fixing .... Done!
11/02/2021 18:10:34 - INFO - __main__ - Overall: 0.5761938644164759 from scores=[0.6903782894736843, 0.13043478260869565, 0.822265625, 0.787109375, 0.45078125]
11/02/2021 18:10:34 - INFO - __main__ - --------------------------------------------------
11/02/2021 18:10:34 - INFO - __main__ - Evaluating to get errors .... Timecode: 38
11/02/2021 18:10:38 - INFO - __main__ - Before Error Fixing: {'EM': 0.65625, 'QA-F1': 0.7473299963924964}
11/02/2021 18:10:38 - INFO - __main__ - Found 22 errors.
11/02/2021 18:10:38 - INFO - __main__ - Start error-fixing .... Timecode: 38
11/02/2021 18:10:39 - INFO - __main__ - Start error-fixing .... Done!
11/02/2021 18:10:41 - INFO - __main__ - Overall: 0.5681137092074592 from scores=[0.6895032051282051, 0.09090909090909091, 0.822265625, 0.787109375, 0.45078125]
11/02/2021 18:10:41 - INFO - __main__ - --------------------------------------------------
11/02/2021 18:10:41 - INFO - __main__ - Evaluating to get errors .... Timecode: 39
11/02/2021 18:10:45 - INFO - __main__ - Before Error Fixing: {'EM': 0.609375, 'QA-F1': 0.6906092072245565}
11/02/2021 18:10:45 - INFO - __main__ - Found 25 errors.
11/02/2021 18:10:45 - INFO - __main__ - Start error-fixing .... Timecode: 39
11/02/2021 18:10:46 - INFO - __main__ - Start error-fixing .... Done!
11/02/2021 18:10:48 - INFO - __main__ - Overall: 0.58153125 from scores=[0.6875, 0.16, 0.822265625, 0.787109375, 0.45078125]
11/02/2021 18:10:48 - INFO - __main__ - --------------------------------------------------
11/02/2021 18:10:48 - INFO - __main__ - Start eval_knowledge_retention for UKR @ Timecode=40
11/02/2021 18:11:17 - INFO - __main__ - Upstream Knowledge Retation (UKR@40): 0.7910
11/02/2021 18:11:17 - INFO - __main__ - Start eval_knowledge_retention for OKR @ Timecode=40
11/02/2021 18:11:54 - INFO - __main__ - Online Knowledge Retation (OKR@40): 0.7891
11/02/2021 18:11:54 - INFO - __main__ - Start eval_knowledge_generalization for KG @ Timecode=40
11/02/2021 18:13:16 - INFO - __main__ - Future Knowledge Generalization (KG@40): 0.4242
11/02/2021 18:13:16 - INFO - __main__ - Evaluating to get errors .... Timecode: 40
11/02/2021 18:13:20 - INFO - __main__ - Before Error Fixing: {'EM': 0.609375, 'QA-F1': 0.6952681577681578}
11/02/2021 18:13:20 - INFO - __main__ - Found 25 errors.
11/02/2021 18:13:20 - INFO - __main__ - Start error-fixing .... Timecode: 40
11/02/2021 18:13:21 - INFO - __main__ - Start error-fixing .... Done!
11/02/2021 18:13:23 - INFO - __main__ - Overall: 0.5619782774390244 from scores=[0.6855945121951219, 0.12, 0.7890625, 0.791015625, 0.42421875]
11/02/2021 18:13:23 - INFO - __main__ - --------------------------------------------------
11/02/2021 18:13:23 - INFO - __main__ - Evaluating to get errors .... Timecode: 41
11/02/2021 18:13:27 - INFO - __main__ - Before Error Fixing: {'EM': 0.515625, 'QA-F1': 0.6184458770396271}
11/02/2021 18:13:27 - INFO - __main__ - Found 31 errors.
11/02/2021 18:13:27 - INFO - __main__ - Start error-fixing .... Timecode: 41
11/02/2021 18:13:28 - INFO - __main__ - Start error-fixing .... Done!
11/02/2021 18:13:31 - INFO - __main__ - Overall: 0.5952334149385561 from scores=[0.6815476190476191, 0.2903225806451613, 0.7890625, 0.791015625, 0.42421875]
11/02/2021 18:13:31 - INFO - __main__ - --------------------------------------------------
11/02/2021 18:13:31 - INFO - __main__ - Evaluating to get errors .... Timecode: 42
11/02/2021 18:13:35 - INFO - __main__ - Before Error Fixing: {'EM': 0.640625, 'QA-F1': 0.6995601045296167}
11/02/2021 18:13:35 - INFO - __main__ - Found 23 errors.
11/02/2021 18:13:35 - INFO - __main__ - Start error-fixing .... Timecode: 42
11/02/2021 18:13:36 - INFO - __main__ - Start error-fixing .... Done!
11/02/2021 18:13:38 - INFO - __main__ - Overall: 0.5543698653943377 from scores=[0.6805959302325582, 0.08695652173913043, 0.7890625, 0.791015625, 0.42421875]
11/02/2021 18:13:38 - INFO - __main__ - --------------------------------------------------
11/02/2021 18:13:38 - INFO - __main__ - Evaluating to get errors .... Timecode: 43
11/02/2021 18:13:43 - INFO - __main__ - Before Error Fixing: {'EM': 0.5625, 'QA-F1': 0.6443750384520732}
11/02/2021 18:13:43 - INFO - __main__ - Found 28 errors.
11/02/2021 18:13:43 - INFO - __main__ - Start error-fixing .... Timecode: 43
11/02/2021 18:13:44 - INFO - __main__ - Start error-fixing .... Done!
11/02/2021 18:13:47 - INFO - __main__ - Overall: 0.5721560470779221 from scores=[0.6779119318181819, 0.17857142857142858, 0.7890625, 0.791015625, 0.42421875]
11/02/2021 18:13:47 - INFO - __main__ - --------------------------------------------------
11/02/2021 18:13:47 - INFO - __main__ - Evaluating to get errors .... Timecode: 44
11/02/2021 18:13:51 - INFO - __main__ - Before Error Fixing: {'EM': 0.59375, 'QA-F1': 0.6619445280861611}
11/02/2021 18:13:51 - INFO - __main__ - Found 26 errors.
11/02/2021 18:13:51 - INFO - __main__ - Start error-fixing .... Timecode: 44
11/02/2021 18:13:52 - INFO - __main__ - Start error-fixing .... Done!
11/02/2021 18:13:55 - INFO - __main__ - Overall: 0.5822215544871795 from scores=[0.6760416666666667, 0.23076923076923078, 0.7890625, 0.791015625, 0.42421875]
11/02/2021 18:13:55 - INFO - __main__ - --------------------------------------------------
11/02/2021 18:13:55 - INFO - __main__ - Start eval_knowledge_retention for UKR @ Timecode=45
11/02/2021 18:14:24 - INFO - __main__ - Upstream Knowledge Retation (UKR@45): 0.7734
11/02/2021 18:14:25 - INFO - __main__ - Start eval_knowledge_retention for OKR @ Timecode=45
11/02/2021 18:15:03 - INFO - __main__ - Online Knowledge Retation (OKR@45): 0.7539
11/02/2021 18:15:03 - INFO - __main__ - Evaluating to get errors .... Timecode: 45
11/02/2021 18:15:08 - INFO - __main__ - Before Error Fixing: {'EM': 0.671875, 'QA-F1': 0.7479109432234432}
11/02/2021 18:15:08 - INFO - __main__ - Found 21 errors.
11/02/2021 18:15:08 - INFO - __main__ - Start error-fixing .... Timecode: 45
11/02/2021 18:15:09 - INFO - __main__ - Start error-fixing .... Done!
11/02/2021 18:15:11 - INFO - __main__ - Overall: 0.5445503364389234 from scores=[0.6759510869565217, 0.09523809523809523, 0.75390625, 0.7734375, 0.42421875]
11/02/2021 18:15:11 - INFO - __main__ - --------------------------------------------------
11/02/2021 18:15:11 - INFO - __main__ - Evaluating to get errors .... Timecode: 46
11/02/2021 18:15:15 - INFO - __main__ - Before Error Fixing: {'EM': 0.625, 'QA-F1': 0.7362335239896716}
11/02/2021 18:15:15 - INFO - __main__ - Found 24 errors.
11/02/2021 18:15:16 - INFO - __main__ - Start error-fixing .... Timecode: 46
11/02/2021 18:15:17 - INFO - __main__ - Start error-fixing .... Done!
11/02/2021 18:15:19 - INFO - __main__ - Overall: 0.5586192375886525 from scores=[0.6748670212765957, 0.16666666666666666, 0.75390625, 0.7734375, 0.42421875]
11/02/2021 18:15:19 - INFO - __main__ - --------------------------------------------------
11/02/2021 18:15:19 - INFO - __main__ - Evaluating to get errors .... Timecode: 47
11/02/2021 18:15:24 - INFO - __main__ - Before Error Fixing: {'EM': 0.5, 'QA-F1': 0.6198677906875402}
11/02/2021 18:15:24 - INFO - __main__ - Found 32 errors.
11/02/2021 18:15:24 - INFO - __main__ - Start error-fixing .... Timecode: 47
11/02/2021 18:15:25 - INFO - __main__ - Start error-fixing .... Done!
11/02/2021 18:15:27 - INFO - __main__ - Overall: 0.5683072916666666 from scores=[0.6712239583333333, 0.21875, 0.75390625, 0.7734375, 0.42421875]
11/02/2021 18:15:27 - INFO - __main__ - --------------------------------------------------
11/02/2021 18:15:27 - INFO - __main__ - Evaluating to get errors .... Timecode: 48
11/02/2021 18:15:32 - INFO - __main__ - Before Error Fixing: {'EM': 0.53125, 'QA-F1': 0.6191307773109244}
11/02/2021 18:15:32 - INFO - __main__ - Found 30 errors.
11/02/2021 18:15:32 - INFO - __main__ - Start error-fixing .... Timecode: 48
11/02/2021 18:15:34 - INFO - __main__ - Start error-fixing .... Done!
11/02/2021 18:15:36 - INFO - __main__ - Overall: 0.5639859693877551 from scores=[0.6683673469387755, 0.2, 0.75390625, 0.7734375, 0.42421875]
11/02/2021 18:15:36 - INFO - __main__ - --------------------------------------------------
11/02/2021 18:15:36 - INFO - __main__ - Evaluating to get errors .... Timecode: 49
11/02/2021 18:15:39 - INFO - __main__ - Before Error Fixing: {'EM': 0.546875, 'QA-F1': 0.5646081349206349}
11/02/2021 18:15:39 - INFO - __main__ - Found 29 errors.
11/02/2021 18:15:39 - INFO - __main__ - Start error-fixing .... Timecode: 49
11/02/2021 18:15:41 - INFO - __main__ - Start error-fixing .... Done!
11/02/2021 18:15:42 - INFO - __main__ - Overall: 0.5579827586206897 from scores=[0.6659375000000001, 0.1724137931034483, 0.75390625, 0.7734375, 0.42421875]
11/02/2021 18:15:42 - INFO - __main__ - --------------------------------------------------
11/02/2021 18:15:42 - INFO - __main__ - Start eval_knowledge_retention for UKR @ Timecode=50
11/02/2021 18:16:06 - INFO - __main__ - Upstream Knowledge Retation (UKR@50): 0.8066
11/02/2021 18:16:07 - INFO - __main__ - Start eval_knowledge_retention for OKR @ Timecode=50
11/02/2021 18:16:37 - INFO - __main__ - Online Knowledge Retation (OKR@50): 0.7734
11/02/2021 18:16:37 - INFO - __main__ - Start eval_knowledge_generalization for KG @ Timecode=50
11/02/2021 18:17:44 - INFO - __main__ - Future Knowledge Generalization (KG@50): 0.4594
11/02/2021 18:17:44 - INFO - __main__ - Evaluating to get errors .... Timecode: 50
11/02/2021 18:17:48 - INFO - __main__ - Before Error Fixing: {'EM': 0.515625, 'QA-F1': 0.6031862745098039}
11/02/2021 18:17:48 - INFO - __main__ - Found 31 errors.
11/02/2021 18:17:48 - INFO - __main__ - Start error-fixing .... Timecode: 50
11/02/2021 18:17:49 - INFO - __main__ - Start error-fixing .... Done!
11/02/2021 18:17:52 - INFO - __main__ - Overall: 0.6050047932479443 from scores=[0.6629901960784313, 0.3225806451612903, 0.7734375, 0.806640625, 0.459375]
11/02/2021 18:17:52 - INFO - __main__ - --------------------------------------------------
11/02/2021 18:17:52 - INFO - __main__ - Evaluating to get errors .... Timecode: 51
11/02/2021 18:17:55 - INFO - __main__ - Before Error Fixing: {'EM': 0.578125, 'QA-F1': 0.656532738095238}
11/02/2021 18:17:55 - INFO - __main__ - Found 27 errors.
11/02/2021 18:17:55 - INFO - __main__ - Start error-fixing .... Timecode: 51
11/02/2021 18:17:56 - INFO - __main__ - Start error-fixing .... Done!
11/02/2021 18:17:58 - INFO - __main__ - Overall: 0.5920141114672365 from scores=[0.6613581730769231, 0.25925925925925924, 0.7734375, 0.806640625, 0.459375]
11/02/2021 18:17:58 - INFO - __main__ - --------------------------------------------------
11/02/2021 18:17:58 - INFO - __main__ - Evaluating to get errors .... Timecode: 52
11/02/2021 18:18:03 - INFO - __main__ - Before Error Fixing: {'EM': 0.609375, 'QA-F1': 0.6823077963702964}
11/02/2021 18:18:03 - INFO - __main__ - Found 25 errors.
11/02/2021 18:18:03 - INFO - __main__ - Start error-fixing .... Timecode: 52
11/02/2021 18:18:04 - INFO - __main__ - Start error-fixing .... Done!
11/02/2021 18:18:06 - INFO - __main__ - Overall: 0.5879660966981132 from scores=[0.6603773584905661, 0.24, 0.7734375, 0.806640625, 0.459375]
11/02/2021 18:18:06 - INFO - __main__ - --------------------------------------------------
11/02/2021 18:18:06 - INFO - __main__ - Evaluating to get errors .... Timecode: 53
11/02/2021 18:18:10 - INFO - __main__ - Before Error Fixing: {'EM': 0.59375, 'QA-F1': 0.6485243055555556}
11/02/2021 18:18:10 - INFO - __main__ - Found 26 errors.
11/02/2021 18:18:10 - INFO - __main__ - Start error-fixing .... Timecode: 53
11/02/2021 18:18:11 - INFO - __main__ - Start error-fixing .... Done!
11/02/2021 18:18:13 - INFO - __main__ - Overall: 0.5858731748575499 from scores=[0.6591435185185186, 0.23076923076923078, 0.7734375, 0.806640625, 0.459375]
11/02/2021 18:18:13 - INFO - __main__ - --------------------------------------------------
11/02/2021 18:18:13 - INFO - __main__ - Evaluating to get errors .... Timecode: 54
11/02/2021 18:18:18 - INFO - __main__ - Before Error Fixing: {'EM': 0.640625, 'QA-F1': 0.6926292457542458}
11/02/2021 18:18:18 - INFO - __main__ - Found 23 errors.
11/02/2021 18:18:18 - INFO - __main__ - Start error-fixing .... Timecode: 54
11/02/2021 18:18:19 - INFO - __main__ - Start error-fixing .... Done!
11/02/2021 18:18:21 - INFO - __main__ - Overall: 0.5744345973320159 from scores=[0.6588068181818182, 0.17391304347826086, 0.7734375, 0.806640625, 0.459375]
11/02/2021 18:18:21 - INFO - __main__ - --------------------------------------------------
11/02/2021 18:18:21 - INFO - __main__ - Start eval_knowledge_retention for UKR @ Timecode=55
11/02/2021 18:18:51 - INFO - __main__ - Upstream Knowledge Retation (UKR@55): 0.7793
11/02/2021 18:18:51 - INFO - __main__ - Start eval_knowledge_retention for OKR @ Timecode=55
11/02/2021 18:19:29 - INFO - __main__ - Online Knowledge Retation (OKR@55): 0.7930
11/02/2021 18:19:29 - INFO - __main__ - Evaluating to get errors .... Timecode: 55
11/02/2021 18:19:34 - INFO - __main__ - Before Error Fixing: {'EM': 0.640625, 'QA-F1': 0.7154887903357458}
11/02/2021 18:19:34 - INFO - __main__ - Found 23 errors.
11/02/2021 18:19:34 - INFO - __main__ - Start error-fixing .... Timecode: 55
11/02/2021 18:19:35 - INFO - __main__ - Start error-fixing .... Done!
11/02/2021 18:19:37 - INFO - __main__ - Overall: 0.5554158579192546 from scores=[0.6584821428571428, 0.08695652173913043, 0.79296875, 0.779296875, 0.459375]
11/02/2021 18:19:37 - INFO - __main__ - --------------------------------------------------
11/02/2021 18:19:37 - INFO - __main__ - Evaluating to get errors .... Timecode: 56
11/02/2021 18:19:42 - INFO - __main__ - Before Error Fixing: {'EM': 0.671875, 'QA-F1': 0.739577152845642}
11/02/2021 18:19:42 - INFO - __main__ - Found 21 errors.
11/02/2021 18:19:42 - INFO - __main__ - Start error-fixing .... Timecode: 56
11/02/2021 18:19:43 - INFO - __main__ - Start error-fixing .... Done!
11/02/2021 18:19:45 - INFO - __main__ - Overall: 0.5666429746240602 from scores=[0.658717105263158, 0.14285714285714285, 0.79296875, 0.779296875, 0.459375]
11/02/2021 18:19:45 - INFO - __main__ - --------------------------------------------------
11/02/2021 18:19:45 - INFO - __main__ - Evaluating to get errors .... Timecode: 57
11/02/2021 18:19:49 - INFO - __main__ - Before Error Fixing: {'EM': 0.578125, 'QA-F1': 0.6832103934077618}
11/02/2021 18:19:49 - INFO - __main__ - Found 27 errors.
11/02/2021 18:19:49 - INFO - __main__ - Start error-fixing .... Timecode: 57
11/02/2021 18:19:51 - INFO - __main__ - Start error-fixing .... Done!
11/02/2021 18:19:53 - INFO - __main__ - Overall: 0.5600158644636015 from scores=[0.6573275862068966, 0.1111111111111111, 0.79296875, 0.779296875, 0.459375]
11/02/2021 18:19:53 - INFO - __main__ - --------------------------------------------------
11/02/2021 18:19:53 - INFO - __main__ - Evaluating to get errors .... Timecode: 58
11/02/2021 18:19:57 - INFO - __main__ - Before Error Fixing: {'EM': 0.6875, 'QA-F1': 0.785587654532967}
11/02/2021 18:19:57 - INFO - __main__ - Found 20 errors.
11/02/2021 18:19:57 - INFO - __main__ - Start error-fixing .... Timecode: 58
11/02/2021 18:19:58 - INFO - __main__ - Start error-fixing .... Done!
11/02/2021 18:20:00 - INFO - __main__ - Overall: 0.5578959216101695 from scores=[0.6578389830508475, 0.1, 0.79296875, 0.779296875, 0.459375]
11/02/2021 18:20:00 - INFO - __main__ - --------------------------------------------------
11/02/2021 18:20:00 - INFO - __main__ - Evaluating to get errors .... Timecode: 59
11/02/2021 18:20:05 - INFO - __main__ - Before Error Fixing: {'EM': 0.515625, 'QA-F1': 0.5971585112621297}
11/02/2021 18:20:05 - INFO - __main__ - Found 31 errors.
11/02/2021 18:20:05 - INFO - __main__ - Start error-fixing .... Timecode: 59
11/02/2021 18:20:06 - INFO - __main__ - Start error-fixing .... Done!
11/02/2021 18:20:09 - INFO - __main__ - Overall: 0.5567767137096775 from scores=[0.65546875, 0.0967741935483871, 0.79296875, 0.779296875, 0.459375]
11/02/2021 18:20:09 - INFO - __main__ - --------------------------------------------------
11/02/2021 18:20:09 - INFO - __main__ - Start eval_knowledge_retention for UKR @ Timecode=60
11/02/2021 18:20:34 - INFO - __main__ - Upstream Knowledge Retation (UKR@60): 0.7852
11/02/2021 18:20:34 - INFO - __main__ - Start eval_knowledge_retention for OKR @ Timecode=60
11/02/2021 18:21:09 - INFO - __main__ - Online Knowledge Retation (OKR@60): 0.7617
11/02/2021 18:21:09 - INFO - __main__ - Start eval_knowledge_generalization for KG @ Timecode=60
11/02/2021 18:22:24 - INFO - __main__ - Future Knowledge Generalization (KG@60): 0.4719
11/02/2021 18:22:24 - INFO - __main__ - Evaluating to get errors .... Timecode: 60
11/02/2021 18:22:28 - INFO - __main__ - Before Error Fixing: {'EM': 0.484375, 'QA-F1': 0.5686621651295565}
11/02/2021 18:22:28 - INFO - __main__ - Found 33 errors.
11/02/2021 18:22:28 - INFO - __main__ - Start error-fixing .... Timecode: 60
11/02/2021 18:22:30 - INFO - __main__ - Start error-fixing .... Done!
11/02/2021 18:22:32 - INFO - __main__ - Overall: 0.5888282414307004 from scores=[0.6526639344262295, 0.2727272727272727, 0.76171875, 0.78515625, 0.471875]
11/02/2021 18:22:32 - INFO - __main__ - --------------------------------------------------
11/02/2021 18:22:32 - INFO - __main__ - Evaluating to get errors .... Timecode: 61
11/02/2021 18:22:36 - INFO - __main__ - Before Error Fixing: {'EM': 0.5625, 'QA-F1': 0.6511600289078737}
11/02/2021 18:22:36 - INFO - __main__ - Found 28 errors.
11/02/2021 18:22:36 - INFO - __main__ - Start error-fixing .... Timecode: 61
11/02/2021 18:22:38 - INFO - __main__ - Start error-fixing .... Done!
11/02/2021 18:22:39 - INFO - __main__ - Overall: 0.5482776497695852 from scores=[0.6512096774193548, 0.07142857142857142, 0.76171875, 0.78515625, 0.471875]
11/02/2021 18:22:39 - INFO - __main__ - --------------------------------------------------
11/02/2021 18:22:39 - INFO - __main__ - Evaluating to get errors .... Timecode: 62
11/02/2021 18:22:43 - INFO - __main__ - Before Error Fixing: {'EM': 0.59375, 'QA-F1': 0.6519412878787878}
11/02/2021 18:22:43 - INFO - __main__ - Found 26 errors.
11/02/2021 18:22:43 - INFO - __main__ - Start error-fixing .... Timecode: 62
11/02/2021 18:22:44 - INFO - __main__ - Start error-fixing .... Done!
11/02/2021 18:22:46 - INFO - __main__ - Overall: 0.57996336996337 from scores=[0.6502976190476191, 0.23076923076923078, 0.76171875, 0.78515625, 0.471875]
11/02/2021 18:22:46 - INFO - __main__ - --------------------------------------------------
11/02/2021 18:22:46 - INFO - __main__ - Evaluating to get errors .... Timecode: 63
11/02/2021 18:22:49 - INFO - __main__ - Before Error Fixing: {'EM': 0.578125, 'QA-F1': 0.630354020979021}
11/02/2021 18:22:49 - INFO - __main__ - Found 27 errors.
11/02/2021 18:22:49 - INFO - __main__ - Start error-fixing .... Timecode: 63
11/02/2021 18:22:50 - INFO - __main__ - Start error-fixing .... Done!
11/02/2021 18:22:51 - INFO - __main__ - Overall: 0.5483987991898147 from scores=[0.649169921875, 0.07407407407407407, 0.76171875, 0.78515625, 0.471875]
11/02/2021 18:22:51 - INFO - __main__ - --------------------------------------------------
11/02/2021 18:22:51 - INFO - __main__ - Evaluating to get errors .... Timecode: 64
11/02/2021 18:22:55 - INFO - __main__ - Before Error Fixing: {'EM': 0.484375, 'QA-F1': 0.5983259702609127}
11/02/2021 18:22:55 - INFO - __main__ - Found 33 errors.
11/02/2021 18:22:55 - INFO - __main__ - Start error-fixing .... Timecode: 64
11/02/2021 18:22:56 - INFO - __main__ - Start error-fixing .... Done!
11/02/2021 18:22:59 - INFO - __main__ - Overall: 0.5633799533799533 from scores=[0.6466346153846154, 0.15151515151515152, 0.76171875, 0.78515625, 0.471875]
11/02/2021 18:22:59 - INFO - __main__ - --------------------------------------------------
11/02/2021 18:22:59 - INFO - __main__ - Start eval_knowledge_retention for UKR @ Timecode=65
11/02/2021 18:23:24 - INFO - __main__ - Upstream Knowledge Retation (UKR@65): 0.7988
11/02/2021 18:23:24 - INFO - __main__ - Start eval_knowledge_retention for OKR @ Timecode=65
11/02/2021 18:23:57 - INFO - __main__ - Online Knowledge Retation (OKR@65): 0.7695
11/02/2021 18:23:57 - INFO - __main__ - Evaluating to get errors .... Timecode: 65
11/02/2021 18:24:01 - INFO - __main__ - Before Error Fixing: {'EM': 0.515625, 'QA-F1': 0.6250381742299846}
11/02/2021 18:24:01 - INFO - __main__ - Found 31 errors.
11/02/2021 18:24:01 - INFO - __main__ - Start error-fixing .... Timecode: 65
11/02/2021 18:24:02 - INFO - __main__ - Start error-fixing .... Done!
11/02/2021 18:24:05 - INFO - __main__ - Overall: 0.5627832508553274 from scores=[0.6446496212121212, 0.12903225806451613, 0.76953125, 0.798828125, 0.471875]
11/02/2021 18:24:05 - INFO - __main__ - --------------------------------------------------
11/02/2021 18:24:05 - INFO - __main__ - Evaluating to get errors .... Timecode: 66
11/02/2021 18:24:09 - INFO - __main__ - Before Error Fixing: {'EM': 0.59375, 'QA-F1': 0.6720552884615385}
11/02/2021 18:24:09 - INFO - __main__ - Found 26 errors.
11/02/2021 18:24:09 - INFO - __main__ - Start error-fixing .... Timecode: 66
11/02/2021 18:24:10 - INFO - __main__ - Start error-fixing .... Done!
11/02/2021 18:24:12 - INFO - __main__ - Overall: 0.5599017831515499 from scores=[0.6438899253731343, 0.11538461538461539, 0.76953125, 0.798828125, 0.471875]
11/02/2021 18:24:12 - INFO - __main__ - --------------------------------------------------
11/02/2021 18:24:12 - INFO - __main__ - Evaluating to get errors .... Timecode: 67
11/02/2021 18:24:17 - INFO - __main__ - Before Error Fixing: {'EM': 0.5625, 'QA-F1': 0.6230918040293041}
11/02/2021 18:24:17 - INFO - __main__ - Found 28 errors.
11/02/2021 18:24:17 - INFO - __main__ - Start error-fixing .... Timecode: 67
11/02/2021 18:24:18 - INFO - __main__ - Start error-fixing .... Done!
11/02/2021 18:24:21 - INFO - __main__ - Overall: 0.5580140493697479 from scores=[0.6426930147058824, 0.10714285714285714, 0.76953125, 0.798828125, 0.471875]
11/02/2021 18:24:21 - INFO - __main__ - --------------------------------------------------
11/02/2021 18:24:21 - INFO - __main__ - Evaluating to get errors .... Timecode: 68
11/02/2021 18:24:24 - INFO - __main__ - Before Error Fixing: {'EM': 0.53125, 'QA-F1': 0.6464804292929293}
11/02/2021 18:24:24 - INFO - __main__ - Found 30 errors.
11/02/2021 18:24:25 - INFO - __main__ - Start error-fixing .... Timecode: 68
11/02/2021 18:24:26 - INFO - __main__ - Start error-fixing .... Done!
11/02/2021 18:24:28 - INFO - __main__ - Overall: 0.5695957880434782 from scores=[0.6410778985507246, 0.16666666666666666, 0.76953125, 0.798828125, 0.471875]
11/02/2021 18:24:28 - INFO - __main__ - --------------------------------------------------
11/02/2021 18:24:28 - INFO - __main__ - Evaluating to get errors .... Timecode: 69
11/02/2021 18:24:32 - INFO - __main__ - Before Error Fixing: {'EM': 0.578125, 'QA-F1': 0.6782011202867182}
11/02/2021 18:24:32 - INFO - __main__ - Found 27 errors.
11/02/2021 18:24:33 - INFO - __main__ - Start error-fixing .... Timecode: 69
11/02/2021 18:24:34 - INFO - __main__ - Start error-fixing .... Done!
11/02/2021 18:24:35 - INFO - __main__ - Overall: 0.5583048115079364 from scores=[0.6401785714285715, 0.1111111111111111, 0.76953125, 0.798828125, 0.471875]
11/02/2021 18:24:35 - INFO - __main__ - --------------------------------------------------
11/02/2021 18:24:35 - INFO - __main__ - Start eval_knowledge_retention for UKR @ Timecode=70
11/02/2021 18:25:02 - INFO - __main__ - Upstream Knowledge Retation (UKR@70): 0.7832
11/02/2021 18:25:03 - INFO - __main__ - Start eval_knowledge_retention for OKR @ Timecode=70
11/02/2021 18:25:35 - INFO - __main__ - Online Knowledge Retation (OKR@70): 0.7656
11/02/2021 18:25:35 - INFO - __main__ - Start eval_knowledge_generalization for KG @ Timecode=70
11/02/2021 18:26:49 - INFO - __main__ - Future Knowledge Generalization (KG@70): 0.4711
11/02/2021 18:26:49 - INFO - __main__ - Evaluating to get errors .... Timecode: 70
11/02/2021 18:26:54 - INFO - __main__ - Before Error Fixing: {'EM': 0.5625, 'QA-F1': 0.6389817290552584}
11/02/2021 18:26:54 - INFO - __main__ - Found 28 errors.
11/02/2021 18:26:54 - INFO - __main__ - Start error-fixing .... Timecode: 70
11/02/2021 18:26:55 - INFO - __main__ - Start error-fixing .... Done!
11/02/2021 18:26:58 - INFO - __main__ - Overall: 0.5389441335513079 from scores=[0.6390845070422535, 0.03571428571428571, 0.765625, 0.783203125, 0.47109375]
11/02/2021 18:26:58 - INFO - __main__ - --------------------------------------------------
11/02/2021 18:26:58 - INFO - __main__ - Evaluating to get errors .... Timecode: 71
11/02/2021 18:27:02 - INFO - __main__ - Before Error Fixing: {'EM': 0.578125, 'QA-F1': 0.6576805347326338}
11/02/2021 18:27:02 - INFO - __main__ - Found 27 errors.
11/02/2021 18:27:02 - INFO - __main__ - Start error-fixing .... Timecode: 71
11/02/2021 18:27:03 - INFO - __main__ - Start error-fixing .... Done!
11/02/2021 18:27:05 - INFO - __main__ - Overall: 0.5834837962962963 from scores=[0.6382378472222222, 0.25925925925925924, 0.765625, 0.783203125, 0.47109375]
11/02/2021 18:27:05 - INFO - __main__ - --------------------------------------------------
11/02/2021 18:27:05 - INFO - __main__ - Evaluating to get errors .... Timecode: 72
11/02/2021 18:27:09 - INFO - __main__ - Before Error Fixing: {'EM': 0.625, 'QA-F1': 0.6645833333333333}
11/02/2021 18:27:09 - INFO - __main__ - Found 24 errors.
11/02/2021 18:27:09 - INFO - __main__ - Start error-fixing .... Timecode: 72
11/02/2021 18:27:10 - INFO - __main__ - Start error-fixing .... Done!
11/02/2021 18:27:11 - INFO - __main__ - Overall: 0.5732623430365298 from scores=[0.6380565068493151, 0.20833333333333334, 0.765625, 0.783203125, 0.47109375]
11/02/2021 18:27:11 - INFO - __main__ - --------------------------------------------------
11/02/2021 18:27:11 - INFO - __main__ - Evaluating to get errors .... Timecode: 73
11/02/2021 18:27:14 - INFO - __main__ - Before Error Fixing: {'EM': 0.578125, 'QA-F1': 0.6235359768907563}
11/02/2021 18:27:14 - INFO - __main__ - Found 27 errors.
11/02/2021 18:27:15 - INFO - __main__ - Start error-fixing .... Timecode: 73
11/02/2021 18:27:16 - INFO - __main__ - Start error-fixing .... Done!
11/02/2021 18:27:18 - INFO - __main__ - Overall: 0.5684707363613615 from scores=[0.6372466216216216, 0.18518518518518517, 0.765625, 0.783203125, 0.47109375]
11/02/2021 18:27:18 - INFO - __main__ - --------------------------------------------------
11/02/2021 18:27:18 - INFO - __main__ - Evaluating to get errors .... Timecode: 74
11/02/2021 18:27:21 - INFO - __main__ - Before Error Fixing: {'EM': 0.6875, 'QA-F1': 0.7598890692640693}
11/02/2021 18:27:21 - INFO - __main__ - Found 20 errors.
11/02/2021 18:27:21 - INFO - __main__ - Start error-fixing .... Timecode: 74
11/02/2021 18:27:22 - INFO - __main__ - Start error-fixing .... Done!
11/02/2021 18:27:23 - INFO - __main__ - Overall: 0.5415677083333333 from scores=[0.6379166666666667, 0.05, 0.765625, 0.783203125, 0.47109375]
11/02/2021 18:27:23 - INFO - __main__ - --------------------------------------------------
11/02/2021 18:27:23 - INFO - __main__ - Start eval_knowledge_retention for UKR @ Timecode=75
11/02/2021 18:27:49 - INFO - __main__ - Upstream Knowledge Retation (UKR@75): 0.8145
11/02/2021 18:27:50 - INFO - __main__ - Start eval_knowledge_retention for OKR @ Timecode=75
11/02/2021 18:28:20 - INFO - __main__ - Online Knowledge Retation (OKR@75): 0.7910
11/02/2021 18:28:20 - INFO - __main__ - Evaluating to get errors .... Timecode: 75
11/02/2021 18:28:24 - INFO - __main__ - Before Error Fixing: {'EM': 0.515625, 'QA-F1': 0.5925872738372738}
11/02/2021 18:28:24 - INFO - __main__ - Found 31 errors.
11/02/2021 18:28:24 - INFO - __main__ - Start error-fixing .... Timecode: 75
11/02/2021 18:28:25 - INFO - __main__ - Start error-fixing .... Done!
11/02/2021 18:28:28 - INFO - __main__ - Overall: 0.5748320776740238 from scores=[0.6363075657894737, 0.16129032258064516, 0.791015625, 0.814453125, 0.47109375]
11/02/2021 18:28:28 - INFO - __main__ - --------------------------------------------------
11/02/2021 18:28:28 - INFO - __main__ - Evaluating to get errors .... Timecode: 76
11/02/2021 18:28:32 - INFO - __main__ - Before Error Fixing: {'EM': 0.53125, 'QA-F1': 0.6167373223514212}
11/02/2021 18:28:32 - INFO - __main__ - Found 30 errors.
11/02/2021 18:28:32 - INFO - __main__ - Start error-fixing .... Timecode: 76
11/02/2021 18:28:33 - INFO - __main__ - Start error-fixing .... Done!
11/02/2021 18:28:35 - INFO - __main__ - Overall: 0.5756344696969697 from scores=[0.6349431818181819, 0.16666666666666666, 0.791015625, 0.814453125, 0.47109375]
11/02/2021 18:28:35 - INFO - __main__ - --------------------------------------------------
11/02/2021 18:28:35 - INFO - __main__ - Evaluating to get errors .... Timecode: 77
11/02/2021 18:28:39 - INFO - __main__ - Before Error Fixing: {'EM': 0.46875, 'QA-F1': 0.5579703282828283}
11/02/2021 18:28:39 - INFO - __main__ - Found 34 errors.
11/02/2021 18:28:39 - INFO - __main__ - Start error-fixing .... Timecode: 77
11/02/2021 18:28:41 - INFO - __main__ - Start error-fixing .... Done!
11/02/2021 18:28:43 - INFO - __main__ - Overall: 0.5712867647058824 from scores=[0.6328125, 0.14705882352941177, 0.791015625, 0.814453125, 0.47109375]
11/02/2021 18:28:43 - INFO - __main__ - --------------------------------------------------
11/02/2021 18:28:43 - INFO - __main__ - Evaluating to get errors .... Timecode: 78
11/02/2021 18:28:48 - INFO - __main__ - Before Error Fixing: {'EM': 0.546875, 'QA-F1': 0.6313218390804598}
11/02/2021 18:28:48 - INFO - __main__ - Found 29 errors.
11/02/2021 18:28:49 - INFO - __main__ - Start error-fixing .... Timecode: 78
11/02/2021 18:28:50 - INFO - __main__ - Start error-fixing .... Done!
11/02/2021 18:28:52 - INFO - __main__ - Overall: 0.5623470918812745 from scores=[0.6317246835443038, 0.10344827586206896, 0.791015625, 0.814453125, 0.47109375]
11/02/2021 18:28:52 - INFO - __main__ - --------------------------------------------------
11/02/2021 18:28:52 - INFO - __main__ - Evaluating to get errors .... Timecode: 79
11/02/2021 18:28:55 - INFO - __main__ - Before Error Fixing: {'EM': 0.59375, 'QA-F1': 0.6870580808080808}
11/02/2021 18:28:55 - INFO - __main__ - Found 26 errors.
11/02/2021 18:28:56 - INFO - __main__ - Start error-fixing .... Timecode: 79
11/02/2021 18:28:57 - INFO - __main__ - Start error-fixing .... Done!
11/02/2021 18:28:58 - INFO - __main__ - Overall: 0.5646394230769232 from scores=[0.63125, 0.11538461538461539, 0.791015625, 0.814453125, 0.47109375]
11/02/2021 18:28:58 - INFO - __main__ - --------------------------------------------------
11/02/2021 18:28:58 - INFO - __main__ - Start eval_knowledge_retention for UKR @ Timecode=80
11/02/2021 18:29:26 - INFO - __main__ - Upstream Knowledge Retation (UKR@80): 0.7695
11/02/2021 18:29:27 - INFO - __main__ - Start eval_knowledge_retention for OKR @ Timecode=80
11/02/2021 18:30:02 - INFO - __main__ - Online Knowledge Retation (OKR@80): 0.7344
11/02/2021 18:30:02 - INFO - __main__ - Start eval_knowledge_generalization for KG @ Timecode=80
11/02/2021 18:31:19 - INFO - __main__ - Future Knowledge Generalization (KG@80): 0.4641
11/02/2021 18:31:19 - INFO - __main__ - Evaluating to get errors .... Timecode: 80
11/02/2021 18:31:23 - INFO - __main__ - Before Error Fixing: {'EM': 0.734375, 'QA-F1': 0.7661512048001018}
11/02/2021 18:31:23 - INFO - __main__ - Found 17 errors.
11/02/2021 18:31:23 - INFO - __main__ - Start error-fixing .... Timecode: 80
11/02/2021 18:31:24 - INFO - __main__ - Start error-fixing .... Done!
11/02/2021 18:31:26 - INFO - __main__ - Overall: 0.5671572031590413 from scores=[0.6325231481481481, 0.23529411764705882, 0.734375, 0.76953125, 0.4640625]
11/02/2021 18:31:26 - INFO - __main__ - --------------------------------------------------
11/02/2021 18:31:26 - INFO - __main__ - Evaluating to get errors .... Timecode: 81
11/02/2021 18:31:31 - INFO - __main__ - Before Error Fixing: {'EM': 0.578125, 'QA-F1': 0.6442480122720594}
11/02/2021 18:31:31 - INFO - __main__ - Found 27 errors.
11/02/2021 18:31:31 - INFO - __main__ - Start error-fixing .... Timecode: 81
11/02/2021 18:31:33 - INFO - __main__ - Start error-fixing .... Done!
11/02/2021 18:31:35 - INFO - __main__ - Overall: 0.5495953308491417 from scores=[0.631859756097561, 0.14814814814814814, 0.734375, 0.76953125, 0.4640625]
11/02/2021 18:31:35 - INFO - __main__ - --------------------------------------------------
11/02/2021 18:31:35 - INFO - __main__ - Evaluating to get errors .... Timecode: 82
11/02/2021 18:31:39 - INFO - __main__ - Before Error Fixing: {'EM': 0.546875, 'QA-F1': 0.6629092261904761}
11/02/2021 18:31:39 - INFO - __main__ - Found 29 errors.
11/02/2021 18:31:40 - INFO - __main__ - Start error-fixing .... Timecode: 82
11/02/2021 18:31:41 - INFO - __main__ - Start error-fixing .... Done!
11/02/2021 18:31:43 - INFO - __main__ - Overall: 0.5197609186746988 from scores=[0.630835843373494, 0.0, 0.734375, 0.76953125, 0.4640625]
11/02/2021 18:31:43 - INFO - __main__ - --------------------------------------------------
11/02/2021 18:31:43 - INFO - __main__ - Evaluating to get errors .... Timecode: 83
11/02/2021 18:31:47 - INFO - __main__ - Before Error Fixing: {'EM': 0.453125, 'QA-F1': 0.5522395435446906}
11/02/2021 18:31:47 - INFO - __main__ - Found 35 errors.
11/02/2021 18:31:48 - INFO - __main__ - Start error-fixing .... Timecode: 83
11/02/2021 18:31:49 - INFO - __main__ - Start error-fixing .... Done!
11/02/2021 18:31:52 - INFO - __main__ - Overall: 0.5764806547619047 from scores=[0.6287202380952381, 0.2857142857142857, 0.734375, 0.76953125, 0.4640625]
11/02/2021 18:31:52 - INFO - __main__ - --------------------------------------------------
11/02/2021 18:31:52 - INFO - __main__ - Evaluating to get errors .... Timecode: 84
11/02/2021 18:31:56 - INFO - __main__ - Before Error Fixing: {'EM': 0.53125, 'QA-F1': 0.664437615524572}
11/02/2021 18:31:56 - INFO - __main__ - Found 30 errors.
11/02/2021 18:31:57 - INFO - __main__ - Start error-fixing .... Timecode: 84
11/02/2021 18:31:58 - INFO - __main__ - Start error-fixing .... Done!
11/02/2021 18:32:00 - INFO - __main__ - Overall: 0.5324417892156863 from scores=[0.6275735294117647, 0.06666666666666667, 0.734375, 0.76953125, 0.4640625]
11/02/2021 18:32:00 - INFO - __main__ - --------------------------------------------------
11/02/2021 18:32:00 - INFO - __main__ - Start eval_knowledge_retention for UKR @ Timecode=85
11/02/2021 18:32:27 - INFO - __main__ - Upstream Knowledge Retation (UKR@85): 0.7715
11/02/2021 18:32:28 - INFO - __main__ - Start eval_knowledge_retention for OKR @ Timecode=85
11/02/2021 18:33:02 - INFO - __main__ - Online Knowledge Retation (OKR@85): 0.7598
11/02/2021 18:33:02 - INFO - __main__ - Evaluating to get errors .... Timecode: 85
11/02/2021 18:33:07 - INFO - __main__ - Before Error Fixing: {'EM': 0.5625, 'QA-F1': 0.712491332247507}
11/02/2021 18:33:07 - INFO - __main__ - Found 28 errors.
11/02/2021 18:33:07 - INFO - __main__ - Start error-fixing .... Timecode: 85
11/02/2021 18:33:08 - INFO - __main__ - Start error-fixing .... Done!
11/02/2021 18:33:11 - INFO - __main__ - Overall: 0.5744258720930232 from scores=[0.6268168604651163, 0.25, 0.759765625, 0.771484375, 0.4640625]
11/02/2021 18:33:11 - INFO - __main__ - --------------------------------------------------
11/02/2021 18:33:11 - INFO - __main__ - Evaluating to get errors .... Timecode: 86
11/02/2021 18:33:14 - INFO - __main__ - Before Error Fixing: {'EM': 0.53125, 'QA-F1': 0.6420443272005772}
11/02/2021 18:33:14 - INFO - __main__ - Found 30 errors.
11/02/2021 18:33:14 - INFO - __main__ - Start error-fixing .... Timecode: 86
11/02/2021 18:33:16 - INFO - __main__ - Start error-fixing .... Done!
11/02/2021 18:33:18 - INFO - __main__ - Overall: 0.5442061781609195 from scores=[0.6257183908045977, 0.1, 0.759765625, 0.771484375, 0.4640625]
11/02/2021 18:33:18 - INFO - __main__ - --------------------------------------------------
11/02/2021 18:33:18 - INFO - __main__ - Evaluating to get errors .... Timecode: 87
11/02/2021 18:33:23 - INFO - __main__ - Before Error Fixing: {'EM': 0.421875, 'QA-F1': 0.584301295057874}
11/02/2021 18:33:23 - INFO - __main__ - Found 37 errors.
11/02/2021 18:33:23 - INFO - __main__ - Start error-fixing .... Timecode: 87
11/02/2021 18:33:25 - INFO - __main__ - Start error-fixing .... Done!
11/02/2021 18:33:28 - INFO - __main__ - Overall: 0.5886077625921375 from scores=[0.6234019886363636, 0.32432432432432434, 0.759765625, 0.771484375, 0.4640625]
11/02/2021 18:33:28 - INFO - __main__ - --------------------------------------------------
11/02/2021 18:33:28 - INFO - __main__ - Evaluating to get errors .... Timecode: 88
11/02/2021 18:33:32 - INFO - __main__ - Before Error Fixing: {'EM': 0.484375, 'QA-F1': 0.616244213264971}
11/02/2021 18:33:32 - INFO - __main__ - Found 33 errors.
11/02/2021 18:33:32 - INFO - __main__ - Start error-fixing .... Timecode: 88
11/02/2021 18:33:34 - INFO - __main__ - Start error-fixing .... Done!
11/02/2021 18:33:37 - INFO - __main__ - Overall: 0.5597941138917262 from scores=[0.6218398876404494, 0.18181818181818182, 0.759765625, 0.771484375, 0.4640625]
11/02/2021 18:33:37 - INFO - __main__ - --------------------------------------------------
11/02/2021 18:33:37 - INFO - __main__ - Evaluating to get errors .... Timecode: 89
11/02/2021 18:33:41 - INFO - __main__ - Before Error Fixing: {'EM': 0.640625, 'QA-F1': 0.7377784455739619}
11/02/2021 18:33:41 - INFO - __main__ - Found 23 errors.
11/02/2021 18:33:41 - INFO - __main__ - Start error-fixing .... Timecode: 89
11/02/2021 18:33:42 - INFO - __main__ - Start error-fixing .... Done!
11/02/2021 18:33:44 - INFO - __main__ - Overall: 0.5408635265700482 from scores=[0.6220486111111111, 0.08695652173913043, 0.759765625, 0.771484375, 0.4640625]
11/02/2021 18:33:44 - INFO - __main__ - --------------------------------------------------
11/02/2021 18:33:44 - INFO - __main__ - Start eval_knowledge_retention for UKR @ Timecode=90
11/02/2021 18:34:13 - INFO - __main__ - Upstream Knowledge Retation (UKR@90): 0.7676
11/02/2021 18:34:14 - INFO - __main__ - Start eval_knowledge_retention for OKR @ Timecode=90
11/02/2021 18:34:49 - INFO - __main__ - Online Knowledge Retation (OKR@90): 0.7227
11/02/2021 18:34:49 - INFO - __main__ - Start eval_knowledge_generalization for KG @ Timecode=90
11/02/2021 18:36:09 - INFO - __main__ - Future Knowledge Generalization (KG@90): 0.4852
11/02/2021 18:36:09 - INFO - __main__ - Evaluating to get errors .... Timecode: 90
11/02/2021 18:36:13 - INFO - __main__ - Before Error Fixing: {'EM': 0.640625, 'QA-F1': 0.7147149217652267}
11/02/2021 18:36:13 - INFO - __main__ - Found 23 errors.
11/02/2021 18:36:14 - INFO - __main__ - Start error-fixing .... Timecode: 90
11/02/2021 18:36:14 - INFO - __main__ - Start error-fixing .... Done!
11/02/2021 18:36:17 - INFO - __main__ - Overall: 0.5369199787983756 from scores=[0.6222527472527473, 0.08695652173913043, 0.72265625, 0.767578125, 0.48515625]
11/02/2021 18:36:17 - INFO - __main__ - --------------------------------------------------
11/02/2021 18:36:17 - INFO - __main__ - Evaluating to get errors .... Timecode: 91
11/02/2021 18:36:21 - INFO - __main__ - Before Error Fixing: {'EM': 0.515625, 'QA-F1': 0.646843297141218}
11/02/2021 18:36:21 - INFO - __main__ - Found 31 errors.
11/02/2021 18:36:21 - INFO - __main__ - Start error-fixing .... Timecode: 91
11/02/2021 18:36:22 - INFO - __main__ - Start error-fixing .... Done!
11/02/2021 18:36:25 - INFO - __main__ - Overall: 0.5322001008064516 from scores=[0.62109375, 0.06451612903225806, 0.72265625, 0.767578125, 0.48515625]
11/02/2021 18:36:25 - INFO - __main__ - --------------------------------------------------
11/02/2021 18:36:25 - INFO - __main__ - Evaluating to get errors .... Timecode: 92
11/02/2021 18:36:29 - INFO - __main__ - Before Error Fixing: {'EM': 0.59375, 'QA-F1': 0.6967613907265033}
11/02/2021 18:36:29 - INFO - __main__ - Found 26 errors.
11/02/2021 18:36:29 - INFO - __main__ - Start error-fixing .... Timecode: 92
11/02/2021 18:36:30 - INFO - __main__ - Start error-fixing .... Done!
11/02/2021 18:36:31 - INFO - __main__ - Overall: 0.5576996096980976 from scores=[0.6207997311827957, 0.19230769230769232, 0.72265625, 0.767578125, 0.48515625]
11/02/2021 18:36:31 - INFO - __main__ - --------------------------------------------------
11/02/2021 18:36:31 - INFO - __main__ - Evaluating to get errors .... Timecode: 93
11/02/2021 18:36:35 - INFO - __main__ - Before Error Fixing: {'EM': 0.453125, 'QA-F1': 0.5539434523809524}
11/02/2021 18:36:35 - INFO - __main__ - Found 35 errors.
11/02/2021 18:36:35 - INFO - __main__ - Start error-fixing .... Timecode: 93
11/02/2021 18:36:37 - INFO - __main__ - Start error-fixing .... Done!
11/02/2021 18:36:40 - INFO - __main__ - Overall: 0.5588813164893617 from scores=[0.6190159574468085, 0.2, 0.72265625, 0.767578125, 0.48515625]
11/02/2021 18:36:40 - INFO - __main__ - --------------------------------------------------
11/02/2021 18:36:40 - INFO - __main__ - Evaluating to get errors .... Timecode: 94
11/02/2021 18:36:44 - INFO - __main__ - Before Error Fixing: {'EM': 0.609375, 'QA-F1': 0.6938633836222152}
11/02/2021 18:36:44 - INFO - __main__ - Found 25 errors.
11/02/2021 18:36:44 - INFO - __main__ - Start error-fixing .... Timecode: 94
11/02/2021 18:36:45 - INFO - __main__ - Start error-fixing .... Done!
11/02/2021 18:36:47 - INFO - __main__ - Overall: 0.5428610197368421 from scores=[0.6189144736842105, 0.12, 0.72265625, 0.767578125, 0.48515625]
11/02/2021 18:36:47 - INFO - __main__ - --------------------------------------------------
11/02/2021 18:36:47 - INFO - __main__ - Start eval_knowledge_retention for UKR @ Timecode=95
11/02/2021 18:37:16 - INFO - __main__ - Upstream Knowledge Retation (UKR@95): 0.7480
11/02/2021 18:37:17 - INFO - __main__ - Start eval_knowledge_retention for OKR @ Timecode=95
11/02/2021 18:37:53 - INFO - __main__ - Online Knowledge Retation (OKR@95): 0.6914
11/02/2021 18:37:53 - INFO - __main__ - Evaluating to get errors .... Timecode: 95
11/02/2021 18:37:57 - INFO - __main__ - Before Error Fixing: {'EM': 0.546875, 'QA-F1': 0.6665795051074657}
11/02/2021 18:37:57 - INFO - __main__ - Found 29 errors.
11/02/2021 18:37:57 - INFO - __main__ - Start error-fixing .... Timecode: 95
11/02/2021 18:37:58 - INFO - __main__ - Start error-fixing .... Done!
11/02/2021 18:38:00 - INFO - __main__ - Overall: 0.5292443426724138 from scores=[0.6181640625, 0.10344827586206896, 0.69140625, 0.748046875, 0.48515625]
11/02/2021 18:38:00 - INFO - __main__ - --------------------------------------------------
11/02/2021 18:38:00 - INFO - __main__ - Evaluating to get errors .... Timecode: 96
11/02/2021 18:38:04 - INFO - __main__ - Before Error Fixing: {'EM': 0.546875, 'QA-F1': 0.6383207858636286}
11/02/2021 18:38:04 - INFO - __main__ - Found 29 errors.
11/02/2021 18:38:04 - INFO - __main__ - Start error-fixing .... Timecode: 96
11/02/2021 18:38:06 - INFO - __main__ - Start error-fixing .... Done!
11/02/2021 18:38:08 - INFO - __main__ - Overall: 0.5497870100870956 from scores=[0.6174291237113403, 0.20689655172413793, 0.69140625, 0.748046875, 0.48515625]
11/02/2021 18:38:08 - INFO - __main__ - --------------------------------------------------
11/02/2021 18:38:08 - INFO - __main__ - Evaluating to get errors .... Timecode: 97
11/02/2021 18:38:13 - INFO - __main__ - Before Error Fixing: {'EM': 0.53125, 'QA-F1': 0.6141653734996722}
11/02/2021 18:38:13 - INFO - __main__ - Found 30 errors.
11/02/2021 18:38:13 - INFO - __main__ - Start error-fixing .... Timecode: 97
11/02/2021 18:38:15 - INFO - __main__ - Start error-fixing .... Done!
11/02/2021 18:38:17 - INFO - __main__ - Overall: 0.5482318239795918 from scores=[0.6165497448979591, 0.2, 0.69140625, 0.748046875, 0.48515625]
11/02/2021 18:38:17 - INFO - __main__ - --------------------------------------------------
11/02/2021 18:38:17 - INFO - __main__ - Evaluating to get errors .... Timecode: 98
11/02/2021 18:38:22 - INFO - __main__ - Before Error Fixing: {'EM': 0.609375, 'QA-F1': 0.6594832251082251}
11/02/2021 18:38:22 - INFO - __main__ - Found 25 errors.
11/02/2021 18:38:22 - INFO - __main__ - Start error-fixing .... Timecode: 98
11/02/2021 18:38:23 - INFO - __main__ - Start error-fixing .... Done!
11/02/2021 18:38:24 - INFO - __main__ - Overall: 0.5482173295454545 from scores=[0.6164772727272727, 0.2, 0.69140625, 0.748046875, 0.48515625]
11/02/2021 18:38:24 - INFO - __main__ - --------------------------------------------------
11/02/2021 18:38:24 - INFO - __main__ - Evaluating to get errors .... Timecode: 99
11/02/2021 18:38:28 - INFO - __main__ - Before Error Fixing: {'EM': 0.53125, 'QA-F1': 0.6171013866737551}
11/02/2021 18:38:28 - INFO - __main__ - Found 30 errors.
11/02/2021 18:38:29 - INFO - __main__ - Start error-fixing .... Timecode: 99
11/02/2021 18:38:30 - INFO - __main__ - Start error-fixing .... Done!
11/02/2021 18:38:32 - INFO - __main__ - Overall: 0.5347135416666667 from scores=[0.615625, 0.13333333333333333, 0.69140625, 0.748046875, 0.48515625]
11/02/2021 18:38:32 - INFO - __main__ - --------------------------------------------------
11/02/2021 18:38:32 - INFO - __main__ - Start the final evaluation.
11/02/2021 18:38:32 - INFO - __main__ - Nothing here.
11/02/2021 18:38:34 - INFO - __main__ - Model saved to experiments/ckpt_dirs/qa/simplecl/model_ckpt_100.pt.
11/02/2021 18:38:34 - INFO - __main__ - Finished. Results saved to experiments/results/qa/QA_simplecl_lr=3e-5_ep=1_result.json

