
11/08/2021 01:51:21 - INFO - __main__ - Namespace(adam_epsilon=1e-08, adapter_dim=32, append_another_bos=1, base_model_path='out/mrqa_squad_bart-base_1029_upstream_model//best-model.pt', base_model_type='facebook/bart-base', ckpt_dir='experiments/ckpt_dirs/qa/er/QA_oewc_lr=3e-5_ep=10_lbd=250_T=100,b=64,alpha=0.9,beta=0.5,gamma=0.8', cl_method_name='online_ewc', current_thread_id=None, do_lowercase=False, ewc_gamma=1.0, ewc_lambda=250.0, example_encoder_name='roberta-base', freeze_embeds=False, gradient_accumulation_steps=1, heldout_submission_data='experiments/eval_data/qa/heldout_eval.jsonl', index_rank_method='most_similar', indexing_args_path='exp_results/supervision_data/1012_dm_simple.train_args.json', indexing_method='bart_index', inference_query_size=1, init_memory_cache_path='bug_data/memory_key_cache.pkl', kg_eval_freq=10, kg_eval_mode='metric', kr_eval_freq=10, kr_eval_mode='metric', learning_rate=3e-05, local_adapt_lr=1e-05, max_grad_norm=0.1, max_input_length=888, max_output_length=50, max_timecode=100, memory_key_encoder='facebook/bart-base', memory_path='', memory_store_rate=1.0, mir_abalation_args='none', num_adapt_epochs=1, num_beams=3, num_threads_eval=0, num_train_epochs=10.0, okr_sample_seed=1337, okr_sample_size=512, path_to_thread_result=None, predict_batch_size=48, prefix='QA_oewc_lr=3e-5_ep=10_lbd=250_T=100,b=64,alpha=0.9,beta=0.5,gamma=0.8', replay_candidate_size=8, replay_frequency=1, replay_size=8, result_file='experiments/results/qa/QA_oewc_lr=3e-5_ep=10_lbd=250_T=100,b=64,alpha=0.9,beta=0.5,gamma=0.8_result.json', save_ckpt_freq=10, seed=42, skip_instant_eval=False, submission_stream_data='experiments/eval_data/qa/submission_stream.T=100,b=64,alpha=0.9,beta=0.5,gamma=0.8.json', task_emb_dim=768, task_name='mrqa', train_batch_size=8, upstream_data_path='data/mrqa_squad/mrqa_squad_train.jsonl', upstream_eval_data='experiments/eval_data/qa/upstream_eval.jsonl', upstream_sample_ratio=-1, use_mir=False, use_replay_mix=False, use_wandb=True, weight_decay=0.01)
11/08/2021 01:51:21 - INFO - transformers.tokenization_utils - loading file https://s3.amazonaws.com/models.huggingface.co/bert/roberta-large-vocab.json from cache at /private/home/yuchenlin/.cache/torch/transformers/1ae1f5b6e2b22b25ccc04c000bb79ca847aa226d0761536b011cf7e5868f0655.ef00af9e673c7160b4d41cfda1f48c5f4cba57d5142754525572a846a1ab1b9b
11/08/2021 01:51:21 - INFO - transformers.tokenization_utils - loading file https://s3.amazonaws.com/models.huggingface.co/bert/roberta-large-merges.txt from cache at /private/home/yuchenlin/.cache/torch/transformers/f8f83199a6270d582d6245dc100e99c4155de81c9745c6248077018fe01abcfb.70bec105b4158ed9a1747fea67a43f5dee97855c64d62b6ec3742f4cfdb5feda
11/08/2021 01:51:45 - INFO - __main__ - load_data: len(upstream_eval_examples)=512
11/08/2021 01:51:46 - INFO - __main__ - load_data: len(heldout_eval_examples)=1280
11/08/2021 01:51:50 - INFO - __main__ - Loading checkpoint from out/mrqa_squad_bart-base_1029_upstream_model//best-model.pt for facebook/bart-base .....
11/08/2021 01:51:53 - INFO - transformers.configuration_utils - loading configuration file https://s3.amazonaws.com/models.huggingface.co/bert/facebook/bart-base/config.json from cache at /private/home/yuchenlin/.cache/torch/transformers/09f4fcaeaf785dd3b97b085d6e3510c7081f586ec8e75981683c6299c0f81d9d.e8d516ad807436d395effad8c2326786872659b7dd1210827ac67c761198a0eb
11/08/2021 01:51:53 - INFO - transformers.configuration_utils - Model config BartConfig {
  "activation_dropout": 0.1,
  "activation_function": "gelu",
  "add_bias_logits": false,
  "add_final_layer_norm": false,
  "architectures": [
    "BartModel",
    "BartForConditionalGeneration",
    "BartForSequenceClassification"
  ],
  "attention_dropout": 0.1,
  "bos_token_id": 0,
  "classif_dropout": 0.0,
  "d_model": 768,
  "decoder_attention_heads": 12,
  "decoder_ffn_dim": 3072,
  "decoder_layerdrop": 0.0,
  "decoder_layers": 6,
  "decoder_start_token_id": 2,
  "dropout": 0.1,
  "early_stopping": true,
  "encoder_attention_heads": 12,
  "encoder_ffn_dim": 3072,
  "encoder_layerdrop": 0.0,
  "encoder_layers": 6,
  "eos_token_id": 2,
  "id2label": {
    "0": "LABEL_0",
    "1": "LABEL_1",
    "2": "LABEL_2"
  },
  "init_std": 0.02,
  "is_encoder_decoder": true,
  "label2id": {
    "LABEL_0": 0,
    "LABEL_1": 1,
    "LABEL_2": 2
  },
  "max_position_embeddings": 1024,
  "model_type": "bart",
  "no_repeat_ngram_size": 3,
  "normalize_before": false,
  "normalize_embedding": true,
  "num_beams": 4,
  "num_hidden_layers": 6,
  "pad_token_id": 1,
  "scale_embedding": false,
  "static_position_embeddings": false,
  "task_specific_params": {
    "summarization": {
      "length_penalty": 1.0,
      "max_length": 128,
      "min_length": 12,
      "num_beams": 4
    },
    "summarization_cnn": {
      "length_penalty": 2.0,
      "max_length": 142,
      "min_length": 56,
      "num_beams": 4
    },
    "summarization_xsum": {
      "length_penalty": 1.0,
      "max_length": 62,
      "min_length": 11,
      "num_beams": 6
    }
  },
  "vocab_size": 50265
}

11/08/2021 01:51:53 - INFO - transformers.modeling_utils - loading weights file https://cdn.huggingface.co/facebook/bart-base/pytorch_model.bin from cache at /private/home/yuchenlin/.cache/torch/transformers/566c05fb6983817e8ad7a4fa51e3099fe9caa3b31730f964bc5198d71c677523.0a3d95c18c1e434448941bc25accea7b122882be6526fb67c8e8fb6d5ebc711c
11/08/2021 01:51:56 - INFO - __main__ - Loading checkpoint from out/mrqa_squad_bart-base_1029_upstream_model//best-model.pt for facebook/bart-base ..... Done!
11/08/2021 01:52:03 - INFO - __main__ - Moving to the GPUs.
11/08/2021 01:52:03 - INFO - __main__ - Debugger Setup ......
11/08/2021 01:52:03 - INFO - __main__ - debugger_args: Namespace(adam_epsilon=1e-08, ckpt_dir='experiments/ckpt_dirs/qa/er/QA_oewc_lr=3e-5_ep=10_lbd=250_T=100,b=64,alpha=0.9,beta=0.5,gamma=0.8', ewc_gamma=1.0, ewc_lambda=250.0, gradient_accumulation_steps=1, kg_eval_freq=10, kg_eval_mode='metric', kr_eval_freq=10, kr_eval_mode='metric', learning_rate=3e-05, max_grad_norm=0.1, num_epochs=10.0, okr_sample_seed=1337, okr_sample_size=512, save_ckpt_freq=10, skip_instant_eval=False, total_steps=10000, warmup_steps=0, weight_decay=0.01) ......
11/08/2021 01:52:03 - INFO - __main__ - optimizer & scheduler Setup ...... Done!
11/08/2021 01:52:03 - INFO - __main__ - Debugger Setup ...... Done!
11/08/2021 01:52:03 - INFO - __main__ - Start Online Debugging with Dynamic Error Mode
11/08/2021 01:52:03 - INFO - __main__ - Number of Batches of Data: 100
11/08/2021 01:52:03 - INFO - __main__ - Data Batch Size: 64;
11/08/2021 01:52:04 - INFO - __main__ - Model saved to experiments/ckpt_dirs/qa/er/QA_oewc_lr=3e-5_ep=10_lbd=250_T=100,b=64,alpha=0.9,beta=0.5,gamma=0.8/model_ckpt_000.pt.
11/08/2021 01:52:04 - INFO - __main__ - Start eval_knowledge_retention for UKR @ Timecode=0
11/08/2021 01:52:28 - INFO - __main__ - Upstream Knowledge Retation (UKR@0): 0.8027
11/08/2021 01:52:28 - INFO - __main__ - Start eval_knowledge_generalization for KG @ Timecode=0
11/08/2021 01:54:00 - INFO - __main__ - Future Knowledge Generalization (KG@0): 0.3125
11/08/2021 01:54:00 - INFO - __main__ - Evaluating to get errors .... Timecode: 0
11/08/2021 01:54:03 - INFO - __main__ - Before Error Fixing: {'EM': 0.828125, 'QA-F1': 0.8576388888888888}
11/08/2021 01:54:03 - INFO - __main__ - Found 11 errors.
11/08/2021 01:54:03 - INFO - __main__ - Start error-fixing .... Timecode: 0
11/08/2021 01:54:07 - INFO - __main__ - Start error-fixing .... Done!
11/08/2021 01:54:08 - INFO - __main__ - Overall: 0.9140625 from scores=[0.828125, 1.0]
11/08/2021 01:54:10 - INFO - __main__ - Model saved to experiments/ckpt_dirs/qa/er/QA_oewc_lr=3e-5_ep=10_lbd=250_T=100,b=64,alpha=0.9,beta=0.5,gamma=0.8/model_ckpt_000.pt.
11/08/2021 01:54:10 - INFO - __main__ - Updated result feule: experiments/results/qa/QA_oewc_lr=3e-5_ep=10_lbd=250_T=100,b=64,alpha=0.9,beta=0.5,gamma=0.8_result.json at Timecode: 0.
11/08/2021 01:54:10 - INFO - __main__ - --------------------------------------------------
11/08/2021 01:54:10 - INFO - __main__ - Evaluating to get errors .... Timecode: 1
11/08/2021 01:54:13 - INFO - __main__ - Before Error Fixing: {'EM': 0.78125, 'QA-F1': 0.8189732142857142}
11/08/2021 01:54:13 - INFO - __main__ - Found 14 errors.
11/08/2021 01:54:13 - INFO - __main__ - Start error-fixing .... Timecode: 1
11/08/2021 01:54:20 - INFO - __main__ - Start error-fixing .... Done!
11/08/2021 01:54:21 - INFO - __main__ - Overall: 0.90234375 from scores=[0.8046875, 1.0]
11/08/2021 01:54:21 - INFO - __main__ - --------------------------------------------------
11/08/2021 01:54:21 - INFO - __main__ - Evaluating to get errors .... Timecode: 2
11/08/2021 01:54:24 - INFO - __main__ - Before Error Fixing: {'EM': 0.8125, 'QA-F1': 0.8835985195360195}
11/08/2021 01:54:24 - INFO - __main__ - Found 12 errors.
11/08/2021 01:54:24 - INFO - __main__ - Start error-fixing .... Timecode: 2
11/08/2021 01:54:29 - INFO - __main__ - Start error-fixing .... Done!
11/08/2021 01:54:30 - INFO - __main__ - Overall: 0.9036458333333333 from scores=[0.8072916666666666, 1.0]
11/08/2021 01:54:30 - INFO - __main__ - --------------------------------------------------
11/08/2021 01:54:30 - INFO - __main__ - Evaluating to get errors .... Timecode: 3
11/08/2021 01:54:34 - INFO - __main__ - Before Error Fixing: {'EM': 0.5625, 'QA-F1': 0.6410004058441559}
11/08/2021 01:54:34 - INFO - __main__ - Found 28 errors.
11/08/2021 01:54:34 - INFO - __main__ - Start error-fixing .... Timecode: 3
11/08/2021 01:54:51 - INFO - __main__ - Start error-fixing .... Done!
11/08/2021 01:54:53 - INFO - __main__ - Overall: 0.873046875 from scores=[0.74609375, 1.0]
11/08/2021 01:54:53 - INFO - __main__ - --------------------------------------------------
11/08/2021 01:54:53 - INFO - __main__ - Evaluating to get errors .... Timecode: 4
11/08/2021 01:54:55 - INFO - __main__ - Before Error Fixing: {'EM': 0.6875, 'QA-F1': 0.7626262626262627}
11/08/2021 01:54:55 - INFO - __main__ - Found 20 errors.
11/08/2021 01:54:55 - INFO - __main__ - Start error-fixing .... Timecode: 4
11/08/2021 01:55:05 - INFO - __main__ - Start error-fixing .... Done!
11/08/2021 01:55:06 - INFO - __main__ - Overall: 0.8671875 from scores=[0.734375, 1.0]
11/08/2021 01:55:06 - INFO - __main__ - --------------------------------------------------
11/08/2021 01:55:06 - INFO - __main__ - Evaluating to get errors .... Timecode: 5
11/08/2021 01:55:08 - INFO - __main__ - Before Error Fixing: {'EM': 0.59375, 'QA-F1': 0.6747205466634815}
11/08/2021 01:55:08 - INFO - __main__ - Found 26 errors.
11/08/2021 01:55:08 - INFO - __main__ - Start error-fixing .... Timecode: 5
11/08/2021 01:55:22 - INFO - __main__ - Start error-fixing .... Done!
11/08/2021 01:55:24 - INFO - __main__ - Overall: 0.85546875 from scores=[0.7109375, 1.0]
11/08/2021 01:55:24 - INFO - __main__ - --------------------------------------------------
11/08/2021 01:55:24 - INFO - __main__ - Evaluating to get errors .... Timecode: 6
11/08/2021 01:55:27 - INFO - __main__ - Before Error Fixing: {'EM': 0.53125, 'QA-F1': 0.6616126061438561}
11/08/2021 01:55:27 - INFO - __main__ - Found 30 errors.
11/08/2021 01:55:27 - INFO - __main__ - Start error-fixing .... Timecode: 6
11/08/2021 01:55:41 - INFO - __main__ - Start error-fixing .... Done!
11/08/2021 01:55:43 - INFO - __main__ - Overall: 0.8093005952380953 from scores=[0.6852678571428572, 0.9333333333333333]
11/08/2021 01:55:43 - INFO - __main__ - --------------------------------------------------
11/08/2021 01:55:43 - INFO - __main__ - Evaluating to get errors .... Timecode: 7
11/08/2021 01:55:47 - INFO - __main__ - Before Error Fixing: {'EM': 0.609375, 'QA-F1': 0.6696231989200739}
11/08/2021 01:55:47 - INFO - __main__ - Found 25 errors.
11/08/2021 01:55:47 - INFO - __main__ - Start error-fixing .... Timecode: 7
11/08/2021 01:56:00 - INFO - __main__ - Start error-fixing .... Done!
11/08/2021 01:56:02 - INFO - __main__ - Overall: 0.837890625 from scores=[0.67578125, 1.0]
11/08/2021 01:56:02 - INFO - __main__ - --------------------------------------------------
11/08/2021 01:56:02 - INFO - __main__ - Evaluating to get errors .... Timecode: 8
11/08/2021 01:56:04 - INFO - __main__ - Before Error Fixing: {'EM': 0.546875, 'QA-F1': 0.6070756066849817}
11/08/2021 01:56:04 - INFO - __main__ - Found 29 errors.
11/08/2021 01:56:04 - INFO - __main__ - Start error-fixing .... Timecode: 8
11/08/2021 01:56:20 - INFO - __main__ - Start error-fixing .... Done!
11/08/2021 01:56:21 - INFO - __main__ - Overall: 0.8307291666666666 from scores=[0.6614583333333333, 1.0]
11/08/2021 01:56:21 - INFO - __main__ - --------------------------------------------------
11/08/2021 01:56:21 - INFO - __main__ - Evaluating to get errors .... Timecode: 9
11/08/2021 01:56:26 - INFO - __main__ - Before Error Fixing: {'EM': 0.46875, 'QA-F1': 0.5652911324786325}
11/08/2021 01:56:26 - INFO - __main__ - Found 34 errors.
11/08/2021 01:56:26 - INFO - __main__ - Start error-fixing .... Timecode: 9
11/08/2021 01:56:47 - INFO - __main__ - Start error-fixing .... Done!
11/08/2021 01:56:48 - INFO - __main__ - Overall: 0.8063878676470588 from scores=[0.6421875, 0.9705882352941176]
11/08/2021 01:56:48 - INFO - __main__ - --------------------------------------------------
11/08/2021 01:56:48 - INFO - __main__ - Start eval_knowledge_retention for UKR @ Timecode=10
11/08/2021 01:57:09 - INFO - __main__ - Upstream Knowledge Retation (UKR@10): 0.7891
11/08/2021 01:57:10 - INFO - __main__ - Start eval_knowledge_retention for OKR @ Timecode=10
11/08/2021 01:57:38 - INFO - __main__ - Online Knowledge Retation (OKR@10): 0.9219
11/08/2021 01:57:38 - INFO - __main__ - Start eval_knowledge_generalization for KG @ Timecode=10
11/08/2021 01:58:36 - INFO - __main__ - Future Knowledge Generalization (KG@10): 0.4406
11/08/2021 01:58:36 - INFO - __main__ - Evaluating to get errors .... Timecode: 10
11/08/2021 01:58:40 - INFO - __main__ - Before Error Fixing: {'EM': 0.546875, 'QA-F1': 0.6097222222222222}
11/08/2021 01:58:40 - INFO - __main__ - Found 29 errors.
11/08/2021 01:58:40 - INFO - __main__ - Start error-fixing .... Timecode: 10
11/08/2021 01:58:57 - INFO - __main__ - Start error-fixing .... Done!
11/08/2021 01:58:59 - INFO - __main__ - Overall: 0.7570170454545455 from scores=[0.6335227272727273, 1.0, 0.921875, 0.7890625, 0.440625]
11/08/2021 01:59:00 - INFO - __main__ - Model saved to experiments/ckpt_dirs/qa/er/QA_oewc_lr=3e-5_ep=10_lbd=250_T=100,b=64,alpha=0.9,beta=0.5,gamma=0.8/model_ckpt_010.pt.
11/08/2021 01:59:00 - INFO - __main__ - Updated result feule: experiments/results/qa/QA_oewc_lr=3e-5_ep=10_lbd=250_T=100,b=64,alpha=0.9,beta=0.5,gamma=0.8_result.json at Timecode: 10.
11/08/2021 01:59:00 - INFO - __main__ - --------------------------------------------------
11/08/2021 01:59:00 - INFO - __main__ - Evaluating to get errors .... Timecode: 11
11/08/2021 01:59:04 - INFO - __main__ - Before Error Fixing: {'EM': 0.578125, 'QA-F1': 0.6025545634920635}
11/08/2021 01:59:04 - INFO - __main__ - Found 27 errors.
11/08/2021 01:59:04 - INFO - __main__ - Start error-fixing .... Timecode: 11
11/08/2021 01:59:19 - INFO - __main__ - Start error-fixing .... Done!
11/08/2021 01:59:20 - INFO - __main__ - Overall: 0.7486863425925925 from scores=[0.62890625, 0.9629629629629629, 0.921875, 0.7890625, 0.440625]
11/08/2021 01:59:20 - INFO - __main__ - --------------------------------------------------
11/08/2021 01:59:20 - INFO - __main__ - Evaluating to get errors .... Timecode: 12
11/08/2021 01:59:23 - INFO - __main__ - Before Error Fixing: {'EM': 0.484375, 'QA-F1': 0.5837931166056166}
11/08/2021 01:59:23 - INFO - __main__ - Found 33 errors.
11/08/2021 01:59:23 - INFO - __main__ - Start error-fixing .... Timecode: 12
11/08/2021 01:59:42 - INFO - __main__ - Start error-fixing .... Done!
11/08/2021 01:59:45 - INFO - __main__ - Overall: 0.7417489801864802 from scores=[0.6177884615384616, 0.9393939393939394, 0.921875, 0.7890625, 0.440625]
11/08/2021 01:59:45 - INFO - __main__ - --------------------------------------------------
11/08/2021 01:59:45 - INFO - __main__ - Evaluating to get errors .... Timecode: 13
11/08/2021 01:59:48 - INFO - __main__ - Before Error Fixing: {'EM': 0.53125, 'QA-F1': 0.6005704365079365}
11/08/2021 01:59:49 - INFO - __main__ - Found 30 errors.
11/08/2021 01:59:49 - INFO - __main__ - Start error-fixing .... Timecode: 13
11/08/2021 02:00:05 - INFO - __main__ - Start error-fixing .... Done!
11/08/2021 02:00:07 - INFO - __main__ - Overall: 0.7459672619047619 from scores=[0.6116071428571428, 0.9666666666666667, 0.921875, 0.7890625, 0.440625]
11/08/2021 02:00:07 - INFO - __main__ - --------------------------------------------------
11/08/2021 02:00:07 - INFO - __main__ - Evaluating to get errors .... Timecode: 14
11/08/2021 02:00:10 - INFO - __main__ - Before Error Fixing: {'EM': 0.546875, 'QA-F1': 0.6434292110484545}
11/08/2021 02:00:10 - INFO - __main__ - Found 29 errors.
11/08/2021 02:00:10 - INFO - __main__ - Start error-fixing .... Timecode: 14
11/08/2021 02:00:24 - INFO - __main__ - Start error-fixing .... Done!
11/08/2021 02:00:26 - INFO - __main__ - Overall: 0.7517708333333333 from scores=[0.6072916666666667, 1.0, 0.921875, 0.7890625, 0.440625]
11/08/2021 02:00:26 - INFO - __main__ - --------------------------------------------------
11/08/2021 02:00:26 - INFO - __main__ - Evaluating to get errors .... Timecode: 15
11/08/2021 02:00:30 - INFO - __main__ - Before Error Fixing: {'EM': 0.453125, 'QA-F1': 0.5808779761904762}
11/08/2021 02:00:30 - INFO - __main__ - Found 35 errors.
11/08/2021 02:00:30 - INFO - __main__ - Start error-fixing .... Timecode: 15
11/08/2021 02:00:49 - INFO - __main__ - Start error-fixing .... Done!
11/08/2021 02:00:51 - INFO - __main__ - Overall: 0.7498437499999999 from scores=[0.59765625, 1.0, 0.921875, 0.7890625, 0.440625]
11/08/2021 02:00:51 - INFO - __main__ - --------------------------------------------------
11/08/2021 02:00:51 - INFO - __main__ - Evaluating to get errors .... Timecode: 16
11/08/2021 02:00:55 - INFO - __main__ - Before Error Fixing: {'EM': 0.53125, 'QA-F1': 0.6007417062104562}
11/08/2021 02:00:55 - INFO - __main__ - Found 30 errors.
11/08/2021 02:00:55 - INFO - __main__ - Start error-fixing .... Timecode: 16
11/08/2021 02:01:12 - INFO - __main__ - Start error-fixing .... Done!
11/08/2021 02:01:14 - INFO - __main__ - Overall: 0.7490625 from scores=[0.59375, 1.0, 0.921875, 0.7890625, 0.440625]
11/08/2021 02:01:14 - INFO - __main__ - --------------------------------------------------
11/08/2021 02:01:14 - INFO - __main__ - Evaluating to get errors .... Timecode: 17
11/08/2021 02:01:18 - INFO - __main__ - Before Error Fixing: {'EM': 0.453125, 'QA-F1': 0.5242815461565462}
11/08/2021 02:01:18 - INFO - __main__ - Found 35 errors.
11/08/2021 02:01:18 - INFO - __main__ - Start error-fixing .... Timecode: 17
11/08/2021 02:01:39 - INFO - __main__ - Start error-fixing .... Done!
11/08/2021 02:01:42 - INFO - __main__ - Overall: 0.7474999999999999 from scores=[0.5859375, 1.0, 0.921875, 0.7890625, 0.440625]
11/08/2021 02:01:42 - INFO - __main__ - --------------------------------------------------
11/08/2021 02:01:42 - INFO - __main__ - Evaluating to get errors .... Timecode: 18
11/08/2021 02:01:46 - INFO - __main__ - Before Error Fixing: {'EM': 0.453125, 'QA-F1': 0.5954665279573368}
11/08/2021 02:01:46 - INFO - __main__ - Found 35 errors.
11/08/2021 02:01:46 - INFO - __main__ - Start error-fixing .... Timecode: 18
11/08/2021 02:02:07 - INFO - __main__ - Start error-fixing .... Done!
11/08/2021 02:02:09 - INFO - __main__ - Overall: 0.7461019736842105 from scores=[0.5789473684210527, 1.0, 0.921875, 0.7890625, 0.440625]
11/08/2021 02:02:09 - INFO - __main__ - --------------------------------------------------
11/08/2021 02:02:09 - INFO - __main__ - Evaluating to get errors .... Timecode: 19
11/08/2021 02:02:13 - INFO - __main__ - Before Error Fixing: {'EM': 0.46875, 'QA-F1': 0.6350051857864358}
11/08/2021 02:02:13 - INFO - __main__ - Found 34 errors.
11/08/2021 02:02:13 - INFO - __main__ - Start error-fixing .... Timecode: 19
11/08/2021 02:02:35 - INFO - __main__ - Start error-fixing .... Done!
11/08/2021 02:02:37 - INFO - __main__ - Overall: 0.7391176470588234 from scores=[0.5734375, 0.9705882352941176, 0.921875, 0.7890625, 0.440625]
11/08/2021 02:02:37 - INFO - __main__ - --------------------------------------------------
11/08/2021 02:02:37 - INFO - __main__ - Start eval_knowledge_retention for UKR @ Timecode=20
11/08/2021 02:03:03 - INFO - __main__ - Upstream Knowledge Retation (UKR@20): 0.7246
11/08/2021 02:03:04 - INFO - __main__ - Start eval_knowledge_retention for OKR @ Timecode=20
11/08/2021 02:03:41 - INFO - __main__ - Online Knowledge Retation (OKR@20): 0.8438
11/08/2021 02:03:41 - INFO - __main__ - Start eval_knowledge_generalization for KG @ Timecode=20
11/08/2021 02:04:53 - INFO - __main__ - Future Knowledge Generalization (KG@20): 0.4727
11/08/2021 02:04:53 - INFO - __main__ - Evaluating to get errors .... Timecode: 20
11/08/2021 02:04:56 - INFO - __main__ - Before Error Fixing: {'EM': 0.546875, 'QA-F1': 0.6540364583333333}
11/08/2021 02:04:56 - INFO - __main__ - Found 29 errors.
11/08/2021 02:04:56 - INFO - __main__ - Start error-fixing .... Timecode: 20
11/08/2021 02:05:14 - INFO - __main__ - Start error-fixing .... Done!
11/08/2021 02:05:15 - INFO - __main__ - Overall: 0.7226376488095239 from scores=[0.5721726190476191, 1.0, 0.84375, 0.724609375, 0.47265625]
11/08/2021 02:05:17 - INFO - __main__ - Model saved to experiments/ckpt_dirs/qa/er/QA_oewc_lr=3e-5_ep=10_lbd=250_T=100,b=64,alpha=0.9,beta=0.5,gamma=0.8/model_ckpt_020.pt.
11/08/2021 02:05:17 - INFO - __main__ - Updated result feule: experiments/results/qa/QA_oewc_lr=3e-5_ep=10_lbd=250_T=100,b=64,alpha=0.9,beta=0.5,gamma=0.8_result.json at Timecode: 20.
11/08/2021 02:05:17 - INFO - __main__ - --------------------------------------------------
11/08/2021 02:05:17 - INFO - __main__ - Evaluating to get errors .... Timecode: 21
11/08/2021 02:05:21 - INFO - __main__ - Before Error Fixing: {'EM': 0.546875, 'QA-F1': 0.6526762796886636}
11/08/2021 02:05:21 - INFO - __main__ - Found 29 errors.
11/08/2021 02:05:21 - INFO - __main__ - Start error-fixing .... Timecode: 21
11/08/2021 02:05:36 - INFO - __main__ - Start error-fixing .... Done!
11/08/2021 02:05:39 - INFO - __main__ - Overall: 0.7017180152821316 from scores=[0.5710227272727273, 0.896551724137931, 0.84375, 0.724609375, 0.47265625]
11/08/2021 02:05:39 - INFO - __main__ - --------------------------------------------------
11/08/2021 02:05:39 - INFO - __main__ - Evaluating to get errors .... Timecode: 22
11/08/2021 02:05:43 - INFO - __main__ - Before Error Fixing: {'EM': 0.484375, 'QA-F1': 0.6297712584757863}
11/08/2021 02:05:43 - INFO - __main__ - Found 33 errors.
11/08/2021 02:05:43 - INFO - __main__ - Start error-fixing .... Timecode: 22
11/08/2021 02:06:00 - INFO - __main__ - Start error-fixing .... Done!
11/08/2021 02:06:03 - INFO - __main__ - Overall: 0.7095329998353096 from scores=[0.5672554347826086, 0.9393939393939394, 0.84375, 0.724609375, 0.47265625]
11/08/2021 02:06:03 - INFO - __main__ - --------------------------------------------------
11/08/2021 02:06:03 - INFO - __main__ - Evaluating to get errors .... Timecode: 23
11/08/2021 02:06:06 - INFO - __main__ - Before Error Fixing: {'EM': 0.53125, 'QA-F1': 0.6348379629629629}
11/08/2021 02:06:06 - INFO - __main__ - Found 30 errors.
11/08/2021 02:06:06 - INFO - __main__ - Start error-fixing .... Timecode: 23
11/08/2021 02:06:24 - INFO - __main__ - Start error-fixing .... Done!
11/08/2021 02:06:27 - INFO - __main__ - Overall: 0.7146874999999999 from scores=[0.5657552083333333, 0.9666666666666667, 0.84375, 0.724609375, 0.47265625]
11/08/2021 02:06:27 - INFO - __main__ - --------------------------------------------------
11/08/2021 02:06:27 - INFO - __main__ - Evaluating to get errors .... Timecode: 24
11/08/2021 02:06:30 - INFO - __main__ - Before Error Fixing: {'EM': 0.46875, 'QA-F1': 0.5462239583333333}
11/08/2021 02:06:30 - INFO - __main__ - Found 34 errors.
11/08/2021 02:06:31 - INFO - __main__ - Start error-fixing .... Timecode: 24
11/08/2021 02:06:52 - INFO - __main__ - Start error-fixing .... Done!
11/08/2021 02:06:54 - INFO - __main__ - Overall: 0.7205781250000001 from scores=[0.561875, 1.0, 0.84375, 0.724609375, 0.47265625]
11/08/2021 02:06:54 - INFO - __main__ - --------------------------------------------------
11/08/2021 02:06:54 - INFO - __main__ - Evaluating to get errors .... Timecode: 25
11/08/2021 02:06:58 - INFO - __main__ - Before Error Fixing: {'EM': 0.515625, 'QA-F1': 0.603497414044289}
11/08/2021 02:06:58 - INFO - __main__ - Found 31 errors.
11/08/2021 02:06:58 - INFO - __main__ - Start error-fixing .... Timecode: 25
11/08/2021 02:07:16 - INFO - __main__ - Start error-fixing .... Done!
11/08/2021 02:07:18 - INFO - __main__ - Overall: 0.7202223557692308 from scores=[0.5600961538461539, 1.0, 0.84375, 0.724609375, 0.47265625]
11/08/2021 02:07:18 - INFO - __main__ - --------------------------------------------------
11/08/2021 02:07:18 - INFO - __main__ - Evaluating to get errors .... Timecode: 26
11/08/2021 02:07:21 - INFO - __main__ - Before Error Fixing: {'EM': 0.609375, 'QA-F1': 0.6319010416666666}
11/08/2021 02:07:21 - INFO - __main__ - Found 25 errors.
11/08/2021 02:07:21 - INFO - __main__ - Start error-fixing .... Timecode: 26
11/08/2021 02:07:37 - INFO - __main__ - Start error-fixing .... Done!
11/08/2021 02:07:38 - INFO - __main__ - Overall: 0.7045873842592593 from scores=[0.5619212962962963, 0.92, 0.84375, 0.724609375, 0.47265625]
11/08/2021 02:07:38 - INFO - __main__ - --------------------------------------------------
11/08/2021 02:07:38 - INFO - __main__ - Evaluating to get errors .... Timecode: 27
11/08/2021 02:07:43 - INFO - __main__ - Before Error Fixing: {'EM': 0.390625, 'QA-F1': 0.4956215659340659}
11/08/2021 02:07:43 - INFO - __main__ - Found 39 errors.
11/08/2021 02:07:43 - INFO - __main__ - Start error-fixing .... Timecode: 27
11/08/2021 02:08:05 - INFO - __main__ - Start error-fixing .... Done!
11/08/2021 02:08:08 - INFO - __main__ - Overall: 0.7142356341575091 from scores=[0.5558035714285714, 0.9743589743589743, 0.84375, 0.724609375, 0.47265625]
11/08/2021 02:08:08 - INFO - __main__ - --------------------------------------------------
11/08/2021 02:08:08 - INFO - __main__ - Evaluating to get errors .... Timecode: 28
11/08/2021 02:08:11 - INFO - __main__ - Before Error Fixing: {'EM': 0.453125, 'QA-F1': 0.5553644374416433}
11/08/2021 02:08:11 - INFO - __main__ - Found 35 errors.
11/08/2021 02:08:11 - INFO - __main__ - Start error-fixing .... Timecode: 28
11/08/2021 02:08:31 - INFO - __main__ - Start error-fixing .... Done!
11/08/2021 02:08:33 - INFO - __main__ - Overall: 0.7072271397783252 from scores=[0.5522629310344828, 0.9428571428571428, 0.84375, 0.724609375, 0.47265625]
11/08/2021 02:08:33 - INFO - __main__ - --------------------------------------------------
11/08/2021 02:08:33 - INFO - __main__ - Evaluating to get errors .... Timecode: 29
11/08/2021 02:08:37 - INFO - __main__ - Before Error Fixing: {'EM': 0.53125, 'QA-F1': 0.6865306518078695}
11/08/2021 02:08:37 - INFO - __main__ - Found 30 errors.
11/08/2021 02:08:37 - INFO - __main__ - Start error-fixing .... Timecode: 29
11/08/2021 02:08:54 - INFO - __main__ - Start error-fixing .... Done!
11/08/2021 02:08:56 - INFO - __main__ - Overall: 0.7118489583333333 from scores=[0.5515625, 0.9666666666666667, 0.84375, 0.724609375, 0.47265625]
11/08/2021 02:08:56 - INFO - __main__ - --------------------------------------------------
11/08/2021 02:08:56 - INFO - __main__ - Start eval_knowledge_retention for UKR @ Timecode=30
11/08/2021 02:09:25 - INFO - __main__ - Upstream Knowledge Retation (UKR@30): 0.7012
11/08/2021 02:09:26 - INFO - __main__ - Start eval_knowledge_retention for OKR @ Timecode=30
11/08/2021 02:10:04 - INFO - __main__ - Online Knowledge Retation (OKR@30): 0.7871
11/08/2021 02:10:04 - INFO - __main__ - Start eval_knowledge_generalization for KG @ Timecode=30
11/08/2021 02:11:19 - INFO - __main__ - Future Knowledge Generalization (KG@30): 0.4297
11/08/2021 02:11:19 - INFO - __main__ - Evaluating to get errors .... Timecode: 30
11/08/2021 02:11:22 - INFO - __main__ - Before Error Fixing: {'EM': 0.4375, 'QA-F1': 0.5557539682539683}
11/08/2021 02:11:22 - INFO - __main__ - Found 36 errors.
11/08/2021 02:11:23 - INFO - __main__ - Start error-fixing .... Timecode: 30
11/08/2021 02:11:44 - INFO - __main__ - Start error-fixing .... Done!
11/08/2021 02:11:45 - INFO - __main__ - Overall: 0.6931703629032258 from scores=[0.547883064516129, 1.0, 0.787109375, 0.701171875, 0.4296875]
11/08/2021 02:11:47 - INFO - __main__ - Model saved to experiments/ckpt_dirs/qa/er/QA_oewc_lr=3e-5_ep=10_lbd=250_T=100,b=64,alpha=0.9,beta=0.5,gamma=0.8/model_ckpt_030.pt.
11/08/2021 02:11:47 - INFO - __main__ - Updated result feule: experiments/results/qa/QA_oewc_lr=3e-5_ep=10_lbd=250_T=100,b=64,alpha=0.9,beta=0.5,gamma=0.8_result.json at Timecode: 30.
11/08/2021 02:11:47 - INFO - __main__ - --------------------------------------------------
11/08/2021 02:11:47 - INFO - __main__ - Evaluating to get errors .... Timecode: 31
11/08/2021 02:11:51 - INFO - __main__ - Before Error Fixing: {'EM': 0.5, 'QA-F1': 0.6478990754955829}
11/08/2021 02:11:51 - INFO - __main__ - Found 32 errors.
11/08/2021 02:11:51 - INFO - __main__ - Start error-fixing .... Timecode: 31
11/08/2021 02:12:06 - INFO - __main__ - Start error-fixing .... Done!
11/08/2021 02:12:09 - INFO - __main__ - Overall: 0.66162109375 from scores=[0.54638671875, 0.84375, 0.787109375, 0.701171875, 0.4296875]
11/08/2021 02:12:09 - INFO - __main__ - --------------------------------------------------
11/08/2021 02:12:09 - INFO - __main__ - Evaluating to get errors .... Timecode: 32
11/08/2021 02:12:12 - INFO - __main__ - Before Error Fixing: {'EM': 0.578125, 'QA-F1': 0.6475892380189255}
11/08/2021 02:12:12 - INFO - __main__ - Found 27 errors.
11/08/2021 02:12:12 - INFO - __main__ - Start error-fixing .... Timecode: 32
11/08/2021 02:12:28 - INFO - __main__ - Start error-fixing .... Done!
11/08/2021 02:12:29 - INFO - __main__ - Overall: 0.6856560395622895 from scores=[0.5473484848484849, 0.9629629629629629, 0.787109375, 0.701171875, 0.4296875]
11/08/2021 02:12:29 - INFO - __main__ - --------------------------------------------------
11/08/2021 02:12:29 - INFO - __main__ - Evaluating to get errors .... Timecode: 33
11/08/2021 02:12:32 - INFO - __main__ - Before Error Fixing: {'EM': 0.609375, 'QA-F1': 0.7585858585858586}
11/08/2021 02:12:32 - INFO - __main__ - Found 25 errors.
11/08/2021 02:12:33 - INFO - __main__ - Start error-fixing .... Timecode: 33
11/08/2021 02:12:48 - INFO - __main__ - Start error-fixing .... Done!
11/08/2021 02:12:49 - INFO - __main__ - Overall: 0.6854283088235295 from scores=[0.5491727941176471, 0.96, 0.787109375, 0.701171875, 0.4296875]
11/08/2021 02:12:49 - INFO - __main__ - --------------------------------------------------
11/08/2021 02:12:49 - INFO - __main__ - Evaluating to get errors .... Timecode: 34
11/08/2021 02:12:53 - INFO - __main__ - Before Error Fixing: {'EM': 0.640625, 'QA-F1': 0.7356845238095238}
11/08/2021 02:12:53 - INFO - __main__ - Found 23 errors.
11/08/2021 02:12:53 - INFO - __main__ - Start error-fixing .... Timecode: 34
11/08/2021 02:13:06 - INFO - __main__ - Start error-fixing .... Done!
11/08/2021 02:13:07 - INFO - __main__ - Overall: 0.6939508928571428 from scores=[0.5517857142857143, 1.0, 0.787109375, 0.701171875, 0.4296875]
11/08/2021 02:13:07 - INFO - __main__ - --------------------------------------------------
11/08/2021 02:13:07 - INFO - __main__ - Evaluating to get errors .... Timecode: 35
11/08/2021 02:13:11 - INFO - __main__ - Before Error Fixing: {'EM': 0.46875, 'QA-F1': 0.5377570346320346}
11/08/2021 02:13:11 - INFO - __main__ - Found 34 errors.
11/08/2021 02:13:11 - INFO - __main__ - Start error-fixing .... Timecode: 35
11/08/2021 02:13:31 - INFO - __main__ - Start error-fixing .... Done!
11/08/2021 02:13:33 - INFO - __main__ - Overall: 0.6876072303921569 from scores=[0.5494791666666667, 0.9705882352941176, 0.787109375, 0.701171875, 0.4296875]
11/08/2021 02:13:33 - INFO - __main__ - --------------------------------------------------
11/08/2021 02:13:33 - INFO - __main__ - Evaluating to get errors .... Timecode: 36
11/08/2021 02:13:38 - INFO - __main__ - Before Error Fixing: {'EM': 0.53125, 'QA-F1': 0.6179915659640702}
11/08/2021 02:13:38 - INFO - __main__ - Found 30 errors.
11/08/2021 02:13:38 - INFO - __main__ - Start error-fixing .... Timecode: 36
11/08/2021 02:13:55 - INFO - __main__ - Start error-fixing .... Done!
11/08/2021 02:13:57 - INFO - __main__ - Overall: 0.6933910472972973 from scores=[0.5489864864864865, 1.0, 0.787109375, 0.701171875, 0.4296875]
11/08/2021 02:13:57 - INFO - __main__ - --------------------------------------------------
11/08/2021 02:13:57 - INFO - __main__ - Evaluating to get errors .... Timecode: 37
11/08/2021 02:14:01 - INFO - __main__ - Before Error Fixing: {'EM': 0.4375, 'QA-F1': 0.5695571738310707}
11/08/2021 02:14:01 - INFO - __main__ - Found 36 errors.
11/08/2021 02:14:02 - INFO - __main__ - Start error-fixing .... Timecode: 37
11/08/2021 02:14:23 - INFO - __main__ - Start error-fixing .... Done!
11/08/2021 02:14:25 - INFO - __main__ - Overall: 0.6928042763157894 from scores=[0.5460526315789473, 1.0, 0.787109375, 0.701171875, 0.4296875]
11/08/2021 02:14:25 - INFO - __main__ - --------------------------------------------------
11/08/2021 02:14:25 - INFO - __main__ - Evaluating to get errors .... Timecode: 38
11/08/2021 02:14:28 - INFO - __main__ - Before Error Fixing: {'EM': 0.4375, 'QA-F1': 0.5667410714285714}
11/08/2021 02:14:28 - INFO - __main__ - Found 36 errors.
11/08/2021 02:14:28 - INFO - __main__ - Start error-fixing .... Timecode: 38
11/08/2021 02:14:50 - INFO - __main__ - Start error-fixing .... Done!
11/08/2021 02:14:52 - INFO - __main__ - Overall: 0.6922475961538461 from scores=[0.5432692307692308, 1.0, 0.787109375, 0.701171875, 0.4296875]
11/08/2021 02:14:52 - INFO - __main__ - --------------------------------------------------
11/08/2021 02:14:52 - INFO - __main__ - Evaluating to get errors .... Timecode: 39
11/08/2021 02:14:55 - INFO - __main__ - Before Error Fixing: {'EM': 0.453125, 'QA-F1': 0.4939732142857143}
11/08/2021 02:14:55 - INFO - __main__ - Found 35 errors.
11/08/2021 02:14:56 - INFO - __main__ - Start error-fixing .... Timecode: 39
11/08/2021 02:15:17 - INFO - __main__ - Start error-fixing .... Done!
11/08/2021 02:15:19 - INFO - __main__ - Overall: 0.691796875 from scores=[0.541015625, 1.0, 0.787109375, 0.701171875, 0.4296875]
11/08/2021 02:15:19 - INFO - __main__ - --------------------------------------------------
11/08/2021 02:15:19 - INFO - __main__ - Start eval_knowledge_retention for UKR @ Timecode=40
11/08/2021 02:15:43 - INFO - __main__ - Upstream Knowledge Retation (UKR@40): 0.7285
11/08/2021 02:15:44 - INFO - __main__ - Start eval_knowledge_retention for OKR @ Timecode=40
11/08/2021 02:16:17 - INFO - __main__ - Online Knowledge Retation (OKR@40): 0.8516
11/08/2021 02:16:17 - INFO - __main__ - Start eval_knowledge_generalization for KG @ Timecode=40
11/08/2021 02:17:20 - INFO - __main__ - Future Knowledge Generalization (KG@40): 0.4469
11/08/2021 02:17:20 - INFO - __main__ - Evaluating to get errors .... Timecode: 40
11/08/2021 02:17:24 - INFO - __main__ - Before Error Fixing: {'EM': 0.4375, 'QA-F1': 0.5083333333333333}
11/08/2021 02:17:24 - INFO - __main__ - Found 36 errors.
11/08/2021 02:17:24 - INFO - __main__ - Start error-fixing .... Timecode: 40
11/08/2021 02:17:46 - INFO - __main__ - Start error-fixing .... Done!
11/08/2021 02:17:48 - INFO - __main__ - Overall: 0.7130887957317074 from scores=[0.5384908536585367, 1.0, 0.8515625, 0.728515625, 0.446875]
11/08/2021 02:17:50 - INFO - __main__ - Model saved to experiments/ckpt_dirs/qa/er/QA_oewc_lr=3e-5_ep=10_lbd=250_T=100,b=64,alpha=0.9,beta=0.5,gamma=0.8/model_ckpt_040.pt.
11/08/2021 02:17:50 - INFO - __main__ - Updated result feule: experiments/results/qa/QA_oewc_lr=3e-5_ep=10_lbd=250_T=100,b=64,alpha=0.9,beta=0.5,gamma=0.8_result.json at Timecode: 40.
11/08/2021 02:17:50 - INFO - __main__ - --------------------------------------------------
11/08/2021 02:17:50 - INFO - __main__ - Evaluating to get errors .... Timecode: 41
11/08/2021 02:17:54 - INFO - __main__ - Before Error Fixing: {'EM': 0.453125, 'QA-F1': 0.5171750992063492}
11/08/2021 02:17:54 - INFO - __main__ - Found 35 errors.
11/08/2021 02:17:55 - INFO - __main__ - Start error-fixing .... Timecode: 41
11/08/2021 02:18:16 - INFO - __main__ - Start error-fixing .... Done!
11/08/2021 02:18:18 - INFO - __main__ - Overall: 0.7126822916666666 from scores=[0.5364583333333333, 1.0, 0.8515625, 0.728515625, 0.446875]
11/08/2021 02:18:18 - INFO - __main__ - --------------------------------------------------
11/08/2021 02:18:18 - INFO - __main__ - Evaluating to get errors .... Timecode: 42
11/08/2021 02:18:23 - INFO - __main__ - Before Error Fixing: {'EM': 0.46875, 'QA-F1': 0.5611483134920634}
11/08/2021 02:18:23 - INFO - __main__ - Found 34 errors.
11/08/2021 02:18:23 - INFO - __main__ - Start error-fixing .... Timecode: 42
11/08/2021 02:18:44 - INFO - __main__ - Start error-fixing .... Done!
11/08/2021 02:18:46 - INFO - __main__ - Overall: 0.7123673691860465 from scores=[0.5348837209302326, 1.0, 0.8515625, 0.728515625, 0.446875]
11/08/2021 02:18:46 - INFO - __main__ - --------------------------------------------------
11/08/2021 02:18:46 - INFO - __main__ - Evaluating to get errors .... Timecode: 43
11/08/2021 02:18:51 - INFO - __main__ - Before Error Fixing: {'EM': 0.515625, 'QA-F1': 0.6168306474227527}
11/08/2021 02:18:51 - INFO - __main__ - Found 31 errors.
11/08/2021 02:18:51 - INFO - __main__ - Start error-fixing .... Timecode: 43
11/08/2021 02:19:09 - INFO - __main__ - Start error-fixing .... Done!
11/08/2021 02:19:11 - INFO - __main__ - Overall: 0.7122798295454544 from scores=[0.5344460227272727, 1.0, 0.8515625, 0.728515625, 0.446875]
11/08/2021 02:19:11 - INFO - __main__ - --------------------------------------------------
11/08/2021 02:19:11 - INFO - __main__ - Evaluating to get errors .... Timecode: 44
11/08/2021 02:19:14 - INFO - __main__ - Before Error Fixing: {'EM': 0.546875, 'QA-F1': 0.6392809230699856}
11/08/2021 02:19:14 - INFO - __main__ - Found 29 errors.
11/08/2021 02:19:14 - INFO - __main__ - Start error-fixing .... Timecode: 44
11/08/2021 02:19:29 - INFO - __main__ - Start error-fixing .... Done!
11/08/2021 02:19:31 - INFO - __main__ - Overall: 0.7054385177203065 from scores=[0.5347222222222222, 0.9655172413793104, 0.8515625, 0.728515625, 0.446875]
11/08/2021 02:19:31 - INFO - __main__ - --------------------------------------------------
11/08/2021 02:19:31 - INFO - __main__ - Evaluating to get errors .... Timecode: 45
11/08/2021 02:19:35 - INFO - __main__ - Before Error Fixing: {'EM': 0.453125, 'QA-F1': 0.5676631304403482}
11/08/2021 02:19:35 - INFO - __main__ - Found 35 errors.
11/08/2021 02:19:35 - INFO - __main__ - Start error-fixing .... Timecode: 45
11/08/2021 02:19:55 - INFO - __main__ - Start error-fixing .... Done!
11/08/2021 02:19:57 - INFO - __main__ - Overall: 0.7062660131987577 from scores=[0.5329483695652174, 0.9714285714285714, 0.8515625, 0.728515625, 0.446875]
11/08/2021 02:19:57 - INFO - __main__ - --------------------------------------------------
11/08/2021 02:19:57 - INFO - __main__ - Evaluating to get errors .... Timecode: 46
11/08/2021 02:20:01 - INFO - __main__ - Before Error Fixing: {'EM': 0.53125, 'QA-F1': 0.6240993739388794}
11/08/2021 02:20:01 - INFO - __main__ - Found 30 errors.
11/08/2021 02:20:01 - INFO - __main__ - Start error-fixing .... Timecode: 46
11/08/2021 02:20:18 - INFO - __main__ - Start error-fixing .... Done!
11/08/2021 02:20:20 - INFO - __main__ - Overall: 0.6986397384751772 from scores=[0.5329122340425532, 0.9333333333333333, 0.8515625, 0.728515625, 0.446875]
11/08/2021 02:20:20 - INFO - __main__ - --------------------------------------------------
11/08/2021 02:20:20 - INFO - __main__ - Evaluating to get errors .... Timecode: 47
11/08/2021 02:20:24 - INFO - __main__ - Before Error Fixing: {'EM': 0.375, 'QA-F1': 0.4951901095583161}
11/08/2021 02:20:24 - INFO - __main__ - Found 40 errors.
11/08/2021 02:20:24 - INFO - __main__ - Start error-fixing .... Timecode: 47
11/08/2021 02:20:45 - INFO - __main__ - Start error-fixing .... Done!
11/08/2021 02:20:48 - INFO - __main__ - Overall: 0.7113151041666665 from scores=[0.5296223958333333, 1.0, 0.8515625, 0.728515625, 0.446875]
11/08/2021 02:20:48 - INFO - __main__ - --------------------------------------------------
11/08/2021 02:20:48 - INFO - __main__ - Evaluating to get errors .... Timecode: 48
11/08/2021 02:20:52 - INFO - __main__ - Before Error Fixing: {'EM': 0.46875, 'QA-F1': 0.5644995508718335}
11/08/2021 02:20:52 - INFO - __main__ - Found 34 errors.
11/08/2021 02:20:52 - INFO - __main__ - Start error-fixing .... Timecode: 48
11/08/2021 02:21:13 - INFO - __main__ - Start error-fixing .... Done!
11/08/2021 02:21:16 - INFO - __main__ - Overall: 0.7051842924669868 from scores=[0.5283801020408163, 0.9705882352941176, 0.8515625, 0.728515625, 0.446875]
11/08/2021 02:21:16 - INFO - __main__ - --------------------------------------------------
11/08/2021 02:21:16 - INFO - __main__ - Evaluating to get errors .... Timecode: 49
11/08/2021 02:21:20 - INFO - __main__ - Before Error Fixing: {'EM': 0.421875, 'QA-F1': 0.5132998511904762}
11/08/2021 02:21:20 - INFO - __main__ - Found 37 errors.
11/08/2021 02:21:20 - INFO - __main__ - Start error-fixing .... Timecode: 49
11/08/2021 02:21:42 - INFO - __main__ - Start error-fixing .... Done!
11/08/2021 02:21:44 - INFO - __main__ - Overall: 0.6944244087837838 from scores=[0.52625, 0.918918918918919, 0.8515625, 0.728515625, 0.446875]
11/08/2021 02:21:44 - INFO - __main__ - --------------------------------------------------
11/08/2021 02:21:44 - INFO - __main__ - Start eval_knowledge_retention for UKR @ Timecode=50
11/08/2021 02:22:07 - INFO - __main__ - Upstream Knowledge Retation (UKR@50): 0.6621
11/08/2021 02:22:08 - INFO - __main__ - Start eval_knowledge_retention for OKR @ Timecode=50
11/08/2021 02:22:42 - INFO - __main__ - Online Knowledge Retation (OKR@50): 0.8223
11/08/2021 02:22:42 - INFO - __main__ - Start eval_knowledge_generalization for KG @ Timecode=50
11/08/2021 02:23:43 - INFO - __main__ - Future Knowledge Generalization (KG@50): 0.4148
11/08/2021 02:23:43 - INFO - __main__ - Evaluating to get errors .... Timecode: 50
11/08/2021 02:23:46 - INFO - __main__ - Before Error Fixing: {'EM': 0.5, 'QA-F1': 0.5479166666666666}
11/08/2021 02:23:46 - INFO - __main__ - Found 32 errors.
11/08/2021 02:23:46 - INFO - __main__ - Start error-fixing .... Timecode: 50
11/08/2021 02:24:05 - INFO - __main__ - Start error-fixing .... Done!
11/08/2021 02:24:06 - INFO - __main__ - Overall: 0.6787408088235295 from scores=[0.5257352941176471, 0.96875, 0.822265625, 0.662109375, 0.41484375]
11/08/2021 02:24:08 - INFO - __main__ - Model saved to experiments/ckpt_dirs/qa/er/QA_oewc_lr=3e-5_ep=10_lbd=250_T=100,b=64,alpha=0.9,beta=0.5,gamma=0.8/model_ckpt_050.pt.
11/08/2021 02:24:08 - INFO - __main__ - Updated result feule: experiments/results/qa/QA_oewc_lr=3e-5_ep=10_lbd=250_T=100,b=64,alpha=0.9,beta=0.5,gamma=0.8_result.json at Timecode: 50.
11/08/2021 02:24:08 - INFO - __main__ - --------------------------------------------------
11/08/2021 02:24:08 - INFO - __main__ - Evaluating to get errors .... Timecode: 51
11/08/2021 02:24:11 - INFO - __main__ - Before Error Fixing: {'EM': 0.421875, 'QA-F1': 0.48005952380952377}
11/08/2021 02:24:11 - INFO - __main__ - Found 37 errors.
11/08/2021 02:24:11 - INFO - __main__ - Start error-fixing .... Timecode: 51
11/08/2021 02:24:33 - INFO - __main__ - Start error-fixing .... Done!
11/08/2021 02:24:35 - INFO - __main__ - Overall: 0.6845913461538462 from scores=[0.5237379807692308, 1.0, 0.822265625, 0.662109375, 0.41484375]
11/08/2021 02:24:35 - INFO - __main__ - --------------------------------------------------
11/08/2021 02:24:35 - INFO - __main__ - Evaluating to get errors .... Timecode: 52
11/08/2021 02:24:38 - INFO - __main__ - Before Error Fixing: {'EM': 0.640625, 'QA-F1': 0.6974923513986013}
11/08/2021 02:24:38 - INFO - __main__ - Found 23 errors.
11/08/2021 02:24:38 - INFO - __main__ - Start error-fixing .... Timecode: 52
11/08/2021 02:24:50 - INFO - __main__ - Start error-fixing .... Done!
11/08/2021 02:24:52 - INFO - __main__ - Overall: 0.6850324292452831 from scores=[0.5259433962264151, 1.0, 0.822265625, 0.662109375, 0.41484375]
11/08/2021 02:24:52 - INFO - __main__ - --------------------------------------------------
11/08/2021 02:24:52 - INFO - __main__ - Evaluating to get errors .... Timecode: 53
11/08/2021 02:24:55 - INFO - __main__ - Before Error Fixing: {'EM': 0.421875, 'QA-F1': 0.561578438922189}
11/08/2021 02:24:55 - INFO - __main__ - Found 37 errors.
11/08/2021 02:24:55 - INFO - __main__ - Start error-fixing .... Timecode: 53
11/08/2021 02:25:15 - INFO - __main__ - Start error-fixing .... Done!
11/08/2021 02:25:17 - INFO - __main__ - Overall: 0.6792415853353354 from scores=[0.5240162037037037, 0.972972972972973, 0.822265625, 0.662109375, 0.41484375]
11/08/2021 02:25:17 - INFO - __main__ - --------------------------------------------------
11/08/2021 02:25:17 - INFO - __main__ - Evaluating to get errors .... Timecode: 54
11/08/2021 02:25:21 - INFO - __main__ - Before Error Fixing: {'EM': 0.578125, 'QA-F1': 0.6819359603528344}
11/08/2021 02:25:21 - INFO - __main__ - Found 27 errors.
11/08/2021 02:25:21 - INFO - __main__ - Start error-fixing .... Timecode: 54
11/08/2021 02:25:36 - INFO - __main__ - Start error-fixing .... Done!
11/08/2021 02:25:39 - INFO - __main__ - Overall: 0.6552141203703704 from scores=[0.525, 0.8518518518518519, 0.822265625, 0.662109375, 0.41484375]
11/08/2021 02:25:39 - INFO - __main__ - --------------------------------------------------
11/08/2021 02:25:39 - INFO - __main__ - Evaluating to get errors .... Timecode: 55
11/08/2021 02:25:42 - INFO - __main__ - Before Error Fixing: {'EM': 0.5625, 'QA-F1': 0.67505523989899}
11/08/2021 02:25:42 - INFO - __main__ - Found 28 errors.
11/08/2021 02:25:42 - INFO - __main__ - Start error-fixing .... Timecode: 55
11/08/2021 02:25:57 - INFO - __main__ - Start error-fixing .... Done!
11/08/2021 02:25:59 - INFO - __main__ - Overall: 0.6849776785714285 from scores=[0.5256696428571428, 1.0, 0.822265625, 0.662109375, 0.41484375]
11/08/2021 02:25:59 - INFO - __main__ - --------------------------------------------------
11/08/2021 02:25:59 - INFO - __main__ - Evaluating to get errors .... Timecode: 56
11/08/2021 02:26:02 - INFO - __main__ - Before Error Fixing: {'EM': 0.5625, 'QA-F1': 0.6822916666666666}
11/08/2021 02:26:02 - INFO - __main__ - Found 28 errors.
11/08/2021 02:26:02 - INFO - __main__ - Start error-fixing .... Timecode: 56
11/08/2021 02:26:19 - INFO - __main__ - Start error-fixing .... Done!
11/08/2021 02:26:21 - INFO - __main__ - Overall: 0.6779640507518797 from scores=[0.5263157894736843, 0.9642857142857143, 0.822265625, 0.662109375, 0.41484375]
11/08/2021 02:26:21 - INFO - __main__ - --------------------------------------------------
11/08/2021 02:26:21 - INFO - __main__ - Evaluating to get errors .... Timecode: 57
11/08/2021 02:26:24 - INFO - __main__ - Before Error Fixing: {'EM': 0.46875, 'QA-F1': 0.5083333333333333}
11/08/2021 02:26:24 - INFO - __main__ - Found 34 errors.
11/08/2021 02:26:24 - INFO - __main__ - Start error-fixing .... Timecode: 57
11/08/2021 02:26:45 - INFO - __main__ - Start error-fixing .... Done!
11/08/2021 02:26:47 - INFO - __main__ - Overall: 0.6613789934077079 from scores=[0.525323275862069, 0.8823529411764706, 0.822265625, 0.662109375, 0.41484375]
11/08/2021 02:26:47 - INFO - __main__ - --------------------------------------------------
11/08/2021 02:26:47 - INFO - __main__ - Evaluating to get errors .... Timecode: 58
11/08/2021 02:26:50 - INFO - __main__ - Before Error Fixing: {'EM': 0.546875, 'QA-F1': 0.6193910256410255}
11/08/2021 02:26:50 - INFO - __main__ - Found 29 errors.
11/08/2021 02:26:50 - INFO - __main__ - Start error-fixing .... Timecode: 58
11/08/2021 02:27:08 - INFO - __main__ - Start error-fixing .... Done!
11/08/2021 02:27:09 - INFO - __main__ - Overall: 0.6849814618644068 from scores=[0.525688559322034, 1.0, 0.822265625, 0.662109375, 0.41484375]
11/08/2021 02:27:09 - INFO - __main__ - --------------------------------------------------
11/08/2021 02:27:09 - INFO - __main__ - Evaluating to get errors .... Timecode: 59
11/08/2021 02:27:13 - INFO - __main__ - Before Error Fixing: {'EM': 0.5625, 'QA-F1': 0.7177882013819514}
11/08/2021 02:27:13 - INFO - __main__ - Found 28 errors.
11/08/2021 02:27:13 - INFO - __main__ - Start error-fixing .... Timecode: 59
11/08/2021 02:27:28 - INFO - __main__ - Start error-fixing .... Done!
11/08/2021 02:27:31 - INFO - __main__ - Overall: 0.6851041666666667 from scores=[0.5263020833333334, 1.0, 0.822265625, 0.662109375, 0.41484375]
11/08/2021 02:27:31 - INFO - __main__ - --------------------------------------------------
11/08/2021 02:27:31 - INFO - __main__ - Start eval_knowledge_retention for UKR @ Timecode=60
11/08/2021 02:27:56 - INFO - __main__ - Upstream Knowledge Retation (UKR@60): 0.6875
11/08/2021 02:27:58 - INFO - __main__ - Start eval_knowledge_retention for OKR @ Timecode=60
11/08/2021 02:28:35 - INFO - __main__ - Online Knowledge Retation (OKR@60): 0.8340
11/08/2021 02:28:35 - INFO - __main__ - Start eval_knowledge_generalization for KG @ Timecode=60
11/08/2021 02:29:49 - INFO - __main__ - Future Knowledge Generalization (KG@60): 0.4609
11/08/2021 02:29:49 - INFO - __main__ - Evaluating to get errors .... Timecode: 60
11/08/2021 02:29:53 - INFO - __main__ - Before Error Fixing: {'EM': 0.421875, 'QA-F1': 0.5988233121045621}
11/08/2021 02:29:53 - INFO - __main__ - Found 37 errors.
11/08/2021 02:29:53 - INFO - __main__ - Start error-fixing .... Timecode: 60
11/08/2021 02:30:12 - INFO - __main__ - Start error-fixing .... Done!
11/08/2021 02:30:15 - INFO - __main__ - Overall: 0.7014024077868852 from scores=[0.5245901639344263, 1.0, 0.833984375, 0.6875, 0.4609375]
11/08/2021 02:30:16 - INFO - __main__ - Model saved to experiments/ckpt_dirs/qa/er/QA_oewc_lr=3e-5_ep=10_lbd=250_T=100,b=64,alpha=0.9,beta=0.5,gamma=0.8/model_ckpt_060.pt.
11/08/2021 02:30:17 - INFO - __main__ - Updated result feule: experiments/results/qa/QA_oewc_lr=3e-5_ep=10_lbd=250_T=100,b=64,alpha=0.9,beta=0.5,gamma=0.8_result.json at Timecode: 60.
11/08/2021 02:30:17 - INFO - __main__ - --------------------------------------------------
11/08/2021 02:30:17 - INFO - __main__ - Evaluating to get errors .... Timecode: 61
11/08/2021 02:30:21 - INFO - __main__ - Before Error Fixing: {'EM': 0.515625, 'QA-F1': 0.6235115126419475}
11/08/2021 02:30:21 - INFO - __main__ - Found 31 errors.
11/08/2021 02:30:21 - INFO - __main__ - Start error-fixing .... Timecode: 61
11/08/2021 02:30:37 - INFO - __main__ - Start error-fixing .... Done!
11/08/2021 02:30:39 - INFO - __main__ - Overall: 0.6884702620967742 from scores=[0.524445564516129, 0.9354838709677419, 0.833984375, 0.6875, 0.4609375]
11/08/2021 02:30:39 - INFO - __main__ - --------------------------------------------------
11/08/2021 02:30:39 - INFO - __main__ - Evaluating to get errors .... Timecode: 62
11/08/2021 02:30:42 - INFO - __main__ - Before Error Fixing: {'EM': 0.59375, 'QA-F1': 0.6276041666666666}
11/08/2021 02:30:42 - INFO - __main__ - Found 26 errors.
11/08/2021 02:30:42 - INFO - __main__ - Start error-fixing .... Timecode: 62
11/08/2021 02:30:59 - INFO - __main__ - Start error-fixing .... Done!
11/08/2021 02:31:00 - INFO - __main__ - Overall: 0.701593501984127 from scores=[0.5255456349206349, 1.0, 0.833984375, 0.6875, 0.4609375]
11/08/2021 02:31:00 - INFO - __main__ - --------------------------------------------------
11/08/2021 02:31:00 - INFO - __main__ - Evaluating to get errors .... Timecode: 63
11/08/2021 02:31:04 - INFO - __main__ - Before Error Fixing: {'EM': 0.546875, 'QA-F1': 0.6184389828921079}
11/08/2021 02:31:04 - INFO - __main__ - Found 29 errors.
11/08/2021 02:31:04 - INFO - __main__ - Start error-fixing .... Timecode: 63
11/08/2021 02:31:22 - INFO - __main__ - Start error-fixing .... Done!
11/08/2021 02:31:24 - INFO - __main__ - Overall: 0.70166015625 from scores=[0.52587890625, 1.0, 0.833984375, 0.6875, 0.4609375]
11/08/2021 02:31:24 - INFO - __main__ - --------------------------------------------------
11/08/2021 02:31:24 - INFO - __main__ - Evaluating to get errors .... Timecode: 64
11/08/2021 02:31:27 - INFO - __main__ - Before Error Fixing: {'EM': 0.515625, 'QA-F1': 0.5821766774891775}
11/08/2021 02:31:27 - INFO - __main__ - Found 31 errors.
11/08/2021 02:31:28 - INFO - __main__ - Start error-fixing .... Timecode: 64
11/08/2021 02:31:46 - INFO - __main__ - Start error-fixing .... Done!
11/08/2021 02:31:48 - INFO - __main__ - Overall: 0.6887253799627792 from scores=[0.5257211538461539, 0.9354838709677419, 0.833984375, 0.6875, 0.4609375]
11/08/2021 02:31:48 - INFO - __main__ - --------------------------------------------------
11/08/2021 02:31:48 - INFO - __main__ - Evaluating to get errors .... Timecode: 65
11/08/2021 02:31:51 - INFO - __main__ - Before Error Fixing: {'EM': 0.46875, 'QA-F1': 0.5803153488779804}
11/08/2021 02:31:51 - INFO - __main__ - Found 34 errors.
11/08/2021 02:31:51 - INFO - __main__ - Start error-fixing .... Timecode: 65
11/08/2021 02:32:13 - INFO - __main__ - Start error-fixing .... Done!
11/08/2021 02:32:15 - INFO - __main__ - Overall: 0.6955736129679144 from scores=[0.5248579545454546, 0.9705882352941176, 0.833984375, 0.6875, 0.4609375]
11/08/2021 02:32:15 - INFO - __main__ - --------------------------------------------------
11/08/2021 02:32:15 - INFO - __main__ - Evaluating to get errors .... Timecode: 66
11/08/2021 02:32:18 - INFO - __main__ - Before Error Fixing: {'EM': 0.5625, 'QA-F1': 0.6799589898906673}
11/08/2021 02:32:18 - INFO - __main__ - Found 28 errors.
11/08/2021 02:32:19 - INFO - __main__ - Start error-fixing .... Timecode: 66
11/08/2021 02:32:32 - INFO - __main__ - Start error-fixing .... Done!
11/08/2021 02:32:34 - INFO - __main__ - Overall: 0.6872826159381663 from scores=[0.525419776119403, 0.9285714285714286, 0.833984375, 0.6875, 0.4609375]
11/08/2021 02:32:34 - INFO - __main__ - --------------------------------------------------
11/08/2021 02:32:34 - INFO - __main__ - Evaluating to get errors .... Timecode: 67
11/08/2021 02:32:37 - INFO - __main__ - Before Error Fixing: {'EM': 0.453125, 'QA-F1': 0.6254108003258818}
11/08/2021 02:32:37 - INFO - __main__ - Found 35 errors.
11/08/2021 02:32:37 - INFO - __main__ - Start error-fixing .... Timecode: 67
11/08/2021 02:32:55 - INFO - __main__ - Start error-fixing .... Done!
11/08/2021 02:32:57 - INFO - __main__ - Overall: 0.695641412815126 from scores=[0.5243566176470589, 0.9714285714285714, 0.833984375, 0.6875, 0.4609375]
11/08/2021 02:32:57 - INFO - __main__ - --------------------------------------------------
11/08/2021 02:32:57 - INFO - __main__ - Evaluating to get errors .... Timecode: 68
11/08/2021 02:33:00 - INFO - __main__ - Before Error Fixing: {'EM': 0.515625, 'QA-F1': 0.5822115384615385}
11/08/2021 02:33:00 - INFO - __main__ - Found 31 errors.
11/08/2021 02:33:00 - INFO - __main__ - Start error-fixing .... Timecode: 68
11/08/2021 02:33:19 - INFO - __main__ - Start error-fixing .... Done!
11/08/2021 02:33:20 - INFO - __main__ - Overall: 0.7013303894927536 from scores=[0.5242300724637681, 1.0, 0.833984375, 0.6875, 0.4609375]
11/08/2021 02:33:20 - INFO - __main__ - --------------------------------------------------
11/08/2021 02:33:20 - INFO - __main__ - Evaluating to get errors .... Timecode: 69
11/08/2021 02:33:23 - INFO - __main__ - Before Error Fixing: {'EM': 0.5, 'QA-F1': 0.559375}
11/08/2021 02:33:23 - INFO - __main__ - Found 32 errors.
11/08/2021 02:33:23 - INFO - __main__ - Start error-fixing .... Timecode: 69
11/08/2021 02:33:42 - INFO - __main__ - Start error-fixing .... Done!
11/08/2021 02:33:43 - INFO - __main__ - Overall: 0.7012611607142857 from scores=[0.5238839285714285, 1.0, 0.833984375, 0.6875, 0.4609375]
11/08/2021 02:33:43 - INFO - __main__ - --------------------------------------------------
11/08/2021 02:33:43 - INFO - __main__ - Start eval_knowledge_retention for UKR @ Timecode=70
11/08/2021 02:34:05 - INFO - __main__ - Upstream Knowledge Retation (UKR@70): 0.7070
11/08/2021 02:34:06 - INFO - __main__ - Start eval_knowledge_retention for OKR @ Timecode=70
11/08/2021 02:34:33 - INFO - __main__ - Online Knowledge Retation (OKR@70): 0.8359
11/08/2021 02:34:33 - INFO - __main__ - Start eval_knowledge_generalization for KG @ Timecode=70
11/08/2021 02:35:34 - INFO - __main__ - Future Knowledge Generalization (KG@70): 0.4977
11/08/2021 02:35:34 - INFO - __main__ - Evaluating to get errors .... Timecode: 70
11/08/2021 02:35:37 - INFO - __main__ - Before Error Fixing: {'EM': 0.5, 'QA-F1': 0.6239686479512246}
11/08/2021 02:35:37 - INFO - __main__ - Found 32 errors.
11/08/2021 02:35:37 - INFO - __main__ - Start error-fixing .... Timecode: 70
11/08/2021 02:35:52 - INFO - __main__ - Start error-fixing .... Done!
11/08/2021 02:35:55 - INFO - __main__ - Overall: 0.7065845070422535 from scores=[0.5235475352112676, 0.96875, 0.8359375, 0.70703125, 0.49765625]
11/08/2021 02:35:56 - INFO - __main__ - Model saved to experiments/ckpt_dirs/qa/er/QA_oewc_lr=3e-5_ep=10_lbd=250_T=100,b=64,alpha=0.9,beta=0.5,gamma=0.8/model_ckpt_070.pt.
11/08/2021 02:35:56 - INFO - __main__ - Updated result feule: experiments/results/qa/QA_oewc_lr=3e-5_ep=10_lbd=250_T=100,b=64,alpha=0.9,beta=0.5,gamma=0.8_result.json at Timecode: 70.
11/08/2021 02:35:56 - INFO - __main__ - --------------------------------------------------
11/08/2021 02:35:56 - INFO - __main__ - Evaluating to get errors .... Timecode: 71
11/08/2021 02:35:59 - INFO - __main__ - Before Error Fixing: {'EM': 0.453125, 'QA-F1': 0.5317736950549451}
11/08/2021 02:35:59 - INFO - __main__ - Found 35 errors.
11/08/2021 02:36:00 - INFO - __main__ - Start error-fixing .... Timecode: 71
11/08/2021 02:36:20 - INFO - __main__ - Start error-fixing .... Done!
11/08/2021 02:36:23 - INFO - __main__ - Overall: 0.7126388888888889 from scores=[0.5225694444444444, 1.0, 0.8359375, 0.70703125, 0.49765625]
11/08/2021 02:36:23 - INFO - __main__ - --------------------------------------------------
11/08/2021 02:36:23 - INFO - __main__ - Evaluating to get errors .... Timecode: 72
11/08/2021 02:36:26 - INFO - __main__ - Before Error Fixing: {'EM': 0.578125, 'QA-F1': 0.681845238095238}
11/08/2021 02:36:26 - INFO - __main__ - Found 27 errors.
11/08/2021 02:36:26 - INFO - __main__ - Start error-fixing .... Timecode: 72
11/08/2021 02:36:43 - INFO - __main__ - Start error-fixing .... Done!
11/08/2021 02:36:44 - INFO - __main__ - Overall: 0.7053836884830036 from scores=[0.5233304794520548, 0.9629629629629629, 0.8359375, 0.70703125, 0.49765625]
11/08/2021 02:36:44 - INFO - __main__ - --------------------------------------------------
11/08/2021 02:36:44 - INFO - __main__ - Evaluating to get errors .... Timecode: 73
11/08/2021 02:36:48 - INFO - __main__ - Before Error Fixing: {'EM': 0.578125, 'QA-F1': 0.6338541666666666}
11/08/2021 02:36:48 - INFO - __main__ - Found 27 errors.
11/08/2021 02:36:48 - INFO - __main__ - Start error-fixing .... Timecode: 73
11/08/2021 02:37:05 - INFO - __main__ - Start error-fixing .... Done!
11/08/2021 02:37:06 - INFO - __main__ - Overall: 0.7129391891891892 from scores=[0.5240709459459459, 1.0, 0.8359375, 0.70703125, 0.49765625]
11/08/2021 02:37:06 - INFO - __main__ - --------------------------------------------------
11/08/2021 02:37:06 - INFO - __main__ - Evaluating to get errors .... Timecode: 74
11/08/2021 02:37:09 - INFO - __main__ - Before Error Fixing: {'EM': 0.5, 'QA-F1': 0.5635416666666666}
11/08/2021 02:37:09 - INFO - __main__ - Found 32 errors.
11/08/2021 02:37:09 - INFO - __main__ - Start error-fixing .... Timecode: 74
11/08/2021 02:37:28 - INFO - __main__ - Start error-fixing .... Done!
11/08/2021 02:37:29 - INFO - __main__ - Overall: 0.700375 from scores=[0.5237499999999999, 0.9375, 0.8359375, 0.70703125, 0.49765625]
11/08/2021 02:37:29 - INFO - __main__ - --------------------------------------------------
11/08/2021 02:37:29 - INFO - __main__ - Evaluating to get errors .... Timecode: 75
11/08/2021 02:37:32 - INFO - __main__ - Before Error Fixing: {'EM': 0.46875, 'QA-F1': 0.5166666666666666}
11/08/2021 02:37:32 - INFO - __main__ - Found 34 errors.
11/08/2021 02:37:33 - INFO - __main__ - Start error-fixing .... Timecode: 75
11/08/2021 02:37:53 - INFO - __main__ - Start error-fixing .... Done!
11/08/2021 02:37:55 - INFO - __main__ - Overall: 0.7127302631578947 from scores=[0.5230263157894737, 1.0, 0.8359375, 0.70703125, 0.49765625]
11/08/2021 02:37:55 - INFO - __main__ - --------------------------------------------------
11/08/2021 02:37:55 - INFO - __main__ - Evaluating to get errors .... Timecode: 76
11/08/2021 02:38:00 - INFO - __main__ - Before Error Fixing: {'EM': 0.484375, 'QA-F1': 0.5900135403811875}
11/08/2021 02:38:00 - INFO - __main__ - Found 33 errors.
11/08/2021 02:38:00 - INFO - __main__ - Start error-fixing .... Timecode: 76
11/08/2021 02:38:19 - INFO - __main__ - Start error-fixing .... Done!
11/08/2021 02:38:21 - INFO - __main__ - Overall: 0.706569264069264 from scores=[0.5225243506493507, 0.9696969696969697, 0.8359375, 0.70703125, 0.49765625]
11/08/2021 02:38:21 - INFO - __main__ - --------------------------------------------------
11/08/2021 02:38:21 - INFO - __main__ - Evaluating to get errors .... Timecode: 77
11/08/2021 02:38:24 - INFO - __main__ - Before Error Fixing: {'EM': 0.609375, 'QA-F1': 0.6871279761904762}
11/08/2021 02:38:24 - INFO - __main__ - Found 25 errors.
11/08/2021 02:38:24 - INFO - __main__ - Start error-fixing .... Timecode: 77
11/08/2021 02:38:40 - INFO - __main__ - Start error-fixing .... Done!
11/08/2021 02:38:41 - INFO - __main__ - Overall: 0.712852564102564 from scores=[0.5236378205128205, 1.0, 0.8359375, 0.70703125, 0.49765625]
11/08/2021 02:38:41 - INFO - __main__ - --------------------------------------------------
11/08/2021 02:38:41 - INFO - __main__ - Evaluating to get errors .... Timecode: 78
11/08/2021 02:38:44 - INFO - __main__ - Before Error Fixing: {'EM': 0.5625, 'QA-F1': 0.6651041666666667}
11/08/2021 02:38:44 - INFO - __main__ - Found 28 errors.
11/08/2021 02:38:44 - INFO - __main__ - Start error-fixing .... Timecode: 78
11/08/2021 02:39:01 - INFO - __main__ - Start error-fixing .... Done!
11/08/2021 02:39:03 - INFO - __main__ - Overall: 0.7058080922242315 from scores=[0.5241297468354431, 0.9642857142857143, 0.8359375, 0.70703125, 0.49765625]
11/08/2021 02:39:03 - INFO - __main__ - --------------------------------------------------
11/08/2021 02:39:03 - INFO - __main__ - Evaluating to get errors .... Timecode: 79
11/08/2021 02:39:06 - INFO - __main__ - Before Error Fixing: {'EM': 0.484375, 'QA-F1': 0.5718749999999999}
11/08/2021 02:39:06 - INFO - __main__ - Found 33 errors.
11/08/2021 02:39:06 - INFO - __main__ - Start error-fixing .... Timecode: 79
11/08/2021 02:39:27 - INFO - __main__ - Start error-fixing .... Done!
11/08/2021 02:39:28 - INFO - __main__ - Overall: 0.7128515624999999 from scores=[0.5236328125, 1.0, 0.8359375, 0.70703125, 0.49765625]
11/08/2021 02:39:28 - INFO - __main__ - --------------------------------------------------
11/08/2021 02:39:28 - INFO - __main__ - Start eval_knowledge_retention for UKR @ Timecode=80
11/08/2021 02:39:53 - INFO - __main__ - Upstream Knowledge Retation (UKR@80): 0.7031
11/08/2021 02:39:54 - INFO - __main__ - Start eval_knowledge_retention for OKR @ Timecode=80
11/08/2021 02:40:27 - INFO - __main__ - Online Knowledge Retation (OKR@80): 0.8340
11/08/2021 02:40:27 - INFO - __main__ - Start eval_knowledge_generalization for KG @ Timecode=80
11/08/2021 02:41:32 - INFO - __main__ - Future Knowledge Generalization (KG@80): 0.5117
11/08/2021 02:41:32 - INFO - __main__ - Evaluating to get errors .... Timecode: 80
11/08/2021 02:41:35 - INFO - __main__ - Before Error Fixing: {'EM': 0.65625, 'QA-F1': 0.710565476190476}
11/08/2021 02:41:35 - INFO - __main__ - Found 22 errors.
11/08/2021 02:41:35 - INFO - __main__ - Start error-fixing .... Timecode: 80
11/08/2021 02:41:48 - INFO - __main__ - Start error-fixing .... Done!
11/08/2021 02:41:49 - INFO - __main__ - Overall: 0.70572872825477 from scores=[0.5252700617283951, 0.9545454545454546, 0.833984375, 0.703125, 0.51171875]
11/08/2021 02:41:51 - INFO - __main__ - Model saved to experiments/ckpt_dirs/qa/er/QA_oewc_lr=3e-5_ep=10_lbd=250_T=100,b=64,alpha=0.9,beta=0.5,gamma=0.8/model_ckpt_080.pt.
11/08/2021 02:41:51 - INFO - __main__ - Updated result feule: experiments/results/qa/QA_oewc_lr=3e-5_ep=10_lbd=250_T=100,b=64,alpha=0.9,beta=0.5,gamma=0.8_result.json at Timecode: 80.
11/08/2021 02:41:51 - INFO - __main__ - --------------------------------------------------
11/08/2021 02:41:51 - INFO - __main__ - Evaluating to get errors .... Timecode: 81
11/08/2021 02:41:56 - INFO - __main__ - Before Error Fixing: {'EM': 0.5, 'QA-F1': 0.6165257118648179}
11/08/2021 02:41:56 - INFO - __main__ - Found 32 errors.
11/08/2021 02:41:56 - INFO - __main__ - Start error-fixing .... Timecode: 81
11/08/2021 02:42:12 - INFO - __main__ - Start error-fixing .... Done!
11/08/2021 02:42:15 - INFO - __main__ - Overall: 0.7022580030487805 from scores=[0.5249618902439024, 0.9375, 0.833984375, 0.703125, 0.51171875]
11/08/2021 02:42:15 - INFO - __main__ - --------------------------------------------------
11/08/2021 02:42:15 - INFO - __main__ - Evaluating to get errors .... Timecode: 82
11/08/2021 02:42:19 - INFO - __main__ - Before Error Fixing: {'EM': 0.5625, 'QA-F1': 0.6461309523809524}
11/08/2021 02:42:19 - INFO - __main__ - Found 28 errors.
11/08/2021 02:42:19 - INFO - __main__ - Start error-fixing .... Timecode: 82
11/08/2021 02:42:36 - INFO - __main__ - Start error-fixing .... Done!
11/08/2021 02:42:37 - INFO - __main__ - Overall: 0.7148484563253013 from scores=[0.525414156626506, 1.0, 0.833984375, 0.703125, 0.51171875]
11/08/2021 02:42:37 - INFO - __main__ - --------------------------------------------------
11/08/2021 02:42:37 - INFO - __main__ - Evaluating to get errors .... Timecode: 83
11/08/2021 02:42:40 - INFO - __main__ - Before Error Fixing: {'EM': 0.53125, 'QA-F1': 0.5941701680672269}
11/08/2021 02:42:40 - INFO - __main__ - Found 30 errors.
11/08/2021 02:42:40 - INFO - __main__ - Start error-fixing .... Timecode: 83
11/08/2021 02:42:58 - INFO - __main__ - Start error-fixing .... Done!
11/08/2021 02:42:59 - INFO - __main__ - Overall: 0.7081956845238095 from scores=[0.5254836309523809, 0.9666666666666667, 0.833984375, 0.703125, 0.51171875]
11/08/2021 02:42:59 - INFO - __main__ - --------------------------------------------------
11/08/2021 02:42:59 - INFO - __main__ - Evaluating to get errors .... Timecode: 84
11/08/2021 02:43:02 - INFO - __main__ - Before Error Fixing: {'EM': 0.546875, 'QA-F1': 0.6142361111111111}
11/08/2021 02:43:02 - INFO - __main__ - Found 29 errors.
11/08/2021 02:43:03 - INFO - __main__ - Start error-fixing .... Timecode: 84
11/08/2021 02:43:20 - INFO - __main__ - Start error-fixing .... Done!
11/08/2021 02:43:22 - INFO - __main__ - Overall: 0.7149126838235295 from scores=[0.5257352941176471, 1.0, 0.833984375, 0.703125, 0.51171875]
11/08/2021 02:43:22 - INFO - __main__ - --------------------------------------------------
11/08/2021 02:43:22 - INFO - __main__ - Evaluating to get errors .... Timecode: 85
11/08/2021 02:43:24 - INFO - __main__ - Before Error Fixing: {'EM': 0.53125, 'QA-F1': 0.5806671626984128}
11/08/2021 02:43:24 - INFO - __main__ - Found 30 errors.
11/08/2021 02:43:25 - INFO - __main__ - Start error-fixing .... Timecode: 85
11/08/2021 02:43:43 - INFO - __main__ - Start error-fixing .... Done!
11/08/2021 02:43:44 - INFO - __main__ - Overall: 0.6949255087209302 from scores=[0.5257994186046512, 0.9, 0.833984375, 0.703125, 0.51171875]
11/08/2021 02:43:44 - INFO - __main__ - --------------------------------------------------
11/08/2021 02:43:44 - INFO - __main__ - Evaluating to get errors .... Timecode: 86
11/08/2021 02:43:48 - INFO - __main__ - Before Error Fixing: {'EM': 0.484375, 'QA-F1': 0.5455745970830652}
11/08/2021 02:43:48 - INFO - __main__ - Found 33 errors.
11/08/2021 02:43:48 - INFO - __main__ - Start error-fixing .... Timecode: 86
11/08/2021 02:44:09 - INFO - __main__ - Start error-fixing .... Done!
11/08/2021 02:44:12 - INFO - __main__ - Overall: 0.7087696741118077 from scores=[0.525323275862069, 0.9696969696969697, 0.833984375, 0.703125, 0.51171875]
11/08/2021 02:44:12 - INFO - __main__ - --------------------------------------------------
11/08/2021 02:44:12 - INFO - __main__ - Evaluating to get errors .... Timecode: 87
11/08/2021 02:44:15 - INFO - __main__ - Before Error Fixing: {'EM': 0.59375, 'QA-F1': 0.6307234432234432}
11/08/2021 02:44:15 - INFO - __main__ - Found 26 errors.
11/08/2021 02:44:15 - INFO - __main__ - Start error-fixing .... Timecode: 87
11/08/2021 02:44:32 - INFO - __main__ - Start error-fixing .... Done!
11/08/2021 02:44:33 - INFO - __main__ - Overall: 0.7149857954545455 from scores=[0.5261008522727273, 1.0, 0.833984375, 0.703125, 0.51171875]
11/08/2021 02:44:33 - INFO - __main__ - --------------------------------------------------
11/08/2021 02:44:33 - INFO - __main__ - Evaluating to get errors .... Timecode: 88
11/08/2021 02:44:35 - INFO - __main__ - Before Error Fixing: {'EM': 0.578125, 'QA-F1': 0.6219494047619047}
11/08/2021 02:44:35 - INFO - __main__ - Found 27 errors.
11/08/2021 02:44:36 - INFO - __main__ - Start error-fixing .... Timecode: 88
11/08/2021 02:44:53 - INFO - __main__ - Start error-fixing .... Done!
11/08/2021 02:44:54 - INFO - __main__ - Overall: 0.707695296244278 from scores=[0.526685393258427, 0.9629629629629629, 0.833984375, 0.703125, 0.51171875]
11/08/2021 02:44:54 - INFO - __main__ - --------------------------------------------------
11/08/2021 02:44:54 - INFO - __main__ - Evaluating to get errors .... Timecode: 89
11/08/2021 02:44:58 - INFO - __main__ - Before Error Fixing: {'EM': 0.5625, 'QA-F1': 0.6366319444444445}
11/08/2021 02:44:58 - INFO - __main__ - Found 28 errors.
11/08/2021 02:44:58 - INFO - __main__ - Start error-fixing .... Timecode: 89
11/08/2021 02:45:16 - INFO - __main__ - Start error-fixing .... Done!
11/08/2021 02:45:17 - INFO - __main__ - Overall: 0.7151822916666667 from scores=[0.5270833333333333, 1.0, 0.833984375, 0.703125, 0.51171875]
11/08/2021 02:45:17 - INFO - __main__ - --------------------------------------------------
11/08/2021 02:45:17 - INFO - __main__ - Start eval_knowledge_retention for UKR @ Timecode=90
11/08/2021 02:45:40 - INFO - __main__ - Upstream Knowledge Retation (UKR@90): 0.7207
11/08/2021 02:45:41 - INFO - __main__ - Start eval_knowledge_retention for OKR @ Timecode=90
11/08/2021 02:46:12 - INFO - __main__ - Online Knowledge Retation (OKR@90): 0.8223
11/08/2021 02:46:12 - INFO - __main__ - Start eval_knowledge_generalization for KG @ Timecode=90
11/08/2021 02:47:14 - INFO - __main__ - Future Knowledge Generalization (KG@90): 0.4570
11/08/2021 02:47:14 - INFO - __main__ - Evaluating to get errors .... Timecode: 90
11/08/2021 02:47:18 - INFO - __main__ - Before Error Fixing: {'EM': 0.59375, 'QA-F1': 0.625}
11/08/2021 02:47:18 - INFO - __main__ - Found 26 errors.
11/08/2021 02:47:18 - INFO - __main__ - Start error-fixing .... Timecode: 90
11/08/2021 02:47:34 - INFO - __main__ - Start error-fixing .... Done!
11/08/2021 02:47:36 - INFO - __main__ - Overall: 0.6978708791208791 from scores=[0.5278159340659341, 0.9615384615384616, 0.822265625, 0.720703125, 0.45703125]
11/08/2021 02:47:37 - INFO - __main__ - Model saved to experiments/ckpt_dirs/qa/er/QA_oewc_lr=3e-5_ep=10_lbd=250_T=100,b=64,alpha=0.9,beta=0.5,gamma=0.8/model_ckpt_090.pt.
11/08/2021 02:47:37 - INFO - __main__ - Updated result feule: experiments/results/qa/QA_oewc_lr=3e-5_ep=10_lbd=250_T=100,b=64,alpha=0.9,beta=0.5,gamma=0.8_result.json at Timecode: 90.
11/08/2021 02:47:37 - INFO - __main__ - --------------------------------------------------
11/08/2021 02:47:37 - INFO - __main__ - Evaluating to get errors .... Timecode: 91
11/08/2021 02:47:40 - INFO - __main__ - Before Error Fixing: {'EM': 0.609375, 'QA-F1': 0.6682291666666667}
11/08/2021 02:47:40 - INFO - __main__ - Found 25 errors.
11/08/2021 02:47:40 - INFO - __main__ - Start error-fixing .... Timecode: 91
11/08/2021 02:47:55 - INFO - __main__ - Start error-fixing .... Done!
11/08/2021 02:47:56 - INFO - __main__ - Overall: 0.7057404891304347 from scores=[0.5287024456521738, 1.0, 0.822265625, 0.720703125, 0.45703125]
11/08/2021 02:47:56 - INFO - __main__ - --------------------------------------------------
11/08/2021 02:47:56 - INFO - __main__ - Evaluating to get errors .... Timecode: 92
11/08/2021 02:48:00 - INFO - __main__ - Before Error Fixing: {'EM': 0.515625, 'QA-F1': 0.7058813582251082}
11/08/2021 02:48:00 - INFO - __main__ - Found 31 errors.
11/08/2021 02:48:00 - INFO - __main__ - Start error-fixing .... Timecode: 92
11/08/2021 02:48:16 - INFO - __main__ - Start error-fixing .... Done!
11/08/2021 02:48:17 - INFO - __main__ - Overall: 0.7057123655913978 from scores=[0.5285618279569892, 1.0, 0.822265625, 0.720703125, 0.45703125]
11/08/2021 02:48:17 - INFO - __main__ - --------------------------------------------------
11/08/2021 02:48:17 - INFO - __main__ - Evaluating to get errors .... Timecode: 93
11/08/2021 02:48:21 - INFO - __main__ - Before Error Fixing: {'EM': 0.640625, 'QA-F1': 0.757969912945242}
11/08/2021 02:48:21 - INFO - __main__ - Found 23 errors.
11/08/2021 02:48:21 - INFO - __main__ - Start error-fixing .... Timecode: 93
11/08/2021 02:48:33 - INFO - __main__ - Start error-fixing .... Done!
11/08/2021 02:48:34 - INFO - __main__ - Overall: 0.7059507978723405 from scores=[0.5297539893617021, 1.0, 0.822265625, 0.720703125, 0.45703125]
11/08/2021 02:48:34 - INFO - __main__ - --------------------------------------------------
11/08/2021 02:48:34 - INFO - __main__ - Evaluating to get errors .... Timecode: 94
11/08/2021 02:48:38 - INFO - __main__ - Before Error Fixing: {'EM': 0.5625, 'QA-F1': 0.6156622023809524}
11/08/2021 02:48:38 - INFO - __main__ - Found 28 errors.
11/08/2021 02:48:38 - INFO - __main__ - Start error-fixing .... Timecode: 94
11/08/2021 02:48:55 - INFO - __main__ - Start error-fixing .... Done!
11/08/2021 02:48:57 - INFO - __main__ - Overall: 0.7060197368421053 from scores=[0.5300986842105263, 1.0, 0.822265625, 0.720703125, 0.45703125]
11/08/2021 02:48:57 - INFO - __main__ - --------------------------------------------------
11/08/2021 02:48:57 - INFO - __main__ - Evaluating to get errors .... Timecode: 95
11/08/2021 02:49:01 - INFO - __main__ - Before Error Fixing: {'EM': 0.546875, 'QA-F1': 0.7015546088076459}
11/08/2021 02:49:01 - INFO - __main__ - Found 29 errors.
11/08/2021 02:49:01 - INFO - __main__ - Start error-fixing .... Timecode: 95
11/08/2021 02:49:18 - INFO - __main__ - Start error-fixing .... Done!
11/08/2021 02:49:20 - INFO - __main__ - Overall: 0.699158135775862 from scores=[0.5302734375, 0.9655172413793104, 0.822265625, 0.720703125, 0.45703125]
11/08/2021 02:49:20 - INFO - __main__ - --------------------------------------------------
11/08/2021 02:49:20 - INFO - __main__ - Evaluating to get errors .... Timecode: 96
11/08/2021 02:49:25 - INFO - __main__ - Before Error Fixing: {'EM': 0.515625, 'QA-F1': 0.6436445932539683}
11/08/2021 02:49:25 - INFO - __main__ - Found 31 errors.
11/08/2021 02:49:26 - INFO - __main__ - Start error-fixing .... Timecode: 96
11/08/2021 02:49:44 - INFO - __main__ - Start error-fixing .... Done!
11/08/2021 02:49:46 - INFO - __main__ - Overall: 0.7060244845360825 from scores=[0.5301224226804124, 1.0, 0.822265625, 0.720703125, 0.45703125]
11/08/2021 02:49:46 - INFO - __main__ - --------------------------------------------------
11/08/2021 02:49:46 - INFO - __main__ - Evaluating to get errors .... Timecode: 97
11/08/2021 02:49:50 - INFO - __main__ - Before Error Fixing: {'EM': 0.484375, 'QA-F1': 0.5902180323027363}
11/08/2021 02:49:50 - INFO - __main__ - Found 33 errors.
11/08/2021 02:49:50 - INFO - __main__ - Start error-fixing .... Timecode: 97
11/08/2021 02:50:08 - INFO - __main__ - Start error-fixing .... Done!
11/08/2021 02:50:11 - INFO - __main__ - Overall: 0.6938099103277675 from scores=[0.5296556122448979, 0.9393939393939394, 0.822265625, 0.720703125, 0.45703125]
11/08/2021 02:50:11 - INFO - __main__ - --------------------------------------------------
11/08/2021 02:50:11 - INFO - __main__ - Evaluating to get errors .... Timecode: 98
11/08/2021 02:50:15 - INFO - __main__ - Before Error Fixing: {'EM': 0.578125, 'QA-F1': 0.6475575206043956}
11/08/2021 02:50:15 - INFO - __main__ - Found 27 errors.
11/08/2021 02:50:15 - INFO - __main__ - Start error-fixing .... Timecode: 98
11/08/2021 02:50:32 - INFO - __main__ - Start error-fixing .... Done!
11/08/2021 02:50:33 - INFO - __main__ - Overall: 0.7060290404040404 from scores=[0.530145202020202, 1.0, 0.822265625, 0.720703125, 0.45703125]
11/08/2021 02:50:33 - INFO - __main__ - --------------------------------------------------
11/08/2021 02:50:33 - INFO - __main__ - Start eval_knowledge_retention for UKR @ Timecode=99
11/08/2021 02:51:00 - INFO - __main__ - Upstream Knowledge Retation (UKR@99): 0.6973
11/08/2021 02:51:01 - INFO - __main__ - Start eval_knowledge_retention for OKR @ Timecode=99
11/08/2021 02:51:34 - INFO - __main__ - Online Knowledge Retation (OKR@99): 0.8379
11/08/2021 02:51:34 - INFO - __main__ - Start eval_knowledge_generalization for KG @ Timecode=99
11/08/2021 02:52:43 - INFO - __main__ - Future Knowledge Generalization (KG@99): 0.5109
11/08/2021 02:52:43 - INFO - __main__ - Evaluating to get errors .... Timecode: 99
11/08/2021 02:52:46 - INFO - __main__ - Before Error Fixing: {'EM': 0.625, 'QA-F1': 0.6765625000000001}
11/08/2021 02:52:46 - INFO - __main__ - Found 24 errors.
11/08/2021 02:52:46 - INFO - __main__ - Start error-fixing .... Timecode: 99
11/08/2021 02:53:00 - INFO - __main__ - Start error-fixing .... Done!
11/08/2021 02:53:01 - INFO - __main__ - Overall: 0.7071041666666666 from scores=[0.5310937499999999, 0.9583333333333334, 0.837890625, 0.697265625, 0.5109375]
11/08/2021 02:53:01 - INFO - __main__ - --------------------------------------------------
11/08/2021 02:53:01 - INFO - __main__ - Start the final evaluation.
11/08/2021 02:53:01 - INFO - __main__ - Nothing here.
11/08/2021 02:53:03 - INFO - __main__ - Model saved to experiments/ckpt_dirs/qa/er/QA_oewc_lr=3e-5_ep=10_lbd=250_T=100,b=64,alpha=0.9,beta=0.5,gamma=0.8/model_ckpt_100.pt.
11/08/2021 02:53:03 - INFO - __main__ - Updated result feule: experiments/results/qa/QA_oewc_lr=3e-5_ep=10_lbd=250_T=100,b=64,alpha=0.9,beta=0.5,gamma=0.8_result.json at Timecode: 100.
11/08/2021 02:53:03 - INFO - __main__ - Finished. Results saved to experiments/results/qa/QA_oewc_lr=3e-5_ep=10_lbd=250_T=100,b=64,alpha=0.9,beta=0.5,gamma=0.8_result.json

