
11/02/2021 17:54:13 - INFO - __main__ - Namespace(adam_epsilon=1e-08, adapter_dim=32, append_another_bos=1, base_model_path='out/mrqa_squad_bart-base_1029_upstream_model//best-model.pt', base_model_type='facebook/bart-base', ckpt_dir='experiments/ckpt_dirs/qa/simplecl', cl_method_name='simple_cl', current_thread_id=None, do_lowercase=False, ewc_gamma=1, ewc_lambda=0.5, example_encoder_name='roberta-base', freeze_embeds=False, gradient_accumulation_steps=1, heldout_submission_data='experiments/eval_data/qa/heldout_eval.jsonl', index_rank_method='most_similar', indexing_args_path='exp_results/supervision_data/1012_dm_simple.train_args.json', indexing_method='bart_index', inference_query_size=1, init_memory_cache_path='bug_data/memory_key_cache.pkl', kg_eval_freq=10, kg_eval_mode='metric', kr_eval_freq=5, kr_eval_mode='metric', learning_rate=3e-05, local_adapt_lr=1e-05, max_grad_norm=0.1, max_input_length=888, max_output_length=50, max_timecode=100, memory_key_encoder='facebook/bart-base', memory_path='', memory_store_rate=1.0, mir_abalation_args='none', num_adapt_epochs=1, num_beams=3, num_threads_eval=0, num_train_epochs=5.0, okr_sample_seed=1337, okr_sample_size=512, path_to_thread_result=None, predict_batch_size=32, prefix='QA_simplecl_lr=3e-5_ep=5', replay_candidate_size=8, replay_frequency=1, replay_size=8, result_file='experiments/results/qa/QA_simplecl_lr=3e-5_ep=5_result.json', save_ckpt_freq=100, seed=42, skip_instant_eval=False, submission_stream_data='experiments/eval_data/qa/submission_stream.T=100,b=64,alpha=0.98,beta=0.7,gamma=0.5.json', task_emb_dim=768, task_name='mrqa', train_batch_size=8, upstream_data_path='data/mrqa_squad/mrqa_squad_train.jsonl', upstream_eval_data='experiments/eval_data/qa/upstream_eval.jsonl', upstream_sample_ratio=-1, use_mir=False, use_replay_mix=False, use_wandb=True, weight_decay=0.01)
11/02/2021 17:54:13 - INFO - transformers.tokenization_utils - loading file https://s3.amazonaws.com/models.huggingface.co/bert/roberta-large-vocab.json from cache at /private/home/yuchenlin/.cache/torch/transformers/1ae1f5b6e2b22b25ccc04c000bb79ca847aa226d0761536b011cf7e5868f0655.ef00af9e673c7160b4d41cfda1f48c5f4cba57d5142754525572a846a1ab1b9b
11/02/2021 17:54:13 - INFO - transformers.tokenization_utils - loading file https://s3.amazonaws.com/models.huggingface.co/bert/roberta-large-merges.txt from cache at /private/home/yuchenlin/.cache/torch/transformers/f8f83199a6270d582d6245dc100e99c4155de81c9745c6248077018fe01abcfb.70bec105b4158ed9a1747fea67a43f5dee97855c64d62b6ec3742f4cfdb5feda
11/02/2021 17:54:35 - INFO - __main__ - load_data: len(upstream_eval_examples)=512
11/02/2021 17:54:36 - INFO - __main__ - load_data: len(heldout_eval_examples)=1280
11/02/2021 17:54:41 - INFO - __main__ - Loading checkpoint from out/mrqa_squad_bart-base_1029_upstream_model//best-model.pt for facebook/bart-base .....
11/02/2021 17:54:43 - INFO - transformers.configuration_utils - loading configuration file https://s3.amazonaws.com/models.huggingface.co/bert/facebook/bart-base/config.json from cache at /private/home/yuchenlin/.cache/torch/transformers/09f4fcaeaf785dd3b97b085d6e3510c7081f586ec8e75981683c6299c0f81d9d.e8d516ad807436d395effad8c2326786872659b7dd1210827ac67c761198a0eb
11/02/2021 17:54:43 - INFO - transformers.configuration_utils - Model config BartConfig {
  "activation_dropout": 0.1,
  "activation_function": "gelu",
  "add_bias_logits": false,
  "add_final_layer_norm": false,
  "architectures": [
    "BartModel",
    "BartForConditionalGeneration",
    "BartForSequenceClassification"
  ],
  "attention_dropout": 0.1,
  "bos_token_id": 0,
  "classif_dropout": 0.0,
  "d_model": 768,
  "decoder_attention_heads": 12,
  "decoder_ffn_dim": 3072,
  "decoder_layerdrop": 0.0,
  "decoder_layers": 6,
  "decoder_start_token_id": 2,
  "dropout": 0.1,
  "early_stopping": true,
  "encoder_attention_heads": 12,
  "encoder_ffn_dim": 3072,
  "encoder_layerdrop": 0.0,
  "encoder_layers": 6,
  "eos_token_id": 2,
  "id2label": {
    "0": "LABEL_0",
    "1": "LABEL_1",
    "2": "LABEL_2"
  },
  "init_std": 0.02,
  "is_encoder_decoder": true,
  "label2id": {
    "LABEL_0": 0,
    "LABEL_1": 1,
    "LABEL_2": 2
  },
  "max_position_embeddings": 1024,
  "model_type": "bart",
  "no_repeat_ngram_size": 3,
  "normalize_before": false,
  "normalize_embedding": true,
  "num_beams": 4,
  "num_hidden_layers": 6,
  "pad_token_id": 1,
  "scale_embedding": false,
  "static_position_embeddings": false,
  "task_specific_params": {
    "summarization": {
      "length_penalty": 1.0,
      "max_length": 128,
      "min_length": 12,
      "num_beams": 4
    },
    "summarization_cnn": {
      "length_penalty": 2.0,
      "max_length": 142,
      "min_length": 56,
      "num_beams": 4
    },
    "summarization_xsum": {
      "length_penalty": 1.0,
      "max_length": 62,
      "min_length": 11,
      "num_beams": 6
    }
  },
  "vocab_size": 50265
}

11/02/2021 17:54:43 - INFO - transformers.modeling_utils - loading weights file https://cdn.huggingface.co/facebook/bart-base/pytorch_model.bin from cache at /private/home/yuchenlin/.cache/torch/transformers/566c05fb6983817e8ad7a4fa51e3099fe9caa3b31730f964bc5198d71c677523.0a3d95c18c1e434448941bc25accea7b122882be6526fb67c8e8fb6d5ebc711c
11/02/2021 17:54:47 - INFO - __main__ - Loading checkpoint from out/mrqa_squad_bart-base_1029_upstream_model//best-model.pt for facebook/bart-base ..... Done!
11/02/2021 17:54:53 - INFO - __main__ - Moving to the GPUs.
11/02/2021 17:54:53 - INFO - __main__ - Debugger Setup ......
11/02/2021 17:54:53 - INFO - __main__ - debugger_args: Namespace(adam_epsilon=1e-08, ckpt_dir='experiments/ckpt_dirs/qa/simplecl', gradient_accumulation_steps=1, kg_eval_freq=10, kg_eval_mode='metric', kr_eval_freq=5, kr_eval_mode='metric', learning_rate=3e-05, max_grad_norm=0.1, num_epochs=5.0, okr_sample_seed=1337, okr_sample_size=512, save_ckpt_freq=100, skip_instant_eval=False, total_steps=10000, warmup_steps=0, weight_decay=0.01) ......
11/02/2021 17:54:53 - INFO - __main__ - optimizer & scheduler Setup ...... Done!
11/02/2021 17:54:53 - INFO - __main__ - Debugger Setup ...... Done!
11/02/2021 17:54:53 - INFO - __main__ - Start Online Debugging with Dynamic Error Mode
11/02/2021 17:54:53 - INFO - __main__ - Number of Batches of Data: 100
11/02/2021 17:54:53 - INFO - __main__ - Data Batch Size: 64;
11/02/2021 17:54:55 - INFO - __main__ - Model saved to experiments/ckpt_dirs/qa/simplecl/model_ckpt_000.pt.
11/02/2021 17:54:55 - INFO - __main__ - Start eval_knowledge_retention for UKR @ Timecode=0
11/02/2021 17:55:22 - INFO - __main__ - Upstream Knowledge Retation (UKR@0): 0.8027
11/02/2021 17:55:22 - INFO - __main__ - Start eval_knowledge_generalization for KG @ Timecode=0
11/02/2021 17:57:00 - INFO - __main__ - Future Knowledge Generalization (KG@0): 0.3125
11/02/2021 17:57:00 - INFO - __main__ - Evaluating to get errors .... Timecode: 0
11/02/2021 17:57:03 - INFO - __main__ - Before Error Fixing: {'EM': 0.703125, 'QA-F1': 0.7337141106442577}
11/02/2021 17:57:03 - INFO - __main__ - Found 19 errors.
11/02/2021 17:57:03 - INFO - __main__ - Start error-fixing .... Timecode: 0
11/02/2021 17:57:05 - INFO - __main__ - Start error-fixing .... Done!
11/02/2021 17:57:06 - INFO - __main__ - Overall: 0.8252467105263157 from scores=[0.703125, 0.9473684210526315]
11/02/2021 17:57:08 - INFO - __main__ - Model saved to experiments/ckpt_dirs/qa/simplecl/model_ckpt_000.pt.
11/02/2021 17:57:08 - INFO - __main__ - --------------------------------------------------
11/02/2021 17:57:08 - INFO - __main__ - Evaluating to get errors .... Timecode: 1
11/02/2021 17:57:12 - INFO - __main__ - Before Error Fixing: {'EM': 0.71875, 'QA-F1': 0.7798983134920635}
11/02/2021 17:57:12 - INFO - __main__ - Found 18 errors.
11/02/2021 17:57:12 - INFO - __main__ - Start error-fixing .... Timecode: 1
11/02/2021 17:57:14 - INFO - __main__ - Start error-fixing .... Done!
11/02/2021 17:57:15 - INFO - __main__ - Overall: 0.7999131944444444 from scores=[0.7109375, 0.8888888888888888]
11/02/2021 17:57:15 - INFO - __main__ - --------------------------------------------------
11/02/2021 17:57:15 - INFO - __main__ - Evaluating to get errors .... Timecode: 2
11/02/2021 17:57:19 - INFO - __main__ - Before Error Fixing: {'EM': 0.8125, 'QA-F1': 0.8565085088522588}
11/02/2021 17:57:19 - INFO - __main__ - Found 12 errors.
11/02/2021 17:57:19 - INFO - __main__ - Start error-fixing .... Timecode: 2
11/02/2021 17:57:20 - INFO - __main__ - Start error-fixing .... Done!
11/02/2021 17:57:21 - INFO - __main__ - Overall: 0.8723958333333334 from scores=[0.7447916666666667, 1.0]
11/02/2021 17:57:21 - INFO - __main__ - --------------------------------------------------
11/02/2021 17:57:21 - INFO - __main__ - Evaluating to get errors .... Timecode: 3
11/02/2021 17:57:24 - INFO - __main__ - Before Error Fixing: {'EM': 0.765625, 'QA-F1': 0.8402186355311355}
11/02/2021 17:57:24 - INFO - __main__ - Found 15 errors.
11/02/2021 17:57:24 - INFO - __main__ - Start error-fixing .... Timecode: 3
11/02/2021 17:57:26 - INFO - __main__ - Start error-fixing .... Done!
11/02/2021 17:57:28 - INFO - __main__ - Overall: 0.7083333333333333 from scores=[0.75, 0.6666666666666666]
11/02/2021 17:57:28 - INFO - __main__ - --------------------------------------------------
11/02/2021 17:57:28 - INFO - __main__ - Evaluating to get errors .... Timecode: 4
11/02/2021 17:57:31 - INFO - __main__ - Before Error Fixing: {'EM': 0.796875, 'QA-F1': 0.8226325757575758}
11/02/2021 17:57:31 - INFO - __main__ - Found 13 errors.
11/02/2021 17:57:31 - INFO - __main__ - Start error-fixing .... Timecode: 4
11/02/2021 17:57:34 - INFO - __main__ - Start error-fixing .... Done!
11/02/2021 17:57:35 - INFO - __main__ - Overall: 0.8027644230769231 from scores=[0.759375, 0.8461538461538461]
11/02/2021 17:57:35 - INFO - __main__ - --------------------------------------------------
11/02/2021 17:57:35 - INFO - __main__ - Start eval_knowledge_retention for UKR @ Timecode=5
11/02/2021 17:58:07 - INFO - __main__ - Upstream Knowledge Retation (UKR@5): 0.7930
11/02/2021 17:58:07 - INFO - __main__ - len(self.past_submissions) = 320                 < self.debugger_args.okr_sample_size = 512
11/02/2021 17:58:07 - INFO - __main__ - Evaluating to get errors .... Timecode: 5
11/02/2021 17:58:12 - INFO - __main__ - Before Error Fixing: {'EM': 0.734375, 'QA-F1': 0.8080401049973418}
11/02/2021 17:58:12 - INFO - __main__ - Found 17 errors.
11/02/2021 17:58:12 - INFO - __main__ - Start error-fixing .... Timecode: 5
11/02/2021 17:58:15 - INFO - __main__ - Start error-fixing .... Done!
11/02/2021 17:58:16 - INFO - __main__ - Overall: 0.8776041666666667 from scores=[0.7552083333333334, 1.0]
11/02/2021 17:58:16 - INFO - __main__ - --------------------------------------------------
11/02/2021 17:58:16 - INFO - __main__ - Evaluating to get errors .... Timecode: 6
11/02/2021 17:58:19 - INFO - __main__ - Before Error Fixing: {'EM': 0.703125, 'QA-F1': 0.7378472222222223}
11/02/2021 17:58:19 - INFO - __main__ - Found 19 errors.
11/02/2021 17:58:19 - INFO - __main__ - Start error-fixing .... Timecode: 6
11/02/2021 17:58:23 - INFO - __main__ - Start error-fixing .... Done!
11/02/2021 17:58:25 - INFO - __main__ - Overall: 0.8212523496240602 from scores=[0.7477678571428572, 0.8947368421052632]
11/02/2021 17:58:25 - INFO - __main__ - --------------------------------------------------
11/02/2021 17:58:25 - INFO - __main__ - Evaluating to get errors .... Timecode: 7
11/02/2021 17:58:28 - INFO - __main__ - Before Error Fixing: {'EM': 0.75, 'QA-F1': 0.8011634199134199}
11/02/2021 17:58:28 - INFO - __main__ - Found 16 errors.
11/02/2021 17:58:28 - INFO - __main__ - Start error-fixing .... Timecode: 7
11/02/2021 17:58:31 - INFO - __main__ - Start error-fixing .... Done!
11/02/2021 17:58:32 - INFO - __main__ - Overall: 0.7490234375 from scores=[0.748046875, 0.75]
11/02/2021 17:58:32 - INFO - __main__ - --------------------------------------------------
11/02/2021 17:58:32 - INFO - __main__ - Evaluating to get errors .... Timecode: 8
11/02/2021 17:58:36 - INFO - __main__ - Before Error Fixing: {'EM': 0.625, 'QA-F1': 0.7393543956043955}
11/02/2021 17:58:36 - INFO - __main__ - Found 24 errors.
11/02/2021 17:58:36 - INFO - __main__ - Start error-fixing .... Timecode: 8
11/02/2021 17:58:39 - INFO - __main__ - Start error-fixing .... Done!
11/02/2021 17:58:41 - INFO - __main__ - Overall: 0.8046875 from scores=[0.734375, 0.875]
11/02/2021 17:58:41 - INFO - __main__ - --------------------------------------------------
11/02/2021 17:58:41 - INFO - __main__ - Evaluating to get errors .... Timecode: 9
11/02/2021 17:58:45 - INFO - __main__ - Before Error Fixing: {'EM': 0.765625, 'QA-F1': 0.7924140963203463}
11/02/2021 17:58:45 - INFO - __main__ - Found 15 errors.
11/02/2021 17:58:45 - INFO - __main__ - Start error-fixing .... Timecode: 9
11/02/2021 17:58:48 - INFO - __main__ - Start error-fixing .... Done!
11/02/2021 17:58:50 - INFO - __main__ - Overall: 0.8020833333333334 from scores=[0.7375, 0.8666666666666667]
11/02/2021 17:58:50 - INFO - __main__ - --------------------------------------------------
11/02/2021 17:58:50 - INFO - __main__ - Start eval_knowledge_retention for UKR @ Timecode=10
11/02/2021 17:59:16 - INFO - __main__ - Upstream Knowledge Retation (UKR@10): 0.8027
11/02/2021 17:59:17 - INFO - __main__ - Start eval_knowledge_retention for OKR @ Timecode=10
11/02/2021 17:59:46 - INFO - __main__ - Online Knowledge Retation (OKR@10): 0.9414
11/02/2021 17:59:46 - INFO - __main__ - Start eval_knowledge_generalization for KG @ Timecode=10
11/02/2021 18:01:03 - INFO - __main__ - Future Knowledge Generalization (KG@10): 0.3914
11/02/2021 18:01:03 - INFO - __main__ - Evaluating to get errors .... Timecode: 10
11/02/2021 18:01:08 - INFO - __main__ - Before Error Fixing: {'EM': 0.640625, 'QA-F1': 0.7360458551864801}
11/02/2021 18:01:08 - INFO - __main__ - Found 23 errors.
11/02/2021 18:01:08 - INFO - __main__ - Start error-fixing .... Timecode: 10
11/02/2021 18:01:12 - INFO - __main__ - Start error-fixing .... Done!
11/02/2021 18:01:13 - INFO - __main__ - Overall: 0.7728480113636363 from scores=[0.7286931818181819, 1.0, 0.94140625, 0.802734375, 0.39140625]
11/02/2021 18:01:13 - INFO - __main__ - --------------------------------------------------
11/02/2021 18:01:13 - INFO - __main__ - Evaluating to get errors .... Timecode: 11
11/02/2021 18:01:16 - INFO - __main__ - Before Error Fixing: {'EM': 0.734375, 'QA-F1': 0.8127474767080745}
11/02/2021 18:01:16 - INFO - __main__ - Found 17 errors.
11/02/2021 18:01:17 - INFO - __main__ - Start error-fixing .... Timecode: 11
11/02/2021 18:01:20 - INFO - __main__ - Start error-fixing .... Done!
11/02/2021 18:01:22 - INFO - __main__ - Overall: 0.7494132965686274 from scores=[0.7291666666666667, 0.8823529411764706, 0.94140625, 0.802734375, 0.39140625]
11/02/2021 18:01:22 - INFO - __main__ - --------------------------------------------------
11/02/2021 18:01:22 - INFO - __main__ - Evaluating to get errors .... Timecode: 12
11/02/2021 18:01:25 - INFO - __main__ - Before Error Fixing: {'EM': 0.640625, 'QA-F1': 0.7232193732193732}
11/02/2021 18:01:25 - INFO - __main__ - Found 23 errors.
11/02/2021 18:01:26 - INFO - __main__ - Start error-fixing .... Timecode: 12
11/02/2021 18:01:29 - INFO - __main__ - Start error-fixing .... Done!
11/02/2021 18:01:31 - INFO - __main__ - Overall: 0.7194066158026755 from scores=[0.7223557692307692, 0.7391304347826086, 0.94140625, 0.802734375, 0.39140625]
11/02/2021 18:01:31 - INFO - __main__ - --------------------------------------------------
11/02/2021 18:01:31 - INFO - __main__ - Evaluating to get errors .... Timecode: 13
11/02/2021 18:01:35 - INFO - __main__ - Before Error Fixing: {'EM': 0.734375, 'QA-F1': 0.7721727312719959}
11/02/2021 18:01:35 - INFO - __main__ - Found 17 errors.
11/02/2021 18:01:35 - INFO - __main__ - Start error-fixing .... Timecode: 13
11/02/2021 18:01:38 - INFO - __main__ - Start error-fixing .... Done!
11/02/2021 18:01:39 - INFO - __main__ - Overall: 0.7482228203781512 from scores=[0.7232142857142857, 0.8823529411764706, 0.94140625, 0.802734375, 0.39140625]
11/02/2021 18:01:39 - INFO - __main__ - --------------------------------------------------
11/02/2021 18:01:39 - INFO - __main__ - Evaluating to get errors .... Timecode: 14
11/02/2021 18:01:43 - INFO - __main__ - Before Error Fixing: {'EM': 0.671875, 'QA-F1': 0.7584521495500114}
11/02/2021 18:01:43 - INFO - __main__ - Found 21 errors.
11/02/2021 18:01:43 - INFO - __main__ - Start error-fixing .... Timecode: 14
11/02/2021 18:01:48 - INFO - __main__ - Start error-fixing .... Done!
11/02/2021 18:01:49 - INFO - __main__ - Overall: 0.7424962797619048 from scores=[0.7197916666666666, 0.8571428571428571, 0.94140625, 0.802734375, 0.39140625]
11/02/2021 18:01:49 - INFO - __main__ - --------------------------------------------------
11/02/2021 18:01:49 - INFO - __main__ - Start eval_knowledge_retention for UKR @ Timecode=15
11/02/2021 18:02:15 - INFO - __main__ - Upstream Knowledge Retation (UKR@15): 0.8105
11/02/2021 18:02:16 - INFO - __main__ - Start eval_knowledge_retention for OKR @ Timecode=15
11/02/2021 18:02:47 - INFO - __main__ - Online Knowledge Retation (OKR@15): 0.8984
11/02/2021 18:02:47 - INFO - __main__ - Evaluating to get errors .... Timecode: 15
11/02/2021 18:02:51 - INFO - __main__ - Before Error Fixing: {'EM': 0.6875, 'QA-F1': 0.7294270833333334}
11/02/2021 18:02:51 - INFO - __main__ - Found 20 errors.
11/02/2021 18:02:51 - INFO - __main__ - Start error-fixing .... Timecode: 15
11/02/2021 18:02:55 - INFO - __main__ - Start error-fixing .... Done!
11/02/2021 18:02:57 - INFO - __main__ - Overall: 0.7436328125 from scores=[0.7177734375, 0.9, 0.8984375, 0.810546875, 0.39140625]
11/02/2021 18:02:57 - INFO - __main__ - --------------------------------------------------
11/02/2021 18:02:57 - INFO - __main__ - Evaluating to get errors .... Timecode: 16
11/02/2021 18:03:01 - INFO - __main__ - Before Error Fixing: {'EM': 0.75, 'QA-F1': 0.791908143939394}
11/02/2021 18:03:01 - INFO - __main__ - Found 16 errors.
11/02/2021 18:03:01 - INFO - __main__ - Start error-fixing .... Timecode: 16
11/02/2021 18:03:04 - INFO - __main__ - Start error-fixing .... Done!
11/02/2021 18:03:06 - INFO - __main__ - Overall: 0.7265119485294118 from scores=[0.7196691176470589, 0.8125, 0.8984375, 0.810546875, 0.39140625]
11/02/2021 18:03:06 - INFO - __main__ - --------------------------------------------------
11/02/2021 18:03:06 - INFO - __main__ - Evaluating to get errors .... Timecode: 17
11/02/2021 18:03:09 - INFO - __main__ - Before Error Fixing: {'EM': 0.71875, 'QA-F1': 0.765625}
11/02/2021 18:03:09 - INFO - __main__ - Found 18 errors.
11/02/2021 18:03:09 - INFO - __main__ - Start error-fixing .... Timecode: 17
11/02/2021 18:03:13 - INFO - __main__ - Start error-fixing .... Done!
11/02/2021 18:03:14 - INFO - __main__ - Overall: 0.741779513888889 from scores=[0.7196180555555556, 0.8888888888888888, 0.8984375, 0.810546875, 0.39140625]
11/02/2021 18:03:14 - INFO - __main__ - --------------------------------------------------
11/02/2021 18:03:14 - INFO - __main__ - Evaluating to get errors .... Timecode: 18
11/02/2021 18:03:18 - INFO - __main__ - Before Error Fixing: {'EM': 0.78125, 'QA-F1': 0.8343152803884712}
11/02/2021 18:03:18 - INFO - __main__ - Found 14 errors.
11/02/2021 18:03:18 - INFO - __main__ - Start error-fixing .... Timecode: 18
11/02/2021 18:03:21 - INFO - __main__ - Start error-fixing .... Done!
11/02/2021 18:03:23 - INFO - __main__ - Overall: 0.7360790648496242 from scores=[0.7228618421052632, 0.8571428571428571, 0.8984375, 0.810546875, 0.39140625]
11/02/2021 18:03:23 - INFO - __main__ - --------------------------------------------------
11/02/2021 18:03:23 - INFO - __main__ - Evaluating to get errors .... Timecode: 19
11/02/2021 18:03:28 - INFO - __main__ - Before Error Fixing: {'EM': 0.640625, 'QA-F1': 0.7193466689560439}
11/02/2021 18:03:28 - INFO - __main__ - Found 23 errors.
11/02/2021 18:03:28 - INFO - __main__ - Start error-fixing .... Timecode: 19
11/02/2021 18:03:33 - INFO - __main__ - Start error-fixing .... Done!
11/02/2021 18:03:35 - INFO - __main__ - Overall: 0.7377411684782609 from scores=[0.71875, 0.8695652173913043, 0.8984375, 0.810546875, 0.39140625]
11/02/2021 18:03:35 - INFO - __main__ - --------------------------------------------------
11/02/2021 18:03:35 - INFO - __main__ - Start eval_knowledge_retention for UKR @ Timecode=20
11/02/2021 18:04:03 - INFO - __main__ - Upstream Knowledge Retation (UKR@20): 0.7891
11/02/2021 18:04:04 - INFO - __main__ - Start eval_knowledge_retention for OKR @ Timecode=20
11/02/2021 18:04:39 - INFO - __main__ - Online Knowledge Retation (OKR@20): 0.9238
11/02/2021 18:04:39 - INFO - __main__ - Start eval_knowledge_generalization for KG @ Timecode=20
11/02/2021 18:05:53 - INFO - __main__ - Future Knowledge Generalization (KG@20): 0.4656
11/02/2021 18:05:53 - INFO - __main__ - Evaluating to get errors .... Timecode: 20
11/02/2021 18:05:56 - INFO - __main__ - Before Error Fixing: {'EM': 0.765625, 'QA-F1': 0.8117694805194805}
11/02/2021 18:05:56 - INFO - __main__ - Found 15 errors.
11/02/2021 18:05:56 - INFO - __main__ - Start error-fixing .... Timecode: 20
11/02/2021 18:05:59 - INFO - __main__ - Start error-fixing .... Done!
11/02/2021 18:06:01 - INFO - __main__ - Overall: 0.753232886904762 from scores=[0.7209821428571428, 0.8666666666666667, 0.923828125, 0.7890625, 0.465625]
11/02/2021 18:06:01 - INFO - __main__ - --------------------------------------------------
11/02/2021 18:06:01 - INFO - __main__ - Evaluating to get errors .... Timecode: 21
11/02/2021 18:06:06 - INFO - __main__ - Before Error Fixing: {'EM': 0.65625, 'QA-F1': 0.7651984863333547}
11/02/2021 18:06:06 - INFO - __main__ - Found 22 errors.
11/02/2021 18:06:06 - INFO - __main__ - Start error-fixing .... Timecode: 21
11/02/2021 18:06:10 - INFO - __main__ - Start error-fixing .... Done!
11/02/2021 18:06:12 - INFO - __main__ - Overall: 0.7429474431818182 from scores=[0.7180397727272727, 0.8181818181818182, 0.923828125, 0.7890625, 0.465625]
11/02/2021 18:06:12 - INFO - __main__ - --------------------------------------------------
11/02/2021 18:06:12 - INFO - __main__ - Evaluating to get errors .... Timecode: 22
11/02/2021 18:06:15 - INFO - __main__ - Before Error Fixing: {'EM': 0.65625, 'QA-F1': 0.7521967520753863}
11/02/2021 18:06:15 - INFO - __main__ - Found 22 errors.
11/02/2021 18:06:15 - INFO - __main__ - Start error-fixing .... Timecode: 22
11/02/2021 18:06:20 - INFO - __main__ - Start error-fixing .... Done!
11/02/2021 18:06:22 - INFO - __main__ - Overall: 0.7242283226284585 from scores=[0.7153532608695652, 0.7272727272727273, 0.923828125, 0.7890625, 0.465625]
11/02/2021 18:06:22 - INFO - __main__ - --------------------------------------------------
11/02/2021 18:06:22 - INFO - __main__ - Evaluating to get errors .... Timecode: 23
11/02/2021 18:06:26 - INFO - __main__ - Before Error Fixing: {'EM': 0.484375, 'QA-F1': 0.6277215025756426}
11/02/2021 18:06:26 - INFO - __main__ - Found 33 errors.
11/02/2021 18:06:26 - INFO - __main__ - Start error-fixing .... Timecode: 23
11/02/2021 18:06:33 - INFO - __main__ - Start error-fixing .... Done!
11/02/2021 18:06:36 - INFO - __main__ - Overall: 0.7283641098484849 from scores=[0.7057291666666667, 0.7575757575757576, 0.923828125, 0.7890625, 0.465625]
11/02/2021 18:06:36 - INFO - __main__ - --------------------------------------------------
11/02/2021 18:06:36 - INFO - __main__ - Evaluating to get errors .... Timecode: 24
11/02/2021 18:06:40 - INFO - __main__ - Before Error Fixing: {'EM': 0.6875, 'QA-F1': 0.7392269736842105}
11/02/2021 18:06:40 - INFO - __main__ - Found 20 errors.
11/02/2021 18:06:40 - INFO - __main__ - Start error-fixing .... Timecode: 24
11/02/2021 18:06:45 - INFO - __main__ - Start error-fixing .... Done!
11/02/2021 18:06:46 - INFO - __main__ - Overall: 0.736703125 from scores=[0.7050000000000001, 0.8, 0.923828125, 0.7890625, 0.465625]
11/02/2021 18:06:46 - INFO - __main__ - --------------------------------------------------
11/02/2021 18:06:46 - INFO - __main__ - Start eval_knowledge_retention for UKR @ Timecode=25
11/02/2021 18:07:14 - INFO - __main__ - Upstream Knowledge Retation (UKR@25): 0.7871
11/02/2021 18:07:15 - INFO - __main__ - Start eval_knowledge_retention for OKR @ Timecode=25
11/02/2021 18:07:49 - INFO - __main__ - Online Knowledge Retation (OKR@25): 0.8711
11/02/2021 18:07:49 - INFO - __main__ - Evaluating to get errors .... Timecode: 25
11/02/2021 18:07:53 - INFO - __main__ - Before Error Fixing: {'EM': 0.671875, 'QA-F1': 0.7550027412280702}
11/02/2021 18:07:53 - INFO - __main__ - Found 21 errors.
11/02/2021 18:07:53 - INFO - __main__ - Start error-fixing .... Timecode: 25
11/02/2021 18:07:58 - INFO - __main__ - Start error-fixing .... Done!
11/02/2021 18:07:59 - INFO - __main__ - Overall: 0.7464631982600733 from scores=[0.7037259615384616, 0.9047619047619048, 0.87109375, 0.787109375, 0.465625]
11/02/2021 18:07:59 - INFO - __main__ - --------------------------------------------------
11/02/2021 18:07:59 - INFO - __main__ - Evaluating to get errors .... Timecode: 26
11/02/2021 18:08:03 - INFO - __main__ - Before Error Fixing: {'EM': 0.59375, 'QA-F1': 0.6854910714285714}
11/02/2021 18:08:03 - INFO - __main__ - Found 26 errors.
11/02/2021 18:08:03 - INFO - __main__ - Start error-fixing .... Timecode: 26
11/02/2021 18:08:09 - INFO - __main__ - Start error-fixing .... Done!
11/02/2021 18:08:10 - INFO - __main__ - Overall: 0.7493115651709402 from scores=[0.6996527777777778, 0.9230769230769231, 0.87109375, 0.787109375, 0.465625]
11/02/2021 18:08:10 - INFO - __main__ - --------------------------------------------------
11/02/2021 18:08:10 - INFO - __main__ - Evaluating to get errors .... Timecode: 27
11/02/2021 18:08:13 - INFO - __main__ - Before Error Fixing: {'EM': 0.671875, 'QA-F1': 0.7583333333333333}
11/02/2021 18:08:13 - INFO - __main__ - Found 21 errors.
11/02/2021 18:08:13 - INFO - __main__ - Start error-fixing .... Timecode: 27
11/02/2021 18:08:18 - INFO - __main__ - Start error-fixing .... Done!
11/02/2021 18:08:20 - INFO - __main__ - Overall: 0.7073549107142858 from scores=[0.6986607142857143, 0.7142857142857143, 0.87109375, 0.787109375, 0.465625]
11/02/2021 18:08:20 - INFO - __main__ - --------------------------------------------------
11/02/2021 18:08:20 - INFO - __main__ - Evaluating to get errors .... Timecode: 28
11/02/2021 18:08:25 - INFO - __main__ - Before Error Fixing: {'EM': 0.59375, 'QA-F1': 0.7032121524309025}
11/02/2021 18:08:25 - INFO - __main__ - Found 26 errors.
11/02/2021 18:08:25 - INFO - __main__ - Start error-fixing .... Timecode: 28
11/02/2021 18:08:31 - INFO - __main__ - Start error-fixing .... Done!
11/02/2021 18:08:32 - INFO - __main__ - Overall: 0.7560819379973476 from scores=[0.6950431034482758, 0.9615384615384616, 0.87109375, 0.787109375, 0.465625]
11/02/2021 18:08:32 - INFO - __main__ - --------------------------------------------------
11/02/2021 18:08:32 - INFO - __main__ - Evaluating to get errors .... Timecode: 29
11/02/2021 18:08:36 - INFO - __main__ - Before Error Fixing: {'EM': 0.703125, 'QA-F1': 0.7453125}
11/02/2021 18:08:36 - INFO - __main__ - Found 19 errors.
11/02/2021 18:08:36 - INFO - __main__ - Start error-fixing .... Timecode: 29
11/02/2021 18:08:40 - INFO - __main__ - Start error-fixing .... Done!
11/02/2021 18:08:42 - INFO - __main__ - Overall: 0.7638281250000001 from scores=[0.6953125, 1.0, 0.87109375, 0.787109375, 0.465625]
11/02/2021 18:08:42 - INFO - __main__ - --------------------------------------------------
11/02/2021 18:08:42 - INFO - __main__ - Start eval_knowledge_retention for UKR @ Timecode=30
11/02/2021 18:09:08 - INFO - __main__ - Upstream Knowledge Retation (UKR@30): 0.7812
11/02/2021 18:09:09 - INFO - __main__ - Start eval_knowledge_retention for OKR @ Timecode=30
11/02/2021 18:09:41 - INFO - __main__ - Online Knowledge Retation (OKR@30): 0.8789
11/02/2021 18:09:41 - INFO - __main__ - Start eval_knowledge_generalization for KG @ Timecode=30
11/02/2021 18:10:54 - INFO - __main__ - Future Knowledge Generalization (KG@30): 0.4859
11/02/2021 18:10:54 - INFO - __main__ - Evaluating to get errors .... Timecode: 30
11/02/2021 18:10:58 - INFO - __main__ - Before Error Fixing: {'EM': 0.609375, 'QA-F1': 0.659483497346307}
11/02/2021 18:10:58 - INFO - __main__ - Found 25 errors.
11/02/2021 18:10:58 - INFO - __main__ - Start error-fixing .... Timecode: 30
11/02/2021 18:11:03 - INFO - __main__ - Start error-fixing .... Done!
11/02/2021 18:11:04 - INFO - __main__ - Overall: 0.7437268145161291 from scores=[0.6925403225806452, 0.88, 0.87890625, 0.78125, 0.4859375]
11/02/2021 18:11:04 - INFO - __main__ - --------------------------------------------------
11/02/2021 18:11:04 - INFO - __main__ - Evaluating to get errors .... Timecode: 31
11/02/2021 18:11:07 - INFO - __main__ - Before Error Fixing: {'EM': 0.65625, 'QA-F1': 0.7480282738095239}
11/02/2021 18:11:07 - INFO - __main__ - Found 22 errors.
11/02/2021 18:11:07 - INFO - __main__ - Start error-fixing .... Timecode: 31
11/02/2021 18:11:12 - INFO - __main__ - Start error-fixing .... Done!
11/02/2021 18:11:14 - INFO - __main__ - Overall: 0.7129545454545455 from scores=[0.69140625, 0.7272727272727273, 0.87890625, 0.78125, 0.4859375]
11/02/2021 18:11:14 - INFO - __main__ - --------------------------------------------------
11/02/2021 18:11:14 - INFO - __main__ - Evaluating to get errors .... Timecode: 32
11/02/2021 18:11:18 - INFO - __main__ - Before Error Fixing: {'EM': 0.640625, 'QA-F1': 0.762624007936508}
11/02/2021 18:11:18 - INFO - __main__ - Found 23 errors.
11/02/2021 18:11:18 - INFO - __main__ - Start error-fixing .... Timecode: 32
11/02/2021 18:11:23 - INFO - __main__ - Start error-fixing .... Done!
11/02/2021 18:11:25 - INFO - __main__ - Overall: 0.7237139739789196 from scores=[0.6898674242424243, 0.782608695652174, 0.87890625, 0.78125, 0.4859375]
11/02/2021 18:11:25 - INFO - __main__ - --------------------------------------------------
11/02/2021 18:11:25 - INFO - __main__ - Evaluating to get errors .... Timecode: 33
11/02/2021 18:11:28 - INFO - __main__ - Before Error Fixing: {'EM': 0.625, 'QA-F1': 0.7149068762120233}
11/02/2021 18:11:28 - INFO - __main__ - Found 24 errors.
11/02/2021 18:11:29 - INFO - __main__ - Start error-fixing .... Timecode: 33
11/02/2021 18:11:34 - INFO - __main__ - Start error-fixing .... Done!
11/02/2021 18:11:35 - INFO - __main__ - Overall: 0.7334773284313726 from scores=[0.6879595588235294, 0.8333333333333334, 0.87890625, 0.78125, 0.4859375]
11/02/2021 18:11:35 - INFO - __main__ - --------------------------------------------------
11/02/2021 18:11:35 - INFO - __main__ - Evaluating to get errors .... Timecode: 34
11/02/2021 18:11:38 - INFO - __main__ - Before Error Fixing: {'EM': 0.578125, 'QA-F1': 0.6294108669108669}
11/02/2021 18:11:38 - INFO - __main__ - Found 27 errors.
11/02/2021 18:11:38 - INFO - __main__ - Start error-fixing .... Timecode: 34
11/02/2021 18:11:44 - INFO - __main__ - Start error-fixing .... Done!
11/02/2021 18:11:45 - INFO - __main__ - Overall: 0.7365534060846561 from scores=[0.6848214285714286, 0.8518518518518519, 0.87890625, 0.78125, 0.4859375]
11/02/2021 18:11:45 - INFO - __main__ - --------------------------------------------------
11/02/2021 18:11:45 - INFO - __main__ - Start eval_knowledge_retention for UKR @ Timecode=35
11/02/2021 18:12:09 - INFO - __main__ - Upstream Knowledge Retation (UKR@35): 0.7637
11/02/2021 18:12:09 - INFO - __main__ - Start eval_knowledge_retention for OKR @ Timecode=35
11/02/2021 18:12:38 - INFO - __main__ - Online Knowledge Retation (OKR@35): 0.8770
11/02/2021 18:12:38 - INFO - __main__ - Evaluating to get errors .... Timecode: 35
11/02/2021 18:12:42 - INFO - __main__ - Before Error Fixing: {'EM': 0.625, 'QA-F1': 0.6581839431703562}
11/02/2021 18:12:42 - INFO - __main__ - Found 24 errors.
11/02/2021 18:12:42 - INFO - __main__ - Start error-fixing .... Timecode: 35
11/02/2021 18:12:46 - INFO - __main__ - Start error-fixing .... Done!
11/02/2021 18:12:49 - INFO - __main__ - Overall: 0.6952777777777778 from scores=[0.6831597222222222, 0.6666666666666666, 0.876953125, 0.763671875, 0.4859375]
11/02/2021 18:12:49 - INFO - __main__ - --------------------------------------------------
11/02/2021 18:12:49 - INFO - __main__ - Evaluating to get errors .... Timecode: 36
11/02/2021 18:12:52 - INFO - __main__ - Before Error Fixing: {'EM': 0.65625, 'QA-F1': 0.7303318107546048}
11/02/2021 18:12:52 - INFO - __main__ - Found 22 errors.
11/02/2021 18:12:53 - INFO - __main__ - Start error-fixing .... Timecode: 36
11/02/2021 18:12:57 - INFO - __main__ - Start error-fixing .... Done!
11/02/2021 18:12:59 - INFO - __main__ - Overall: 0.7254353501228501 from scores=[0.6824324324324325, 0.8181818181818182, 0.876953125, 0.763671875, 0.4859375]
11/02/2021 18:12:59 - INFO - __main__ - --------------------------------------------------
11/02/2021 18:12:59 - INFO - __main__ - Evaluating to get errors .... Timecode: 37
11/02/2021 18:13:03 - INFO - __main__ - Before Error Fixing: {'EM': 0.59375, 'QA-F1': 0.6663577690691661}
11/02/2021 18:13:03 - INFO - __main__ - Found 26 errors.
11/02/2021 18:13:03 - INFO - __main__ - Start error-fixing .... Timecode: 37
11/02/2021 18:13:09 - INFO - __main__ - Start error-fixing .... Done!
11/02/2021 18:13:10 - INFO - __main__ - Overall: 0.7228706983805668 from scores=[0.6800986842105263, 0.8076923076923077, 0.876953125, 0.763671875, 0.4859375]
11/02/2021 18:13:10 - INFO - __main__ - --------------------------------------------------
11/02/2021 18:13:10 - INFO - __main__ - Evaluating to get errors .... Timecode: 38
11/02/2021 18:13:15 - INFO - __main__ - Before Error Fixing: {'EM': 0.671875, 'QA-F1': 0.7415200628176172}
11/02/2021 18:13:15 - INFO - __main__ - Found 21 errors.
11/02/2021 18:13:15 - INFO - __main__ - Start error-fixing .... Timecode: 38
11/02/2021 18:13:20 - INFO - __main__ - Start error-fixing .... Done!
11/02/2021 18:13:22 - INFO - __main__ - Overall: 0.723194826007326 from scores=[0.6798878205128205, 0.8095238095238095, 0.876953125, 0.763671875, 0.4859375]
11/02/2021 18:13:22 - INFO - __main__ - --------------------------------------------------
11/02/2021 18:13:22 - INFO - __main__ - Evaluating to get errors .... Timecode: 39
11/02/2021 18:13:27 - INFO - __main__ - Before Error Fixing: {'EM': 0.546875, 'QA-F1': 0.6494486763236763}
11/02/2021 18:13:27 - INFO - __main__ - Found 29 errors.
11/02/2021 18:13:27 - INFO - __main__ - Start error-fixing .... Timecode: 39
11/02/2021 18:13:34 - INFO - __main__ - Start error-fixing .... Done!
11/02/2021 18:13:36 - INFO - __main__ - Overall: 0.7330387931034482 from scores=[0.6765625, 0.8620689655172413, 0.876953125, 0.763671875, 0.4859375]
11/02/2021 18:13:36 - INFO - __main__ - --------------------------------------------------
11/02/2021 18:13:36 - INFO - __main__ - Start eval_knowledge_retention for UKR @ Timecode=40
11/02/2021 18:14:09 - INFO - __main__ - Upstream Knowledge Retation (UKR@40): 0.7305
11/02/2021 18:14:10 - INFO - __main__ - Start eval_knowledge_retention for OKR @ Timecode=40
11/02/2021 18:14:49 - INFO - __main__ - Online Knowledge Retation (OKR@40): 0.8535
11/02/2021 18:14:49 - INFO - __main__ - Start eval_knowledge_generalization for KG @ Timecode=40
11/02/2021 18:16:13 - INFO - __main__ - Future Knowledge Generalization (KG@40): 0.4305
11/02/2021 18:16:13 - INFO - __main__ - Evaluating to get errors .... Timecode: 40
11/02/2021 18:16:18 - INFO - __main__ - Before Error Fixing: {'EM': 0.484375, 'QA-F1': 0.5867546470342524}
11/02/2021 18:16:18 - INFO - __main__ - Found 33 errors.
11/02/2021 18:16:18 - INFO - __main__ - Start error-fixing .... Timecode: 40
11/02/2021 18:16:26 - INFO - __main__ - Start error-fixing .... Done!
11/02/2021 18:16:29 - INFO - __main__ - Overall: 0.7190838068181818 from scores=[0.671875, 0.9090909090909091, 0.853515625, 0.73046875, 0.43046875]
11/02/2021 18:16:29 - INFO - __main__ - --------------------------------------------------
11/02/2021 18:16:29 - INFO - __main__ - Evaluating to get errors .... Timecode: 41
11/02/2021 18:16:33 - INFO - __main__ - Before Error Fixing: {'EM': 0.625, 'QA-F1': 0.683829293557912}
11/02/2021 18:16:33 - INFO - __main__ - Found 24 errors.
11/02/2021 18:16:34 - INFO - __main__ - Start error-fixing .... Timecode: 41
11/02/2021 18:16:39 - INFO - __main__ - Start error-fixing .... Done!
11/02/2021 18:16:40 - INFO - __main__ - Overall: 0.7120424107142858 from scores=[0.6707589285714286, 0.875, 0.853515625, 0.73046875, 0.43046875]
11/02/2021 18:16:40 - INFO - __main__ - --------------------------------------------------
11/02/2021 18:16:40 - INFO - __main__ - Evaluating to get errors .... Timecode: 42
11/02/2021 18:16:45 - INFO - __main__ - Before Error Fixing: {'EM': 0.53125, 'QA-F1': 0.6501438492063492}
11/02/2021 18:16:45 - INFO - __main__ - Found 30 errors.
11/02/2021 18:16:45 - INFO - __main__ - Start error-fixing .... Timecode: 42
11/02/2021 18:16:52 - INFO - __main__ - Start error-fixing .... Done!
11/02/2021 18:16:54 - INFO - __main__ - Overall: 0.6963935319767443 from scores=[0.6675145348837209, 0.8, 0.853515625, 0.73046875, 0.43046875]
11/02/2021 18:16:54 - INFO - __main__ - --------------------------------------------------
11/02/2021 18:16:54 - INFO - __main__ - Evaluating to get errors .... Timecode: 43
11/02/2021 18:16:58 - INFO - __main__ - Before Error Fixing: {'EM': 0.59375, 'QA-F1': 0.6875591096232769}
11/02/2021 18:16:58 - INFO - __main__ - Found 26 errors.
11/02/2021 18:16:58 - INFO - __main__ - Start error-fixing .... Timecode: 43
11/02/2021 18:17:04 - INFO - __main__ - Start error-fixing .... Done!
11/02/2021 18:17:06 - INFO - __main__ - Overall: 0.6745197770979021 from scores=[0.6658380681818181, 0.6923076923076923, 0.853515625, 0.73046875, 0.43046875]
11/02/2021 18:17:06 - INFO - __main__ - --------------------------------------------------
11/02/2021 18:17:06 - INFO - __main__ - Evaluating to get errors .... Timecode: 44
11/02/2021 18:17:11 - INFO - __main__ - Before Error Fixing: {'EM': 0.5, 'QA-F1': 0.6177485795454546}
11/02/2021 18:17:11 - INFO - __main__ - Found 32 errors.
11/02/2021 18:17:11 - INFO - __main__ - Start error-fixing .... Timecode: 44
11/02/2021 18:17:18 - INFO - __main__ - Start error-fixing .... Done!
11/02/2021 18:17:20 - INFO - __main__ - Overall: 0.7290711805555556 from scores=[0.6621527777777778, 0.96875, 0.853515625, 0.73046875, 0.43046875]
11/02/2021 18:17:20 - INFO - __main__ - --------------------------------------------------
11/02/2021 18:17:20 - INFO - __main__ - Start eval_knowledge_retention for UKR @ Timecode=45
11/02/2021 18:17:45 - INFO - __main__ - Upstream Knowledge Retation (UKR@45): 0.7891
11/02/2021 18:17:45 - INFO - __main__ - Start eval_knowledge_retention for OKR @ Timecode=45
11/02/2021 18:18:17 - INFO - __main__ - Online Knowledge Retation (OKR@45): 0.9062
11/02/2021 18:18:17 - INFO - __main__ - Evaluating to get errors .... Timecode: 45
11/02/2021 18:18:20 - INFO - __main__ - Before Error Fixing: {'EM': 0.6875, 'QA-F1': 0.7539434523809524}
11/02/2021 18:18:20 - INFO - __main__ - Found 20 errors.
11/02/2021 18:18:20 - INFO - __main__ - Start error-fixing .... Timecode: 45
11/02/2021 18:18:24 - INFO - __main__ - Start error-fixing .... Done!
11/02/2021 18:18:26 - INFO - __main__ - Overall: 0.7376970108695653 from scores=[0.6627038043478262, 0.9, 0.90625, 0.7890625, 0.43046875]
11/02/2021 18:18:26 - INFO - __main__ - --------------------------------------------------
11/02/2021 18:18:26 - INFO - __main__ - Evaluating to get errors .... Timecode: 46
11/02/2021 18:18:31 - INFO - __main__ - Before Error Fixing: {'EM': 0.671875, 'QA-F1': 0.745854419830713}
11/02/2021 18:18:31 - INFO - __main__ - Found 21 errors.
11/02/2021 18:18:31 - INFO - __main__ - Start error-fixing .... Timecode: 46
11/02/2021 18:18:35 - INFO - __main__ - Start error-fixing .... Done!
11/02/2021 18:18:38 - INFO - __main__ - Overall: 0.7005931800911854 from scores=[0.6628989361702128, 0.7142857142857143, 0.90625, 0.7890625, 0.43046875]
11/02/2021 18:18:38 - INFO - __main__ - --------------------------------------------------
11/02/2021 18:18:38 - INFO - __main__ - Evaluating to get errors .... Timecode: 47
11/02/2021 18:18:43 - INFO - __main__ - Before Error Fixing: {'EM': 0.5, 'QA-F1': 0.5846376189217759}
11/02/2021 18:18:43 - INFO - __main__ - Found 32 errors.
11/02/2021 18:18:43 - INFO - __main__ - Start error-fixing .... Timecode: 47
11/02/2021 18:18:50 - INFO - __main__ - Start error-fixing .... Done!
11/02/2021 18:18:52 - INFO - __main__ - Overall: 0.7445572916666666 from scores=[0.6595052083333333, 0.9375, 0.90625, 0.7890625, 0.43046875]
11/02/2021 18:18:52 - INFO - __main__ - --------------------------------------------------
11/02/2021 18:18:52 - INFO - __main__ - Evaluating to get errors .... Timecode: 48
11/02/2021 18:18:57 - INFO - __main__ - Before Error Fixing: {'EM': 0.640625, 'QA-F1': 0.7263232376283847}
11/02/2021 18:18:57 - INFO - __main__ - Found 23 errors.
11/02/2021 18:18:57 - INFO - __main__ - Start error-fixing .... Timecode: 48
11/02/2021 18:19:02 - INFO - __main__ - Start error-fixing .... Done!
11/02/2021 18:19:04 - INFO - __main__ - Overall: 0.6961106643744455 from scores=[0.6591198979591837, 0.6956521739130435, 0.90625, 0.7890625, 0.43046875]
11/02/2021 18:19:04 - INFO - __main__ - --------------------------------------------------
11/02/2021 18:19:04 - INFO - __main__ - Evaluating to get errors .... Timecode: 49
11/02/2021 18:19:09 - INFO - __main__ - Before Error Fixing: {'EM': 0.578125, 'QA-F1': 0.6472090919701214}
11/02/2021 18:19:09 - INFO - __main__ - Found 27 errors.
11/02/2021 18:19:09 - INFO - __main__ - Start error-fixing .... Timecode: 49
11/02/2021 18:19:15 - INFO - __main__ - Start error-fixing .... Done!
11/02/2021 18:19:17 - INFO - __main__ - Overall: 0.7048043981481482 from scores=[0.6575, 0.7407407407407407, 0.90625, 0.7890625, 0.43046875]
11/02/2021 18:19:17 - INFO - __main__ - --------------------------------------------------
11/02/2021 18:19:17 - INFO - __main__ - Start eval_knowledge_retention for UKR @ Timecode=50
11/02/2021 18:19:52 - INFO - __main__ - Upstream Knowledge Retation (UKR@50): 0.7539
11/02/2021 18:19:53 - INFO - __main__ - Start eval_knowledge_retention for OKR @ Timecode=50
11/02/2021 18:20:34 - INFO - __main__ - Online Knowledge Retation (OKR@50): 0.8477
11/02/2021 18:20:34 - INFO - __main__ - Start eval_knowledge_generalization for KG @ Timecode=50
11/02/2021 18:22:02 - INFO - __main__ - Future Knowledge Generalization (KG@50): 0.4672
11/02/2021 18:22:02 - INFO - __main__ - Evaluating to get errors .... Timecode: 50
11/02/2021 18:22:07 - INFO - __main__ - Before Error Fixing: {'EM': 0.546875, 'QA-F1': 0.6522766398225956}
11/02/2021 18:22:07 - INFO - __main__ - Found 29 errors.
11/02/2021 18:22:07 - INFO - __main__ - Start error-fixing .... Timecode: 50
11/02/2021 18:22:14 - INFO - __main__ - Start error-fixing .... Done!
11/02/2021 18:22:15 - INFO - __main__ - Overall: 0.7379196247464503 from scores=[0.6553308823529411, 0.9655172413793104, 0.84765625, 0.75390625, 0.4671875]
11/02/2021 18:22:15 - INFO - __main__ - --------------------------------------------------
11/02/2021 18:22:15 - INFO - __main__ - Evaluating to get errors .... Timecode: 51
11/02/2021 18:22:20 - INFO - __main__ - Before Error Fixing: {'EM': 0.609375, 'QA-F1': 0.6564112103174603}
11/02/2021 18:22:20 - INFO - __main__ - Found 25 errors.
11/02/2021 18:22:20 - INFO - __main__ - Start error-fixing .... Timecode: 51
11/02/2021 18:22:26 - INFO - __main__ - Start error-fixing .... Done!
11/02/2021 18:22:28 - INFO - __main__ - Overall: 0.7286394230769231 from scores=[0.6544471153846154, 0.92, 0.84765625, 0.75390625, 0.4671875]
11/02/2021 18:22:28 - INFO - __main__ - --------------------------------------------------
11/02/2021 18:22:28 - INFO - __main__ - Evaluating to get errors .... Timecode: 52
11/02/2021 18:22:32 - INFO - __main__ - Before Error Fixing: {'EM': 0.578125, 'QA-F1': 0.629677324989825}
11/02/2021 18:22:32 - INFO - __main__ - Found 27 errors.
11/02/2021 18:22:32 - INFO - __main__ - Start error-fixing .... Timecode: 52
11/02/2021 18:22:39 - INFO - __main__ - Start error-fixing .... Done!
11/02/2021 18:22:41 - INFO - __main__ - Overall: 0.7369440076869322 from scores=[0.6530070754716981, 0.9629629629629629, 0.84765625, 0.75390625, 0.4671875]
11/02/2021 18:22:41 - INFO - __main__ - --------------------------------------------------
11/02/2021 18:22:41 - INFO - __main__ - Evaluating to get errors .... Timecode: 53
11/02/2021 18:22:46 - INFO - __main__ - Before Error Fixing: {'EM': 0.546875, 'QA-F1': 0.611814765694076}
11/02/2021 18:22:46 - INFO - __main__ - Found 29 errors.
11/02/2021 18:22:46 - INFO - __main__ - Start error-fixing .... Timecode: 53
11/02/2021 18:22:52 - INFO - __main__ - Start error-fixing .... Done!
11/02/2021 18:22:54 - INFO - __main__ - Overall: 0.7301652298850575 from scores=[0.6510416666666667, 0.9310344827586207, 0.84765625, 0.75390625, 0.4671875]
11/02/2021 18:22:54 - INFO - __main__ - --------------------------------------------------
11/02/2021 18:22:54 - INFO - __main__ - Evaluating to get errors .... Timecode: 54
11/02/2021 18:22:59 - INFO - __main__ - Before Error Fixing: {'EM': 0.609375, 'QA-F1': 0.6991144332200366}
11/02/2021 18:22:59 - INFO - __main__ - Found 25 errors.
11/02/2021 18:22:59 - INFO - __main__ - Start error-fixing .... Timecode: 54
11/02/2021 18:23:05 - INFO - __main__ - Start error-fixing .... Done!
11/02/2021 18:23:07 - INFO - __main__ - Overall: 0.7198068181818182 from scores=[0.6502840909090909, 0.88, 0.84765625, 0.75390625, 0.4671875]
11/02/2021 18:23:07 - INFO - __main__ - --------------------------------------------------
11/02/2021 18:23:07 - INFO - __main__ - Start eval_knowledge_retention for UKR @ Timecode=55
11/02/2021 18:23:33 - INFO - __main__ - Upstream Knowledge Retation (UKR@55): 0.7734
11/02/2021 18:23:34 - INFO - __main__ - Start eval_knowledge_retention for OKR @ Timecode=55
11/02/2021 18:24:07 - INFO - __main__ - Online Knowledge Retation (OKR@55): 0.8516
11/02/2021 18:24:07 - INFO - __main__ - Evaluating to get errors .... Timecode: 55
11/02/2021 18:24:11 - INFO - __main__ - Before Error Fixing: {'EM': 0.515625, 'QA-F1': 0.6142750850340136}
11/02/2021 18:24:11 - INFO - __main__ - Found 31 errors.
11/02/2021 18:24:11 - INFO - __main__ - Start error-fixing .... Timecode: 55
11/02/2021 18:24:18 - INFO - __main__ - Start error-fixing .... Done!
11/02/2021 18:24:20 - INFO - __main__ - Overall: 0.7222069412442397 from scores=[0.6478794642857143, 0.8709677419354839, 0.8515625, 0.7734375, 0.4671875]
11/02/2021 18:24:20 - INFO - __main__ - --------------------------------------------------
11/02/2021 18:24:20 - INFO - __main__ - Evaluating to get errors .... Timecode: 56
11/02/2021 18:24:24 - INFO - __main__ - Before Error Fixing: {'EM': 0.625, 'QA-F1': 0.7383439516535593}
11/02/2021 18:24:24 - INFO - __main__ - Found 24 errors.
11/02/2021 18:24:24 - INFO - __main__ - Start error-fixing .... Timecode: 56
11/02/2021 18:24:30 - INFO - __main__ - Start error-fixing .... Done!
11/02/2021 18:24:31 - INFO - __main__ - Overall: 0.6812664473684211 from scores=[0.6474780701754386, 0.6666666666666666, 0.8515625, 0.7734375, 0.4671875]
11/02/2021 18:24:31 - INFO - __main__ - --------------------------------------------------
11/02/2021 18:24:31 - INFO - __main__ - Evaluating to get errors .... Timecode: 57
11/02/2021 18:24:36 - INFO - __main__ - Before Error Fixing: {'EM': 0.515625, 'QA-F1': 0.6444391579165515}
11/02/2021 18:24:36 - INFO - __main__ - Found 31 errors.
11/02/2021 18:24:37 - INFO - __main__ - Start error-fixing .... Timecode: 57
11/02/2021 18:24:43 - INFO - __main__ - Start error-fixing .... Done!
11/02/2021 18:24:46 - INFO - __main__ - Overall: 0.7087687708565072 from scores=[0.6452047413793103, 0.8064516129032258, 0.8515625, 0.7734375, 0.4671875]
11/02/2021 18:24:46 - INFO - __main__ - --------------------------------------------------
11/02/2021 18:24:46 - INFO - __main__ - Evaluating to get errors .... Timecode: 58
11/02/2021 18:24:50 - INFO - __main__ - Before Error Fixing: {'EM': 0.640625, 'QA-F1': 0.7444940476190476}
11/02/2021 18:24:50 - INFO - __main__ - Found 23 errors.
11/02/2021 18:24:50 - INFO - __main__ - Start error-fixing .... Timecode: 58
11/02/2021 18:24:55 - INFO - __main__ - Start error-fixing .... Done!
11/02/2021 18:24:56 - INFO - __main__ - Overall: 0.6952890106853353 from scores=[0.6451271186440678, 0.7391304347826086, 0.8515625, 0.7734375, 0.4671875]
11/02/2021 18:24:56 - INFO - __main__ - --------------------------------------------------
11/02/2021 18:24:56 - INFO - __main__ - Evaluating to get errors .... Timecode: 59
11/02/2021 18:24:59 - INFO - __main__ - Before Error Fixing: {'EM': 0.53125, 'QA-F1': 0.649519751082251}
11/02/2021 18:24:59 - INFO - __main__ - Found 30 errors.
11/02/2021 18:25:00 - INFO - __main__ - Start error-fixing .... Timecode: 59
11/02/2021 18:25:06 - INFO - __main__ - Start error-fixing .... Done!
11/02/2021 18:25:08 - INFO - __main__ - Overall: 0.71375 from scores=[0.6432291666666667, 0.8333333333333334, 0.8515625, 0.7734375, 0.4671875]
11/02/2021 18:25:08 - INFO - __main__ - --------------------------------------------------
11/02/2021 18:25:08 - INFO - __main__ - Start eval_knowledge_retention for UKR @ Timecode=60
11/02/2021 18:25:33 - INFO - __main__ - Upstream Knowledge Retation (UKR@60): 0.7773
11/02/2021 18:25:34 - INFO - __main__ - Start eval_knowledge_retention for OKR @ Timecode=60
11/02/2021 18:26:06 - INFO - __main__ - Online Knowledge Retation (OKR@60): 0.8594
11/02/2021 18:26:06 - INFO - __main__ - Start eval_knowledge_generalization for KG @ Timecode=60
11/02/2021 18:27:15 - INFO - __main__ - Future Knowledge Generalization (KG@60): 0.5016
11/02/2021 18:27:15 - INFO - __main__ - Evaluating to get errors .... Timecode: 60
11/02/2021 18:27:19 - INFO - __main__ - Before Error Fixing: {'EM': 0.5625, 'QA-F1': 0.6558982683982684}
11/02/2021 18:27:19 - INFO - __main__ - Found 28 errors.
11/02/2021 18:27:19 - INFO - __main__ - Start error-fixing .... Timecode: 60
11/02/2021 18:27:25 - INFO - __main__ - Start error-fixing .... Done!
11/02/2021 18:27:28 - INFO - __main__ - Overall: 0.7346088261124122 from scores=[0.641905737704918, 0.8928571428571429, 0.859375, 0.77734375, 0.5015625]
11/02/2021 18:27:28 - INFO - __main__ - --------------------------------------------------
11/02/2021 18:27:28 - INFO - __main__ - Evaluating to get errors .... Timecode: 61
11/02/2021 18:27:32 - INFO - __main__ - Before Error Fixing: {'EM': 0.578125, 'QA-F1': 0.6532118833034781}
11/02/2021 18:27:32 - INFO - __main__ - Found 27 errors.
11/02/2021 18:27:32 - INFO - __main__ - Start error-fixing .... Timecode: 61
11/02/2021 18:27:38 - INFO - __main__ - Start error-fixing .... Done!
11/02/2021 18:27:40 - INFO - __main__ - Overall: 0.7336094310035842 from scores=[0.6408770161290323, 0.8888888888888888, 0.859375, 0.77734375, 0.5015625]
11/02/2021 18:27:40 - INFO - __main__ - --------------------------------------------------
11/02/2021 18:27:40 - INFO - __main__ - Evaluating to get errors .... Timecode: 62
11/02/2021 18:27:44 - INFO - __main__ - Before Error Fixing: {'EM': 0.546875, 'QA-F1': 0.6662946428571428}
11/02/2021 18:27:44 - INFO - __main__ - Found 29 errors.
11/02/2021 18:27:44 - INFO - __main__ - Start error-fixing .... Timecode: 62
11/02/2021 18:27:50 - INFO - __main__ - Start error-fixing .... Done!
11/02/2021 18:27:52 - INFO - __main__ - Overall: 0.7555332341269841 from scores=[0.6393849206349207, 1.0, 0.859375, 0.77734375, 0.5015625]
11/02/2021 18:27:52 - INFO - __main__ - --------------------------------------------------
11/02/2021 18:27:52 - INFO - __main__ - Evaluating to get errors .... Timecode: 63
11/02/2021 18:27:55 - INFO - __main__ - Before Error Fixing: {'EM': 0.5625, 'QA-F1': 0.6236633158508158}
11/02/2021 18:27:55 - INFO - __main__ - Found 28 errors.
11/02/2021 18:27:55 - INFO - __main__ - Start error-fixing .... Timecode: 63
11/02/2021 18:28:02 - INFO - __main__ - Start error-fixing .... Done!
11/02/2021 18:28:03 - INFO - __main__ - Overall: 0.6624358258928571 from scores=[0.63818359375, 0.5357142857142857, 0.859375, 0.77734375, 0.5015625]
11/02/2021 18:28:03 - INFO - __main__ - --------------------------------------------------
11/02/2021 18:28:03 - INFO - __main__ - Evaluating to get errors .... Timecode: 64
11/02/2021 18:28:07 - INFO - __main__ - Before Error Fixing: {'EM': 0.484375, 'QA-F1': 0.6049757798059427}
11/02/2021 18:28:07 - INFO - __main__ - Found 33 errors.
11/02/2021 18:28:07 - INFO - __main__ - Start error-fixing .... Timecode: 64
11/02/2021 18:28:14 - INFO - __main__ - Start error-fixing .... Done!
11/02/2021 18:28:17 - INFO - __main__ - Overall: 0.7487591054778554 from scores=[0.6358173076923077, 0.9696969696969697, 0.859375, 0.77734375, 0.5015625]
11/02/2021 18:28:17 - INFO - __main__ - --------------------------------------------------
11/02/2021 18:28:17 - INFO - __main__ - Start eval_knowledge_retention for UKR @ Timecode=65
11/02/2021 18:28:46 - INFO - __main__ - Upstream Knowledge Retation (UKR@65): 0.7500
11/02/2021 18:28:47 - INFO - __main__ - Start eval_knowledge_retention for OKR @ Timecode=65
11/02/2021 18:29:22 - INFO - __main__ - Online Knowledge Retation (OKR@65): 0.8398
11/02/2021 18:29:22 - INFO - __main__ - Evaluating to get errors .... Timecode: 65
11/02/2021 18:29:26 - INFO - __main__ - Before Error Fixing: {'EM': 0.546875, 'QA-F1': 0.6832648968678381}
11/02/2021 18:29:26 - INFO - __main__ - Found 29 errors.
11/02/2021 18:29:26 - INFO - __main__ - Start error-fixing .... Timecode: 65
11/02/2021 18:29:32 - INFO - __main__ - Start error-fixing .... Done!
11/02/2021 18:29:34 - INFO - __main__ - Overall: 0.7175889824973877 from scores=[0.634469696969697, 0.8620689655172413, 0.83984375, 0.75, 0.5015625]
11/02/2021 18:29:34 - INFO - __main__ - --------------------------------------------------
11/02/2021 18:29:34 - INFO - __main__ - Evaluating to get errors .... Timecode: 66
11/02/2021 18:29:38 - INFO - __main__ - Before Error Fixing: {'EM': 0.578125, 'QA-F1': 0.6382564484126984}
11/02/2021 18:29:38 - INFO - __main__ - Found 27 errors.
11/02/2021 18:29:39 - INFO - __main__ - Start error-fixing .... Timecode: 66
11/02/2021 18:29:45 - INFO - __main__ - Start error-fixing .... Done!
11/02/2021 18:29:46 - INFO - __main__ - Overall: 0.7079699592316196 from scores=[0.6336287313432836, 0.8148148148148148, 0.83984375, 0.75, 0.5015625]
11/02/2021 18:29:46 - INFO - __main__ - --------------------------------------------------
11/02/2021 18:29:46 - INFO - __main__ - Evaluating to get errors .... Timecode: 67
11/02/2021 18:29:50 - INFO - __main__ - Before Error Fixing: {'EM': 0.578125, 'QA-F1': 0.7072242877414123}
11/02/2021 18:29:50 - INFO - __main__ - Found 27 errors.
11/02/2021 18:29:51 - INFO - __main__ - Start error-fixing .... Timecode: 67
11/02/2021 18:29:57 - INFO - __main__ - Start error-fixing .... Done!
11/02/2021 18:29:58 - INFO - __main__ - Overall: 0.7226215277777778 from scores=[0.6328125, 0.8888888888888888, 0.83984375, 0.75, 0.5015625]
11/02/2021 18:29:58 - INFO - __main__ - --------------------------------------------------
11/02/2021 18:29:58 - INFO - __main__ - Evaluating to get errors .... Timecode: 68
11/02/2021 18:30:02 - INFO - __main__ - Before Error Fixing: {'EM': 0.546875, 'QA-F1': 0.6039254926108375}
11/02/2021 18:30:02 - INFO - __main__ - Found 29 errors.
11/02/2021 18:30:02 - INFO - __main__ - Start error-fixing .... Timecode: 68
11/02/2021 18:30:09 - INFO - __main__ - Start error-fixing .... Done!
11/02/2021 18:30:10 - INFO - __main__ - Overall: 0.6963187937281359 from scores=[0.6315670289855073, 0.7586206896551724, 0.83984375, 0.75, 0.5015625]
11/02/2021 18:30:10 - INFO - __main__ - --------------------------------------------------
11/02/2021 18:30:10 - INFO - __main__ - Evaluating to get errors .... Timecode: 69
11/02/2021 18:30:15 - INFO - __main__ - Before Error Fixing: {'EM': 0.546875, 'QA-F1': 0.6747204573443797}
11/02/2021 18:30:15 - INFO - __main__ - Found 29 errors.
11/02/2021 18:30:15 - INFO - __main__ - Start error-fixing .... Timecode: 69
11/02/2021 18:30:21 - INFO - __main__ - Start error-fixing .... Done!
11/02/2021 18:30:23 - INFO - __main__ - Overall: 0.7374561268472906 from scores=[0.6303571428571428, 0.9655172413793104, 0.83984375, 0.75, 0.5015625]
11/02/2021 18:30:23 - INFO - __main__ - --------------------------------------------------
11/02/2021 18:30:23 - INFO - __main__ - Start eval_knowledge_retention for UKR @ Timecode=70
11/02/2021 18:30:49 - INFO - __main__ - Upstream Knowledge Retation (UKR@70): 0.7852
11/02/2021 18:30:50 - INFO - __main__ - Start eval_knowledge_retention for OKR @ Timecode=70
11/02/2021 18:31:20 - INFO - __main__ - Online Knowledge Retation (OKR@70): 0.8379
11/02/2021 18:31:20 - INFO - __main__ - Start eval_knowledge_generalization for KG @ Timecode=70
11/02/2021 18:32:30 - INFO - __main__ - Future Knowledge Generalization (KG@70): 0.5000
11/02/2021 18:32:30 - INFO - __main__ - Evaluating to get errors .... Timecode: 70
11/02/2021 18:32:33 - INFO - __main__ - Before Error Fixing: {'EM': 0.5625, 'QA-F1': 0.6300045289855073}
11/02/2021 18:32:33 - INFO - __main__ - Found 28 errors.
11/02/2021 18:32:33 - INFO - __main__ - Start error-fixing .... Timecode: 70
11/02/2021 18:32:40 - INFO - __main__ - Start error-fixing .... Done!
11/02/2021 18:32:41 - INFO - __main__ - Overall: 0.7219182281187122 from scores=[0.6294014084507042, 0.8571428571428571, 0.837890625, 0.78515625, 0.5]
11/02/2021 18:32:41 - INFO - __main__ - --------------------------------------------------
11/02/2021 18:32:41 - INFO - __main__ - Evaluating to get errors .... Timecode: 71
11/02/2021 18:32:45 - INFO - __main__ - Before Error Fixing: {'EM': 0.609375, 'QA-F1': 0.6557343697968698}
11/02/2021 18:32:45 - INFO - __main__ - Found 25 errors.
11/02/2021 18:32:45 - INFO - __main__ - Start error-fixing .... Timecode: 71
11/02/2021 18:32:51 - INFO - __main__ - Start error-fixing .... Done!
11/02/2021 18:32:52 - INFO - __main__ - Overall: 0.6944340277777779 from scores=[0.6291232638888888, 0.72, 0.837890625, 0.78515625, 0.5]
11/02/2021 18:32:52 - INFO - __main__ - --------------------------------------------------
11/02/2021 18:32:52 - INFO - __main__ - Evaluating to get errors .... Timecode: 72
11/02/2021 18:32:56 - INFO - __main__ - Before Error Fixing: {'EM': 0.71875, 'QA-F1': 0.7442226890756303}
11/02/2021 18:32:56 - INFO - __main__ - Found 18 errors.
11/02/2021 18:32:56 - INFO - __main__ - Start error-fixing .... Timecode: 72
11/02/2021 18:33:00 - INFO - __main__ - Start error-fixing .... Done!
11/02/2021 18:33:02 - INFO - __main__ - Overall: 0.739568469368341 from scores=[0.6303510273972603, 0.9444444444444444, 0.837890625, 0.78515625, 0.5]
11/02/2021 18:33:02 - INFO - __main__ - --------------------------------------------------
11/02/2021 18:33:02 - INFO - __main__ - Evaluating to get errors .... Timecode: 73
11/02/2021 18:33:05 - INFO - __main__ - Before Error Fixing: {'EM': 0.5625, 'QA-F1': 0.6032234768907563}
11/02/2021 18:33:05 - INFO - __main__ - Found 28 errors.
11/02/2021 18:33:05 - INFO - __main__ - Start error-fixing .... Timecode: 73
11/02/2021 18:33:11 - INFO - __main__ - Start error-fixing .... Done!
11/02/2021 18:33:14 - INFO - __main__ - Overall: 0.7076390564671815 from scores=[0.6294341216216216, 0.7857142857142857, 0.837890625, 0.78515625, 0.5]
11/02/2021 18:33:14 - INFO - __main__ - --------------------------------------------------
11/02/2021 18:33:14 - INFO - __main__ - Evaluating to get errors .... Timecode: 74
11/02/2021 18:33:18 - INFO - __main__ - Before Error Fixing: {'EM': 0.671875, 'QA-F1': 0.7520765692640692}
11/02/2021 18:33:18 - INFO - __main__ - Found 21 errors.
11/02/2021 18:33:18 - INFO - __main__ - Start error-fixing .... Timecode: 74
11/02/2021 18:33:23 - INFO - __main__ - Start error-fixing .... Done!
11/02/2021 18:33:24 - INFO - __main__ - Overall: 0.6934665178571429 from scores=[0.63, 0.7142857142857143, 0.837890625, 0.78515625, 0.5]
11/02/2021 18:33:24 - INFO - __main__ - --------------------------------------------------
11/02/2021 18:33:24 - INFO - __main__ - Start eval_knowledge_retention for UKR @ Timecode=75
11/02/2021 18:33:49 - INFO - __main__ - Upstream Knowledge Retation (UKR@75): 0.7832
11/02/2021 18:33:50 - INFO - __main__ - Start eval_knowledge_retention for OKR @ Timecode=75
11/02/2021 18:34:17 - INFO - __main__ - Online Knowledge Retation (OKR@75): 0.8848
11/02/2021 18:34:17 - INFO - __main__ - Evaluating to get errors .... Timecode: 75
11/02/2021 18:34:22 - INFO - __main__ - Before Error Fixing: {'EM': 0.53125, 'QA-F1': 0.590417134948385}
11/02/2021 18:34:22 - INFO - __main__ - Found 30 errors.
11/02/2021 18:34:22 - INFO - __main__ - Start error-fixing .... Timecode: 75
11/02/2021 18:34:29 - INFO - __main__ - Start error-fixing .... Done!
11/02/2021 18:34:31 - INFO - __main__ - Overall: 0.7393338815789473 from scores=[0.6287006578947368, 0.9, 0.884765625, 0.783203125, 0.5]
11/02/2021 18:34:31 - INFO - __main__ - --------------------------------------------------
11/02/2021 18:34:31 - INFO - __main__ - Evaluating to get errors .... Timecode: 76
11/02/2021 18:34:34 - INFO - __main__ - Before Error Fixing: {'EM': 0.515625, 'QA-F1': 0.6025012112403101}
11/02/2021 18:34:34 - INFO - __main__ - Found 31 errors.
11/02/2021 18:34:34 - INFO - __main__ - Start error-fixing .... Timecode: 76
11/02/2021 18:34:41 - INFO - __main__ - Start error-fixing .... Done!
11/02/2021 18:34:44 - INFO - __main__ - Overall: 0.7267821140552996 from scores=[0.6272321428571428, 0.8387096774193549, 0.884765625, 0.783203125, 0.5]
11/02/2021 18:34:44 - INFO - __main__ - --------------------------------------------------
11/02/2021 18:34:44 - INFO - __main__ - Evaluating to get errors .... Timecode: 77
11/02/2021 18:34:47 - INFO - __main__ - Before Error Fixing: {'EM': 0.53125, 'QA-F1': 0.5807725694444444}
11/02/2021 18:34:47 - INFO - __main__ - Found 30 errors.
11/02/2021 18:34:47 - INFO - __main__ - Start error-fixing .... Timecode: 77
11/02/2021 18:34:54 - INFO - __main__ - Start error-fixing .... Done!
11/02/2021 18:34:56 - INFO - __main__ - Overall: 0.7121274038461538 from scores=[0.6260016025641026, 0.7666666666666667, 0.884765625, 0.783203125, 0.5]
11/02/2021 18:34:56 - INFO - __main__ - --------------------------------------------------
11/02/2021 18:34:56 - INFO - __main__ - Evaluating to get errors .... Timecode: 78
11/02/2021 18:35:00 - INFO - __main__ - Before Error Fixing: {'EM': 0.484375, 'QA-F1': 0.5941716269841271}
11/02/2021 18:35:00 - INFO - __main__ - Found 33 errors.
11/02/2021 18:35:00 - INFO - __main__ - Start error-fixing .... Timecode: 78
11/02/2021 18:35:08 - INFO - __main__ - Start error-fixing .... Done!
11/02/2021 18:35:11 - INFO - __main__ - Overall: 0.7523749160912927 from scores=[0.6242088607594937, 0.9696969696969697, 0.884765625, 0.783203125, 0.5]
11/02/2021 18:35:11 - INFO - __main__ - --------------------------------------------------
11/02/2021 18:35:11 - INFO - __main__ - Evaluating to get errors .... Timecode: 79
11/02/2021 18:35:14 - INFO - __main__ - Before Error Fixing: {'EM': 0.578125, 'QA-F1': 0.6733630952380953}
11/02/2021 18:35:14 - INFO - __main__ - Found 27 errors.
11/02/2021 18:35:15 - INFO - __main__ - Start error-fixing .... Timecode: 79
11/02/2021 18:35:21 - INFO - __main__ - Start error-fixing .... Done!
11/02/2021 18:35:22 - INFO - __main__ - Overall: 0.7435054976851851 from scores=[0.6236328125, 0.9259259259259259, 0.884765625, 0.783203125, 0.5]
11/02/2021 18:35:22 - INFO - __main__ - --------------------------------------------------
11/02/2021 18:35:22 - INFO - __main__ - Start eval_knowledge_retention for UKR @ Timecode=80
11/02/2021 18:35:49 - INFO - __main__ - Upstream Knowledge Retation (UKR@80): 0.7617
11/02/2021 18:35:50 - INFO - __main__ - Start eval_knowledge_retention for OKR @ Timecode=80
11/02/2021 18:36:22 - INFO - __main__ - Online Knowledge Retation (OKR@80): 0.8457
11/02/2021 18:36:22 - INFO - __main__ - Start eval_knowledge_generalization for KG @ Timecode=80
11/02/2021 18:37:37 - INFO - __main__ - Future Knowledge Generalization (KG@80): 0.4789
11/02/2021 18:37:37 - INFO - __main__ - Evaluating to get errors .... Timecode: 80
11/02/2021 18:37:41 - INFO - __main__ - Before Error Fixing: {'EM': 0.65625, 'QA-F1': 0.7503397593011564}
11/02/2021 18:37:41 - INFO - __main__ - Found 22 errors.
11/02/2021 18:37:41 - INFO - __main__ - Start error-fixing .... Timecode: 80
11/02/2021 18:37:46 - INFO - __main__ - Start error-fixing .... Done!
11/02/2021 18:37:47 - INFO - __main__ - Overall: 0.7147999964927048 from scores=[0.6240354938271605, 0.8636363636363636, 0.845703125, 0.76171875, 0.47890625]
11/02/2021 18:37:47 - INFO - __main__ - --------------------------------------------------
11/02/2021 18:37:47 - INFO - __main__ - Evaluating to get errors .... Timecode: 81
11/02/2021 18:37:51 - INFO - __main__ - Before Error Fixing: {'EM': 0.59375, 'QA-F1': 0.6629960317460317}
11/02/2021 18:37:51 - INFO - __main__ - Found 26 errors.
11/02/2021 18:37:51 - INFO - __main__ - Start error-fixing .... Timecode: 81
11/02/2021 18:37:57 - INFO - __main__ - Start error-fixing .... Done!
11/02/2021 18:37:59 - INFO - __main__ - Overall: 0.7035373182457787 from scores=[0.6236661585365854, 0.8076923076923077, 0.845703125, 0.76171875, 0.47890625]
11/02/2021 18:37:59 - INFO - __main__ - --------------------------------------------------
11/02/2021 18:37:59 - INFO - __main__ - Evaluating to get errors .... Timecode: 82
11/02/2021 18:38:03 - INFO - __main__ - Before Error Fixing: {'EM': 0.59375, 'QA-F1': 0.708377690018315}
11/02/2021 18:38:03 - INFO - __main__ - Found 26 errors.
11/02/2021 18:38:03 - INFO - __main__ - Start error-fixing .... Timecode: 82
11/02/2021 18:38:09 - INFO - __main__ - Start error-fixing .... Done!
11/02/2021 18:38:10 - INFO - __main__ - Overall: 0.7265421541936978 from scores=[0.6233057228915663, 0.9230769230769231, 0.845703125, 0.76171875, 0.47890625]
11/02/2021 18:38:10 - INFO - __main__ - --------------------------------------------------
11/02/2021 18:38:10 - INFO - __main__ - Evaluating to get errors .... Timecode: 83
11/02/2021 18:38:14 - INFO - __main__ - Before Error Fixing: {'EM': 0.5, 'QA-F1': 0.5968981105699855}
11/02/2021 18:38:14 - INFO - __main__ - Found 32 errors.
11/02/2021 18:38:14 - INFO - __main__ - Start error-fixing .... Timecode: 83
11/02/2021 18:38:21 - INFO - __main__ - Start error-fixing .... Done!
11/02/2021 18:38:24 - INFO - __main__ - Overall: 0.7228831845238095 from scores=[0.6218377976190477, 0.90625, 0.845703125, 0.76171875, 0.47890625]
11/02/2021 18:38:24 - INFO - __main__ - --------------------------------------------------
11/02/2021 18:38:24 - INFO - __main__ - Evaluating to get errors .... Timecode: 84
11/02/2021 18:38:28 - INFO - __main__ - Before Error Fixing: {'EM': 0.578125, 'QA-F1': 0.7183358886483886}
11/02/2021 18:38:28 - INFO - __main__ - Found 27 errors.
11/02/2021 18:38:28 - INFO - __main__ - Start error-fixing .... Timecode: 84
11/02/2021 18:38:34 - INFO - __main__ - Start error-fixing .... Done!
11/02/2021 18:38:36 - INFO - __main__ - Overall: 0.7193081086601307 from scores=[0.6213235294117647, 0.8888888888888888, 0.845703125, 0.76171875, 0.47890625]
11/02/2021 18:38:36 - INFO - __main__ - --------------------------------------------------
11/02/2021 18:38:36 - INFO - __main__ - Start eval_knowledge_retention for UKR @ Timecode=85
11/02/2021 18:39:03 - INFO - __main__ - Upstream Knowledge Retation (UKR@85): 0.7461
11/02/2021 18:39:04 - INFO - __main__ - Start eval_knowledge_retention for OKR @ Timecode=85
11/02/2021 18:39:37 - INFO - __main__ - Online Knowledge Retation (OKR@85): 0.8320
11/02/2021 18:39:37 - INFO - __main__ - Evaluating to get errors .... Timecode: 85
11/02/2021 18:39:42 - INFO - __main__ - Before Error Fixing: {'EM': 0.640625, 'QA-F1': 0.7296388507326008}
11/02/2021 18:39:42 - INFO - __main__ - Found 23 errors.
11/02/2021 18:39:42 - INFO - __main__ - Start error-fixing .... Timecode: 85
11/02/2021 18:39:47 - INFO - __main__ - Start error-fixing .... Done!
11/02/2021 18:39:49 - INFO - __main__ - Overall: 0.7009332343276037 from scores=[0.6215479651162791, 0.8260869565217391, 0.83203125, 0.74609375, 0.47890625]
11/02/2021 18:39:49 - INFO - __main__ - --------------------------------------------------
11/02/2021 18:39:49 - INFO - __main__ - Evaluating to get errors .... Timecode: 86
11/02/2021 18:39:54 - INFO - __main__ - Before Error Fixing: {'EM': 0.515625, 'QA-F1': 0.6233382936507936}
11/02/2021 18:39:54 - INFO - __main__ - Found 31 errors.
11/02/2021 18:39:54 - INFO - __main__ - Start error-fixing .... Timecode: 86
11/02/2021 18:40:01 - INFO - __main__ - Start error-fixing .... Done!
11/02/2021 18:40:03 - INFO - __main__ - Overall: 0.7225691161475714 from scores=[0.6203304597701149, 0.9354838709677419, 0.83203125, 0.74609375, 0.47890625]
11/02/2021 18:40:03 - INFO - __main__ - --------------------------------------------------
11/02/2021 18:40:03 - INFO - __main__ - Evaluating to get errors .... Timecode: 87
11/02/2021 18:40:08 - INFO - __main__ - Before Error Fixing: {'EM': 0.515625, 'QA-F1': 0.6351986263006}
11/02/2021 18:40:08 - INFO - __main__ - Found 31 errors.
11/02/2021 18:40:08 - INFO - __main__ - Start error-fixing .... Timecode: 87
11/02/2021 18:40:15 - INFO - __main__ - Start error-fixing .... Done!
11/02/2021 18:40:17 - INFO - __main__ - Overall: 0.702976310483871 from scores=[0.619140625, 0.8387096774193549, 0.83203125, 0.74609375, 0.47890625]
11/02/2021 18:40:17 - INFO - __main__ - --------------------------------------------------
11/02/2021 18:40:17 - INFO - __main__ - Evaluating to get errors .... Timecode: 88
11/02/2021 18:40:20 - INFO - __main__ - Before Error Fixing: {'EM': 0.53125, 'QA-F1': 0.6778476962851963}
11/02/2021 18:40:20 - INFO - __main__ - Found 30 errors.
11/02/2021 18:40:20 - INFO - __main__ - Start error-fixing .... Timecode: 88
11/02/2021 18:40:27 - INFO - __main__ - Start error-fixing .... Done!
11/02/2021 18:40:29 - INFO - __main__ - Overall: 0.675036867977528 from scores=[0.6181530898876404, 0.7, 0.83203125, 0.74609375, 0.47890625]
11/02/2021 18:40:29 - INFO - __main__ - --------------------------------------------------
11/02/2021 18:40:29 - INFO - __main__ - Evaluating to get errors .... Timecode: 89
11/02/2021 18:40:34 - INFO - __main__ - Before Error Fixing: {'EM': 0.625, 'QA-F1': 0.6908971265070055}
11/02/2021 18:40:34 - INFO - __main__ - Found 24 errors.
11/02/2021 18:40:34 - INFO - __main__ - Start error-fixing .... Timecode: 89
11/02/2021 18:40:39 - INFO - __main__ - Start error-fixing .... Done!
11/02/2021 18:40:41 - INFO - __main__ - Overall: 0.6933854166666666 from scores=[0.6182291666666666, 0.7916666666666666, 0.83203125, 0.74609375, 0.47890625]
11/02/2021 18:40:41 - INFO - __main__ - --------------------------------------------------
11/02/2021 18:40:41 - INFO - __main__ - Start eval_knowledge_retention for UKR @ Timecode=90
11/02/2021 18:41:09 - INFO - __main__ - Upstream Knowledge Retation (UKR@90): 0.7363
11/02/2021 18:41:10 - INFO - __main__ - Start eval_knowledge_retention for OKR @ Timecode=90
11/02/2021 18:41:45 - INFO - __main__ - Online Knowledge Retation (OKR@90): 0.8301
11/02/2021 18:41:45 - INFO - __main__ - Start eval_knowledge_generalization for KG @ Timecode=90
11/02/2021 18:42:58 - INFO - __main__ - Future Knowledge Generalization (KG@90): 0.4938
11/02/2021 18:42:58 - INFO - __main__ - Evaluating to get errors .... Timecode: 90
11/02/2021 18:43:02 - INFO - __main__ - Before Error Fixing: {'EM': 0.65625, 'QA-F1': 0.753132609577922}
11/02/2021 18:43:02 - INFO - __main__ - Found 22 errors.
11/02/2021 18:43:02 - INFO - __main__ - Start error-fixing .... Timecode: 90
11/02/2021 18:43:07 - INFO - __main__ - Start error-fixing .... Done!
11/02/2021 18:43:09 - INFO - __main__ - Overall: 0.7175788274225774 from scores=[0.6186469780219781, 0.9090909090909091, 0.830078125, 0.736328125, 0.49375]
11/02/2021 18:43:09 - INFO - __main__ - --------------------------------------------------
11/02/2021 18:43:09 - INFO - __main__ - Evaluating to get errors .... Timecode: 91
11/02/2021 18:43:14 - INFO - __main__ - Before Error Fixing: {'EM': 0.625, 'QA-F1': 0.7559335988484696}
11/02/2021 18:43:14 - INFO - __main__ - Found 24 errors.
11/02/2021 18:43:14 - INFO - __main__ - Start error-fixing .... Timecode: 91
11/02/2021 18:43:18 - INFO - __main__ - Start error-fixing .... Done!
11/02/2021 18:43:20 - INFO - __main__ - Overall: 0.6857744565217392 from scores=[0.6187160326086957, 0.75, 0.830078125, 0.736328125, 0.49375]
11/02/2021 18:43:20 - INFO - __main__ - --------------------------------------------------
11/02/2021 18:43:20 - INFO - __main__ - Evaluating to get errors .... Timecode: 92
11/02/2021 18:43:24 - INFO - __main__ - Before Error Fixing: {'EM': 0.53125, 'QA-F1': 0.6671183315797677}
11/02/2021 18:43:24 - INFO - __main__ - Found 30 errors.
11/02/2021 18:43:24 - INFO - __main__ - Start error-fixing .... Timecode: 92
11/02/2021 18:43:31 - INFO - __main__ - Start error-fixing .... Done!
11/02/2021 18:43:33 - INFO - __main__ - Overall: 0.7155863575268817 from scores=[0.6177755376344086, 0.9, 0.830078125, 0.736328125, 0.49375]
11/02/2021 18:43:33 - INFO - __main__ - --------------------------------------------------
11/02/2021 18:43:33 - INFO - __main__ - Evaluating to get errors .... Timecode: 93
11/02/2021 18:43:38 - INFO - __main__ - Before Error Fixing: {'EM': 0.53125, 'QA-F1': 0.6343710839598997}
11/02/2021 18:43:38 - INFO - __main__ - Found 30 errors.
11/02/2021 18:43:38 - INFO - __main__ - Start error-fixing .... Timecode: 93
11/02/2021 18:43:45 - INFO - __main__ - Start error-fixing .... Done!
11/02/2021 18:43:47 - INFO - __main__ - Overall: 0.7020689273049645 from scores=[0.6168550531914894, 0.8333333333333334, 0.830078125, 0.736328125, 0.49375]
11/02/2021 18:43:47 - INFO - __main__ - --------------------------------------------------
11/02/2021 18:43:47 - INFO - __main__ - Evaluating to get errors .... Timecode: 94
11/02/2021 18:43:51 - INFO - __main__ - Before Error Fixing: {'EM': 0.609375, 'QA-F1': 0.7141176760949883}
11/02/2021 18:43:51 - INFO - __main__ - Found 25 errors.
11/02/2021 18:43:52 - INFO - __main__ - Start error-fixing .... Timecode: 94
11/02/2021 18:43:57 - INFO - __main__ - Start error-fixing .... Done!
11/02/2021 18:43:59 - INFO - __main__ - Overall: 0.7193865131578947 from scores=[0.6167763157894737, 0.92, 0.830078125, 0.736328125, 0.49375]
11/02/2021 18:43:59 - INFO - __main__ - --------------------------------------------------
11/02/2021 18:43:59 - INFO - __main__ - Start eval_knowledge_retention for UKR @ Timecode=95
11/02/2021 18:44:25 - INFO - __main__ - Upstream Knowledge Retation (UKR@95): 0.7695
11/02/2021 18:44:26 - INFO - __main__ - Start eval_knowledge_retention for OKR @ Timecode=95
11/02/2021 18:45:02 - INFO - __main__ - Online Knowledge Retation (OKR@95): 0.8242
11/02/2021 18:45:02 - INFO - __main__ - Evaluating to get errors .... Timecode: 95
11/02/2021 18:45:06 - INFO - __main__ - Before Error Fixing: {'EM': 0.5625, 'QA-F1': 0.7130795547385621}
11/02/2021 18:45:06 - INFO - __main__ - Found 28 errors.
11/02/2021 18:45:06 - INFO - __main__ - Start error-fixing .... Timecode: 95
11/02/2021 18:45:12 - INFO - __main__ - Start error-fixing .... Done!
11/02/2021 18:45:15 - INFO - __main__ - Overall: 0.7050279017857142 from scores=[0.6162109375, 0.8214285714285714, 0.82421875, 0.76953125, 0.49375]
11/02/2021 18:45:15 - INFO - __main__ - --------------------------------------------------
11/02/2021 18:45:15 - INFO - __main__ - Evaluating to get errors .... Timecode: 96
11/02/2021 18:45:20 - INFO - __main__ - Before Error Fixing: {'EM': 0.546875, 'QA-F1': 0.6809195788530465}
11/02/2021 18:45:20 - INFO - __main__ - Found 29 errors.
11/02/2021 18:45:20 - INFO - __main__ - Start error-fixing .... Timecode: 96
11/02/2021 18:45:26 - INFO - __main__ - Start error-fixing .... Done!
11/02/2021 18:45:28 - INFO - __main__ - Overall: 0.7061164681834341 from scores=[0.6154961340206185, 0.8275862068965517, 0.82421875, 0.76953125, 0.49375]
11/02/2021 18:45:28 - INFO - __main__ - --------------------------------------------------
11/02/2021 18:45:28 - INFO - __main__ - Evaluating to get errors .... Timecode: 97
11/02/2021 18:45:32 - INFO - __main__ - Before Error Fixing: {'EM': 0.5625, 'QA-F1': 0.6567538638262322}
11/02/2021 18:45:32 - INFO - __main__ - Found 28 errors.
11/02/2021 18:45:32 - INFO - __main__ - Start error-fixing .... Timecode: 97
11/02/2021 18:45:38 - INFO - __main__ - Start error-fixing .... Done!
11/02/2021 18:45:40 - INFO - __main__ - Overall: 0.6904910714285715 from scores=[0.6149553571428572, 0.75, 0.82421875, 0.76953125, 0.49375]
11/02/2021 18:45:40 - INFO - __main__ - --------------------------------------------------
11/02/2021 18:45:40 - INFO - __main__ - Evaluating to get errors .... Timecode: 98
11/02/2021 18:45:45 - INFO - __main__ - Before Error Fixing: {'EM': 0.53125, 'QA-F1': 0.6020131269592476}
11/02/2021 18:45:45 - INFO - __main__ - Found 30 errors.
11/02/2021 18:45:46 - INFO - __main__ - Start error-fixing .... Timecode: 98
11/02/2021 18:45:52 - INFO - __main__ - Start error-fixing .... Done!
11/02/2021 18:45:54 - INFO - __main__ - Overall: 0.7269886363636363 from scores=[0.6141098484848485, 0.9333333333333333, 0.82421875, 0.76953125, 0.49375]
11/02/2021 18:45:54 - INFO - __main__ - --------------------------------------------------
11/02/2021 18:45:54 - INFO - __main__ - Evaluating to get errors .... Timecode: 99
11/02/2021 18:45:59 - INFO - __main__ - Before Error Fixing: {'EM': 0.578125, 'QA-F1': 0.615719696969697}
11/02/2021 18:45:59 - INFO - __main__ - Found 27 errors.
11/02/2021 18:45:59 - INFO - __main__ - Start error-fixing .... Timecode: 99
11/02/2021 18:46:05 - INFO - __main__ - Start error-fixing .... Done!
11/02/2021 18:46:07 - INFO - __main__ - Overall: 0.6958055555555556 from scores=[0.61375, 0.7777777777777778, 0.82421875, 0.76953125, 0.49375]
11/02/2021 18:46:07 - INFO - __main__ - --------------------------------------------------
11/02/2021 18:46:07 - INFO - __main__ - Start the final evaluation.
11/02/2021 18:46:07 - INFO - __main__ - Nothing here.
11/02/2021 18:46:09 - INFO - __main__ - Model saved to experiments/ckpt_dirs/qa/simplecl/model_ckpt_100.pt.
11/02/2021 18:46:09 - INFO - __main__ - Finished. Results saved to experiments/results/qa/QA_simplecl_lr=3e-5_ep=5_result.json

