
11/04/2021 15:42:47 - INFO - __main__ - Namespace(adam_epsilon=1e-08, adapter_dim=32, append_another_bos=1, base_model_path='out/mrqa_squad_bart-base_1029_upstream_model//best-model.pt', base_model_type='facebook/bart-base', ckpt_dir='experiments/ckpt_dirs/qa/er/QA_simplecl_lr=5e-5_ep=1_T=100,b=64,alpha=0.98,beta=1,gamma=1', cl_method_name='simple_cl', current_thread_id=None, do_lowercase=False, ewc_gamma=1, ewc_lambda=0.5, example_encoder_name='roberta-base', freeze_embeds=False, gradient_accumulation_steps=1, heldout_submission_data='experiments/eval_data/qa/heldout_eval.jsonl', index_rank_method='most_similar', indexing_args_path='exp_results/supervision_data/1012_dm_simple.train_args.json', indexing_method='bart_index', inference_query_size=1, init_memory_cache_path='bug_data/memory_key_cache.pkl', kg_eval_freq=10, kg_eval_mode='metric', kr_eval_freq=5, kr_eval_mode='metric', learning_rate=5e-05, local_adapt_lr=1e-05, max_grad_norm=0.1, max_input_length=888, max_output_length=50, max_timecode=100, memory_key_encoder='facebook/bart-base', memory_path='', memory_store_rate=1.0, mir_abalation_args='none', num_adapt_epochs=1, num_beams=3, num_threads_eval=0, num_train_epochs=1.0, okr_sample_seed=1337, okr_sample_size=512, path_to_thread_result=None, predict_batch_size=48, prefix='QA_simplecl_lr=5e-5_ep=1_T=100,b=64,alpha=0.98,beta=1,gamma=1', replay_candidate_size=8, replay_frequency=1, replay_size=8, result_file='experiments/results/qa/QA_simplecl_lr=5e-5_ep=1_T=100,b=64,alpha=0.98,beta=1,gamma=1_result.json', save_ckpt_freq=10, seed=42, skip_instant_eval=False, submission_stream_data='experiments/eval_data/qa/submission_stream.T=100,b=64,alpha=0.98,beta=1,gamma=1.json', task_emb_dim=768, task_name='mrqa', train_batch_size=8, upstream_data_path='data/mrqa_squad/mrqa_squad_train.jsonl', upstream_eval_data='experiments/eval_data/qa/upstream_eval.jsonl', upstream_sample_ratio=-1, use_mir=False, use_replay_mix=False, use_wandb=True, weight_decay=0.01)
11/04/2021 15:42:48 - INFO - transformers.tokenization_utils - loading file https://s3.amazonaws.com/models.huggingface.co/bert/roberta-large-vocab.json from cache at /private/home/yuchenlin/.cache/torch/transformers/1ae1f5b6e2b22b25ccc04c000bb79ca847aa226d0761536b011cf7e5868f0655.ef00af9e673c7160b4d41cfda1f48c5f4cba57d5142754525572a846a1ab1b9b
11/04/2021 15:42:48 - INFO - transformers.tokenization_utils - loading file https://s3.amazonaws.com/models.huggingface.co/bert/roberta-large-merges.txt from cache at /private/home/yuchenlin/.cache/torch/transformers/f8f83199a6270d582d6245dc100e99c4155de81c9745c6248077018fe01abcfb.70bec105b4158ed9a1747fea67a43f5dee97855c64d62b6ec3742f4cfdb5feda
11/04/2021 15:42:55 - INFO - __main__ - load_data: len(upstream_eval_examples)=512
11/04/2021 15:42:56 - INFO - __main__ - load_data: len(heldout_eval_examples)=1280
11/04/2021 15:43:00 - INFO - __main__ - Loading checkpoint from out/mrqa_squad_bart-base_1029_upstream_model//best-model.pt for facebook/bart-base .....
11/04/2021 15:43:03 - INFO - transformers.configuration_utils - loading configuration file https://s3.amazonaws.com/models.huggingface.co/bert/facebook/bart-base/config.json from cache at /private/home/yuchenlin/.cache/torch/transformers/09f4fcaeaf785dd3b97b085d6e3510c7081f586ec8e75981683c6299c0f81d9d.e8d516ad807436d395effad8c2326786872659b7dd1210827ac67c761198a0eb
11/04/2021 15:43:03 - INFO - transformers.configuration_utils - Model config BartConfig {
  "activation_dropout": 0.1,
  "activation_function": "gelu",
  "add_bias_logits": false,
  "add_final_layer_norm": false,
  "architectures": [
    "BartModel",
    "BartForConditionalGeneration",
    "BartForSequenceClassification"
  ],
  "attention_dropout": 0.1,
  "bos_token_id": 0,
  "classif_dropout": 0.0,
  "d_model": 768,
  "decoder_attention_heads": 12,
  "decoder_ffn_dim": 3072,
  "decoder_layerdrop": 0.0,
  "decoder_layers": 6,
  "decoder_start_token_id": 2,
  "dropout": 0.1,
  "early_stopping": true,
  "encoder_attention_heads": 12,
  "encoder_ffn_dim": 3072,
  "encoder_layerdrop": 0.0,
  "encoder_layers": 6,
  "eos_token_id": 2,
  "id2label": {
    "0": "LABEL_0",
    "1": "LABEL_1",
    "2": "LABEL_2"
  },
  "init_std": 0.02,
  "is_encoder_decoder": true,
  "label2id": {
    "LABEL_0": 0,
    "LABEL_1": 1,
    "LABEL_2": 2
  },
  "max_position_embeddings": 1024,
  "model_type": "bart",
  "no_repeat_ngram_size": 3,
  "normalize_before": false,
  "normalize_embedding": true,
  "num_beams": 4,
  "num_hidden_layers": 6,
  "pad_token_id": 1,
  "scale_embedding": false,
  "static_position_embeddings": false,
  "task_specific_params": {
    "summarization": {
      "length_penalty": 1.0,
      "max_length": 128,
      "min_length": 12,
      "num_beams": 4
    },
    "summarization_cnn": {
      "length_penalty": 2.0,
      "max_length": 142,
      "min_length": 56,
      "num_beams": 4
    },
    "summarization_xsum": {
      "length_penalty": 1.0,
      "max_length": 62,
      "min_length": 11,
      "num_beams": 6
    }
  },
  "vocab_size": 50265
}

11/04/2021 15:43:03 - INFO - transformers.modeling_utils - loading weights file https://cdn.huggingface.co/facebook/bart-base/pytorch_model.bin from cache at /private/home/yuchenlin/.cache/torch/transformers/566c05fb6983817e8ad7a4fa51e3099fe9caa3b31730f964bc5198d71c677523.0a3d95c18c1e434448941bc25accea7b122882be6526fb67c8e8fb6d5ebc711c
11/04/2021 15:43:06 - INFO - __main__ - Loading checkpoint from out/mrqa_squad_bart-base_1029_upstream_model//best-model.pt for facebook/bart-base ..... Done!
11/04/2021 15:43:12 - INFO - __main__ - Moving to the GPUs.
11/04/2021 15:43:12 - INFO - __main__ - Debugger Setup ......
11/04/2021 15:43:12 - INFO - __main__ - debugger_args: Namespace(adam_epsilon=1e-08, ckpt_dir='experiments/ckpt_dirs/qa/er/QA_simplecl_lr=5e-5_ep=1_T=100,b=64,alpha=0.98,beta=1,gamma=1', gradient_accumulation_steps=1, kg_eval_freq=10, kg_eval_mode='metric', kr_eval_freq=5, kr_eval_mode='metric', learning_rate=5e-05, max_grad_norm=0.1, num_epochs=1.0, okr_sample_seed=1337, okr_sample_size=512, save_ckpt_freq=10, skip_instant_eval=False, total_steps=10000, warmup_steps=0, weight_decay=0.01) ......
11/04/2021 15:43:12 - INFO - __main__ - optimizer & scheduler Setup ...... Done!
11/04/2021 15:43:12 - INFO - __main__ - Debugger Setup ...... Done!
11/04/2021 15:43:12 - INFO - __main__ - Start Online Debugging with Dynamic Error Mode
11/04/2021 15:43:12 - INFO - __main__ - Number of Batches of Data: 100
11/04/2021 15:43:12 - INFO - __main__ - Data Batch Size: 64;
11/04/2021 15:43:14 - INFO - __main__ - Model saved to experiments/ckpt_dirs/qa/er/QA_simplecl_lr=5e-5_ep=1_T=100,b=64,alpha=0.98,beta=1,gamma=1/model_ckpt_000.pt.
11/04/2021 15:43:14 - INFO - __main__ - Start eval_knowledge_retention for UKR @ Timecode=0
11/04/2021 15:43:38 - INFO - __main__ - Upstream Knowledge Retation (UKR@0): 0.8027
11/04/2021 15:43:38 - INFO - __main__ - Start eval_knowledge_generalization for KG @ Timecode=0
11/04/2021 15:45:08 - INFO - __main__ - Future Knowledge Generalization (KG@0): 0.3125
11/04/2021 15:45:08 - INFO - __main__ - Evaluating to get errors .... Timecode: 0
11/04/2021 15:45:12 - INFO - __main__ - Before Error Fixing: {'EM': 0.71875, 'QA-F1': 0.7762517507002801}
11/04/2021 15:45:12 - INFO - __main__ - Found 18 errors.
11/04/2021 15:45:12 - INFO - __main__ - Start error-fixing .... Timecode: 0
11/04/2021 15:45:13 - INFO - __main__ - Start error-fixing .... Done!
11/04/2021 15:45:14 - INFO - __main__ - Overall: 0.6649305555555556 from scores=[0.71875, 0.6111111111111112]
11/04/2021 15:45:16 - INFO - __main__ - Model saved to experiments/ckpt_dirs/qa/er/QA_simplecl_lr=5e-5_ep=1_T=100,b=64,alpha=0.98,beta=1,gamma=1/model_ckpt_000.pt.
11/04/2021 15:45:16 - INFO - __main__ - Updated result feule: experiments/results/qa/QA_simplecl_lr=5e-5_ep=1_T=100,b=64,alpha=0.98,beta=1,gamma=1_result.json at Timecode: 0.
11/04/2021 15:45:16 - INFO - __main__ - --------------------------------------------------
11/04/2021 15:45:16 - INFO - __main__ - Evaluating to get errors .... Timecode: 1
11/04/2021 15:45:19 - INFO - __main__ - Before Error Fixing: {'EM': 0.765625, 'QA-F1': 0.8400859916404992}
11/04/2021 15:45:19 - INFO - __main__ - Found 15 errors.
11/04/2021 15:45:19 - INFO - __main__ - Start error-fixing .... Timecode: 1
11/04/2021 15:45:19 - INFO - __main__ - Start error-fixing .... Done!
11/04/2021 15:45:21 - INFO - __main__ - Overall: 0.7044270833333333 from scores=[0.7421875, 0.6666666666666666]
11/04/2021 15:45:21 - INFO - __main__ - --------------------------------------------------
11/04/2021 15:45:21 - INFO - __main__ - Evaluating to get errors .... Timecode: 2
11/04/2021 15:45:23 - INFO - __main__ - Before Error Fixing: {'EM': 0.734375, 'QA-F1': 0.7677684294871795}
11/04/2021 15:45:23 - INFO - __main__ - Found 17 errors.
11/04/2021 15:45:23 - INFO - __main__ - Start error-fixing .... Timecode: 2
11/04/2021 15:45:24 - INFO - __main__ - Start error-fixing .... Done!
11/04/2021 15:45:24 - INFO - __main__ - Overall: 0.5756740196078431 from scores=[0.7395833333333333, 0.4117647058823529]
11/04/2021 15:45:24 - INFO - __main__ - --------------------------------------------------
11/04/2021 15:45:24 - INFO - __main__ - Evaluating to get errors .... Timecode: 3
11/04/2021 15:45:27 - INFO - __main__ - Before Error Fixing: {'EM': 0.8125, 'QA-F1': 0.8951630326091533}
11/04/2021 15:45:27 - INFO - __main__ - Found 12 errors.
11/04/2021 15:45:27 - INFO - __main__ - Start error-fixing .... Timecode: 3
11/04/2021 15:45:27 - INFO - __main__ - Start error-fixing .... Done!
11/04/2021 15:45:28 - INFO - __main__ - Overall: 0.4205729166666667 from scores=[0.7578125, 0.08333333333333333]
11/04/2021 15:45:28 - INFO - __main__ - --------------------------------------------------
11/04/2021 15:45:28 - INFO - __main__ - Evaluating to get errors .... Timecode: 4
11/04/2021 15:45:30 - INFO - __main__ - Before Error Fixing: {'EM': 0.75, 'QA-F1': 0.8115214646464647}
11/04/2021 15:45:30 - INFO - __main__ - Found 16 errors.
11/04/2021 15:45:30 - INFO - __main__ - Start error-fixing .... Timecode: 4
11/04/2021 15:45:30 - INFO - __main__ - Start error-fixing .... Done!
11/04/2021 15:45:32 - INFO - __main__ - Overall: 0.565625 from scores=[0.75625, 0.375]
11/04/2021 15:45:32 - INFO - __main__ - --------------------------------------------------
11/04/2021 15:45:32 - INFO - __main__ - Start eval_knowledge_retention for UKR @ Timecode=5
11/04/2021 15:45:53 - INFO - __main__ - Upstream Knowledge Retation (UKR@5): 0.7891
11/04/2021 15:45:53 - INFO - __main__ - len(self.past_submissions) = 320                 < self.debugger_args.okr_sample_size = 512
11/04/2021 15:45:53 - INFO - __main__ - Evaluating to get errors .... Timecode: 5
11/04/2021 15:45:56 - INFO - __main__ - Before Error Fixing: {'EM': 0.703125, 'QA-F1': 0.746900909735904}
11/04/2021 15:45:56 - INFO - __main__ - Found 19 errors.
11/04/2021 15:45:56 - INFO - __main__ - Start error-fixing .... Timecode: 5
11/04/2021 15:45:57 - INFO - __main__ - Start error-fixing .... Done!
11/04/2021 15:45:58 - INFO - __main__ - Overall: 0.5315926535087718 from scores=[0.7473958333333333, 0.3157894736842105]
11/04/2021 15:45:58 - INFO - __main__ - --------------------------------------------------
11/04/2021 15:45:58 - INFO - __main__ - Evaluating to get errors .... Timecode: 6
11/04/2021 15:46:03 - INFO - __main__ - Before Error Fixing: {'EM': 0.609375, 'QA-F1': 0.694303166386859}
11/04/2021 15:46:03 - INFO - __main__ - Found 25 errors.
11/04/2021 15:46:03 - INFO - __main__ - Start error-fixing .... Timecode: 6
11/04/2021 15:46:04 - INFO - __main__ - Start error-fixing .... Done!
11/04/2021 15:46:06 - INFO - __main__ - Overall: 0.6038392857142857 from scores=[0.7276785714285714, 0.48]
11/04/2021 15:46:06 - INFO - __main__ - --------------------------------------------------
11/04/2021 15:46:06 - INFO - __main__ - Evaluating to get errors .... Timecode: 7
11/04/2021 15:46:10 - INFO - __main__ - Before Error Fixing: {'EM': 0.625, 'QA-F1': 0.7330328021967056}
11/04/2021 15:46:10 - INFO - __main__ - Found 24 errors.
11/04/2021 15:46:10 - INFO - __main__ - Start error-fixing .... Timecode: 7
11/04/2021 15:46:11 - INFO - __main__ - Start error-fixing .... Done!
11/04/2021 15:46:12 - INFO - __main__ - Overall: 0.607421875 from scores=[0.71484375, 0.5]
11/04/2021 15:46:12 - INFO - __main__ - --------------------------------------------------
11/04/2021 15:46:12 - INFO - __main__ - Evaluating to get errors .... Timecode: 8
11/04/2021 15:46:16 - INFO - __main__ - Before Error Fixing: {'EM': 0.65625, 'QA-F1': 0.784757461328185}
11/04/2021 15:46:16 - INFO - __main__ - Found 22 errors.
11/04/2021 15:46:16 - INFO - __main__ - Start error-fixing .... Timecode: 8
11/04/2021 15:46:16 - INFO - __main__ - Start error-fixing .... Done!
11/04/2021 15:46:18 - INFO - __main__ - Overall: 0.5359848484848484 from scores=[0.7083333333333333, 0.36363636363636365]
11/04/2021 15:46:18 - INFO - __main__ - --------------------------------------------------
11/04/2021 15:46:18 - INFO - __main__ - Evaluating to get errors .... Timecode: 9
11/04/2021 15:46:21 - INFO - __main__ - Before Error Fixing: {'EM': 0.734375, 'QA-F1': 0.7879550137362636}
11/04/2021 15:46:21 - INFO - __main__ - Found 17 errors.
11/04/2021 15:46:21 - INFO - __main__ - Start error-fixing .... Timecode: 9
11/04/2021 15:46:21 - INFO - __main__ - Start error-fixing .... Done!
11/04/2021 15:46:22 - INFO - __main__ - Overall: 0.5319393382352942 from scores=[0.7109375, 0.35294117647058826]
11/04/2021 15:46:22 - INFO - __main__ - --------------------------------------------------
11/04/2021 15:46:22 - INFO - __main__ - Start eval_knowledge_retention for UKR @ Timecode=10
11/04/2021 15:46:44 - INFO - __main__ - Upstream Knowledge Retation (UKR@10): 0.8242
11/04/2021 15:46:44 - INFO - __main__ - Start eval_knowledge_retention for OKR @ Timecode=10
11/04/2021 15:47:06 - INFO - __main__ - Online Knowledge Retation (OKR@10): 0.8750
11/04/2021 15:47:06 - INFO - __main__ - Start eval_knowledge_generalization for KG @ Timecode=10
11/04/2021 15:48:21 - INFO - __main__ - Future Knowledge Generalization (KG@10): 0.3578
11/04/2021 15:48:21 - INFO - __main__ - Evaluating to get errors .... Timecode: 10
11/04/2021 15:48:24 - INFO - __main__ - Before Error Fixing: {'EM': 0.765625, 'QA-F1': 0.8021486006683375}
11/04/2021 15:48:24 - INFO - __main__ - Found 15 errors.
11/04/2021 15:48:24 - INFO - __main__ - Start error-fixing .... Timecode: 10
11/04/2021 15:48:24 - INFO - __main__ - Start error-fixing .... Done!
11/04/2021 15:48:25 - INFO - __main__ - Overall: 0.6212547348484848 from scores=[0.7159090909090908, 0.3333333333333333, 0.875, 0.82421875, 0.3578125]
11/04/2021 15:48:27 - INFO - __main__ - Model saved to experiments/ckpt_dirs/qa/er/QA_simplecl_lr=5e-5_ep=1_T=100,b=64,alpha=0.98,beta=1,gamma=1/model_ckpt_010.pt.
11/04/2021 15:48:27 - INFO - __main__ - Updated result feule: experiments/results/qa/QA_simplecl_lr=5e-5_ep=1_T=100,b=64,alpha=0.98,beta=1,gamma=1_result.json at Timecode: 10.
11/04/2021 15:48:27 - INFO - __main__ - --------------------------------------------------
11/04/2021 15:48:27 - INFO - __main__ - Evaluating to get errors .... Timecode: 11
11/04/2021 15:48:30 - INFO - __main__ - Before Error Fixing: {'EM': 0.6875, 'QA-F1': 0.7702639374514375}
11/04/2021 15:48:30 - INFO - __main__ - Found 20 errors.
11/04/2021 15:48:30 - INFO - __main__ - Start error-fixing .... Timecode: 11
11/04/2021 15:48:31 - INFO - __main__ - Start error-fixing .... Done!
11/04/2021 15:48:32 - INFO - __main__ - Overall: 0.6141145833333334 from scores=[0.7135416666666667, 0.3, 0.875, 0.82421875, 0.3578125]
11/04/2021 15:48:32 - INFO - __main__ - --------------------------------------------------
11/04/2021 15:48:32 - INFO - __main__ - Evaluating to get errors .... Timecode: 12
11/04/2021 15:48:35 - INFO - __main__ - Before Error Fixing: {'EM': 0.734375, 'QA-F1': 0.8045159623819164}
11/04/2021 15:48:35 - INFO - __main__ - Found 17 errors.
11/04/2021 15:48:35 - INFO - __main__ - Start error-fixing .... Timecode: 12
11/04/2021 15:48:36 - INFO - __main__ - Start error-fixing .... Done!
11/04/2021 15:48:37 - INFO - __main__ - Overall: 0.6367880373303167 from scores=[0.7151442307692308, 0.4117647058823529, 0.875, 0.82421875, 0.3578125]
11/04/2021 15:48:37 - INFO - __main__ - --------------------------------------------------
11/04/2021 15:48:37 - INFO - __main__ - Evaluating to get errors .... Timecode: 13
11/04/2021 15:48:41 - INFO - __main__ - Before Error Fixing: {'EM': 0.6875, 'QA-F1': 0.7642572944297082}
11/04/2021 15:48:41 - INFO - __main__ - Found 20 errors.
11/04/2021 15:48:41 - INFO - __main__ - Start error-fixing .... Timecode: 13
11/04/2021 15:48:42 - INFO - __main__ - Start error-fixing .... Done!
11/04/2021 15:48:43 - INFO - __main__ - Overall: 0.6240401785714286 from scores=[0.7131696428571428, 0.35, 0.875, 0.82421875, 0.3578125]
11/04/2021 15:48:43 - INFO - __main__ - --------------------------------------------------
11/04/2021 15:48:43 - INFO - __main__ - Evaluating to get errors .... Timecode: 14
11/04/2021 15:48:47 - INFO - __main__ - Before Error Fixing: {'EM': 0.671875, 'QA-F1': 0.739163046975547}
11/04/2021 15:48:47 - INFO - __main__ - Found 21 errors.
11/04/2021 15:48:47 - INFO - __main__ - Start error-fixing .... Timecode: 14
11/04/2021 15:48:47 - INFO - __main__ - Start error-fixing .... Done!
11/04/2021 15:48:49 - INFO - __main__ - Overall: 0.5915848214285714 from scores=[0.7104166666666667, 0.19047619047619047, 0.875, 0.82421875, 0.3578125]
11/04/2021 15:48:49 - INFO - __main__ - --------------------------------------------------
11/04/2021 15:48:49 - INFO - __main__ - Start eval_knowledge_retention for UKR @ Timecode=15
11/04/2021 15:49:13 - INFO - __main__ - Upstream Knowledge Retation (UKR@15): 0.7988
11/04/2021 15:49:13 - INFO - __main__ - Start eval_knowledge_retention for OKR @ Timecode=15
11/04/2021 15:49:39 - INFO - __main__ - Online Knowledge Retation (OKR@15): 0.8457
11/04/2021 15:49:39 - INFO - __main__ - Evaluating to get errors .... Timecode: 15
11/04/2021 15:49:43 - INFO - __main__ - Before Error Fixing: {'EM': 0.609375, 'QA-F1': 0.7301086824730167}
11/04/2021 15:49:43 - INFO - __main__ - Found 25 errors.
11/04/2021 15:49:43 - INFO - __main__ - Start error-fixing .... Timecode: 15
11/04/2021 15:49:43 - INFO - __main__ - Start error-fixing .... Done!
11/04/2021 15:49:45 - INFO - __main__ - Overall: 0.5812890625 from scores=[0.7041015625, 0.2, 0.845703125, 0.798828125, 0.3578125]
11/04/2021 15:49:45 - INFO - __main__ - --------------------------------------------------
11/04/2021 15:49:45 - INFO - __main__ - Evaluating to get errors .... Timecode: 16
11/04/2021 15:49:49 - INFO - __main__ - Before Error Fixing: {'EM': 0.734375, 'QA-F1': 0.8138532908064158}
11/04/2021 15:49:49 - INFO - __main__ - Found 17 errors.
11/04/2021 15:49:49 - INFO - __main__ - Start error-fixing .... Timecode: 16
11/04/2021 15:49:49 - INFO - __main__ - Start error-fixing .... Done!
11/04/2021 15:49:51 - INFO - __main__ - Overall: 0.60046875 from scores=[0.7058823529411764, 0.29411764705882354, 0.845703125, 0.798828125, 0.3578125]
11/04/2021 15:49:51 - INFO - __main__ - --------------------------------------------------
11/04/2021 15:49:51 - INFO - __main__ - Evaluating to get errors .... Timecode: 17
11/04/2021 15:49:54 - INFO - __main__ - Before Error Fixing: {'EM': 0.671875, 'QA-F1': 0.7397215192753843}
11/04/2021 15:49:54 - INFO - __main__ - Found 21 errors.
11/04/2021 15:49:54 - INFO - __main__ - Start error-fixing .... Timecode: 17
11/04/2021 15:49:54 - INFO - __main__ - Start error-fixing .... Done!
11/04/2021 15:49:56 - INFO - __main__ - Overall: 0.5507911706349207 from scores=[0.7039930555555556, 0.047619047619047616, 0.845703125, 0.798828125, 0.3578125]
11/04/2021 15:49:56 - INFO - __main__ - --------------------------------------------------
11/04/2021 15:49:56 - INFO - __main__ - Evaluating to get errors .... Timecode: 18
11/04/2021 15:49:59 - INFO - __main__ - Before Error Fixing: {'EM': 0.703125, 'QA-F1': 0.7409598214285714}
11/04/2021 15:49:59 - INFO - __main__ - Found 19 errors.
11/04/2021 15:49:59 - INFO - __main__ - Start error-fixing .... Timecode: 18
11/04/2021 15:49:59 - INFO - __main__ - Start error-fixing .... Done!
11/04/2021 15:50:00 - INFO - __main__ - Overall: 0.5728371710526317 from scores=[0.7039473684210527, 0.15789473684210525, 0.845703125, 0.798828125, 0.3578125]
11/04/2021 15:50:00 - INFO - __main__ - --------------------------------------------------
11/04/2021 15:50:00 - INFO - __main__ - Evaluating to get errors .... Timecode: 19
11/04/2021 15:50:03 - INFO - __main__ - Before Error Fixing: {'EM': 0.703125, 'QA-F1': 0.7795642006802721}
11/04/2021 15:50:03 - INFO - __main__ - Found 19 errors.
11/04/2021 15:50:03 - INFO - __main__ - Start error-fixing .... Timecode: 19
11/04/2021 15:50:04 - INFO - __main__ - Start error-fixing .... Done!
11/04/2021 15:50:05 - INFO - __main__ - Overall: 0.5938815789473684 from scores=[0.70390625, 0.2631578947368421, 0.845703125, 0.798828125, 0.3578125]
11/04/2021 15:50:05 - INFO - __main__ - --------------------------------------------------
11/04/2021 15:50:05 - INFO - __main__ - Start eval_knowledge_retention for UKR @ Timecode=20
11/04/2021 15:50:29 - INFO - __main__ - Upstream Knowledge Retation (UKR@20): 0.7871
11/04/2021 15:50:29 - INFO - __main__ - Start eval_knowledge_retention for OKR @ Timecode=20
11/04/2021 15:50:52 - INFO - __main__ - Online Knowledge Retation (OKR@20): 0.8301
11/04/2021 15:50:52 - INFO - __main__ - Start eval_knowledge_generalization for KG @ Timecode=20
11/04/2021 15:52:08 - INFO - __main__ - Future Knowledge Generalization (KG@20): 0.3844
11/04/2021 15:52:08 - INFO - __main__ - Evaluating to get errors .... Timecode: 20
11/04/2021 15:52:10 - INFO - __main__ - Before Error Fixing: {'EM': 0.703125, 'QA-F1': 0.7833079187567142}
11/04/2021 15:52:10 - INFO - __main__ - Found 19 errors.
11/04/2021 15:52:10 - INFO - __main__ - Start error-fixing .... Timecode: 20
11/04/2021 15:52:11 - INFO - __main__ - Start error-fixing .... Done!
11/04/2021 15:52:12 - INFO - __main__ - Overall: 0.625296835839599 from scores=[0.7038690476190477, 0.42105263157894735, 0.830078125, 0.787109375, 0.384375]
11/04/2021 15:52:14 - INFO - __main__ - Model saved to experiments/ckpt_dirs/qa/er/QA_simplecl_lr=5e-5_ep=1_T=100,b=64,alpha=0.98,beta=1,gamma=1/model_ckpt_020.pt.
11/04/2021 15:52:14 - INFO - __main__ - Updated result feule: experiments/results/qa/QA_simplecl_lr=5e-5_ep=1_T=100,b=64,alpha=0.98,beta=1,gamma=1_result.json at Timecode: 20.
11/04/2021 15:52:14 - INFO - __main__ - --------------------------------------------------
11/04/2021 15:52:14 - INFO - __main__ - Evaluating to get errors .... Timecode: 21
11/04/2021 15:52:17 - INFO - __main__ - Before Error Fixing: {'EM': 0.625, 'QA-F1': 0.7117125823138051}
11/04/2021 15:52:17 - INFO - __main__ - Found 24 errors.
11/04/2021 15:52:17 - INFO - __main__ - Start error-fixing .... Timecode: 21
11/04/2021 15:52:18 - INFO - __main__ - Start error-fixing .... Done!
11/04/2021 15:52:19 - INFO - __main__ - Overall: 0.5653693181818181 from scores=[0.7002840909090908, 0.125, 0.830078125, 0.787109375, 0.384375]
11/04/2021 15:52:19 - INFO - __main__ - --------------------------------------------------
11/04/2021 15:52:19 - INFO - __main__ - Evaluating to get errors .... Timecode: 22
11/04/2021 15:52:23 - INFO - __main__ - Before Error Fixing: {'EM': 0.671875, 'QA-F1': 0.7391717657342657}
11/04/2021 15:52:23 - INFO - __main__ - Found 21 errors.
11/04/2021 15:52:23 - INFO - __main__ - Start error-fixing .... Timecode: 22
11/04/2021 15:52:23 - INFO - __main__ - Start error-fixing .... Done!
11/04/2021 15:52:25 - INFO - __main__ - Overall: 0.6067889492753623 from scores=[0.6990489130434783, 0.3333333333333333, 0.830078125, 0.787109375, 0.384375]
11/04/2021 15:52:25 - INFO - __main__ - --------------------------------------------------
11/04/2021 15:52:25 - INFO - __main__ - Evaluating to get errors .... Timecode: 23
11/04/2021 15:52:29 - INFO - __main__ - Before Error Fixing: {'EM': 0.578125, 'QA-F1': 0.726748587303881}
11/04/2021 15:52:29 - INFO - __main__ - Found 27 errors.
11/04/2021 15:52:29 - INFO - __main__ - Start error-fixing .... Timecode: 23
11/04/2021 15:52:29 - INFO - __main__ - Start error-fixing .... Done!
11/04/2021 15:52:31 - INFO - __main__ - Overall: 0.5835590277777778 from scores=[0.6940104166666667, 0.2222222222222222, 0.830078125, 0.787109375, 0.384375]
11/04/2021 15:52:31 - INFO - __main__ - --------------------------------------------------
11/04/2021 15:52:31 - INFO - __main__ - Evaluating to get errors .... Timecode: 24
11/04/2021 15:52:35 - INFO - __main__ - Before Error Fixing: {'EM': 0.671875, 'QA-F1': 0.775335407161065}
11/04/2021 15:52:35 - INFO - __main__ - Found 21 errors.
11/04/2021 15:52:35 - INFO - __main__ - Start error-fixing .... Timecode: 24
11/04/2021 15:52:36 - INFO - __main__ - Start error-fixing .... Done!
11/04/2021 15:52:37 - INFO - __main__ - Overall: 0.5960803571428571 from scores=[0.693125, 0.2857142857142857, 0.830078125, 0.787109375, 0.384375]
11/04/2021 15:52:37 - INFO - __main__ - --------------------------------------------------
11/04/2021 15:52:37 - INFO - __main__ - Start eval_knowledge_retention for UKR @ Timecode=25
11/04/2021 15:53:07 - INFO - __main__ - Upstream Knowledge Retation (UKR@25): 0.7832
11/04/2021 15:53:07 - INFO - __main__ - Start eval_knowledge_retention for OKR @ Timecode=25
11/04/2021 15:53:39 - INFO - __main__ - Online Knowledge Retation (OKR@25): 0.8242
11/04/2021 15:53:39 - INFO - __main__ - Evaluating to get errors .... Timecode: 25
11/04/2021 15:53:44 - INFO - __main__ - Before Error Fixing: {'EM': 0.609375, 'QA-F1': 0.6990347581340228}
11/04/2021 15:53:44 - INFO - __main__ - Found 25 errors.
11/04/2021 15:53:44 - INFO - __main__ - Start error-fixing .... Timecode: 25
11/04/2021 15:53:45 - INFO - __main__ - Start error-fixing .... Done!
11/04/2021 15:53:48 - INFO - __main__ - Overall: 0.5923401442307692 from scores=[0.6899038461538461, 0.28, 0.82421875, 0.783203125, 0.384375]
11/04/2021 15:53:48 - INFO - __main__ - --------------------------------------------------
11/04/2021 15:53:48 - INFO - __main__ - Evaluating to get errors .... Timecode: 26
11/04/2021 15:53:51 - INFO - __main__ - Before Error Fixing: {'EM': 0.703125, 'QA-F1': 0.8058616593567252}
11/04/2021 15:53:51 - INFO - __main__ - Found 19 errors.
11/04/2021 15:53:51 - INFO - __main__ - Start error-fixing .... Timecode: 26
11/04/2021 15:53:51 - INFO - __main__ - Start error-fixing .... Done!
11/04/2021 15:53:52 - INFO - __main__ - Overall: 0.6522275523879142 from scores=[0.6903935185185186, 0.5789473684210527, 0.82421875, 0.783203125, 0.384375]
11/04/2021 15:53:52 - INFO - __main__ - --------------------------------------------------
11/04/2021 15:53:52 - INFO - __main__ - Evaluating to get errors .... Timecode: 27
11/04/2021 15:53:55 - INFO - __main__ - Before Error Fixing: {'EM': 0.6875, 'QA-F1': 0.77953125}
11/04/2021 15:53:55 - INFO - __main__ - Found 20 errors.
11/04/2021 15:53:55 - INFO - __main__ - Start error-fixing .... Timecode: 27
11/04/2021 15:53:55 - INFO - __main__ - Start error-fixing .... Done!
11/04/2021 15:53:57 - INFO - __main__ - Overall: 0.6164174107142857 from scores=[0.6902901785714286, 0.4, 0.82421875, 0.783203125, 0.384375]
11/04/2021 15:53:57 - INFO - __main__ - --------------------------------------------------
11/04/2021 15:53:57 - INFO - __main__ - Evaluating to get errors .... Timecode: 28
11/04/2021 15:54:00 - INFO - __main__ - Before Error Fixing: {'EM': 0.640625, 'QA-F1': 0.71182370243419}
11/04/2021 15:54:00 - INFO - __main__ - Found 23 errors.
11/04/2021 15:54:00 - INFO - __main__ - Start error-fixing .... Timecode: 28
11/04/2021 15:54:01 - INFO - __main__ - Start error-fixing .... Done!
11/04/2021 15:54:02 - INFO - __main__ - Overall: 0.5969444574587706 from scores=[0.6885775862068966, 0.30434782608695654, 0.82421875, 0.783203125, 0.384375]
11/04/2021 15:54:02 - INFO - __main__ - --------------------------------------------------
11/04/2021 15:54:02 - INFO - __main__ - Evaluating to get errors .... Timecode: 29
11/04/2021 15:54:06 - INFO - __main__ - Before Error Fixing: {'EM': 0.703125, 'QA-F1': 0.8015914462375859}
11/04/2021 15:54:06 - INFO - __main__ - Found 19 errors.
11/04/2021 15:54:06 - INFO - __main__ - Start error-fixing .... Timecode: 29
11/04/2021 15:54:07 - INFO - __main__ - Start error-fixing .... Done!
11/04/2021 15:54:08 - INFO - __main__ - Overall: 0.5782771381578947 from scores=[0.6890625, 0.21052631578947367, 0.82421875, 0.783203125, 0.384375]
11/04/2021 15:54:08 - INFO - __main__ - --------------------------------------------------
11/04/2021 15:54:08 - INFO - __main__ - Start eval_knowledge_retention for UKR @ Timecode=30
11/04/2021 15:54:34 - INFO - __main__ - Upstream Knowledge Retation (UKR@30): 0.7949
11/04/2021 15:54:34 - INFO - __main__ - Start eval_knowledge_retention for OKR @ Timecode=30
11/04/2021 15:55:03 - INFO - __main__ - Online Knowledge Retation (OKR@30): 0.8145
11/04/2021 15:55:03 - INFO - __main__ - Start eval_knowledge_generalization for KG @ Timecode=30
11/04/2021 15:56:34 - INFO - __main__ - Future Knowledge Generalization (KG@30): 0.3531
11/04/2021 15:56:34 - INFO - __main__ - Evaluating to get errors .... Timecode: 30
11/04/2021 15:56:38 - INFO - __main__ - Before Error Fixing: {'EM': 0.609375, 'QA-F1': 0.6995648737134805}
11/04/2021 15:56:38 - INFO - __main__ - Found 25 errors.
11/04/2021 15:56:38 - INFO - __main__ - Start error-fixing .... Timecode: 30
11/04/2021 15:56:39 - INFO - __main__ - Start error-fixing .... Done!
11/04/2021 15:56:40 - INFO - __main__ - Overall: 0.6017983870967741 from scores=[0.686491935483871, 0.36, 0.814453125, 0.794921875, 0.353125]
11/04/2021 15:56:43 - INFO - __main__ - Model saved to experiments/ckpt_dirs/qa/er/QA_simplecl_lr=5e-5_ep=1_T=100,b=64,alpha=0.98,beta=1,gamma=1/model_ckpt_030.pt.
11/04/2021 15:56:43 - INFO - __main__ - Updated result feule: experiments/results/qa/QA_simplecl_lr=5e-5_ep=1_T=100,b=64,alpha=0.98,beta=1,gamma=1_result.json at Timecode: 30.
11/04/2021 15:56:43 - INFO - __main__ - --------------------------------------------------
11/04/2021 15:56:43 - INFO - __main__ - Evaluating to get errors .... Timecode: 31
11/04/2021 15:56:47 - INFO - __main__ - Before Error Fixing: {'EM': 0.609375, 'QA-F1': 0.7105132121168306}
11/04/2021 15:56:47 - INFO - __main__ - Found 25 errors.
11/04/2021 15:56:47 - INFO - __main__ - Start error-fixing .... Timecode: 31
11/04/2021 15:56:48 - INFO - __main__ - Start error-fixing .... Done!
11/04/2021 15:56:50 - INFO - __main__ - Overall: 0.56931640625 from scores=[0.68408203125, 0.2, 0.814453125, 0.794921875, 0.353125]
11/04/2021 15:56:50 - INFO - __main__ - --------------------------------------------------
11/04/2021 15:56:50 - INFO - __main__ - Evaluating to get errors .... Timecode: 32
11/04/2021 15:56:54 - INFO - __main__ - Before Error Fixing: {'EM': 0.640625, 'QA-F1': 0.7529953008192773}
11/04/2021 15:56:54 - INFO - __main__ - Found 23 errors.
11/04/2021 15:56:54 - INFO - __main__ - Start error-fixing .... Timecode: 32
11/04/2021 15:56:55 - INFO - __main__ - Start error-fixing .... Done!
11/04/2021 15:56:57 - INFO - __main__ - Overall: 0.5725312911725955 from scores=[0.6827651515151515, 0.21739130434782608, 0.814453125, 0.794921875, 0.353125]
11/04/2021 15:56:57 - INFO - __main__ - --------------------------------------------------
11/04/2021 15:56:57 - INFO - __main__ - Evaluating to get errors .... Timecode: 33
11/04/2021 15:57:02 - INFO - __main__ - Before Error Fixing: {'EM': 0.65625, 'QA-F1': 0.7347498303729597}
11/04/2021 15:57:02 - INFO - __main__ - Found 22 errors.
11/04/2021 15:57:02 - INFO - __main__ - Start error-fixing .... Timecode: 33
11/04/2021 15:57:03 - INFO - __main__ - Start error-fixing .... Done!
11/04/2021 15:57:05 - INFO - __main__ - Overall: 0.5743516042780749 from scores=[0.6819852941176471, 0.22727272727272727, 0.814453125, 0.794921875, 0.353125]
11/04/2021 15:57:05 - INFO - __main__ - --------------------------------------------------
11/04/2021 15:57:05 - INFO - __main__ - Evaluating to get errors .... Timecode: 34
11/04/2021 15:57:09 - INFO - __main__ - Before Error Fixing: {'EM': 0.734375, 'QA-F1': 0.785641339869281}
11/04/2021 15:57:09 - INFO - __main__ - Found 17 errors.
11/04/2021 15:57:09 - INFO - __main__ - Start error-fixing .... Timecode: 34
11/04/2021 15:57:09 - INFO - __main__ - Start error-fixing .... Done!
11/04/2021 15:57:10 - INFO - __main__ - Overall: 0.5880199579831933 from scores=[0.6834821428571429, 0.29411764705882354, 0.814453125, 0.794921875, 0.353125]
11/04/2021 15:57:10 - INFO - __main__ - --------------------------------------------------
11/04/2021 15:57:10 - INFO - __main__ - Start eval_knowledge_retention for UKR @ Timecode=35
11/04/2021 15:57:36 - INFO - __main__ - Upstream Knowledge Retation (UKR@35): 0.7930
11/04/2021 15:57:37 - INFO - __main__ - Start eval_knowledge_retention for OKR @ Timecode=35
11/04/2021 15:58:02 - INFO - __main__ - Online Knowledge Retation (OKR@35): 0.8340
11/04/2021 15:58:02 - INFO - __main__ - Evaluating to get errors .... Timecode: 35
11/04/2021 15:58:05 - INFO - __main__ - Before Error Fixing: {'EM': 0.65625, 'QA-F1': 0.7550348097759643}
11/04/2021 15:58:05 - INFO - __main__ - Found 22 errors.
11/04/2021 15:58:05 - INFO - __main__ - Start error-fixing .... Timecode: 35
11/04/2021 15:58:06 - INFO - __main__ - Start error-fixing .... Done!
11/04/2021 15:58:08 - INFO - __main__ - Overall: 0.5961971275252524 from scores=[0.6827256944444444, 0.3181818181818182, 0.833984375, 0.79296875, 0.353125]
11/04/2021 15:58:08 - INFO - __main__ - --------------------------------------------------
11/04/2021 15:58:08 - INFO - __main__ - Evaluating to get errors .... Timecode: 36
11/04/2021 15:58:11 - INFO - __main__ - Before Error Fixing: {'EM': 0.65625, 'QA-F1': 0.734267009032634}
11/04/2021 15:58:11 - INFO - __main__ - Found 22 errors.
11/04/2021 15:58:11 - INFO - __main__ - Start error-fixing .... Timecode: 36
11/04/2021 15:58:12 - INFO - __main__ - Start error-fixing .... Done!
11/04/2021 15:58:13 - INFO - __main__ - Overall: 0.5596903792997543 from scores=[0.6820101351351351, 0.13636363636363635, 0.833984375, 0.79296875, 0.353125]
11/04/2021 15:58:13 - INFO - __main__ - --------------------------------------------------
11/04/2021 15:58:13 - INFO - __main__ - Evaluating to get errors .... Timecode: 37
11/04/2021 15:58:18 - INFO - __main__ - Before Error Fixing: {'EM': 0.6875, 'QA-F1': 0.8043556976817994}
11/04/2021 15:58:18 - INFO - __main__ - Found 20 errors.
11/04/2021 15:58:18 - INFO - __main__ - Start error-fixing .... Timecode: 37
11/04/2021 15:58:19 - INFO - __main__ - Start error-fixing .... Done!
11/04/2021 15:58:20 - INFO - __main__ - Overall: 0.5924465460526316 from scores=[0.682154605263158, 0.3, 0.833984375, 0.79296875, 0.353125]
11/04/2021 15:58:20 - INFO - __main__ - --------------------------------------------------
11/04/2021 15:58:20 - INFO - __main__ - Evaluating to get errors .... Timecode: 38
11/04/2021 15:58:24 - INFO - __main__ - Before Error Fixing: {'EM': 0.65625, 'QA-F1': 0.732030155812325}
11/04/2021 15:58:24 - INFO - __main__ - Found 22 errors.
11/04/2021 15:58:24 - INFO - __main__ - Start error-fixing .... Timecode: 38
11/04/2021 15:58:24 - INFO - __main__ - Start error-fixing .... Done!
11/04/2021 15:58:26 - INFO - __main__ - Overall: 0.5777682473776223 from scores=[0.6814903846153846, 0.22727272727272727, 0.833984375, 0.79296875, 0.353125]
11/04/2021 15:58:26 - INFO - __main__ - --------------------------------------------------
11/04/2021 15:58:26 - INFO - __main__ - Evaluating to get errors .... Timecode: 39
11/04/2021 15:58:30 - INFO - __main__ - Before Error Fixing: {'EM': 0.6875, 'QA-F1': 0.7624220820676613}
11/04/2021 15:58:30 - INFO - __main__ - Found 20 errors.
11/04/2021 15:58:30 - INFO - __main__ - Start error-fixing .... Timecode: 39
11/04/2021 15:58:30 - INFO - __main__ - Start error-fixing .... Done!
11/04/2021 15:58:32 - INFO - __main__ - Overall: 0.5623437499999999 from scores=[0.681640625, 0.15, 0.833984375, 0.79296875, 0.353125]
11/04/2021 15:58:32 - INFO - __main__ - --------------------------------------------------
11/04/2021 15:58:32 - INFO - __main__ - Start eval_knowledge_retention for UKR @ Timecode=40
11/04/2021 15:59:01 - INFO - __main__ - Upstream Knowledge Retation (UKR@40): 0.7930
11/04/2021 15:59:02 - INFO - __main__ - Start eval_knowledge_retention for OKR @ Timecode=40
11/04/2021 15:59:35 - INFO - __main__ - Online Knowledge Retation (OKR@40): 0.8105
11/04/2021 15:59:35 - INFO - __main__ - Start eval_knowledge_generalization for KG @ Timecode=40
11/04/2021 16:01:09 - INFO - __main__ - Future Knowledge Generalization (KG@40): 0.3883
11/04/2021 16:01:09 - INFO - __main__ - Evaluating to get errors .... Timecode: 40
11/04/2021 16:01:14 - INFO - __main__ - Before Error Fixing: {'EM': 0.640625, 'QA-F1': 0.7168204121329121}
11/04/2021 16:01:14 - INFO - __main__ - Found 23 errors.
11/04/2021 16:01:14 - INFO - __main__ - Start error-fixing .... Timecode: 40
11/04/2021 16:01:15 - INFO - __main__ - Start error-fixing .... Done!
11/04/2021 16:01:17 - INFO - __main__ - Overall: 0.5692700324761399 from scores=[0.680640243902439, 0.17391304347826086, 0.810546875, 0.79296875, 0.38828125]
11/04/2021 16:01:19 - INFO - __main__ - Model saved to experiments/ckpt_dirs/qa/er/QA_simplecl_lr=5e-5_ep=1_T=100,b=64,alpha=0.98,beta=1,gamma=1/model_ckpt_040.pt.
11/04/2021 16:01:19 - INFO - __main__ - Updated result feule: experiments/results/qa/QA_simplecl_lr=5e-5_ep=1_T=100,b=64,alpha=0.98,beta=1,gamma=1_result.json at Timecode: 40.
11/04/2021 16:01:19 - INFO - __main__ - --------------------------------------------------
11/04/2021 16:01:19 - INFO - __main__ - Evaluating to get errors .... Timecode: 41
11/04/2021 16:01:23 - INFO - __main__ - Before Error Fixing: {'EM': 0.625, 'QA-F1': 0.7077628968253968}
11/04/2021 16:01:23 - INFO - __main__ - Found 24 errors.
11/04/2021 16:01:23 - INFO - __main__ - Start error-fixing .... Timecode: 41
11/04/2021 16:01:24 - INFO - __main__ - Start error-fixing .... Done!
11/04/2021 16:01:26 - INFO - __main__ - Overall: 0.5842224702380953 from scores=[0.6793154761904762, 0.25, 0.810546875, 0.79296875, 0.38828125]
11/04/2021 16:01:26 - INFO - __main__ - --------------------------------------------------
11/04/2021 16:01:26 - INFO - __main__ - Evaluating to get errors .... Timecode: 42
11/04/2021 16:01:31 - INFO - __main__ - Before Error Fixing: {'EM': 0.59375, 'QA-F1': 0.7041684862311899}
11/04/2021 16:01:31 - INFO - __main__ - Found 26 errors.
11/04/2021 16:01:31 - INFO - __main__ - Start error-fixing .... Timecode: 42
11/04/2021 16:01:31 - INFO - __main__ - Start error-fixing .... Done!
11/04/2021 16:01:34 - INFO - __main__ - Overall: 0.5645937220483005 from scores=[0.6773255813953488, 0.15384615384615385, 0.810546875, 0.79296875, 0.38828125]
11/04/2021 16:01:34 - INFO - __main__ - --------------------------------------------------
11/04/2021 16:01:34 - INFO - __main__ - Evaluating to get errors .... Timecode: 43
11/04/2021 16:01:38 - INFO - __main__ - Before Error Fixing: {'EM': 0.640625, 'QA-F1': 0.7398163149279978}
11/04/2021 16:01:38 - INFO - __main__ - Found 23 errors.
11/04/2021 16:01:38 - INFO - __main__ - Start error-fixing .... Timecode: 43
11/04/2021 16:01:39 - INFO - __main__ - Start error-fixing .... Done!
11/04/2021 16:01:41 - INFO - __main__ - Overall: 0.5684402791501977 from scores=[0.6764914772727273, 0.17391304347826086, 0.810546875, 0.79296875, 0.38828125]
11/04/2021 16:01:41 - INFO - __main__ - --------------------------------------------------
11/04/2021 16:01:41 - INFO - __main__ - Evaluating to get errors .... Timecode: 44
11/04/2021 16:01:46 - INFO - __main__ - Before Error Fixing: {'EM': 0.625, 'QA-F1': 0.7169700387615259}
11/04/2021 16:01:46 - INFO - __main__ - Found 24 errors.
11/04/2021 16:01:46 - INFO - __main__ - Start error-fixing .... Timecode: 44
11/04/2021 16:01:46 - INFO - __main__ - Start error-fixing .... Done!
11/04/2021 16:01:49 - INFO - __main__ - Overall: 0.6084288194444445 from scores=[0.6753472222222222, 0.375, 0.810546875, 0.79296875, 0.38828125]
11/04/2021 16:01:49 - INFO - __main__ - --------------------------------------------------
11/04/2021 16:01:49 - INFO - __main__ - Start eval_knowledge_retention for UKR @ Timecode=45
11/04/2021 16:02:17 - INFO - __main__ - Upstream Knowledge Retation (UKR@45): 0.7930
11/04/2021 16:02:17 - INFO - __main__ - Start eval_knowledge_retention for OKR @ Timecode=45
11/04/2021 16:02:48 - INFO - __main__ - Online Knowledge Retation (OKR@45): 0.8125
11/04/2021 16:02:48 - INFO - __main__ - Evaluating to get errors .... Timecode: 45
11/04/2021 16:02:53 - INFO - __main__ - Before Error Fixing: {'EM': 0.53125, 'QA-F1': 0.6680152139282409}
11/04/2021 16:02:53 - INFO - __main__ - Found 30 errors.
11/04/2021 16:02:53 - INFO - __main__ - Start error-fixing .... Timecode: 45
11/04/2021 16:02:54 - INFO - __main__ - Start error-fixing .... Done!
11/04/2021 16:02:56 - INFO - __main__ - Overall: 0.5598596014492754 from scores=[0.6722146739130435, 0.13333333333333333, 0.8125, 0.79296875, 0.38828125]
11/04/2021 16:02:56 - INFO - __main__ - --------------------------------------------------
11/04/2021 16:02:56 - INFO - __main__ - Evaluating to get errors .... Timecode: 46
11/04/2021 16:03:01 - INFO - __main__ - Before Error Fixing: {'EM': 0.5625, 'QA-F1': 0.6750372584931408}
11/04/2021 16:03:01 - INFO - __main__ - Found 28 errors.
11/04/2021 16:03:01 - INFO - __main__ - Start error-fixing .... Timecode: 46
11/04/2021 16:03:01 - INFO - __main__ - Start error-fixing .... Done!
11/04/2021 16:03:04 - INFO - __main__ - Overall: 0.5898689209726443 from scores=[0.6698803191489362, 0.2857142857142857, 0.8125, 0.79296875, 0.38828125]
11/04/2021 16:03:04 - INFO - __main__ - --------------------------------------------------
11/04/2021 16:03:04 - INFO - __main__ - Evaluating to get errors .... Timecode: 47
11/04/2021 16:03:09 - INFO - __main__ - Before Error Fixing: {'EM': 0.625, 'QA-F1': 0.6816273901529499}
11/04/2021 16:03:09 - INFO - __main__ - Found 24 errors.
11/04/2021 16:03:09 - INFO - __main__ - Start error-fixing .... Timecode: 47
11/04/2021 16:03:09 - INFO - __main__ - Start error-fixing .... Done!
11/04/2021 16:03:11 - INFO - __main__ - Overall: 0.5908723958333334 from scores=[0.6689453125, 0.2916666666666667, 0.8125, 0.79296875, 0.38828125]
11/04/2021 16:03:11 - INFO - __main__ - --------------------------------------------------
11/04/2021 16:03:11 - INFO - __main__ - Evaluating to get errors .... Timecode: 48
11/04/2021 16:03:17 - INFO - __main__ - Before Error Fixing: {'EM': 0.53125, 'QA-F1': 0.7017477174071843}
11/04/2021 16:03:17 - INFO - __main__ - Found 30 errors.
11/04/2021 16:03:17 - INFO - __main__ - Start error-fixing .... Timecode: 48
11/04/2021 16:03:17 - INFO - __main__ - Start error-fixing .... Done!
11/04/2021 16:03:20 - INFO - __main__ - Overall: 0.5853103741496598 from scores=[0.6661352040816326, 0.26666666666666666, 0.8125, 0.79296875, 0.38828125]
11/04/2021 16:03:20 - INFO - __main__ - --------------------------------------------------
11/04/2021 16:03:20 - INFO - __main__ - Evaluating to get errors .... Timecode: 49
11/04/2021 16:03:24 - INFO - __main__ - Before Error Fixing: {'EM': 0.609375, 'QA-F1': 0.6933985313290654}
11/04/2021 16:03:24 - INFO - __main__ - Found 25 errors.
11/04/2021 16:03:24 - INFO - __main__ - Start error-fixing .... Timecode: 49
11/04/2021 16:03:24 - INFO - __main__ - Start error-fixing .... Done!
11/04/2021 16:03:26 - INFO - __main__ - Overall: 0.57175 from scores=[0.665, 0.2, 0.8125, 0.79296875, 0.38828125]
11/04/2021 16:03:26 - INFO - __main__ - --------------------------------------------------
11/04/2021 16:03:26 - INFO - __main__ - Start eval_knowledge_retention for UKR @ Timecode=50
11/04/2021 16:03:55 - INFO - __main__ - Upstream Knowledge Retation (UKR@50): 0.7734
11/04/2021 16:03:55 - INFO - __main__ - Start eval_knowledge_retention for OKR @ Timecode=50
11/04/2021 16:04:25 - INFO - __main__ - Online Knowledge Retation (OKR@50): 0.8047
11/04/2021 16:04:25 - INFO - __main__ - Start eval_knowledge_generalization for KG @ Timecode=50
11/04/2021 16:05:51 - INFO - __main__ - Future Knowledge Generalization (KG@50): 0.3937
11/04/2021 16:05:51 - INFO - __main__ - Evaluating to get errors .... Timecode: 50
11/04/2021 16:05:55 - INFO - __main__ - Before Error Fixing: {'EM': 0.6875, 'QA-F1': 0.773125644946139}
11/04/2021 16:05:55 - INFO - __main__ - Found 20 errors.
11/04/2021 16:05:55 - INFO - __main__ - Start error-fixing .... Timecode: 50
11/04/2021 16:05:55 - INFO - __main__ - Start error-fixing .... Done!
11/04/2021 16:05:57 - INFO - __main__ - Overall: 0.5574632352941176 from scores=[0.6654411764705883, 0.15, 0.8046875, 0.7734375, 0.39375]
11/04/2021 16:05:59 - INFO - __main__ - Model saved to experiments/ckpt_dirs/qa/er/QA_simplecl_lr=5e-5_ep=1_T=100,b=64,alpha=0.98,beta=1,gamma=1/model_ckpt_050.pt.
11/04/2021 16:05:59 - INFO - __main__ - Updated result feule: experiments/results/qa/QA_simplecl_lr=5e-5_ep=1_T=100,b=64,alpha=0.98,beta=1,gamma=1_result.json at Timecode: 50.
11/04/2021 16:05:59 - INFO - __main__ - --------------------------------------------------
11/04/2021 16:05:59 - INFO - __main__ - Evaluating to get errors .... Timecode: 51
11/04/2021 16:06:03 - INFO - __main__ - Before Error Fixing: {'EM': 0.65625, 'QA-F1': 0.7498594018224747}
11/04/2021 16:06:03 - INFO - __main__ - Found 22 errors.
11/04/2021 16:06:03 - INFO - __main__ - Start error-fixing .... Timecode: 51
11/04/2021 16:06:04 - INFO - __main__ - Start error-fixing .... Done!
11/04/2021 16:06:05 - INFO - __main__ - Overall: 0.6183369755244754 from scores=[0.6652644230769231, 0.45454545454545453, 0.8046875, 0.7734375, 0.39375]
11/04/2021 16:06:05 - INFO - __main__ - --------------------------------------------------
11/04/2021 16:06:05 - INFO - __main__ - Evaluating to get errors .... Timecode: 52
11/04/2021 16:06:09 - INFO - __main__ - Before Error Fixing: {'EM': 0.515625, 'QA-F1': 0.6042079785237113}
11/04/2021 16:06:09 - INFO - __main__ - Found 31 errors.
11/04/2021 16:06:09 - INFO - __main__ - Start error-fixing .... Timecode: 52
11/04/2021 16:06:10 - INFO - __main__ - Start error-fixing .... Done!
11/04/2021 16:06:12 - INFO - __main__ - Overall: 0.5978309494826537 from scores=[0.6624410377358491, 0.3548387096774194, 0.8046875, 0.7734375, 0.39375]
11/04/2021 16:06:12 - INFO - __main__ - --------------------------------------------------
11/04/2021 16:06:12 - INFO - __main__ - Evaluating to get errors .... Timecode: 53
11/04/2021 16:06:16 - INFO - __main__ - Before Error Fixing: {'EM': 0.609375, 'QA-F1': 0.6742621527777778}
11/04/2021 16:06:16 - INFO - __main__ - Found 25 errors.
11/04/2021 16:06:16 - INFO - __main__ - Start error-fixing .... Timecode: 53
11/04/2021 16:06:17 - INFO - __main__ - Start error-fixing .... Done!
11/04/2021 16:06:18 - INFO - __main__ - Overall: 0.5906666666666667 from scores=[0.6614583333333333, 0.32, 0.8046875, 0.7734375, 0.39375]
11/04/2021 16:06:18 - INFO - __main__ - --------------------------------------------------
11/04/2021 16:06:18 - INFO - __main__ - Evaluating to get errors .... Timecode: 54
11/04/2021 16:06:22 - INFO - __main__ - Before Error Fixing: {'EM': 0.5625, 'QA-F1': 0.6720765977139332}
11/04/2021 16:06:22 - INFO - __main__ - Found 28 errors.
11/04/2021 16:06:22 - INFO - __main__ - Start error-fixing .... Timecode: 54
11/04/2021 16:06:23 - INFO - __main__ - Start error-fixing .... Done!
11/04/2021 16:06:24 - INFO - __main__ - Overall: 0.5763068181818182 from scores=[0.6596590909090909, 0.25, 0.8046875, 0.7734375, 0.39375]
11/04/2021 16:06:24 - INFO - __main__ - --------------------------------------------------
11/04/2021 16:06:24 - INFO - __main__ - Start eval_knowledge_retention for UKR @ Timecode=55
11/04/2021 16:06:50 - INFO - __main__ - Upstream Knowledge Retation (UKR@55): 0.8145
11/04/2021 16:06:51 - INFO - __main__ - Start eval_knowledge_retention for OKR @ Timecode=55
11/04/2021 16:07:19 - INFO - __main__ - Online Knowledge Retation (OKR@55): 0.7871
11/04/2021 16:07:19 - INFO - __main__ - Evaluating to get errors .... Timecode: 55
11/04/2021 16:07:22 - INFO - __main__ - Before Error Fixing: {'EM': 0.671875, 'QA-F1': 0.7686086558369167}
11/04/2021 16:07:22 - INFO - __main__ - Found 21 errors.
11/04/2021 16:07:22 - INFO - __main__ - Start error-fixing .... Timecode: 55
11/04/2021 16:07:23 - INFO - __main__ - Start error-fixing .... Done!
11/04/2021 16:07:24 - INFO - __main__ - Overall: 0.5500855654761905 from scores=[0.6598772321428572, 0.09523809523809523, 0.787109375, 0.814453125, 0.39375]
11/04/2021 16:07:24 - INFO - __main__ - --------------------------------------------------
11/04/2021 16:07:24 - INFO - __main__ - Evaluating to get errors .... Timecode: 56
11/04/2021 16:07:28 - INFO - __main__ - Before Error Fixing: {'EM': 0.65625, 'QA-F1': 0.7264773119392685}
11/04/2021 16:07:28 - INFO - __main__ - Found 22 errors.
11/04/2021 16:07:28 - INFO - __main__ - Start error-fixing .... Timecode: 56
11/04/2021 16:07:28 - INFO - __main__ - Start error-fixing .... Done!
11/04/2021 16:07:30 - INFO - __main__ - Overall: 0.5582979465709729 from scores=[0.6598135964912281, 0.13636363636363635, 0.787109375, 0.814453125, 0.39375]
11/04/2021 16:07:30 - INFO - __main__ - --------------------------------------------------
11/04/2021 16:07:30 - INFO - __main__ - Evaluating to get errors .... Timecode: 57
11/04/2021 16:07:34 - INFO - __main__ - Before Error Fixing: {'EM': 0.671875, 'QA-F1': 0.7660344557403381}
11/04/2021 16:07:34 - INFO - __main__ - Found 21 errors.
11/04/2021 16:07:34 - INFO - __main__ - Start error-fixing .... Timecode: 57
11/04/2021 16:07:35 - INFO - __main__ - Start error-fixing .... Done!
11/04/2021 16:07:36 - INFO - __main__ - Overall: 0.5882096674876847 from scores=[0.6600215517241379, 0.2857142857142857, 0.787109375, 0.814453125, 0.39375]
11/04/2021 16:07:36 - INFO - __main__ - --------------------------------------------------
11/04/2021 16:07:36 - INFO - __main__ - Evaluating to get errors .... Timecode: 58
11/04/2021 16:07:41 - INFO - __main__ - Before Error Fixing: {'EM': 0.5, 'QA-F1': 0.5863129392658989}
11/04/2021 16:07:41 - INFO - __main__ - Found 32 errors.
11/04/2021 16:07:41 - INFO - __main__ - Start error-fixing .... Timecode: 58
11/04/2021 16:07:42 - INFO - __main__ - Start error-fixing .... Done!
11/04/2021 16:07:45 - INFO - __main__ - Overall: 0.5492743644067797 from scores=[0.6573093220338984, 0.09375, 0.787109375, 0.814453125, 0.39375]
11/04/2021 16:07:45 - INFO - __main__ - --------------------------------------------------
11/04/2021 16:07:45 - INFO - __main__ - Evaluating to get errors .... Timecode: 59
11/04/2021 16:07:50 - INFO - __main__ - Before Error Fixing: {'EM': 0.546875, 'QA-F1': 0.6741110215770543}
11/04/2021 16:07:50 - INFO - __main__ - Found 29 errors.
11/04/2021 16:07:50 - INFO - __main__ - Start error-fixing .... Timecode: 59
11/04/2021 16:07:51 - INFO - __main__ - Start error-fixing .... Done!
11/04/2021 16:07:54 - INFO - __main__ - Overall: 0.5922252155172414 from scores=[0.65546875, 0.3103448275862069, 0.787109375, 0.814453125, 0.39375]
11/04/2021 16:07:54 - INFO - __main__ - --------------------------------------------------
11/04/2021 16:07:54 - INFO - __main__ - Start eval_knowledge_retention for UKR @ Timecode=60
11/04/2021 16:08:29 - INFO - __main__ - Upstream Knowledge Retation (UKR@60): 0.7285
11/04/2021 16:08:29 - INFO - __main__ - Start eval_knowledge_retention for OKR @ Timecode=60
11/04/2021 16:09:04 - INFO - __main__ - Online Knowledge Retation (OKR@60): 0.7344
11/04/2021 16:09:04 - INFO - __main__ - Start eval_knowledge_generalization for KG @ Timecode=60
11/04/2021 16:10:50 - INFO - __main__ - Future Knowledge Generalization (KG@60): 0.3297
11/04/2021 16:10:50 - INFO - __main__ - Evaluating to get errors .... Timecode: 60
11/04/2021 16:10:54 - INFO - __main__ - Before Error Fixing: {'EM': 0.578125, 'QA-F1': 0.7115308512759171}
11/04/2021 16:10:54 - INFO - __main__ - Found 27 errors.
11/04/2021 16:10:54 - INFO - __main__ - Start error-fixing .... Timecode: 60
11/04/2021 16:10:55 - INFO - __main__ - Start error-fixing .... Done!
11/04/2021 16:10:57 - INFO - __main__ - Overall: 0.5634298630085003 from scores=[0.6542008196721312, 0.37037037037037035, 0.734375, 0.728515625, 0.3296875]
11/04/2021 16:10:58 - INFO - __main__ - Model saved to experiments/ckpt_dirs/qa/er/QA_simplecl_lr=5e-5_ep=1_T=100,b=64,alpha=0.98,beta=1,gamma=1/model_ckpt_060.pt.
11/04/2021 16:10:58 - INFO - __main__ - Updated result feule: experiments/results/qa/QA_simplecl_lr=5e-5_ep=1_T=100,b=64,alpha=0.98,beta=1,gamma=1_result.json at Timecode: 60.
11/04/2021 16:10:58 - INFO - __main__ - --------------------------------------------------
11/04/2021 16:10:58 - INFO - __main__ - Evaluating to get errors .... Timecode: 61
11/04/2021 16:11:03 - INFO - __main__ - Before Error Fixing: {'EM': 0.515625, 'QA-F1': 0.6334870356251936}
11/04/2021 16:11:03 - INFO - __main__ - Found 31 errors.
11/04/2021 16:11:03 - INFO - __main__ - Start error-fixing .... Timecode: 61
11/04/2021 16:11:04 - INFO - __main__ - Start error-fixing .... Done!
11/04/2021 16:11:06 - INFO - __main__ - Overall: 0.5727797379032258 from scores=[0.6519657258064516, 0.41935483870967744, 0.734375, 0.728515625, 0.3296875]
11/04/2021 16:11:06 - INFO - __main__ - --------------------------------------------------
11/04/2021 16:11:06 - INFO - __main__ - Evaluating to get errors .... Timecode: 62
11/04/2021 16:11:10 - INFO - __main__ - Before Error Fixing: {'EM': 0.546875, 'QA-F1': 0.6153218860387978}
11/04/2021 16:11:10 - INFO - __main__ - Found 29 errors.
11/04/2021 16:11:10 - INFO - __main__ - Start error-fixing .... Timecode: 62
11/04/2021 16:11:11 - INFO - __main__ - Start error-fixing .... Done!
11/04/2021 16:11:12 - INFO - __main__ - Overall: 0.578230321223317 from scores=[0.6502976190476191, 0.4482758620689655, 0.734375, 0.728515625, 0.3296875]
11/04/2021 16:11:12 - INFO - __main__ - --------------------------------------------------
11/04/2021 16:11:12 - INFO - __main__ - Evaluating to get errors .... Timecode: 63
11/04/2021 16:11:16 - INFO - __main__ - Before Error Fixing: {'EM': 0.671875, 'QA-F1': 0.7121031746031745}
11/04/2021 16:11:16 - INFO - __main__ - Found 21 errors.
11/04/2021 16:11:16 - INFO - __main__ - Start error-fixing .... Timecode: 63
11/04/2021 16:11:17 - INFO - __main__ - Start error-fixing .... Done!
11/04/2021 16:11:19 - INFO - __main__ - Overall: 0.5172140066964286 from scores=[0.650634765625, 0.14285714285714285, 0.734375, 0.728515625, 0.3296875]
11/04/2021 16:11:19 - INFO - __main__ - --------------------------------------------------
11/04/2021 16:11:19 - INFO - __main__ - Evaluating to get errors .... Timecode: 64
11/04/2021 16:11:23 - INFO - __main__ - Before Error Fixing: {'EM': 0.609375, 'QA-F1': 0.6938788555194805}
11/04/2021 16:11:23 - INFO - __main__ - Found 25 errors.
11/04/2021 16:11:23 - INFO - __main__ - Start error-fixing .... Timecode: 64
11/04/2021 16:11:23 - INFO - __main__ - Start error-fixing .... Done!
11/04/2021 16:11:24 - INFO - __main__ - Overall: 0.552515625 from scores=[0.65, 0.32, 0.734375, 0.728515625, 0.3296875]
11/04/2021 16:11:24 - INFO - __main__ - --------------------------------------------------
11/04/2021 16:11:24 - INFO - __main__ - Start eval_knowledge_retention for UKR @ Timecode=65
11/04/2021 16:11:49 - INFO - __main__ - Upstream Knowledge Retation (UKR@65): 0.7988
11/04/2021 16:11:49 - INFO - __main__ - Start eval_knowledge_retention for OKR @ Timecode=65
11/04/2021 16:12:18 - INFO - __main__ - Online Knowledge Retation (OKR@65): 0.8027
11/04/2021 16:12:18 - INFO - __main__ - Evaluating to get errors .... Timecode: 65
11/04/2021 16:12:22 - INFO - __main__ - Before Error Fixing: {'EM': 0.5625, 'QA-F1': 0.7171370942991188}
11/04/2021 16:12:22 - INFO - __main__ - Found 28 errors.
11/04/2021 16:12:22 - INFO - __main__ - Start error-fixing .... Timecode: 65
11/04/2021 16:12:23 - INFO - __main__ - Start error-fixing .... Done!
11/04/2021 16:12:25 - INFO - __main__ - Overall: 0.5659848484848484 from scores=[0.6486742424242424, 0.25, 0.802734375, 0.798828125, 0.3296875]
11/04/2021 16:12:25 - INFO - __main__ - --------------------------------------------------
11/04/2021 16:12:25 - INFO - __main__ - Evaluating to get errors .... Timecode: 66
11/04/2021 16:12:28 - INFO - __main__ - Before Error Fixing: {'EM': 0.703125, 'QA-F1': 0.751444070975321}
11/04/2021 16:12:28 - INFO - __main__ - Found 19 errors.
11/04/2021 16:12:28 - INFO - __main__ - Start error-fixing .... Timecode: 66
11/04/2021 16:12:29 - INFO - __main__ - Start error-fixing .... Done!
11/04/2021 16:12:30 - INFO - __main__ - Overall: 0.5372000196386488 from scores=[0.6494869402985075, 0.10526315789473684, 0.802734375, 0.798828125, 0.3296875]
11/04/2021 16:12:30 - INFO - __main__ - --------------------------------------------------
11/04/2021 16:12:30 - INFO - __main__ - Evaluating to get errors .... Timecode: 67
11/04/2021 16:12:35 - INFO - __main__ - Before Error Fixing: {'EM': 0.609375, 'QA-F1': 0.732778932334428}
11/04/2021 16:12:35 - INFO - __main__ - Found 25 errors.
11/04/2021 16:12:35 - INFO - __main__ - Start error-fixing .... Timecode: 67
11/04/2021 16:12:35 - INFO - __main__ - Start error-fixing .... Done!
11/04/2021 16:12:37 - INFO - __main__ - Overall: 0.5560294117647058 from scores=[0.6488970588235294, 0.2, 0.802734375, 0.798828125, 0.3296875]
11/04/2021 16:12:37 - INFO - __main__ - --------------------------------------------------
11/04/2021 16:12:37 - INFO - __main__ - Evaluating to get errors .... Timecode: 68
11/04/2021 16:12:41 - INFO - __main__ - Before Error Fixing: {'EM': 0.609375, 'QA-F1': 0.7194975142187026}
11/04/2021 16:12:41 - INFO - __main__ - Found 25 errors.
11/04/2021 16:12:41 - INFO - __main__ - Start error-fixing .... Timecode: 68
11/04/2021 16:12:42 - INFO - __main__ - Start error-fixing .... Done!
11/04/2021 16:12:43 - INFO - __main__ - Overall: 0.5559148550724637 from scores=[0.6483242753623188, 0.2, 0.802734375, 0.798828125, 0.3296875]
11/04/2021 16:12:43 - INFO - __main__ - --------------------------------------------------
11/04/2021 16:12:43 - INFO - __main__ - Evaluating to get errors .... Timecode: 69
11/04/2021 16:12:48 - INFO - __main__ - Before Error Fixing: {'EM': 0.609375, 'QA-F1': 0.7518818530701754}
11/04/2021 16:12:48 - INFO - __main__ - Found 25 errors.
11/04/2021 16:12:48 - INFO - __main__ - Start error-fixing .... Timecode: 69
11/04/2021 16:12:48 - INFO - __main__ - Start error-fixing .... Done!
11/04/2021 16:12:50 - INFO - __main__ - Overall: 0.5878035714285714 from scores=[0.6477678571428571, 0.36, 0.802734375, 0.798828125, 0.3296875]
11/04/2021 16:12:50 - INFO - __main__ - --------------------------------------------------
11/04/2021 16:12:50 - INFO - __main__ - Start eval_knowledge_retention for UKR @ Timecode=70
11/04/2021 16:13:15 - INFO - __main__ - Upstream Knowledge Retation (UKR@70): 0.7734
11/04/2021 16:13:16 - INFO - __main__ - Start eval_knowledge_retention for OKR @ Timecode=70
11/04/2021 16:13:44 - INFO - __main__ - Online Knowledge Retation (OKR@70): 0.7676
11/04/2021 16:13:44 - INFO - __main__ - Start eval_knowledge_generalization for KG @ Timecode=70
11/04/2021 16:15:08 - INFO - __main__ - Future Knowledge Generalization (KG@70): 0.3617
11/04/2021 16:15:08 - INFO - __main__ - Evaluating to get errors .... Timecode: 70
11/04/2021 16:15:12 - INFO - __main__ - Before Error Fixing: {'EM': 0.625, 'QA-F1': 0.6997327614515114}
11/04/2021 16:15:12 - INFO - __main__ - Found 24 errors.
11/04/2021 16:15:12 - INFO - __main__ - Start error-fixing .... Timecode: 70
11/04/2021 16:15:12 - INFO - __main__ - Start error-fixing .... Done!
11/04/2021 16:15:14 - INFO - __main__ - Overall: 0.5433696449530516 from scores=[0.6474471830985915, 0.16666666666666666, 0.767578125, 0.7734375, 0.36171875]
11/04/2021 16:15:16 - INFO - __main__ - Model saved to experiments/ckpt_dirs/qa/er/QA_simplecl_lr=5e-5_ep=1_T=100,b=64,alpha=0.98,beta=1,gamma=1/model_ckpt_070.pt.
11/04/2021 16:15:16 - INFO - __main__ - Updated result feule: experiments/results/qa/QA_simplecl_lr=5e-5_ep=1_T=100,b=64,alpha=0.98,beta=1,gamma=1_result.json at Timecode: 70.
11/04/2021 16:15:16 - INFO - __main__ - --------------------------------------------------
11/04/2021 16:15:16 - INFO - __main__ - Evaluating to get errors .... Timecode: 71
11/04/2021 16:15:19 - INFO - __main__ - Before Error Fixing: {'EM': 0.671875, 'QA-F1': 0.7594554036649624}
11/04/2021 16:15:19 - INFO - __main__ - Found 21 errors.
11/04/2021 16:15:19 - INFO - __main__ - Start error-fixing .... Timecode: 71
11/04/2021 16:15:20 - INFO - __main__ - Start error-fixing .... Done!
11/04/2021 16:15:20 - INFO - __main__ - Overall: 0.5481994047619048 from scores=[0.6477864583333333, 0.19047619047619047, 0.767578125, 0.7734375, 0.36171875]
11/04/2021 16:15:20 - INFO - __main__ - --------------------------------------------------
11/04/2021 16:15:20 - INFO - __main__ - Evaluating to get errors .... Timecode: 72
11/04/2021 16:15:24 - INFO - __main__ - Before Error Fixing: {'EM': 0.71875, 'QA-F1': 0.8226728897456034}
11/04/2021 16:15:24 - INFO - __main__ - Found 18 errors.
11/04/2021 16:15:24 - INFO - __main__ - Start error-fixing .... Timecode: 72
11/04/2021 16:15:24 - INFO - __main__ - Start error-fixing .... Done!
11/04/2021 16:15:26 - INFO - __main__ - Overall: 0.5658541428843227 from scores=[0.6487585616438356, 0.2777777777777778, 0.767578125, 0.7734375, 0.36171875]
11/04/2021 16:15:26 - INFO - __main__ - --------------------------------------------------
11/04/2021 16:15:26 - INFO - __main__ - Evaluating to get errors .... Timecode: 73
11/04/2021 16:15:30 - INFO - __main__ - Before Error Fixing: {'EM': 0.671875, 'QA-F1': 0.70859375}
11/04/2021 16:15:30 - INFO - __main__ - Found 21 errors.
11/04/2021 16:15:30 - INFO - __main__ - Start error-fixing .... Timecode: 73
11/04/2021 16:15:31 - INFO - __main__ - Start error-fixing .... Done!
11/04/2021 16:15:32 - INFO - __main__ - Overall: 0.5484563022844273 from scores=[0.6490709459459459, 0.19047619047619047, 0.767578125, 0.7734375, 0.36171875]
11/04/2021 16:15:32 - INFO - __main__ - --------------------------------------------------
11/04/2021 16:15:32 - INFO - __main__ - Evaluating to get errors .... Timecode: 74
11/04/2021 16:15:36 - INFO - __main__ - Before Error Fixing: {'EM': 0.578125, 'QA-F1': 0.7099703264411523}
11/04/2021 16:15:36 - INFO - __main__ - Found 27 errors.
11/04/2021 16:15:36 - INFO - __main__ - Start error-fixing .... Timecode: 74
11/04/2021 16:15:36 - INFO - __main__ - Start error-fixing .... Done!
11/04/2021 16:15:38 - INFO - __main__ - Overall: 0.5620237268518519 from scores=[0.6481250000000001, 0.25925925925925924, 0.767578125, 0.7734375, 0.36171875]
11/04/2021 16:15:38 - INFO - __main__ - --------------------------------------------------
11/04/2021 16:15:38 - INFO - __main__ - Start eval_knowledge_retention for UKR @ Timecode=75
11/04/2021 16:16:04 - INFO - __main__ - Upstream Knowledge Retation (UKR@75): 0.7539
11/04/2021 16:16:04 - INFO - __main__ - Start eval_knowledge_retention for OKR @ Timecode=75
11/04/2021 16:16:30 - INFO - __main__ - Online Knowledge Retation (OKR@75): 0.7871
11/04/2021 16:16:30 - INFO - __main__ - Evaluating to get errors .... Timecode: 75
11/04/2021 16:16:34 - INFO - __main__ - Before Error Fixing: {'EM': 0.703125, 'QA-F1': 0.813208708420402}
11/04/2021 16:16:34 - INFO - __main__ - Found 19 errors.
11/04/2021 16:16:34 - INFO - __main__ - Start error-fixing .... Timecode: 75
11/04/2021 16:16:35 - INFO - __main__ - Start error-fixing .... Done!
11/04/2021 16:16:36 - INFO - __main__ - Overall: 0.5629481907894737 from scores=[0.6488486842105263, 0.2631578947368421, 0.787109375, 0.75390625, 0.36171875]
11/04/2021 16:16:36 - INFO - __main__ - --------------------------------------------------
11/04/2021 16:16:36 - INFO - __main__ - Evaluating to get errors .... Timecode: 76
11/04/2021 16:16:40 - INFO - __main__ - Before Error Fixing: {'EM': 0.625, 'QA-F1': 0.7316361351797964}
11/04/2021 16:16:40 - INFO - __main__ - Found 24 errors.
11/04/2021 16:16:40 - INFO - __main__ - Start error-fixing .... Timecode: 76
11/04/2021 16:16:40 - INFO - __main__ - Start error-fixing .... Done!
11/04/2021 16:16:42 - INFO - __main__ - Overall: 0.5435880005411255 from scores=[0.648538961038961, 0.16666666666666666, 0.787109375, 0.75390625, 0.36171875]
11/04/2021 16:16:42 - INFO - __main__ - --------------------------------------------------
11/04/2021 16:16:42 - INFO - __main__ - Evaluating to get errors .... Timecode: 77
11/04/2021 16:16:47 - INFO - __main__ - Before Error Fixing: {'EM': 0.578125, 'QA-F1': 0.711281337170109}
11/04/2021 16:16:47 - INFO - __main__ - Found 27 errors.
11/04/2021 16:16:47 - INFO - __main__ - Start error-fixing .... Timecode: 77
11/04/2021 16:16:48 - INFO - __main__ - Start error-fixing .... Done!
11/04/2021 16:16:49 - INFO - __main__ - Overall: 0.5841481926638177 from scores=[0.647636217948718, 0.37037037037037035, 0.787109375, 0.75390625, 0.36171875]
11/04/2021 16:16:49 - INFO - __main__ - --------------------------------------------------
11/04/2021 16:16:49 - INFO - __main__ - Evaluating to get errors .... Timecode: 78
11/04/2021 16:16:53 - INFO - __main__ - Before Error Fixing: {'EM': 0.640625, 'QA-F1': 0.7114026598401598}
11/04/2021 16:16:53 - INFO - __main__ - Found 23 errors.
11/04/2021 16:16:53 - INFO - __main__ - Start error-fixing .... Timecode: 78
11/04/2021 16:16:54 - INFO - __main__ - Start error-fixing .... Done!
11/04/2021 16:16:55 - INFO - __main__ - Overall: 0.5535346295404513 from scores=[0.6475474683544304, 0.21739130434782608, 0.787109375, 0.75390625, 0.36171875]
11/04/2021 16:16:55 - INFO - __main__ - --------------------------------------------------
11/04/2021 16:16:55 - INFO - __main__ - Evaluating to get errors .... Timecode: 79
11/04/2021 16:16:58 - INFO - __main__ - Before Error Fixing: {'EM': 0.578125, 'QA-F1': 0.6863355037527832}
11/04/2021 16:16:58 - INFO - __main__ - Found 27 errors.
11/04/2021 16:16:58 - INFO - __main__ - Start error-fixing .... Timecode: 79
11/04/2021 16:16:59 - INFO - __main__ - Start error-fixing .... Done!
11/04/2021 16:17:01 - INFO - __main__ - Overall: 0.546919849537037 from scores=[0.6466796875, 0.18518518518518517, 0.787109375, 0.75390625, 0.36171875]
11/04/2021 16:17:01 - INFO - __main__ - --------------------------------------------------
11/04/2021 16:17:01 - INFO - __main__ - Start eval_knowledge_retention for UKR @ Timecode=80
11/04/2021 16:17:24 - INFO - __main__ - Upstream Knowledge Retation (UKR@80): 0.8008
11/04/2021 16:17:25 - INFO - __main__ - Start eval_knowledge_retention for OKR @ Timecode=80
11/04/2021 16:17:51 - INFO - __main__ - Online Knowledge Retation (OKR@80): 0.7930
11/04/2021 16:17:51 - INFO - __main__ - Start eval_knowledge_generalization for KG @ Timecode=80
11/04/2021 16:19:09 - INFO - __main__ - Future Knowledge Generalization (KG@80): 0.3695
11/04/2021 16:19:09 - INFO - __main__ - Evaluating to get errors .... Timecode: 80
11/04/2021 16:19:12 - INFO - __main__ - Before Error Fixing: {'EM': 0.640625, 'QA-F1': 0.736824115501707}
11/04/2021 16:19:12 - INFO - __main__ - Found 23 errors.
11/04/2021 16:19:12 - INFO - __main__ - Start error-fixing .... Timecode: 80
11/04/2021 16:19:13 - INFO - __main__ - Start error-fixing .... Done!
11/04/2021 16:19:14 - INFO - __main__ - Overall: 0.6002381072195384 from scores=[0.6466049382716049, 0.391304347826087, 0.79296875, 0.80078125, 0.36953125]
11/04/2021 16:19:16 - INFO - __main__ - Model saved to experiments/ckpt_dirs/qa/er/QA_simplecl_lr=5e-5_ep=1_T=100,b=64,alpha=0.98,beta=1,gamma=1/model_ckpt_080.pt.
11/04/2021 16:19:16 - INFO - __main__ - Updated result feule: experiments/results/qa/QA_simplecl_lr=5e-5_ep=1_T=100,b=64,alpha=0.98,beta=1,gamma=1_result.json at Timecode: 80.
11/04/2021 16:19:16 - INFO - __main__ - --------------------------------------------------
11/04/2021 16:19:16 - INFO - __main__ - Evaluating to get errors .... Timecode: 81
11/04/2021 16:19:20 - INFO - __main__ - Before Error Fixing: {'EM': 0.640625, 'QA-F1': 0.7654992643345403}
11/04/2021 16:19:20 - INFO - __main__ - Found 23 errors.
11/04/2021 16:19:20 - INFO - __main__ - Start error-fixing .... Timecode: 81
11/04/2021 16:19:20 - INFO - __main__ - Start error-fixing .... Done!
11/04/2021 16:19:22 - INFO - __main__ - Overall: 0.5393539567868505 from scores=[0.6465320121951219, 0.08695652173913043, 0.79296875, 0.80078125, 0.36953125]
11/04/2021 16:19:22 - INFO - __main__ - --------------------------------------------------
11/04/2021 16:19:22 - INFO - __main__ - Evaluating to get errors .... Timecode: 82
11/04/2021 16:19:24 - INFO - __main__ - Before Error Fixing: {'EM': 0.671875, 'QA-F1': 0.7662210648148148}
11/04/2021 16:19:24 - INFO - __main__ - Found 21 errors.
11/04/2021 16:19:24 - INFO - __main__ - Start error-fixing .... Timecode: 82
11/04/2021 16:19:25 - INFO - __main__ - Start error-fixing .... Done!
11/04/2021 16:19:26 - INFO - __main__ - Overall: 0.5696427674985658 from scores=[0.6468373493975903, 0.23809523809523808, 0.79296875, 0.80078125, 0.36953125]
11/04/2021 16:19:26 - INFO - __main__ - --------------------------------------------------
11/04/2021 16:19:26 - INFO - __main__ - Evaluating to get errors .... Timecode: 83
11/04/2021 16:19:30 - INFO - __main__ - Before Error Fixing: {'EM': 0.65625, 'QA-F1': 0.7563307288663361}
11/04/2021 16:19:30 - INFO - __main__ - Found 22 errors.
11/04/2021 16:19:30 - INFO - __main__ - Start error-fixing .... Timecode: 83
11/04/2021 16:19:30 - INFO - __main__ - Start error-fixing .... Done!
11/04/2021 16:19:32 - INFO - __main__ - Overall: 0.5947734036796537 from scores=[0.6469494047619048, 0.36363636363636365, 0.79296875, 0.80078125, 0.36953125]
11/04/2021 16:19:32 - INFO - __main__ - --------------------------------------------------
11/04/2021 16:19:32 - INFO - __main__ - Evaluating to get errors .... Timecode: 84
11/04/2021 16:19:37 - INFO - __main__ - Before Error Fixing: {'EM': 0.5625, 'QA-F1': 0.7122565263089975}
11/04/2021 16:19:37 - INFO - __main__ - Found 28 errors.
11/04/2021 16:19:37 - INFO - __main__ - Start error-fixing .... Timecode: 84
11/04/2021 16:19:37 - INFO - __main__ - Start error-fixing .... Done!
11/04/2021 16:19:39 - INFO - __main__ - Overall: 0.5789902836134454 from scores=[0.6459558823529412, 0.2857142857142857, 0.79296875, 0.80078125, 0.36953125]
11/04/2021 16:19:39 - INFO - __main__ - --------------------------------------------------
11/04/2021 16:19:39 - INFO - __main__ - Start eval_knowledge_retention for UKR @ Timecode=85
11/04/2021 16:20:06 - INFO - __main__ - Upstream Knowledge Retation (UKR@85): 0.7617
11/04/2021 16:20:06 - INFO - __main__ - Start eval_knowledge_retention for OKR @ Timecode=85
11/04/2021 16:20:37 - INFO - __main__ - Online Knowledge Retation (OKR@85): 0.6973
11/04/2021 16:20:37 - INFO - __main__ - Evaluating to get errors .... Timecode: 85
11/04/2021 16:20:41 - INFO - __main__ - Before Error Fixing: {'EM': 0.515625, 'QA-F1': 0.6655318061126869}
11/04/2021 16:20:41 - INFO - __main__ - Found 31 errors.
11/04/2021 16:20:41 - INFO - __main__ - Start error-fixing .... Timecode: 85
11/04/2021 16:20:42 - INFO - __main__ - Start error-fixing .... Done!
11/04/2021 16:20:44 - INFO - __main__ - Overall: 0.5462041096211553 from scores=[0.6444404069767442, 0.25806451612903225, 0.697265625, 0.76171875, 0.36953125]
11/04/2021 16:20:44 - INFO - __main__ - --------------------------------------------------
11/04/2021 16:20:44 - INFO - __main__ - Evaluating to get errors .... Timecode: 86
11/04/2021 16:20:48 - INFO - __main__ - Before Error Fixing: {'EM': 0.609375, 'QA-F1': 0.7133104484279544}
11/04/2021 16:20:48 - INFO - __main__ - Found 25 errors.
11/04/2021 16:20:48 - INFO - __main__ - Start error-fixing .... Timecode: 86
11/04/2021 16:20:49 - INFO - __main__ - Start error-fixing .... Done!
11/04/2021 16:20:51 - INFO - __main__ - Overall: 0.5425105962643678 from scores=[0.6440373563218391, 0.24, 0.697265625, 0.76171875, 0.36953125]
11/04/2021 16:20:51 - INFO - __main__ - --------------------------------------------------
11/04/2021 16:20:51 - INFO - __main__ - Evaluating to get errors .... Timecode: 87
11/04/2021 16:20:55 - INFO - __main__ - Before Error Fixing: {'EM': 0.609375, 'QA-F1': 0.6737677253302253}
11/04/2021 16:20:55 - INFO - __main__ - Found 25 errors.
11/04/2021 16:20:55 - INFO - __main__ - Start error-fixing .... Timecode: 87
11/04/2021 16:20:56 - INFO - __main__ - Start error-fixing .... Done!
11/04/2021 16:20:58 - INFO - __main__ - Overall: 0.5424318181818182 from scores=[0.6436434659090908, 0.24, 0.697265625, 0.76171875, 0.36953125]
11/04/2021 16:20:58 - INFO - __main__ - --------------------------------------------------
11/04/2021 16:20:58 - INFO - __main__ - Evaluating to get errors .... Timecode: 88
11/04/2021 16:21:03 - INFO - __main__ - Before Error Fixing: {'EM': 0.546875, 'QA-F1': 0.6641393837649225}
11/04/2021 16:21:03 - INFO - __main__ - Found 29 errors.
11/04/2021 16:21:03 - INFO - __main__ - Start error-fixing .... Timecode: 88
11/04/2021 16:21:04 - INFO - __main__ - Start error-fixing .... Done!
11/04/2021 16:21:06 - INFO - __main__ - Overall: 0.5562833264722976 from scores=[0.6425561797752809, 0.3103448275862069, 0.697265625, 0.76171875, 0.36953125]
11/04/2021 16:21:06 - INFO - __main__ - --------------------------------------------------
11/04/2021 16:21:06 - INFO - __main__ - Evaluating to get errors .... Timecode: 89
11/04/2021 16:21:11 - INFO - __main__ - Before Error Fixing: {'EM': 0.609375, 'QA-F1': 0.7054327299555039}
11/04/2021 16:21:11 - INFO - __main__ - Found 25 errors.
11/04/2021 16:21:11 - INFO - __main__ - Start error-fixing .... Timecode: 89
11/04/2021 16:21:12 - INFO - __main__ - Start error-fixing .... Done!
11/04/2021 16:21:13 - INFO - __main__ - Overall: 0.542140625 from scores=[0.6421875, 0.24, 0.697265625, 0.76171875, 0.36953125]
11/04/2021 16:21:13 - INFO - __main__ - --------------------------------------------------
11/04/2021 16:21:13 - INFO - __main__ - Start eval_knowledge_retention for UKR @ Timecode=90
11/04/2021 16:21:44 - INFO - __main__ - Upstream Knowledge Retation (UKR@90): 0.7715
11/04/2021 16:21:45 - INFO - __main__ - Start eval_knowledge_retention for OKR @ Timecode=90
11/04/2021 16:22:18 - INFO - __main__ - Online Knowledge Retation (OKR@90): 0.7852
11/04/2021 16:22:18 - INFO - __main__ - Start eval_knowledge_generalization for KG @ Timecode=90
11/04/2021 16:23:46 - INFO - __main__ - Future Knowledge Generalization (KG@90): 0.3594
11/04/2021 16:23:46 - INFO - __main__ - Evaluating to get errors .... Timecode: 90
11/04/2021 16:23:50 - INFO - __main__ - Before Error Fixing: {'EM': 0.6875, 'QA-F1': 0.7965946709880534}
11/04/2021 16:23:50 - INFO - __main__ - Found 20 errors.
11/04/2021 16:23:50 - INFO - __main__ - Start error-fixing .... Timecode: 90
11/04/2021 16:23:51 - INFO - __main__ - Start error-fixing .... Done!
11/04/2021 16:23:52 - INFO - __main__ - Overall: 0.5517402129120879 from scores=[0.6426854395604396, 0.2, 0.78515625, 0.771484375, 0.359375]
11/04/2021 16:23:54 - INFO - __main__ - Model saved to experiments/ckpt_dirs/qa/er/QA_simplecl_lr=5e-5_ep=1_T=100,b=64,alpha=0.98,beta=1,gamma=1/model_ckpt_090.pt.
11/04/2021 16:23:54 - INFO - __main__ - Updated result feule: experiments/results/qa/QA_simplecl_lr=5e-5_ep=1_T=100,b=64,alpha=0.98,beta=1,gamma=1_result.json at Timecode: 90.
11/04/2021 16:23:54 - INFO - __main__ - --------------------------------------------------
11/04/2021 16:23:54 - INFO - __main__ - Evaluating to get errors .... Timecode: 91
11/04/2021 16:23:58 - INFO - __main__ - Before Error Fixing: {'EM': 0.671875, 'QA-F1': 0.7580669366020996}
11/04/2021 16:23:58 - INFO - __main__ - Found 21 errors.
11/04/2021 16:23:58 - INFO - __main__ - Start error-fixing .... Timecode: 91
11/04/2021 16:23:58 - INFO - __main__ - Start error-fixing .... Done!
11/04/2021 16:24:00 - INFO - __main__ - Overall: 0.5403750970496894 from scores=[0.6430027173913043, 0.14285714285714285, 0.78515625, 0.771484375, 0.359375]
11/04/2021 16:24:00 - INFO - __main__ - --------------------------------------------------
11/04/2021 16:24:00 - INFO - __main__ - Evaluating to get errors .... Timecode: 92
11/04/2021 16:24:03 - INFO - __main__ - Before Error Fixing: {'EM': 0.65625, 'QA-F1': 0.7380790155736208}
11/04/2021 16:24:03 - INFO - __main__ - Found 22 errors.
11/04/2021 16:24:03 - INFO - __main__ - Start error-fixing .... Timecode: 92
11/04/2021 16:24:04 - INFO - __main__ - Start error-fixing .... Done!
11/04/2021 16:24:05 - INFO - __main__ - Overall: 0.5663776118035191 from scores=[0.6431451612903225, 0.2727272727272727, 0.78515625, 0.771484375, 0.359375]
11/04/2021 16:24:05 - INFO - __main__ - --------------------------------------------------
11/04/2021 16:24:05 - INFO - __main__ - Evaluating to get errors .... Timecode: 93
11/04/2021 16:24:09 - INFO - __main__ - Before Error Fixing: {'EM': 0.65625, 'QA-F1': 0.7769266323953824}
11/04/2021 16:24:09 - INFO - __main__ - Found 22 errors.
11/04/2021 16:24:09 - INFO - __main__ - Start error-fixing .... Timecode: 93
11/04/2021 16:24:10 - INFO - __main__ - Start error-fixing .... Done!
11/04/2021 16:24:11 - INFO - __main__ - Overall: 0.5754964035299807 from scores=[0.6432845744680851, 0.3181818181818182, 0.78515625, 0.771484375, 0.359375]
11/04/2021 16:24:11 - INFO - __main__ - --------------------------------------------------
11/04/2021 16:24:11 - INFO - __main__ - Evaluating to get errors .... Timecode: 94
11/04/2021 16:24:15 - INFO - __main__ - Before Error Fixing: {'EM': 0.625, 'QA-F1': 0.7839685132414654}
11/04/2021 16:24:15 - INFO - __main__ - Found 24 errors.
11/04/2021 16:24:15 - INFO - __main__ - Start error-fixing .... Timecode: 94
11/04/2021 16:24:15 - INFO - __main__ - Start error-fixing .... Done!
11/04/2021 16:24:17 - INFO - __main__ - Overall: 0.5368215460526315 from scores=[0.643092105263158, 0.125, 0.78515625, 0.771484375, 0.359375]
11/04/2021 16:24:17 - INFO - __main__ - --------------------------------------------------
11/04/2021 16:24:17 - INFO - __main__ - Start eval_knowledge_retention for UKR @ Timecode=95
11/04/2021 16:24:45 - INFO - __main__ - Upstream Knowledge Retation (UKR@95): 0.7793
11/04/2021 16:24:45 - INFO - __main__ - Start eval_knowledge_retention for OKR @ Timecode=95
11/04/2021 16:25:13 - INFO - __main__ - Online Knowledge Retation (OKR@95): 0.7988
11/04/2021 16:25:13 - INFO - __main__ - Evaluating to get errors .... Timecode: 95
11/04/2021 16:25:17 - INFO - __main__ - Before Error Fixing: {'EM': 0.5625, 'QA-F1': 0.693313512145749}
11/04/2021 16:25:17 - INFO - __main__ - Found 28 errors.
11/04/2021 16:25:17 - INFO - __main__ - Start error-fixing .... Timecode: 95
11/04/2021 16:25:18 - INFO - __main__ - Start error-fixing .... Done!
11/04/2021 16:25:20 - INFO - __main__ - Overall: 0.5659505208333334 from scores=[0.6422526041666667, 0.25, 0.798828125, 0.779296875, 0.359375]
11/04/2021 16:25:20 - INFO - __main__ - --------------------------------------------------
11/04/2021 16:25:20 - INFO - __main__ - Evaluating to get errors .... Timecode: 96
11/04/2021 16:25:25 - INFO - __main__ - Before Error Fixing: {'EM': 0.5625, 'QA-F1': 0.6893117571426395}
11/04/2021 16:25:25 - INFO - __main__ - Found 28 errors.
11/04/2021 16:25:25 - INFO - __main__ - Start error-fixing .... Timecode: 96
11/04/2021 16:25:26 - INFO - __main__ - Start error-fixing .... Done!
11/04/2021 16:25:28 - INFO - __main__ - Overall: 0.5657860824742269 from scores=[0.6414304123711341, 0.25, 0.798828125, 0.779296875, 0.359375]
11/04/2021 16:25:28 - INFO - __main__ - --------------------------------------------------
11/04/2021 16:25:28 - INFO - __main__ - Evaluating to get errors .... Timecode: 97
11/04/2021 16:25:33 - INFO - __main__ - Before Error Fixing: {'EM': 0.484375, 'QA-F1': 0.6241516494159451}
11/04/2021 16:25:33 - INFO - __main__ - Found 33 errors.
11/04/2021 16:25:33 - INFO - __main__ - Start error-fixing .... Timecode: 97
11/04/2021 16:25:34 - INFO - __main__ - Start error-fixing .... Done!
11/04/2021 16:25:37 - INFO - __main__ - Overall: 0.6003140460729746 from scores=[0.6398278061224489, 0.42424242424242425, 0.798828125, 0.779296875, 0.359375]
11/04/2021 16:25:37 - INFO - __main__ - --------------------------------------------------
11/04/2021 16:25:37 - INFO - __main__ - Evaluating to get errors .... Timecode: 98
11/04/2021 16:25:41 - INFO - __main__ - Before Error Fixing: {'EM': 0.53125, 'QA-F1': 0.6698112790556676}
11/04/2021 16:25:41 - INFO - __main__ - Found 30 errors.
11/04/2021 16:25:41 - INFO - __main__ - Start error-fixing .... Timecode: 98
11/04/2021 16:25:41 - INFO - __main__ - Start error-fixing .... Done!
11/04/2021 16:25:43 - INFO - __main__ - Overall: 0.5685795454545455 from scores=[0.6387310606060606, 0.26666666666666666, 0.798828125, 0.779296875, 0.359375]
11/04/2021 16:25:43 - INFO - __main__ - --------------------------------------------------
11/04/2021 16:25:43 - INFO - __main__ - Start eval_knowledge_retention for UKR @ Timecode=99
11/04/2021 16:26:09 - INFO - __main__ - Upstream Knowledge Retation (UKR@99): 0.7832
11/04/2021 16:26:10 - INFO - __main__ - Start eval_knowledge_retention for OKR @ Timecode=99
11/04/2021 16:26:39 - INFO - __main__ - Online Knowledge Retation (OKR@99): 0.8320
11/04/2021 16:26:39 - INFO - __main__ - Start eval_knowledge_generalization for KG @ Timecode=99
11/04/2021 16:28:05 - INFO - __main__ - Future Knowledge Generalization (KG@99): 0.3570
11/04/2021 16:28:05 - INFO - __main__ - Evaluating to get errors .... Timecode: 99
11/04/2021 16:28:10 - INFO - __main__ - Before Error Fixing: {'EM': 0.65625, 'QA-F1': 0.7522933155820467}
11/04/2021 16:28:10 - INFO - __main__ - Found 22 errors.
11/04/2021 16:28:10 - INFO - __main__ - Start error-fixing .... Timecode: 99
11/04/2021 16:28:11 - INFO - __main__ - Start error-fixing .... Done!
11/04/2021 16:28:13 - INFO - __main__ - Overall: 0.5495071022727273 from scores=[0.63890625, 0.13636363636363635, 0.83203125, 0.783203125, 0.35703125]
11/04/2021 16:28:13 - INFO - __main__ - --------------------------------------------------
11/04/2021 16:28:13 - INFO - __main__ - Start the final evaluation.
11/04/2021 16:28:13 - INFO - __main__ - Nothing here.
11/04/2021 16:28:15 - INFO - __main__ - Model saved to experiments/ckpt_dirs/qa/er/QA_simplecl_lr=5e-5_ep=1_T=100,b=64,alpha=0.98,beta=1,gamma=1/model_ckpt_100.pt.
11/04/2021 16:28:15 - INFO - __main__ - Updated result feule: experiments/results/qa/QA_simplecl_lr=5e-5_ep=1_T=100,b=64,alpha=0.98,beta=1,gamma=1_result.json at Timecode: 100.
11/04/2021 16:28:15 - INFO - __main__ - Finished. Results saved to experiments/results/qa/QA_simplecl_lr=5e-5_ep=1_T=100,b=64,alpha=0.98,beta=1,gamma=1_result.json

