
11/08/2021 01:02:16 - INFO - __main__ - Namespace(adam_epsilon=1e-08, adapter_dim=32, append_another_bos=1, base_model_path='out/mrqa_squad_bart-base_1029_upstream_model//best-model.pt', base_model_type='facebook/bart-base', ckpt_dir='experiments/ckpt_dirs/qa/er/QA_simplecl_lr=5e-5_ep=10_T=100,b=64,alpha=0.9,beta=0.5,gamma=0.8', cl_method_name='simple_cl', current_thread_id=None, do_lowercase=False, ewc_gamma=1, ewc_lambda=0.5, example_encoder_name='roberta-base', freeze_embeds=False, gradient_accumulation_steps=1, heldout_submission_data='experiments/eval_data/qa/heldout_eval.jsonl', index_rank_method='most_similar', indexing_args_path='exp_results/supervision_data/1012_dm_simple.train_args.json', indexing_method='bart_index', inference_query_size=1, init_memory_cache_path='bug_data/memory_key_cache.pkl', kg_eval_freq=10, kg_eval_mode='metric', kr_eval_freq=10, kr_eval_mode='metric', learning_rate=5e-05, local_adapt_lr=1e-05, max_grad_norm=0.1, max_input_length=888, max_output_length=50, max_timecode=100, memory_key_encoder='facebook/bart-base', memory_path='', memory_store_rate=1.0, mir_abalation_args='none', num_adapt_epochs=1, num_beams=3, num_threads_eval=0, num_train_epochs=10.0, okr_sample_seed=1337, okr_sample_size=512, path_to_thread_result=None, predict_batch_size=48, prefix='QA_simplecl_lr=5e-5_ep=10_T=100,b=64,alpha=0.9,beta=0.5,gamma=0.8', replay_candidate_size=8, replay_frequency=1, replay_size=8, result_file='experiments/results/qa/QA_simplecl_lr=5e-5_ep=10_T=100,b=64,alpha=0.9,beta=0.5,gamma=0.8_result.json', save_ckpt_freq=10, seed=42, skip_instant_eval=False, submission_stream_data='experiments/eval_data/qa/submission_stream.T=100,b=64,alpha=0.9,beta=0.5,gamma=0.8.json', task_emb_dim=768, task_name='mrqa', train_batch_size=8, upstream_data_path='data/mrqa_squad/mrqa_squad_train.jsonl', upstream_eval_data='experiments/eval_data/qa/upstream_eval.jsonl', upstream_sample_ratio=-1, use_mir=False, use_replay_mix=False, use_wandb=True, weight_decay=0.01)
11/08/2021 01:02:16 - INFO - transformers.tokenization_utils - loading file https://s3.amazonaws.com/models.huggingface.co/bert/roberta-large-vocab.json from cache at /private/home/yuchenlin/.cache/torch/transformers/1ae1f5b6e2b22b25ccc04c000bb79ca847aa226d0761536b011cf7e5868f0655.ef00af9e673c7160b4d41cfda1f48c5f4cba57d5142754525572a846a1ab1b9b
11/08/2021 01:02:16 - INFO - transformers.tokenization_utils - loading file https://s3.amazonaws.com/models.huggingface.co/bert/roberta-large-merges.txt from cache at /private/home/yuchenlin/.cache/torch/transformers/f8f83199a6270d582d6245dc100e99c4155de81c9745c6248077018fe01abcfb.70bec105b4158ed9a1747fea67a43f5dee97855c64d62b6ec3742f4cfdb5feda
11/08/2021 01:02:42 - INFO - __main__ - load_data: len(upstream_eval_examples)=512
11/08/2021 01:02:42 - INFO - __main__ - load_data: len(heldout_eval_examples)=1280
11/08/2021 01:02:47 - INFO - __main__ - Loading checkpoint from out/mrqa_squad_bart-base_1029_upstream_model//best-model.pt for facebook/bart-base .....
11/08/2021 01:02:49 - INFO - transformers.configuration_utils - loading configuration file https://s3.amazonaws.com/models.huggingface.co/bert/facebook/bart-base/config.json from cache at /private/home/yuchenlin/.cache/torch/transformers/09f4fcaeaf785dd3b97b085d6e3510c7081f586ec8e75981683c6299c0f81d9d.e8d516ad807436d395effad8c2326786872659b7dd1210827ac67c761198a0eb
11/08/2021 01:02:49 - INFO - transformers.configuration_utils - Model config BartConfig {
  "activation_dropout": 0.1,
  "activation_function": "gelu",
  "add_bias_logits": false,
  "add_final_layer_norm": false,
  "architectures": [
    "BartModel",
    "BartForConditionalGeneration",
    "BartForSequenceClassification"
  ],
  "attention_dropout": 0.1,
  "bos_token_id": 0,
  "classif_dropout": 0.0,
  "d_model": 768,
  "decoder_attention_heads": 12,
  "decoder_ffn_dim": 3072,
  "decoder_layerdrop": 0.0,
  "decoder_layers": 6,
  "decoder_start_token_id": 2,
  "dropout": 0.1,
  "early_stopping": true,
  "encoder_attention_heads": 12,
  "encoder_ffn_dim": 3072,
  "encoder_layerdrop": 0.0,
  "encoder_layers": 6,
  "eos_token_id": 2,
  "id2label": {
    "0": "LABEL_0",
    "1": "LABEL_1",
    "2": "LABEL_2"
  },
  "init_std": 0.02,
  "is_encoder_decoder": true,
  "label2id": {
    "LABEL_0": 0,
    "LABEL_1": 1,
    "LABEL_2": 2
  },
  "max_position_embeddings": 1024,
  "model_type": "bart",
  "no_repeat_ngram_size": 3,
  "normalize_before": false,
  "normalize_embedding": true,
  "num_beams": 4,
  "num_hidden_layers": 6,
  "pad_token_id": 1,
  "scale_embedding": false,
  "static_position_embeddings": false,
  "task_specific_params": {
    "summarization": {
      "length_penalty": 1.0,
      "max_length": 128,
      "min_length": 12,
      "num_beams": 4
    },
    "summarization_cnn": {
      "length_penalty": 2.0,
      "max_length": 142,
      "min_length": 56,
      "num_beams": 4
    },
    "summarization_xsum": {
      "length_penalty": 1.0,
      "max_length": 62,
      "min_length": 11,
      "num_beams": 6
    }
  },
  "vocab_size": 50265
}

11/08/2021 01:02:49 - INFO - transformers.modeling_utils - loading weights file https://cdn.huggingface.co/facebook/bart-base/pytorch_model.bin from cache at /private/home/yuchenlin/.cache/torch/transformers/566c05fb6983817e8ad7a4fa51e3099fe9caa3b31730f964bc5198d71c677523.0a3d95c18c1e434448941bc25accea7b122882be6526fb67c8e8fb6d5ebc711c
11/08/2021 01:02:53 - INFO - __main__ - Loading checkpoint from out/mrqa_squad_bart-base_1029_upstream_model//best-model.pt for facebook/bart-base ..... Done!
11/08/2021 01:02:59 - INFO - __main__ - Moving to the GPUs.
11/08/2021 01:02:59 - INFO - __main__ - Debugger Setup ......
11/08/2021 01:02:59 - INFO - __main__ - debugger_args: Namespace(adam_epsilon=1e-08, ckpt_dir='experiments/ckpt_dirs/qa/er/QA_simplecl_lr=5e-5_ep=10_T=100,b=64,alpha=0.9,beta=0.5,gamma=0.8', gradient_accumulation_steps=1, kg_eval_freq=10, kg_eval_mode='metric', kr_eval_freq=10, kr_eval_mode='metric', learning_rate=5e-05, max_grad_norm=0.1, num_epochs=10.0, okr_sample_seed=1337, okr_sample_size=512, save_ckpt_freq=10, skip_instant_eval=False, total_steps=10000, warmup_steps=0, weight_decay=0.01) ......
11/08/2021 01:02:59 - INFO - __main__ - optimizer & scheduler Setup ...... Done!
11/08/2021 01:02:59 - INFO - __main__ - Debugger Setup ...... Done!
11/08/2021 01:02:59 - INFO - __main__ - Start Online Debugging with Dynamic Error Mode
11/08/2021 01:02:59 - INFO - __main__ - Number of Batches of Data: 100
11/08/2021 01:02:59 - INFO - __main__ - Data Batch Size: 64;
11/08/2021 01:03:01 - INFO - __main__ - Model saved to experiments/ckpt_dirs/qa/er/QA_simplecl_lr=5e-5_ep=10_T=100,b=64,alpha=0.9,beta=0.5,gamma=0.8/model_ckpt_000.pt.
11/08/2021 01:03:01 - INFO - __main__ - Start eval_knowledge_retention for UKR @ Timecode=0
11/08/2021 01:03:26 - INFO - __main__ - Upstream Knowledge Retation (UKR@0): 0.8027
11/08/2021 01:03:26 - INFO - __main__ - Start eval_knowledge_generalization for KG @ Timecode=0
11/08/2021 01:04:59 - INFO - __main__ - Future Knowledge Generalization (KG@0): 0.3125
11/08/2021 01:04:59 - INFO - __main__ - Evaluating to get errors .... Timecode: 0
11/08/2021 01:05:02 - INFO - __main__ - Before Error Fixing: {'EM': 0.828125, 'QA-F1': 0.8576388888888888}
11/08/2021 01:05:02 - INFO - __main__ - Found 11 errors.
11/08/2021 01:05:02 - INFO - __main__ - Start error-fixing .... Timecode: 0
11/08/2021 01:05:06 - INFO - __main__ - Start error-fixing .... Done!
11/08/2021 01:05:06 - INFO - __main__ - Overall: 0.9140625 from scores=[0.828125, 1.0]
11/08/2021 01:05:08 - INFO - __main__ - Model saved to experiments/ckpt_dirs/qa/er/QA_simplecl_lr=5e-5_ep=10_T=100,b=64,alpha=0.9,beta=0.5,gamma=0.8/model_ckpt_000.pt.
11/08/2021 01:05:08 - INFO - __main__ - Updated result feule: experiments/results/qa/QA_simplecl_lr=5e-5_ep=10_T=100,b=64,alpha=0.9,beta=0.5,gamma=0.8_result.json at Timecode: 0.
11/08/2021 01:05:08 - INFO - __main__ - --------------------------------------------------
11/08/2021 01:05:08 - INFO - __main__ - Evaluating to get errors .... Timecode: 1
11/08/2021 01:05:12 - INFO - __main__ - Before Error Fixing: {'EM': 0.734375, 'QA-F1': 0.7774959415584415}
11/08/2021 01:05:12 - INFO - __main__ - Found 17 errors.
11/08/2021 01:05:12 - INFO - __main__ - Start error-fixing .... Timecode: 1
11/08/2021 01:05:18 - INFO - __main__ - Start error-fixing .... Done!
11/08/2021 01:05:19 - INFO - __main__ - Overall: 0.8612132352941176 from scores=[0.78125, 0.9411764705882353]
11/08/2021 01:05:19 - INFO - __main__ - --------------------------------------------------
11/08/2021 01:05:19 - INFO - __main__ - Evaluating to get errors .... Timecode: 2
11/08/2021 01:05:23 - INFO - __main__ - Before Error Fixing: {'EM': 0.6875, 'QA-F1': 0.7572916666666667}
11/08/2021 01:05:23 - INFO - __main__ - Found 20 errors.
11/08/2021 01:05:23 - INFO - __main__ - Start error-fixing .... Timecode: 2
11/08/2021 01:05:29 - INFO - __main__ - Start error-fixing .... Done!
11/08/2021 01:05:30 - INFO - __main__ - Overall: 0.875 from scores=[0.75, 1.0]
11/08/2021 01:05:30 - INFO - __main__ - --------------------------------------------------
11/08/2021 01:05:30 - INFO - __main__ - Evaluating to get errors .... Timecode: 3
11/08/2021 01:05:34 - INFO - __main__ - Before Error Fixing: {'EM': 0.59375, 'QA-F1': 0.661610524891775}
11/08/2021 01:05:34 - INFO - __main__ - Found 26 errors.
11/08/2021 01:05:34 - INFO - __main__ - Start error-fixing .... Timecode: 3
11/08/2021 01:05:46 - INFO - __main__ - Start error-fixing .... Done!
11/08/2021 01:05:47 - INFO - __main__ - Overall: 0.85546875 from scores=[0.7109375, 1.0]
11/08/2021 01:05:47 - INFO - __main__ - --------------------------------------------------
11/08/2021 01:05:47 - INFO - __main__ - Evaluating to get errors .... Timecode: 4
11/08/2021 01:05:49 - INFO - __main__ - Before Error Fixing: {'EM': 0.578125, 'QA-F1': 0.6522569444444444}
11/08/2021 01:05:49 - INFO - __main__ - Found 27 errors.
11/08/2021 01:05:50 - INFO - __main__ - Start error-fixing .... Timecode: 4
11/08/2021 01:06:00 - INFO - __main__ - Start error-fixing .... Done!
11/08/2021 01:06:01 - INFO - __main__ - Overall: 0.8421875 from scores=[0.684375, 1.0]
11/08/2021 01:06:01 - INFO - __main__ - --------------------------------------------------
11/08/2021 01:06:01 - INFO - __main__ - Evaluating to get errors .... Timecode: 5
11/08/2021 01:06:03 - INFO - __main__ - Before Error Fixing: {'EM': 0.59375, 'QA-F1': 0.6944320851250199}
11/08/2021 01:06:03 - INFO - __main__ - Found 26 errors.
11/08/2021 01:06:03 - INFO - __main__ - Start error-fixing .... Timecode: 5
11/08/2021 01:06:13 - INFO - __main__ - Start error-fixing .... Done!
11/08/2021 01:06:15 - INFO - __main__ - Overall: 0.8346354166666666 from scores=[0.6692708333333333, 1.0]
11/08/2021 01:06:15 - INFO - __main__ - --------------------------------------------------
11/08/2021 01:06:15 - INFO - __main__ - Evaluating to get errors .... Timecode: 6
11/08/2021 01:06:18 - INFO - __main__ - Before Error Fixing: {'EM': 0.515625, 'QA-F1': 0.6336945286986406}
11/08/2021 01:06:18 - INFO - __main__ - Found 31 errors.
11/08/2021 01:06:18 - INFO - __main__ - Start error-fixing .... Timecode: 6
11/08/2021 01:06:26 - INFO - __main__ - Start error-fixing .... Done!
11/08/2021 01:06:28 - INFO - __main__ - Overall: 0.8075316820276498 from scores=[0.6473214285714286, 0.967741935483871]
11/08/2021 01:06:28 - INFO - __main__ - --------------------------------------------------
11/08/2021 01:06:28 - INFO - __main__ - Evaluating to get errors .... Timecode: 7
11/08/2021 01:06:32 - INFO - __main__ - Before Error Fixing: {'EM': 0.59375, 'QA-F1': 0.6678055287430287}
11/08/2021 01:06:32 - INFO - __main__ - Found 26 errors.
11/08/2021 01:06:32 - INFO - __main__ - Start error-fixing .... Timecode: 7
11/08/2021 01:06:40 - INFO - __main__ - Start error-fixing .... Done!
11/08/2021 01:06:42 - INFO - __main__ - Overall: 0.8203125 from scores=[0.640625, 1.0]
11/08/2021 01:06:42 - INFO - __main__ - --------------------------------------------------
11/08/2021 01:06:42 - INFO - __main__ - Evaluating to get errors .... Timecode: 8
11/08/2021 01:06:45 - INFO - __main__ - Before Error Fixing: {'EM': 0.546875, 'QA-F1': 0.6440352182539683}
11/08/2021 01:06:45 - INFO - __main__ - Found 29 errors.
11/08/2021 01:06:45 - INFO - __main__ - Start error-fixing .... Timecode: 8
11/08/2021 01:06:55 - INFO - __main__ - Start error-fixing .... Done!
11/08/2021 01:06:57 - INFO - __main__ - Overall: 0.8151041666666666 from scores=[0.6302083333333333, 1.0]
11/08/2021 01:06:57 - INFO - __main__ - --------------------------------------------------
11/08/2021 01:06:57 - INFO - __main__ - Evaluating to get errors .... Timecode: 9
11/08/2021 01:07:00 - INFO - __main__ - Before Error Fixing: {'EM': 0.515625, 'QA-F1': 0.5944602272727273}
11/08/2021 01:07:00 - INFO - __main__ - Found 31 errors.
11/08/2021 01:07:00 - INFO - __main__ - Start error-fixing .... Timecode: 9
11/08/2021 01:07:14 - INFO - __main__ - Start error-fixing .... Done!
11/08/2021 01:07:15 - INFO - __main__ - Overall: 0.809375 from scores=[0.61875, 1.0]
11/08/2021 01:07:15 - INFO - __main__ - --------------------------------------------------
11/08/2021 01:07:15 - INFO - __main__ - Start eval_knowledge_retention for UKR @ Timecode=10
11/08/2021 01:07:34 - INFO - __main__ - Upstream Knowledge Retation (UKR@10): 0.7617
11/08/2021 01:07:35 - INFO - __main__ - Start eval_knowledge_retention for OKR @ Timecode=10
11/08/2021 01:08:01 - INFO - __main__ - Online Knowledge Retation (OKR@10): 0.9238
11/08/2021 01:08:01 - INFO - __main__ - Start eval_knowledge_generalization for KG @ Timecode=10
11/08/2021 01:08:53 - INFO - __main__ - Future Knowledge Generalization (KG@10): 0.4062
11/08/2021 01:08:53 - INFO - __main__ - Evaluating to get errors .... Timecode: 10
11/08/2021 01:08:56 - INFO - __main__ - Before Error Fixing: {'EM': 0.53125, 'QA-F1': 0.6371775793650793}
11/08/2021 01:08:56 - INFO - __main__ - Found 30 errors.
11/08/2021 01:08:56 - INFO - __main__ - Start error-fixing .... Timecode: 10
11/08/2021 01:09:09 - INFO - __main__ - Start error-fixing .... Done!
11/08/2021 01:09:11 - INFO - __main__ - Overall: 0.7405184659090909 from scores=[0.6107954545454546, 1.0, 0.923828125, 0.76171875, 0.40625]
11/08/2021 01:09:13 - INFO - __main__ - Model saved to experiments/ckpt_dirs/qa/er/QA_simplecl_lr=5e-5_ep=10_T=100,b=64,alpha=0.9,beta=0.5,gamma=0.8/model_ckpt_010.pt.
11/08/2021 01:09:13 - INFO - __main__ - Updated result feule: experiments/results/qa/QA_simplecl_lr=5e-5_ep=10_T=100,b=64,alpha=0.9,beta=0.5,gamma=0.8_result.json at Timecode: 10.
11/08/2021 01:09:13 - INFO - __main__ - --------------------------------------------------
11/08/2021 01:09:13 - INFO - __main__ - Evaluating to get errors .... Timecode: 11
11/08/2021 01:09:16 - INFO - __main__ - Before Error Fixing: {'EM': 0.59375, 'QA-F1': 0.6311755952380953}
11/08/2021 01:09:16 - INFO - __main__ - Found 26 errors.
11/08/2021 01:09:16 - INFO - __main__ - Start error-fixing .... Timecode: 11
11/08/2021 01:09:26 - INFO - __main__ - Start error-fixing .... Done!
11/08/2021 01:09:27 - INFO - __main__ - Overall: 0.7325420673076923 from scores=[0.609375, 0.9615384615384616, 0.923828125, 0.76171875, 0.40625]
11/08/2021 01:09:27 - INFO - __main__ - --------------------------------------------------
11/08/2021 01:09:27 - INFO - __main__ - Evaluating to get errors .... Timecode: 12
11/08/2021 01:09:31 - INFO - __main__ - Before Error Fixing: {'EM': 0.375, 'QA-F1': 0.5007332643202208}
11/08/2021 01:09:31 - INFO - __main__ - Found 40 errors.
11/08/2021 01:09:31 - INFO - __main__ - Start error-fixing .... Timecode: 12
11/08/2021 01:09:46 - INFO - __main__ - Start error-fixing .... Done!
11/08/2021 01:09:49 - INFO - __main__ - Overall: 0.7316286057692307 from scores=[0.5913461538461539, 0.975, 0.923828125, 0.76171875, 0.40625]
11/08/2021 01:09:49 - INFO - __main__ - --------------------------------------------------
11/08/2021 01:09:49 - INFO - __main__ - Evaluating to get errors .... Timecode: 13
11/08/2021 01:09:53 - INFO - __main__ - Before Error Fixing: {'EM': 0.5, 'QA-F1': 0.5962042297979797}
11/08/2021 01:09:53 - INFO - __main__ - Found 32 errors.
11/08/2021 01:09:53 - INFO - __main__ - Start error-fixing .... Timecode: 13
11/08/2021 01:10:06 - INFO - __main__ - Start error-fixing .... Done!
11/08/2021 01:10:08 - INFO - __main__ - Overall: 0.7290736607142858 from scores=[0.5848214285714286, 0.96875, 0.923828125, 0.76171875, 0.40625]
11/08/2021 01:10:08 - INFO - __main__ - --------------------------------------------------
11/08/2021 01:10:08 - INFO - __main__ - Evaluating to get errors .... Timecode: 14
11/08/2021 01:10:12 - INFO - __main__ - Before Error Fixing: {'EM': 0.53125, 'QA-F1': 0.6130924197330447}
11/08/2021 01:10:12 - INFO - __main__ - Found 30 errors.
11/08/2021 01:10:12 - INFO - __main__ - Start error-fixing .... Timecode: 14
11/08/2021 01:10:23 - INFO - __main__ - Start error-fixing .... Done!
11/08/2021 01:10:24 - INFO - __main__ - Overall: 0.7279427083333333 from scores=[0.58125, 0.9666666666666667, 0.923828125, 0.76171875, 0.40625]
11/08/2021 01:10:24 - INFO - __main__ - --------------------------------------------------
11/08/2021 01:10:24 - INFO - __main__ - Evaluating to get errors .... Timecode: 15
11/08/2021 01:10:28 - INFO - __main__ - Before Error Fixing: {'EM': 0.390625, 'QA-F1': 0.5200579802142302}
11/08/2021 01:10:28 - INFO - __main__ - Found 39 errors.
11/08/2021 01:10:29 - INFO - __main__ - Start error-fixing .... Timecode: 15
11/08/2021 01:10:44 - INFO - __main__ - Start error-fixing .... Done!
11/08/2021 01:10:47 - INFO - __main__ - Overall: 0.7322265625 from scores=[0.5693359375, 1.0, 0.923828125, 0.76171875, 0.40625]
11/08/2021 01:10:47 - INFO - __main__ - --------------------------------------------------
11/08/2021 01:10:47 - INFO - __main__ - Evaluating to get errors .... Timecode: 16
11/08/2021 01:10:52 - INFO - __main__ - Before Error Fixing: {'EM': 0.453125, 'QA-F1': 0.5427298396048397}
11/08/2021 01:10:52 - INFO - __main__ - Found 35 errors.
11/08/2021 01:10:52 - INFO - __main__ - Start error-fixing .... Timecode: 16
11/08/2021 01:11:08 - INFO - __main__ - Start error-fixing .... Done!
11/08/2021 01:11:10 - INFO - __main__ - Overall: 0.730859375 from scores=[0.5625, 1.0, 0.923828125, 0.76171875, 0.40625]
11/08/2021 01:11:10 - INFO - __main__ - --------------------------------------------------
11/08/2021 01:11:10 - INFO - __main__ - Evaluating to get errors .... Timecode: 17
11/08/2021 01:11:14 - INFO - __main__ - Before Error Fixing: {'EM': 0.453125, 'QA-F1': 0.5047739703989704}
11/08/2021 01:11:14 - INFO - __main__ - Found 35 errors.
11/08/2021 01:11:14 - INFO - __main__ - Start error-fixing .... Timecode: 17
11/08/2021 01:11:30 - INFO - __main__ - Start error-fixing .... Done!
11/08/2021 01:11:32 - INFO - __main__ - Overall: 0.7296440972222222 from scores=[0.5564236111111112, 1.0, 0.923828125, 0.76171875, 0.40625]
11/08/2021 01:11:32 - INFO - __main__ - --------------------------------------------------
11/08/2021 01:11:32 - INFO - __main__ - Evaluating to get errors .... Timecode: 18
11/08/2021 01:11:37 - INFO - __main__ - Before Error Fixing: {'EM': 0.390625, 'QA-F1': 0.5308451587055417}
11/08/2021 01:11:37 - INFO - __main__ - Found 39 errors.
11/08/2021 01:11:37 - INFO - __main__ - Start error-fixing .... Timecode: 18
11/08/2021 01:11:54 - INFO - __main__ - Start error-fixing .... Done!
11/08/2021 01:11:56 - INFO - __main__ - Overall: 0.7227706435560054 from scores=[0.5476973684210527, 0.9743589743589743, 0.923828125, 0.76171875, 0.40625]
11/08/2021 01:11:56 - INFO - __main__ - --------------------------------------------------
11/08/2021 01:11:56 - INFO - __main__ - Evaluating to get errors .... Timecode: 19
11/08/2021 01:12:00 - INFO - __main__ - Before Error Fixing: {'EM': 0.421875, 'QA-F1': 0.5723563762626263}
11/08/2021 01:12:00 - INFO - __main__ - Found 37 errors.
11/08/2021 01:12:01 - INFO - __main__ - Start error-fixing .... Timecode: 19
11/08/2021 01:12:17 - INFO - __main__ - Start error-fixing .... Done!
11/08/2021 01:12:19 - INFO - __main__ - Overall: 0.7158298141891892 from scores=[0.54140625, 0.9459459459459459, 0.923828125, 0.76171875, 0.40625]
11/08/2021 01:12:19 - INFO - __main__ - --------------------------------------------------
11/08/2021 01:12:19 - INFO - __main__ - Start eval_knowledge_retention for UKR @ Timecode=20
11/08/2021 01:12:44 - INFO - __main__ - Upstream Knowledge Retation (UKR@20): 0.7305
11/08/2021 01:12:45 - INFO - __main__ - Start eval_knowledge_retention for OKR @ Timecode=20
11/08/2021 01:13:19 - INFO - __main__ - Online Knowledge Retation (OKR@20): 0.8730
11/08/2021 01:13:19 - INFO - __main__ - Start eval_knowledge_generalization for KG @ Timecode=20
11/08/2021 01:14:29 - INFO - __main__ - Future Knowledge Generalization (KG@20): 0.4758
11/08/2021 01:14:29 - INFO - __main__ - Evaluating to get errors .... Timecode: 20
11/08/2021 01:14:33 - INFO - __main__ - Before Error Fixing: {'EM': 0.515625, 'QA-F1': 0.614453125}
11/08/2021 01:14:33 - INFO - __main__ - Found 31 errors.
11/08/2021 01:14:34 - INFO - __main__ - Start error-fixing .... Timecode: 20
11/08/2021 01:14:47 - INFO - __main__ - Start error-fixing .... Done!
11/08/2021 01:14:49 - INFO - __main__ - Overall: 0.7238950892857142 from scores=[0.5401785714285714, 1.0, 0.873046875, 0.73046875, 0.47578125]
11/08/2021 01:14:50 - INFO - __main__ - Model saved to experiments/ckpt_dirs/qa/er/QA_simplecl_lr=5e-5_ep=10_T=100,b=64,alpha=0.9,beta=0.5,gamma=0.8/model_ckpt_020.pt.
11/08/2021 01:14:50 - INFO - __main__ - Updated result feule: experiments/results/qa/QA_simplecl_lr=5e-5_ep=10_T=100,b=64,alpha=0.9,beta=0.5,gamma=0.8_result.json at Timecode: 20.
11/08/2021 01:14:50 - INFO - __main__ - --------------------------------------------------
11/08/2021 01:14:50 - INFO - __main__ - Evaluating to get errors .... Timecode: 21
11/08/2021 01:14:54 - INFO - __main__ - Before Error Fixing: {'EM': 0.546875, 'QA-F1': 0.6775200471129748}
11/08/2021 01:14:54 - INFO - __main__ - Found 29 errors.
11/08/2021 01:14:54 - INFO - __main__ - Start error-fixing .... Timecode: 21
11/08/2021 01:15:06 - INFO - __main__ - Start error-fixing .... Done!
11/08/2021 01:15:09 - INFO - __main__ - Overall: 0.710162862460815 from scores=[0.5404829545454546, 0.9310344827586207, 0.873046875, 0.73046875, 0.47578125]
11/08/2021 01:15:09 - INFO - __main__ - --------------------------------------------------
11/08/2021 01:15:09 - INFO - __main__ - Evaluating to get errors .... Timecode: 22
11/08/2021 01:15:13 - INFO - __main__ - Before Error Fixing: {'EM': 0.4375, 'QA-F1': 0.5804443051770354}
11/08/2021 01:15:13 - INFO - __main__ - Found 36 errors.
11/08/2021 01:15:13 - INFO - __main__ - Start error-fixing .... Timecode: 22
11/08/2021 01:15:24 - INFO - __main__ - Start error-fixing .... Done!
11/08/2021 01:15:28 - INFO - __main__ - Overall: 0.7119493508454106 from scores=[0.5360054347826086, 0.9444444444444444, 0.873046875, 0.73046875, 0.47578125]
11/08/2021 01:15:28 - INFO - __main__ - --------------------------------------------------
11/08/2021 01:15:28 - INFO - __main__ - Evaluating to get errors .... Timecode: 23
11/08/2021 01:15:31 - INFO - __main__ - Before Error Fixing: {'EM': 0.515625, 'QA-F1': 0.5843285242982823}
11/08/2021 01:15:31 - INFO - __main__ - Found 31 errors.
11/08/2021 01:15:32 - INFO - __main__ - Start error-fixing .... Timecode: 23
11/08/2021 01:15:45 - INFO - __main__ - Start error-fixing .... Done!
11/08/2021 01:15:47 - INFO - __main__ - Overall: 0.7099873991935484 from scores=[0.53515625, 0.9354838709677419, 0.873046875, 0.73046875, 0.47578125]
11/08/2021 01:15:47 - INFO - __main__ - --------------------------------------------------
11/08/2021 01:15:47 - INFO - __main__ - Evaluating to get errors .... Timecode: 24
11/08/2021 01:15:51 - INFO - __main__ - Before Error Fixing: {'EM': 0.34375, 'QA-F1': 0.3990525661021984}
11/08/2021 01:15:51 - INFO - __main__ - Found 42 errors.
11/08/2021 01:15:51 - INFO - __main__ - Start error-fixing .... Timecode: 24
11/08/2021 01:16:10 - INFO - __main__ - Start error-fixing .... Done!
11/08/2021 01:16:13 - INFO - __main__ - Overall: 0.7213593749999999 from scores=[0.5275000000000001, 1.0, 0.873046875, 0.73046875, 0.47578125]
11/08/2021 01:16:13 - INFO - __main__ - --------------------------------------------------
11/08/2021 01:16:13 - INFO - __main__ - Evaluating to get errors .... Timecode: 25
11/08/2021 01:16:17 - INFO - __main__ - Before Error Fixing: {'EM': 0.484375, 'QA-F1': 0.5816105769230768}
11/08/2021 01:16:17 - INFO - __main__ - Found 33 errors.
11/08/2021 01:16:17 - INFO - __main__ - Start error-fixing .... Timecode: 25
11/08/2021 01:16:32 - INFO - __main__ - Start error-fixing .... Done!
11/08/2021 01:16:34 - INFO - __main__ - Overall: 0.7149670381701632 from scores=[0.5258413461538461, 0.9696969696969697, 0.873046875, 0.73046875, 0.47578125]
11/08/2021 01:16:34 - INFO - __main__ - --------------------------------------------------
11/08/2021 01:16:34 - INFO - __main__ - Evaluating to get errors .... Timecode: 26
11/08/2021 01:16:38 - INFO - __main__ - Before Error Fixing: {'EM': 0.515625, 'QA-F1': 0.5687003968253967}
11/08/2021 01:16:38 - INFO - __main__ - Found 31 errors.
11/08/2021 01:16:38 - INFO - __main__ - Start error-fixing .... Timecode: 26
11/08/2021 01:16:52 - INFO - __main__ - Start error-fixing .... Done!
11/08/2021 01:16:53 - INFO - __main__ - Overall: 0.7209519675925925 from scores=[0.525462962962963, 1.0, 0.873046875, 0.73046875, 0.47578125]
11/08/2021 01:16:53 - INFO - __main__ - --------------------------------------------------
11/08/2021 01:16:53 - INFO - __main__ - Evaluating to get errors .... Timecode: 27
11/08/2021 01:16:57 - INFO - __main__ - Before Error Fixing: {'EM': 0.453125, 'QA-F1': 0.5620493927709}
11/08/2021 01:16:57 - INFO - __main__ - Found 35 errors.
11/08/2021 01:16:58 - INFO - __main__ - Start error-fixing .... Timecode: 27
11/08/2021 01:17:13 - INFO - __main__ - Start error-fixing .... Done!
11/08/2021 01:17:15 - INFO - __main__ - Overall: 0.7147209821428572 from scores=[0.5228794642857143, 0.9714285714285714, 0.873046875, 0.73046875, 0.47578125]
11/08/2021 01:17:15 - INFO - __main__ - --------------------------------------------------
11/08/2021 01:17:15 - INFO - __main__ - Evaluating to get errors .... Timecode: 28
11/08/2021 01:17:19 - INFO - __main__ - Before Error Fixing: {'EM': 0.421875, 'QA-F1': 0.5363222540273624}
11/08/2021 01:17:19 - INFO - __main__ - Found 37 errors.
11/08/2021 01:17:19 - INFO - __main__ - Start error-fixing .... Timecode: 28
11/08/2021 01:17:33 - INFO - __main__ - Start error-fixing .... Done!
11/08/2021 01:17:36 - INFO - __main__ - Overall: 0.7089278745340167 from scores=[0.5193965517241379, 0.9459459459459459, 0.873046875, 0.73046875, 0.47578125]
11/08/2021 01:17:36 - INFO - __main__ - --------------------------------------------------
11/08/2021 01:17:36 - INFO - __main__ - Evaluating to get errors .... Timecode: 29
11/08/2021 01:17:39 - INFO - __main__ - Before Error Fixing: {'EM': 0.5, 'QA-F1': 0.6821975890373068}
11/08/2021 01:17:39 - INFO - __main__ - Found 32 errors.
11/08/2021 01:17:39 - INFO - __main__ - Start error-fixing .... Timecode: 29
11/08/2021 01:17:52 - INFO - __main__ - Start error-fixing .... Done!
11/08/2021 01:17:55 - INFO - __main__ - Overall: 0.7133593749999999 from scores=[0.51875, 0.96875, 0.873046875, 0.73046875, 0.47578125]
11/08/2021 01:17:55 - INFO - __main__ - --------------------------------------------------
11/08/2021 01:17:55 - INFO - __main__ - Start eval_knowledge_retention for UKR @ Timecode=30
11/08/2021 01:18:22 - INFO - __main__ - Upstream Knowledge Retation (UKR@30): 0.6582
11/08/2021 01:18:24 - INFO - __main__ - Start eval_knowledge_retention for OKR @ Timecode=30
11/08/2021 01:18:59 - INFO - __main__ - Online Knowledge Retation (OKR@30): 0.7969
11/08/2021 01:18:59 - INFO - __main__ - Start eval_knowledge_generalization for KG @ Timecode=30
11/08/2021 01:20:17 - INFO - __main__ - Future Knowledge Generalization (KG@30): 0.4172
11/08/2021 01:20:17 - INFO - __main__ - Evaluating to get errors .... Timecode: 30
11/08/2021 01:20:20 - INFO - __main__ - Before Error Fixing: {'EM': 0.40625, 'QA-F1': 0.5349702380952381}
11/08/2021 01:20:20 - INFO - __main__ - Found 38 errors.
11/08/2021 01:20:20 - INFO - __main__ - Start error-fixing .... Timecode: 30
11/08/2021 01:20:37 - INFO - __main__ - Start error-fixing .... Done!
11/08/2021 01:20:39 - INFO - __main__ - Overall: 0.6774773185483871 from scores=[0.5151209677419355, 1.0, 0.796875, 0.658203125, 0.4171875]
11/08/2021 01:20:40 - INFO - __main__ - Model saved to experiments/ckpt_dirs/qa/er/QA_simplecl_lr=5e-5_ep=10_T=100,b=64,alpha=0.9,beta=0.5,gamma=0.8/model_ckpt_030.pt.
11/08/2021 01:20:40 - INFO - __main__ - Updated result feule: experiments/results/qa/QA_simplecl_lr=5e-5_ep=10_T=100,b=64,alpha=0.9,beta=0.5,gamma=0.8_result.json at Timecode: 30.
11/08/2021 01:20:40 - INFO - __main__ - --------------------------------------------------
11/08/2021 01:20:40 - INFO - __main__ - Evaluating to get errors .... Timecode: 31
11/08/2021 01:20:44 - INFO - __main__ - Before Error Fixing: {'EM': 0.484375, 'QA-F1': 0.6367567592957009}
11/08/2021 01:20:44 - INFO - __main__ - Found 33 errors.
11/08/2021 01:20:44 - INFO - __main__ - Start error-fixing .... Timecode: 31
11/08/2021 01:20:57 - INFO - __main__ - Start error-fixing .... Done!
11/08/2021 01:21:00 - INFO - __main__ - Overall: 0.6530427320075758 from scores=[0.51416015625, 0.8787878787878788, 0.796875, 0.658203125, 0.4171875]
11/08/2021 01:21:00 - INFO - __main__ - --------------------------------------------------
11/08/2021 01:21:00 - INFO - __main__ - Evaluating to get errors .... Timecode: 32
11/08/2021 01:21:02 - INFO - __main__ - Before Error Fixing: {'EM': 0.5625, 'QA-F1': 0.6492788461538461}
11/08/2021 01:21:02 - INFO - __main__ - Found 28 errors.
11/08/2021 01:21:02 - INFO - __main__ - Start error-fixing .... Timecode: 32
11/08/2021 01:21:14 - INFO - __main__ - Start error-fixing .... Done!
11/08/2021 01:21:16 - INFO - __main__ - Overall: 0.6775781249999999 from scores=[0.515625, 1.0, 0.796875, 0.658203125, 0.4171875]
11/08/2021 01:21:16 - INFO - __main__ - --------------------------------------------------
11/08/2021 01:21:16 - INFO - __main__ - Evaluating to get errors .... Timecode: 33
11/08/2021 01:21:19 - INFO - __main__ - Before Error Fixing: {'EM': 0.546875, 'QA-F1': 0.6814903846153846}
11/08/2021 01:21:19 - INFO - __main__ - Found 29 errors.
11/08/2021 01:21:19 - INFO - __main__ - Start error-fixing .... Timecode: 33
11/08/2021 01:21:31 - INFO - __main__ - Start error-fixing .... Done!
11/08/2021 01:21:34 - INFO - __main__ - Overall: 0.6708653968052738 from scores=[0.5165441176470589, 0.9655172413793104, 0.796875, 0.658203125, 0.4171875]
11/08/2021 01:21:34 - INFO - __main__ - --------------------------------------------------
11/08/2021 01:21:34 - INFO - __main__ - Evaluating to get errors .... Timecode: 34
11/08/2021 01:21:37 - INFO - __main__ - Before Error Fixing: {'EM': 0.578125, 'QA-F1': 0.6839484126984127}
11/08/2021 01:21:37 - INFO - __main__ - Found 27 errors.
11/08/2021 01:21:37 - INFO - __main__ - Start error-fixing .... Timecode: 34
11/08/2021 01:21:48 - INFO - __main__ - Start error-fixing .... Done!
11/08/2021 01:21:49 - INFO - __main__ - Overall: 0.6781138392857142 from scores=[0.5183035714285714, 1.0, 0.796875, 0.658203125, 0.4171875]
11/08/2021 01:21:49 - INFO - __main__ - --------------------------------------------------
11/08/2021 01:21:49 - INFO - __main__ - Evaluating to get errors .... Timecode: 35
11/08/2021 01:21:53 - INFO - __main__ - Before Error Fixing: {'EM': 0.5, 'QA-F1': 0.6021457708957709}
11/08/2021 01:21:53 - INFO - __main__ - Found 32 errors.
11/08/2021 01:21:53 - INFO - __main__ - Start error-fixing .... Timecode: 35
11/08/2021 01:22:03 - INFO - __main__ - Start error-fixing .... Done!
11/08/2021 01:22:06 - INFO - __main__ - Overall: 0.6717621527777777 from scores=[0.5177951388888888, 0.96875, 0.796875, 0.658203125, 0.4171875]
11/08/2021 01:22:06 - INFO - __main__ - --------------------------------------------------
11/08/2021 01:22:06 - INFO - __main__ - Evaluating to get errors .... Timecode: 36
11/08/2021 01:22:11 - INFO - __main__ - Before Error Fixing: {'EM': 0.515625, 'QA-F1': 0.633544411300923}
11/08/2021 01:22:11 - INFO - __main__ - Found 31 errors.
11/08/2021 01:22:11 - INFO - __main__ - Start error-fixing .... Timecode: 36
11/08/2021 01:22:25 - INFO - __main__ - Start error-fixing .... Done!
11/08/2021 01:22:28 - INFO - __main__ - Overall: 0.6780004222972973 from scores=[0.5177364864864865, 1.0, 0.796875, 0.658203125, 0.4171875]
11/08/2021 01:22:28 - INFO - __main__ - --------------------------------------------------
11/08/2021 01:22:28 - INFO - __main__ - Evaluating to get errors .... Timecode: 37
11/08/2021 01:22:33 - INFO - __main__ - Before Error Fixing: {'EM': 0.40625, 'QA-F1': 0.5518896901709403}
11/08/2021 01:22:33 - INFO - __main__ - Found 38 errors.
11/08/2021 01:22:34 - INFO - __main__ - Start error-fixing .... Timecode: 37
11/08/2021 01:22:50 - INFO - __main__ - Start error-fixing .... Done!
11/08/2021 01:22:52 - INFO - __main__ - Overall: 0.6774136513157895 from scores=[0.5148026315789473, 1.0, 0.796875, 0.658203125, 0.4171875]
11/08/2021 01:22:52 - INFO - __main__ - --------------------------------------------------
11/08/2021 01:22:52 - INFO - __main__ - Evaluating to get errors .... Timecode: 38
11/08/2021 01:22:56 - INFO - __main__ - Before Error Fixing: {'EM': 0.515625, 'QA-F1': 0.6006459686147185}
11/08/2021 01:22:56 - INFO - __main__ - Found 31 errors.
11/08/2021 01:22:56 - INFO - __main__ - Start error-fixing .... Timecode: 38
11/08/2021 01:23:10 - INFO - __main__ - Start error-fixing .... Done!
11/08/2021 01:23:12 - INFO - __main__ - Overall: 0.6774178685897436 from scores=[0.514823717948718, 1.0, 0.796875, 0.658203125, 0.4171875]
11/08/2021 01:23:12 - INFO - __main__ - --------------------------------------------------
11/08/2021 01:23:12 - INFO - __main__ - Evaluating to get errors .... Timecode: 39
11/08/2021 01:23:17 - INFO - __main__ - Before Error Fixing: {'EM': 0.4375, 'QA-F1': 0.508110119047619}
11/08/2021 01:23:17 - INFO - __main__ - Found 36 errors.
11/08/2021 01:23:17 - INFO - __main__ - Start error-fixing .... Timecode: 39
11/08/2021 01:23:33 - INFO - __main__ - Start error-fixing .... Done!
11/08/2021 01:23:35 - INFO - __main__ - Overall: 0.67703125 from scores=[0.512890625, 1.0, 0.796875, 0.658203125, 0.4171875]
11/08/2021 01:23:35 - INFO - __main__ - --------------------------------------------------
11/08/2021 01:23:35 - INFO - __main__ - Start eval_knowledge_retention for UKR @ Timecode=40
11/08/2021 01:24:00 - INFO - __main__ - Upstream Knowledge Retation (UKR@40): 0.6797
11/08/2021 01:24:01 - INFO - __main__ - Start eval_knowledge_retention for OKR @ Timecode=40
11/08/2021 01:24:33 - INFO - __main__ - Online Knowledge Retation (OKR@40): 0.8379
11/08/2021 01:24:33 - INFO - __main__ - Start eval_knowledge_generalization for KG @ Timecode=40
11/08/2021 01:25:38 - INFO - __main__ - Future Knowledge Generalization (KG@40): 0.4430
11/08/2021 01:25:38 - INFO - __main__ - Evaluating to get errors .... Timecode: 40
11/08/2021 01:25:42 - INFO - __main__ - Before Error Fixing: {'EM': 0.421875, 'QA-F1': 0.5070312499999999}
11/08/2021 01:25:42 - INFO - __main__ - Found 37 errors.
11/08/2021 01:25:42 - INFO - __main__ - Start error-fixing .... Timecode: 40
11/08/2021 01:25:58 - INFO - __main__ - Start error-fixing .... Done!
11/08/2021 01:26:00 - INFO - __main__ - Overall: 0.6942435213414634 from scores=[0.5106707317073171, 1.0, 0.837890625, 0.6796875, 0.44296875]
11/08/2021 01:26:02 - INFO - __main__ - Model saved to experiments/ckpt_dirs/qa/er/QA_simplecl_lr=5e-5_ep=10_T=100,b=64,alpha=0.9,beta=0.5,gamma=0.8/model_ckpt_040.pt.
11/08/2021 01:26:02 - INFO - __main__ - Updated result feule: experiments/results/qa/QA_simplecl_lr=5e-5_ep=10_T=100,b=64,alpha=0.9,beta=0.5,gamma=0.8_result.json at Timecode: 40.
11/08/2021 01:26:02 - INFO - __main__ - --------------------------------------------------
11/08/2021 01:26:02 - INFO - __main__ - Evaluating to get errors .... Timecode: 41
11/08/2021 01:26:07 - INFO - __main__ - Before Error Fixing: {'EM': 0.375, 'QA-F1': 0.49376091809006206}
11/08/2021 01:26:07 - INFO - __main__ - Found 40 errors.
11/08/2021 01:26:07 - INFO - __main__ - Start error-fixing .... Timecode: 41
11/08/2021 01:26:25 - INFO - __main__ - Start error-fixing .... Done!
11/08/2021 01:26:27 - INFO - __main__ - Overall: 0.6935974702380953 from scores=[0.5074404761904762, 1.0, 0.837890625, 0.6796875, 0.44296875]
11/08/2021 01:26:27 - INFO - __main__ - --------------------------------------------------
11/08/2021 01:26:27 - INFO - __main__ - Evaluating to get errors .... Timecode: 42
11/08/2021 01:26:32 - INFO - __main__ - Before Error Fixing: {'EM': 0.421875, 'QA-F1': 0.504905032316717}
11/08/2021 01:26:32 - INFO - __main__ - Found 37 errors.
11/08/2021 01:26:32 - INFO - __main__ - Start error-fixing .... Timecode: 42
11/08/2021 01:26:48 - INFO - __main__ - Start error-fixing .... Done!
11/08/2021 01:26:50 - INFO - __main__ - Overall: 0.6931994912790698 from scores=[0.5054505813953488, 1.0, 0.837890625, 0.6796875, 0.44296875]
11/08/2021 01:26:50 - INFO - __main__ - --------------------------------------------------
11/08/2021 01:26:50 - INFO - __main__ - Evaluating to get errors .... Timecode: 43
11/08/2021 01:26:54 - INFO - __main__ - Before Error Fixing: {'EM': 0.5, 'QA-F1': 0.6104355280136531}
11/08/2021 01:26:54 - INFO - __main__ - Found 32 errors.
11/08/2021 01:26:54 - INFO - __main__ - Start error-fixing .... Timecode: 43
11/08/2021 01:27:08 - INFO - __main__ - Start error-fixing .... Done!
11/08/2021 01:27:09 - INFO - __main__ - Overall: 0.6869247159090909 from scores=[0.5053267045454546, 0.96875, 0.837890625, 0.6796875, 0.44296875]
11/08/2021 01:27:09 - INFO - __main__ - --------------------------------------------------
11/08/2021 01:27:09 - INFO - __main__ - Evaluating to get errors .... Timecode: 44
11/08/2021 01:27:13 - INFO - __main__ - Before Error Fixing: {'EM': 0.484375, 'QA-F1': 0.5874486807052597}
11/08/2021 01:27:13 - INFO - __main__ - Found 33 errors.
11/08/2021 01:27:13 - INFO - __main__ - Start error-fixing .... Timecode: 44
11/08/2021 01:27:24 - INFO - __main__ - Start error-fixing .... Done!
11/08/2021 01:27:27 - INFO - __main__ - Overall: 0.6870209911616161 from scores=[0.5048611111111111, 0.9696969696969697, 0.837890625, 0.6796875, 0.44296875]
11/08/2021 01:27:27 - INFO - __main__ - --------------------------------------------------
11/08/2021 01:27:27 - INFO - __main__ - Evaluating to get errors .... Timecode: 45
11/08/2021 01:27:30 - INFO - __main__ - Before Error Fixing: {'EM': 0.484375, 'QA-F1': 0.5998405823664414}
11/08/2021 01:27:30 - INFO - __main__ - Found 33 errors.
11/08/2021 01:27:30 - INFO - __main__ - Start error-fixing .... Timecode: 45
11/08/2021 01:27:44 - INFO - __main__ - Start error-fixing .... Done!
11/08/2021 01:27:46 - INFO - __main__ - Overall: 0.686931921113307 from scores=[0.5044157608695652, 0.9696969696969697, 0.837890625, 0.6796875, 0.44296875]
11/08/2021 01:27:46 - INFO - __main__ - --------------------------------------------------
11/08/2021 01:27:46 - INFO - __main__ - Evaluating to get errors .... Timecode: 46
11/08/2021 01:27:50 - INFO - __main__ - Before Error Fixing: {'EM': 0.46875, 'QA-F1': 0.5718146653693529}
11/08/2021 01:27:50 - INFO - __main__ - Found 34 errors.
11/08/2021 01:27:50 - INFO - __main__ - Start error-fixing .... Timecode: 46
11/08/2021 01:28:02 - INFO - __main__ - Start error-fixing .... Done!
11/08/2021 01:28:05 - INFO - __main__ - Overall: 0.6693113462140174 from scores=[0.503656914893617, 0.8823529411764706, 0.837890625, 0.6796875, 0.44296875]
11/08/2021 01:28:05 - INFO - __main__ - --------------------------------------------------
11/08/2021 01:28:05 - INFO - __main__ - Evaluating to get errors .... Timecode: 47
11/08/2021 01:28:09 - INFO - __main__ - Before Error Fixing: {'EM': 0.421875, 'QA-F1': 0.5154468059868875}
11/08/2021 01:28:09 - INFO - __main__ - Found 37 errors.
11/08/2021 01:28:09 - INFO - __main__ - Start error-fixing .... Timecode: 47
11/08/2021 01:28:22 - INFO - __main__ - Start error-fixing .... Done!
11/08/2021 01:28:24 - INFO - __main__ - Overall: 0.6870945945945945 from scores=[0.501953125, 0.972972972972973, 0.837890625, 0.6796875, 0.44296875]
11/08/2021 01:28:24 - INFO - __main__ - --------------------------------------------------
11/08/2021 01:28:24 - INFO - __main__ - Evaluating to get errors .... Timecode: 48
11/08/2021 01:28:28 - INFO - __main__ - Before Error Fixing: {'EM': 0.453125, 'QA-F1': 0.5757909675104326}
11/08/2021 01:28:28 - INFO - __main__ - Found 35 errors.
11/08/2021 01:28:29 - INFO - __main__ - Start error-fixing .... Timecode: 48
11/08/2021 01:28:44 - INFO - __main__ - Start error-fixing .... Done!
11/08/2021 01:28:47 - INFO - __main__ - Overall: 0.6865864158163265 from scores=[0.5009566326530612, 0.9714285714285714, 0.837890625, 0.6796875, 0.44296875]
11/08/2021 01:28:47 - INFO - __main__ - --------------------------------------------------
11/08/2021 01:28:47 - INFO - __main__ - Evaluating to get errors .... Timecode: 49
11/08/2021 01:28:51 - INFO - __main__ - Before Error Fixing: {'EM': 0.46875, 'QA-F1': 0.5568840579710145}
11/08/2021 01:28:51 - INFO - __main__ - Found 34 errors.
11/08/2021 01:28:51 - INFO - __main__ - Start error-fixing .... Timecode: 49
11/08/2021 01:29:06 - INFO - __main__ - Start error-fixing .... Done!
11/08/2021 01:29:08 - INFO - __main__ - Overall: 0.6745248161764705 from scores=[0.5003124999999999, 0.9117647058823529, 0.837890625, 0.6796875, 0.44296875]
11/08/2021 01:29:08 - INFO - __main__ - --------------------------------------------------
11/08/2021 01:29:08 - INFO - __main__ - Start eval_knowledge_retention for UKR @ Timecode=50
11/08/2021 01:29:28 - INFO - __main__ - Upstream Knowledge Retation (UKR@50): 0.6289
11/08/2021 01:29:30 - INFO - __main__ - Start eval_knowledge_retention for OKR @ Timecode=50
11/08/2021 01:29:59 - INFO - __main__ - Online Knowledge Retation (OKR@50): 0.8320
11/08/2021 01:29:59 - INFO - __main__ - Start eval_knowledge_generalization for KG @ Timecode=50
11/08/2021 01:30:58 - INFO - __main__ - Future Knowledge Generalization (KG@50): 0.4437
11/08/2021 01:30:58 - INFO - __main__ - Evaluating to get errors .... Timecode: 50
11/08/2021 01:31:01 - INFO - __main__ - Before Error Fixing: {'EM': 0.515625, 'QA-F1': 0.5755208333333333}
11/08/2021 01:31:01 - INFO - __main__ - Found 31 errors.
11/08/2021 01:31:01 - INFO - __main__ - Start error-fixing .... Timecode: 50
11/08/2021 01:31:14 - INFO - __main__ - Start error-fixing .... Done!
11/08/2021 01:31:16 - INFO - __main__ - Overall: 0.6810600490196078 from scores=[0.5006127450980392, 1.0, 0.83203125, 0.62890625, 0.44375]
11/08/2021 01:31:18 - INFO - __main__ - Model saved to experiments/ckpt_dirs/qa/er/QA_simplecl_lr=5e-5_ep=10_T=100,b=64,alpha=0.9,beta=0.5,gamma=0.8/model_ckpt_050.pt.
11/08/2021 01:31:18 - INFO - __main__ - Updated result feule: experiments/results/qa/QA_simplecl_lr=5e-5_ep=10_T=100,b=64,alpha=0.9,beta=0.5,gamma=0.8_result.json at Timecode: 50.
11/08/2021 01:31:18 - INFO - __main__ - --------------------------------------------------
11/08/2021 01:31:18 - INFO - __main__ - Evaluating to get errors .... Timecode: 51
11/08/2021 01:31:21 - INFO - __main__ - Before Error Fixing: {'EM': 0.5, 'QA-F1': 0.5817708333333333}
11/08/2021 01:31:21 - INFO - __main__ - Found 32 errors.
11/08/2021 01:31:21 - INFO - __main__ - Start error-fixing .... Timecode: 51
11/08/2021 01:31:36 - INFO - __main__ - Start error-fixing .... Done!
11/08/2021 01:31:37 - INFO - __main__ - Overall: 0.6810576923076923 from scores=[0.5006009615384616, 1.0, 0.83203125, 0.62890625, 0.44375]
11/08/2021 01:31:37 - INFO - __main__ - --------------------------------------------------
11/08/2021 01:31:37 - INFO - __main__ - Evaluating to get errors .... Timecode: 52
11/08/2021 01:31:41 - INFO - __main__ - Before Error Fixing: {'EM': 0.59375, 'QA-F1': 0.627724358974359}
11/08/2021 01:31:41 - INFO - __main__ - Found 26 errors.
11/08/2021 01:31:41 - INFO - __main__ - Start error-fixing .... Timecode: 52
11/08/2021 01:31:52 - INFO - __main__ - Start error-fixing .... Done!
11/08/2021 01:31:55 - INFO - __main__ - Overall: 0.6814091981132075 from scores=[0.5023584905660378, 1.0, 0.83203125, 0.62890625, 0.44375]
11/08/2021 01:31:55 - INFO - __main__ - --------------------------------------------------
11/08/2021 01:31:55 - INFO - __main__ - Evaluating to get errors .... Timecode: 53
11/08/2021 01:31:59 - INFO - __main__ - Before Error Fixing: {'EM': 0.515625, 'QA-F1': 0.6418755723443224}
11/08/2021 01:31:59 - INFO - __main__ - Found 31 errors.
11/08/2021 01:32:00 - INFO - __main__ - Start error-fixing .... Timecode: 53
11/08/2021 01:32:13 - INFO - __main__ - Start error-fixing .... Done!
11/08/2021 01:32:15 - INFO - __main__ - Overall: 0.6814583333333334 from scores=[0.5026041666666667, 1.0, 0.83203125, 0.62890625, 0.44375]
11/08/2021 01:32:15 - INFO - __main__ - --------------------------------------------------
11/08/2021 01:32:15 - INFO - __main__ - Evaluating to get errors .... Timecode: 54
11/08/2021 01:32:19 - INFO - __main__ - Before Error Fixing: {'EM': 0.53125, 'QA-F1': 0.6559740018744009}
11/08/2021 01:32:19 - INFO - __main__ - Found 30 errors.
11/08/2021 01:32:19 - INFO - __main__ - Start error-fixing .... Timecode: 54
11/08/2021 01:32:32 - INFO - __main__ - Start error-fixing .... Done!
11/08/2021 01:32:35 - INFO - __main__ - Overall: 0.6548958333333335 from scores=[0.503125, 0.8666666666666667, 0.83203125, 0.62890625, 0.44375]
11/08/2021 01:32:35 - INFO - __main__ - --------------------------------------------------
11/08/2021 01:32:35 - INFO - __main__ - Evaluating to get errors .... Timecode: 55
11/08/2021 01:32:41 - INFO - __main__ - Before Error Fixing: {'EM': 0.5, 'QA-F1': 0.6061300170136377}
11/08/2021 01:32:41 - INFO - __main__ - Found 32 errors.
11/08/2021 01:32:41 - INFO - __main__ - Start error-fixing .... Timecode: 55
11/08/2021 01:32:53 - INFO - __main__ - Start error-fixing .... Done!
11/08/2021 01:32:55 - INFO - __main__ - Overall: 0.6815513392857142 from scores=[0.5030691964285714, 1.0, 0.83203125, 0.62890625, 0.44375]
11/08/2021 01:32:55 - INFO - __main__ - --------------------------------------------------
11/08/2021 01:32:55 - INFO - __main__ - Evaluating to get errors .... Timecode: 56
11/08/2021 01:32:59 - INFO - __main__ - Before Error Fixing: {'EM': 0.578125, 'QA-F1': 0.6456101190476191}
11/08/2021 01:32:59 - INFO - __main__ - Found 27 errors.
11/08/2021 01:32:59 - INFO - __main__ - Start error-fixing .... Timecode: 56
11/08/2021 01:33:12 - INFO - __main__ - Start error-fixing .... Done!
11/08/2021 01:33:13 - INFO - __main__ - Overall: 0.6818146929824562 from scores=[0.5043859649122807, 1.0, 0.83203125, 0.62890625, 0.44375]
11/08/2021 01:33:13 - INFO - __main__ - --------------------------------------------------
11/08/2021 01:33:13 - INFO - __main__ - Evaluating to get errors .... Timecode: 57
11/08/2021 01:33:17 - INFO - __main__ - Before Error Fixing: {'EM': 0.515625, 'QA-F1': 0.5637152777777779}
11/08/2021 01:33:17 - INFO - __main__ - Found 31 errors.
11/08/2021 01:33:17 - INFO - __main__ - Start error-fixing .... Timecode: 57
11/08/2021 01:33:31 - INFO - __main__ - Start error-fixing .... Done!
11/08/2021 01:33:33 - INFO - __main__ - Overall: 0.6754018353726363 from scores=[0.5045797413793103, 0.967741935483871, 0.83203125, 0.62890625, 0.44375]
11/08/2021 01:33:33 - INFO - __main__ - --------------------------------------------------
11/08/2021 01:33:33 - INFO - __main__ - Evaluating to get errors .... Timecode: 58
11/08/2021 01:33:36 - INFO - __main__ - Before Error Fixing: {'EM': 0.40625, 'QA-F1': 0.5006410256410256}
11/08/2021 01:33:36 - INFO - __main__ - Found 38 errors.
11/08/2021 01:33:36 - INFO - __main__ - Start error-fixing .... Timecode: 58
11/08/2021 01:33:53 - INFO - __main__ - Start error-fixing .... Done!
11/08/2021 01:33:54 - INFO - __main__ - Overall: 0.6815201271186442 from scores=[0.5029131355932204, 1.0, 0.83203125, 0.62890625, 0.44375]
11/08/2021 01:33:54 - INFO - __main__ - --------------------------------------------------
11/08/2021 01:33:54 - INFO - __main__ - Evaluating to get errors .... Timecode: 59
11/08/2021 01:33:58 - INFO - __main__ - Before Error Fixing: {'EM': 0.515625, 'QA-F1': 0.6357704795204795}
11/08/2021 01:33:58 - INFO - __main__ - Found 31 errors.
11/08/2021 01:33:58 - INFO - __main__ - Start error-fixing .... Timecode: 59
11/08/2021 01:34:11 - INFO - __main__ - Start error-fixing .... Done!
11/08/2021 01:34:13 - INFO - __main__ - Overall: 0.6751108870967741 from scores=[0.503125, 0.967741935483871, 0.83203125, 0.62890625, 0.44375]
11/08/2021 01:34:13 - INFO - __main__ - --------------------------------------------------
11/08/2021 01:34:13 - INFO - __main__ - Start eval_knowledge_retention for UKR @ Timecode=60
11/08/2021 01:34:38 - INFO - __main__ - Upstream Knowledge Retation (UKR@60): 0.6074
11/08/2021 01:34:40 - INFO - __main__ - Start eval_knowledge_retention for OKR @ Timecode=60
11/08/2021 01:35:12 - INFO - __main__ - Online Knowledge Retation (OKR@60): 0.8105
11/08/2021 01:35:12 - INFO - __main__ - Start eval_knowledge_generalization for KG @ Timecode=60
11/08/2021 01:36:19 - INFO - __main__ - Future Knowledge Generalization (KG@60): 0.4578
11/08/2021 01:36:19 - INFO - __main__ - Evaluating to get errors .... Timecode: 60
11/08/2021 01:36:23 - INFO - __main__ - Before Error Fixing: {'EM': 0.46875, 'QA-F1': 0.5842299193861694}
11/08/2021 01:36:23 - INFO - __main__ - Found 34 errors.
11/08/2021 01:36:23 - INFO - __main__ - Start error-fixing .... Timecode: 60
11/08/2021 01:36:34 - INFO - __main__ - Start error-fixing .... Done!
11/08/2021 01:36:36 - INFO - __main__ - Overall: 0.6756685450819673 from scores=[0.5025614754098361, 1.0, 0.810546875, 0.607421875, 0.4578125]
11/08/2021 01:36:38 - INFO - __main__ - Model saved to experiments/ckpt_dirs/qa/er/QA_simplecl_lr=5e-5_ep=10_T=100,b=64,alpha=0.9,beta=0.5,gamma=0.8/model_ckpt_060.pt.
11/08/2021 01:36:38 - INFO - __main__ - Updated result feule: experiments/results/qa/QA_simplecl_lr=5e-5_ep=10_T=100,b=64,alpha=0.9,beta=0.5,gamma=0.8_result.json at Timecode: 60.
11/08/2021 01:36:38 - INFO - __main__ - --------------------------------------------------
11/08/2021 01:36:38 - INFO - __main__ - Evaluating to get errors .... Timecode: 61
11/08/2021 01:36:42 - INFO - __main__ - Before Error Fixing: {'EM': 0.5, 'QA-F1': 0.6261476370851371}
11/08/2021 01:36:42 - INFO - __main__ - Found 32 errors.
11/08/2021 01:36:42 - INFO - __main__ - Start error-fixing .... Timecode: 61
11/08/2021 01:36:55 - INFO - __main__ - Start error-fixing .... Done!
11/08/2021 01:36:57 - INFO - __main__ - Overall: 0.6756602822580645 from scores=[0.5025201612903225, 1.0, 0.810546875, 0.607421875, 0.4578125]
11/08/2021 01:36:57 - INFO - __main__ - --------------------------------------------------
11/08/2021 01:36:57 - INFO - __main__ - Evaluating to get errors .... Timecode: 62
11/08/2021 01:37:00 - INFO - __main__ - Before Error Fixing: {'EM': 0.609375, 'QA-F1': 0.6328125}
11/08/2021 01:37:00 - INFO - __main__ - Found 25 errors.
11/08/2021 01:37:01 - INFO - __main__ - Start error-fixing .... Timecode: 62
11/08/2021 01:37:12 - INFO - __main__ - Start error-fixing .... Done!
11/08/2021 01:37:13 - INFO - __main__ - Overall: 0.659999503968254 from scores=[0.5042162698412698, 0.92, 0.810546875, 0.607421875, 0.4578125]
11/08/2021 01:37:13 - INFO - __main__ - --------------------------------------------------
11/08/2021 01:37:13 - INFO - __main__ - Evaluating to get errors .... Timecode: 63
11/08/2021 01:37:18 - INFO - __main__ - Before Error Fixing: {'EM': 0.5625, 'QA-F1': 0.6607280066979}
11/08/2021 01:37:18 - INFO - __main__ - Found 28 errors.
11/08/2021 01:37:18 - INFO - __main__ - Start error-fixing .... Timecode: 63
11/08/2021 01:37:30 - INFO - __main__ - Start error-fixing .... Done!
11/08/2021 01:37:33 - INFO - __main__ - Overall: 0.6761816406250001 from scores=[0.505126953125, 1.0, 0.810546875, 0.607421875, 0.4578125]
11/08/2021 01:37:33 - INFO - __main__ - --------------------------------------------------
11/08/2021 01:37:33 - INFO - __main__ - Evaluating to get errors .... Timecode: 64
11/08/2021 01:37:36 - INFO - __main__ - Before Error Fixing: {'EM': 0.484375, 'QA-F1': 0.5386335784313725}
11/08/2021 01:37:36 - INFO - __main__ - Found 33 errors.
11/08/2021 01:37:36 - INFO - __main__ - Start error-fixing .... Timecode: 64
11/08/2021 01:37:53 - INFO - __main__ - Start error-fixing .... Done!
11/08/2021 01:37:55 - INFO - __main__ - Overall: 0.6700571824009325 from scores=[0.5048076923076923, 0.9696969696969697, 0.810546875, 0.607421875, 0.4578125]
11/08/2021 01:37:55 - INFO - __main__ - --------------------------------------------------
11/08/2021 01:37:55 - INFO - __main__ - Evaluating to get errors .... Timecode: 65
11/08/2021 01:37:58 - INFO - __main__ - Before Error Fixing: {'EM': 0.484375, 'QA-F1': 0.5866176358363858}
11/08/2021 01:37:58 - INFO - __main__ - Found 33 errors.
11/08/2021 01:37:58 - INFO - __main__ - Start error-fixing .... Timecode: 65
11/08/2021 01:38:14 - INFO - __main__ - Start error-fixing .... Done!
11/08/2021 01:38:16 - INFO - __main__ - Overall: 0.6699952651515152 from scores=[0.5044981060606061, 0.9696969696969697, 0.810546875, 0.607421875, 0.4578125]
11/08/2021 01:38:16 - INFO - __main__ - --------------------------------------------------
11/08/2021 01:38:16 - INFO - __main__ - Evaluating to get errors .... Timecode: 66
11/08/2021 01:38:20 - INFO - __main__ - Before Error Fixing: {'EM': 0.578125, 'QA-F1': 0.6795521967528271}
11/08/2021 01:38:20 - INFO - __main__ - Found 27 errors.
11/08/2021 01:38:20 - INFO - __main__ - Start error-fixing .... Timecode: 66
11/08/2021 01:38:29 - INFO - __main__ - Start error-fixing .... Done!
11/08/2021 01:38:31 - INFO - __main__ - Overall: 0.6688682455776672 from scores=[0.5055970149253731, 0.9629629629629629, 0.810546875, 0.607421875, 0.4578125]
11/08/2021 01:38:31 - INFO - __main__ - --------------------------------------------------
11/08/2021 01:38:31 - INFO - __main__ - Evaluating to get errors .... Timecode: 67
11/08/2021 01:38:34 - INFO - __main__ - Before Error Fixing: {'EM': 0.484375, 'QA-F1': 0.6260703788689337}
11/08/2021 01:38:34 - INFO - __main__ - Found 33 errors.
11/08/2021 01:38:34 - INFO - __main__ - Start error-fixing .... Timecode: 67
11/08/2021 01:38:46 - INFO - __main__ - Start error-fixing .... Done!
11/08/2021 01:38:48 - INFO - __main__ - Overall: 0.6701526292335116 from scores=[0.5052849264705883, 0.9696969696969697, 0.810546875, 0.607421875, 0.4578125]
11/08/2021 01:38:48 - INFO - __main__ - --------------------------------------------------
11/08/2021 01:38:48 - INFO - __main__ - Evaluating to get errors .... Timecode: 68
11/08/2021 01:38:51 - INFO - __main__ - Before Error Fixing: {'EM': 0.5, 'QA-F1': 0.5723958333333333}
11/08/2021 01:38:51 - INFO - __main__ - Found 32 errors.
11/08/2021 01:38:51 - INFO - __main__ - Start error-fixing .... Timecode: 68
11/08/2021 01:39:05 - INFO - __main__ - Start error-fixing .... Done!
11/08/2021 01:39:06 - INFO - __main__ - Overall: 0.6761979166666666 from scores=[0.5052083333333333, 1.0, 0.810546875, 0.607421875, 0.4578125]
11/08/2021 01:39:06 - INFO - __main__ - --------------------------------------------------
11/08/2021 01:39:06 - INFO - __main__ - Evaluating to get errors .... Timecode: 69
11/08/2021 01:39:09 - INFO - __main__ - Before Error Fixing: {'EM': 0.484375, 'QA-F1': 0.5994791666666667}
11/08/2021 01:39:09 - INFO - __main__ - Found 33 errors.
11/08/2021 01:39:09 - INFO - __main__ - Start error-fixing .... Timecode: 69
11/08/2021 01:39:24 - INFO - __main__ - Start error-fixing .... Done!
11/08/2021 01:39:26 - INFO - __main__ - Overall: 0.676138392857143 from scores=[0.5049107142857143, 1.0, 0.810546875, 0.607421875, 0.4578125]
11/08/2021 01:39:26 - INFO - __main__ - --------------------------------------------------
11/08/2021 01:39:26 - INFO - __main__ - Start eval_knowledge_retention for UKR @ Timecode=70
11/08/2021 01:39:48 - INFO - __main__ - Upstream Knowledge Retation (UKR@70): 0.6230
11/08/2021 01:39:49 - INFO - __main__ - Start eval_knowledge_retention for OKR @ Timecode=70
11/08/2021 01:40:17 - INFO - __main__ - Online Knowledge Retation (OKR@70): 0.7695
11/08/2021 01:40:17 - INFO - __main__ - Start eval_knowledge_generalization for KG @ Timecode=70
11/08/2021 01:41:14 - INFO - __main__ - Future Knowledge Generalization (KG@70): 0.4516
11/08/2021 01:41:14 - INFO - __main__ - Evaluating to get errors .... Timecode: 70
11/08/2021 01:41:18 - INFO - __main__ - Before Error Fixing: {'EM': 0.453125, 'QA-F1': 0.5546190166043107}
11/08/2021 01:41:18 - INFO - __main__ - Found 35 errors.
11/08/2021 01:41:18 - INFO - __main__ - Start error-fixing .... Timecode: 70
11/08/2021 01:41:29 - INFO - __main__ - Start error-fixing .... Done!
11/08/2021 01:41:32 - INFO - __main__ - Overall: 0.6639501068913481 from scores=[0.504181338028169, 0.9714285714285714, 0.76953125, 0.623046875, 0.4515625]
11/08/2021 01:41:34 - INFO - __main__ - Model saved to experiments/ckpt_dirs/qa/er/QA_simplecl_lr=5e-5_ep=10_T=100,b=64,alpha=0.9,beta=0.5,gamma=0.8/model_ckpt_070.pt.
11/08/2021 01:41:34 - INFO - __main__ - Updated result feule: experiments/results/qa/QA_simplecl_lr=5e-5_ep=10_T=100,b=64,alpha=0.9,beta=0.5,gamma=0.8_result.json at Timecode: 70.
11/08/2021 01:41:34 - INFO - __main__ - --------------------------------------------------
11/08/2021 01:41:34 - INFO - __main__ - Evaluating to get errors .... Timecode: 71
11/08/2021 01:41:37 - INFO - __main__ - Before Error Fixing: {'EM': 0.484375, 'QA-F1': 0.5663622835497835}
11/08/2021 01:41:37 - INFO - __main__ - Found 33 errors.
11/08/2021 01:41:37 - INFO - __main__ - Start error-fixing .... Timecode: 71
11/08/2021 01:41:53 - INFO - __main__ - Start error-fixing .... Done!
11/08/2021 01:41:54 - INFO - __main__ - Overall: 0.6696093750000001 from scores=[0.50390625, 1.0, 0.76953125, 0.623046875, 0.4515625]
11/08/2021 01:41:54 - INFO - __main__ - --------------------------------------------------
11/08/2021 01:41:54 - INFO - __main__ - Evaluating to get errors .... Timecode: 72
11/08/2021 01:41:58 - INFO - __main__ - Before Error Fixing: {'EM': 0.59375, 'QA-F1': 0.703125}
11/08/2021 01:41:58 - INFO - __main__ - Found 26 errors.
11/08/2021 01:41:58 - INFO - __main__ - Start error-fixing .... Timecode: 72
11/08/2021 01:42:11 - INFO - __main__ - Start error-fixing .... Done!
11/08/2021 01:42:13 - INFO - __main__ - Overall: 0.6621632145679663 from scores=[0.5051369863013699, 0.9615384615384616, 0.76953125, 0.623046875, 0.4515625]
11/08/2021 01:42:13 - INFO - __main__ - --------------------------------------------------
11/08/2021 01:42:13 - INFO - __main__ - Evaluating to get errors .... Timecode: 73
11/08/2021 01:42:17 - INFO - __main__ - Before Error Fixing: {'EM': 0.5, 'QA-F1': 0.5359375}
11/08/2021 01:42:17 - INFO - __main__ - Found 32 errors.
11/08/2021 01:42:17 - INFO - __main__ - Start error-fixing .... Timecode: 73
11/08/2021 01:42:32 - INFO - __main__ - Start error-fixing .... Done!
11/08/2021 01:42:33 - INFO - __main__ - Overall: 0.6635916385135135 from scores=[0.5050675675675675, 0.96875, 0.76953125, 0.623046875, 0.4515625]
11/08/2021 01:42:33 - INFO - __main__ - --------------------------------------------------
11/08/2021 01:42:33 - INFO - __main__ - Evaluating to get errors .... Timecode: 74
11/08/2021 01:42:36 - INFO - __main__ - Before Error Fixing: {'EM': 0.5, 'QA-F1': 0.5617931547619047}
11/08/2021 01:42:36 - INFO - __main__ - Found 32 errors.
11/08/2021 01:42:36 - INFO - __main__ - Start error-fixing .... Timecode: 74
11/08/2021 01:42:51 - INFO - __main__ - Start error-fixing .... Done!
11/08/2021 01:42:53 - INFO - __main__ - Overall: 0.657328125 from scores=[0.505, 0.9375, 0.76953125, 0.623046875, 0.4515625]
11/08/2021 01:42:53 - INFO - __main__ - --------------------------------------------------
11/08/2021 01:42:53 - INFO - __main__ - Evaluating to get errors .... Timecode: 75
11/08/2021 01:42:56 - INFO - __main__ - Before Error Fixing: {'EM': 0.5625, 'QA-F1': 0.5982142857142857}
11/08/2021 01:42:56 - INFO - __main__ - Found 28 errors.
11/08/2021 01:42:56 - INFO - __main__ - Start error-fixing .... Timecode: 75
11/08/2021 01:43:09 - INFO - __main__ - Start error-fixing .... Done!
11/08/2021 01:43:11 - INFO - __main__ - Overall: 0.6699794407894737 from scores=[0.5057565789473684, 1.0, 0.76953125, 0.623046875, 0.4515625]
11/08/2021 01:43:11 - INFO - __main__ - --------------------------------------------------
11/08/2021 01:43:11 - INFO - __main__ - Evaluating to get errors .... Timecode: 76
11/08/2021 01:43:16 - INFO - __main__ - Before Error Fixing: {'EM': 0.484375, 'QA-F1': 0.5527489569609135}
11/08/2021 01:43:16 - INFO - __main__ - Found 33 errors.
11/08/2021 01:43:16 - INFO - __main__ - Start error-fixing .... Timecode: 76
11/08/2021 01:43:32 - INFO - __main__ - Start error-fixing .... Done!
11/08/2021 01:43:35 - INFO - __main__ - Overall: 0.6699239042207792 from scores=[0.5054788961038961, 1.0, 0.76953125, 0.623046875, 0.4515625]
11/08/2021 01:43:35 - INFO - __main__ - --------------------------------------------------
11/08/2021 01:43:35 - INFO - __main__ - Evaluating to get errors .... Timecode: 77
11/08/2021 01:43:38 - INFO - __main__ - Before Error Fixing: {'EM': 0.53125, 'QA-F1': 0.6243303571428571}
11/08/2021 01:43:38 - INFO - __main__ - Found 30 errors.
11/08/2021 01:43:38 - INFO - __main__ - Start error-fixing .... Timecode: 77
11/08/2021 01:43:52 - INFO - __main__ - Start error-fixing .... Done!
11/08/2021 01:43:53 - INFO - __main__ - Overall: 0.6699899839743589 from scores=[0.5058092948717949, 1.0, 0.76953125, 0.623046875, 0.4515625]
11/08/2021 01:43:53 - INFO - __main__ - --------------------------------------------------
11/08/2021 01:43:53 - INFO - __main__ - Evaluating to get errors .... Timecode: 78
11/08/2021 01:43:57 - INFO - __main__ - Before Error Fixing: {'EM': 0.546875, 'QA-F1': 0.6764136904761904}
11/08/2021 01:43:57 - INFO - __main__ - Found 29 errors.
11/08/2021 01:43:57 - INFO - __main__ - Start error-fixing .... Timecode: 78
11/08/2021 01:44:11 - INFO - __main__ - Start error-fixing .... Done!
11/08/2021 01:44:12 - INFO - __main__ - Overall: 0.6700939477848101 from scores=[0.5063291139240507, 1.0, 0.76953125, 0.623046875, 0.4515625]
11/08/2021 01:44:12 - INFO - __main__ - --------------------------------------------------
11/08/2021 01:44:12 - INFO - __main__ - Evaluating to get errors .... Timecode: 79
11/08/2021 01:44:16 - INFO - __main__ - Before Error Fixing: {'EM': 0.46875, 'QA-F1': 0.5737847222222221}
11/08/2021 01:44:16 - INFO - __main__ - Found 34 errors.
11/08/2021 01:44:16 - INFO - __main__ - Start error-fixing .... Timecode: 79
11/08/2021 01:44:32 - INFO - __main__ - Start error-fixing .... Done!
11/08/2021 01:44:34 - INFO - __main__ - Overall: 0.67 from scores=[0.505859375, 1.0, 0.76953125, 0.623046875, 0.4515625]
11/08/2021 01:44:34 - INFO - __main__ - --------------------------------------------------
11/08/2021 01:44:34 - INFO - __main__ - Start eval_knowledge_retention for UKR @ Timecode=80
11/08/2021 01:44:58 - INFO - __main__ - Upstream Knowledge Retation (UKR@80): 0.6387
11/08/2021 01:45:00 - INFO - __main__ - Start eval_knowledge_retention for OKR @ Timecode=80
11/08/2021 01:45:28 - INFO - __main__ - Online Knowledge Retation (OKR@80): 0.8047
11/08/2021 01:45:28 - INFO - __main__ - Start eval_knowledge_generalization for KG @ Timecode=80
11/08/2021 01:46:35 - INFO - __main__ - Future Knowledge Generalization (KG@80): 0.4617
11/08/2021 01:46:35 - INFO - __main__ - Evaluating to get errors .... Timecode: 80
11/08/2021 01:46:39 - INFO - __main__ - Before Error Fixing: {'EM': 0.625, 'QA-F1': 0.6519886363636364}
11/08/2021 01:46:39 - INFO - __main__ - Found 24 errors.
11/08/2021 01:46:40 - INFO - __main__ - Start error-fixing .... Timecode: 80
11/08/2021 01:46:50 - INFO - __main__ - Start error-fixing .... Done!
11/08/2021 01:46:51 - INFO - __main__ - Overall: 0.6824816743827161 from scores=[0.5073302469135803, 1.0, 0.8046875, 0.638671875, 0.46171875]
11/08/2021 01:46:53 - INFO - __main__ - Model saved to experiments/ckpt_dirs/qa/er/QA_simplecl_lr=5e-5_ep=10_T=100,b=64,alpha=0.9,beta=0.5,gamma=0.8/model_ckpt_080.pt.
11/08/2021 01:46:53 - INFO - __main__ - Updated result feule: experiments/results/qa/QA_simplecl_lr=5e-5_ep=10_T=100,b=64,alpha=0.9,beta=0.5,gamma=0.8_result.json at Timecode: 80.
11/08/2021 01:46:53 - INFO - __main__ - --------------------------------------------------
11/08/2021 01:46:53 - INFO - __main__ - Evaluating to get errors .... Timecode: 81
11/08/2021 01:46:57 - INFO - __main__ - Before Error Fixing: {'EM': 0.453125, 'QA-F1': 0.543610923717039}
11/08/2021 01:46:57 - INFO - __main__ - Found 35 errors.
11/08/2021 01:46:58 - INFO - __main__ - Start error-fixing .... Timecode: 81
11/08/2021 01:47:10 - INFO - __main__ - Start error-fixing .... Done!
11/08/2021 01:47:14 - INFO - __main__ - Overall: 0.6709208950348432 from scores=[0.5066692073170731, 0.9428571428571428, 0.8046875, 0.638671875, 0.46171875]
11/08/2021 01:47:14 - INFO - __main__ - --------------------------------------------------
11/08/2021 01:47:14 - INFO - __main__ - Evaluating to get errors .... Timecode: 82
11/08/2021 01:47:17 - INFO - __main__ - Before Error Fixing: {'EM': 0.59375, 'QA-F1': 0.6119791666666666}
11/08/2021 01:47:17 - INFO - __main__ - Found 26 errors.
11/08/2021 01:47:17 - INFO - __main__ - Start error-fixing .... Timecode: 82
11/08/2021 01:47:29 - INFO - __main__ - Start error-fixing .... Done!
11/08/2021 01:47:30 - INFO - __main__ - Overall: 0.6825592996987953 from scores=[0.5077183734939759, 1.0, 0.8046875, 0.638671875, 0.46171875]
11/08/2021 01:47:30 - INFO - __main__ - --------------------------------------------------
11/08/2021 01:47:30 - INFO - __main__ - Evaluating to get errors .... Timecode: 83
11/08/2021 01:47:33 - INFO - __main__ - Before Error Fixing: {'EM': 0.5, 'QA-F1': 0.5776640590446704}
11/08/2021 01:47:33 - INFO - __main__ - Found 32 errors.
11/08/2021 01:47:33 - INFO - __main__ - Start error-fixing .... Timecode: 83
11/08/2021 01:47:47 - INFO - __main__ - Start error-fixing .... Done!
11/08/2021 01:47:49 - INFO - __main__ - Overall: 0.6825409226190476 from scores=[0.5076264880952381, 1.0, 0.8046875, 0.638671875, 0.46171875]
11/08/2021 01:47:49 - INFO - __main__ - --------------------------------------------------
11/08/2021 01:47:49 - INFO - __main__ - Evaluating to get errors .... Timecode: 84
11/08/2021 01:47:52 - INFO - __main__ - Before Error Fixing: {'EM': 0.546875, 'QA-F1': 0.5794146825396825}
11/08/2021 01:47:52 - INFO - __main__ - Found 29 errors.
11/08/2021 01:47:52 - INFO - __main__ - Start error-fixing .... Timecode: 84
11/08/2021 01:48:05 - INFO - __main__ - Start error-fixing .... Done!
11/08/2021 01:48:07 - INFO - __main__ - Overall: 0.6826332720588235 from scores=[0.5080882352941176, 1.0, 0.8046875, 0.638671875, 0.46171875]
11/08/2021 01:48:07 - INFO - __main__ - --------------------------------------------------
11/08/2021 01:48:07 - INFO - __main__ - Evaluating to get errors .... Timecode: 85
11/08/2021 01:48:10 - INFO - __main__ - Before Error Fixing: {'EM': 0.5, 'QA-F1': 0.5613591269841269}
11/08/2021 01:48:10 - INFO - __main__ - Found 32 errors.
11/08/2021 01:48:11 - INFO - __main__ - Start error-fixing .... Timecode: 85
11/08/2021 01:48:25 - INFO - __main__ - Start error-fixing .... Done!
11/08/2021 01:48:27 - INFO - __main__ - Overall: 0.6763644622093024 from scores=[0.5079941860465116, 0.96875, 0.8046875, 0.638671875, 0.46171875]
11/08/2021 01:48:27 - INFO - __main__ - --------------------------------------------------
11/08/2021 01:48:27 - INFO - __main__ - Evaluating to get errors .... Timecode: 86
11/08/2021 01:48:32 - INFO - __main__ - Before Error Fixing: {'EM': 0.46875, 'QA-F1': 0.5419692350332594}
11/08/2021 01:48:32 - INFO - __main__ - Found 34 errors.
11/08/2021 01:48:32 - INFO - __main__ - Start error-fixing .... Timecode: 86
11/08/2021 01:48:49 - INFO - __main__ - Start error-fixing .... Done!
11/08/2021 01:48:52 - INFO - __main__ - Overall: 0.6825242456896552 from scores=[0.5075431034482758, 1.0, 0.8046875, 0.638671875, 0.46171875]
11/08/2021 01:48:52 - INFO - __main__ - --------------------------------------------------
11/08/2021 01:48:52 - INFO - __main__ - Evaluating to get errors .... Timecode: 87
11/08/2021 01:48:57 - INFO - __main__ - Before Error Fixing: {'EM': 0.40625, 'QA-F1': 0.4642419467787115}
11/08/2021 01:48:57 - INFO - __main__ - Found 38 errors.
11/08/2021 01:48:57 - INFO - __main__ - Start error-fixing .... Timecode: 87
11/08/2021 01:49:14 - INFO - __main__ - Start error-fixing .... Done!
11/08/2021 01:49:16 - INFO - __main__ - Overall: 0.6822940340909092 from scores=[0.5063920454545454, 1.0, 0.8046875, 0.638671875, 0.46171875]
11/08/2021 01:49:16 - INFO - __main__ - --------------------------------------------------
11/08/2021 01:49:16 - INFO - __main__ - Evaluating to get errors .... Timecode: 88
11/08/2021 01:49:19 - INFO - __main__ - Before Error Fixing: {'EM': 0.625, 'QA-F1': 0.6604166666666667}
11/08/2021 01:49:19 - INFO - __main__ - Found 24 errors.
11/08/2021 01:49:19 - INFO - __main__ - Start error-fixing .... Timecode: 88
11/08/2021 01:49:30 - INFO - __main__ - Start error-fixing .... Done!
11/08/2021 01:49:31 - INFO - __main__ - Overall: 0.6825605688202248 from scores=[0.5077247191011236, 1.0, 0.8046875, 0.638671875, 0.46171875]
11/08/2021 01:49:31 - INFO - __main__ - --------------------------------------------------
11/08/2021 01:49:31 - INFO - __main__ - Evaluating to get errors .... Timecode: 89
11/08/2021 01:49:36 - INFO - __main__ - Before Error Fixing: {'EM': 0.421875, 'QA-F1': 0.4937263257575758}
11/08/2021 01:49:36 - INFO - __main__ - Found 37 errors.
11/08/2021 01:49:36 - INFO - __main__ - Start error-fixing .... Timecode: 89
11/08/2021 01:49:53 - INFO - __main__ - Start error-fixing .... Done!
11/08/2021 01:49:54 - INFO - __main__ - Overall: 0.6823697916666667 from scores=[0.5067708333333334, 1.0, 0.8046875, 0.638671875, 0.46171875]
11/08/2021 01:49:54 - INFO - __main__ - --------------------------------------------------
11/08/2021 01:49:54 - INFO - __main__ - Start eval_knowledge_retention for UKR @ Timecode=90
11/08/2021 01:50:21 - INFO - __main__ - Upstream Knowledge Retation (UKR@90): 0.6191
11/08/2021 01:50:22 - INFO - __main__ - Start eval_knowledge_retention for OKR @ Timecode=90
11/08/2021 01:50:51 - INFO - __main__ - Online Knowledge Retation (OKR@90): 0.8027
11/08/2021 01:50:51 - INFO - __main__ - Start eval_knowledge_generalization for KG @ Timecode=90
11/08/2021 01:51:54 - INFO - __main__ - Future Knowledge Generalization (KG@90): 0.4602
11/08/2021 01:51:54 - INFO - __main__ - Evaluating to get errors .... Timecode: 90
11/08/2021 01:51:58 - INFO - __main__ - Before Error Fixing: {'EM': 0.578125, 'QA-F1': 0.6678977272727273}
11/08/2021 01:51:58 - INFO - __main__ - Found 27 errors.
11/08/2021 01:51:58 - INFO - __main__ - Start error-fixing .... Timecode: 90
11/08/2021 01:52:10 - INFO - __main__ - Start error-fixing .... Done!
11/08/2021 01:52:12 - INFO - __main__ - Overall: 0.677917239010989 from scores=[0.507554945054945, 1.0, 0.802734375, 0.619140625, 0.46015625]
11/08/2021 01:52:14 - INFO - __main__ - Model saved to experiments/ckpt_dirs/qa/er/QA_simplecl_lr=5e-5_ep=10_T=100,b=64,alpha=0.9,beta=0.5,gamma=0.8/model_ckpt_090.pt.
11/08/2021 01:52:14 - INFO - __main__ - Updated result feule: experiments/results/qa/QA_simplecl_lr=5e-5_ep=10_T=100,b=64,alpha=0.9,beta=0.5,gamma=0.8_result.json at Timecode: 90.
11/08/2021 01:52:14 - INFO - __main__ - --------------------------------------------------
11/08/2021 01:52:14 - INFO - __main__ - Evaluating to get errors .... Timecode: 91
11/08/2021 01:52:17 - INFO - __main__ - Before Error Fixing: {'EM': 0.578125, 'QA-F1': 0.6458581349206349}
11/08/2021 01:52:17 - INFO - __main__ - Found 27 errors.
11/08/2021 01:52:17 - INFO - __main__ - Start error-fixing .... Timecode: 91
11/08/2021 01:52:28 - INFO - __main__ - Start error-fixing .... Done!
11/08/2021 01:52:29 - INFO - __main__ - Overall: 0.678070652173913 from scores=[0.5083220108695652, 1.0, 0.802734375, 0.619140625, 0.46015625]
11/08/2021 01:52:29 - INFO - __main__ - --------------------------------------------------
11/08/2021 01:52:29 - INFO - __main__ - Evaluating to get errors .... Timecode: 92
11/08/2021 01:52:32 - INFO - __main__ - Before Error Fixing: {'EM': 0.5625, 'QA-F1': 0.7023931751727805}
11/08/2021 01:52:32 - INFO - __main__ - Found 28 errors.
11/08/2021 01:52:33 - INFO - __main__ - Start error-fixing .... Timecode: 92
11/08/2021 01:52:43 - INFO - __main__ - Start error-fixing .... Done!
11/08/2021 01:52:45 - INFO - __main__ - Overall: 0.6781871639784945 from scores=[0.5089045698924731, 1.0, 0.802734375, 0.619140625, 0.46015625]
11/08/2021 01:52:45 - INFO - __main__ - --------------------------------------------------
11/08/2021 01:52:45 - INFO - __main__ - Evaluating to get errors .... Timecode: 93
11/08/2021 01:52:49 - INFO - __main__ - Before Error Fixing: {'EM': 0.625, 'QA-F1': 0.7190215349343638}
11/08/2021 01:52:49 - INFO - __main__ - Found 24 errors.
11/08/2021 01:52:49 - INFO - __main__ - Start error-fixing .... Timecode: 93
11/08/2021 01:52:56 - INFO - __main__ - Start error-fixing .... Done!
11/08/2021 01:52:57 - INFO - __main__ - Overall: 0.6784341755319149 from scores=[0.5101396276595744, 1.0, 0.802734375, 0.619140625, 0.46015625]
11/08/2021 01:52:57 - INFO - __main__ - --------------------------------------------------
11/08/2021 01:52:57 - INFO - __main__ - Evaluating to get errors .... Timecode: 94
11/08/2021 01:53:01 - INFO - __main__ - Before Error Fixing: {'EM': 0.609375, 'QA-F1': 0.6261160714285714}
11/08/2021 01:53:01 - INFO - __main__ - Found 25 errors.
11/08/2021 01:53:01 - INFO - __main__ - Start error-fixing .... Timecode: 94
11/08/2021 01:53:12 - INFO - __main__ - Start error-fixing .... Done!
11/08/2021 01:53:14 - INFO - __main__ - Overall: 0.6786430921052631 from scores=[0.5111842105263158, 1.0, 0.802734375, 0.619140625, 0.46015625]
11/08/2021 01:53:14 - INFO - __main__ - --------------------------------------------------
11/08/2021 01:53:14 - INFO - __main__ - Evaluating to get errors .... Timecode: 95
11/08/2021 01:53:18 - INFO - __main__ - Before Error Fixing: {'EM': 0.40625, 'QA-F1': 0.5735391785072513}
11/08/2021 01:53:18 - INFO - __main__ - Found 38 errors.
11/08/2021 01:53:18 - INFO - __main__ - Start error-fixing .... Timecode: 95
11/08/2021 01:53:34 - INFO - __main__ - Start error-fixing .... Done!
11/08/2021 01:53:37 - INFO - __main__ - Overall: 0.6731613212719297 from scores=[0.5100911458333333, 0.9736842105263158, 0.802734375, 0.619140625, 0.46015625]
11/08/2021 01:53:37 - INFO - __main__ - --------------------------------------------------
11/08/2021 01:53:37 - INFO - __main__ - Evaluating to get errors .... Timecode: 96
11/08/2021 01:53:42 - INFO - __main__ - Before Error Fixing: {'EM': 0.453125, 'QA-F1': 0.6097166186375282}
11/08/2021 01:53:42 - INFO - __main__ - Found 35 errors.
11/08/2021 01:53:42 - INFO - __main__ - Start error-fixing .... Timecode: 96
11/08/2021 01:53:58 - INFO - __main__ - Start error-fixing .... Done!
11/08/2021 01:54:00 - INFO - __main__ - Overall: 0.6783070231958763 from scores=[0.5095038659793815, 1.0, 0.802734375, 0.619140625, 0.46015625]
11/08/2021 01:54:00 - INFO - __main__ - --------------------------------------------------
11/08/2021 01:54:00 - INFO - __main__ - Evaluating to get errors .... Timecode: 97
11/08/2021 01:54:04 - INFO - __main__ - Before Error Fixing: {'EM': 0.484375, 'QA-F1': 0.5924728665888205}
11/08/2021 01:54:04 - INFO - __main__ - Found 33 errors.
11/08/2021 01:54:04 - INFO - __main__ - Start error-fixing .... Timecode: 97
11/08/2021 01:54:18 - INFO - __main__ - Start error-fixing .... Done!
11/08/2021 01:54:21 - INFO - __main__ - Overall: 0.6721951337353123 from scores=[0.5092474489795918, 0.9696969696969697, 0.802734375, 0.619140625, 0.46015625]
11/08/2021 01:54:21 - INFO - __main__ - --------------------------------------------------
11/08/2021 01:54:21 - INFO - __main__ - Evaluating to get errors .... Timecode: 98
11/08/2021 01:54:24 - INFO - __main__ - Before Error Fixing: {'EM': 0.59375, 'QA-F1': 0.664453125}
11/08/2021 01:54:24 - INFO - __main__ - Found 26 errors.
11/08/2021 01:54:24 - INFO - __main__ - Start error-fixing .... Timecode: 98
11/08/2021 01:54:36 - INFO - __main__ - Start error-fixing .... Done!
11/08/2021 01:54:37 - INFO - __main__ - Overall: 0.678426452020202 from scores=[0.5101010101010102, 1.0, 0.802734375, 0.619140625, 0.46015625]
11/08/2021 01:54:37 - INFO - __main__ - --------------------------------------------------
11/08/2021 01:54:37 - INFO - __main__ - Start eval_knowledge_retention for UKR @ Timecode=99
11/08/2021 01:55:05 - INFO - __main__ - Upstream Knowledge Retation (UKR@99): 0.6387
11/08/2021 01:55:06 - INFO - __main__ - Start eval_knowledge_retention for OKR @ Timecode=99
11/08/2021 01:55:36 - INFO - __main__ - Online Knowledge Retation (OKR@99): 0.8223
11/08/2021 01:55:36 - INFO - __main__ - Start eval_knowledge_generalization for KG @ Timecode=99
11/08/2021 01:56:40 - INFO - __main__ - Future Knowledge Generalization (KG@99): 0.5008
11/08/2021 01:56:40 - INFO - __main__ - Evaluating to get errors .... Timecode: 99
11/08/2021 01:56:43 - INFO - __main__ - Before Error Fixing: {'EM': 0.609375, 'QA-F1': 0.6748263888888889}
11/08/2021 01:56:43 - INFO - __main__ - Found 25 errors.
11/08/2021 01:56:43 - INFO - __main__ - Start error-fixing .... Timecode: 99
11/08/2021 01:56:56 - INFO - __main__ - Start error-fixing .... Done!
11/08/2021 01:56:57 - INFO - __main__ - Overall: 0.6865625 from scores=[0.51109375, 0.96, 0.822265625, 0.638671875, 0.50078125]
11/08/2021 01:56:57 - INFO - __main__ - --------------------------------------------------
11/08/2021 01:56:57 - INFO - __main__ - Start the final evaluation.
11/08/2021 01:56:57 - INFO - __main__ - Nothing here.
11/08/2021 01:56:59 - INFO - __main__ - Model saved to experiments/ckpt_dirs/qa/er/QA_simplecl_lr=5e-5_ep=10_T=100,b=64,alpha=0.9,beta=0.5,gamma=0.8/model_ckpt_100.pt.
11/08/2021 01:56:59 - INFO - __main__ - Updated result feule: experiments/results/qa/QA_simplecl_lr=5e-5_ep=10_T=100,b=64,alpha=0.9,beta=0.5,gamma=0.8_result.json at Timecode: 100.
11/08/2021 01:56:59 - INFO - __main__ - Finished. Results saved to experiments/results/qa/QA_simplecl_lr=5e-5_ep=10_T=100,b=64,alpha=0.9,beta=0.5,gamma=0.8_result.json

