09/23/2021 12:06:49 - INFO - __main__ - Namespace(adam_epsilon=1e-08, adapter_dim=32, append_another_bos=1, base_model_path='out/mrqa_naturalquestions_bart-base_0617v4/best-model.pt', base_model_type='facebook/bart-base', bug_stream_json_path='bug_data/mrqa_naturalquestions_dev.static_bug_stream.json', cl_method_name='simple_cl', current_thread_id=None, data_stream_json_path='exp_results/data_streams/mrqa.mixed.data_stream.test.json', do_lowercase=False, ewc_gamma=1, ewc_lambda=0.5, example_encoder_name='roberta-base', freeze_embeds=False, gradient_accumulation_steps=1, inference_query_size=1, learning_rate=3e-05, local_adapt_lr=1e-05, max_grad_norm=0.1, max_input_length=888, max_output_length=50, max_timecode=100, memory_key_cache_path='bug_data/memory_key_cache.pkl', memory_key_encoder='facebook/bart-base', memory_path='', memory_store_rate=1.0, mir_debug_largestloss=False, mir_debug_reverse=False, num_adapt_epochs=1, num_beams=4, num_threads_eval=0, num_train_epochs=5.0, overtime_ckpt_dir='exp_results/dynamic_stream/memory_based/ckpt_dir/0922_MixedAllError_T=50_simplecl_seed=1213_ckpts/', pass_pool_jsonl_path='exp_results/data_streams/mrqa.mixed.hidden_passes.jsonl', path_to_thread_result=None, predict_batch_size=16, prefix='0922_MixedAllError_T=50_simplecl_seed=1213', replay_candidate_size=8, replay_frequency=1, replay_size=8, replay_stream_json_path='', result_file='exp_results/dynamic_stream/memory_based/results/0922_MixedAllError_T=50_simplecl_seed=1213_result.json', sampled_upstream_json_path='data/mrqa_naturalquestions/mrqa_naturalquestions_train.jsonl', save_all_ckpts=1, seed=1213, stream_mode='dynamic', task_emb_dim=768, task_name='mrqa_naturalquestions', train_batch_size=8, use_replay_mix=False, use_sampled_upstream=False, weight_decay=0.01)
09/23/2021 12:06:50 - INFO - transformers.tokenization_utils - loading file https://s3.amazonaws.com/models.huggingface.co/bert/roberta-large-vocab.json from cache at /private/home/yuchenlin/.cache/torch/transformers/1ae1f5b6e2b22b25ccc04c000bb79ca847aa226d0761536b011cf7e5868f0655.ef00af9e673c7160b4d41cfda1f48c5f4cba57d5142754525572a846a1ab1b9b
09/23/2021 12:06:50 - INFO - transformers.tokenization_utils - loading file https://s3.amazonaws.com/models.huggingface.co/bert/roberta-large-merges.txt from cache at /private/home/yuchenlin/.cache/torch/transformers/f8f83199a6270d582d6245dc100e99c4155de81c9745c6248077018fe01abcfb.70bec105b4158ed9a1747fea67a43f5dee97855c64d62b6ec3742f4cfdb5feda
09/23/2021 12:07:00 - INFO - __main__ - Not creating the replay-stream for evaluation.
09/23/2021 12:07:03 - INFO - __main__ - Loading checkpoint from out/mrqa_naturalquestions_bart-base_0617v4/best-model.pt for facebook/bart-base .....
09/23/2021 12:07:07 - INFO - transformers.configuration_utils - loading configuration file https://s3.amazonaws.com/models.huggingface.co/bert/facebook/bart-base/config.json from cache at /private/home/yuchenlin/.cache/torch/transformers/09f4fcaeaf785dd3b97b085d6e3510c7081f586ec8e75981683c6299c0f81d9d.e8d516ad807436d395effad8c2326786872659b7dd1210827ac67c761198a0eb
09/23/2021 12:07:07 - INFO - transformers.configuration_utils - Model config BartConfig {
  "activation_dropout": 0.1,
  "activation_function": "gelu",
  "add_bias_logits": false,
  "add_final_layer_norm": false,
  "architectures": [
    "BartModel",
    "BartForConditionalGeneration",
    "BartForSequenceClassification"
  ],
  "attention_dropout": 0.1,
  "bos_token_id": 0,
  "classif_dropout": 0.0,
  "d_model": 768,
  "decoder_attention_heads": 12,
  "decoder_ffn_dim": 3072,
  "decoder_layerdrop": 0.0,
  "decoder_layers": 6,
  "decoder_start_token_id": 2,
  "dropout": 0.1,
  "early_stopping": true,
  "encoder_attention_heads": 12,
  "encoder_ffn_dim": 3072,
  "encoder_layerdrop": 0.0,
  "encoder_layers": 6,
  "eos_token_id": 2,
  "id2label": {
    "0": "LABEL_0",
    "1": "LABEL_1",
    "2": "LABEL_2"
  },
  "init_std": 0.02,
  "is_encoder_decoder": true,
  "label2id": {
    "LABEL_0": 0,
    "LABEL_1": 1,
    "LABEL_2": 2
  },
  "max_position_embeddings": 1024,
  "model_type": "bart",
  "no_repeat_ngram_size": 3,
  "normalize_before": false,
  "normalize_embedding": true,
  "num_beams": 4,
  "num_hidden_layers": 6,
  "pad_token_id": 1,
  "scale_embedding": false,
  "static_position_embeddings": false,
  "task_specific_params": {
    "summarization": {
      "length_penalty": 1.0,
      "max_length": 128,
      "min_length": 12,
      "num_beams": 4
    },
    "summarization_cnn": {
      "length_penalty": 2.0,
      "max_length": 142,
      "min_length": 56,
      "num_beams": 4
    },
    "summarization_xsum": {
      "length_penalty": 1.0,
      "max_length": 62,
      "min_length": 11,
      "num_beams": 6
    }
  },
  "vocab_size": 50265
}

09/23/2021 12:07:07 - INFO - transformers.modeling_utils - loading weights file https://cdn.huggingface.co/facebook/bart-base/pytorch_model.bin from cache at /private/home/yuchenlin/.cache/torch/transformers/566c05fb6983817e8ad7a4fa51e3099fe9caa3b31730f964bc5198d71c677523.0a3d95c18c1e434448941bc25accea7b122882be6526fb67c8e8fb6d5ebc711c
09/23/2021 12:07:12 - INFO - __main__ - Loading checkpoint from out/mrqa_naturalquestions_bart-base_0617v4/best-model.pt for facebook/bart-base ..... Done!
09/23/2021 12:07:17 - INFO - __main__ - Moving to the GPUs.
09/23/2021 12:07:17 - INFO - __main__ - Debugger Setup ......
09/23/2021 12:07:17 - INFO - __main__ - debugger_args: Namespace(adam_epsilon=1e-08, gradient_accumulation_steps=1, learning_rate=3e-05, max_grad_norm=0.1, num_epochs=5.0, overtime_ckpt_dir='exp_results/dynamic_stream/memory_based/ckpt_dir/0922_MixedAllError_T=50_simplecl_seed=1213_ckpts/', save_all_ckpts=1, total_steps=10000, warmup_steps=0, weight_decay=0.01) ......
09/23/2021 12:07:17 - INFO - __main__ - Debugger Setup ...... Done!
09/23/2021 12:07:17 - INFO - __main__ - Start Online Debugging with Dynamic Error Mode
09/23/2021 12:07:17 - INFO - __main__ - Number of Batches of Data: 100
09/23/2021 12:07:17 - INFO - __main__ - Data Batch Size: 32;
09/23/2021 12:07:21 - INFO - __main__ - Model saved to exp_results/dynamic_stream/memory_based/ckpt_dir/0922_MixedAllError_T=50_simplecl_seed=1213_ckpts/model_ckpt_000.pt.
09/23/2021 12:07:21 - INFO - __main__ - Not doing replay-based eval.
09/23/2021 12:07:21 - INFO - __main__ - Evaluating to get errors .... Timecode: 0
09/23/2021 12:07:25 - INFO - __main__ - Before Error Fixing: 0.0
09/23/2021 12:07:25 - INFO - __main__ - Found 32 errors.
09/23/2021 12:07:25 - INFO - __main__ - Start bug-fixing .... Timecode: 0
09/23/2021 12:07:32 - INFO - __main__ - Start bug-fixing .... Done!
09/23/2021 12:07:32 - INFO - __main__ - Evaluating again to analyze the performance .... Timecode: 0
09/23/2021 12:07:35 - INFO - __main__ - After Error Fixing: 0.9375
09/23/2021 12:07:35 - INFO - __main__ - Instant Fixing Rate: 0.9375
09/23/2021 12:07:35 - INFO - __main__ - Instant Retention Rate: 0.0
09/23/2021 12:07:38 - INFO - __main__ - Model saved to exp_results/dynamic_stream/memory_based/ckpt_dir/0922_MixedAllError_T=50_simplecl_seed=1213_ckpts/model_ckpt_001.pt.
09/23/2021 12:07:38 - INFO - __main__ - Not doing replay-based eval.
09/23/2021 12:07:38 - INFO - __main__ - Evaluating to get errors .... Timecode: 1
09/23/2021 12:07:42 - INFO - __main__ - Before Error Fixing: 0.125
09/23/2021 12:07:42 - INFO - __main__ - Found 28 errors.
09/23/2021 12:07:42 - INFO - __main__ - Start bug-fixing .... Timecode: 1
09/23/2021 12:07:48 - INFO - __main__ - Start bug-fixing .... Done!
09/23/2021 12:07:48 - INFO - __main__ - Evaluating again to analyze the performance .... Timecode: 1
09/23/2021 12:07:52 - INFO - __main__ - After Error Fixing: 0.78125
09/23/2021 12:07:52 - INFO - __main__ - Instant Fixing Rate: 0.7857142857142857
09/23/2021 12:07:52 - INFO - __main__ - Instant Retention Rate: 0.7499999981250001
09/23/2021 12:07:54 - INFO - __main__ - Model saved to exp_results/dynamic_stream/memory_based/ckpt_dir/0922_MixedAllError_T=50_simplecl_seed=1213_ckpts/model_ckpt_002.pt.
09/23/2021 12:07:54 - INFO - __main__ - Not doing replay-based eval.
09/23/2021 12:07:54 - INFO - __main__ - Evaluating to get errors .... Timecode: 2
09/23/2021 12:07:56 - INFO - __main__ - Before Error Fixing: 0.09375
09/23/2021 12:07:56 - INFO - __main__ - Found 29 errors.
09/23/2021 12:07:56 - INFO - __main__ - Start bug-fixing .... Timecode: 2
09/23/2021 12:08:03 - INFO - __main__ - Start bug-fixing .... Done!
09/23/2021 12:08:03 - INFO - __main__ - Evaluating again to analyze the performance .... Timecode: 2
09/23/2021 12:08:06 - INFO - __main__ - After Error Fixing: 0.875
09/23/2021 12:08:06 - INFO - __main__ - Instant Fixing Rate: 0.9310344827586207
09/23/2021 12:08:06 - INFO - __main__ - Instant Retention Rate: 0.3333333322222222
09/23/2021 12:08:09 - INFO - __main__ - Model saved to exp_results/dynamic_stream/memory_based/ckpt_dir/0922_MixedAllError_T=50_simplecl_seed=1213_ckpts/model_ckpt_003.pt.
09/23/2021 12:08:09 - INFO - __main__ - Not doing replay-based eval.
09/23/2021 12:08:09 - INFO - __main__ - Evaluating to get errors .... Timecode: 3
09/23/2021 12:08:12 - INFO - __main__ - Before Error Fixing: 0.0625
09/23/2021 12:08:12 - INFO - __main__ - Found 30 errors.
09/23/2021 12:08:13 - INFO - __main__ - Start bug-fixing .... Timecode: 3
09/23/2021 12:08:19 - INFO - __main__ - Start bug-fixing .... Done!
09/23/2021 12:08:19 - INFO - __main__ - Evaluating again to analyze the performance .... Timecode: 3
09/23/2021 12:08:23 - INFO - __main__ - After Error Fixing: 0.84375
09/23/2021 12:08:23 - INFO - __main__ - Instant Fixing Rate: 0.8333333333333334
09/23/2021 12:08:23 - INFO - __main__ - Instant Retention Rate: 0.999999995
09/23/2021 12:08:25 - INFO - __main__ - Model saved to exp_results/dynamic_stream/memory_based/ckpt_dir/0922_MixedAllError_T=50_simplecl_seed=1213_ckpts/model_ckpt_004.pt.
09/23/2021 12:08:25 - INFO - __main__ - Not doing replay-based eval.
09/23/2021 12:08:25 - INFO - __main__ - Evaluating to get errors .... Timecode: 4
09/23/2021 12:08:29 - INFO - __main__ - Before Error Fixing: 0.25
09/23/2021 12:08:29 - INFO - __main__ - Found 24 errors.
09/23/2021 12:08:29 - INFO - __main__ - Start bug-fixing .... Timecode: 4
09/23/2021 12:08:34 - INFO - __main__ - Start bug-fixing .... Done!
09/23/2021 12:08:34 - INFO - __main__ - Evaluating again to analyze the performance .... Timecode: 4
09/23/2021 12:08:37 - INFO - __main__ - After Error Fixing: 0.875
09/23/2021 12:08:37 - INFO - __main__ - Instant Fixing Rate: 0.875
09/23/2021 12:08:37 - INFO - __main__ - Instant Retention Rate: 0.8749999989062499
09/23/2021 12:08:39 - INFO - __main__ - Model saved to exp_results/dynamic_stream/memory_based/ckpt_dir/0922_MixedAllError_T=50_simplecl_seed=1213_ckpts/model_ckpt_005.pt.
09/23/2021 12:08:39 - INFO - __main__ - Not doing replay-based eval.
09/23/2021 12:08:39 - INFO - __main__ - Evaluating to get errors .... Timecode: 5
09/23/2021 12:08:42 - INFO - __main__ - Before Error Fixing: 0.125
09/23/2021 12:08:42 - INFO - __main__ - Found 28 errors.
09/23/2021 12:08:42 - INFO - __main__ - Start bug-fixing .... Timecode: 5
09/23/2021 12:08:48 - INFO - __main__ - Start bug-fixing .... Done!
09/23/2021 12:08:48 - INFO - __main__ - Evaluating again to analyze the performance .... Timecode: 5
09/23/2021 12:08:51 - INFO - __main__ - After Error Fixing: 0.875
09/23/2021 12:08:51 - INFO - __main__ - Instant Fixing Rate: 0.8928571428571429
09/23/2021 12:08:51 - INFO - __main__ - Instant Retention Rate: 0.7499999981250001
09/23/2021 12:08:53 - INFO - __main__ - Model saved to exp_results/dynamic_stream/memory_based/ckpt_dir/0922_MixedAllError_T=50_simplecl_seed=1213_ckpts/model_ckpt_006.pt.
09/23/2021 12:08:53 - INFO - __main__ - Not doing replay-based eval.
09/23/2021 12:08:53 - INFO - __main__ - Evaluating to get errors .... Timecode: 6
09/23/2021 12:08:56 - INFO - __main__ - Before Error Fixing: 0.0625
09/23/2021 12:08:56 - INFO - __main__ - Found 30 errors.
09/23/2021 12:08:56 - INFO - __main__ - Start bug-fixing .... Timecode: 6
09/23/2021 12:09:02 - INFO - __main__ - Start bug-fixing .... Done!
09/23/2021 12:09:02 - INFO - __main__ - Evaluating again to analyze the performance .... Timecode: 6
09/23/2021 12:09:06 - INFO - __main__ - After Error Fixing: 0.8125
09/23/2021 12:09:06 - INFO - __main__ - Instant Fixing Rate: 0.8333333333333334
09/23/2021 12:09:06 - INFO - __main__ - Instant Retention Rate: 0.4999999975
09/23/2021 12:09:08 - INFO - __main__ - Model saved to exp_results/dynamic_stream/memory_based/ckpt_dir/0922_MixedAllError_T=50_simplecl_seed=1213_ckpts/model_ckpt_007.pt.
09/23/2021 12:09:08 - INFO - __main__ - Not doing replay-based eval.
09/23/2021 12:09:08 - INFO - __main__ - Evaluating to get errors .... Timecode: 7
09/23/2021 12:09:11 - INFO - __main__ - Before Error Fixing: 0.1875
09/23/2021 12:09:11 - INFO - __main__ - Found 26 errors.
09/23/2021 12:09:11 - INFO - __main__ - Start bug-fixing .... Timecode: 7
09/23/2021 12:09:16 - INFO - __main__ - Start bug-fixing .... Done!
09/23/2021 12:09:16 - INFO - __main__ - Evaluating again to analyze the performance .... Timecode: 7
09/23/2021 12:09:20 - INFO - __main__ - After Error Fixing: 0.96875
09/23/2021 12:09:20 - INFO - __main__ - Instant Fixing Rate: 0.9615384615384616
09/23/2021 12:09:20 - INFO - __main__ - Instant Retention Rate: 0.9999999983333333
09/23/2021 12:09:22 - INFO - __main__ - Model saved to exp_results/dynamic_stream/memory_based/ckpt_dir/0922_MixedAllError_T=50_simplecl_seed=1213_ckpts/model_ckpt_008.pt.
09/23/2021 12:09:22 - INFO - __main__ - Not doing replay-based eval.
09/23/2021 12:09:22 - INFO - __main__ - Evaluating to get errors .... Timecode: 8
09/23/2021 12:09:26 - INFO - __main__ - Before Error Fixing: 0.1875
09/23/2021 12:09:26 - INFO - __main__ - Found 26 errors.
09/23/2021 12:09:26 - INFO - __main__ - Start bug-fixing .... Timecode: 8
09/23/2021 12:09:31 - INFO - __main__ - Start bug-fixing .... Done!
09/23/2021 12:09:31 - INFO - __main__ - Evaluating again to analyze the performance .... Timecode: 8
09/23/2021 12:09:34 - INFO - __main__ - After Error Fixing: 0.84375
09/23/2021 12:09:34 - INFO - __main__ - Instant Fixing Rate: 0.8461538461538461
09/23/2021 12:09:34 - INFO - __main__ - Instant Retention Rate: 0.8333333319444445
09/23/2021 12:09:36 - INFO - __main__ - Model saved to exp_results/dynamic_stream/memory_based/ckpt_dir/0922_MixedAllError_T=50_simplecl_seed=1213_ckpts/model_ckpt_009.pt.
09/23/2021 12:09:37 - INFO - __main__ - Not doing replay-based eval.
09/23/2021 12:09:37 - INFO - __main__ - Evaluating to get errors .... Timecode: 9
09/23/2021 12:09:40 - INFO - __main__ - Before Error Fixing: 0.25
09/23/2021 12:09:40 - INFO - __main__ - Found 24 errors.
09/23/2021 12:09:40 - INFO - __main__ - Start bug-fixing .... Timecode: 9
09/23/2021 12:09:45 - INFO - __main__ - Start bug-fixing .... Done!
09/23/2021 12:09:45 - INFO - __main__ - Evaluating again to analyze the performance .... Timecode: 9
09/23/2021 12:09:49 - INFO - __main__ - After Error Fixing: 0.8125
09/23/2021 12:09:49 - INFO - __main__ - Instant Fixing Rate: 0.8333333333333334
09/23/2021 12:09:49 - INFO - __main__ - Instant Retention Rate: 0.7499999990624999
09/23/2021 12:09:51 - INFO - __main__ - Model saved to exp_results/dynamic_stream/memory_based/ckpt_dir/0922_MixedAllError_T=50_simplecl_seed=1213_ckpts/model_ckpt_010.pt.
09/23/2021 12:09:51 - INFO - __main__ - Not doing replay-based eval.
09/23/2021 12:09:51 - INFO - __main__ - Evaluating to get errors .... Timecode: 10
09/23/2021 12:09:54 - INFO - __main__ - Before Error Fixing: 0.09375
09/23/2021 12:09:54 - INFO - __main__ - Found 29 errors.
09/23/2021 12:09:54 - INFO - __main__ - Start bug-fixing .... Timecode: 10
09/23/2021 12:10:01 - INFO - __main__ - Start bug-fixing .... Done!
09/23/2021 12:10:01 - INFO - __main__ - Evaluating again to analyze the performance .... Timecode: 10
09/23/2021 12:10:04 - INFO - __main__ - After Error Fixing: 0.84375
09/23/2021 12:10:04 - INFO - __main__ - Instant Fixing Rate: 0.8275862068965517
09/23/2021 12:10:04 - INFO - __main__ - Instant Retention Rate: 0.9999999966666667
09/23/2021 12:10:06 - INFO - __main__ - Model saved to exp_results/dynamic_stream/memory_based/ckpt_dir/0922_MixedAllError_T=50_simplecl_seed=1213_ckpts/model_ckpt_011.pt.
09/23/2021 12:10:06 - INFO - __main__ - Not doing replay-based eval.
09/23/2021 12:10:06 - INFO - __main__ - Evaluating to get errors .... Timecode: 11
09/23/2021 12:10:09 - INFO - __main__ - Before Error Fixing: 0.125
09/23/2021 12:10:09 - INFO - __main__ - Found 28 errors.
09/23/2021 12:10:09 - INFO - __main__ - Start bug-fixing .... Timecode: 11
09/23/2021 12:10:15 - INFO - __main__ - Start bug-fixing .... Done!
09/23/2021 12:10:15 - INFO - __main__ - Evaluating again to analyze the performance .... Timecode: 11
09/23/2021 12:10:18 - INFO - __main__ - After Error Fixing: 0.8125
09/23/2021 12:10:18 - INFO - __main__ - Instant Fixing Rate: 0.8214285714285714
09/23/2021 12:10:18 - INFO - __main__ - Instant Retention Rate: 0.7499999981250001
09/23/2021 12:10:20 - INFO - __main__ - Model saved to exp_results/dynamic_stream/memory_based/ckpt_dir/0922_MixedAllError_T=50_simplecl_seed=1213_ckpts/model_ckpt_012.pt.
09/23/2021 12:10:20 - INFO - __main__ - Not doing replay-based eval.
09/23/2021 12:10:20 - INFO - __main__ - Evaluating to get errors .... Timecode: 12
09/23/2021 12:10:24 - INFO - __main__ - Before Error Fixing: 0.125
09/23/2021 12:10:24 - INFO - __main__ - Found 28 errors.
09/23/2021 12:10:24 - INFO - __main__ - Start bug-fixing .... Timecode: 12
09/23/2021 12:10:30 - INFO - __main__ - Start bug-fixing .... Done!
09/23/2021 12:10:30 - INFO - __main__ - Evaluating again to analyze the performance .... Timecode: 12
09/23/2021 12:10:34 - INFO - __main__ - After Error Fixing: 0.9375
09/23/2021 12:10:34 - INFO - __main__ - Instant Fixing Rate: 0.9642857142857143
09/23/2021 12:10:34 - INFO - __main__ - Instant Retention Rate: 0.7499999981250001
09/23/2021 12:10:36 - INFO - __main__ - Model saved to exp_results/dynamic_stream/memory_based/ckpt_dir/0922_MixedAllError_T=50_simplecl_seed=1213_ckpts/model_ckpt_013.pt.
09/23/2021 12:10:36 - INFO - __main__ - Not doing replay-based eval.
09/23/2021 12:10:36 - INFO - __main__ - Evaluating to get errors .... Timecode: 13
09/23/2021 12:10:40 - INFO - __main__ - Before Error Fixing: 0.15625
09/23/2021 12:10:40 - INFO - __main__ - Found 27 errors.
09/23/2021 12:10:40 - INFO - __main__ - Start bug-fixing .... Timecode: 13
09/23/2021 12:10:46 - INFO - __main__ - Start bug-fixing .... Done!
09/23/2021 12:10:46 - INFO - __main__ - Evaluating again to analyze the performance .... Timecode: 13
09/23/2021 12:10:49 - INFO - __main__ - After Error Fixing: 0.8125
09/23/2021 12:10:49 - INFO - __main__ - Instant Fixing Rate: 0.8148148148148148
09/23/2021 12:10:49 - INFO - __main__ - Instant Retention Rate: 0.7999999984
09/23/2021 12:10:51 - INFO - __main__ - Model saved to exp_results/dynamic_stream/memory_based/ckpt_dir/0922_MixedAllError_T=50_simplecl_seed=1213_ckpts/model_ckpt_014.pt.
09/23/2021 12:10:51 - INFO - __main__ - Not doing replay-based eval.
09/23/2021 12:10:51 - INFO - __main__ - Evaluating to get errors .... Timecode: 14
09/23/2021 12:10:54 - INFO - __main__ - Before Error Fixing: 0.0
09/23/2021 12:10:54 - INFO - __main__ - Found 32 errors.
09/23/2021 12:10:54 - INFO - __main__ - Start bug-fixing .... Timecode: 14
09/23/2021 12:11:01 - INFO - __main__ - Start bug-fixing .... Done!
09/23/2021 12:11:01 - INFO - __main__ - Evaluating again to analyze the performance .... Timecode: 14
09/23/2021 12:11:04 - INFO - __main__ - After Error Fixing: 0.90625
09/23/2021 12:11:04 - INFO - __main__ - Instant Fixing Rate: 0.90625
09/23/2021 12:11:04 - INFO - __main__ - Instant Retention Rate: 0.0
09/23/2021 12:11:06 - INFO - __main__ - Model saved to exp_results/dynamic_stream/memory_based/ckpt_dir/0922_MixedAllError_T=50_simplecl_seed=1213_ckpts/model_ckpt_015.pt.
09/23/2021 12:11:06 - INFO - __main__ - Not doing replay-based eval.
09/23/2021 12:11:06 - INFO - __main__ - Evaluating to get errors .... Timecode: 15
09/23/2021 12:11:09 - INFO - __main__ - Before Error Fixing: 0.125
09/23/2021 12:11:09 - INFO - __main__ - Found 28 errors.
09/23/2021 12:11:09 - INFO - __main__ - Start bug-fixing .... Timecode: 15
09/23/2021 12:11:15 - INFO - __main__ - Start bug-fixing .... Done!
09/23/2021 12:11:15 - INFO - __main__ - Evaluating again to analyze the performance .... Timecode: 15
09/23/2021 12:11:17 - INFO - __main__ - After Error Fixing: 0.9375
09/23/2021 12:11:17 - INFO - __main__ - Instant Fixing Rate: 0.9642857142857143
09/23/2021 12:11:17 - INFO - __main__ - Instant Retention Rate: 0.7499999981250001
09/23/2021 12:11:20 - INFO - __main__ - Model saved to exp_results/dynamic_stream/memory_based/ckpt_dir/0922_MixedAllError_T=50_simplecl_seed=1213_ckpts/model_ckpt_016.pt.
09/23/2021 12:11:20 - INFO - __main__ - Not doing replay-based eval.
09/23/2021 12:11:20 - INFO - __main__ - Evaluating to get errors .... Timecode: 16
09/23/2021 12:11:23 - INFO - __main__ - Before Error Fixing: 0.0625
09/23/2021 12:11:23 - INFO - __main__ - Found 30 errors.
09/23/2021 12:11:23 - INFO - __main__ - Start bug-fixing .... Timecode: 16
09/23/2021 12:11:30 - INFO - __main__ - Start bug-fixing .... Done!
09/23/2021 12:11:30 - INFO - __main__ - Evaluating again to analyze the performance .... Timecode: 16
09/23/2021 12:11:34 - INFO - __main__ - After Error Fixing: 0.75
09/23/2021 12:11:34 - INFO - __main__ - Instant Fixing Rate: 0.7666666666666667
09/23/2021 12:11:34 - INFO - __main__ - Instant Retention Rate: 0.4999999975
09/23/2021 12:11:36 - INFO - __main__ - Model saved to exp_results/dynamic_stream/memory_based/ckpt_dir/0922_MixedAllError_T=50_simplecl_seed=1213_ckpts/model_ckpt_017.pt.
09/23/2021 12:11:36 - INFO - __main__ - Not doing replay-based eval.
09/23/2021 12:11:36 - INFO - __main__ - Evaluating to get errors .... Timecode: 17
09/23/2021 12:11:40 - INFO - __main__ - Before Error Fixing: 0.15625
09/23/2021 12:11:40 - INFO - __main__ - Found 27 errors.
09/23/2021 12:11:40 - INFO - __main__ - Start bug-fixing .... Timecode: 17
09/23/2021 12:11:45 - INFO - __main__ - Start bug-fixing .... Done!
09/23/2021 12:11:45 - INFO - __main__ - Evaluating again to analyze the performance .... Timecode: 17
09/23/2021 12:11:49 - INFO - __main__ - After Error Fixing: 0.75
09/23/2021 12:11:49 - INFO - __main__ - Instant Fixing Rate: 0.8148148148148148
09/23/2021 12:11:49 - INFO - __main__ - Instant Retention Rate: 0.3999999992
09/23/2021 12:11:51 - INFO - __main__ - Model saved to exp_results/dynamic_stream/memory_based/ckpt_dir/0922_MixedAllError_T=50_simplecl_seed=1213_ckpts/model_ckpt_018.pt.
09/23/2021 12:11:51 - INFO - __main__ - Not doing replay-based eval.
09/23/2021 12:11:51 - INFO - __main__ - Evaluating to get errors .... Timecode: 18
09/23/2021 12:11:55 - INFO - __main__ - Before Error Fixing: 0.15625
09/23/2021 12:11:55 - INFO - __main__ - Found 27 errors.
09/23/2021 12:11:55 - INFO - __main__ - Start bug-fixing .... Timecode: 18
09/23/2021 12:12:00 - INFO - __main__ - Start bug-fixing .... Done!
09/23/2021 12:12:00 - INFO - __main__ - Evaluating again to analyze the performance .... Timecode: 18
09/23/2021 12:12:03 - INFO - __main__ - After Error Fixing: 0.90625
09/23/2021 12:12:03 - INFO - __main__ - Instant Fixing Rate: 0.9259259259259259
09/23/2021 12:12:03 - INFO - __main__ - Instant Retention Rate: 0.7999999984
09/23/2021 12:12:05 - INFO - __main__ - Model saved to exp_results/dynamic_stream/memory_based/ckpt_dir/0922_MixedAllError_T=50_simplecl_seed=1213_ckpts/model_ckpt_019.pt.
09/23/2021 12:12:06 - INFO - __main__ - Not doing replay-based eval.
09/23/2021 12:12:06 - INFO - __main__ - Evaluating to get errors .... Timecode: 19
09/23/2021 12:12:08 - INFO - __main__ - Before Error Fixing: 0.15625
09/23/2021 12:12:08 - INFO - __main__ - Found 27 errors.
09/23/2021 12:12:08 - INFO - __main__ - Start bug-fixing .... Timecode: 19
09/23/2021 12:12:14 - INFO - __main__ - Start bug-fixing .... Done!
09/23/2021 12:12:14 - INFO - __main__ - Evaluating again to analyze the performance .... Timecode: 19
09/23/2021 12:12:17 - INFO - __main__ - After Error Fixing: 0.9375
09/23/2021 12:12:17 - INFO - __main__ - Instant Fixing Rate: 0.9629629629629629
09/23/2021 12:12:17 - INFO - __main__ - Instant Retention Rate: 0.7999999984
09/23/2021 12:12:19 - INFO - __main__ - Model saved to exp_results/dynamic_stream/memory_based/ckpt_dir/0922_MixedAllError_T=50_simplecl_seed=1213_ckpts/model_ckpt_020.pt.
09/23/2021 12:12:19 - INFO - __main__ - Not doing replay-based eval.
09/23/2021 12:12:19 - INFO - __main__ - Evaluating to get errors .... Timecode: 20
09/23/2021 12:12:22 - INFO - __main__ - Before Error Fixing: 0.09375
09/23/2021 12:12:22 - INFO - __main__ - Found 29 errors.
09/23/2021 12:12:22 - INFO - __main__ - Start bug-fixing .... Timecode: 20
09/23/2021 12:12:28 - INFO - __main__ - Start bug-fixing .... Done!
09/23/2021 12:12:28 - INFO - __main__ - Evaluating again to analyze the performance .... Timecode: 20
09/23/2021 12:12:32 - INFO - __main__ - After Error Fixing: 0.84375
09/23/2021 12:12:32 - INFO - __main__ - Instant Fixing Rate: 0.8275862068965517
09/23/2021 12:12:32 - INFO - __main__ - Instant Retention Rate: 0.9999999966666667
09/23/2021 12:12:34 - INFO - __main__ - Model saved to exp_results/dynamic_stream/memory_based/ckpt_dir/0922_MixedAllError_T=50_simplecl_seed=1213_ckpts/model_ckpt_021.pt.
09/23/2021 12:12:34 - INFO - __main__ - Not doing replay-based eval.
09/23/2021 12:12:34 - INFO - __main__ - Evaluating to get errors .... Timecode: 21
09/23/2021 12:12:38 - INFO - __main__ - Before Error Fixing: 0.125
09/23/2021 12:12:38 - INFO - __main__ - Found 28 errors.
09/23/2021 12:12:38 - INFO - __main__ - Start bug-fixing .... Timecode: 21
09/23/2021 12:12:45 - INFO - __main__ - Start bug-fixing .... Done!
09/23/2021 12:12:45 - INFO - __main__ - Evaluating again to analyze the performance .... Timecode: 21
09/23/2021 12:12:49 - INFO - __main__ - After Error Fixing: 0.84375
09/23/2021 12:12:49 - INFO - __main__ - Instant Fixing Rate: 0.8571428571428571
09/23/2021 12:12:49 - INFO - __main__ - Instant Retention Rate: 0.7499999981250001
09/23/2021 12:12:51 - INFO - __main__ - Model saved to exp_results/dynamic_stream/memory_based/ckpt_dir/0922_MixedAllError_T=50_simplecl_seed=1213_ckpts/model_ckpt_022.pt.
09/23/2021 12:12:51 - INFO - __main__ - Not doing replay-based eval.
09/23/2021 12:12:51 - INFO - __main__ - Evaluating to get errors .... Timecode: 22
09/23/2021 12:12:54 - INFO - __main__ - Before Error Fixing: 0.1875
09/23/2021 12:12:54 - INFO - __main__ - Found 26 errors.
09/23/2021 12:12:55 - INFO - __main__ - Start bug-fixing .... Timecode: 22
09/23/2021 12:13:00 - INFO - __main__ - Start bug-fixing .... Done!
09/23/2021 12:13:00 - INFO - __main__ - Evaluating again to analyze the performance .... Timecode: 22
09/23/2021 12:13:03 - INFO - __main__ - After Error Fixing: 0.90625
09/23/2021 12:13:03 - INFO - __main__ - Instant Fixing Rate: 0.8846153846153846
09/23/2021 12:13:03 - INFO - __main__ - Instant Retention Rate: 0.9999999983333333
09/23/2021 12:13:05 - INFO - __main__ - Model saved to exp_results/dynamic_stream/memory_based/ckpt_dir/0922_MixedAllError_T=50_simplecl_seed=1213_ckpts/model_ckpt_023.pt.
09/23/2021 12:13:05 - INFO - __main__ - Not doing replay-based eval.
09/23/2021 12:13:05 - INFO - __main__ - Evaluating to get errors .... Timecode: 23
09/23/2021 12:13:09 - INFO - __main__ - Before Error Fixing: 0.21875
09/23/2021 12:13:09 - INFO - __main__ - Found 25 errors.
09/23/2021 12:13:09 - INFO - __main__ - Start bug-fixing .... Timecode: 23
09/23/2021 12:13:14 - INFO - __main__ - Start bug-fixing .... Done!
09/23/2021 12:13:14 - INFO - __main__ - Evaluating again to analyze the performance .... Timecode: 23
09/23/2021 12:13:18 - INFO - __main__ - After Error Fixing: 0.65625
09/23/2021 12:13:18 - INFO - __main__ - Instant Fixing Rate: 0.64
09/23/2021 12:13:18 - INFO - __main__ - Instant Retention Rate: 0.7142857132653061
09/23/2021 12:13:20 - INFO - __main__ - Model saved to exp_results/dynamic_stream/memory_based/ckpt_dir/0922_MixedAllError_T=50_simplecl_seed=1213_ckpts/model_ckpt_024.pt.
09/23/2021 12:13:20 - INFO - __main__ - Not doing replay-based eval.
09/23/2021 12:13:20 - INFO - __main__ - Evaluating to get errors .... Timecode: 24
09/23/2021 12:13:24 - INFO - __main__ - Before Error Fixing: 0.125
09/23/2021 12:13:24 - INFO - __main__ - Found 28 errors.
09/23/2021 12:13:24 - INFO - __main__ - Start bug-fixing .... Timecode: 24
09/23/2021 12:13:30 - INFO - __main__ - Start bug-fixing .... Done!
09/23/2021 12:13:30 - INFO - __main__ - Evaluating again to analyze the performance .... Timecode: 24
09/23/2021 12:13:34 - INFO - __main__ - After Error Fixing: 0.8125
09/23/2021 12:13:34 - INFO - __main__ - Instant Fixing Rate: 0.7857142857142857
09/23/2021 12:13:34 - INFO - __main__ - Instant Retention Rate: 0.9999999975
09/23/2021 12:13:36 - INFO - __main__ - Model saved to exp_results/dynamic_stream/memory_based/ckpt_dir/0922_MixedAllError_T=50_simplecl_seed=1213_ckpts/model_ckpt_025.pt.
09/23/2021 12:13:36 - INFO - __main__ - Not doing replay-based eval.
09/23/2021 12:13:36 - INFO - __main__ - Evaluating to get errors .... Timecode: 25
09/23/2021 12:13:40 - INFO - __main__ - Before Error Fixing: 0.25
09/23/2021 12:13:40 - INFO - __main__ - Found 24 errors.
09/23/2021 12:13:40 - INFO - __main__ - Start bug-fixing .... Timecode: 25
09/23/2021 12:13:45 - INFO - __main__ - Start bug-fixing .... Done!
09/23/2021 12:13:45 - INFO - __main__ - Evaluating again to analyze the performance .... Timecode: 25
09/23/2021 12:13:48 - INFO - __main__ - After Error Fixing: 0.78125
09/23/2021 12:13:48 - INFO - __main__ - Instant Fixing Rate: 0.75
09/23/2021 12:13:48 - INFO - __main__ - Instant Retention Rate: 0.8749999989062499
09/23/2021 12:13:50 - INFO - __main__ - Model saved to exp_results/dynamic_stream/memory_based/ckpt_dir/0922_MixedAllError_T=50_simplecl_seed=1213_ckpts/model_ckpt_026.pt.
09/23/2021 12:13:50 - INFO - __main__ - Not doing replay-based eval.
09/23/2021 12:13:50 - INFO - __main__ - Evaluating to get errors .... Timecode: 26
09/23/2021 12:13:54 - INFO - __main__ - Before Error Fixing: 0.25
09/23/2021 12:13:54 - INFO - __main__ - Found 24 errors.
09/23/2021 12:13:54 - INFO - __main__ - Start bug-fixing .... Timecode: 26
09/23/2021 12:13:59 - INFO - __main__ - Start bug-fixing .... Done!
09/23/2021 12:13:59 - INFO - __main__ - Evaluating again to analyze the performance .... Timecode: 26
09/23/2021 12:14:03 - INFO - __main__ - After Error Fixing: 0.71875
09/23/2021 12:14:03 - INFO - __main__ - Instant Fixing Rate: 0.7083333333333334
09/23/2021 12:14:03 - INFO - __main__ - Instant Retention Rate: 0.7499999990624999
09/23/2021 12:14:05 - INFO - __main__ - Model saved to exp_results/dynamic_stream/memory_based/ckpt_dir/0922_MixedAllError_T=50_simplecl_seed=1213_ckpts/model_ckpt_027.pt.
09/23/2021 12:14:05 - INFO - __main__ - Not doing replay-based eval.
09/23/2021 12:14:05 - INFO - __main__ - Evaluating to get errors .... Timecode: 27
09/23/2021 12:14:09 - INFO - __main__ - Before Error Fixing: 0.15625
09/23/2021 12:14:09 - INFO - __main__ - Found 27 errors.
09/23/2021 12:14:09 - INFO - __main__ - Start bug-fixing .... Timecode: 27
09/23/2021 12:14:15 - INFO - __main__ - Start bug-fixing .... Done!
09/23/2021 12:14:15 - INFO - __main__ - Evaluating again to analyze the performance .... Timecode: 27
09/23/2021 12:14:18 - INFO - __main__ - After Error Fixing: 0.6875
09/23/2021 12:14:18 - INFO - __main__ - Instant Fixing Rate: 0.7777777777777778
09/23/2021 12:14:18 - INFO - __main__ - Instant Retention Rate: 0.1999999996
09/23/2021 12:14:20 - INFO - __main__ - Model saved to exp_results/dynamic_stream/memory_based/ckpt_dir/0922_MixedAllError_T=50_simplecl_seed=1213_ckpts/model_ckpt_028.pt.
09/23/2021 12:14:20 - INFO - __main__ - Not doing replay-based eval.
09/23/2021 12:14:20 - INFO - __main__ - Evaluating to get errors .... Timecode: 28
09/23/2021 12:14:24 - INFO - __main__ - Before Error Fixing: 0.21875
09/23/2021 12:14:24 - INFO - __main__ - Found 25 errors.
09/23/2021 12:14:24 - INFO - __main__ - Start bug-fixing .... Timecode: 28
09/23/2021 12:14:29 - INFO - __main__ - Start bug-fixing .... Done!
09/23/2021 12:14:29 - INFO - __main__ - Evaluating again to analyze the performance .... Timecode: 28
09/23/2021 12:14:33 - INFO - __main__ - After Error Fixing: 0.65625
09/23/2021 12:14:33 - INFO - __main__ - Instant Fixing Rate: 0.68
09/23/2021 12:14:33 - INFO - __main__ - Instant Retention Rate: 0.571428570612245
09/23/2021 12:14:36 - INFO - __main__ - Model saved to exp_results/dynamic_stream/memory_based/ckpt_dir/0922_MixedAllError_T=50_simplecl_seed=1213_ckpts/model_ckpt_029.pt.
09/23/2021 12:14:36 - INFO - __main__ - Not doing replay-based eval.
09/23/2021 12:14:36 - INFO - __main__ - Evaluating to get errors .... Timecode: 29
09/23/2021 12:14:39 - INFO - __main__ - Before Error Fixing: 0.1875
09/23/2021 12:14:39 - INFO - __main__ - Found 26 errors.
09/23/2021 12:14:39 - INFO - __main__ - Start bug-fixing .... Timecode: 29
09/23/2021 12:14:45 - INFO - __main__ - Start bug-fixing .... Done!
09/23/2021 12:14:45 - INFO - __main__ - Evaluating again to analyze the performance .... Timecode: 29
09/23/2021 12:14:49 - INFO - __main__ - After Error Fixing: 0.8125
09/23/2021 12:14:49 - INFO - __main__ - Instant Fixing Rate: 0.8846153846153846
09/23/2021 12:14:49 - INFO - __main__ - Instant Retention Rate: 0.49999999916666665
09/23/2021 12:14:52 - INFO - __main__ - Model saved to exp_results/dynamic_stream/memory_based/ckpt_dir/0922_MixedAllError_T=50_simplecl_seed=1213_ckpts/model_ckpt_030.pt.
09/23/2021 12:14:52 - INFO - __main__ - Not doing replay-based eval.
09/23/2021 12:14:52 - INFO - __main__ - Evaluating to get errors .... Timecode: 30
09/23/2021 12:14:56 - INFO - __main__ - Before Error Fixing: 0.03125
09/23/2021 12:14:56 - INFO - __main__ - Found 31 errors.
09/23/2021 12:14:56 - INFO - __main__ - Start bug-fixing .... Timecode: 30
09/23/2021 12:15:02 - INFO - __main__ - Start bug-fixing .... Done!
09/23/2021 12:15:02 - INFO - __main__ - Evaluating again to analyze the performance .... Timecode: 30
09/23/2021 12:15:06 - INFO - __main__ - After Error Fixing: 0.71875
09/23/2021 12:15:06 - INFO - __main__ - Instant Fixing Rate: 0.7096774193548387
09/23/2021 12:15:06 - INFO - __main__ - Instant Retention Rate: 0.9999999900000002
09/23/2021 12:15:08 - INFO - __main__ - Model saved to exp_results/dynamic_stream/memory_based/ckpt_dir/0922_MixedAllError_T=50_simplecl_seed=1213_ckpts/model_ckpt_031.pt.
09/23/2021 12:15:08 - INFO - __main__ - Not doing replay-based eval.
09/23/2021 12:15:08 - INFO - __main__ - Evaluating to get errors .... Timecode: 31
09/23/2021 12:15:12 - INFO - __main__ - Before Error Fixing: 0.1875
09/23/2021 12:15:12 - INFO - __main__ - Found 26 errors.
09/23/2021 12:15:12 - INFO - __main__ - Start bug-fixing .... Timecode: 31
09/23/2021 12:15:18 - INFO - __main__ - Start bug-fixing .... Done!
09/23/2021 12:15:18 - INFO - __main__ - Evaluating again to analyze the performance .... Timecode: 31
09/23/2021 12:15:21 - INFO - __main__ - After Error Fixing: 0.9375
09/23/2021 12:15:21 - INFO - __main__ - Instant Fixing Rate: 1.0
09/23/2021 12:15:21 - INFO - __main__ - Instant Retention Rate: 0.6666666655555555
09/23/2021 12:15:23 - INFO - __main__ - Model saved to exp_results/dynamic_stream/memory_based/ckpt_dir/0922_MixedAllError_T=50_simplecl_seed=1213_ckpts/model_ckpt_032.pt.
09/23/2021 12:15:23 - INFO - __main__ - Not doing replay-based eval.
09/23/2021 12:15:23 - INFO - __main__ - Evaluating to get errors .... Timecode: 32
09/23/2021 12:15:26 - INFO - __main__ - Before Error Fixing: 0.1875
09/23/2021 12:15:26 - INFO - __main__ - Found 26 errors.
09/23/2021 12:15:26 - INFO - __main__ - Start bug-fixing .... Timecode: 32
