09/23/2021 12:20:39 - INFO - __main__ - Namespace(adam_epsilon=1e-08, adapter_dim=32, append_another_bos=1, base_model_path='out/mrqa_naturalquestions_bart-base_0617v4/best-model.pt', base_model_type='facebook/bart-base', bug_stream_json_path='bug_data/mrqa_naturalquestions_dev.static_bug_stream.json', cl_method_name='mir', current_thread_id=None, data_stream_json_path='exp_results/data_streams/mrqa.mixed.data_stream.test.json', do_lowercase=False, ewc_gamma=1, ewc_lambda=0.5, example_encoder_name='roberta-base', freeze_embeds=False, gradient_accumulation_steps=1, inference_query_size=1, learning_rate=3e-05, local_adapt_lr=1e-05, max_grad_norm=0.1, max_input_length=888, max_output_length=50, max_timecode=50, memory_key_cache_path='na', memory_key_encoder='facebook/bart-base', memory_path='exp_results/dynamic_stream/memory_based/ckpt_dir/0923_MixedAllErrors_T=50_mir_M=I_replaysize=32_upstream=All_meanloss=Yes_mix=Yes_freq=1_candidate=2560_seed=42_debug=largestloss_ckpts/memory_dict.pkl', memory_store_rate=1.0, mir_debug_largestloss=True, mir_debug_reverse=False, num_adapt_epochs=0, num_beams=4, num_threads_eval=0, num_train_epochs=5.0, overtime_ckpt_dir='exp_results/dynamic_stream/memory_based/ckpt_dir/0923_MixedAllErrors_T=50_mir_M=I_replaysize=32_upstream=All_meanloss=Yes_mix=Yes_freq=1_candidate=2560_seed=42_debug=largestloss_ckpts/', pass_pool_jsonl_path='exp_results/data_streams/mrqa.mixed.hidden_passes.jsonl', path_to_thread_result=None, predict_batch_size=16, prefix='0923_MixedAllErrors_T=50_mir_M=I_replaysize=32_upstream=All_meanloss=Yes_mix=Yes_freq=1_candidate=2560_seed=42_debug=largestloss', replay_candidate_size=2560, replay_frequency=1, replay_size=32, replay_stream_json_path='', result_file='exp_results/dynamic_stream/memory_based/results/0923_MixedAllErrors_T=50_mir_M=I_replaysize=32_upstream=All_meanloss=Yes_mix=Yes_freq=1_candidate=2560_seed=42_debug=largestloss_result.json', sampled_upstream_json_path='data/mrqa_naturalquestions/mrqa_naturalquestions_train.jsonl', save_all_ckpts=1, seed=42, stream_mode='dynamic', task_emb_dim=768, task_name='mrqa_naturalquestions', train_batch_size=8, use_replay_mix=True, use_sampled_upstream=False, weight_decay=0.01)
09/23/2021 12:20:40 - INFO - transformers.tokenization_utils - loading file https://s3.amazonaws.com/models.huggingface.co/bert/roberta-large-vocab.json from cache at /private/home/yuchenlin/.cache/torch/transformers/1ae1f5b6e2b22b25ccc04c000bb79ca847aa226d0761536b011cf7e5868f0655.ef00af9e673c7160b4d41cfda1f48c5f4cba57d5142754525572a846a1ab1b9b
09/23/2021 12:20:40 - INFO - transformers.tokenization_utils - loading file https://s3.amazonaws.com/models.huggingface.co/bert/roberta-large-merges.txt from cache at /private/home/yuchenlin/.cache/torch/transformers/f8f83199a6270d582d6245dc100e99c4155de81c9745c6248077018fe01abcfb.70bec105b4158ed9a1747fea67a43f5dee97855c64d62b6ec3742f4cfdb5feda
09/23/2021 12:20:46 - INFO - __main__ - Not creating the replay-stream for evaluation.
09/23/2021 12:20:48 - INFO - __main__ - Loading checkpoint from out/mrqa_naturalquestions_bart-base_0617v4/best-model.pt for facebook/bart-base .....
09/23/2021 12:20:53 - INFO - transformers.configuration_utils - loading configuration file https://s3.amazonaws.com/models.huggingface.co/bert/facebook/bart-base/config.json from cache at /private/home/yuchenlin/.cache/torch/transformers/09f4fcaeaf785dd3b97b085d6e3510c7081f586ec8e75981683c6299c0f81d9d.e8d516ad807436d395effad8c2326786872659b7dd1210827ac67c761198a0eb
09/23/2021 12:20:53 - INFO - transformers.configuration_utils - Model config BartConfig {
  "activation_dropout": 0.1,
  "activation_function": "gelu",
  "add_bias_logits": false,
  "add_final_layer_norm": false,
  "architectures": [
    "BartModel",
    "BartForConditionalGeneration",
    "BartForSequenceClassification"
  ],
  "attention_dropout": 0.1,
  "bos_token_id": 0,
  "classif_dropout": 0.0,
  "d_model": 768,
  "decoder_attention_heads": 12,
  "decoder_ffn_dim": 3072,
  "decoder_layerdrop": 0.0,
  "decoder_layers": 6,
  "decoder_start_token_id": 2,
  "dropout": 0.1,
  "early_stopping": true,
  "encoder_attention_heads": 12,
  "encoder_ffn_dim": 3072,
  "encoder_layerdrop": 0.0,
  "encoder_layers": 6,
  "eos_token_id": 2,
  "id2label": {
    "0": "LABEL_0",
    "1": "LABEL_1",
    "2": "LABEL_2"
  },
  "init_std": 0.02,
  "is_encoder_decoder": true,
  "label2id": {
    "LABEL_0": 0,
    "LABEL_1": 1,
    "LABEL_2": 2
  },
  "max_position_embeddings": 1024,
  "model_type": "bart",
  "no_repeat_ngram_size": 3,
  "normalize_before": false,
  "normalize_embedding": true,
  "num_beams": 4,
  "num_hidden_layers": 6,
  "pad_token_id": 1,
  "scale_embedding": false,
  "static_position_embeddings": false,
  "task_specific_params": {
    "summarization": {
      "length_penalty": 1.0,
      "max_length": 128,
      "min_length": 12,
      "num_beams": 4
    },
    "summarization_cnn": {
      "length_penalty": 2.0,
      "max_length": 142,
      "min_length": 56,
      "num_beams": 4
    },
    "summarization_xsum": {
      "length_penalty": 1.0,
      "max_length": 62,
      "min_length": 11,
      "num_beams": 6
    }
  },
  "vocab_size": 50265
}

09/23/2021 12:20:53 - INFO - transformers.modeling_utils - loading weights file https://cdn.huggingface.co/facebook/bart-base/pytorch_model.bin from cache at /private/home/yuchenlin/.cache/torch/transformers/566c05fb6983817e8ad7a4fa51e3099fe9caa3b31730f964bc5198d71c677523.0a3d95c18c1e434448941bc25accea7b122882be6526fb67c8e8fb6d5ebc711c
09/23/2021 12:20:58 - INFO - __main__ - Loading checkpoint from out/mrqa_naturalquestions_bart-base_0617v4/best-model.pt for facebook/bart-base ..... Done!
09/23/2021 12:21:03 - INFO - __main__ - Moving to the GPUs.
09/23/2021 12:21:03 - INFO - __main__ - Debugger Setup ......
09/23/2021 12:21:03 - INFO - __main__ - debugger_args: Namespace(adam_epsilon=1e-08, gradient_accumulation_steps=1, inference_query_size=1, learning_rate=3e-05, local_adapt_lr=1e-05, max_grad_norm=0.1, memory_key_cache_path='na', memory_key_encoder='facebook/bart-base', memory_path='exp_results/dynamic_stream/memory_based/ckpt_dir/0923_MixedAllErrors_T=50_mir_M=I_replaysize=32_upstream=All_meanloss=Yes_mix=Yes_freq=1_candidate=2560_seed=42_debug=largestloss_ckpts/memory_dict.pkl', memory_store_rate=1.0, mir_debug_largestloss=True, mir_debug_reverse=False, num_adapt_epochs=0, num_epochs=5.0, overtime_ckpt_dir='exp_results/dynamic_stream/memory_based/ckpt_dir/0923_MixedAllErrors_T=50_mir_M=I_replaysize=32_upstream=All_meanloss=Yes_mix=Yes_freq=1_candidate=2560_seed=42_debug=largestloss_ckpts/', replay_candidate_size=2560, replay_frequency=1, replay_size=32, save_all_ckpts=1, total_steps=10000, use_replay_mix=True, warmup_steps=0, weight_decay=0.01) ......
09/23/2021 12:21:03 - INFO - __main__ - Debugger Setup ...... Done!
09/23/2021 12:21:03 - INFO - __main__ - Starting to load the key encoder (facebook/bart-base) for the memory module.
09/23/2021 12:21:03 - INFO - transformers.tokenization_utils - Model name 'facebook/bart-base' not found in model shortcut name list (bart-large, bart-large-mnli, bart-large-cnn, bart-large-xsum). Assuming 'facebook/bart-base' is a path, a model identifier, or url to a directory containing tokenizer files.
09/23/2021 12:21:04 - INFO - transformers.tokenization_utils - loading file https://s3.amazonaws.com/models.huggingface.co/bert/facebook/bart-base/vocab.json from cache at /private/home/yuchenlin/.cache/torch/transformers/7a7fc1746df9ea150ffd06a23351e5854c2105db3a0be1e0307dfd74fbf4a65c.ef00af9e673c7160b4d41cfda1f48c5f4cba57d5142754525572a846a1ab1b9b
09/23/2021 12:21:04 - INFO - transformers.tokenization_utils - loading file https://s3.amazonaws.com/models.huggingface.co/bert/facebook/bart-base/merges.txt from cache at /private/home/yuchenlin/.cache/torch/transformers/3d0d1735635ef097afbf08cf5af21618c94286b8e8b53cfb9bd6cdcfc91d4e14.70bec105b4158ed9a1747fea67a43f5dee97855c64d62b6ec3742f4cfdb5feda
09/23/2021 12:21:04 - INFO - transformers.tokenization_utils - loading file https://s3.amazonaws.com/models.huggingface.co/bert/facebook/bart-base/added_tokens.json from cache at None
09/23/2021 12:21:04 - INFO - transformers.tokenization_utils - loading file https://s3.amazonaws.com/models.huggingface.co/bert/facebook/bart-base/special_tokens_map.json from cache at None
09/23/2021 12:21:04 - INFO - transformers.tokenization_utils - loading file https://s3.amazonaws.com/models.huggingface.co/bert/facebook/bart-base/tokenizer_config.json from cache at None
09/23/2021 12:21:05 - INFO - transformers.configuration_utils - loading configuration file https://s3.amazonaws.com/models.huggingface.co/bert/facebook/bart-base/config.json from cache at /private/home/yuchenlin/.cache/torch/transformers/09f4fcaeaf785dd3b97b085d6e3510c7081f586ec8e75981683c6299c0f81d9d.e8d516ad807436d395effad8c2326786872659b7dd1210827ac67c761198a0eb
09/23/2021 12:21:05 - INFO - transformers.configuration_utils - Model config BartConfig {
  "activation_dropout": 0.1,
  "activation_function": "gelu",
  "add_bias_logits": false,
  "add_final_layer_norm": false,
  "architectures": [
    "BartModel",
    "BartForConditionalGeneration",
    "BartForSequenceClassification"
  ],
  "attention_dropout": 0.1,
  "bos_token_id": 0,
  "classif_dropout": 0.0,
  "d_model": 768,
  "decoder_attention_heads": 12,
  "decoder_ffn_dim": 3072,
  "decoder_layerdrop": 0.0,
  "decoder_layers": 6,
  "decoder_start_token_id": 2,
  "dropout": 0.1,
  "early_stopping": true,
  "encoder_attention_heads": 12,
  "encoder_ffn_dim": 3072,
  "encoder_layerdrop": 0.0,
  "encoder_layers": 6,
  "eos_token_id": 2,
  "id2label": {
    "0": "LABEL_0",
    "1": "LABEL_1",
    "2": "LABEL_2"
  },
  "init_std": 0.02,
  "is_encoder_decoder": true,
  "label2id": {
    "LABEL_0": 0,
    "LABEL_1": 1,
    "LABEL_2": 2
  },
  "max_position_embeddings": 1024,
  "model_type": "bart",
  "no_repeat_ngram_size": 3,
  "normalize_before": false,
  "normalize_embedding": true,
  "num_beams": 4,
  "num_hidden_layers": 6,
  "pad_token_id": 1,
  "scale_embedding": false,
  "static_position_embeddings": false,
  "task_specific_params": {
    "summarization": {
      "length_penalty": 1.0,
      "max_length": 128,
      "min_length": 12,
      "num_beams": 4
    },
    "summarization_cnn": {
      "length_penalty": 2.0,
      "max_length": 142,
      "min_length": 56,
      "num_beams": 4
    },
    "summarization_xsum": {
      "length_penalty": 1.0,
      "max_length": 62,
      "min_length": 11,
      "num_beams": 6
    }
  },
  "vocab_size": 50265
}

09/23/2021 12:21:05 - INFO - transformers.modeling_utils - loading weights file https://cdn.huggingface.co/facebook/bart-base/pytorch_model.bin from cache at /private/home/yuchenlin/.cache/torch/transformers/566c05fb6983817e8ad7a4fa51e3099fe9caa3b31730f964bc5198d71c677523.0a3d95c18c1e434448941bc25accea7b122882be6526fb67c8e8fb6d5ebc711c
09/23/2021 12:21:12 - INFO - __main__ - Finished.
09/23/2021 12:21:12 - INFO - __main__ - Warning: exp_results/dynamic_stream/memory_based/ckpt_dir/0923_MixedAllErrors_T=50_mir_M=I_replaysize=32_upstream=All_meanloss=Yes_mix=Yes_freq=1_candidate=2560_seed=42_debug=largestloss_ckpts/memory_dict.pkl doesn't exist.
09/23/2021 12:21:12 - INFO - __main__ - Initializing an empty memory key cache.
09/23/2021 12:21:12 - INFO - __main__ - Start Online Debugging with Dynamic Error Mode
09/23/2021 12:21:12 - INFO - __main__ - Number of Batches of Data: 100
09/23/2021 12:21:12 - INFO - __main__ - Data Batch Size: 32;
09/23/2021 12:21:16 - INFO - __main__ - Model saved to exp_results/dynamic_stream/memory_based/ckpt_dir/0923_MixedAllErrors_T=50_mir_M=I_replaysize=32_upstream=All_meanloss=Yes_mix=Yes_freq=1_candidate=2560_seed=42_debug=largestloss_ckpts/model_ckpt_000.pt.
09/23/2021 12:21:16 - INFO - __main__ - Not doing replay-based eval.
09/23/2021 12:21:16 - INFO - __main__ - Evaluating to get errors .... Timecode: 0
09/23/2021 12:21:20 - INFO - __main__ - Before Error Fixing: 0.0
09/23/2021 12:21:20 - INFO - __main__ - Found 32 errors.
09/23/2021 12:21:20 - INFO - __main__ - Start bug-fixing (len(examples_to_train)=32) .... Timecode: 0
09/23/2021 12:21:27 - INFO - __main__ - Start bug-fixing .... Done!
09/23/2021 12:21:27 - INFO - __main__ - Evaluating again to analyze the performance .... Timecode: 0
09/23/2021 12:21:30 - INFO - __main__ - After Error Fixing: 0.84375
09/23/2021 12:21:30 - INFO - __main__ - Instant Fixing Rate: 0.84375
09/23/2021 12:21:30 - INFO - __main__ - Instant Retention Rate: 0.0
09/23/2021 12:21:33 - INFO - __main__ - Model saved to exp_results/dynamic_stream/memory_based/ckpt_dir/0923_MixedAllErrors_T=50_mir_M=I_replaysize=32_upstream=All_meanloss=Yes_mix=Yes_freq=1_candidate=2560_seed=42_debug=largestloss_ckpts/model_ckpt_001.pt.
09/23/2021 12:21:33 - INFO - __main__ - Saving the current error examples (len=32) to the memory.
09/23/2021 12:21:33 - INFO - __main__ - Current memory size: 0.
09/23/2021 12:21:33 - INFO - __main__ - Using randomly generated memory keys for ER and MIR.
09/23/2021 12:21:33 - INFO - __main__ - Finished.
09/23/2021 12:21:33 - INFO - __main__ - --------------------------------------------------
09/23/2021 12:21:33 - INFO - __main__ - Not doing replay-based eval.
09/23/2021 12:21:33 - INFO - __main__ - Evaluating to get errors .... Timecode: 1
09/23/2021 12:21:36 - INFO - __main__ - Before Error Fixing: 0.1875
09/23/2021 12:21:36 - INFO - __main__ - Found 26 errors.
09/23/2021 12:21:36 - INFO - __main__ - Triggering Sampling from Memory and starting to replay.
09/23/2021 12:21:36 - INFO - __main__ - Current memory size: 32.
09/23/2021 12:21:36 - INFO - __main__ - get_top_interfered_examples: len(candidate_examples)=32;
09/23/2021 12:21:37 - INFO - __main__ - retrieved candidates ids = ['mrqa_squad-validation-4185', 'mrqa_triviaqa-validation-4054', 'mrqa_triviaqa-validation-5972', 'mrqa_squad-validation-392', 'mrqa_triviaqa-validation-7369', 'mrqa_hotpotqa-validation-1968', 'mrqa_naturalquestions-validation-3028', 'mrqa_naturalquestions-validation-2730', 'mrqa_triviaqa-validation-6351', 'mrqa_hotpotqa-validation-2970', 'mrqa_squad-validation-10322', 'mrqa_triviaqa-validation-1551', 'mrqa_naturalquestions-validation-2248', 'mrqa_naturalquestions-validation-8948', 'mrqa_triviaqa-validation-1616', 'mrqa_triviaqa-validation-3915', 'mrqa_naturalquestions-validation-7017', 'mrqa_naturalquestions-validation-6157', 'mrqa_hotpotqa-validation-409', 'mrqa_hotpotqa-validation-3241', 'mrqa_triviaqa-validation-671', 'mrqa_naturalquestions-validation-5465', 'mrqa_naturalquestions-validation-3490', 'mrqa_squad-validation-7821', 'mrqa_squad-validation-3478', 'mrqa_triviaqa-validation-2376', 'mrqa_squad-validation-6677', 'mrqa_squad-validation-7746', 'mrqa_squad-validation-6303', 'mrqa_squad-validation-5622', 'mrqa_naturalquestions-validation-9688', 'mrqa_triviaqa-validation-5937']
09/23/2021 12:21:37 - INFO - __main__ - Mixed the retrieved examples (len=32) to the current batch for training.
09/23/2021 12:21:37 - INFO - __main__ - Start bug-fixing (len(examples_to_train)=58) .... Timecode: 1
09/23/2021 12:21:49 - INFO - __main__ - Start bug-fixing .... Done!
09/23/2021 12:21:49 - INFO - __main__ - Evaluating again to analyze the performance .... Timecode: 1
09/23/2021 12:21:53 - INFO - __main__ - After Error Fixing: 0.8125
09/23/2021 12:21:53 - INFO - __main__ - Instant Fixing Rate: 0.9230769230769231
09/23/2021 12:21:53 - INFO - __main__ - Instant Retention Rate: 0.33333333277777777
09/23/2021 12:21:55 - INFO - __main__ - Model saved to exp_results/dynamic_stream/memory_based/ckpt_dir/0923_MixedAllErrors_T=50_mir_M=I_replaysize=32_upstream=All_meanloss=Yes_mix=Yes_freq=1_candidate=2560_seed=42_debug=largestloss_ckpts/model_ckpt_002.pt.
09/23/2021 12:21:55 - INFO - __main__ - Saving the current error examples (len=26) to the memory.
09/23/2021 12:21:55 - INFO - __main__ - Current memory size: 32.
09/23/2021 12:21:55 - INFO - __main__ - Using randomly generated memory keys for ER and MIR.
09/23/2021 12:21:55 - INFO - __main__ - Finished.
09/23/2021 12:21:55 - INFO - __main__ - --------------------------------------------------
09/23/2021 12:21:55 - INFO - __main__ - Not doing replay-based eval.
09/23/2021 12:21:55 - INFO - __main__ - Evaluating to get errors .... Timecode: 2
09/23/2021 12:21:58 - INFO - __main__ - Before Error Fixing: 0.03125
09/23/2021 12:21:58 - INFO - __main__ - Found 31 errors.
09/23/2021 12:21:58 - INFO - __main__ - Triggering Sampling from Memory and starting to replay.
09/23/2021 12:21:58 - INFO - __main__ - Current memory size: 58.
09/23/2021 12:21:58 - INFO - __main__ - get_top_interfered_examples: len(candidate_examples)=58;
09/23/2021 12:22:00 - INFO - __main__ - retrieved candidates ids = ['mrqa_triviaqa-validation-2096', 'mrqa_triviaqa-validation-2376', 'mrqa_triviaqa-validation-671', 'mrqa_hotpotqa-validation-409', 'mrqa_triviaqa-validation-4054', 'mrqa_naturalquestions-validation-9386', 'mrqa_naturalquestions-validation-2248', 'mrqa_naturalquestions-validation-2753', 'mrqa_squad-validation-5622', 'mrqa_triviaqa-validation-4856', 'mrqa_triviaqa-validation-2210', 'mrqa_squad-validation-4185', 'mrqa_naturalquestions-validation-1364', 'mrqa_squad-validation-3478', 'mrqa_hotpotqa-validation-3971', 'mrqa_squad-validation-2629', 'mrqa_naturalquestions-validation-2730', 'mrqa_squad-validation-7821', 'mrqa_hotpotqa-validation-14', 'mrqa_triviaqa-validation-5026', 'mrqa_naturalquestions-validation-8948', 'mrqa_naturalquestions-validation-10680', 'mrqa_hotpotqa-validation-5325', 'mrqa_squad-validation-7746', 'mrqa_naturalquestions-validation-3828', 'mrqa_naturalquestions-validation-7511', 'mrqa_hotpotqa-validation-3241', 'mrqa_squad-validation-10322', 'mrqa_naturalquestions-validation-9688', 'mrqa_hotpotqa-validation-1968', 'mrqa_hotpotqa-validation-400', 'mrqa_squad-validation-6677']
09/23/2021 12:22:00 - INFO - __main__ - Mixed the retrieved examples (len=32) to the current batch for training.
09/23/2021 12:22:00 - INFO - __main__ - Start bug-fixing (len(examples_to_train)=63) .... Timecode: 2
09/23/2021 12:22:12 - INFO - __main__ - Start bug-fixing .... Done!
09/23/2021 12:22:12 - INFO - __main__ - Evaluating again to analyze the performance .... Timecode: 2
09/23/2021 12:22:15 - INFO - __main__ - After Error Fixing: 0.9375
09/23/2021 12:22:15 - INFO - __main__ - Instant Fixing Rate: 0.967741935483871
09/23/2021 12:22:15 - INFO - __main__ - Instant Retention Rate: 0.0
09/23/2021 12:22:17 - INFO - __main__ - Model saved to exp_results/dynamic_stream/memory_based/ckpt_dir/0923_MixedAllErrors_T=50_mir_M=I_replaysize=32_upstream=All_meanloss=Yes_mix=Yes_freq=1_candidate=2560_seed=42_debug=largestloss_ckpts/model_ckpt_003.pt.
09/23/2021 12:22:17 - INFO - __main__ - Saving the current error examples (len=31) to the memory.
09/23/2021 12:22:17 - INFO - __main__ - Current memory size: 58.
09/23/2021 12:22:17 - INFO - __main__ - Using randomly generated memory keys for ER and MIR.
09/23/2021 12:22:17 - INFO - __main__ - Finished.
09/23/2021 12:22:17 - INFO - __main__ - --------------------------------------------------
09/23/2021 12:22:17 - INFO - __main__ - Not doing replay-based eval.
09/23/2021 12:22:17 - INFO - __main__ - Evaluating to get errors .... Timecode: 3
09/23/2021 12:22:20 - INFO - __main__ - Before Error Fixing: 0.0625
09/23/2021 12:22:20 - INFO - __main__ - Found 30 errors.
09/23/2021 12:22:20 - INFO - __main__ - Triggering Sampling from Memory and starting to replay.
09/23/2021 12:22:20 - INFO - __main__ - Current memory size: 89.
09/23/2021 12:22:20 - INFO - __main__ - get_top_interfered_examples: len(candidate_examples)=89;
09/23/2021 12:22:22 - INFO - __main__ - retrieved candidates ids = ['mrqa_naturalquestions-validation-2248', 'mrqa_squad-validation-10410', 'mrqa_triviaqa-validation-4054', 'mrqa_naturalquestions-validation-8119', 'mrqa_squad-validation-5622', 'mrqa_triviaqa-validation-4856', 'mrqa_naturalquestions-validation-3828', 'mrqa_triviaqa-validation-2136', 'mrqa_hotpotqa-validation-3241', 'mrqa_triviaqa-validation-5937', 'mrqa_naturalquestions-validation-683', 'mrqa_squad-validation-8513', 'mrqa_hotpotqa-validation-5802', 'mrqa_naturalquestions-validation-2753', 'mrqa_triviaqa-validation-5406', 'mrqa_naturalquestions-validation-7511', 'mrqa_hotpotqa-validation-1201', 'mrqa_triviaqa-validation-2722', 'mrqa_hotpotqa-validation-1888', 'mrqa_naturalquestions-validation-5144', 'mrqa_squad-validation-10015', 'mrqa_naturalquestions-validation-7017', 'mrqa_naturalquestions-validation-10680', 'mrqa_triviaqa-validation-2210', 'mrqa_squad-validation-4253', 'mrqa_triviaqa-validation-1437', 'mrqa_triviaqa-validation-893', 'mrqa_triviaqa-validation-5026', 'mrqa_naturalquestions-validation-5465', 'mrqa_squad-validation-6303', 'mrqa_triviaqa-validation-5972', 'mrqa_naturalquestions-validation-10364']
09/23/2021 12:22:22 - INFO - __main__ - Mixed the retrieved examples (len=32) to the current batch for training.
09/23/2021 12:22:22 - INFO - __main__ - Start bug-fixing (len(examples_to_train)=62) .... Timecode: 3
09/23/2021 12:22:36 - INFO - __main__ - Start bug-fixing .... Done!
09/23/2021 12:22:36 - INFO - __main__ - Evaluating again to analyze the performance .... Timecode: 3
09/23/2021 12:22:39 - INFO - __main__ - After Error Fixing: 1.0
09/23/2021 12:22:39 - INFO - __main__ - Instant Fixing Rate: 1.0
09/23/2021 12:22:39 - INFO - __main__ - Instant Retention Rate: 0.999999995
09/23/2021 12:22:41 - INFO - __main__ - Model saved to exp_results/dynamic_stream/memory_based/ckpt_dir/0923_MixedAllErrors_T=50_mir_M=I_replaysize=32_upstream=All_meanloss=Yes_mix=Yes_freq=1_candidate=2560_seed=42_debug=largestloss_ckpts/model_ckpt_004.pt.
09/23/2021 12:22:41 - INFO - __main__ - Saving the current error examples (len=30) to the memory.
09/23/2021 12:22:41 - INFO - __main__ - Current memory size: 89.
09/23/2021 12:22:41 - INFO - __main__ - Using randomly generated memory keys for ER and MIR.
09/23/2021 12:22:41 - INFO - __main__ - Finished.
09/23/2021 12:22:41 - INFO - __main__ - --------------------------------------------------
09/23/2021 12:22:41 - INFO - __main__ - Not doing replay-based eval.
09/23/2021 12:22:41 - INFO - __main__ - Evaluating to get errors .... Timecode: 4
09/23/2021 12:22:44 - INFO - __main__ - Before Error Fixing: 0.25
09/23/2021 12:22:44 - INFO - __main__ - Found 24 errors.
09/23/2021 12:22:44 - INFO - __main__ - Triggering Sampling from Memory and starting to replay.
09/23/2021 12:22:44 - INFO - __main__ - Current memory size: 119.
09/23/2021 12:22:44 - INFO - __main__ - get_top_interfered_examples: len(candidate_examples)=119;
09/23/2021 12:22:47 - INFO - __main__ - retrieved candidates ids = ['mrqa_squad-validation-8542', 'mrqa_naturalquestions-validation-9688', 'mrqa_triviaqa-validation-287', 'mrqa_naturalquestions-validation-10680', 'mrqa_triviaqa-validation-4054', 'mrqa_naturalquestions-validation-6157', 'mrqa_hotpotqa-validation-2970', 'mrqa_hotpotqa-validation-5325', 'mrqa_squad-validation-5517', 'mrqa_triviaqa-validation-365', 'mrqa_naturalquestions-validation-7511', 'mrqa_triviaqa-validation-7018', 'mrqa_hotpotqa-validation-3632', 'mrqa_naturalquestions-validation-3189', 'mrqa_naturalquestions-validation-7017', 'mrqa_squad-validation-10322', 'mrqa_triviaqa-validation-1792', 'mrqa_triviaqa-validation-6683', 'mrqa_triviaqa-validation-1437', 'mrqa_hotpotqa-validation-400', 'mrqa_triviaqa-validation-2722', 'mrqa_squad-validation-4019', 'mrqa_triviaqa-validation-3915', 'mrqa_triviaqa-validation-1616', 'mrqa_naturalquestions-validation-3828', 'mrqa_naturalquestions-validation-868', 'mrqa_squad-validation-7821', 'mrqa_naturalquestions-validation-683', 'mrqa_squad-validation-8832', 'mrqa_naturalquestions-validation-1364', 'mrqa_squad-validation-4253', 'mrqa_triviaqa-validation-4856']
09/23/2021 12:22:47 - INFO - __main__ - Mixed the retrieved examples (len=32) to the current batch for training.
09/23/2021 12:22:47 - INFO - __main__ - Start bug-fixing (len(examples_to_train)=56) .... Timecode: 4
09/23/2021 12:22:59 - INFO - __main__ - Start bug-fixing .... Done!
09/23/2021 12:22:59 - INFO - __main__ - Evaluating again to analyze the performance .... Timecode: 4
09/23/2021 12:23:01 - INFO - __main__ - After Error Fixing: 0.8125
09/23/2021 12:23:01 - INFO - __main__ - Instant Fixing Rate: 0.9583333333333334
09/23/2021 12:23:01 - INFO - __main__ - Instant Retention Rate: 0.37499999953124996
09/23/2021 12:23:03 - INFO - __main__ - Model saved to exp_results/dynamic_stream/memory_based/ckpt_dir/0923_MixedAllErrors_T=50_mir_M=I_replaysize=32_upstream=All_meanloss=Yes_mix=Yes_freq=1_candidate=2560_seed=42_debug=largestloss_ckpts/model_ckpt_005.pt.
09/23/2021 12:23:03 - INFO - __main__ - Saving the current error examples (len=24) to the memory.
09/23/2021 12:23:03 - INFO - __main__ - Current memory size: 119.
09/23/2021 12:23:03 - INFO - __main__ - Using randomly generated memory keys for ER and MIR.
09/23/2021 12:23:03 - INFO - __main__ - Finished.
09/23/2021 12:23:03 - INFO - __main__ - --------------------------------------------------
09/23/2021 12:23:03 - INFO - __main__ - Not doing replay-based eval.
09/23/2021 12:23:03 - INFO - __main__ - Evaluating to get errors .... Timecode: 5
09/23/2021 12:23:06 - INFO - __main__ - Before Error Fixing: 0.09375
09/23/2021 12:23:06 - INFO - __main__ - Found 29 errors.
09/23/2021 12:23:06 - INFO - __main__ - Triggering Sampling from Memory and starting to replay.
09/23/2021 12:23:06 - INFO - __main__ - Current memory size: 143.
09/23/2021 12:23:06 - INFO - __main__ - get_top_interfered_examples: len(candidate_examples)=143;
09/23/2021 12:23:10 - INFO - __main__ - retrieved candidates ids = ['mrqa_triviaqa-validation-7018', 'mrqa_triviaqa-validation-2096', 'mrqa_triviaqa-validation-7369', 'mrqa_squad-validation-2069', 'mrqa_naturalquestions-validation-8545', 'mrqa_triviaqa-validation-1924', 'mrqa_triviaqa-validation-5362', 'mrqa_triviaqa-validation-3339', 'mrqa_naturalquestions-validation-5144', 'mrqa_naturalquestions-validation-7017', 'mrqa_squad-validation-392', 'mrqa_triviaqa-validation-1792', 'mrqa_naturalquestions-validation-6157', 'mrqa_squad-validation-1516', 'mrqa_naturalquestions-validation-2571', 'mrqa_triviaqa-validation-1575', 'mrqa_triviaqa-validation-1551', 'mrqa_triviaqa-validation-4054', 'mrqa_naturalquestions-validation-2730', 'mrqa_squad-validation-7816', 'mrqa_naturalquestions-validation-9650', 'mrqa_hotpotqa-validation-2970', 'mrqa_triviaqa-validation-3808', 'mrqa_squad-validation-8832', 'mrqa_hotpotqa-validation-5325', 'mrqa_naturalquestions-validation-114', 'mrqa_triviaqa-validation-2530', 'mrqa_hotpotqa-validation-1289', 'mrqa_hotpotqa-validation-1376', 'mrqa_naturalquestions-validation-2501', 'mrqa_naturalquestions-validation-1202', 'mrqa_squad-validation-10322']
09/23/2021 12:23:10 - INFO - __main__ - Mixed the retrieved examples (len=32) to the current batch for training.
09/23/2021 12:23:10 - INFO - __main__ - Start bug-fixing (len(examples_to_train)=61) .... Timecode: 5
09/23/2021 12:23:23 - INFO - __main__ - Start bug-fixing .... Done!
09/23/2021 12:23:23 - INFO - __main__ - Evaluating again to analyze the performance .... Timecode: 5
09/23/2021 12:23:26 - INFO - __main__ - After Error Fixing: 0.90625
09/23/2021 12:23:26 - INFO - __main__ - Instant Fixing Rate: 0.9310344827586207
09/23/2021 12:23:26 - INFO - __main__ - Instant Retention Rate: 0.6666666644444444
09/23/2021 12:23:28 - INFO - __main__ - Model saved to exp_results/dynamic_stream/memory_based/ckpt_dir/0923_MixedAllErrors_T=50_mir_M=I_replaysize=32_upstream=All_meanloss=Yes_mix=Yes_freq=1_candidate=2560_seed=42_debug=largestloss_ckpts/model_ckpt_006.pt.
09/23/2021 12:23:28 - INFO - __main__ - Saving the current error examples (len=29) to the memory.
09/23/2021 12:23:28 - INFO - __main__ - Current memory size: 143.
09/23/2021 12:23:28 - INFO - __main__ - Using randomly generated memory keys for ER and MIR.
09/23/2021 12:23:28 - INFO - __main__ - Finished.
09/23/2021 12:23:28 - INFO - __main__ - --------------------------------------------------
09/23/2021 12:23:28 - INFO - __main__ - Not doing replay-based eval.
09/23/2021 12:23:28 - INFO - __main__ - Evaluating to get errors .... Timecode: 6
09/23/2021 12:23:30 - INFO - __main__ - Before Error Fixing: 0.09375
09/23/2021 12:23:30 - INFO - __main__ - Found 29 errors.
09/23/2021 12:23:30 - INFO - __main__ - Triggering Sampling from Memory and starting to replay.
09/23/2021 12:23:30 - INFO - __main__ - Current memory size: 172.
09/23/2021 12:23:30 - INFO - __main__ - get_top_interfered_examples: len(candidate_examples)=172;
09/23/2021 12:23:35 - INFO - __main__ - retrieved candidates ids = ['mrqa_hotpotqa-validation-5848', 'mrqa_squad-validation-7149', 'mrqa_naturalquestions-validation-3490', 'mrqa_triviaqa-validation-2210', 'mrqa_squad-validation-7554', 'mrqa_squad-validation-6733', 'mrqa_squad-validation-2757', 'mrqa_triviaqa-validation-7369', 'mrqa_triviaqa-validation-254', 'mrqa_triviaqa-validation-1437', 'mrqa_naturalquestions-validation-5437', 'mrqa_naturalquestions-validation-9327', 'mrqa_naturalquestions-validation-2884', 'mrqa_hotpotqa-validation-2263', 'mrqa_hotpotqa-validation-5699', 'mrqa_squad-validation-8832', 'mrqa_triviaqa-validation-893', 'mrqa_hotpotqa-validation-2970', 'mrqa_naturalquestions-validation-2571', 'mrqa_naturalquestions-validation-3033', 'mrqa_naturalquestions-validation-868', 'mrqa_triviaqa-validation-1540', 'mrqa_triviaqa-validation-93', 'mrqa_triviaqa-validation-1935', 'mrqa_squad-validation-3478', 'mrqa_naturalquestions-validation-5502', 'mrqa_squad-validation-7816', 'mrqa_triviaqa-validation-2368', 'mrqa_naturalquestions-validation-6736', 'mrqa_triviaqa-validation-2722', 'mrqa_triviaqa-validation-5972', 'mrqa_triviaqa-validation-1792']
09/23/2021 12:23:35 - INFO - __main__ - Mixed the retrieved examples (len=32) to the current batch for training.
09/23/2021 12:23:35 - INFO - __main__ - Start bug-fixing (len(examples_to_train)=61) .... Timecode: 6
09/23/2021 12:23:48 - INFO - __main__ - Start bug-fixing .... Done!
09/23/2021 12:23:48 - INFO - __main__ - Evaluating again to analyze the performance .... Timecode: 6
09/23/2021 12:23:51 - INFO - __main__ - After Error Fixing: 0.96875
09/23/2021 12:23:51 - INFO - __main__ - Instant Fixing Rate: 1.0
09/23/2021 12:23:51 - INFO - __main__ - Instant Retention Rate: 0.6666666644444444
09/23/2021 12:23:53 - INFO - __main__ - Model saved to exp_results/dynamic_stream/memory_based/ckpt_dir/0923_MixedAllErrors_T=50_mir_M=I_replaysize=32_upstream=All_meanloss=Yes_mix=Yes_freq=1_candidate=2560_seed=42_debug=largestloss_ckpts/model_ckpt_007.pt.
09/23/2021 12:23:53 - INFO - __main__ - Saving the current error examples (len=29) to the memory.
09/23/2021 12:23:53 - INFO - __main__ - Current memory size: 172.
09/23/2021 12:23:53 - INFO - __main__ - Using randomly generated memory keys for ER and MIR.
09/23/2021 12:23:53 - INFO - __main__ - Finished.
09/23/2021 12:23:53 - INFO - __main__ - --------------------------------------------------
09/23/2021 12:23:53 - INFO - __main__ - Not doing replay-based eval.
09/23/2021 12:23:53 - INFO - __main__ - Evaluating to get errors .... Timecode: 7
09/23/2021 12:23:56 - INFO - __main__ - Before Error Fixing: 0.21875
09/23/2021 12:23:56 - INFO - __main__ - Found 25 errors.
09/23/2021 12:23:56 - INFO - __main__ - Triggering Sampling from Memory and starting to replay.
09/23/2021 12:23:56 - INFO - __main__ - Current memory size: 201.
09/23/2021 12:23:56 - INFO - __main__ - get_top_interfered_examples: len(candidate_examples)=201;
09/23/2021 12:24:01 - INFO - __main__ - retrieved candidates ids = ['mrqa_squad-validation-10410', 'mrqa_hotpotqa-validation-3625', 'mrqa_triviaqa-validation-2376', 'mrqa_naturalquestions-validation-2730', 'mrqa_triviaqa-validation-1924', 'mrqa_triviaqa-validation-5937', 'mrqa_triviaqa-validation-4768', 'mrqa_hotpotqa-validation-2197', 'mrqa_naturalquestions-validation-5437', 'mrqa_hotpotqa-validation-4621', 'mrqa_triviaqa-validation-2096', 'mrqa_squad-validation-3113', 'mrqa_triviaqa-validation-1575', 'mrqa_squad-validation-3467', 'mrqa_naturalquestions-validation-7511', 'mrqa_hotpotqa-validation-3241', 'mrqa_naturalquestions-validation-10680', 'mrqa_hotpotqa-validation-5325', 'mrqa_hotpotqa-validation-4734', 'mrqa_naturalquestions-validation-8448', 'mrqa_triviaqa-validation-2327', 'mrqa_squad-validation-2757', 'mrqa_naturalquestions-validation-6207', 'mrqa_naturalquestions-validation-9327', 'mrqa_naturalquestions-validation-2385', 'mrqa_squad-validation-3463', 'mrqa_naturalquestions-validation-2900', 'mrqa_naturalquestions-validation-2190', 'mrqa_squad-validation-6399', 'mrqa_squad-validation-4185', 'mrqa_squad-validation-7554', 'mrqa_squad-validation-3478']
09/23/2021 12:24:01 - INFO - __main__ - Mixed the retrieved examples (len=32) to the current batch for training.
09/23/2021 12:24:01 - INFO - __main__ - Start bug-fixing (len(examples_to_train)=57) .... Timecode: 7
09/23/2021 12:24:13 - INFO - __main__ - Start bug-fixing .... Done!
09/23/2021 12:24:13 - INFO - __main__ - Evaluating again to analyze the performance .... Timecode: 7
09/23/2021 12:24:16 - INFO - __main__ - After Error Fixing: 0.90625
09/23/2021 12:24:16 - INFO - __main__ - Instant Fixing Rate: 0.92
09/23/2021 12:24:16 - INFO - __main__ - Instant Retention Rate: 0.8571428559183674
09/23/2021 12:24:18 - INFO - __main__ - Model saved to exp_results/dynamic_stream/memory_based/ckpt_dir/0923_MixedAllErrors_T=50_mir_M=I_replaysize=32_upstream=All_meanloss=Yes_mix=Yes_freq=1_candidate=2560_seed=42_debug=largestloss_ckpts/model_ckpt_008.pt.
09/23/2021 12:24:18 - INFO - __main__ - Saving the current error examples (len=25) to the memory.
09/23/2021 12:24:18 - INFO - __main__ - Current memory size: 201.
09/23/2021 12:24:18 - INFO - __main__ - Using randomly generated memory keys for ER and MIR.
09/23/2021 12:24:18 - INFO - __main__ - Finished.
09/23/2021 12:24:18 - INFO - __main__ - --------------------------------------------------
09/23/2021 12:24:18 - INFO - __main__ - Not doing replay-based eval.
09/23/2021 12:24:18 - INFO - __main__ - Evaluating to get errors .... Timecode: 8
09/23/2021 12:24:21 - INFO - __main__ - Before Error Fixing: 0.1875
09/23/2021 12:24:21 - INFO - __main__ - Found 26 errors.
09/23/2021 12:24:21 - INFO - __main__ - Triggering Sampling from Memory and starting to replay.
09/23/2021 12:24:21 - INFO - __main__ - Current memory size: 226.
09/23/2021 12:24:21 - INFO - __main__ - get_top_interfered_examples: len(candidate_examples)=226;
09/23/2021 12:24:28 - INFO - __main__ - retrieved candidates ids = ['mrqa_hotpotqa-validation-3978', 'mrqa_squad-validation-392', 'mrqa_naturalquestions-validation-3962', 'mrqa_squad-validation-7816', 'mrqa_triviaqa-validation-4966', 'mrqa_naturalquestions-validation-5502', 'mrqa_hotpotqa-validation-983', 'mrqa_triviaqa-validation-893', 'mrqa_triviaqa-validation-5704', 'mrqa_naturalquestions-validation-6896', 'mrqa_naturalquestions-validation-6736', 'mrqa_triviaqa-validation-2376', 'mrqa_hotpotqa-validation-1142', 'mrqa_triviaqa-validation-1935', 'mrqa_triviaqa-validation-1551', 'mrqa_triviaqa-validation-254', 'mrqa_triviaqa-validation-105', 'mrqa_squad-validation-2191', 'mrqa_squad-validation-3558', 'mrqa_naturalquestions-validation-3490', 'mrqa_triviaqa-validation-1494', 'mrqa_squad-validation-7149', 'mrqa_triviaqa-validation-6469', 'mrqa_naturalquestions-validation-3189', 'mrqa_squad-validation-6947', 'mrqa_naturalquestions-validation-10680', 'mrqa_naturalquestions-validation-1618', 'mrqa_naturalquestions-validation-2385', 'mrqa_triviaqa-validation-2530', 'mrqa_triviaqa-validation-4729', 'mrqa_naturalquestions-validation-4513', 'mrqa_triviaqa-validation-3339']
09/23/2021 12:24:28 - INFO - __main__ - Mixed the retrieved examples (len=32) to the current batch for training.
09/23/2021 12:24:28 - INFO - __main__ - Start bug-fixing (len(examples_to_train)=58) .... Timecode: 8
09/23/2021 12:24:40 - INFO - __main__ - Start bug-fixing .... Done!
09/23/2021 12:24:40 - INFO - __main__ - Evaluating again to analyze the performance .... Timecode: 8
09/23/2021 12:24:43 - INFO - __main__ - After Error Fixing: 0.9375
09/23/2021 12:24:43 - INFO - __main__ - Instant Fixing Rate: 0.9615384615384616
09/23/2021 12:24:43 - INFO - __main__ - Instant Retention Rate: 0.8333333319444445
09/23/2021 12:24:45 - INFO - __main__ - Model saved to exp_results/dynamic_stream/memory_based/ckpt_dir/0923_MixedAllErrors_T=50_mir_M=I_replaysize=32_upstream=All_meanloss=Yes_mix=Yes_freq=1_candidate=2560_seed=42_debug=largestloss_ckpts/model_ckpt_009.pt.
09/23/2021 12:24:45 - INFO - __main__ - Saving the current error examples (len=26) to the memory.
09/23/2021 12:24:45 - INFO - __main__ - Current memory size: 226.
09/23/2021 12:24:45 - INFO - __main__ - Using randomly generated memory keys for ER and MIR.
09/23/2021 12:24:45 - INFO - __main__ - Finished.
09/23/2021 12:24:45 - INFO - __main__ - --------------------------------------------------
09/23/2021 12:24:45 - INFO - __main__ - Not doing replay-based eval.
09/23/2021 12:24:45 - INFO - __main__ - Evaluating to get errors .... Timecode: 9
09/23/2021 12:24:48 - INFO - __main__ - Before Error Fixing: 0.25
09/23/2021 12:24:48 - INFO - __main__ - Found 24 errors.
09/23/2021 12:24:48 - INFO - __main__ - Triggering Sampling from Memory and starting to replay.
09/23/2021 12:24:48 - INFO - __main__ - Current memory size: 252.
09/23/2021 12:24:48 - INFO - __main__ - get_top_interfered_examples: len(candidate_examples)=252;
09/23/2021 12:24:55 - INFO - __main__ - retrieved candidates ids = ['mrqa_triviaqa-validation-316', 'mrqa_naturalquestions-validation-10680', 'mrqa_squad-validation-1688', 'mrqa_naturalquestions-validation-3309', 'mrqa_triviaqa-validation-5795', 'mrqa_triviaqa-validation-5231', 'mrqa_triviaqa-validation-2368', 'mrqa_naturalquestions-validation-539', 'mrqa_triviaqa-validation-5654', 'mrqa_naturalquestions-validation-3189', 'mrqa_squad-validation-7554', 'mrqa_naturalquestions-validation-2385', 'mrqa_triviaqa-validation-2327', 'mrqa_naturalquestions-validation-1679', 'mrqa_hotpotqa-validation-1142', 'mrqa_squad-validation-8832', 'mrqa_squad-validation-8869', 'mrqa_triviaqa-validation-7253', 'mrqa_hotpotqa-validation-1032', 'mrqa_triviaqa-validation-5362', 'mrqa_squad-validation-3181', 'mrqa_naturalquestions-validation-1202', 'mrqa_squad-validation-6303', 'mrqa_naturalquestions-validation-9688', 'mrqa_naturalquestions-validation-9327', 'mrqa_triviaqa-validation-1494', 'mrqa_triviaqa-validation-1521', 'mrqa_triviaqa-validation-227', 'mrqa_naturalquestions-validation-3033', 'mrqa_naturalquestions-validation-5647', 'mrqa_triviaqa-validation-5704', 'mrqa_naturalquestions-validation-5144']
09/23/2021 12:24:55 - INFO - __main__ - Mixed the retrieved examples (len=32) to the current batch for training.
09/23/2021 12:24:55 - INFO - __main__ - Start bug-fixing (len(examples_to_train)=56) .... Timecode: 9
09/23/2021 12:25:06 - INFO - __main__ - Start bug-fixing .... Done!
09/23/2021 12:25:06 - INFO - __main__ - Evaluating again to analyze the performance .... Timecode: 9
09/23/2021 12:25:10 - INFO - __main__ - After Error Fixing: 0.875
09/23/2021 12:25:10 - INFO - __main__ - Instant Fixing Rate: 0.9583333333333334
09/23/2021 12:25:10 - INFO - __main__ - Instant Retention Rate: 0.6249999992187499
09/23/2021 12:25:11 - INFO - __main__ - Model saved to exp_results/dynamic_stream/memory_based/ckpt_dir/0923_MixedAllErrors_T=50_mir_M=I_replaysize=32_upstream=All_meanloss=Yes_mix=Yes_freq=1_candidate=2560_seed=42_debug=largestloss_ckpts/model_ckpt_010.pt.
09/23/2021 12:25:11 - INFO - __main__ - Saving the current error examples (len=24) to the memory.
09/23/2021 12:25:11 - INFO - __main__ - Current memory size: 252.
09/23/2021 12:25:11 - INFO - __main__ - Using randomly generated memory keys for ER and MIR.
09/23/2021 12:25:11 - INFO - __main__ - Finished.
09/23/2021 12:25:11 - INFO - __main__ - --------------------------------------------------
09/23/2021 12:25:11 - INFO - __main__ - Not doing replay-based eval.
09/23/2021 12:25:11 - INFO - __main__ - Evaluating to get errors .... Timecode: 10
09/23/2021 12:25:15 - INFO - __main__ - Before Error Fixing: 0.15625
09/23/2021 12:25:15 - INFO - __main__ - Found 27 errors.
09/23/2021 12:25:15 - INFO - __main__ - Triggering Sampling from Memory and starting to replay.
09/23/2021 12:25:15 - INFO - __main__ - Current memory size: 276.
09/23/2021 12:25:15 - INFO - __main__ - get_top_interfered_examples: len(candidate_examples)=276;
09/23/2021 12:25:22 - INFO - __main__ - retrieved candidates ids = ['mrqa_squad-validation-5517', 'mrqa_squad-validation-7149', 'mrqa_triviaqa-validation-7021', 'mrqa_triviaqa-validation-4268', 'mrqa_triviaqa-validation-1792', 'mrqa_hotpotqa-validation-1888', 'mrqa_triviaqa-validation-2096', 'mrqa_squad-validation-6947', 'mrqa_naturalquestions-validation-7017', 'mrqa_hotpotqa-validation-3161', 'mrqa_squad-validation-4283', 'mrqa_triviaqa-validation-7369', 'mrqa_squad-validation-8832', 'mrqa_squad-validation-8513', 'mrqa_naturalquestions-validation-5579', 'mrqa_naturalquestions-validation-1301', 'mrqa_squad-validation-2531', 'mrqa_squad-validation-4185', 'mrqa_squad-validation-8542', 'mrqa_hotpotqa-validation-1626', 'mrqa_naturalquestions-validation-4165', 'mrqa_hotpotqa-validation-4734', 'mrqa_hotpotqa-validation-5128', 'mrqa_triviaqa-validation-6800', 'mrqa_naturalquestions-validation-9688', 'mrqa_squad-validation-10322', 'mrqa_hotpotqa-validation-5810', 'mrqa_triviaqa-validation-5362', 'mrqa_hotpotqa-validation-4212', 'mrqa_naturalquestions-validation-321', 'mrqa_triviaqa-validation-5704', 'mrqa_triviaqa-validation-7767']
09/23/2021 12:25:22 - INFO - __main__ - Mixed the retrieved examples (len=32) to the current batch for training.
09/23/2021 12:25:22 - INFO - __main__ - Start bug-fixing (len(examples_to_train)=59) .... Timecode: 10
09/23/2021 12:25:35 - INFO - __main__ - Start bug-fixing .... Done!
09/23/2021 12:25:35 - INFO - __main__ - Evaluating again to analyze the performance .... Timecode: 10
09/23/2021 12:25:39 - INFO - __main__ - After Error Fixing: 0.875
09/23/2021 12:25:39 - INFO - __main__ - Instant Fixing Rate: 0.9259259259259259
09/23/2021 12:25:39 - INFO - __main__ - Instant Retention Rate: 0.5999999988
09/23/2021 12:25:40 - INFO - __main__ - Model saved to exp_results/dynamic_stream/memory_based/ckpt_dir/0923_MixedAllErrors_T=50_mir_M=I_replaysize=32_upstream=All_meanloss=Yes_mix=Yes_freq=1_candidate=2560_seed=42_debug=largestloss_ckpts/model_ckpt_011.pt.
09/23/2021 12:25:41 - INFO - __main__ - Saving the current error examples (len=27) to the memory.
09/23/2021 12:25:41 - INFO - __main__ - Current memory size: 276.
09/23/2021 12:25:41 - INFO - __main__ - Using randomly generated memory keys for ER and MIR.
09/23/2021 12:25:41 - INFO - __main__ - Finished.
09/23/2021 12:25:41 - INFO - __main__ - --------------------------------------------------
09/23/2021 12:25:41 - INFO - __main__ - Not doing replay-based eval.
09/23/2021 12:25:41 - INFO - __main__ - Evaluating to get errors .... Timecode: 11
09/23/2021 12:25:44 - INFO - __main__ - Before Error Fixing: 0.125
09/23/2021 12:25:44 - INFO - __main__ - Found 28 errors.
09/23/2021 12:25:44 - INFO - __main__ - Triggering Sampling from Memory and starting to replay.
09/23/2021 12:25:44 - INFO - __main__ - Current memory size: 303.
09/23/2021 12:25:44 - INFO - __main__ - get_top_interfered_examples: len(candidate_examples)=303;
09/23/2021 12:25:51 - INFO - __main__ - retrieved candidates ids = ['mrqa_naturalquestions-validation-1618', 'mrqa_squad-validation-4181', 'mrqa_hotpotqa-validation-1934', 'mrqa_squad-validation-1539', 'mrqa_triviaqa-validation-1575', 'mrqa_triviaqa-validation-1550', 'mrqa_squad-validation-8513', 'mrqa_hotpotqa-validation-4825', 'mrqa_hotpotqa-validation-14', 'mrqa_triviaqa-validation-1551', 'mrqa_triviaqa-validation-5937', 'mrqa_naturalquestions-validation-3828', 'mrqa_squad-validation-5622', 'mrqa_hotpotqa-validation-5823', 'mrqa_squad-validation-6915', 'mrqa_naturalquestions-validation-5651', 'mrqa_naturalquestions-validation-1301', 'mrqa_naturalquestions-validation-8744', 'mrqa_squad-validation-273', 'mrqa_naturalquestions-validation-10205', 'mrqa_triviaqa-validation-4856', 'mrqa_squad-validation-4318', 'mrqa_naturalquestions-validation-484', 'mrqa_hotpotqa-validation-3161', 'mrqa_hotpotqa-validation-3978', 'mrqa_squad-validation-9281', 'mrqa_hotpotqa-validation-2970', 'mrqa_hotpotqa-validation-3149', 'mrqa_naturalquestions-validation-7511', 'mrqa_triviaqa-validation-1437', 'mrqa_naturalquestions-validation-2571', 'mrqa_triviaqa-validation-1451']
09/23/2021 12:25:51 - INFO - __main__ - Mixed the retrieved examples (len=32) to the current batch for training.
09/23/2021 12:25:51 - INFO - __main__ - Start bug-fixing (len(examples_to_train)=60) .... Timecode: 11
09/23/2021 12:26:04 - INFO - __main__ - Start bug-fixing .... Done!
09/23/2021 12:26:04 - INFO - __main__ - Evaluating again to analyze the performance .... Timecode: 11
09/23/2021 12:26:08 - INFO - __main__ - After Error Fixing: 0.90625
09/23/2021 12:26:08 - INFO - __main__ - Instant Fixing Rate: 1.0
09/23/2021 12:26:08 - INFO - __main__ - Instant Retention Rate: 0.249999999375
09/23/2021 12:26:10 - INFO - __main__ - Model saved to exp_results/dynamic_stream/memory_based/ckpt_dir/0923_MixedAllErrors_T=50_mir_M=I_replaysize=32_upstream=All_meanloss=Yes_mix=Yes_freq=1_candidate=2560_seed=42_debug=largestloss_ckpts/model_ckpt_012.pt.
09/23/2021 12:26:10 - INFO - __main__ - Saving the current error examples (len=28) to the memory.
09/23/2021 12:26:10 - INFO - __main__ - Current memory size: 303.
09/23/2021 12:26:10 - INFO - __main__ - Using randomly generated memory keys for ER and MIR.
09/23/2021 12:26:10 - INFO - __main__ - Finished.
09/23/2021 12:26:10 - INFO - __main__ - --------------------------------------------------
09/23/2021 12:26:10 - INFO - __main__ - Not doing replay-based eval.
09/23/2021 12:26:10 - INFO - __main__ - Evaluating to get errors .... Timecode: 12
09/23/2021 12:26:13 - INFO - __main__ - Before Error Fixing: 0.1875
09/23/2021 12:26:13 - INFO - __main__ - Found 26 errors.
09/23/2021 12:26:13 - INFO - __main__ - Triggering Sampling from Memory and starting to replay.
09/23/2021 12:26:13 - INFO - __main__ - Current memory size: 331.
09/23/2021 12:26:13 - INFO - __main__ - get_top_interfered_examples: len(candidate_examples)=331;
09/23/2021 12:26:21 - INFO - __main__ - retrieved candidates ids = ['mrqa_hotpotqa-validation-983', 'mrqa_hotpotqa-validation-3419', 'mrqa_triviaqa-validation-6887', 'mrqa_naturalquestions-validation-6733', 'mrqa_naturalquestions-validation-754', 'mrqa_hotpotqa-validation-5117', 'mrqa_squad-validation-6297', 'mrqa_triviaqa-validation-3647', 'mrqa_hotpotqa-validation-5682', 'mrqa_triviaqa-validation-7382', 'mrqa_naturalquestions-validation-5180', 'mrqa_hotpotqa-validation-5810', 'mrqa_naturalquestions-validation-3828', 'mrqa_triviaqa-validation-2376', 'mrqa_squad-validation-2987', 'mrqa_hotpotqa-validation-5651', 'mrqa_triviaqa-validation-1551', 'mrqa_triviaqa-validation-7332', 'mrqa_squad-validation-3058', 'mrqa_naturalquestions-validation-98', 'mrqa_naturalquestions-validation-1682', 'mrqa_hotpotqa-validation-3191', 'mrqa_triviaqa-validation-792', 'mrqa_triviaqa-validation-5231', 'mrqa_squad-validation-3490', 'mrqa_naturalquestions-validation-8744', 'mrqa_triviaqa-validation-3901', 'mrqa_squad-validation-3558', 'mrqa_triviaqa-validation-1935', 'mrqa_naturalquestions-validation-2900', 'mrqa_naturalquestions-validation-484', 'mrqa_naturalquestions-validation-8006']
09/23/2021 12:26:21 - INFO - __main__ - Mixed the retrieved examples (len=32) to the current batch for training.
09/23/2021 12:26:21 - INFO - __main__ - Start bug-fixing (len(examples_to_train)=58) .... Timecode: 12
09/23/2021 12:26:34 - INFO - __main__ - Start bug-fixing .... Done!
09/23/2021 12:26:34 - INFO - __main__ - Evaluating again to analyze the performance .... Timecode: 12
09/23/2021 12:26:38 - INFO - __main__ - After Error Fixing: 0.96875
09/23/2021 12:26:38 - INFO - __main__ - Instant Fixing Rate: 1.0
09/23/2021 12:26:38 - INFO - __main__ - Instant Retention Rate: 0.8333333319444445
09/23/2021 12:26:40 - INFO - __main__ - Model saved to exp_results/dynamic_stream/memory_based/ckpt_dir/0923_MixedAllErrors_T=50_mir_M=I_replaysize=32_upstream=All_meanloss=Yes_mix=Yes_freq=1_candidate=2560_seed=42_debug=largestloss_ckpts/model_ckpt_013.pt.
09/23/2021 12:26:40 - INFO - __main__ - Saving the current error examples (len=26) to the memory.
09/23/2021 12:26:40 - INFO - __main__ - Current memory size: 331.
09/23/2021 12:26:40 - INFO - __main__ - Using randomly generated memory keys for ER and MIR.
09/23/2021 12:26:40 - INFO - __main__ - Finished.
09/23/2021 12:26:40 - INFO - __main__ - --------------------------------------------------
09/23/2021 12:26:40 - INFO - __main__ - Not doing replay-based eval.
09/23/2021 12:26:40 - INFO - __main__ - Evaluating to get errors .... Timecode: 13
09/23/2021 12:26:43 - INFO - __main__ - Before Error Fixing: 0.15625
09/23/2021 12:26:43 - INFO - __main__ - Found 27 errors.
09/23/2021 12:26:43 - INFO - __main__ - Triggering Sampling from Memory and starting to replay.
09/23/2021 12:26:43 - INFO - __main__ - Current memory size: 357.
09/23/2021 12:26:43 - INFO - __main__ - get_top_interfered_examples: len(candidate_examples)=357;
