09/23/2021 11:38:04 - INFO - __main__ - Namespace(adam_epsilon=1e-08, adapter_dim=32, append_another_bos=1, base_model_path='out/mrqa_naturalquestions_bart-base_0617v4/best-model.pt', base_model_type='facebook/bart-base', bug_stream_json_path='bug_data/mrqa_naturalquestions_dev.static_bug_stream.json', cl_method_name='er', current_thread_id=None, data_stream_json_path='exp_results/data_streams/mrqa.mixed.data_stream.test.json', do_lowercase=False, ewc_gamma=1, ewc_lambda=0.5, example_encoder_name='roberta-base', freeze_embeds=False, gradient_accumulation_steps=1, inference_query_size=1, learning_rate=3e-05, local_adapt_lr=1e-05, max_grad_norm=0.1, max_input_length=888, max_output_length=50, max_timecode=50, memory_key_cache_path='na', memory_key_encoder='facebook/bart-base', memory_path='exp_results/dynamic_stream/memory_based/ckpt_dir/0923_MixedAllErrors_T=50_er_M=I_replaysize=32_upstream=All_mix=Yes_freq=1_seed=0212_ckpts/memory_dict.pkl', memory_store_rate=1.0, mir_debug_largestloss=False, mir_debug_reverse=False, num_adapt_epochs=0, num_beams=4, num_threads_eval=0, num_train_epochs=5.0, overtime_ckpt_dir='exp_results/dynamic_stream/memory_based/ckpt_dir/0923_MixedAllErrors_T=50_er_M=I_replaysize=32_upstream=All_mix=Yes_freq=1_seed=0212_ckpts/', pass_pool_jsonl_path='exp_results/data_streams/mrqa.mixed.hidden_passes.jsonl', path_to_thread_result=None, predict_batch_size=16, prefix='0923_MixedAllErrors_T=50_er_M=I_replaysize=32_upstream=All_mix=Yes_freq=1_seed=0212', replay_candidate_size=8, replay_frequency=1, replay_size=32, replay_stream_json_path='', result_file='exp_results/dynamic_stream/memory_based/results/0923_MixedAllErrors_T=50_er_M=I_replaysize=32_upstream=All_mix=Yes_freq=1_seed=0212_result.json', sampled_upstream_json_path='data/mrqa_naturalquestions/mrqa_naturalquestions_train.jsonl', save_all_ckpts=1, seed=212, stream_mode='dynamic', task_emb_dim=768, task_name='mrqa_naturalquestions', train_batch_size=8, use_replay_mix=True, use_sampled_upstream=False, weight_decay=0.01)
09/23/2021 11:38:05 - INFO - transformers.tokenization_utils - loading file https://s3.amazonaws.com/models.huggingface.co/bert/roberta-large-vocab.json from cache at /private/home/yuchenlin/.cache/torch/transformers/1ae1f5b6e2b22b25ccc04c000bb79ca847aa226d0761536b011cf7e5868f0655.ef00af9e673c7160b4d41cfda1f48c5f4cba57d5142754525572a846a1ab1b9b
09/23/2021 11:38:05 - INFO - transformers.tokenization_utils - loading file https://s3.amazonaws.com/models.huggingface.co/bert/roberta-large-merges.txt from cache at /private/home/yuchenlin/.cache/torch/transformers/f8f83199a6270d582d6245dc100e99c4155de81c9745c6248077018fe01abcfb.70bec105b4158ed9a1747fea67a43f5dee97855c64d62b6ec3742f4cfdb5feda
09/23/2021 11:38:11 - INFO - __main__ - Not creating the replay-stream for evaluation.
09/23/2021 11:38:14 - INFO - __main__ - Loading checkpoint from out/mrqa_naturalquestions_bart-base_0617v4/best-model.pt for facebook/bart-base .....
09/23/2021 11:38:18 - INFO - transformers.configuration_utils - loading configuration file https://s3.amazonaws.com/models.huggingface.co/bert/facebook/bart-base/config.json from cache at /private/home/yuchenlin/.cache/torch/transformers/09f4fcaeaf785dd3b97b085d6e3510c7081f586ec8e75981683c6299c0f81d9d.e8d516ad807436d395effad8c2326786872659b7dd1210827ac67c761198a0eb
09/23/2021 11:38:18 - INFO - transformers.configuration_utils - Model config BartConfig {
  "activation_dropout": 0.1,
  "activation_function": "gelu",
  "add_bias_logits": false,
  "add_final_layer_norm": false,
  "architectures": [
    "BartModel",
    "BartForConditionalGeneration",
    "BartForSequenceClassification"
  ],
  "attention_dropout": 0.1,
  "bos_token_id": 0,
  "classif_dropout": 0.0,
  "d_model": 768,
  "decoder_attention_heads": 12,
  "decoder_ffn_dim": 3072,
  "decoder_layerdrop": 0.0,
  "decoder_layers": 6,
  "decoder_start_token_id": 2,
  "dropout": 0.1,
  "early_stopping": true,
  "encoder_attention_heads": 12,
  "encoder_ffn_dim": 3072,
  "encoder_layerdrop": 0.0,
  "encoder_layers": 6,
  "eos_token_id": 2,
  "id2label": {
    "0": "LABEL_0",
    "1": "LABEL_1",
    "2": "LABEL_2"
  },
  "init_std": 0.02,
  "is_encoder_decoder": true,
  "label2id": {
    "LABEL_0": 0,
    "LABEL_1": 1,
    "LABEL_2": 2
  },
  "max_position_embeddings": 1024,
  "model_type": "bart",
  "no_repeat_ngram_size": 3,
  "normalize_before": false,
  "normalize_embedding": true,
  "num_beams": 4,
  "num_hidden_layers": 6,
  "pad_token_id": 1,
  "scale_embedding": false,
  "static_position_embeddings": false,
  "task_specific_params": {
    "summarization": {
      "length_penalty": 1.0,
      "max_length": 128,
      "min_length": 12,
      "num_beams": 4
    },
    "summarization_cnn": {
      "length_penalty": 2.0,
      "max_length": 142,
      "min_length": 56,
      "num_beams": 4
    },
    "summarization_xsum": {
      "length_penalty": 1.0,
      "max_length": 62,
      "min_length": 11,
      "num_beams": 6
    }
  },
  "vocab_size": 50265
}

09/23/2021 11:38:18 - INFO - transformers.modeling_utils - loading weights file https://cdn.huggingface.co/facebook/bart-base/pytorch_model.bin from cache at /private/home/yuchenlin/.cache/torch/transformers/566c05fb6983817e8ad7a4fa51e3099fe9caa3b31730f964bc5198d71c677523.0a3d95c18c1e434448941bc25accea7b122882be6526fb67c8e8fb6d5ebc711c
09/23/2021 11:38:23 - INFO - __main__ - Loading checkpoint from out/mrqa_naturalquestions_bart-base_0617v4/best-model.pt for facebook/bart-base ..... Done!
09/23/2021 11:38:28 - INFO - __main__ - Moving to the GPUs.
09/23/2021 11:38:28 - INFO - __main__ - Debugger Setup ......
09/23/2021 11:38:28 - INFO - __main__ - debugger_args: Namespace(adam_epsilon=1e-08, gradient_accumulation_steps=1, inference_query_size=1, learning_rate=3e-05, local_adapt_lr=1e-05, max_grad_norm=0.1, memory_key_cache_path='na', memory_key_encoder='facebook/bart-base', memory_path='exp_results/dynamic_stream/memory_based/ckpt_dir/0923_MixedAllErrors_T=50_er_M=I_replaysize=32_upstream=All_mix=Yes_freq=1_seed=0212_ckpts/memory_dict.pkl', memory_store_rate=1.0, num_adapt_epochs=0, num_epochs=5.0, overtime_ckpt_dir='exp_results/dynamic_stream/memory_based/ckpt_dir/0923_MixedAllErrors_T=50_er_M=I_replaysize=32_upstream=All_mix=Yes_freq=1_seed=0212_ckpts/', replay_candidate_size=8, replay_frequency=1, replay_size=32, save_all_ckpts=1, total_steps=10000, use_replay_mix=True, warmup_steps=0, weight_decay=0.01) ......
09/23/2021 11:38:28 - INFO - __main__ - Debugger Setup ...... Done!
09/23/2021 11:38:28 - INFO - __main__ - Starting to load the key encoder (facebook/bart-base) for the memory module.
09/23/2021 11:38:28 - INFO - transformers.tokenization_utils - Model name 'facebook/bart-base' not found in model shortcut name list (bart-large, bart-large-mnli, bart-large-cnn, bart-large-xsum). Assuming 'facebook/bart-base' is a path, a model identifier, or url to a directory containing tokenizer files.
09/23/2021 11:38:29 - INFO - transformers.tokenization_utils - loading file https://s3.amazonaws.com/models.huggingface.co/bert/facebook/bart-base/vocab.json from cache at /private/home/yuchenlin/.cache/torch/transformers/7a7fc1746df9ea150ffd06a23351e5854c2105db3a0be1e0307dfd74fbf4a65c.ef00af9e673c7160b4d41cfda1f48c5f4cba57d5142754525572a846a1ab1b9b
09/23/2021 11:38:29 - INFO - transformers.tokenization_utils - loading file https://s3.amazonaws.com/models.huggingface.co/bert/facebook/bart-base/merges.txt from cache at /private/home/yuchenlin/.cache/torch/transformers/3d0d1735635ef097afbf08cf5af21618c94286b8e8b53cfb9bd6cdcfc91d4e14.70bec105b4158ed9a1747fea67a43f5dee97855c64d62b6ec3742f4cfdb5feda
09/23/2021 11:38:29 - INFO - transformers.tokenization_utils - loading file https://s3.amazonaws.com/models.huggingface.co/bert/facebook/bart-base/added_tokens.json from cache at None
09/23/2021 11:38:29 - INFO - transformers.tokenization_utils - loading file https://s3.amazonaws.com/models.huggingface.co/bert/facebook/bart-base/special_tokens_map.json from cache at None
09/23/2021 11:38:29 - INFO - transformers.tokenization_utils - loading file https://s3.amazonaws.com/models.huggingface.co/bert/facebook/bart-base/tokenizer_config.json from cache at None
09/23/2021 11:38:30 - INFO - transformers.configuration_utils - loading configuration file https://s3.amazonaws.com/models.huggingface.co/bert/facebook/bart-base/config.json from cache at /private/home/yuchenlin/.cache/torch/transformers/09f4fcaeaf785dd3b97b085d6e3510c7081f586ec8e75981683c6299c0f81d9d.e8d516ad807436d395effad8c2326786872659b7dd1210827ac67c761198a0eb
09/23/2021 11:38:30 - INFO - transformers.configuration_utils - Model config BartConfig {
  "activation_dropout": 0.1,
  "activation_function": "gelu",
  "add_bias_logits": false,
  "add_final_layer_norm": false,
  "architectures": [
    "BartModel",
    "BartForConditionalGeneration",
    "BartForSequenceClassification"
  ],
  "attention_dropout": 0.1,
  "bos_token_id": 0,
  "classif_dropout": 0.0,
  "d_model": 768,
  "decoder_attention_heads": 12,
  "decoder_ffn_dim": 3072,
  "decoder_layerdrop": 0.0,
  "decoder_layers": 6,
  "decoder_start_token_id": 2,
  "dropout": 0.1,
  "early_stopping": true,
  "encoder_attention_heads": 12,
  "encoder_ffn_dim": 3072,
  "encoder_layerdrop": 0.0,
  "encoder_layers": 6,
  "eos_token_id": 2,
  "id2label": {
    "0": "LABEL_0",
    "1": "LABEL_1",
    "2": "LABEL_2"
  },
  "init_std": 0.02,
  "is_encoder_decoder": true,
  "label2id": {
    "LABEL_0": 0,
    "LABEL_1": 1,
    "LABEL_2": 2
  },
  "max_position_embeddings": 1024,
  "model_type": "bart",
  "no_repeat_ngram_size": 3,
  "normalize_before": false,
  "normalize_embedding": true,
  "num_beams": 4,
  "num_hidden_layers": 6,
  "pad_token_id": 1,
  "scale_embedding": false,
  "static_position_embeddings": false,
  "task_specific_params": {
    "summarization": {
      "length_penalty": 1.0,
      "max_length": 128,
      "min_length": 12,
      "num_beams": 4
    },
    "summarization_cnn": {
      "length_penalty": 2.0,
      "max_length": 142,
      "min_length": 56,
      "num_beams": 4
    },
    "summarization_xsum": {
      "length_penalty": 1.0,
      "max_length": 62,
      "min_length": 11,
      "num_beams": 6
    }
  },
  "vocab_size": 50265
}

09/23/2021 11:38:30 - INFO - transformers.modeling_utils - loading weights file https://cdn.huggingface.co/facebook/bart-base/pytorch_model.bin from cache at /private/home/yuchenlin/.cache/torch/transformers/566c05fb6983817e8ad7a4fa51e3099fe9caa3b31730f964bc5198d71c677523.0a3d95c18c1e434448941bc25accea7b122882be6526fb67c8e8fb6d5ebc711c
09/23/2021 11:38:37 - INFO - __main__ - Finished.
09/23/2021 11:38:37 - INFO - __main__ - Warning: exp_results/dynamic_stream/memory_based/ckpt_dir/0923_MixedAllErrors_T=50_er_M=I_replaysize=32_upstream=All_mix=Yes_freq=1_seed=0212_ckpts/memory_dict.pkl doesn't exist.
09/23/2021 11:38:37 - INFO - __main__ - Initializing an empty memory key cache.
09/23/2021 11:38:37 - INFO - __main__ - Start Online Debugging with Dynamic Error Mode
09/23/2021 11:38:37 - INFO - __main__ - Number of Batches of Data: 100
09/23/2021 11:38:37 - INFO - __main__ - Data Batch Size: 32;
09/23/2021 11:38:40 - INFO - __main__ - Model saved to exp_results/dynamic_stream/memory_based/ckpt_dir/0923_MixedAllErrors_T=50_er_M=I_replaysize=32_upstream=All_mix=Yes_freq=1_seed=0212_ckpts/model_ckpt_000.pt.
09/23/2021 11:38:40 - INFO - __main__ - Not doing replay-based eval.
09/23/2021 11:38:40 - INFO - __main__ - Evaluating to get errors .... Timecode: 0
09/23/2021 11:38:44 - INFO - __main__ - Before Error Fixing: 0.0
09/23/2021 11:38:44 - INFO - __main__ - Found 32 errors.
09/23/2021 11:38:44 - INFO - __main__ - Start bug-fixing (len(examples_to_train)=32) .... Timecode: 0
09/23/2021 11:38:52 - INFO - __main__ - Start bug-fixing .... Done!
09/23/2021 11:38:52 - INFO - __main__ - Evaluating again to analyze the performance .... Timecode: 0
09/23/2021 11:38:54 - INFO - __main__ - After Error Fixing: 0.90625
09/23/2021 11:38:54 - INFO - __main__ - Instant Fixing Rate: 0.90625
09/23/2021 11:38:54 - INFO - __main__ - Instant Retention Rate: 0.0
09/23/2021 11:38:57 - INFO - __main__ - Model saved to exp_results/dynamic_stream/memory_based/ckpt_dir/0923_MixedAllErrors_T=50_er_M=I_replaysize=32_upstream=All_mix=Yes_freq=1_seed=0212_ckpts/model_ckpt_001.pt.
09/23/2021 11:38:57 - INFO - __main__ - Saving the current error examples (len=32) to the memory.
09/23/2021 11:38:57 - INFO - __main__ - Current memory size: 0.
09/23/2021 11:38:57 - INFO - __main__ - Using randomly generated memory keys for ER and MIR.
09/23/2021 11:38:57 - INFO - __main__ - Finished.
09/23/2021 11:38:57 - INFO - __main__ - --------------------------------------------------
09/23/2021 11:38:57 - INFO - __main__ - Not doing replay-based eval.
09/23/2021 11:38:57 - INFO - __main__ - Evaluating to get errors .... Timecode: 1
09/23/2021 11:39:01 - INFO - __main__ - Before Error Fixing: 0.21875
09/23/2021 11:39:01 - INFO - __main__ - Found 25 errors.
09/23/2021 11:39:01 - INFO - __main__ - Triggering Sampling from Memory and starting to replay.
09/23/2021 11:39:01 - INFO - __main__ - Current memory size: 32.
09/23/2021 11:39:01 - INFO - __main__ - Mixed the retrieved examples (len=32) to the current batch for training.
09/23/2021 11:39:01 - INFO - __main__ - Start bug-fixing (len(examples_to_train)=57) .... Timecode: 1
09/23/2021 11:39:14 - INFO - __main__ - Start bug-fixing .... Done!
09/23/2021 11:39:14 - INFO - __main__ - Evaluating again to analyze the performance .... Timecode: 1
09/23/2021 11:39:18 - INFO - __main__ - After Error Fixing: 0.84375
09/23/2021 11:39:18 - INFO - __main__ - Instant Fixing Rate: 0.92
09/23/2021 11:39:18 - INFO - __main__ - Instant Retention Rate: 0.571428570612245
09/23/2021 11:39:21 - INFO - __main__ - Model saved to exp_results/dynamic_stream/memory_based/ckpt_dir/0923_MixedAllErrors_T=50_er_M=I_replaysize=32_upstream=All_mix=Yes_freq=1_seed=0212_ckpts/model_ckpt_002.pt.
09/23/2021 11:39:21 - INFO - __main__ - Saving the current error examples (len=25) to the memory.
09/23/2021 11:39:21 - INFO - __main__ - Current memory size: 32.
09/23/2021 11:39:21 - INFO - __main__ - Using randomly generated memory keys for ER and MIR.
09/23/2021 11:39:21 - INFO - __main__ - Finished.
09/23/2021 11:39:21 - INFO - __main__ - --------------------------------------------------
09/23/2021 11:39:21 - INFO - __main__ - Not doing replay-based eval.
09/23/2021 11:39:21 - INFO - __main__ - Evaluating to get errors .... Timecode: 2
09/23/2021 11:39:24 - INFO - __main__ - Before Error Fixing: 0.03125
09/23/2021 11:39:24 - INFO - __main__ - Found 31 errors.
09/23/2021 11:39:24 - INFO - __main__ - Triggering Sampling from Memory and starting to replay.
09/23/2021 11:39:24 - INFO - __main__ - Current memory size: 57.
09/23/2021 11:39:24 - INFO - __main__ - Mixed the retrieved examples (len=32) to the current batch for training.
09/23/2021 11:39:24 - INFO - __main__ - Start bug-fixing (len(examples_to_train)=63) .... Timecode: 2
09/23/2021 11:39:37 - INFO - __main__ - Start bug-fixing .... Done!
09/23/2021 11:39:37 - INFO - __main__ - Evaluating again to analyze the performance .... Timecode: 2
09/23/2021 11:39:41 - INFO - __main__ - After Error Fixing: 0.96875
09/23/2021 11:39:41 - INFO - __main__ - Instant Fixing Rate: 1.0
09/23/2021 11:39:41 - INFO - __main__ - Instant Retention Rate: 0.0
09/23/2021 11:39:44 - INFO - __main__ - Model saved to exp_results/dynamic_stream/memory_based/ckpt_dir/0923_MixedAllErrors_T=50_er_M=I_replaysize=32_upstream=All_mix=Yes_freq=1_seed=0212_ckpts/model_ckpt_003.pt.
09/23/2021 11:39:44 - INFO - __main__ - Saving the current error examples (len=31) to the memory.
09/23/2021 11:39:44 - INFO - __main__ - Current memory size: 57.
09/23/2021 11:39:44 - INFO - __main__ - Using randomly generated memory keys for ER and MIR.
09/23/2021 11:39:44 - INFO - __main__ - Finished.
09/23/2021 11:39:44 - INFO - __main__ - --------------------------------------------------
09/23/2021 11:39:44 - INFO - __main__ - Not doing replay-based eval.
09/23/2021 11:39:44 - INFO - __main__ - Evaluating to get errors .... Timecode: 3
09/23/2021 11:39:47 - INFO - __main__ - Before Error Fixing: 0.125
09/23/2021 11:39:47 - INFO - __main__ - Found 28 errors.
09/23/2021 11:39:47 - INFO - __main__ - Triggering Sampling from Memory and starting to replay.
09/23/2021 11:39:47 - INFO - __main__ - Current memory size: 88.
09/23/2021 11:39:47 - INFO - __main__ - Mixed the retrieved examples (len=32) to the current batch for training.
09/23/2021 11:39:47 - INFO - __main__ - Start bug-fixing (len(examples_to_train)=60) .... Timecode: 3
09/23/2021 11:40:00 - INFO - __main__ - Start bug-fixing .... Done!
09/23/2021 11:40:00 - INFO - __main__ - Evaluating again to analyze the performance .... Timecode: 3
09/23/2021 11:40:03 - INFO - __main__ - After Error Fixing: 0.96875
09/23/2021 11:40:03 - INFO - __main__ - Instant Fixing Rate: 0.9642857142857143
09/23/2021 11:40:03 - INFO - __main__ - Instant Retention Rate: 0.9999999975
09/23/2021 11:40:06 - INFO - __main__ - Model saved to exp_results/dynamic_stream/memory_based/ckpt_dir/0923_MixedAllErrors_T=50_er_M=I_replaysize=32_upstream=All_mix=Yes_freq=1_seed=0212_ckpts/model_ckpt_004.pt.
09/23/2021 11:40:06 - INFO - __main__ - Saving the current error examples (len=28) to the memory.
09/23/2021 11:40:06 - INFO - __main__ - Current memory size: 88.
09/23/2021 11:40:06 - INFO - __main__ - Using randomly generated memory keys for ER and MIR.
09/23/2021 11:40:06 - INFO - __main__ - Finished.
09/23/2021 11:40:06 - INFO - __main__ - --------------------------------------------------
09/23/2021 11:40:06 - INFO - __main__ - Not doing replay-based eval.
09/23/2021 11:40:06 - INFO - __main__ - Evaluating to get errors .... Timecode: 4
09/23/2021 11:40:10 - INFO - __main__ - Before Error Fixing: 0.1875
09/23/2021 11:40:10 - INFO - __main__ - Found 26 errors.
09/23/2021 11:40:10 - INFO - __main__ - Triggering Sampling from Memory and starting to replay.
09/23/2021 11:40:10 - INFO - __main__ - Current memory size: 116.
09/23/2021 11:40:10 - INFO - __main__ - Mixed the retrieved examples (len=32) to the current batch for training.
09/23/2021 11:40:10 - INFO - __main__ - Start bug-fixing (len(examples_to_train)=58) .... Timecode: 4
09/23/2021 11:40:23 - INFO - __main__ - Start bug-fixing .... Done!
09/23/2021 11:40:23 - INFO - __main__ - Evaluating again to analyze the performance .... Timecode: 4
09/23/2021 11:40:26 - INFO - __main__ - After Error Fixing: 0.875
09/23/2021 11:40:26 - INFO - __main__ - Instant Fixing Rate: 0.9615384615384616
09/23/2021 11:40:26 - INFO - __main__ - Instant Retention Rate: 0.49999999916666665
09/23/2021 11:40:28 - INFO - __main__ - Model saved to exp_results/dynamic_stream/memory_based/ckpt_dir/0923_MixedAllErrors_T=50_er_M=I_replaysize=32_upstream=All_mix=Yes_freq=1_seed=0212_ckpts/model_ckpt_005.pt.
09/23/2021 11:40:28 - INFO - __main__ - Saving the current error examples (len=26) to the memory.
09/23/2021 11:40:28 - INFO - __main__ - Current memory size: 116.
09/23/2021 11:40:28 - INFO - __main__ - Using randomly generated memory keys for ER and MIR.
09/23/2021 11:40:28 - INFO - __main__ - Finished.
09/23/2021 11:40:28 - INFO - __main__ - --------------------------------------------------
09/23/2021 11:40:28 - INFO - __main__ - Not doing replay-based eval.
09/23/2021 11:40:28 - INFO - __main__ - Evaluating to get errors .... Timecode: 5
09/23/2021 11:40:31 - INFO - __main__ - Before Error Fixing: 0.09375
09/23/2021 11:40:31 - INFO - __main__ - Found 29 errors.
09/23/2021 11:40:31 - INFO - __main__ - Triggering Sampling from Memory and starting to replay.
09/23/2021 11:40:31 - INFO - __main__ - Current memory size: 142.
09/23/2021 11:40:31 - INFO - __main__ - Mixed the retrieved examples (len=32) to the current batch for training.
09/23/2021 11:40:31 - INFO - __main__ - Start bug-fixing (len(examples_to_train)=61) .... Timecode: 5
09/23/2021 11:40:45 - INFO - __main__ - Start bug-fixing .... Done!
09/23/2021 11:40:45 - INFO - __main__ - Evaluating again to analyze the performance .... Timecode: 5
09/23/2021 11:40:47 - INFO - __main__ - After Error Fixing: 0.90625
09/23/2021 11:40:47 - INFO - __main__ - Instant Fixing Rate: 0.9310344827586207
09/23/2021 11:40:47 - INFO - __main__ - Instant Retention Rate: 0.6666666644444444
09/23/2021 11:40:49 - INFO - __main__ - Model saved to exp_results/dynamic_stream/memory_based/ckpt_dir/0923_MixedAllErrors_T=50_er_M=I_replaysize=32_upstream=All_mix=Yes_freq=1_seed=0212_ckpts/model_ckpt_006.pt.
09/23/2021 11:40:49 - INFO - __main__ - Saving the current error examples (len=29) to the memory.
09/23/2021 11:40:49 - INFO - __main__ - Current memory size: 142.
09/23/2021 11:40:49 - INFO - __main__ - Using randomly generated memory keys for ER and MIR.
09/23/2021 11:40:49 - INFO - __main__ - Finished.
09/23/2021 11:40:49 - INFO - __main__ - --------------------------------------------------
09/23/2021 11:40:49 - INFO - __main__ - Not doing replay-based eval.
09/23/2021 11:40:49 - INFO - __main__ - Evaluating to get errors .... Timecode: 6
09/23/2021 11:40:53 - INFO - __main__ - Before Error Fixing: 0.0625
09/23/2021 11:40:53 - INFO - __main__ - Found 30 errors.
09/23/2021 11:40:53 - INFO - __main__ - Triggering Sampling from Memory and starting to replay.
09/23/2021 11:40:53 - INFO - __main__ - Current memory size: 171.
09/23/2021 11:40:53 - INFO - __main__ - Mixed the retrieved examples (len=32) to the current batch for training.
09/23/2021 11:40:53 - INFO - __main__ - Start bug-fixing (len(examples_to_train)=62) .... Timecode: 6
09/23/2021 11:41:06 - INFO - __main__ - Start bug-fixing .... Done!
09/23/2021 11:41:06 - INFO - __main__ - Evaluating again to analyze the performance .... Timecode: 6
09/23/2021 11:41:09 - INFO - __main__ - After Error Fixing: 0.96875
09/23/2021 11:41:09 - INFO - __main__ - Instant Fixing Rate: 0.9666666666666667
09/23/2021 11:41:09 - INFO - __main__ - Instant Retention Rate: 0.999999995
09/23/2021 11:41:11 - INFO - __main__ - Model saved to exp_results/dynamic_stream/memory_based/ckpt_dir/0923_MixedAllErrors_T=50_er_M=I_replaysize=32_upstream=All_mix=Yes_freq=1_seed=0212_ckpts/model_ckpt_007.pt.
09/23/2021 11:41:11 - INFO - __main__ - Saving the current error examples (len=30) to the memory.
09/23/2021 11:41:11 - INFO - __main__ - Current memory size: 171.
09/23/2021 11:41:11 - INFO - __main__ - Using randomly generated memory keys for ER and MIR.
09/23/2021 11:41:11 - INFO - __main__ - Finished.
09/23/2021 11:41:11 - INFO - __main__ - --------------------------------------------------
09/23/2021 11:41:11 - INFO - __main__ - Not doing replay-based eval.
09/23/2021 11:41:11 - INFO - __main__ - Evaluating to get errors .... Timecode: 7
09/23/2021 11:41:14 - INFO - __main__ - Before Error Fixing: 0.1875
09/23/2021 11:41:14 - INFO - __main__ - Found 26 errors.
09/23/2021 11:41:14 - INFO - __main__ - Triggering Sampling from Memory and starting to replay.
09/23/2021 11:41:14 - INFO - __main__ - Current memory size: 201.
09/23/2021 11:41:14 - INFO - __main__ - Mixed the retrieved examples (len=32) to the current batch for training.
09/23/2021 11:41:14 - INFO - __main__ - Start bug-fixing (len(examples_to_train)=58) .... Timecode: 7
09/23/2021 11:41:26 - INFO - __main__ - Start bug-fixing .... Done!
09/23/2021 11:41:26 - INFO - __main__ - Evaluating again to analyze the performance .... Timecode: 7
09/23/2021 11:41:29 - INFO - __main__ - After Error Fixing: 0.96875
09/23/2021 11:41:29 - INFO - __main__ - Instant Fixing Rate: 1.0
09/23/2021 11:41:29 - INFO - __main__ - Instant Retention Rate: 0.8333333319444445
09/23/2021 11:41:31 - INFO - __main__ - Model saved to exp_results/dynamic_stream/memory_based/ckpt_dir/0923_MixedAllErrors_T=50_er_M=I_replaysize=32_upstream=All_mix=Yes_freq=1_seed=0212_ckpts/model_ckpt_008.pt.
09/23/2021 11:41:31 - INFO - __main__ - Saving the current error examples (len=26) to the memory.
09/23/2021 11:41:31 - INFO - __main__ - Current memory size: 201.
09/23/2021 11:41:31 - INFO - __main__ - Using randomly generated memory keys for ER and MIR.
09/23/2021 11:41:31 - INFO - __main__ - Finished.
09/23/2021 11:41:31 - INFO - __main__ - --------------------------------------------------
09/23/2021 11:41:31 - INFO - __main__ - Not doing replay-based eval.
09/23/2021 11:41:31 - INFO - __main__ - Evaluating to get errors .... Timecode: 8
09/23/2021 11:41:34 - INFO - __main__ - Before Error Fixing: 0.15625
09/23/2021 11:41:34 - INFO - __main__ - Found 27 errors.
09/23/2021 11:41:34 - INFO - __main__ - Triggering Sampling from Memory and starting to replay.
09/23/2021 11:41:34 - INFO - __main__ - Current memory size: 227.
09/23/2021 11:41:34 - INFO - __main__ - Mixed the retrieved examples (len=32) to the current batch for training.
09/23/2021 11:41:34 - INFO - __main__ - Start bug-fixing (len(examples_to_train)=59) .... Timecode: 8
09/23/2021 11:41:46 - INFO - __main__ - Start bug-fixing .... Done!
09/23/2021 11:41:46 - INFO - __main__ - Evaluating again to analyze the performance .... Timecode: 8
09/23/2021 11:41:48 - INFO - __main__ - After Error Fixing: 0.9375
09/23/2021 11:41:48 - INFO - __main__ - Instant Fixing Rate: 0.9629629629629629
09/23/2021 11:41:48 - INFO - __main__ - Instant Retention Rate: 0.7999999984
09/23/2021 11:41:50 - INFO - __main__ - Model saved to exp_results/dynamic_stream/memory_based/ckpt_dir/0923_MixedAllErrors_T=50_er_M=I_replaysize=32_upstream=All_mix=Yes_freq=1_seed=0212_ckpts/model_ckpt_009.pt.
09/23/2021 11:41:50 - INFO - __main__ - Saving the current error examples (len=27) to the memory.
09/23/2021 11:41:50 - INFO - __main__ - Current memory size: 227.
09/23/2021 11:41:50 - INFO - __main__ - Using randomly generated memory keys for ER and MIR.
09/23/2021 11:41:50 - INFO - __main__ - Finished.
09/23/2021 11:41:50 - INFO - __main__ - --------------------------------------------------
09/23/2021 11:41:50 - INFO - __main__ - Not doing replay-based eval.
09/23/2021 11:41:50 - INFO - __main__ - Evaluating to get errors .... Timecode: 9
09/23/2021 11:41:54 - INFO - __main__ - Before Error Fixing: 0.21875
09/23/2021 11:41:54 - INFO - __main__ - Found 25 errors.
09/23/2021 11:41:54 - INFO - __main__ - Triggering Sampling from Memory and starting to replay.
09/23/2021 11:41:54 - INFO - __main__ - Current memory size: 254.
09/23/2021 11:41:54 - INFO - __main__ - Mixed the retrieved examples (len=32) to the current batch for training.
09/23/2021 11:41:54 - INFO - __main__ - Start bug-fixing (len(examples_to_train)=57) .... Timecode: 9
09/23/2021 11:42:07 - INFO - __main__ - Start bug-fixing .... Done!
09/23/2021 11:42:07 - INFO - __main__ - Evaluating again to analyze the performance .... Timecode: 9
09/23/2021 11:42:10 - INFO - __main__ - After Error Fixing: 0.84375
09/23/2021 11:42:10 - INFO - __main__ - Instant Fixing Rate: 0.88
09/23/2021 11:42:10 - INFO - __main__ - Instant Retention Rate: 0.7142857132653061
09/23/2021 11:42:12 - INFO - __main__ - Model saved to exp_results/dynamic_stream/memory_based/ckpt_dir/0923_MixedAllErrors_T=50_er_M=I_replaysize=32_upstream=All_mix=Yes_freq=1_seed=0212_ckpts/model_ckpt_010.pt.
09/23/2021 11:42:12 - INFO - __main__ - Saving the current error examples (len=25) to the memory.
09/23/2021 11:42:12 - INFO - __main__ - Current memory size: 254.
09/23/2021 11:42:12 - INFO - __main__ - Using randomly generated memory keys for ER and MIR.
09/23/2021 11:42:12 - INFO - __main__ - Finished.
09/23/2021 11:42:12 - INFO - __main__ - --------------------------------------------------
09/23/2021 11:42:12 - INFO - __main__ - Not doing replay-based eval.
09/23/2021 11:42:12 - INFO - __main__ - Evaluating to get errors .... Timecode: 10
09/23/2021 11:42:16 - INFO - __main__ - Before Error Fixing: 0.28125
09/23/2021 11:42:16 - INFO - __main__ - Found 23 errors.
09/23/2021 11:42:16 - INFO - __main__ - Triggering Sampling from Memory and starting to replay.
09/23/2021 11:42:16 - INFO - __main__ - Current memory size: 279.
09/23/2021 11:42:16 - INFO - __main__ - Mixed the retrieved examples (len=32) to the current batch for training.
09/23/2021 11:42:16 - INFO - __main__ - Start bug-fixing (len(examples_to_train)=55) .... Timecode: 10
09/23/2021 11:42:28 - INFO - __main__ - Start bug-fixing .... Done!
09/23/2021 11:42:28 - INFO - __main__ - Evaluating again to analyze the performance .... Timecode: 10
09/23/2021 11:42:31 - INFO - __main__ - After Error Fixing: 0.8125
09/23/2021 11:42:31 - INFO - __main__ - Instant Fixing Rate: 0.8260869565217391
09/23/2021 11:42:31 - INFO - __main__ - Instant Retention Rate: 0.7777777769135802
09/23/2021 11:42:33 - INFO - __main__ - Model saved to exp_results/dynamic_stream/memory_based/ckpt_dir/0923_MixedAllErrors_T=50_er_M=I_replaysize=32_upstream=All_mix=Yes_freq=1_seed=0212_ckpts/model_ckpt_011.pt.
09/23/2021 11:42:33 - INFO - __main__ - Saving the current error examples (len=23) to the memory.
09/23/2021 11:42:33 - INFO - __main__ - Current memory size: 279.
09/23/2021 11:42:33 - INFO - __main__ - Using randomly generated memory keys for ER and MIR.
09/23/2021 11:42:33 - INFO - __main__ - Finished.
09/23/2021 11:42:33 - INFO - __main__ - --------------------------------------------------
09/23/2021 11:42:33 - INFO - __main__ - Not doing replay-based eval.
09/23/2021 11:42:33 - INFO - __main__ - Evaluating to get errors .... Timecode: 11
09/23/2021 11:42:37 - INFO - __main__ - Before Error Fixing: 0.0625
09/23/2021 11:42:37 - INFO - __main__ - Found 30 errors.
09/23/2021 11:42:37 - INFO - __main__ - Triggering Sampling from Memory and starting to replay.
09/23/2021 11:42:37 - INFO - __main__ - Current memory size: 302.
09/23/2021 11:42:37 - INFO - __main__ - Mixed the retrieved examples (len=32) to the current batch for training.
09/23/2021 11:42:37 - INFO - __main__ - Start bug-fixing (len(examples_to_train)=62) .... Timecode: 11
09/23/2021 11:42:51 - INFO - __main__ - Start bug-fixing .... Done!
09/23/2021 11:42:51 - INFO - __main__ - Evaluating again to analyze the performance .... Timecode: 11
09/23/2021 11:42:54 - INFO - __main__ - After Error Fixing: 0.96875
09/23/2021 11:42:54 - INFO - __main__ - Instant Fixing Rate: 1.0
09/23/2021 11:42:54 - INFO - __main__ - Instant Retention Rate: 0.4999999975
09/23/2021 11:42:56 - INFO - __main__ - Model saved to exp_results/dynamic_stream/memory_based/ckpt_dir/0923_MixedAllErrors_T=50_er_M=I_replaysize=32_upstream=All_mix=Yes_freq=1_seed=0212_ckpts/model_ckpt_012.pt.
09/23/2021 11:42:56 - INFO - __main__ - Saving the current error examples (len=30) to the memory.
09/23/2021 11:42:56 - INFO - __main__ - Current memory size: 302.
09/23/2021 11:42:56 - INFO - __main__ - Using randomly generated memory keys for ER and MIR.
09/23/2021 11:42:56 - INFO - __main__ - Finished.
09/23/2021 11:42:56 - INFO - __main__ - --------------------------------------------------
09/23/2021 11:42:56 - INFO - __main__ - Not doing replay-based eval.
09/23/2021 11:42:56 - INFO - __main__ - Evaluating to get errors .... Timecode: 12
09/23/2021 11:43:00 - INFO - __main__ - Before Error Fixing: 0.15625
09/23/2021 11:43:00 - INFO - __main__ - Found 27 errors.
09/23/2021 11:43:00 - INFO - __main__ - Triggering Sampling from Memory and starting to replay.
09/23/2021 11:43:00 - INFO - __main__ - Current memory size: 332.
09/23/2021 11:43:00 - INFO - __main__ - Mixed the retrieved examples (len=32) to the current batch for training.
09/23/2021 11:43:00 - INFO - __main__ - Start bug-fixing (len(examples_to_train)=59) .... Timecode: 12
09/23/2021 11:43:13 - INFO - __main__ - Start bug-fixing .... Done!
09/23/2021 11:43:13 - INFO - __main__ - Evaluating again to analyze the performance .... Timecode: 12
09/23/2021 11:43:17 - INFO - __main__ - After Error Fixing: 0.90625
09/23/2021 11:43:17 - INFO - __main__ - Instant Fixing Rate: 0.9629629629629629
09/23/2021 11:43:17 - INFO - __main__ - Instant Retention Rate: 0.5999999988
09/23/2021 11:43:19 - INFO - __main__ - Model saved to exp_results/dynamic_stream/memory_based/ckpt_dir/0923_MixedAllErrors_T=50_er_M=I_replaysize=32_upstream=All_mix=Yes_freq=1_seed=0212_ckpts/model_ckpt_013.pt.
09/23/2021 11:43:19 - INFO - __main__ - Saving the current error examples (len=27) to the memory.
09/23/2021 11:43:19 - INFO - __main__ - Current memory size: 332.
09/23/2021 11:43:19 - INFO - __main__ - Using randomly generated memory keys for ER and MIR.
09/23/2021 11:43:19 - INFO - __main__ - Finished.
09/23/2021 11:43:19 - INFO - __main__ - --------------------------------------------------
09/23/2021 11:43:19 - INFO - __main__ - Not doing replay-based eval.
09/23/2021 11:43:19 - INFO - __main__ - Evaluating to get errors .... Timecode: 13
09/23/2021 11:43:23 - INFO - __main__ - Before Error Fixing: 0.125
09/23/2021 11:43:23 - INFO - __main__ - Found 28 errors.
09/23/2021 11:43:23 - INFO - __main__ - Triggering Sampling from Memory and starting to replay.
09/23/2021 11:43:23 - INFO - __main__ - Current memory size: 359.
09/23/2021 11:43:23 - INFO - __main__ - Mixed the retrieved examples (len=32) to the current batch for training.
09/23/2021 11:43:23 - INFO - __main__ - Start bug-fixing (len(examples_to_train)=60) .... Timecode: 13
09/23/2021 11:43:35 - INFO - __main__ - Start bug-fixing .... Done!
09/23/2021 11:43:35 - INFO - __main__ - Evaluating again to analyze the performance .... Timecode: 13
09/23/2021 11:43:39 - INFO - __main__ - After Error Fixing: 0.9375
09/23/2021 11:43:39 - INFO - __main__ - Instant Fixing Rate: 0.9642857142857143
09/23/2021 11:43:39 - INFO - __main__ - Instant Retention Rate: 0.7499999981250001
09/23/2021 11:43:41 - INFO - __main__ - Model saved to exp_results/dynamic_stream/memory_based/ckpt_dir/0923_MixedAllErrors_T=50_er_M=I_replaysize=32_upstream=All_mix=Yes_freq=1_seed=0212_ckpts/model_ckpt_014.pt.
09/23/2021 11:43:41 - INFO - __main__ - Saving the current error examples (len=28) to the memory.
09/23/2021 11:43:41 - INFO - __main__ - Current memory size: 359.
09/23/2021 11:43:41 - INFO - __main__ - Using randomly generated memory keys for ER and MIR.
09/23/2021 11:43:41 - INFO - __main__ - Finished.
09/23/2021 11:43:41 - INFO - __main__ - --------------------------------------------------
09/23/2021 11:43:41 - INFO - __main__ - Not doing replay-based eval.
09/23/2021 11:43:41 - INFO - __main__ - Evaluating to get errors .... Timecode: 14
09/23/2021 11:43:44 - INFO - __main__ - Before Error Fixing: 0.03125
09/23/2021 11:43:44 - INFO - __main__ - Found 31 errors.
09/23/2021 11:43:44 - INFO - __main__ - Triggering Sampling from Memory and starting to replay.
09/23/2021 11:43:44 - INFO - __main__ - Current memory size: 387.
09/23/2021 11:43:44 - INFO - __main__ - Mixed the retrieved examples (len=32) to the current batch for training.
09/23/2021 11:43:44 - INFO - __main__ - Start bug-fixing (len(examples_to_train)=63) .... Timecode: 14
09/23/2021 11:43:56 - INFO - __main__ - Start bug-fixing .... Done!
09/23/2021 11:43:56 - INFO - __main__ - Evaluating again to analyze the performance .... Timecode: 14
09/23/2021 11:44:00 - INFO - __main__ - After Error Fixing: 0.9375
09/23/2021 11:44:00 - INFO - __main__ - Instant Fixing Rate: 0.967741935483871
09/23/2021 11:44:00 - INFO - __main__ - Instant Retention Rate: 0.0
09/23/2021 11:44:02 - INFO - __main__ - Model saved to exp_results/dynamic_stream/memory_based/ckpt_dir/0923_MixedAllErrors_T=50_er_M=I_replaysize=32_upstream=All_mix=Yes_freq=1_seed=0212_ckpts/model_ckpt_015.pt.
09/23/2021 11:44:02 - INFO - __main__ - Saving the current error examples (len=31) to the memory.
09/23/2021 11:44:02 - INFO - __main__ - Current memory size: 387.
09/23/2021 11:44:02 - INFO - __main__ - Using randomly generated memory keys for ER and MIR.
09/23/2021 11:44:02 - INFO - __main__ - Finished.
09/23/2021 11:44:02 - INFO - __main__ - --------------------------------------------------
09/23/2021 11:44:02 - INFO - __main__ - Not doing replay-based eval.
09/23/2021 11:44:02 - INFO - __main__ - Evaluating to get errors .... Timecode: 15
09/23/2021 11:44:05 - INFO - __main__ - Before Error Fixing: 0.15625
09/23/2021 11:44:05 - INFO - __main__ - Found 27 errors.
09/23/2021 11:44:05 - INFO - __main__ - Triggering Sampling from Memory and starting to replay.
09/23/2021 11:44:05 - INFO - __main__ - Current memory size: 418.
09/23/2021 11:44:05 - INFO - __main__ - Mixed the retrieved examples (len=32) to the current batch for training.
09/23/2021 11:44:05 - INFO - __main__ - Start bug-fixing (len(examples_to_train)=59) .... Timecode: 15
09/23/2021 11:44:19 - INFO - __main__ - Start bug-fixing .... Done!
09/23/2021 11:44:19 - INFO - __main__ - Evaluating again to analyze the performance .... Timecode: 15
09/23/2021 11:44:22 - INFO - __main__ - After Error Fixing: 0.9375
09/23/2021 11:44:22 - INFO - __main__ - Instant Fixing Rate: 1.0
09/23/2021 11:44:22 - INFO - __main__ - Instant Retention Rate: 0.5999999988
09/23/2021 11:44:24 - INFO - __main__ - Model saved to exp_results/dynamic_stream/memory_based/ckpt_dir/0923_MixedAllErrors_T=50_er_M=I_replaysize=32_upstream=All_mix=Yes_freq=1_seed=0212_ckpts/model_ckpt_016.pt.
09/23/2021 11:44:24 - INFO - __main__ - Saving the current error examples (len=27) to the memory.
09/23/2021 11:44:24 - INFO - __main__ - Current memory size: 418.
09/23/2021 11:44:24 - INFO - __main__ - Using randomly generated memory keys for ER and MIR.
09/23/2021 11:44:24 - INFO - __main__ - Finished.
09/23/2021 11:44:24 - INFO - __main__ - --------------------------------------------------
09/23/2021 11:44:24 - INFO - __main__ - Not doing replay-based eval.
09/23/2021 11:44:24 - INFO - __main__ - Evaluating to get errors .... Timecode: 16
09/23/2021 11:44:27 - INFO - __main__ - Before Error Fixing: 0.125
09/23/2021 11:44:27 - INFO - __main__ - Found 28 errors.
09/23/2021 11:44:27 - INFO - __main__ - Triggering Sampling from Memory and starting to replay.
09/23/2021 11:44:27 - INFO - __main__ - Current memory size: 445.
09/23/2021 11:44:27 - INFO - __main__ - Mixed the retrieved examples (len=32) to the current batch for training.
09/23/2021 11:44:27 - INFO - __main__ - Start bug-fixing (len(examples_to_train)=60) .... Timecode: 16
09/23/2021 11:44:41 - INFO - __main__ - Start bug-fixing .... Done!
09/23/2021 11:44:41 - INFO - __main__ - Evaluating again to analyze the performance .... Timecode: 16
09/23/2021 11:44:45 - INFO - __main__ - After Error Fixing: 0.78125
09/23/2021 11:44:45 - INFO - __main__ - Instant Fixing Rate: 0.8571428571428571
09/23/2021 11:44:45 - INFO - __main__ - Instant Retention Rate: 0.249999999375
09/23/2021 11:44:47 - INFO - __main__ - Model saved to exp_results/dynamic_stream/memory_based/ckpt_dir/0923_MixedAllErrors_T=50_er_M=I_replaysize=32_upstream=All_mix=Yes_freq=1_seed=0212_ckpts/model_ckpt_017.pt.
09/23/2021 11:44:47 - INFO - __main__ - Saving the current error examples (len=28) to the memory.
09/23/2021 11:44:47 - INFO - __main__ - Current memory size: 445.
09/23/2021 11:44:47 - INFO - __main__ - Using randomly generated memory keys for ER and MIR.
09/23/2021 11:44:47 - INFO - __main__ - Finished.
09/23/2021 11:44:47 - INFO - __main__ - --------------------------------------------------
09/23/2021 11:44:47 - INFO - __main__ - Not doing replay-based eval.
09/23/2021 11:44:47 - INFO - __main__ - Evaluating to get errors .... Timecode: 17
09/23/2021 11:44:50 - INFO - __main__ - Before Error Fixing: 0.09375
09/23/2021 11:44:50 - INFO - __main__ - Found 29 errors.
09/23/2021 11:44:50 - INFO - __main__ - Triggering Sampling from Memory and starting to replay.
09/23/2021 11:44:50 - INFO - __main__ - Current memory size: 473.
09/23/2021 11:44:50 - INFO - __main__ - Mixed the retrieved examples (len=32) to the current batch for training.
09/23/2021 11:44:50 - INFO - __main__ - Start bug-fixing (len(examples_to_train)=61) .... Timecode: 17
09/23/2021 11:45:03 - INFO - __main__ - Start bug-fixing .... Done!
09/23/2021 11:45:03 - INFO - __main__ - Evaluating again to analyze the performance .... Timecode: 17
09/23/2021 11:45:07 - INFO - __main__ - After Error Fixing: 0.875
09/23/2021 11:45:07 - INFO - __main__ - Instant Fixing Rate: 0.9310344827586207
09/23/2021 11:45:07 - INFO - __main__ - Instant Retention Rate: 0.3333333322222222
09/23/2021 11:45:09 - INFO - __main__ - Model saved to exp_results/dynamic_stream/memory_based/ckpt_dir/0923_MixedAllErrors_T=50_er_M=I_replaysize=32_upstream=All_mix=Yes_freq=1_seed=0212_ckpts/model_ckpt_018.pt.
09/23/2021 11:45:09 - INFO - __main__ - Saving the current error examples (len=29) to the memory.
09/23/2021 11:45:09 - INFO - __main__ - Current memory size: 473.
09/23/2021 11:45:09 - INFO - __main__ - Using randomly generated memory keys for ER and MIR.
09/23/2021 11:45:09 - INFO - __main__ - Finished.
09/23/2021 11:45:09 - INFO - __main__ - --------------------------------------------------
09/23/2021 11:45:09 - INFO - __main__ - Not doing replay-based eval.
09/23/2021 11:45:09 - INFO - __main__ - Evaluating to get errors .... Timecode: 18
09/23/2021 11:45:12 - INFO - __main__ - Before Error Fixing: 0.21875
09/23/2021 11:45:12 - INFO - __main__ - Found 25 errors.
09/23/2021 11:45:12 - INFO - __main__ - Triggering Sampling from Memory and starting to replay.
09/23/2021 11:45:12 - INFO - __main__ - Current memory size: 502.
09/23/2021 11:45:12 - INFO - __main__ - Mixed the retrieved examples (len=32) to the current batch for training.
09/23/2021 11:45:12 - INFO - __main__ - Start bug-fixing (len(examples_to_train)=57) .... Timecode: 18
09/23/2021 11:45:25 - INFO - __main__ - Start bug-fixing .... Done!
09/23/2021 11:45:25 - INFO - __main__ - Evaluating again to analyze the performance .... Timecode: 18
09/23/2021 11:45:28 - INFO - __main__ - After Error Fixing: 0.84375
09/23/2021 11:45:28 - INFO - __main__ - Instant Fixing Rate: 0.92
09/23/2021 11:45:28 - INFO - __main__ - Instant Retention Rate: 0.571428570612245
09/23/2021 11:45:30 - INFO - __main__ - Model saved to exp_results/dynamic_stream/memory_based/ckpt_dir/0923_MixedAllErrors_T=50_er_M=I_replaysize=32_upstream=All_mix=Yes_freq=1_seed=0212_ckpts/model_ckpt_019.pt.
09/23/2021 11:45:30 - INFO - __main__ - Saving the current error examples (len=25) to the memory.
09/23/2021 11:45:30 - INFO - __main__ - Current memory size: 502.
09/23/2021 11:45:30 - INFO - __main__ - Using randomly generated memory keys for ER and MIR.
09/23/2021 11:45:30 - INFO - __main__ - Finished.
09/23/2021 11:45:30 - INFO - __main__ - --------------------------------------------------
09/23/2021 11:45:30 - INFO - __main__ - Not doing replay-based eval.
09/23/2021 11:45:30 - INFO - __main__ - Evaluating to get errors .... Timecode: 19
09/23/2021 11:45:33 - INFO - __main__ - Before Error Fixing: 0.3125
09/23/2021 11:45:33 - INFO - __main__ - Found 22 errors.
09/23/2021 11:45:33 - INFO - __main__ - Triggering Sampling from Memory and starting to replay.
09/23/2021 11:45:33 - INFO - __main__ - Current memory size: 527.
09/23/2021 11:45:33 - INFO - __main__ - Mixed the retrieved examples (len=32) to the current batch for training.
09/23/2021 11:45:33 - INFO - __main__ - Start bug-fixing (len(examples_to_train)=54) .... Timecode: 19
09/23/2021 11:45:45 - INFO - __main__ - Start bug-fixing .... Done!
09/23/2021 11:45:45 - INFO - __main__ - Evaluating again to analyze the performance .... Timecode: 19
09/23/2021 11:45:49 - INFO - __main__ - After Error Fixing: 0.875
09/23/2021 11:45:49 - INFO - __main__ - Instant Fixing Rate: 1.0
09/23/2021 11:45:49 - INFO - __main__ - Instant Retention Rate: 0.5999999993999999
09/23/2021 11:45:51 - INFO - __main__ - Model saved to exp_results/dynamic_stream/memory_based/ckpt_dir/0923_MixedAllErrors_T=50_er_M=I_replaysize=32_upstream=All_mix=Yes_freq=1_seed=0212_ckpts/model_ckpt_020.pt.
09/23/2021 11:45:51 - INFO - __main__ - Saving the current error examples (len=22) to the memory.
09/23/2021 11:45:51 - INFO - __main__ - Current memory size: 527.
09/23/2021 11:45:51 - INFO - __main__ - Using randomly generated memory keys for ER and MIR.
09/23/2021 11:45:51 - INFO - __main__ - Finished.
09/23/2021 11:45:51 - INFO - __main__ - --------------------------------------------------
09/23/2021 11:45:51 - INFO - __main__ - Not doing replay-based eval.
09/23/2021 11:45:51 - INFO - __main__ - Evaluating to get errors .... Timecode: 20
09/23/2021 11:45:54 - INFO - __main__ - Before Error Fixing: 0.28125
09/23/2021 11:45:54 - INFO - __main__ - Found 23 errors.
09/23/2021 11:45:54 - INFO - __main__ - Triggering Sampling from Memory and starting to replay.
09/23/2021 11:45:54 - INFO - __main__ - Current memory size: 549.
09/23/2021 11:45:54 - INFO - __main__ - Mixed the retrieved examples (len=32) to the current batch for training.
09/23/2021 11:45:54 - INFO - __main__ - Start bug-fixing (len(examples_to_train)=55) .... Timecode: 20
09/23/2021 11:46:06 - INFO - __main__ - Start bug-fixing .... Done!
09/23/2021 11:46:06 - INFO - __main__ - Evaluating again to analyze the performance .... Timecode: 20
09/23/2021 11:46:10 - INFO - __main__ - After Error Fixing: 0.875
09/23/2021 11:46:10 - INFO - __main__ - Instant Fixing Rate: 0.9565217391304348
09/23/2021 11:46:10 - INFO - __main__ - Instant Retention Rate: 0.6666666659259258
09/23/2021 11:46:12 - INFO - __main__ - Model saved to exp_results/dynamic_stream/memory_based/ckpt_dir/0923_MixedAllErrors_T=50_er_M=I_replaysize=32_upstream=All_mix=Yes_freq=1_seed=0212_ckpts/model_ckpt_021.pt.
09/23/2021 11:46:12 - INFO - __main__ - Saving the current error examples (len=23) to the memory.
09/23/2021 11:46:12 - INFO - __main__ - Current memory size: 549.
09/23/2021 11:46:12 - INFO - __main__ - Using randomly generated memory keys for ER and MIR.
09/23/2021 11:46:12 - INFO - __main__ - Finished.
09/23/2021 11:46:12 - INFO - __main__ - --------------------------------------------------
09/23/2021 11:46:12 - INFO - __main__ - Not doing replay-based eval.
09/23/2021 11:46:12 - INFO - __main__ - Evaluating to get errors .... Timecode: 21
09/23/2021 11:46:16 - INFO - __main__ - Before Error Fixing: 0.15625
09/23/2021 11:46:16 - INFO - __main__ - Found 27 errors.
09/23/2021 11:46:16 - INFO - __main__ - Triggering Sampling from Memory and starting to replay.
09/23/2021 11:46:16 - INFO - __main__ - Current memory size: 572.
09/23/2021 11:46:16 - INFO - __main__ - Mixed the retrieved examples (len=32) to the current batch for training.
09/23/2021 11:46:16 - INFO - __main__ - Start bug-fixing (len(examples_to_train)=59) .... Timecode: 21
09/23/2021 11:46:29 - INFO - __main__ - Start bug-fixing .... Done!
09/23/2021 11:46:29 - INFO - __main__ - Evaluating again to analyze the performance .... Timecode: 21
09/23/2021 11:46:32 - INFO - __main__ - After Error Fixing: 0.96875
09/23/2021 11:46:32 - INFO - __main__ - Instant Fixing Rate: 0.9629629629629629
09/23/2021 11:46:32 - INFO - __main__ - Instant Retention Rate: 0.9999999980000001
09/23/2021 11:46:34 - INFO - __main__ - Model saved to exp_results/dynamic_stream/memory_based/ckpt_dir/0923_MixedAllErrors_T=50_er_M=I_replaysize=32_upstream=All_mix=Yes_freq=1_seed=0212_ckpts/model_ckpt_022.pt.
09/23/2021 11:46:34 - INFO - __main__ - Saving the current error examples (len=27) to the memory.
09/23/2021 11:46:34 - INFO - __main__ - Current memory size: 572.
09/23/2021 11:46:34 - INFO - __main__ - Using randomly generated memory keys for ER and MIR.
09/23/2021 11:46:34 - INFO - __main__ - Finished.
09/23/2021 11:46:34 - INFO - __main__ - --------------------------------------------------
09/23/2021 11:46:34 - INFO - __main__ - Not doing replay-based eval.
09/23/2021 11:46:34 - INFO - __main__ - Evaluating to get errors .... Timecode: 22
09/23/2021 11:46:38 - INFO - __main__ - Before Error Fixing: 0.15625
09/23/2021 11:46:38 - INFO - __main__ - Found 27 errors.
09/23/2021 11:46:38 - INFO - __main__ - Triggering Sampling from Memory and starting to replay.
09/23/2021 11:46:38 - INFO - __main__ - Current memory size: 599.
09/23/2021 11:46:38 - INFO - __main__ - Mixed the retrieved examples (len=32) to the current batch for training.
09/23/2021 11:46:38 - INFO - __main__ - Start bug-fixing (len(examples_to_train)=59) .... Timecode: 22
09/23/2021 11:46:51 - INFO - __main__ - Start bug-fixing .... Done!
09/23/2021 11:46:51 - INFO - __main__ - Evaluating again to analyze the performance .... Timecode: 22
09/23/2021 11:46:54 - INFO - __main__ - After Error Fixing: 0.90625
09/23/2021 11:46:54 - INFO - __main__ - Instant Fixing Rate: 0.9629629629629629
09/23/2021 11:46:54 - INFO - __main__ - Instant Retention Rate: 0.5999999988
09/23/2021 11:46:56 - INFO - __main__ - Model saved to exp_results/dynamic_stream/memory_based/ckpt_dir/0923_MixedAllErrors_T=50_er_M=I_replaysize=32_upstream=All_mix=Yes_freq=1_seed=0212_ckpts/model_ckpt_023.pt.
09/23/2021 11:46:56 - INFO - __main__ - Saving the current error examples (len=27) to the memory.
09/23/2021 11:46:56 - INFO - __main__ - Current memory size: 599.
09/23/2021 11:46:56 - INFO - __main__ - Using randomly generated memory keys for ER and MIR.
09/23/2021 11:46:56 - INFO - __main__ - Finished.
09/23/2021 11:46:56 - INFO - __main__ - --------------------------------------------------
09/23/2021 11:46:56 - INFO - __main__ - Not doing replay-based eval.
09/23/2021 11:46:56 - INFO - __main__ - Evaluating to get errors .... Timecode: 23
09/23/2021 11:47:00 - INFO - __main__ - Before Error Fixing: 0.15625
09/23/2021 11:47:00 - INFO - __main__ - Found 27 errors.
09/23/2021 11:47:00 - INFO - __main__ - Triggering Sampling from Memory and starting to replay.
09/23/2021 11:47:00 - INFO - __main__ - Current memory size: 626.
09/23/2021 11:47:00 - INFO - __main__ - Mixed the retrieved examples (len=32) to the current batch for training.
09/23/2021 11:47:00 - INFO - __main__ - Start bug-fixing (len(examples_to_train)=59) .... Timecode: 23
09/23/2021 11:47:13 - INFO - __main__ - Start bug-fixing .... Done!
09/23/2021 11:47:13 - INFO - __main__ - Evaluating again to analyze the performance .... Timecode: 23
09/23/2021 11:47:17 - INFO - __main__ - After Error Fixing: 0.90625
09/23/2021 11:47:17 - INFO - __main__ - Instant Fixing Rate: 0.8888888888888888
09/23/2021 11:47:17 - INFO - __main__ - Instant Retention Rate: 0.9999999980000001
09/23/2021 11:47:19 - INFO - __main__ - Model saved to exp_results/dynamic_stream/memory_based/ckpt_dir/0923_MixedAllErrors_T=50_er_M=I_replaysize=32_upstream=All_mix=Yes_freq=1_seed=0212_ckpts/model_ckpt_024.pt.
09/23/2021 11:47:19 - INFO - __main__ - Saving the current error examples (len=27) to the memory.
09/23/2021 11:47:19 - INFO - __main__ - Current memory size: 626.
09/23/2021 11:47:19 - INFO - __main__ - Using randomly generated memory keys for ER and MIR.
09/23/2021 11:47:19 - INFO - __main__ - Finished.
09/23/2021 11:47:19 - INFO - __main__ - --------------------------------------------------
09/23/2021 11:47:19 - INFO - __main__ - Not doing replay-based eval.
09/23/2021 11:47:19 - INFO - __main__ - Evaluating to get errors .... Timecode: 24
09/23/2021 11:47:23 - INFO - __main__ - Before Error Fixing: 0.21875
09/23/2021 11:47:23 - INFO - __main__ - Found 25 errors.
09/23/2021 11:47:23 - INFO - __main__ - Triggering Sampling from Memory and starting to replay.
09/23/2021 11:47:23 - INFO - __main__ - Current memory size: 653.
09/23/2021 11:47:23 - INFO - __main__ - Mixed the retrieved examples (len=32) to the current batch for training.
09/23/2021 11:47:23 - INFO - __main__ - Start bug-fixing (len(examples_to_train)=57) .... Timecode: 24
09/23/2021 11:47:36 - INFO - __main__ - Start bug-fixing .... Done!
09/23/2021 11:47:36 - INFO - __main__ - Evaluating again to analyze the performance .... Timecode: 24
09/23/2021 11:47:40 - INFO - __main__ - After Error Fixing: 0.78125
09/23/2021 11:47:40 - INFO - __main__ - Instant Fixing Rate: 0.84
09/23/2021 11:47:40 - INFO - __main__ - Instant Retention Rate: 0.571428570612245
09/23/2021 11:47:41 - INFO - __main__ - Model saved to exp_results/dynamic_stream/memory_based/ckpt_dir/0923_MixedAllErrors_T=50_er_M=I_replaysize=32_upstream=All_mix=Yes_freq=1_seed=0212_ckpts/model_ckpt_025.pt.
09/23/2021 11:47:42 - INFO - __main__ - Saving the current error examples (len=25) to the memory.
09/23/2021 11:47:42 - INFO - __main__ - Current memory size: 653.
09/23/2021 11:47:42 - INFO - __main__ - Using randomly generated memory keys for ER and MIR.
09/23/2021 11:47:42 - INFO - __main__ - Finished.
09/23/2021 11:47:42 - INFO - __main__ - --------------------------------------------------
09/23/2021 11:47:42 - INFO - __main__ - Not doing replay-based eval.
09/23/2021 11:47:42 - INFO - __main__ - Evaluating to get errors .... Timecode: 25
09/23/2021 11:47:45 - INFO - __main__ - Before Error Fixing: 0.34375
09/23/2021 11:47:45 - INFO - __main__ - Found 21 errors.
09/23/2021 11:47:45 - INFO - __main__ - Triggering Sampling from Memory and starting to replay.
09/23/2021 11:47:45 - INFO - __main__ - Current memory size: 678.
09/23/2021 11:47:45 - INFO - __main__ - Mixed the retrieved examples (len=32) to the current batch for training.
09/23/2021 11:47:45 - INFO - __main__ - Start bug-fixing (len(examples_to_train)=53) .... Timecode: 25
09/23/2021 11:47:57 - INFO - __main__ - Start bug-fixing .... Done!
09/23/2021 11:47:57 - INFO - __main__ - Evaluating again to analyze the performance .... Timecode: 25
09/23/2021 11:48:00 - INFO - __main__ - After Error Fixing: 0.875
09/23/2021 11:48:00 - INFO - __main__ - Instant Fixing Rate: 0.9523809523809523
09/23/2021 11:48:00 - INFO - __main__ - Instant Retention Rate: 0.7272727266115702
09/23/2021 11:48:02 - INFO - __main__ - Model saved to exp_results/dynamic_stream/memory_based/ckpt_dir/0923_MixedAllErrors_T=50_er_M=I_replaysize=32_upstream=All_mix=Yes_freq=1_seed=0212_ckpts/model_ckpt_026.pt.
09/23/2021 11:48:02 - INFO - __main__ - Saving the current error examples (len=21) to the memory.
09/23/2021 11:48:02 - INFO - __main__ - Current memory size: 678.
09/23/2021 11:48:02 - INFO - __main__ - Using randomly generated memory keys for ER and MIR.
09/23/2021 11:48:02 - INFO - __main__ - Finished.
09/23/2021 11:48:02 - INFO - __main__ - --------------------------------------------------
09/23/2021 11:48:02 - INFO - __main__ - Not doing replay-based eval.
09/23/2021 11:48:02 - INFO - __main__ - Evaluating to get errors .... Timecode: 26
09/23/2021 11:48:05 - INFO - __main__ - Before Error Fixing: 0.28125
09/23/2021 11:48:05 - INFO - __main__ - Found 23 errors.
09/23/2021 11:48:05 - INFO - __main__ - Triggering Sampling from Memory and starting to replay.
09/23/2021 11:48:05 - INFO - __main__ - Current memory size: 699.
09/23/2021 11:48:05 - INFO - __main__ - Mixed the retrieved examples (len=32) to the current batch for training.
09/23/2021 11:48:05 - INFO - __main__ - Start bug-fixing (len(examples_to_train)=55) .... Timecode: 26
09/23/2021 11:48:18 - INFO - __main__ - Start bug-fixing .... Done!
09/23/2021 11:48:18 - INFO - __main__ - Evaluating again to analyze the performance .... Timecode: 26
09/23/2021 11:48:21 - INFO - __main__ - After Error Fixing: 0.8125
09/23/2021 11:48:21 - INFO - __main__ - Instant Fixing Rate: 0.9130434782608695
09/23/2021 11:48:21 - INFO - __main__ - Instant Retention Rate: 0.5555555549382716
09/23/2021 11:48:23 - INFO - __main__ - Model saved to exp_results/dynamic_stream/memory_based/ckpt_dir/0923_MixedAllErrors_T=50_er_M=I_replaysize=32_upstream=All_mix=Yes_freq=1_seed=0212_ckpts/model_ckpt_027.pt.
09/23/2021 11:48:23 - INFO - __main__ - Saving the current error examples (len=23) to the memory.
09/23/2021 11:48:23 - INFO - __main__ - Current memory size: 699.
09/23/2021 11:48:23 - INFO - __main__ - Using randomly generated memory keys for ER and MIR.
09/23/2021 11:48:23 - INFO - __main__ - Finished.
09/23/2021 11:48:23 - INFO - __main__ - --------------------------------------------------
09/23/2021 11:48:23 - INFO - __main__ - Not doing replay-based eval.
09/23/2021 11:48:23 - INFO - __main__ - Evaluating to get errors .... Timecode: 27
09/23/2021 11:48:27 - INFO - __main__ - Before Error Fixing: 0.1875
09/23/2021 11:48:27 - INFO - __main__ - Found 26 errors.
09/23/2021 11:48:27 - INFO - __main__ - Triggering Sampling from Memory and starting to replay.
09/23/2021 11:48:27 - INFO - __main__ - Current memory size: 722.
09/23/2021 11:48:27 - INFO - __main__ - Mixed the retrieved examples (len=32) to the current batch for training.
09/23/2021 11:48:27 - INFO - __main__ - Start bug-fixing (len(examples_to_train)=58) .... Timecode: 27
09/23/2021 11:48:40 - INFO - __main__ - Start bug-fixing .... Done!
09/23/2021 11:48:40 - INFO - __main__ - Evaluating again to analyze the performance .... Timecode: 27
09/23/2021 11:48:44 - INFO - __main__ - After Error Fixing: 0.90625
09/23/2021 11:48:44 - INFO - __main__ - Instant Fixing Rate: 0.9615384615384616
09/23/2021 11:48:44 - INFO - __main__ - Instant Retention Rate: 0.6666666655555555
09/23/2021 11:48:46 - INFO - __main__ - Model saved to exp_results/dynamic_stream/memory_based/ckpt_dir/0923_MixedAllErrors_T=50_er_M=I_replaysize=32_upstream=All_mix=Yes_freq=1_seed=0212_ckpts/model_ckpt_028.pt.
09/23/2021 11:48:46 - INFO - __main__ - Saving the current error examples (len=26) to the memory.
09/23/2021 11:48:46 - INFO - __main__ - Current memory size: 722.
09/23/2021 11:48:46 - INFO - __main__ - Using randomly generated memory keys for ER and MIR.
09/23/2021 11:48:46 - INFO - __main__ - Finished.
09/23/2021 11:48:46 - INFO - __main__ - --------------------------------------------------
09/23/2021 11:48:46 - INFO - __main__ - Not doing replay-based eval.
09/23/2021 11:48:46 - INFO - __main__ - Evaluating to get errors .... Timecode: 28
09/23/2021 11:48:49 - INFO - __main__ - Before Error Fixing: 0.1875
09/23/2021 11:48:49 - INFO - __main__ - Found 26 errors.
09/23/2021 11:48:49 - INFO - __main__ - Triggering Sampling from Memory and starting to replay.
09/23/2021 11:48:49 - INFO - __main__ - Current memory size: 748.
09/23/2021 11:48:49 - INFO - __main__ - Mixed the retrieved examples (len=32) to the current batch for training.
09/23/2021 11:48:49 - INFO - __main__ - Start bug-fixing (len(examples_to_train)=58) .... Timecode: 28
09/23/2021 11:49:02 - INFO - __main__ - Start bug-fixing .... Done!
09/23/2021 11:49:02 - INFO - __main__ - Evaluating again to analyze the performance .... Timecode: 28
09/23/2021 11:49:06 - INFO - __main__ - After Error Fixing: 0.90625
09/23/2021 11:49:06 - INFO - __main__ - Instant Fixing Rate: 0.9230769230769231
09/23/2021 11:49:06 - INFO - __main__ - Instant Retention Rate: 0.8333333319444445
09/23/2021 11:49:08 - INFO - __main__ - Model saved to exp_results/dynamic_stream/memory_based/ckpt_dir/0923_MixedAllErrors_T=50_er_M=I_replaysize=32_upstream=All_mix=Yes_freq=1_seed=0212_ckpts/model_ckpt_029.pt.
09/23/2021 11:49:08 - INFO - __main__ - Saving the current error examples (len=26) to the memory.
09/23/2021 11:49:08 - INFO - __main__ - Current memory size: 748.
09/23/2021 11:49:08 - INFO - __main__ - Using randomly generated memory keys for ER and MIR.
09/23/2021 11:49:08 - INFO - __main__ - Finished.
09/23/2021 11:49:08 - INFO - __main__ - --------------------------------------------------
09/23/2021 11:49:08 - INFO - __main__ - Not doing replay-based eval.
09/23/2021 11:49:08 - INFO - __main__ - Evaluating to get errors .... Timecode: 29
09/23/2021 11:49:11 - INFO - __main__ - Before Error Fixing: 0.09375
09/23/2021 11:49:11 - INFO - __main__ - Found 29 errors.
09/23/2021 11:49:11 - INFO - __main__ - Triggering Sampling from Memory and starting to replay.
09/23/2021 11:49:11 - INFO - __main__ - Current memory size: 774.
09/23/2021 11:49:11 - INFO - __main__ - Mixed the retrieved examples (len=32) to the current batch for training.
09/23/2021 11:49:11 - INFO - __main__ - Start bug-fixing (len(examples_to_train)=61) .... Timecode: 29
09/23/2021 11:49:24 - INFO - __main__ - Start bug-fixing .... Done!
09/23/2021 11:49:24 - INFO - __main__ - Evaluating again to analyze the performance .... Timecode: 29
09/23/2021 11:49:28 - INFO - __main__ - After Error Fixing: 0.90625
09/23/2021 11:49:28 - INFO - __main__ - Instant Fixing Rate: 0.9655172413793104
09/23/2021 11:49:28 - INFO - __main__ - Instant Retention Rate: 0.3333333322222222
09/23/2021 11:49:30 - INFO - __main__ - Model saved to exp_results/dynamic_stream/memory_based/ckpt_dir/0923_MixedAllErrors_T=50_er_M=I_replaysize=32_upstream=All_mix=Yes_freq=1_seed=0212_ckpts/model_ckpt_030.pt.
09/23/2021 11:49:30 - INFO - __main__ - Saving the current error examples (len=29) to the memory.
09/23/2021 11:49:30 - INFO - __main__ - Current memory size: 774.
09/23/2021 11:49:30 - INFO - __main__ - Using randomly generated memory keys for ER and MIR.
09/23/2021 11:49:30 - INFO - __main__ - Finished.
09/23/2021 11:49:30 - INFO - __main__ - --------------------------------------------------
09/23/2021 11:49:30 - INFO - __main__ - Not doing replay-based eval.
09/23/2021 11:49:30 - INFO - __main__ - Evaluating to get errors .... Timecode: 30
09/23/2021 11:49:34 - INFO - __main__ - Before Error Fixing: 0.0625
09/23/2021 11:49:34 - INFO - __main__ - Found 30 errors.
09/23/2021 11:49:34 - INFO - __main__ - Triggering Sampling from Memory and starting to replay.
09/23/2021 11:49:34 - INFO - __main__ - Current memory size: 803.
09/23/2021 11:49:34 - INFO - __main__ - Mixed the retrieved examples (len=32) to the current batch for training.
09/23/2021 11:49:34 - INFO - __main__ - Start bug-fixing (len(examples_to_train)=62) .... Timecode: 30
09/23/2021 11:49:48 - INFO - __main__ - Start bug-fixing .... Done!
09/23/2021 11:49:48 - INFO - __main__ - Evaluating again to analyze the performance .... Timecode: 30
09/23/2021 11:49:52 - INFO - __main__ - After Error Fixing: 0.90625
09/23/2021 11:49:52 - INFO - __main__ - Instant Fixing Rate: 0.9333333333333333
09/23/2021 11:49:52 - INFO - __main__ - Instant Retention Rate: 0.4999999975
09/23/2021 11:49:54 - INFO - __main__ - Model saved to exp_results/dynamic_stream/memory_based/ckpt_dir/0923_MixedAllErrors_T=50_er_M=I_replaysize=32_upstream=All_mix=Yes_freq=1_seed=0212_ckpts/model_ckpt_031.pt.
09/23/2021 11:49:54 - INFO - __main__ - Saving the current error examples (len=30) to the memory.
09/23/2021 11:49:54 - INFO - __main__ - Current memory size: 803.
09/23/2021 11:49:54 - INFO - __main__ - Using randomly generated memory keys for ER and MIR.
09/23/2021 11:49:54 - INFO - __main__ - Finished.
09/23/2021 11:49:54 - INFO - __main__ - --------------------------------------------------
09/23/2021 11:49:54 - INFO - __main__ - Not doing replay-based eval.
09/23/2021 11:49:54 - INFO - __main__ - Evaluating to get errors .... Timecode: 31
09/23/2021 11:49:58 - INFO - __main__ - Before Error Fixing: 0.125
09/23/2021 11:49:58 - INFO - __main__ - Found 28 errors.
09/23/2021 11:49:58 - INFO - __main__ - Triggering Sampling from Memory and starting to replay.
09/23/2021 11:49:58 - INFO - __main__ - Current memory size: 833.
09/23/2021 11:49:58 - INFO - __main__ - Mixed the retrieved examples (len=32) to the current batch for training.
09/23/2021 11:49:58 - INFO - __main__ - Start bug-fixing (len(examples_to_train)=60) .... Timecode: 31
09/23/2021 11:50:12 - INFO - __main__ - Start bug-fixing .... Done!
09/23/2021 11:50:12 - INFO - __main__ - Evaluating again to analyze the performance .... Timecode: 31
09/23/2021 11:50:15 - INFO - __main__ - After Error Fixing: 0.9375
09/23/2021 11:50:15 - INFO - __main__ - Instant Fixing Rate: 0.9642857142857143
09/23/2021 11:50:15 - INFO - __main__ - Instant Retention Rate: 0.7499999981250001
09/23/2021 11:50:17 - INFO - __main__ - Model saved to exp_results/dynamic_stream/memory_based/ckpt_dir/0923_MixedAllErrors_T=50_er_M=I_replaysize=32_upstream=All_mix=Yes_freq=1_seed=0212_ckpts/model_ckpt_032.pt.
09/23/2021 11:50:17 - INFO - __main__ - Saving the current error examples (len=28) to the memory.
09/23/2021 11:50:17 - INFO - __main__ - Current memory size: 833.
09/23/2021 11:50:17 - INFO - __main__ - Using randomly generated memory keys for ER and MIR.
09/23/2021 11:50:17 - INFO - __main__ - Finished.
09/23/2021 11:50:17 - INFO - __main__ - --------------------------------------------------
09/23/2021 11:50:17 - INFO - __main__ - Not doing replay-based eval.
09/23/2021 11:50:17 - INFO - __main__ - Evaluating to get errors .... Timecode: 32
09/23/2021 11:50:20 - INFO - __main__ - Before Error Fixing: 0.125
09/23/2021 11:50:20 - INFO - __main__ - Found 28 errors.
09/23/2021 11:50:20 - INFO - __main__ - Triggering Sampling from Memory and starting to replay.
09/23/2021 11:50:20 - INFO - __main__ - Current memory size: 861.
09/23/2021 11:50:20 - INFO - __main__ - Mixed the retrieved examples (len=32) to the current batch for training.
09/23/2021 11:50:20 - INFO - __main__ - Start bug-fixing (len(examples_to_train)=60) .... Timecode: 32
09/23/2021 11:50:33 - INFO - __main__ - Start bug-fixing .... Done!
09/23/2021 11:50:33 - INFO - __main__ - Evaluating again to analyze the performance .... Timecode: 32
09/23/2021 11:50:36 - INFO - __main__ - After Error Fixing: 0.90625
09/23/2021 11:50:36 - INFO - __main__ - Instant Fixing Rate: 0.8928571428571429
09/23/2021 11:50:36 - INFO - __main__ - Instant Retention Rate: 0.9999999975
09/23/2021 11:50:38 - INFO - __main__ - Model saved to exp_results/dynamic_stream/memory_based/ckpt_dir/0923_MixedAllErrors_T=50_er_M=I_replaysize=32_upstream=All_mix=Yes_freq=1_seed=0212_ckpts/model_ckpt_033.pt.
09/23/2021 11:50:38 - INFO - __main__ - Saving the current error examples (len=28) to the memory.
09/23/2021 11:50:38 - INFO - __main__ - Current memory size: 861.
09/23/2021 11:50:38 - INFO - __main__ - Using randomly generated memory keys for ER and MIR.
09/23/2021 11:50:38 - INFO - __main__ - Finished.
09/23/2021 11:50:38 - INFO - __main__ - --------------------------------------------------
09/23/2021 11:50:38 - INFO - __main__ - Not doing replay-based eval.
09/23/2021 11:50:38 - INFO - __main__ - Evaluating to get errors .... Timecode: 33
09/23/2021 11:50:41 - INFO - __main__ - Before Error Fixing: 0.15625
09/23/2021 11:50:41 - INFO - __main__ - Found 27 errors.
09/23/2021 11:50:41 - INFO - __main__ - Triggering Sampling from Memory and starting to replay.
09/23/2021 11:50:41 - INFO - __main__ - Current memory size: 889.
09/23/2021 11:50:41 - INFO - __main__ - Mixed the retrieved examples (len=32) to the current batch for training.
09/23/2021 11:50:41 - INFO - __main__ - Start bug-fixing (len(examples_to_train)=59) .... Timecode: 33
09/23/2021 11:50:54 - INFO - __main__ - Start bug-fixing .... Done!
09/23/2021 11:50:54 - INFO - __main__ - Evaluating again to analyze the performance .... Timecode: 33
09/23/2021 11:50:58 - INFO - __main__ - After Error Fixing: 0.96875
09/23/2021 11:50:58 - INFO - __main__ - Instant Fixing Rate: 1.0
09/23/2021 11:50:58 - INFO - __main__ - Instant Retention Rate: 0.7999999984
09/23/2021 11:51:00 - INFO - __main__ - Model saved to exp_results/dynamic_stream/memory_based/ckpt_dir/0923_MixedAllErrors_T=50_er_M=I_replaysize=32_upstream=All_mix=Yes_freq=1_seed=0212_ckpts/model_ckpt_034.pt.
09/23/2021 11:51:00 - INFO - __main__ - Saving the current error examples (len=27) to the memory.
09/23/2021 11:51:00 - INFO - __main__ - Current memory size: 889.
09/23/2021 11:51:00 - INFO - __main__ - Using randomly generated memory keys for ER and MIR.
09/23/2021 11:51:00 - INFO - __main__ - Finished.
09/23/2021 11:51:00 - INFO - __main__ - --------------------------------------------------
09/23/2021 11:51:00 - INFO - __main__ - Not doing replay-based eval.
09/23/2021 11:51:00 - INFO - __main__ - Evaluating to get errors .... Timecode: 34
09/23/2021 11:51:04 - INFO - __main__ - Before Error Fixing: 0.0625
09/23/2021 11:51:04 - INFO - __main__ - Found 30 errors.
09/23/2021 11:51:04 - INFO - __main__ - Triggering Sampling from Memory and starting to replay.
09/23/2021 11:51:04 - INFO - __main__ - Current memory size: 916.
09/23/2021 11:51:04 - INFO - __main__ - Mixed the retrieved examples (len=32) to the current batch for training.
09/23/2021 11:51:04 - INFO - __main__ - Start bug-fixing (len(examples_to_train)=62) .... Timecode: 34
09/23/2021 11:51:17 - INFO - __main__ - Start bug-fixing .... Done!
09/23/2021 11:51:17 - INFO - __main__ - Evaluating again to analyze the performance .... Timecode: 34
09/23/2021 11:51:21 - INFO - __main__ - After Error Fixing: 0.9375
09/23/2021 11:51:21 - INFO - __main__ - Instant Fixing Rate: 0.9333333333333333
09/23/2021 11:51:21 - INFO - __main__ - Instant Retention Rate: 0.999999995
09/23/2021 11:51:24 - INFO - __main__ - Model saved to exp_results/dynamic_stream/memory_based/ckpt_dir/0923_MixedAllErrors_T=50_er_M=I_replaysize=32_upstream=All_mix=Yes_freq=1_seed=0212_ckpts/model_ckpt_035.pt.
09/23/2021 11:51:24 - INFO - __main__ - Saving the current error examples (len=30) to the memory.
09/23/2021 11:51:24 - INFO - __main__ - Current memory size: 916.
09/23/2021 11:51:24 - INFO - __main__ - Using randomly generated memory keys for ER and MIR.
09/23/2021 11:51:24 - INFO - __main__ - Finished.
09/23/2021 11:51:24 - INFO - __main__ - --------------------------------------------------
09/23/2021 11:51:24 - INFO - __main__ - Not doing replay-based eval.
09/23/2021 11:51:24 - INFO - __main__ - Evaluating to get errors .... Timecode: 35
09/23/2021 11:51:27 - INFO - __main__ - Before Error Fixing: 0.1875
09/23/2021 11:51:27 - INFO - __main__ - Found 26 errors.
09/23/2021 11:51:27 - INFO - __main__ - Triggering Sampling from Memory and starting to replay.
09/23/2021 11:51:27 - INFO - __main__ - Current memory size: 946.
09/23/2021 11:51:27 - INFO - __main__ - Mixed the retrieved examples (len=32) to the current batch for training.
09/23/2021 11:51:27 - INFO - __main__ - Start bug-fixing (len(examples_to_train)=58) .... Timecode: 35
09/23/2021 11:51:40 - INFO - __main__ - Start bug-fixing .... Done!
09/23/2021 11:51:40 - INFO - __main__ - Evaluating again to analyze the performance .... Timecode: 35
09/23/2021 11:51:44 - INFO - __main__ - After Error Fixing: 0.90625
09/23/2021 11:51:44 - INFO - __main__ - Instant Fixing Rate: 0.9615384615384616
09/23/2021 11:51:44 - INFO - __main__ - Instant Retention Rate: 0.6666666655555555
09/23/2021 11:51:46 - INFO - __main__ - Model saved to exp_results/dynamic_stream/memory_based/ckpt_dir/0923_MixedAllErrors_T=50_er_M=I_replaysize=32_upstream=All_mix=Yes_freq=1_seed=0212_ckpts/model_ckpt_036.pt.
09/23/2021 11:51:46 - INFO - __main__ - Saving the current error examples (len=26) to the memory.
09/23/2021 11:51:46 - INFO - __main__ - Current memory size: 946.
09/23/2021 11:51:46 - INFO - __main__ - Using randomly generated memory keys for ER and MIR.
09/23/2021 11:51:46 - INFO - __main__ - Finished.
09/23/2021 11:51:46 - INFO - __main__ - --------------------------------------------------
09/23/2021 11:51:46 - INFO - __main__ - Not doing replay-based eval.
09/23/2021 11:51:46 - INFO - __main__ - Evaluating to get errors .... Timecode: 36
09/23/2021 11:51:50 - INFO - __main__ - Before Error Fixing: 0.1875
09/23/2021 11:51:50 - INFO - __main__ - Found 26 errors.
09/23/2021 11:51:50 - INFO - __main__ - Triggering Sampling from Memory and starting to replay.
09/23/2021 11:51:50 - INFO - __main__ - Current memory size: 972.
09/23/2021 11:51:50 - INFO - __main__ - Mixed the retrieved examples (len=32) to the current batch for training.
09/23/2021 11:51:50 - INFO - __main__ - Start bug-fixing (len(examples_to_train)=58) .... Timecode: 36
09/23/2021 11:52:02 - INFO - __main__ - Start bug-fixing .... Done!
09/23/2021 11:52:02 - INFO - __main__ - Evaluating again to analyze the performance .... Timecode: 36
09/23/2021 11:52:06 - INFO - __main__ - After Error Fixing: 0.9375
09/23/2021 11:52:06 - INFO - __main__ - Instant Fixing Rate: 0.9615384615384616
09/23/2021 11:52:06 - INFO - __main__ - Instant Retention Rate: 0.8333333319444445
09/23/2021 11:52:08 - INFO - __main__ - Model saved to exp_results/dynamic_stream/memory_based/ckpt_dir/0923_MixedAllErrors_T=50_er_M=I_replaysize=32_upstream=All_mix=Yes_freq=1_seed=0212_ckpts/model_ckpt_037.pt.
09/23/2021 11:52:08 - INFO - __main__ - Saving the current error examples (len=26) to the memory.
09/23/2021 11:52:08 - INFO - __main__ - Current memory size: 972.
09/23/2021 11:52:08 - INFO - __main__ - Using randomly generated memory keys for ER and MIR.
09/23/2021 11:52:08 - INFO - __main__ - Finished.
09/23/2021 11:52:08 - INFO - __main__ - --------------------------------------------------
09/23/2021 11:52:08 - INFO - __main__ - Not doing replay-based eval.
09/23/2021 11:52:08 - INFO - __main__ - Evaluating to get errors .... Timecode: 37
09/23/2021 11:52:12 - INFO - __main__ - Before Error Fixing: 0.28125
09/23/2021 11:52:12 - INFO - __main__ - Found 23 errors.
09/23/2021 11:52:12 - INFO - __main__ - Triggering Sampling from Memory and starting to replay.
09/23/2021 11:52:12 - INFO - __main__ - Current memory size: 998.
09/23/2021 11:52:12 - INFO - __main__ - Mixed the retrieved examples (len=32) to the current batch for training.
09/23/2021 11:52:12 - INFO - __main__ - Start bug-fixing (len(examples_to_train)=55) .... Timecode: 37
09/23/2021 11:52:24 - INFO - __main__ - Start bug-fixing .... Done!
09/23/2021 11:52:24 - INFO - __main__ - Evaluating again to analyze the performance .... Timecode: 37
09/23/2021 11:52:28 - INFO - __main__ - After Error Fixing: 0.9375
09/23/2021 11:52:28 - INFO - __main__ - Instant Fixing Rate: 0.9565217391304348
09/23/2021 11:52:28 - INFO - __main__ - Instant Retention Rate: 0.8888888879012344
09/23/2021 11:52:30 - INFO - __main__ - Model saved to exp_results/dynamic_stream/memory_based/ckpt_dir/0923_MixedAllErrors_T=50_er_M=I_replaysize=32_upstream=All_mix=Yes_freq=1_seed=0212_ckpts/model_ckpt_038.pt.
09/23/2021 11:52:30 - INFO - __main__ - Saving the current error examples (len=23) to the memory.
09/23/2021 11:52:30 - INFO - __main__ - Current memory size: 998.
09/23/2021 11:52:30 - INFO - __main__ - Using randomly generated memory keys for ER and MIR.
09/23/2021 11:52:30 - INFO - __main__ - Finished.
09/23/2021 11:52:30 - INFO - __main__ - --------------------------------------------------
09/23/2021 11:52:30 - INFO - __main__ - Not doing replay-based eval.
09/23/2021 11:52:30 - INFO - __main__ - Evaluating to get errors .... Timecode: 38
09/23/2021 11:52:34 - INFO - __main__ - Before Error Fixing: 0.15625
09/23/2021 11:52:34 - INFO - __main__ - Found 27 errors.
09/23/2021 11:52:34 - INFO - __main__ - Triggering Sampling from Memory and starting to replay.
09/23/2021 11:52:34 - INFO - __main__ - Current memory size: 1021.
09/23/2021 11:52:34 - INFO - __main__ - Mixed the retrieved examples (len=32) to the current batch for training.
09/23/2021 11:52:34 - INFO - __main__ - Start bug-fixing (len(examples_to_train)=59) .... Timecode: 38
09/23/2021 11:52:47 - INFO - __main__ - Start bug-fixing .... Done!
09/23/2021 11:52:47 - INFO - __main__ - Evaluating again to analyze the performance .... Timecode: 38
09/23/2021 11:52:51 - INFO - __main__ - After Error Fixing: 0.84375
09/23/2021 11:52:51 - INFO - __main__ - Instant Fixing Rate: 0.8888888888888888
09/23/2021 11:52:51 - INFO - __main__ - Instant Retention Rate: 0.5999999988
09/23/2021 11:52:53 - INFO - __main__ - Model saved to exp_results/dynamic_stream/memory_based/ckpt_dir/0923_MixedAllErrors_T=50_er_M=I_replaysize=32_upstream=All_mix=Yes_freq=1_seed=0212_ckpts/model_ckpt_039.pt.
09/23/2021 11:52:53 - INFO - __main__ - Saving the current error examples (len=27) to the memory.
09/23/2021 11:52:53 - INFO - __main__ - Current memory size: 1021.
09/23/2021 11:52:53 - INFO - __main__ - Using randomly generated memory keys for ER and MIR.
09/23/2021 11:52:53 - INFO - __main__ - Finished.
09/23/2021 11:52:53 - INFO - __main__ - --------------------------------------------------
09/23/2021 11:52:53 - INFO - __main__ - Not doing replay-based eval.
09/23/2021 11:52:53 - INFO - __main__ - Evaluating to get errors .... Timecode: 39
09/23/2021 11:52:57 - INFO - __main__ - Before Error Fixing: 0.25
09/23/2021 11:52:57 - INFO - __main__ - Found 24 errors.
09/23/2021 11:52:57 - INFO - __main__ - Triggering Sampling from Memory and starting to replay.
09/23/2021 11:52:57 - INFO - __main__ - Current memory size: 1048.
09/23/2021 11:52:57 - INFO - __main__ - Mixed the retrieved examples (len=32) to the current batch for training.
09/23/2021 11:52:57 - INFO - __main__ - Start bug-fixing (len(examples_to_train)=56) .... Timecode: 39
09/23/2021 11:53:09 - INFO - __main__ - Start bug-fixing .... Done!
09/23/2021 11:53:09 - INFO - __main__ - Evaluating again to analyze the performance .... Timecode: 39
09/23/2021 11:53:13 - INFO - __main__ - After Error Fixing: 0.78125
09/23/2021 11:53:13 - INFO - __main__ - Instant Fixing Rate: 0.875
09/23/2021 11:53:13 - INFO - __main__ - Instant Retention Rate: 0.49999999937499995
09/23/2021 11:53:15 - INFO - __main__ - Model saved to exp_results/dynamic_stream/memory_based/ckpt_dir/0923_MixedAllErrors_T=50_er_M=I_replaysize=32_upstream=All_mix=Yes_freq=1_seed=0212_ckpts/model_ckpt_040.pt.
09/23/2021 11:53:15 - INFO - __main__ - Saving the current error examples (len=24) to the memory.
09/23/2021 11:53:15 - INFO - __main__ - Current memory size: 1048.
09/23/2021 11:53:15 - INFO - __main__ - Using randomly generated memory keys for ER and MIR.
09/23/2021 11:53:15 - INFO - __main__ - Finished.
09/23/2021 11:53:15 - INFO - __main__ - --------------------------------------------------
09/23/2021 11:53:15 - INFO - __main__ - Not doing replay-based eval.
09/23/2021 11:53:15 - INFO - __main__ - Evaluating to get errors .... Timecode: 40
09/23/2021 11:53:18 - INFO - __main__ - Before Error Fixing: 0.28125
09/23/2021 11:53:18 - INFO - __main__ - Found 23 errors.
09/23/2021 11:53:18 - INFO - __main__ - Triggering Sampling from Memory and starting to replay.
09/23/2021 11:53:18 - INFO - __main__ - Current memory size: 1072.
09/23/2021 11:53:18 - INFO - __main__ - Mixed the retrieved examples (len=32) to the current batch for training.
09/23/2021 11:53:18 - INFO - __main__ - Start bug-fixing (len(examples_to_train)=55) .... Timecode: 40
09/23/2021 11:53:30 - INFO - __main__ - Start bug-fixing .... Done!
09/23/2021 11:53:30 - INFO - __main__ - Evaluating again to analyze the performance .... Timecode: 40
09/23/2021 11:53:34 - INFO - __main__ - After Error Fixing: 0.875
09/23/2021 11:53:34 - INFO - __main__ - Instant Fixing Rate: 0.9565217391304348
09/23/2021 11:53:34 - INFO - __main__ - Instant Retention Rate: 0.6666666659259258
09/23/2021 11:53:36 - INFO - __main__ - Model saved to exp_results/dynamic_stream/memory_based/ckpt_dir/0923_MixedAllErrors_T=50_er_M=I_replaysize=32_upstream=All_mix=Yes_freq=1_seed=0212_ckpts/model_ckpt_041.pt.
09/23/2021 11:53:36 - INFO - __main__ - Saving the current error examples (len=23) to the memory.
09/23/2021 11:53:36 - INFO - __main__ - Current memory size: 1072.
09/23/2021 11:53:36 - INFO - __main__ - Using randomly generated memory keys for ER and MIR.
09/23/2021 11:53:36 - INFO - __main__ - Finished.
09/23/2021 11:53:36 - INFO - __main__ - --------------------------------------------------
09/23/2021 11:53:36 - INFO - __main__ - Not doing replay-based eval.
09/23/2021 11:53:36 - INFO - __main__ - Evaluating to get errors .... Timecode: 41
09/23/2021 11:53:40 - INFO - __main__ - Before Error Fixing: 0.15625
09/23/2021 11:53:40 - INFO - __main__ - Found 27 errors.
09/23/2021 11:53:40 - INFO - __main__ - Triggering Sampling from Memory and starting to replay.
09/23/2021 11:53:40 - INFO - __main__ - Current memory size: 1095.
09/23/2021 11:53:40 - INFO - __main__ - Mixed the retrieved examples (len=32) to the current batch for training.
09/23/2021 11:53:40 - INFO - __main__ - Start bug-fixing (len(examples_to_train)=59) .... Timecode: 41
09/23/2021 11:53:54 - INFO - __main__ - Start bug-fixing .... Done!
09/23/2021 11:53:54 - INFO - __main__ - Evaluating again to analyze the performance .... Timecode: 41
09/23/2021 11:53:58 - INFO - __main__ - After Error Fixing: 0.8125
09/23/2021 11:53:58 - INFO - __main__ - Instant Fixing Rate: 0.8888888888888888
09/23/2021 11:53:58 - INFO - __main__ - Instant Retention Rate: 0.3999999992
09/23/2021 11:54:00 - INFO - __main__ - Model saved to exp_results/dynamic_stream/memory_based/ckpt_dir/0923_MixedAllErrors_T=50_er_M=I_replaysize=32_upstream=All_mix=Yes_freq=1_seed=0212_ckpts/model_ckpt_042.pt.
09/23/2021 11:54:00 - INFO - __main__ - Saving the current error examples (len=27) to the memory.
09/23/2021 11:54:00 - INFO - __main__ - Current memory size: 1095.
09/23/2021 11:54:00 - INFO - __main__ - Using randomly generated memory keys for ER and MIR.
09/23/2021 11:54:00 - INFO - __main__ - Finished.
09/23/2021 11:54:00 - INFO - __main__ - --------------------------------------------------
09/23/2021 11:54:00 - INFO - __main__ - Not doing replay-based eval.
09/23/2021 11:54:00 - INFO - __main__ - Evaluating to get errors .... Timecode: 42
09/23/2021 11:54:04 - INFO - __main__ - Before Error Fixing: 0.09375
09/23/2021 11:54:04 - INFO - __main__ - Found 29 errors.
09/23/2021 11:54:04 - INFO - __main__ - Triggering Sampling from Memory and starting to replay.
09/23/2021 11:54:04 - INFO - __main__ - Current memory size: 1122.
09/23/2021 11:54:04 - INFO - __main__ - Mixed the retrieved examples (len=32) to the current batch for training.
09/23/2021 11:54:04 - INFO - __main__ - Start bug-fixing (len(examples_to_train)=61) .... Timecode: 42
09/23/2021 11:54:17 - INFO - __main__ - Start bug-fixing .... Done!
09/23/2021 11:54:17 - INFO - __main__ - Evaluating again to analyze the performance .... Timecode: 42
09/23/2021 11:54:21 - INFO - __main__ - After Error Fixing: 0.875
09/23/2021 11:54:21 - INFO - __main__ - Instant Fixing Rate: 0.8620689655172413
09/23/2021 11:54:21 - INFO - __main__ - Instant Retention Rate: 0.9999999966666667
09/23/2021 11:54:23 - INFO - __main__ - Model saved to exp_results/dynamic_stream/memory_based/ckpt_dir/0923_MixedAllErrors_T=50_er_M=I_replaysize=32_upstream=All_mix=Yes_freq=1_seed=0212_ckpts/model_ckpt_043.pt.
09/23/2021 11:54:23 - INFO - __main__ - Saving the current error examples (len=29) to the memory.
09/23/2021 11:54:23 - INFO - __main__ - Current memory size: 1122.
09/23/2021 11:54:23 - INFO - __main__ - Using randomly generated memory keys for ER and MIR.
09/23/2021 11:54:23 - INFO - __main__ - Finished.
09/23/2021 11:54:23 - INFO - __main__ - --------------------------------------------------
09/23/2021 11:54:23 - INFO - __main__ - Not doing replay-based eval.
09/23/2021 11:54:23 - INFO - __main__ - Evaluating to get errors .... Timecode: 43
09/23/2021 11:54:27 - INFO - __main__ - Before Error Fixing: 0.125
09/23/2021 11:54:27 - INFO - __main__ - Found 28 errors.
09/23/2021 11:54:27 - INFO - __main__ - Triggering Sampling from Memory and starting to replay.
09/23/2021 11:54:27 - INFO - __main__ - Current memory size: 1151.
09/23/2021 11:54:27 - INFO - __main__ - Mixed the retrieved examples (len=32) to the current batch for training.
09/23/2021 11:54:27 - INFO - __main__ - Start bug-fixing (len(examples_to_train)=60) .... Timecode: 43
09/23/2021 11:54:41 - INFO - __main__ - Start bug-fixing .... Done!
09/23/2021 11:54:41 - INFO - __main__ - Evaluating again to analyze the performance .... Timecode: 43
09/23/2021 11:54:45 - INFO - __main__ - After Error Fixing: 0.9375
09/23/2021 11:54:45 - INFO - __main__ - Instant Fixing Rate: 0.9285714285714286
09/23/2021 11:54:45 - INFO - __main__ - Instant Retention Rate: 0.9999999975
09/23/2021 11:54:47 - INFO - __main__ - Model saved to exp_results/dynamic_stream/memory_based/ckpt_dir/0923_MixedAllErrors_T=50_er_M=I_replaysize=32_upstream=All_mix=Yes_freq=1_seed=0212_ckpts/model_ckpt_044.pt.
09/23/2021 11:54:47 - INFO - __main__ - Saving the current error examples (len=28) to the memory.
09/23/2021 11:54:47 - INFO - __main__ - Current memory size: 1151.
09/23/2021 11:54:47 - INFO - __main__ - Using randomly generated memory keys for ER and MIR.
09/23/2021 11:54:47 - INFO - __main__ - Finished.
09/23/2021 11:54:47 - INFO - __main__ - --------------------------------------------------
09/23/2021 11:54:47 - INFO - __main__ - Not doing replay-based eval.
09/23/2021 11:54:47 - INFO - __main__ - Evaluating to get errors .... Timecode: 44
09/23/2021 11:54:51 - INFO - __main__ - Before Error Fixing: 0.15625
09/23/2021 11:54:51 - INFO - __main__ - Found 27 errors.
09/23/2021 11:54:51 - INFO - __main__ - Triggering Sampling from Memory and starting to replay.
09/23/2021 11:54:51 - INFO - __main__ - Current memory size: 1179.
09/23/2021 11:54:51 - INFO - __main__ - Mixed the retrieved examples (len=32) to the current batch for training.
09/23/2021 11:54:51 - INFO - __main__ - Start bug-fixing (len(examples_to_train)=59) .... Timecode: 44
09/23/2021 11:55:04 - INFO - __main__ - Start bug-fixing .... Done!
09/23/2021 11:55:04 - INFO - __main__ - Evaluating again to analyze the performance .... Timecode: 44
09/23/2021 11:55:08 - INFO - __main__ - After Error Fixing: 0.9375
09/23/2021 11:55:08 - INFO - __main__ - Instant Fixing Rate: 1.0
09/23/2021 11:55:08 - INFO - __main__ - Instant Retention Rate: 0.5999999988
09/23/2021 11:55:10 - INFO - __main__ - Model saved to exp_results/dynamic_stream/memory_based/ckpt_dir/0923_MixedAllErrors_T=50_er_M=I_replaysize=32_upstream=All_mix=Yes_freq=1_seed=0212_ckpts/model_ckpt_045.pt.
09/23/2021 11:55:10 - INFO - __main__ - Saving the current error examples (len=27) to the memory.
09/23/2021 11:55:10 - INFO - __main__ - Current memory size: 1179.
09/23/2021 11:55:10 - INFO - __main__ - Using randomly generated memory keys for ER and MIR.
09/23/2021 11:55:10 - INFO - __main__ - Finished.
09/23/2021 11:55:10 - INFO - __main__ - --------------------------------------------------
09/23/2021 11:55:10 - INFO - __main__ - Not doing replay-based eval.
09/23/2021 11:55:10 - INFO - __main__ - Evaluating to get errors .... Timecode: 45
09/23/2021 11:55:14 - INFO - __main__ - Before Error Fixing: 0.09375
09/23/2021 11:55:14 - INFO - __main__ - Found 29 errors.
09/23/2021 11:55:14 - INFO - __main__ - Triggering Sampling from Memory and starting to replay.
09/23/2021 11:55:14 - INFO - __main__ - Current memory size: 1206.
09/23/2021 11:55:14 - INFO - __main__ - Mixed the retrieved examples (len=32) to the current batch for training.
09/23/2021 11:55:14 - INFO - __main__ - Start bug-fixing (len(examples_to_train)=61) .... Timecode: 45
09/23/2021 11:55:28 - INFO - __main__ - Start bug-fixing .... Done!
09/23/2021 11:55:28 - INFO - __main__ - Evaluating again to analyze the performance .... Timecode: 45
09/23/2021 11:55:32 - INFO - __main__ - After Error Fixing: 0.875
09/23/2021 11:55:32 - INFO - __main__ - Instant Fixing Rate: 0.896551724137931
09/23/2021 11:55:32 - INFO - __main__ - Instant Retention Rate: 0.6666666644444444
09/23/2021 11:55:34 - INFO - __main__ - Model saved to exp_results/dynamic_stream/memory_based/ckpt_dir/0923_MixedAllErrors_T=50_er_M=I_replaysize=32_upstream=All_mix=Yes_freq=1_seed=0212_ckpts/model_ckpt_046.pt.
09/23/2021 11:55:34 - INFO - __main__ - Saving the current error examples (len=29) to the memory.
09/23/2021 11:55:34 - INFO - __main__ - Current memory size: 1206.
09/23/2021 11:55:34 - INFO - __main__ - Using randomly generated memory keys for ER and MIR.
09/23/2021 11:55:34 - INFO - __main__ - Finished.
09/23/2021 11:55:34 - INFO - __main__ - --------------------------------------------------
09/23/2021 11:55:34 - INFO - __main__ - Not doing replay-based eval.
09/23/2021 11:55:34 - INFO - __main__ - Evaluating to get errors .... Timecode: 46
09/23/2021 11:55:38 - INFO - __main__ - Before Error Fixing: 0.3125
09/23/2021 11:55:38 - INFO - __main__ - Found 22 errors.
09/23/2021 11:55:38 - INFO - __main__ - Triggering Sampling from Memory and starting to replay.
09/23/2021 11:55:38 - INFO - __main__ - Current memory size: 1235.
09/23/2021 11:55:38 - INFO - __main__ - Mixed the retrieved examples (len=32) to the current batch for training.
09/23/2021 11:55:38 - INFO - __main__ - Start bug-fixing (len(examples_to_train)=54) .... Timecode: 46
09/23/2021 11:55:50 - INFO - __main__ - Start bug-fixing .... Done!
09/23/2021 11:55:50 - INFO - __main__ - Evaluating again to analyze the performance .... Timecode: 46
09/23/2021 11:55:54 - INFO - __main__ - After Error Fixing: 0.90625
09/23/2021 11:55:54 - INFO - __main__ - Instant Fixing Rate: 1.0
09/23/2021 11:55:54 - INFO - __main__ - Instant Retention Rate: 0.6999999992999999
09/23/2021 11:55:56 - INFO - __main__ - Model saved to exp_results/dynamic_stream/memory_based/ckpt_dir/0923_MixedAllErrors_T=50_er_M=I_replaysize=32_upstream=All_mix=Yes_freq=1_seed=0212_ckpts/model_ckpt_047.pt.
09/23/2021 11:55:56 - INFO - __main__ - Saving the current error examples (len=22) to the memory.
09/23/2021 11:55:56 - INFO - __main__ - Current memory size: 1235.
09/23/2021 11:55:56 - INFO - __main__ - Using randomly generated memory keys for ER and MIR.
09/23/2021 11:55:56 - INFO - __main__ - Finished.
09/23/2021 11:55:56 - INFO - __main__ - --------------------------------------------------
09/23/2021 11:55:56 - INFO - __main__ - Not doing replay-based eval.
09/23/2021 11:55:56 - INFO - __main__ - Evaluating to get errors .... Timecode: 47
09/23/2021 11:56:00 - INFO - __main__ - Before Error Fixing: 0.21875
09/23/2021 11:56:00 - INFO - __main__ - Found 25 errors.
09/23/2021 11:56:00 - INFO - __main__ - Triggering Sampling from Memory and starting to replay.
09/23/2021 11:56:00 - INFO - __main__ - Current memory size: 1257.
09/23/2021 11:56:00 - INFO - __main__ - Mixed the retrieved examples (len=32) to the current batch for training.
09/23/2021 11:56:00 - INFO - __main__ - Start bug-fixing (len(examples_to_train)=57) .... Timecode: 47
09/23/2021 11:56:12 - INFO - __main__ - Start bug-fixing .... Done!
09/23/2021 11:56:12 - INFO - __main__ - Evaluating again to analyze the performance .... Timecode: 47
09/23/2021 11:56:16 - INFO - __main__ - After Error Fixing: 0.90625
09/23/2021 11:56:16 - INFO - __main__ - Instant Fixing Rate: 1.0
09/23/2021 11:56:16 - INFO - __main__ - Instant Retention Rate: 0.571428570612245
09/23/2021 11:56:18 - INFO - __main__ - Model saved to exp_results/dynamic_stream/memory_based/ckpt_dir/0923_MixedAllErrors_T=50_er_M=I_replaysize=32_upstream=All_mix=Yes_freq=1_seed=0212_ckpts/model_ckpt_048.pt.
09/23/2021 11:56:18 - INFO - __main__ - Saving the current error examples (len=25) to the memory.
09/23/2021 11:56:18 - INFO - __main__ - Current memory size: 1257.
09/23/2021 11:56:18 - INFO - __main__ - Using randomly generated memory keys for ER and MIR.
09/23/2021 11:56:18 - INFO - __main__ - Finished.
09/23/2021 11:56:18 - INFO - __main__ - --------------------------------------------------
09/23/2021 11:56:18 - INFO - __main__ - Not doing replay-based eval.
09/23/2021 11:56:18 - INFO - __main__ - Evaluating to get errors .... Timecode: 48
09/23/2021 11:56:22 - INFO - __main__ - Before Error Fixing: 0.1875
09/23/2021 11:56:22 - INFO - __main__ - Found 26 errors.
09/23/2021 11:56:22 - INFO - __main__ - Triggering Sampling from Memory and starting to replay.
09/23/2021 11:56:22 - INFO - __main__ - Current memory size: 1282.
09/23/2021 11:56:22 - INFO - __main__ - Mixed the retrieved examples (len=32) to the current batch for training.
09/23/2021 11:56:22 - INFO - __main__ - Start bug-fixing (len(examples_to_train)=58) .... Timecode: 48
09/23/2021 11:56:35 - INFO - __main__ - Start bug-fixing .... Done!
09/23/2021 11:56:35 - INFO - __main__ - Evaluating again to analyze the performance .... Timecode: 48
09/23/2021 11:56:38 - INFO - __main__ - After Error Fixing: 0.9375
09/23/2021 11:56:38 - INFO - __main__ - Instant Fixing Rate: 0.9230769230769231
09/23/2021 11:56:38 - INFO - __main__ - Instant Retention Rate: 0.9999999983333333
09/23/2021 11:56:41 - INFO - __main__ - Model saved to exp_results/dynamic_stream/memory_based/ckpt_dir/0923_MixedAllErrors_T=50_er_M=I_replaysize=32_upstream=All_mix=Yes_freq=1_seed=0212_ckpts/model_ckpt_049.pt.
09/23/2021 11:56:41 - INFO - __main__ - Saving the current error examples (len=26) to the memory.
09/23/2021 11:56:41 - INFO - __main__ - Current memory size: 1282.
09/23/2021 11:56:41 - INFO - __main__ - Using randomly generated memory keys for ER and MIR.
09/23/2021 11:56:41 - INFO - __main__ - Finished.
09/23/2021 11:56:41 - INFO - __main__ - --------------------------------------------------
09/23/2021 11:56:41 - INFO - __main__ - Not doing replay-based eval.
09/23/2021 11:56:41 - INFO - __main__ - Evaluating to get errors .... Timecode: 49
09/23/2021 11:56:45 - INFO - __main__ - Before Error Fixing: 0.125
09/23/2021 11:56:45 - INFO - __main__ - Found 28 errors.
09/23/2021 11:56:45 - INFO - __main__ - Triggering Sampling from Memory and starting to replay.
09/23/2021 11:56:45 - INFO - __main__ - Current memory size: 1308.
09/23/2021 11:56:45 - INFO - __main__ - Mixed the retrieved examples (len=32) to the current batch for training.
09/23/2021 11:56:45 - INFO - __main__ - Start bug-fixing (len(examples_to_train)=60) .... Timecode: 49
09/23/2021 11:56:57 - INFO - __main__ - Start bug-fixing .... Done!
09/23/2021 11:56:57 - INFO - __main__ - Evaluating again to analyze the performance .... Timecode: 49
09/23/2021 11:57:01 - INFO - __main__ - After Error Fixing: 0.90625
09/23/2021 11:57:01 - INFO - __main__ - Instant Fixing Rate: 0.8928571428571429
09/23/2021 11:57:01 - INFO - __main__ - Instant Retention Rate: 0.9999999975
09/23/2021 11:57:03 - INFO - __main__ - Model saved to exp_results/dynamic_stream/memory_based/ckpt_dir/0923_MixedAllErrors_T=50_er_M=I_replaysize=32_upstream=All_mix=Yes_freq=1_seed=0212_ckpts/model_ckpt_050.pt.
09/23/2021 11:57:03 - INFO - __main__ - Saving the current error examples (len=28) to the memory.
09/23/2021 11:57:03 - INFO - __main__ - Current memory size: 1308.
09/23/2021 11:57:03 - INFO - __main__ - Using randomly generated memory keys for ER and MIR.
09/23/2021 11:57:03 - INFO - __main__ - Finished.
09/23/2021 11:57:03 - INFO - __main__ - --------------------------------------------------
09/23/2021 11:57:03 - INFO - __main__ - Start the final evaluation.
09/23/2021 11:57:03 - INFO - __main__ - Test the in-stream examples overall.
09/23/2021 12:00:23 - INFO - __main__ - Test the upstream forgetting eval.
09/23/2021 12:02:24 - INFO - __main__ - Finish the final evaluation.
09/23/2021 12:02:24 - INFO - __main__ - Saving the memory to exp_results/dynamic_stream/memory_based/ckpt_dir/0923_MixedAllErrors_T=50_er_M=I_replaysize=32_upstream=All_mix=Yes_freq=1_seed=0212_ckpts/memory_dict.pkl
09/23/2021 12:02:24 - INFO - __main__ - Finished. Results saved to exp_results/dynamic_stream/memory_based/results/0923_MixedAllErrors_T=50_er_M=I_replaysize=32_upstream=All_mix=Yes_freq=1_seed=0212_result.json
