09/24/2021 12:17:59 - INFO - __main__ - Namespace(adam_epsilon=1e-08, adapter_dim=32, append_another_bos=1, base_model_path='out/mrqa_naturalquestions_bart-base_0617v4/best-model.pt', base_model_type='facebook/bart-base', bug_stream_json_path='bug_data/mrqa_naturalquestions_dev.static_bug_stream.json', cl_method_name='simple_cl', current_thread_id=None, data_stream_json_path='exp_results/data_streams/mrqa.mixed.data_stream.test.json', do_lowercase=False, ewc_gamma=1, ewc_lambda=0.5, example_encoder_name='roberta-base', freeze_embeds=False, gradient_accumulation_steps=1, inference_query_size=1, learning_rate=3e-05, local_adapt_lr=1e-05, max_grad_norm=0.1, max_input_length=888, max_output_length=50, max_timecode=100, memory_key_cache_path='bug_data/memory_key_cache.pkl', memory_key_encoder='facebook/bart-base', memory_path='', memory_store_rate=1.0, mir_abalation_args='none', num_adapt_epochs=1, num_beams=4, num_threads_eval=0, num_train_epochs=5.0, overtime_ckpt_dir='exp_results/dynamic_stream/memory_based/ckpt_dir/0924_MixedAllError_T=100_simplecl_seed=1213_ckpts/', pass_pool_jsonl_path='exp_results/data_streams/mrqa.mixed.upstream_eval.jsonl', path_to_thread_result=None, predict_batch_size=16, prefix='0924_MixedAllError_T=100_simplecl_seed=1213', replay_candidate_size=8, replay_frequency=1, replay_size=8, replay_stream_json_path='', result_file='exp_results/dynamic_stream/memory_based/results/0924_MixedAllError_T=100_simplecl_seed=1213_result.json', sampled_upstream_json_path='data/mrqa_naturalquestions/mrqa_naturalquestions_train.jsonl', save_all_ckpts=1, seed=1213, stream_mode='dynamic', task_emb_dim=768, task_name='mrqa_naturalquestions', train_batch_size=8, use_replay_mix=False, use_sampled_upstream=False, weight_decay=0.01)
09/24/2021 12:18:00 - INFO - transformers.tokenization_utils - loading file https://s3.amazonaws.com/models.huggingface.co/bert/roberta-large-vocab.json from cache at /private/home/yuchenlin/.cache/torch/transformers/1ae1f5b6e2b22b25ccc04c000bb79ca847aa226d0761536b011cf7e5868f0655.ef00af9e673c7160b4d41cfda1f48c5f4cba57d5142754525572a846a1ab1b9b
09/24/2021 12:18:00 - INFO - transformers.tokenization_utils - loading file https://s3.amazonaws.com/models.huggingface.co/bert/roberta-large-merges.txt from cache at /private/home/yuchenlin/.cache/torch/transformers/f8f83199a6270d582d6245dc100e99c4155de81c9745c6248077018fe01abcfb.70bec105b4158ed9a1747fea67a43f5dee97855c64d62b6ec3742f4cfdb5feda
09/24/2021 12:18:10 - INFO - __main__ - Not creating the replay-stream for evaluation.
09/24/2021 12:18:11 - INFO - __main__ - Loading checkpoint from out/mrqa_naturalquestions_bart-base_0617v4/best-model.pt for facebook/bart-base .....
09/24/2021 12:18:15 - INFO - transformers.configuration_utils - loading configuration file https://s3.amazonaws.com/models.huggingface.co/bert/facebook/bart-base/config.json from cache at /private/home/yuchenlin/.cache/torch/transformers/09f4fcaeaf785dd3b97b085d6e3510c7081f586ec8e75981683c6299c0f81d9d.e8d516ad807436d395effad8c2326786872659b7dd1210827ac67c761198a0eb
09/24/2021 12:18:15 - INFO - transformers.configuration_utils - Model config BartConfig {
  "activation_dropout": 0.1,
  "activation_function": "gelu",
  "add_bias_logits": false,
  "add_final_layer_norm": false,
  "architectures": [
    "BartModel",
    "BartForConditionalGeneration",
    "BartForSequenceClassification"
  ],
  "attention_dropout": 0.1,
  "bos_token_id": 0,
  "classif_dropout": 0.0,
  "d_model": 768,
  "decoder_attention_heads": 12,
  "decoder_ffn_dim": 3072,
  "decoder_layerdrop": 0.0,
  "decoder_layers": 6,
  "decoder_start_token_id": 2,
  "dropout": 0.1,
  "early_stopping": true,
  "encoder_attention_heads": 12,
  "encoder_ffn_dim": 3072,
  "encoder_layerdrop": 0.0,
  "encoder_layers": 6,
  "eos_token_id": 2,
  "id2label": {
    "0": "LABEL_0",
    "1": "LABEL_1",
    "2": "LABEL_2"
  },
  "init_std": 0.02,
  "is_encoder_decoder": true,
  "label2id": {
    "LABEL_0": 0,
    "LABEL_1": 1,
    "LABEL_2": 2
  },
  "max_position_embeddings": 1024,
  "model_type": "bart",
  "no_repeat_ngram_size": 3,
  "normalize_before": false,
  "normalize_embedding": true,
  "num_beams": 4,
  "num_hidden_layers": 6,
  "pad_token_id": 1,
  "scale_embedding": false,
  "static_position_embeddings": false,
  "task_specific_params": {
    "summarization": {
      "length_penalty": 1.0,
      "max_length": 128,
      "min_length": 12,
      "num_beams": 4
    },
    "summarization_cnn": {
      "length_penalty": 2.0,
      "max_length": 142,
      "min_length": 56,
      "num_beams": 4
    },
    "summarization_xsum": {
      "length_penalty": 1.0,
      "max_length": 62,
      "min_length": 11,
      "num_beams": 6
    }
  },
  "vocab_size": 50265
}

09/24/2021 12:18:15 - INFO - transformers.modeling_utils - loading weights file https://cdn.huggingface.co/facebook/bart-base/pytorch_model.bin from cache at /private/home/yuchenlin/.cache/torch/transformers/566c05fb6983817e8ad7a4fa51e3099fe9caa3b31730f964bc5198d71c677523.0a3d95c18c1e434448941bc25accea7b122882be6526fb67c8e8fb6d5ebc711c
09/24/2021 12:18:20 - INFO - __main__ - Loading checkpoint from out/mrqa_naturalquestions_bart-base_0617v4/best-model.pt for facebook/bart-base ..... Done!
09/24/2021 12:18:25 - INFO - __main__ - Moving to the GPUs.
09/24/2021 12:18:25 - INFO - __main__ - Debugger Setup ......
09/24/2021 12:18:25 - INFO - __main__ - debugger_args: Namespace(adam_epsilon=1e-08, gradient_accumulation_steps=1, learning_rate=3e-05, max_grad_norm=0.1, num_epochs=5.0, overtime_ckpt_dir='exp_results/dynamic_stream/memory_based/ckpt_dir/0924_MixedAllError_T=100_simplecl_seed=1213_ckpts/', save_all_ckpts=1, total_steps=10000, warmup_steps=0, weight_decay=0.01) ......
09/24/2021 12:18:25 - INFO - __main__ - Debugger Setup ...... Done!
09/24/2021 12:18:25 - INFO - __main__ - Start Online Debugging with Dynamic Error Mode
09/24/2021 12:18:25 - INFO - __main__ - Number of Batches of Data: 100
09/24/2021 12:18:25 - INFO - __main__ - Data Batch Size: 32;
09/24/2021 12:18:29 - INFO - __main__ - Model saved to exp_results/dynamic_stream/memory_based/ckpt_dir/0924_MixedAllError_T=100_simplecl_seed=1213_ckpts/model_ckpt_000.pt.
09/24/2021 12:18:29 - INFO - __main__ - Not doing replay-based eval.
09/24/2021 12:18:29 - INFO - __main__ - Evaluating to get errors .... Timecode: 0
09/24/2021 12:18:33 - INFO - __main__ - Before Error Fixing: 0.0
09/24/2021 12:18:33 - INFO - __main__ - Found 32 errors.
09/24/2021 12:18:33 - INFO - __main__ - Start bug-fixing .... Timecode: 0
09/24/2021 12:18:40 - INFO - __main__ - Start bug-fixing .... Done!
09/24/2021 12:18:40 - INFO - __main__ - Evaluating again to analyze the performance .... Timecode: 0
09/24/2021 12:18:43 - INFO - __main__ - After Error Fixing: 0.9375
09/24/2021 12:18:43 - INFO - __main__ - Instant Fixing Rate: 0.9375
09/24/2021 12:18:43 - INFO - __main__ - Instant Retention Rate: 0.0
09/24/2021 12:18:46 - INFO - __main__ - Model saved to exp_results/dynamic_stream/memory_based/ckpt_dir/0924_MixedAllError_T=100_simplecl_seed=1213_ckpts/model_ckpt_001.pt.
09/24/2021 12:18:46 - INFO - __main__ - Not doing replay-based eval.
09/24/2021 12:18:46 - INFO - __main__ - Evaluating to get errors .... Timecode: 1
09/24/2021 12:18:49 - INFO - __main__ - Before Error Fixing: 0.15625
09/24/2021 12:18:49 - INFO - __main__ - Found 27 errors.
09/24/2021 12:18:49 - INFO - __main__ - Start bug-fixing .... Timecode: 1
09/24/2021 12:18:55 - INFO - __main__ - Start bug-fixing .... Done!
09/24/2021 12:18:55 - INFO - __main__ - Evaluating again to analyze the performance .... Timecode: 1
09/24/2021 12:18:58 - INFO - __main__ - After Error Fixing: 0.8125
09/24/2021 12:18:58 - INFO - __main__ - Instant Fixing Rate: 0.8888888888888888
09/24/2021 12:18:58 - INFO - __main__ - Instant Retention Rate: 0.3999999992
09/24/2021 12:19:00 - INFO - __main__ - Model saved to exp_results/dynamic_stream/memory_based/ckpt_dir/0924_MixedAllError_T=100_simplecl_seed=1213_ckpts/model_ckpt_002.pt.
09/24/2021 12:19:00 - INFO - __main__ - Not doing replay-based eval.
09/24/2021 12:19:00 - INFO - __main__ - Evaluating to get errors .... Timecode: 2
09/24/2021 12:19:03 - INFO - __main__ - Before Error Fixing: 0.0625
09/24/2021 12:19:03 - INFO - __main__ - Found 30 errors.
09/24/2021 12:19:03 - INFO - __main__ - Start bug-fixing .... Timecode: 2
09/24/2021 12:19:09 - INFO - __main__ - Start bug-fixing .... Done!
09/24/2021 12:19:09 - INFO - __main__ - Evaluating again to analyze the performance .... Timecode: 2
09/24/2021 12:19:12 - INFO - __main__ - After Error Fixing: 0.90625
09/24/2021 12:19:12 - INFO - __main__ - Instant Fixing Rate: 0.9333333333333333
09/24/2021 12:19:12 - INFO - __main__ - Instant Retention Rate: 0.4999999975
09/24/2021 12:19:14 - INFO - __main__ - Model saved to exp_results/dynamic_stream/memory_based/ckpt_dir/0924_MixedAllError_T=100_simplecl_seed=1213_ckpts/model_ckpt_003.pt.
09/24/2021 12:19:14 - INFO - __main__ - Not doing replay-based eval.
09/24/2021 12:19:14 - INFO - __main__ - Evaluating to get errors .... Timecode: 3
09/24/2021 12:19:17 - INFO - __main__ - Before Error Fixing: 0.03125
09/24/2021 12:19:17 - INFO - __main__ - Found 31 errors.
09/24/2021 12:19:17 - INFO - __main__ - Start bug-fixing .... Timecode: 3
09/24/2021 12:19:23 - INFO - __main__ - Start bug-fixing .... Done!
09/24/2021 12:19:23 - INFO - __main__ - Evaluating again to analyze the performance .... Timecode: 3
09/24/2021 12:19:26 - INFO - __main__ - After Error Fixing: 0.9375
09/24/2021 12:19:26 - INFO - __main__ - Instant Fixing Rate: 0.9354838709677419
09/24/2021 12:19:26 - INFO - __main__ - Instant Retention Rate: 0.9999999900000002
09/24/2021 12:19:28 - INFO - __main__ - Model saved to exp_results/dynamic_stream/memory_based/ckpt_dir/0924_MixedAllError_T=100_simplecl_seed=1213_ckpts/model_ckpt_004.pt.
09/24/2021 12:19:28 - INFO - __main__ - Not doing replay-based eval.
09/24/2021 12:19:28 - INFO - __main__ - Evaluating to get errors .... Timecode: 4
09/24/2021 12:19:31 - INFO - __main__ - Before Error Fixing: 0.15625
09/24/2021 12:19:31 - INFO - __main__ - Found 27 errors.
09/24/2021 12:19:31 - INFO - __main__ - Start bug-fixing .... Timecode: 4
09/24/2021 12:19:37 - INFO - __main__ - Start bug-fixing .... Done!
09/24/2021 12:19:37 - INFO - __main__ - Evaluating again to analyze the performance .... Timecode: 4
09/24/2021 12:19:39 - INFO - __main__ - After Error Fixing: 0.78125
09/24/2021 12:19:39 - INFO - __main__ - Instant Fixing Rate: 0.8148148148148148
09/24/2021 12:19:39 - INFO - __main__ - Instant Retention Rate: 0.5999999988
09/24/2021 12:19:41 - INFO - __main__ - Model saved to exp_results/dynamic_stream/memory_based/ckpt_dir/0924_MixedAllError_T=100_simplecl_seed=1213_ckpts/model_ckpt_005.pt.
09/24/2021 12:19:41 - INFO - __main__ - Not doing replay-based eval.
09/24/2021 12:19:41 - INFO - __main__ - Evaluating to get errors .... Timecode: 5
09/24/2021 12:19:44 - INFO - __main__ - Before Error Fixing: 0.125
09/24/2021 12:19:44 - INFO - __main__ - Found 28 errors.
09/24/2021 12:19:44 - INFO - __main__ - Start bug-fixing .... Timecode: 5
09/24/2021 12:19:50 - INFO - __main__ - Start bug-fixing .... Done!
09/24/2021 12:19:50 - INFO - __main__ - Evaluating again to analyze the performance .... Timecode: 5
09/24/2021 12:19:53 - INFO - __main__ - After Error Fixing: 0.875
09/24/2021 12:19:53 - INFO - __main__ - Instant Fixing Rate: 0.9285714285714286
09/24/2021 12:19:53 - INFO - __main__ - Instant Retention Rate: 0.49999999875
09/24/2021 12:19:55 - INFO - __main__ - Model saved to exp_results/dynamic_stream/memory_based/ckpt_dir/0924_MixedAllError_T=100_simplecl_seed=1213_ckpts/model_ckpt_006.pt.
09/24/2021 12:19:55 - INFO - __main__ - Not doing replay-based eval.
09/24/2021 12:19:55 - INFO - __main__ - Evaluating to get errors .... Timecode: 6
09/24/2021 12:19:57 - INFO - __main__ - Before Error Fixing: 0.0625
09/24/2021 12:19:57 - INFO - __main__ - Found 30 errors.
09/24/2021 12:19:57 - INFO - __main__ - Start bug-fixing .... Timecode: 6
09/24/2021 12:20:04 - INFO - __main__ - Start bug-fixing .... Done!
09/24/2021 12:20:04 - INFO - __main__ - Evaluating again to analyze the performance .... Timecode: 6
09/24/2021 12:20:06 - INFO - __main__ - After Error Fixing: 0.8125
09/24/2021 12:20:06 - INFO - __main__ - Instant Fixing Rate: 0.8
09/24/2021 12:20:06 - INFO - __main__ - Instant Retention Rate: 0.999999995
09/24/2021 12:20:08 - INFO - __main__ - Model saved to exp_results/dynamic_stream/memory_based/ckpt_dir/0924_MixedAllError_T=100_simplecl_seed=1213_ckpts/model_ckpt_007.pt.
09/24/2021 12:20:08 - INFO - __main__ - Not doing replay-based eval.
09/24/2021 12:20:08 - INFO - __main__ - Evaluating to get errors .... Timecode: 7
09/24/2021 12:20:12 - INFO - __main__ - Before Error Fixing: 0.21875
09/24/2021 12:20:12 - INFO - __main__ - Found 25 errors.
09/24/2021 12:20:12 - INFO - __main__ - Start bug-fixing .... Timecode: 7
09/24/2021 12:20:17 - INFO - __main__ - Start bug-fixing .... Done!
09/24/2021 12:20:17 - INFO - __main__ - Evaluating again to analyze the performance .... Timecode: 7
09/24/2021 12:20:20 - INFO - __main__ - After Error Fixing: 0.9375
09/24/2021 12:20:20 - INFO - __main__ - Instant Fixing Rate: 0.96
09/24/2021 12:20:20 - INFO - __main__ - Instant Retention Rate: 0.8571428559183674
09/24/2021 12:20:22 - INFO - __main__ - Model saved to exp_results/dynamic_stream/memory_based/ckpt_dir/0924_MixedAllError_T=100_simplecl_seed=1213_ckpts/model_ckpt_008.pt.
09/24/2021 12:20:22 - INFO - __main__ - Not doing replay-based eval.
09/24/2021 12:20:22 - INFO - __main__ - Evaluating to get errors .... Timecode: 8
09/24/2021 12:20:25 - INFO - __main__ - Before Error Fixing: 0.21875
09/24/2021 12:20:25 - INFO - __main__ - Found 25 errors.
09/24/2021 12:20:25 - INFO - __main__ - Start bug-fixing .... Timecode: 8
09/24/2021 12:20:30 - INFO - __main__ - Start bug-fixing .... Done!
09/24/2021 12:20:30 - INFO - __main__ - Evaluating again to analyze the performance .... Timecode: 8
09/24/2021 12:20:32 - INFO - __main__ - After Error Fixing: 0.84375
09/24/2021 12:20:32 - INFO - __main__ - Instant Fixing Rate: 0.88
09/24/2021 12:20:32 - INFO - __main__ - Instant Retention Rate: 0.7142857132653061
09/24/2021 12:20:34 - INFO - __main__ - Model saved to exp_results/dynamic_stream/memory_based/ckpt_dir/0924_MixedAllError_T=100_simplecl_seed=1213_ckpts/model_ckpt_009.pt.
09/24/2021 12:20:34 - INFO - __main__ - Not doing replay-based eval.
09/24/2021 12:20:34 - INFO - __main__ - Evaluating to get errors .... Timecode: 9
09/24/2021 12:20:38 - INFO - __main__ - Before Error Fixing: 0.1875
09/24/2021 12:20:38 - INFO - __main__ - Found 26 errors.
09/24/2021 12:20:38 - INFO - __main__ - Start bug-fixing .... Timecode: 9
09/24/2021 12:20:43 - INFO - __main__ - Start bug-fixing .... Done!
09/24/2021 12:20:43 - INFO - __main__ - Evaluating again to analyze the performance .... Timecode: 9
09/24/2021 12:20:46 - INFO - __main__ - After Error Fixing: 0.875
09/24/2021 12:20:46 - INFO - __main__ - Instant Fixing Rate: 0.8846153846153846
09/24/2021 12:20:46 - INFO - __main__ - Instant Retention Rate: 0.8333333319444445
09/24/2021 12:20:48 - INFO - __main__ - Model saved to exp_results/dynamic_stream/memory_based/ckpt_dir/0924_MixedAllError_T=100_simplecl_seed=1213_ckpts/model_ckpt_010.pt.
09/24/2021 12:20:48 - INFO - __main__ - Not doing replay-based eval.
09/24/2021 12:20:48 - INFO - __main__ - Evaluating to get errors .... Timecode: 10
09/24/2021 12:20:51 - INFO - __main__ - Before Error Fixing: 0.21875
09/24/2021 12:20:51 - INFO - __main__ - Found 25 errors.
09/24/2021 12:20:52 - INFO - __main__ - Start bug-fixing .... Timecode: 10
09/24/2021 12:20:57 - INFO - __main__ - Start bug-fixing .... Done!
09/24/2021 12:20:57 - INFO - __main__ - Evaluating again to analyze the performance .... Timecode: 10
09/24/2021 12:21:00 - INFO - __main__ - After Error Fixing: 0.78125
09/24/2021 12:21:00 - INFO - __main__ - Instant Fixing Rate: 0.8
09/24/2021 12:21:00 - INFO - __main__ - Instant Retention Rate: 0.7142857132653061
09/24/2021 12:21:02 - INFO - __main__ - Model saved to exp_results/dynamic_stream/memory_based/ckpt_dir/0924_MixedAllError_T=100_simplecl_seed=1213_ckpts/model_ckpt_011.pt.
09/24/2021 12:21:02 - INFO - __main__ - Not doing replay-based eval.
09/24/2021 12:21:02 - INFO - __main__ - Evaluating to get errors .... Timecode: 11
09/24/2021 12:21:05 - INFO - __main__ - Before Error Fixing: 0.125
09/24/2021 12:21:05 - INFO - __main__ - Found 28 errors.
09/24/2021 12:21:05 - INFO - __main__ - Start bug-fixing .... Timecode: 11
09/24/2021 12:21:11 - INFO - __main__ - Start bug-fixing .... Done!
09/24/2021 12:21:11 - INFO - __main__ - Evaluating again to analyze the performance .... Timecode: 11
09/24/2021 12:21:15 - INFO - __main__ - After Error Fixing: 0.8125
09/24/2021 12:21:15 - INFO - __main__ - Instant Fixing Rate: 0.8214285714285714
09/24/2021 12:21:15 - INFO - __main__ - Instant Retention Rate: 0.7499999981250001
09/24/2021 12:21:17 - INFO - __main__ - Model saved to exp_results/dynamic_stream/memory_based/ckpt_dir/0924_MixedAllError_T=100_simplecl_seed=1213_ckpts/model_ckpt_012.pt.
09/24/2021 12:21:17 - INFO - __main__ - Not doing replay-based eval.
09/24/2021 12:21:17 - INFO - __main__ - Evaluating to get errors .... Timecode: 12
09/24/2021 12:21:20 - INFO - __main__ - Before Error Fixing: 0.21875
09/24/2021 12:21:20 - INFO - __main__ - Found 25 errors.
09/24/2021 12:21:20 - INFO - __main__ - Start bug-fixing .... Timecode: 12
09/24/2021 12:21:26 - INFO - __main__ - Start bug-fixing .... Done!
09/24/2021 12:21:26 - INFO - __main__ - Evaluating again to analyze the performance .... Timecode: 12
09/24/2021 12:21:30 - INFO - __main__ - After Error Fixing: 0.8125
09/24/2021 12:21:30 - INFO - __main__ - Instant Fixing Rate: 0.88
09/24/2021 12:21:30 - INFO - __main__ - Instant Retention Rate: 0.571428570612245
09/24/2021 12:21:32 - INFO - __main__ - Model saved to exp_results/dynamic_stream/memory_based/ckpt_dir/0924_MixedAllError_T=100_simplecl_seed=1213_ckpts/model_ckpt_013.pt.
09/24/2021 12:21:32 - INFO - __main__ - Not doing replay-based eval.
09/24/2021 12:21:32 - INFO - __main__ - Evaluating to get errors .... Timecode: 13
09/24/2021 12:21:34 - INFO - __main__ - Before Error Fixing: 0.125
09/24/2021 12:21:34 - INFO - __main__ - Found 28 errors.
09/24/2021 12:21:34 - INFO - __main__ - Start bug-fixing .... Timecode: 13
09/24/2021 12:21:40 - INFO - __main__ - Start bug-fixing .... Done!
09/24/2021 12:21:40 - INFO - __main__ - Evaluating again to analyze the performance .... Timecode: 13
09/24/2021 12:21:43 - INFO - __main__ - After Error Fixing: 0.75
09/24/2021 12:21:43 - INFO - __main__ - Instant Fixing Rate: 0.75
09/24/2021 12:21:43 - INFO - __main__ - Instant Retention Rate: 0.7499999981250001
09/24/2021 12:21:45 - INFO - __main__ - Model saved to exp_results/dynamic_stream/memory_based/ckpt_dir/0924_MixedAllError_T=100_simplecl_seed=1213_ckpts/model_ckpt_014.pt.
09/24/2021 12:21:45 - INFO - __main__ - Not doing replay-based eval.
09/24/2021 12:21:45 - INFO - __main__ - Evaluating to get errors .... Timecode: 14
09/24/2021 12:21:48 - INFO - __main__ - Before Error Fixing: 0.09375
09/24/2021 12:21:48 - INFO - __main__ - Found 29 errors.
09/24/2021 12:21:48 - INFO - __main__ - Start bug-fixing .... Timecode: 14
09/24/2021 12:21:54 - INFO - __main__ - Start bug-fixing .... Done!
09/24/2021 12:21:54 - INFO - __main__ - Evaluating again to analyze the performance .... Timecode: 14
09/24/2021 12:21:56 - INFO - __main__ - After Error Fixing: 0.875
09/24/2021 12:21:56 - INFO - __main__ - Instant Fixing Rate: 0.896551724137931
09/24/2021 12:21:56 - INFO - __main__ - Instant Retention Rate: 0.6666666644444444
09/24/2021 12:21:58 - INFO - __main__ - Model saved to exp_results/dynamic_stream/memory_based/ckpt_dir/0924_MixedAllError_T=100_simplecl_seed=1213_ckpts/model_ckpt_015.pt.
09/24/2021 12:21:58 - INFO - __main__ - Not doing replay-based eval.
09/24/2021 12:21:58 - INFO - __main__ - Evaluating to get errors .... Timecode: 15
09/24/2021 12:22:00 - INFO - __main__ - Before Error Fixing: 0.125
09/24/2021 12:22:00 - INFO - __main__ - Found 28 errors.
09/24/2021 12:22:01 - INFO - __main__ - Start bug-fixing .... Timecode: 15
09/24/2021 12:22:07 - INFO - __main__ - Start bug-fixing .... Done!
09/24/2021 12:22:07 - INFO - __main__ - Evaluating again to analyze the performance .... Timecode: 15
09/24/2021 12:22:09 - INFO - __main__ - After Error Fixing: 0.84375
09/24/2021 12:22:09 - INFO - __main__ - Instant Fixing Rate: 0.8928571428571429
09/24/2021 12:22:09 - INFO - __main__ - Instant Retention Rate: 0.49999999875
09/24/2021 12:22:11 - INFO - __main__ - Model saved to exp_results/dynamic_stream/memory_based/ckpt_dir/0924_MixedAllError_T=100_simplecl_seed=1213_ckpts/model_ckpt_016.pt.
09/24/2021 12:22:11 - INFO - __main__ - Not doing replay-based eval.
09/24/2021 12:22:11 - INFO - __main__ - Evaluating to get errors .... Timecode: 16
09/24/2021 12:22:15 - INFO - __main__ - Before Error Fixing: 0.09375
09/24/2021 12:22:15 - INFO - __main__ - Found 29 errors.
09/24/2021 12:22:15 - INFO - __main__ - Start bug-fixing .... Timecode: 16
09/24/2021 12:22:21 - INFO - __main__ - Start bug-fixing .... Done!
09/24/2021 12:22:21 - INFO - __main__ - Evaluating again to analyze the performance .... Timecode: 16
09/24/2021 12:22:25 - INFO - __main__ - After Error Fixing: 0.6875
09/24/2021 12:22:25 - INFO - __main__ - Instant Fixing Rate: 0.6896551724137931
09/24/2021 12:22:25 - INFO - __main__ - Instant Retention Rate: 0.6666666644444444
09/24/2021 12:22:27 - INFO - __main__ - Model saved to exp_results/dynamic_stream/memory_based/ckpt_dir/0924_MixedAllError_T=100_simplecl_seed=1213_ckpts/model_ckpt_017.pt.
09/24/2021 12:22:27 - INFO - __main__ - Not doing replay-based eval.
09/24/2021 12:22:27 - INFO - __main__ - Evaluating to get errors .... Timecode: 17
09/24/2021 12:22:30 - INFO - __main__ - Before Error Fixing: 0.25
09/24/2021 12:22:30 - INFO - __main__ - Found 24 errors.
09/24/2021 12:22:30 - INFO - __main__ - Start bug-fixing .... Timecode: 17
09/24/2021 12:22:35 - INFO - __main__ - Start bug-fixing .... Done!
09/24/2021 12:22:35 - INFO - __main__ - Evaluating again to analyze the performance .... Timecode: 17
09/24/2021 12:22:38 - INFO - __main__ - After Error Fixing: 0.65625
09/24/2021 12:22:38 - INFO - __main__ - Instant Fixing Rate: 0.75
09/24/2021 12:22:38 - INFO - __main__ - Instant Retention Rate: 0.37499999953124996
09/24/2021 12:22:40 - INFO - __main__ - Model saved to exp_results/dynamic_stream/memory_based/ckpt_dir/0924_MixedAllError_T=100_simplecl_seed=1213_ckpts/model_ckpt_018.pt.
09/24/2021 12:22:40 - INFO - __main__ - Not doing replay-based eval.
09/24/2021 12:22:40 - INFO - __main__ - Evaluating to get errors .... Timecode: 18
09/24/2021 12:22:44 - INFO - __main__ - Before Error Fixing: 0.15625
09/24/2021 12:22:44 - INFO - __main__ - Found 27 errors.
09/24/2021 12:22:44 - INFO - __main__ - Start bug-fixing .... Timecode: 18
09/24/2021 12:22:49 - INFO - __main__ - Start bug-fixing .... Done!
09/24/2021 12:22:49 - INFO - __main__ - Evaluating again to analyze the performance .... Timecode: 18
09/24/2021 12:22:52 - INFO - __main__ - After Error Fixing: 0.90625
09/24/2021 12:22:52 - INFO - __main__ - Instant Fixing Rate: 0.9259259259259259
09/24/2021 12:22:52 - INFO - __main__ - Instant Retention Rate: 0.7999999984
09/24/2021 12:22:54 - INFO - __main__ - Model saved to exp_results/dynamic_stream/memory_based/ckpt_dir/0924_MixedAllError_T=100_simplecl_seed=1213_ckpts/model_ckpt_019.pt.
09/24/2021 12:22:54 - INFO - __main__ - Not doing replay-based eval.
09/24/2021 12:22:54 - INFO - __main__ - Evaluating to get errors .... Timecode: 19
09/24/2021 12:22:57 - INFO - __main__ - Before Error Fixing: 0.21875
09/24/2021 12:22:57 - INFO - __main__ - Found 25 errors.
09/24/2021 12:22:57 - INFO - __main__ - Start bug-fixing .... Timecode: 19
09/24/2021 12:23:03 - INFO - __main__ - Start bug-fixing .... Done!
09/24/2021 12:23:03 - INFO - __main__ - Evaluating again to analyze the performance .... Timecode: 19
09/24/2021 12:23:05 - INFO - __main__ - After Error Fixing: 0.8125
09/24/2021 12:23:05 - INFO - __main__ - Instant Fixing Rate: 0.88
09/24/2021 12:23:05 - INFO - __main__ - Instant Retention Rate: 0.571428570612245
09/24/2021 12:23:08 - INFO - __main__ - Model saved to exp_results/dynamic_stream/memory_based/ckpt_dir/0924_MixedAllError_T=100_simplecl_seed=1213_ckpts/model_ckpt_020.pt.
09/24/2021 12:23:08 - INFO - __main__ - Not doing replay-based eval.
09/24/2021 12:23:08 - INFO - __main__ - Evaluating to get errors .... Timecode: 20
09/24/2021 12:23:11 - INFO - __main__ - Before Error Fixing: 0.21875
09/24/2021 12:23:11 - INFO - __main__ - Found 25 errors.
09/24/2021 12:23:12 - INFO - __main__ - Start bug-fixing .... Timecode: 20
09/24/2021 12:23:17 - INFO - __main__ - Start bug-fixing .... Done!
09/24/2021 12:23:17 - INFO - __main__ - Evaluating again to analyze the performance .... Timecode: 20
09/24/2021 12:23:21 - INFO - __main__ - After Error Fixing: 0.75
09/24/2021 12:23:21 - INFO - __main__ - Instant Fixing Rate: 0.84
09/24/2021 12:23:21 - INFO - __main__ - Instant Retention Rate: 0.4285714279591837
09/24/2021 12:23:23 - INFO - __main__ - Model saved to exp_results/dynamic_stream/memory_based/ckpt_dir/0924_MixedAllError_T=100_simplecl_seed=1213_ckpts/model_ckpt_021.pt.
09/24/2021 12:23:23 - INFO - __main__ - Not doing replay-based eval.
09/24/2021 12:23:23 - INFO - __main__ - Evaluating to get errors .... Timecode: 21
09/24/2021 12:23:27 - INFO - __main__ - Before Error Fixing: 0.125
09/24/2021 12:23:27 - INFO - __main__ - Found 28 errors.
09/24/2021 12:23:27 - INFO - __main__ - Start bug-fixing .... Timecode: 21
09/24/2021 12:23:33 - INFO - __main__ - Start bug-fixing .... Done!
09/24/2021 12:23:33 - INFO - __main__ - Evaluating again to analyze the performance .... Timecode: 21
09/24/2021 12:23:36 - INFO - __main__ - After Error Fixing: 0.8125
09/24/2021 12:23:36 - INFO - __main__ - Instant Fixing Rate: 0.8571428571428571
09/24/2021 12:23:36 - INFO - __main__ - Instant Retention Rate: 0.49999999875
09/24/2021 12:23:38 - INFO - __main__ - Model saved to exp_results/dynamic_stream/memory_based/ckpt_dir/0924_MixedAllError_T=100_simplecl_seed=1213_ckpts/model_ckpt_022.pt.
09/24/2021 12:23:38 - INFO - __main__ - Not doing replay-based eval.
09/24/2021 12:23:38 - INFO - __main__ - Evaluating to get errors .... Timecode: 22
09/24/2021 12:23:41 - INFO - __main__ - Before Error Fixing: 0.21875
09/24/2021 12:23:41 - INFO - __main__ - Found 25 errors.
09/24/2021 12:23:41 - INFO - __main__ - Start bug-fixing .... Timecode: 22
09/24/2021 12:23:47 - INFO - __main__ - Start bug-fixing .... Done!
09/24/2021 12:23:47 - INFO - __main__ - Evaluating again to analyze the performance .... Timecode: 22
09/24/2021 12:23:51 - INFO - __main__ - After Error Fixing: 0.8125
09/24/2021 12:23:51 - INFO - __main__ - Instant Fixing Rate: 0.84
09/24/2021 12:23:51 - INFO - __main__ - Instant Retention Rate: 0.7142857132653061
09/24/2021 12:23:53 - INFO - __main__ - Model saved to exp_results/dynamic_stream/memory_based/ckpt_dir/0924_MixedAllError_T=100_simplecl_seed=1213_ckpts/model_ckpt_023.pt.
09/24/2021 12:23:53 - INFO - __main__ - Not doing replay-based eval.
09/24/2021 12:23:53 - INFO - __main__ - Evaluating to get errors .... Timecode: 23
09/24/2021 12:23:57 - INFO - __main__ - Before Error Fixing: 0.125
09/24/2021 12:23:57 - INFO - __main__ - Found 28 errors.
09/24/2021 12:23:57 - INFO - __main__ - Start bug-fixing .... Timecode: 23
09/24/2021 12:24:03 - INFO - __main__ - Start bug-fixing .... Done!
09/24/2021 12:24:03 - INFO - __main__ - Evaluating again to analyze the performance .... Timecode: 23
09/24/2021 12:24:06 - INFO - __main__ - After Error Fixing: 0.75
09/24/2021 12:24:06 - INFO - __main__ - Instant Fixing Rate: 0.75
09/24/2021 12:24:06 - INFO - __main__ - Instant Retention Rate: 0.7499999981250001
09/24/2021 12:24:08 - INFO - __main__ - Model saved to exp_results/dynamic_stream/memory_based/ckpt_dir/0924_MixedAllError_T=100_simplecl_seed=1213_ckpts/model_ckpt_024.pt.
09/24/2021 12:24:08 - INFO - __main__ - Not doing replay-based eval.
09/24/2021 12:24:08 - INFO - __main__ - Evaluating to get errors .... Timecode: 24
09/24/2021 12:24:12 - INFO - __main__ - Before Error Fixing: 0.1875
09/24/2021 12:24:12 - INFO - __main__ - Found 26 errors.
09/24/2021 12:24:12 - INFO - __main__ - Start bug-fixing .... Timecode: 24
09/24/2021 12:24:16 - INFO - __main__ - Start bug-fixing .... Done!
09/24/2021 12:24:16 - INFO - __main__ - Evaluating again to analyze the performance .... Timecode: 24
09/24/2021 12:24:20 - INFO - __main__ - After Error Fixing: 0.78125
09/24/2021 12:24:20 - INFO - __main__ - Instant Fixing Rate: 0.8461538461538461
09/24/2021 12:24:20 - INFO - __main__ - Instant Retention Rate: 0.49999999916666665
09/24/2021 12:24:22 - INFO - __main__ - Model saved to exp_results/dynamic_stream/memory_based/ckpt_dir/0924_MixedAllError_T=100_simplecl_seed=1213_ckpts/model_ckpt_025.pt.
09/24/2021 12:24:22 - INFO - __main__ - Not doing replay-based eval.
09/24/2021 12:24:22 - INFO - __main__ - Evaluating to get errors .... Timecode: 25
09/24/2021 12:24:25 - INFO - __main__ - Before Error Fixing: 0.1875
09/24/2021 12:24:25 - INFO - __main__ - Found 26 errors.
09/24/2021 12:24:25 - INFO - __main__ - Start bug-fixing .... Timecode: 25
09/24/2021 12:24:31 - INFO - __main__ - Start bug-fixing .... Done!
09/24/2021 12:24:31 - INFO - __main__ - Evaluating again to analyze the performance .... Timecode: 25
09/24/2021 12:24:34 - INFO - __main__ - After Error Fixing: 0.875
09/24/2021 12:24:34 - INFO - __main__ - Instant Fixing Rate: 0.8846153846153846
09/24/2021 12:24:34 - INFO - __main__ - Instant Retention Rate: 0.8333333319444445
09/24/2021 12:24:36 - INFO - __main__ - Model saved to exp_results/dynamic_stream/memory_based/ckpt_dir/0924_MixedAllError_T=100_simplecl_seed=1213_ckpts/model_ckpt_026.pt.
09/24/2021 12:24:37 - INFO - __main__ - Not doing replay-based eval.
09/24/2021 12:24:37 - INFO - __main__ - Evaluating to get errors .... Timecode: 26
09/24/2021 12:24:40 - INFO - __main__ - Before Error Fixing: 0.21875
09/24/2021 12:24:40 - INFO - __main__ - Found 25 errors.
09/24/2021 12:24:40 - INFO - __main__ - Start bug-fixing .... Timecode: 26
09/24/2021 12:24:45 - INFO - __main__ - Start bug-fixing .... Done!
09/24/2021 12:24:45 - INFO - __main__ - Evaluating again to analyze the performance .... Timecode: 26
09/24/2021 12:24:48 - INFO - __main__ - After Error Fixing: 0.8125
09/24/2021 12:24:48 - INFO - __main__ - Instant Fixing Rate: 0.84
09/24/2021 12:24:48 - INFO - __main__ - Instant Retention Rate: 0.7142857132653061
09/24/2021 12:24:51 - INFO - __main__ - Model saved to exp_results/dynamic_stream/memory_based/ckpt_dir/0924_MixedAllError_T=100_simplecl_seed=1213_ckpts/model_ckpt_027.pt.
09/24/2021 12:24:51 - INFO - __main__ - Not doing replay-based eval.
09/24/2021 12:24:51 - INFO - __main__ - Evaluating to get errors .... Timecode: 27
09/24/2021 12:24:54 - INFO - __main__ - Before Error Fixing: 0.15625
09/24/2021 12:24:54 - INFO - __main__ - Found 27 errors.
09/24/2021 12:24:54 - INFO - __main__ - Start bug-fixing .... Timecode: 27
09/24/2021 12:25:00 - INFO - __main__ - Start bug-fixing .... Done!
09/24/2021 12:25:00 - INFO - __main__ - Evaluating again to analyze the performance .... Timecode: 27
09/24/2021 12:25:03 - INFO - __main__ - After Error Fixing: 0.8125
09/24/2021 12:25:03 - INFO - __main__ - Instant Fixing Rate: 0.8148148148148148
09/24/2021 12:25:03 - INFO - __main__ - Instant Retention Rate: 0.7999999984
09/24/2021 12:25:06 - INFO - __main__ - Model saved to exp_results/dynamic_stream/memory_based/ckpt_dir/0924_MixedAllError_T=100_simplecl_seed=1213_ckpts/model_ckpt_028.pt.
09/24/2021 12:25:06 - INFO - __main__ - Not doing replay-based eval.
09/24/2021 12:25:06 - INFO - __main__ - Evaluating to get errors .... Timecode: 28
09/24/2021 12:25:09 - INFO - __main__ - Before Error Fixing: 0.15625
09/24/2021 12:25:09 - INFO - __main__ - Found 27 errors.
09/24/2021 12:25:09 - INFO - __main__ - Start bug-fixing .... Timecode: 28
09/24/2021 12:25:15 - INFO - __main__ - Start bug-fixing .... Done!
09/24/2021 12:25:15 - INFO - __main__ - Evaluating again to analyze the performance .... Timecode: 28
09/24/2021 12:25:19 - INFO - __main__ - After Error Fixing: 0.75
09/24/2021 12:25:19 - INFO - __main__ - Instant Fixing Rate: 0.7037037037037037
09/24/2021 12:25:19 - INFO - __main__ - Instant Retention Rate: 0.9999999980000001
09/24/2021 12:25:21 - INFO - __main__ - Model saved to exp_results/dynamic_stream/memory_based/ckpt_dir/0924_MixedAllError_T=100_simplecl_seed=1213_ckpts/model_ckpt_029.pt.
09/24/2021 12:25:21 - INFO - __main__ - Not doing replay-based eval.
09/24/2021 12:25:21 - INFO - __main__ - Evaluating to get errors .... Timecode: 29
09/24/2021 12:25:24 - INFO - __main__ - Before Error Fixing: 0.21875
09/24/2021 12:25:24 - INFO - __main__ - Found 25 errors.
09/24/2021 12:25:24 - INFO - __main__ - Start bug-fixing .... Timecode: 29
09/24/2021 12:25:30 - INFO - __main__ - Start bug-fixing .... Done!
09/24/2021 12:25:30 - INFO - __main__ - Evaluating again to analyze the performance .... Timecode: 29
09/24/2021 12:25:33 - INFO - __main__ - After Error Fixing: 0.875
09/24/2021 12:25:33 - INFO - __main__ - Instant Fixing Rate: 0.88
09/24/2021 12:25:33 - INFO - __main__ - Instant Retention Rate: 0.8571428559183674
09/24/2021 12:25:35 - INFO - __main__ - Model saved to exp_results/dynamic_stream/memory_based/ckpt_dir/0924_MixedAllError_T=100_simplecl_seed=1213_ckpts/model_ckpt_030.pt.
09/24/2021 12:25:35 - INFO - __main__ - Not doing replay-based eval.
09/24/2021 12:25:35 - INFO - __main__ - Evaluating to get errors .... Timecode: 30
09/24/2021 12:25:39 - INFO - __main__ - Before Error Fixing: 0.09375
09/24/2021 12:25:39 - INFO - __main__ - Found 29 errors.
09/24/2021 12:25:39 - INFO - __main__ - Start bug-fixing .... Timecode: 30
09/24/2021 12:25:45 - INFO - __main__ - Start bug-fixing .... Done!
09/24/2021 12:25:45 - INFO - __main__ - Evaluating again to analyze the performance .... Timecode: 30
09/24/2021 12:25:48 - INFO - __main__ - After Error Fixing: 0.75
09/24/2021 12:25:48 - INFO - __main__ - Instant Fixing Rate: 0.7241379310344828
09/24/2021 12:25:48 - INFO - __main__ - Instant Retention Rate: 0.9999999966666667
09/24/2021 12:25:50 - INFO - __main__ - Model saved to exp_results/dynamic_stream/memory_based/ckpt_dir/0924_MixedAllError_T=100_simplecl_seed=1213_ckpts/model_ckpt_031.pt.
09/24/2021 12:25:50 - INFO - __main__ - Not doing replay-based eval.
09/24/2021 12:25:50 - INFO - __main__ - Evaluating to get errors .... Timecode: 31
09/24/2021 12:25:54 - INFO - __main__ - Before Error Fixing: 0.15625
09/24/2021 12:25:54 - INFO - __main__ - Found 27 errors.
09/24/2021 12:25:54 - INFO - __main__ - Start bug-fixing .... Timecode: 31
09/24/2021 12:26:00 - INFO - __main__ - Start bug-fixing .... Done!
09/24/2021 12:26:00 - INFO - __main__ - Evaluating again to analyze the performance .... Timecode: 31
09/24/2021 12:26:03 - INFO - __main__ - After Error Fixing: 0.875
09/24/2021 12:26:03 - INFO - __main__ - Instant Fixing Rate: 0.9259259259259259
09/24/2021 12:26:03 - INFO - __main__ - Instant Retention Rate: 0.5999999988
09/24/2021 12:26:05 - INFO - __main__ - Model saved to exp_results/dynamic_stream/memory_based/ckpt_dir/0924_MixedAllError_T=100_simplecl_seed=1213_ckpts/model_ckpt_032.pt.
09/24/2021 12:26:05 - INFO - __main__ - Not doing replay-based eval.
09/24/2021 12:26:05 - INFO - __main__ - Evaluating to get errors .... Timecode: 32
09/24/2021 12:26:09 - INFO - __main__ - Before Error Fixing: 0.125
09/24/2021 12:26:09 - INFO - __main__ - Found 28 errors.
09/24/2021 12:26:09 - INFO - __main__ - Start bug-fixing .... Timecode: 32
09/24/2021 12:26:15 - INFO - __main__ - Start bug-fixing .... Done!
09/24/2021 12:26:15 - INFO - __main__ - Evaluating again to analyze the performance .... Timecode: 32
09/24/2021 12:26:18 - INFO - __main__ - After Error Fixing: 0.84375
09/24/2021 12:26:18 - INFO - __main__ - Instant Fixing Rate: 0.8928571428571429
09/24/2021 12:26:18 - INFO - __main__ - Instant Retention Rate: 0.49999999875
09/24/2021 12:26:20 - INFO - __main__ - Model saved to exp_results/dynamic_stream/memory_based/ckpt_dir/0924_MixedAllError_T=100_simplecl_seed=1213_ckpts/model_ckpt_033.pt.
09/24/2021 12:26:20 - INFO - __main__ - Not doing replay-based eval.
09/24/2021 12:26:20 - INFO - __main__ - Evaluating to get errors .... Timecode: 33
09/24/2021 12:26:23 - INFO - __main__ - Before Error Fixing: 0.125
09/24/2021 12:26:23 - INFO - __main__ - Found 28 errors.
09/24/2021 12:26:23 - INFO - __main__ - Start bug-fixing .... Timecode: 33
09/24/2021 12:26:29 - INFO - __main__ - Start bug-fixing .... Done!
09/24/2021 12:26:29 - INFO - __main__ - Evaluating again to analyze the performance .... Timecode: 33
09/24/2021 12:26:32 - INFO - __main__ - After Error Fixing: 0.75
09/24/2021 12:26:32 - INFO - __main__ - Instant Fixing Rate: 0.7142857142857143
09/24/2021 12:26:32 - INFO - __main__ - Instant Retention Rate: 0.9999999975
09/24/2021 12:26:34 - INFO - __main__ - Model saved to exp_results/dynamic_stream/memory_based/ckpt_dir/0924_MixedAllError_T=100_simplecl_seed=1213_ckpts/model_ckpt_034.pt.
09/24/2021 12:26:34 - INFO - __main__ - Not doing replay-based eval.
09/24/2021 12:26:34 - INFO - __main__ - Evaluating to get errors .... Timecode: 34
09/24/2021 12:26:37 - INFO - __main__ - Before Error Fixing: 0.125
09/24/2021 12:26:37 - INFO - __main__ - Found 28 errors.
09/24/2021 12:26:37 - INFO - __main__ - Start bug-fixing .... Timecode: 34
09/24/2021 12:26:43 - INFO - __main__ - Start bug-fixing .... Done!
09/24/2021 12:26:43 - INFO - __main__ - Evaluating again to analyze the performance .... Timecode: 34
09/24/2021 12:26:46 - INFO - __main__ - After Error Fixing: 0.65625
09/24/2021 12:26:46 - INFO - __main__ - Instant Fixing Rate: 0.6071428571428571
09/24/2021 12:26:46 - INFO - __main__ - Instant Retention Rate: 0.9999999975
09/24/2021 12:26:48 - INFO - __main__ - Model saved to exp_results/dynamic_stream/memory_based/ckpt_dir/0924_MixedAllError_T=100_simplecl_seed=1213_ckpts/model_ckpt_035.pt.
09/24/2021 12:26:48 - INFO - __main__ - Not doing replay-based eval.
09/24/2021 12:26:48 - INFO - __main__ - Evaluating to get errors .... Timecode: 35
09/24/2021 12:26:51 - INFO - __main__ - Before Error Fixing: 0.28125
09/24/2021 12:26:51 - INFO - __main__ - Found 23 errors.
09/24/2021 12:26:51 - INFO - __main__ - Start bug-fixing .... Timecode: 35
09/24/2021 12:26:56 - INFO - __main__ - Start bug-fixing .... Done!
09/24/2021 12:26:56 - INFO - __main__ - Evaluating again to analyze the performance .... Timecode: 35
09/24/2021 12:27:00 - INFO - __main__ - After Error Fixing: 0.6875
09/24/2021 12:27:00 - INFO - __main__ - Instant Fixing Rate: 0.6521739130434783
09/24/2021 12:27:00 - INFO - __main__ - Instant Retention Rate: 0.7777777769135802
09/24/2021 12:27:02 - INFO - __main__ - Model saved to exp_results/dynamic_stream/memory_based/ckpt_dir/0924_MixedAllError_T=100_simplecl_seed=1213_ckpts/model_ckpt_036.pt.
09/24/2021 12:27:02 - INFO - __main__ - Not doing replay-based eval.
09/24/2021 12:27:02 - INFO - __main__ - Evaluating to get errors .... Timecode: 36
09/24/2021 12:27:05 - INFO - __main__ - Before Error Fixing: 0.375
09/24/2021 12:27:05 - INFO - __main__ - Found 20 errors.
09/24/2021 12:27:05 - INFO - __main__ - Start bug-fixing .... Timecode: 36
09/24/2021 12:27:09 - INFO - __main__ - Start bug-fixing .... Done!
09/24/2021 12:27:09 - INFO - __main__ - Evaluating again to analyze the performance .... Timecode: 36
09/24/2021 12:27:12 - INFO - __main__ - After Error Fixing: 0.8125
09/24/2021 12:27:12 - INFO - __main__ - Instant Fixing Rate: 0.85
09/24/2021 12:27:12 - INFO - __main__ - Instant Retention Rate: 0.749999999375
09/24/2021 12:27:14 - INFO - __main__ - Model saved to exp_results/dynamic_stream/memory_based/ckpt_dir/0924_MixedAllError_T=100_simplecl_seed=1213_ckpts/model_ckpt_037.pt.
09/24/2021 12:27:14 - INFO - __main__ - Not doing replay-based eval.
09/24/2021 12:27:14 - INFO - __main__ - Evaluating to get errors .... Timecode: 37
09/24/2021 12:27:18 - INFO - __main__ - Before Error Fixing: 0.1875
09/24/2021 12:27:18 - INFO - __main__ - Found 26 errors.
09/24/2021 12:27:18 - INFO - __main__ - Start bug-fixing .... Timecode: 37
09/24/2021 12:27:23 - INFO - __main__ - Start bug-fixing .... Done!
09/24/2021 12:27:23 - INFO - __main__ - Evaluating again to analyze the performance .... Timecode: 37
09/24/2021 12:27:27 - INFO - __main__ - After Error Fixing: 0.90625
09/24/2021 12:27:27 - INFO - __main__ - Instant Fixing Rate: 0.8846153846153846
09/24/2021 12:27:27 - INFO - __main__ - Instant Retention Rate: 0.9999999983333333
09/24/2021 12:27:28 - INFO - __main__ - Model saved to exp_results/dynamic_stream/memory_based/ckpt_dir/0924_MixedAllError_T=100_simplecl_seed=1213_ckpts/model_ckpt_038.pt.
09/24/2021 12:27:28 - INFO - __main__ - Not doing replay-based eval.
09/24/2021 12:27:28 - INFO - __main__ - Evaluating to get errors .... Timecode: 38
09/24/2021 12:27:32 - INFO - __main__ - Before Error Fixing: 0.09375
09/24/2021 12:27:32 - INFO - __main__ - Found 29 errors.
09/24/2021 12:27:32 - INFO - __main__ - Start bug-fixing .... Timecode: 38
09/24/2021 12:27:38 - INFO - __main__ - Start bug-fixing .... Done!
09/24/2021 12:27:38 - INFO - __main__ - Evaluating again to analyze the performance .... Timecode: 38
09/24/2021 12:27:42 - INFO - __main__ - After Error Fixing: 0.75
09/24/2021 12:27:42 - INFO - __main__ - Instant Fixing Rate: 0.7586206896551724
09/24/2021 12:27:42 - INFO - __main__ - Instant Retention Rate: 0.6666666644444444
09/24/2021 12:27:44 - INFO - __main__ - Model saved to exp_results/dynamic_stream/memory_based/ckpt_dir/0924_MixedAllError_T=100_simplecl_seed=1213_ckpts/model_ckpt_039.pt.
09/24/2021 12:27:44 - INFO - __main__ - Not doing replay-based eval.
09/24/2021 12:27:44 - INFO - __main__ - Evaluating to get errors .... Timecode: 39
09/24/2021 12:27:48 - INFO - __main__ - Before Error Fixing: 0.125
09/24/2021 12:27:48 - INFO - __main__ - Found 28 errors.
09/24/2021 12:27:48 - INFO - __main__ - Start bug-fixing .... Timecode: 39
09/24/2021 12:27:54 - INFO - __main__ - Start bug-fixing .... Done!
09/24/2021 12:27:54 - INFO - __main__ - Evaluating again to analyze the performance .... Timecode: 39
09/24/2021 12:27:57 - INFO - __main__ - After Error Fixing: 0.8125
09/24/2021 12:27:57 - INFO - __main__ - Instant Fixing Rate: 0.8214285714285714
09/24/2021 12:27:57 - INFO - __main__ - Instant Retention Rate: 0.7499999981250001
09/24/2021 12:27:59 - INFO - __main__ - Model saved to exp_results/dynamic_stream/memory_based/ckpt_dir/0924_MixedAllError_T=100_simplecl_seed=1213_ckpts/model_ckpt_040.pt.
09/24/2021 12:27:59 - INFO - __main__ - Not doing replay-based eval.
09/24/2021 12:27:59 - INFO - __main__ - Evaluating to get errors .... Timecode: 40
09/24/2021 12:28:03 - INFO - __main__ - Before Error Fixing: 0.21875
09/24/2021 12:28:03 - INFO - __main__ - Found 25 errors.
09/24/2021 12:28:03 - INFO - __main__ - Start bug-fixing .... Timecode: 40
09/24/2021 12:28:08 - INFO - __main__ - Start bug-fixing .... Done!
09/24/2021 12:28:08 - INFO - __main__ - Evaluating again to analyze the performance .... Timecode: 40
09/24/2021 12:28:12 - INFO - __main__ - After Error Fixing: 0.84375
09/24/2021 12:28:12 - INFO - __main__ - Instant Fixing Rate: 0.88
09/24/2021 12:28:12 - INFO - __main__ - Instant Retention Rate: 0.7142857132653061
09/24/2021 12:28:14 - INFO - __main__ - Model saved to exp_results/dynamic_stream/memory_based/ckpt_dir/0924_MixedAllError_T=100_simplecl_seed=1213_ckpts/model_ckpt_041.pt.
09/24/2021 12:28:14 - INFO - __main__ - Not doing replay-based eval.
09/24/2021 12:28:14 - INFO - __main__ - Evaluating to get errors .... Timecode: 41
09/24/2021 12:28:18 - INFO - __main__ - Before Error Fixing: 0.09375
09/24/2021 12:28:18 - INFO - __main__ - Found 29 errors.
09/24/2021 12:28:18 - INFO - __main__ - Start bug-fixing .... Timecode: 41
09/24/2021 12:28:24 - INFO - __main__ - Start bug-fixing .... Done!
09/24/2021 12:28:24 - INFO - __main__ - Evaluating again to analyze the performance .... Timecode: 41
09/24/2021 12:28:28 - INFO - __main__ - After Error Fixing: 0.65625
09/24/2021 12:28:28 - INFO - __main__ - Instant Fixing Rate: 0.7241379310344828
09/24/2021 12:28:28 - INFO - __main__ - Instant Retention Rate: 0.0
09/24/2021 12:28:30 - INFO - __main__ - Model saved to exp_results/dynamic_stream/memory_based/ckpt_dir/0924_MixedAllError_T=100_simplecl_seed=1213_ckpts/model_ckpt_042.pt.
09/24/2021 12:28:30 - INFO - __main__ - Not doing replay-based eval.
09/24/2021 12:28:30 - INFO - __main__ - Evaluating to get errors .... Timecode: 42
09/24/2021 12:28:34 - INFO - __main__ - Before Error Fixing: 0.0625
09/24/2021 12:28:34 - INFO - __main__ - Found 30 errors.
09/24/2021 12:28:34 - INFO - __main__ - Start bug-fixing .... Timecode: 42
09/24/2021 12:28:40 - INFO - __main__ - Start bug-fixing .... Done!
09/24/2021 12:28:40 - INFO - __main__ - Evaluating again to analyze the performance .... Timecode: 42
09/24/2021 12:28:44 - INFO - __main__ - After Error Fixing: 0.8125
09/24/2021 12:28:44 - INFO - __main__ - Instant Fixing Rate: 0.8333333333333334
09/24/2021 12:28:44 - INFO - __main__ - Instant Retention Rate: 0.4999999975
09/24/2021 12:28:46 - INFO - __main__ - Model saved to exp_results/dynamic_stream/memory_based/ckpt_dir/0924_MixedAllError_T=100_simplecl_seed=1213_ckpts/model_ckpt_043.pt.
09/24/2021 12:28:46 - INFO - __main__ - Not doing replay-based eval.
09/24/2021 12:28:46 - INFO - __main__ - Evaluating to get errors .... Timecode: 43
09/24/2021 12:28:50 - INFO - __main__ - Before Error Fixing: 0.15625
09/24/2021 12:28:50 - INFO - __main__ - Found 27 errors.
09/24/2021 12:28:50 - INFO - __main__ - Start bug-fixing .... Timecode: 43
09/24/2021 12:28:56 - INFO - __main__ - Start bug-fixing .... Done!
09/24/2021 12:28:56 - INFO - __main__ - Evaluating again to analyze the performance .... Timecode: 43
09/24/2021 12:28:59 - INFO - __main__ - After Error Fixing: 0.78125
09/24/2021 12:28:59 - INFO - __main__ - Instant Fixing Rate: 0.8148148148148148
09/24/2021 12:28:59 - INFO - __main__ - Instant Retention Rate: 0.5999999988
09/24/2021 12:29:01 - INFO - __main__ - Model saved to exp_results/dynamic_stream/memory_based/ckpt_dir/0924_MixedAllError_T=100_simplecl_seed=1213_ckpts/model_ckpt_044.pt.
09/24/2021 12:29:01 - INFO - __main__ - Not doing replay-based eval.
09/24/2021 12:29:01 - INFO - __main__ - Evaluating to get errors .... Timecode: 44
09/24/2021 12:29:05 - INFO - __main__ - Before Error Fixing: 0.15625
09/24/2021 12:29:05 - INFO - __main__ - Found 27 errors.
09/24/2021 12:29:05 - INFO - __main__ - Start bug-fixing .... Timecode: 44
09/24/2021 12:29:10 - INFO - __main__ - Start bug-fixing .... Done!
09/24/2021 12:29:10 - INFO - __main__ - Evaluating again to analyze the performance .... Timecode: 44
09/24/2021 12:29:14 - INFO - __main__ - After Error Fixing: 0.71875
09/24/2021 12:29:14 - INFO - __main__ - Instant Fixing Rate: 0.8148148148148148
09/24/2021 12:29:14 - INFO - __main__ - Instant Retention Rate: 0.1999999996
09/24/2021 12:29:16 - INFO - __main__ - Model saved to exp_results/dynamic_stream/memory_based/ckpt_dir/0924_MixedAllError_T=100_simplecl_seed=1213_ckpts/model_ckpt_045.pt.
09/24/2021 12:29:16 - INFO - __main__ - Not doing replay-based eval.
09/24/2021 12:29:16 - INFO - __main__ - Evaluating to get errors .... Timecode: 45
09/24/2021 12:29:20 - INFO - __main__ - Before Error Fixing: 0.125
09/24/2021 12:29:20 - INFO - __main__ - Found 28 errors.
09/24/2021 12:29:20 - INFO - __main__ - Start bug-fixing .... Timecode: 45
09/24/2021 12:29:26 - INFO - __main__ - Start bug-fixing .... Done!
09/24/2021 12:29:26 - INFO - __main__ - Evaluating again to analyze the performance .... Timecode: 45
09/24/2021 12:29:29 - INFO - __main__ - After Error Fixing: 0.8125
09/24/2021 12:29:29 - INFO - __main__ - Instant Fixing Rate: 0.7857142857142857
09/24/2021 12:29:29 - INFO - __main__ - Instant Retention Rate: 0.9999999975
09/24/2021 12:29:31 - INFO - __main__ - Model saved to exp_results/dynamic_stream/memory_based/ckpt_dir/0924_MixedAllError_T=100_simplecl_seed=1213_ckpts/model_ckpt_046.pt.
09/24/2021 12:29:31 - INFO - __main__ - Not doing replay-based eval.
09/24/2021 12:29:31 - INFO - __main__ - Evaluating to get errors .... Timecode: 46
09/24/2021 12:29:34 - INFO - __main__ - Before Error Fixing: 0.40625
09/24/2021 12:29:34 - INFO - __main__ - Found 19 errors.
09/24/2021 12:29:34 - INFO - __main__ - Start bug-fixing .... Timecode: 46
09/24/2021 12:29:39 - INFO - __main__ - Start bug-fixing .... Done!
09/24/2021 12:29:39 - INFO - __main__ - Evaluating again to analyze the performance .... Timecode: 46
09/24/2021 12:29:42 - INFO - __main__ - After Error Fixing: 0.71875
09/24/2021 12:29:42 - INFO - __main__ - Instant Fixing Rate: 0.8421052631578947
09/24/2021 12:29:42 - INFO - __main__ - Instant Retention Rate: 0.5384615380473372
09/24/2021 12:29:45 - INFO - __main__ - Model saved to exp_results/dynamic_stream/memory_based/ckpt_dir/0924_MixedAllError_T=100_simplecl_seed=1213_ckpts/model_ckpt_047.pt.
09/24/2021 12:29:45 - INFO - __main__ - Not doing replay-based eval.
09/24/2021 12:29:45 - INFO - __main__ - Evaluating to get errors .... Timecode: 47
09/24/2021 12:29:48 - INFO - __main__ - Before Error Fixing: 0.1875
09/24/2021 12:29:48 - INFO - __main__ - Found 26 errors.
09/24/2021 12:29:48 - INFO - __main__ - Start bug-fixing .... Timecode: 47
09/24/2021 12:29:54 - INFO - __main__ - Start bug-fixing .... Done!
09/24/2021 12:29:54 - INFO - __main__ - Evaluating again to analyze the performance .... Timecode: 47
09/24/2021 12:29:57 - INFO - __main__ - After Error Fixing: 0.84375
09/24/2021 12:29:57 - INFO - __main__ - Instant Fixing Rate: 0.9230769230769231
09/24/2021 12:29:57 - INFO - __main__ - Instant Retention Rate: 0.49999999916666665
09/24/2021 12:29:59 - INFO - __main__ - Model saved to exp_results/dynamic_stream/memory_based/ckpt_dir/0924_MixedAllError_T=100_simplecl_seed=1213_ckpts/model_ckpt_048.pt.
09/24/2021 12:29:59 - INFO - __main__ - Not doing replay-based eval.
09/24/2021 12:29:59 - INFO - __main__ - Evaluating to get errors .... Timecode: 48
09/24/2021 12:30:03 - INFO - __main__ - Before Error Fixing: 0.21875
09/24/2021 12:30:03 - INFO - __main__ - Found 25 errors.
09/24/2021 12:30:03 - INFO - __main__ - Start bug-fixing .... Timecode: 48
09/24/2021 12:30:08 - INFO - __main__ - Start bug-fixing .... Done!
09/24/2021 12:30:08 - INFO - __main__ - Evaluating again to analyze the performance .... Timecode: 48
09/24/2021 12:30:12 - INFO - __main__ - After Error Fixing: 0.625
09/24/2021 12:30:12 - INFO - __main__ - Instant Fixing Rate: 0.72
09/24/2021 12:30:12 - INFO - __main__ - Instant Retention Rate: 0.2857142853061225
09/24/2021 12:30:14 - INFO - __main__ - Model saved to exp_results/dynamic_stream/memory_based/ckpt_dir/0924_MixedAllError_T=100_simplecl_seed=1213_ckpts/model_ckpt_049.pt.
09/24/2021 12:30:14 - INFO - __main__ - Not doing replay-based eval.
09/24/2021 12:30:14 - INFO - __main__ - Evaluating to get errors .... Timecode: 49
09/24/2021 12:30:18 - INFO - __main__ - Before Error Fixing: 0.03125
09/24/2021 12:30:18 - INFO - __main__ - Found 31 errors.
09/24/2021 12:30:18 - INFO - __main__ - Start bug-fixing .... Timecode: 49
09/24/2021 12:30:24 - INFO - __main__ - Start bug-fixing .... Done!
09/24/2021 12:30:24 - INFO - __main__ - Evaluating again to analyze the performance .... Timecode: 49
09/24/2021 12:30:28 - INFO - __main__ - After Error Fixing: 0.8125
09/24/2021 12:30:28 - INFO - __main__ - Instant Fixing Rate: 0.8064516129032258
09/24/2021 12:30:28 - INFO - __main__ - Instant Retention Rate: 0.9999999900000002
09/24/2021 12:30:31 - INFO - __main__ - Model saved to exp_results/dynamic_stream/memory_based/ckpt_dir/0924_MixedAllError_T=100_simplecl_seed=1213_ckpts/model_ckpt_050.pt.
09/24/2021 12:30:31 - INFO - __main__ - Not doing replay-based eval.
09/24/2021 12:30:31 - INFO - __main__ - Evaluating to get errors .... Timecode: 50
09/24/2021 12:30:35 - INFO - __main__ - Before Error Fixing: 0.09375
09/24/2021 12:30:35 - INFO - __main__ - Found 29 errors.
09/24/2021 12:30:35 - INFO - __main__ - Start bug-fixing .... Timecode: 50
09/24/2021 12:30:41 - INFO - __main__ - Start bug-fixing .... Done!
09/24/2021 12:30:41 - INFO - __main__ - Evaluating again to analyze the performance .... Timecode: 50
09/24/2021 12:30:45 - INFO - __main__ - After Error Fixing: 0.71875
09/24/2021 12:30:45 - INFO - __main__ - Instant Fixing Rate: 0.7241379310344828
09/24/2021 12:30:45 - INFO - __main__ - Instant Retention Rate: 0.6666666644444444
09/24/2021 12:30:47 - INFO - __main__ - Model saved to exp_results/dynamic_stream/memory_based/ckpt_dir/0924_MixedAllError_T=100_simplecl_seed=1213_ckpts/model_ckpt_051.pt.
09/24/2021 12:30:47 - INFO - __main__ - Not doing replay-based eval.
09/24/2021 12:30:47 - INFO - __main__ - Evaluating to get errors .... Timecode: 51
09/24/2021 12:30:51 - INFO - __main__ - Before Error Fixing: 0.1875
09/24/2021 12:30:51 - INFO - __main__ - Found 26 errors.
09/24/2021 12:30:51 - INFO - __main__ - Start bug-fixing .... Timecode: 51
09/24/2021 12:30:57 - INFO - __main__ - Start bug-fixing .... Done!
09/24/2021 12:30:57 - INFO - __main__ - Evaluating again to analyze the performance .... Timecode: 51
09/24/2021 12:31:00 - INFO - __main__ - After Error Fixing: 0.8125
09/24/2021 12:31:00 - INFO - __main__ - Instant Fixing Rate: 0.7692307692307693
09/24/2021 12:31:00 - INFO - __main__ - Instant Retention Rate: 0.9999999983333333
09/24/2021 12:31:03 - INFO - __main__ - Model saved to exp_results/dynamic_stream/memory_based/ckpt_dir/0924_MixedAllError_T=100_simplecl_seed=1213_ckpts/model_ckpt_052.pt.
09/24/2021 12:31:03 - INFO - __main__ - Not doing replay-based eval.
09/24/2021 12:31:03 - INFO - __main__ - Evaluating to get errors .... Timecode: 52
09/24/2021 12:31:06 - INFO - __main__ - Before Error Fixing: 0.15625
09/24/2021 12:31:06 - INFO - __main__ - Found 27 errors.
09/24/2021 12:31:06 - INFO - __main__ - Start bug-fixing .... Timecode: 52
09/24/2021 12:31:11 - INFO - __main__ - Start bug-fixing .... Done!
09/24/2021 12:31:11 - INFO - __main__ - Evaluating again to analyze the performance .... Timecode: 52
09/24/2021 12:31:14 - INFO - __main__ - After Error Fixing: 0.9375
09/24/2021 12:31:14 - INFO - __main__ - Instant Fixing Rate: 0.9629629629629629
09/24/2021 12:31:14 - INFO - __main__ - Instant Retention Rate: 0.7999999984
09/24/2021 12:31:16 - INFO - __main__ - Model saved to exp_results/dynamic_stream/memory_based/ckpt_dir/0924_MixedAllError_T=100_simplecl_seed=1213_ckpts/model_ckpt_053.pt.
09/24/2021 12:31:16 - INFO - __main__ - Not doing replay-based eval.
09/24/2021 12:31:16 - INFO - __main__ - Evaluating to get errors .... Timecode: 53
09/24/2021 12:31:18 - INFO - __main__ - Before Error Fixing: 0.28125
09/24/2021 12:31:18 - INFO - __main__ - Found 23 errors.
09/24/2021 12:31:19 - INFO - __main__ - Start bug-fixing .... Timecode: 53
09/24/2021 12:31:23 - INFO - __main__ - Start bug-fixing .... Done!
09/24/2021 12:31:23 - INFO - __main__ - Evaluating again to analyze the performance .... Timecode: 53
09/24/2021 12:31:27 - INFO - __main__ - After Error Fixing: 0.84375
09/24/2021 12:31:27 - INFO - __main__ - Instant Fixing Rate: 0.8695652173913043
09/24/2021 12:31:27 - INFO - __main__ - Instant Retention Rate: 0.7777777769135802
09/24/2021 12:31:29 - INFO - __main__ - Model saved to exp_results/dynamic_stream/memory_based/ckpt_dir/0924_MixedAllError_T=100_simplecl_seed=1213_ckpts/model_ckpt_054.pt.
09/24/2021 12:31:29 - INFO - __main__ - Not doing replay-based eval.
09/24/2021 12:31:29 - INFO - __main__ - Evaluating to get errors .... Timecode: 54
09/24/2021 12:31:33 - INFO - __main__ - Before Error Fixing: 0.15625
09/24/2021 12:31:33 - INFO - __main__ - Found 27 errors.
09/24/2021 12:31:33 - INFO - __main__ - Start bug-fixing .... Timecode: 54
09/24/2021 12:31:39 - INFO - __main__ - Start bug-fixing .... Done!
09/24/2021 12:31:39 - INFO - __main__ - Evaluating again to analyze the performance .... Timecode: 54
09/24/2021 12:31:42 - INFO - __main__ - After Error Fixing: 0.84375
09/24/2021 12:31:42 - INFO - __main__ - Instant Fixing Rate: 0.8518518518518519
09/24/2021 12:31:42 - INFO - __main__ - Instant Retention Rate: 0.7999999984
09/24/2021 12:31:44 - INFO - __main__ - Model saved to exp_results/dynamic_stream/memory_based/ckpt_dir/0924_MixedAllError_T=100_simplecl_seed=1213_ckpts/model_ckpt_055.pt.
09/24/2021 12:31:44 - INFO - __main__ - Not doing replay-based eval.
09/24/2021 12:31:44 - INFO - __main__ - Evaluating to get errors .... Timecode: 55
09/24/2021 12:31:48 - INFO - __main__ - Before Error Fixing: 0.125
09/24/2021 12:31:48 - INFO - __main__ - Found 28 errors.
09/24/2021 12:31:48 - INFO - __main__ - Start bug-fixing .... Timecode: 55
09/24/2021 12:31:54 - INFO - __main__ - Start bug-fixing .... Done!
09/24/2021 12:31:54 - INFO - __main__ - Evaluating again to analyze the performance .... Timecode: 55
09/24/2021 12:31:58 - INFO - __main__ - After Error Fixing: 0.71875
09/24/2021 12:31:58 - INFO - __main__ - Instant Fixing Rate: 0.6785714285714286
09/24/2021 12:31:58 - INFO - __main__ - Instant Retention Rate: 0.9999999975
09/24/2021 12:32:00 - INFO - __main__ - Model saved to exp_results/dynamic_stream/memory_based/ckpt_dir/0924_MixedAllError_T=100_simplecl_seed=1213_ckpts/model_ckpt_056.pt.
09/24/2021 12:32:00 - INFO - __main__ - Not doing replay-based eval.
09/24/2021 12:32:00 - INFO - __main__ - Evaluating to get errors .... Timecode: 56
09/24/2021 12:32:04 - INFO - __main__ - Before Error Fixing: 0.15625
09/24/2021 12:32:04 - INFO - __main__ - Found 27 errors.
09/24/2021 12:32:04 - INFO - __main__ - Start bug-fixing .... Timecode: 56
09/24/2021 12:32:09 - INFO - __main__ - Start bug-fixing .... Done!
09/24/2021 12:32:09 - INFO - __main__ - Evaluating again to analyze the performance .... Timecode: 56
09/24/2021 12:32:13 - INFO - __main__ - After Error Fixing: 0.71875
09/24/2021 12:32:13 - INFO - __main__ - Instant Fixing Rate: 0.7037037037037037
09/24/2021 12:32:13 - INFO - __main__ - Instant Retention Rate: 0.7999999984
09/24/2021 12:32:16 - INFO - __main__ - Model saved to exp_results/dynamic_stream/memory_based/ckpt_dir/0924_MixedAllError_T=100_simplecl_seed=1213_ckpts/model_ckpt_057.pt.
09/24/2021 12:32:16 - INFO - __main__ - Not doing replay-based eval.
09/24/2021 12:32:16 - INFO - __main__ - Evaluating to get errors .... Timecode: 57
09/24/2021 12:32:19 - INFO - __main__ - Before Error Fixing: 0.15625
09/24/2021 12:32:19 - INFO - __main__ - Found 27 errors.
09/24/2021 12:32:19 - INFO - __main__ - Start bug-fixing .... Timecode: 57
09/24/2021 12:32:25 - INFO - __main__ - Start bug-fixing .... Done!
09/24/2021 12:32:25 - INFO - __main__ - Evaluating again to analyze the performance .... Timecode: 57
09/24/2021 12:32:28 - INFO - __main__ - After Error Fixing: 0.8125
09/24/2021 12:32:28 - INFO - __main__ - Instant Fixing Rate: 0.8518518518518519
09/24/2021 12:32:28 - INFO - __main__ - Instant Retention Rate: 0.5999999988
09/24/2021 12:32:30 - INFO - __main__ - Model saved to exp_results/dynamic_stream/memory_based/ckpt_dir/0924_MixedAllError_T=100_simplecl_seed=1213_ckpts/model_ckpt_058.pt.
09/24/2021 12:32:30 - INFO - __main__ - Not doing replay-based eval.
09/24/2021 12:32:30 - INFO - __main__ - Evaluating to get errors .... Timecode: 58
09/24/2021 12:32:34 - INFO - __main__ - Before Error Fixing: 0.1875
09/24/2021 12:32:34 - INFO - __main__ - Found 26 errors.
09/24/2021 12:32:34 - INFO - __main__ - Start bug-fixing .... Timecode: 58
09/24/2021 12:32:39 - INFO - __main__ - Start bug-fixing .... Done!
09/24/2021 12:32:39 - INFO - __main__ - Evaluating again to analyze the performance .... Timecode: 58
09/24/2021 12:32:43 - INFO - __main__ - After Error Fixing: 0.78125
09/24/2021 12:32:43 - INFO - __main__ - Instant Fixing Rate: 0.7307692307692307
09/24/2021 12:32:43 - INFO - __main__ - Instant Retention Rate: 0.9999999983333333
09/24/2021 12:32:45 - INFO - __main__ - Model saved to exp_results/dynamic_stream/memory_based/ckpt_dir/0924_MixedAllError_T=100_simplecl_seed=1213_ckpts/model_ckpt_059.pt.
09/24/2021 12:32:46 - INFO - __main__ - Not doing replay-based eval.
09/24/2021 12:32:46 - INFO - __main__ - Evaluating to get errors .... Timecode: 59
09/24/2021 12:32:49 - INFO - __main__ - Before Error Fixing: 0.125
09/24/2021 12:32:49 - INFO - __main__ - Found 28 errors.
09/24/2021 12:32:49 - INFO - __main__ - Start bug-fixing .... Timecode: 59
09/24/2021 12:32:55 - INFO - __main__ - Start bug-fixing .... Done!
09/24/2021 12:32:55 - INFO - __main__ - Evaluating again to analyze the performance .... Timecode: 59
09/24/2021 12:32:59 - INFO - __main__ - After Error Fixing: 0.65625
09/24/2021 12:32:59 - INFO - __main__ - Instant Fixing Rate: 0.6428571428571429
09/24/2021 12:32:59 - INFO - __main__ - Instant Retention Rate: 0.7499999981250001
09/24/2021 12:33:02 - INFO - __main__ - Model saved to exp_results/dynamic_stream/memory_based/ckpt_dir/0924_MixedAllError_T=100_simplecl_seed=1213_ckpts/model_ckpt_060.pt.
09/24/2021 12:33:02 - INFO - __main__ - Not doing replay-based eval.
09/24/2021 12:33:02 - INFO - __main__ - Evaluating to get errors .... Timecode: 60
09/24/2021 12:33:06 - INFO - __main__ - Before Error Fixing: 0.15625
09/24/2021 12:33:06 - INFO - __main__ - Found 27 errors.
09/24/2021 12:33:06 - INFO - __main__ - Start bug-fixing .... Timecode: 60
09/24/2021 12:33:11 - INFO - __main__ - Start bug-fixing .... Done!
09/24/2021 12:33:11 - INFO - __main__ - Evaluating again to analyze the performance .... Timecode: 60
09/24/2021 12:33:14 - INFO - __main__ - After Error Fixing: 0.875
09/24/2021 12:33:14 - INFO - __main__ - Instant Fixing Rate: 0.8518518518518519
09/24/2021 12:33:14 - INFO - __main__ - Instant Retention Rate: 0.9999999980000001
09/24/2021 12:33:16 - INFO - __main__ - Model saved to exp_results/dynamic_stream/memory_based/ckpt_dir/0924_MixedAllError_T=100_simplecl_seed=1213_ckpts/model_ckpt_061.pt.
09/24/2021 12:33:16 - INFO - __main__ - Not doing replay-based eval.
09/24/2021 12:33:16 - INFO - __main__ - Evaluating to get errors .... Timecode: 61
09/24/2021 12:33:19 - INFO - __main__ - Before Error Fixing: 0.15625
09/24/2021 12:33:19 - INFO - __main__ - Found 27 errors.
09/24/2021 12:33:19 - INFO - __main__ - Start bug-fixing .... Timecode: 61
09/24/2021 12:33:25 - INFO - __main__ - Start bug-fixing .... Done!
09/24/2021 12:33:25 - INFO - __main__ - Evaluating again to analyze the performance .... Timecode: 61
09/24/2021 12:33:28 - INFO - __main__ - After Error Fixing: 0.9375
09/24/2021 12:33:28 - INFO - __main__ - Instant Fixing Rate: 1.0
09/24/2021 12:33:28 - INFO - __main__ - Instant Retention Rate: 0.5999999988
09/24/2021 12:33:30 - INFO - __main__ - Model saved to exp_results/dynamic_stream/memory_based/ckpt_dir/0924_MixedAllError_T=100_simplecl_seed=1213_ckpts/model_ckpt_062.pt.
09/24/2021 12:33:30 - INFO - __main__ - Not doing replay-based eval.
09/24/2021 12:33:30 - INFO - __main__ - Evaluating to get errors .... Timecode: 62
09/24/2021 12:33:33 - INFO - __main__ - Before Error Fixing: 0.3125
09/24/2021 12:33:33 - INFO - __main__ - Found 22 errors.
09/24/2021 12:33:33 - INFO - __main__ - Start bug-fixing .... Timecode: 62
09/24/2021 12:33:38 - INFO - __main__ - Start bug-fixing .... Done!
09/24/2021 12:33:38 - INFO - __main__ - Evaluating again to analyze the performance .... Timecode: 62
09/24/2021 12:33:42 - INFO - __main__ - After Error Fixing: 0.6875
09/24/2021 12:33:42 - INFO - __main__ - Instant Fixing Rate: 0.7272727272727273
09/24/2021 12:33:42 - INFO - __main__ - Instant Retention Rate: 0.5999999993999999
09/24/2021 12:33:44 - INFO - __main__ - Model saved to exp_results/dynamic_stream/memory_based/ckpt_dir/0924_MixedAllError_T=100_simplecl_seed=1213_ckpts/model_ckpt_063.pt.
09/24/2021 12:33:44 - INFO - __main__ - Not doing replay-based eval.
09/24/2021 12:33:44 - INFO - __main__ - Evaluating to get errors .... Timecode: 63
09/24/2021 12:33:47 - INFO - __main__ - Before Error Fixing: 0.09375
09/24/2021 12:33:47 - INFO - __main__ - Found 29 errors.
09/24/2021 12:33:48 - INFO - __main__ - Start bug-fixing .... Timecode: 63
09/24/2021 12:33:54 - INFO - __main__ - Start bug-fixing .... Done!
09/24/2021 12:33:54 - INFO - __main__ - Evaluating again to analyze the performance .... Timecode: 63
09/24/2021 12:33:57 - INFO - __main__ - After Error Fixing: 0.84375
09/24/2021 12:33:57 - INFO - __main__ - Instant Fixing Rate: 0.8275862068965517
09/24/2021 12:33:57 - INFO - __main__ - Instant Retention Rate: 0.9999999966666667
09/24/2021 12:34:00 - INFO - __main__ - Model saved to exp_results/dynamic_stream/memory_based/ckpt_dir/0924_MixedAllError_T=100_simplecl_seed=1213_ckpts/model_ckpt_064.pt.
09/24/2021 12:34:00 - INFO - __main__ - Not doing replay-based eval.
09/24/2021 12:34:00 - INFO - __main__ - Evaluating to get errors .... Timecode: 64
09/24/2021 12:34:03 - INFO - __main__ - Before Error Fixing: 0.1875
09/24/2021 12:34:03 - INFO - __main__ - Found 26 errors.
09/24/2021 12:34:03 - INFO - __main__ - Start bug-fixing .... Timecode: 64
09/24/2021 12:34:09 - INFO - __main__ - Start bug-fixing .... Done!
09/24/2021 12:34:09 - INFO - __main__ - Evaluating again to analyze the performance .... Timecode: 64
09/24/2021 12:34:13 - INFO - __main__ - After Error Fixing: 0.75
09/24/2021 12:34:13 - INFO - __main__ - Instant Fixing Rate: 0.8076923076923077
09/24/2021 12:34:13 - INFO - __main__ - Instant Retention Rate: 0.49999999916666665
09/24/2021 12:34:15 - INFO - __main__ - Model saved to exp_results/dynamic_stream/memory_based/ckpt_dir/0924_MixedAllError_T=100_simplecl_seed=1213_ckpts/model_ckpt_065.pt.
09/24/2021 12:34:15 - INFO - __main__ - Not doing replay-based eval.
09/24/2021 12:34:15 - INFO - __main__ - Evaluating to get errors .... Timecode: 65
09/24/2021 12:34:18 - INFO - __main__ - Before Error Fixing: 0.15625
09/24/2021 12:34:18 - INFO - __main__ - Found 27 errors.
09/24/2021 12:34:18 - INFO - __main__ - Start bug-fixing .... Timecode: 65
09/24/2021 12:34:24 - INFO - __main__ - Start bug-fixing .... Done!
09/24/2021 12:34:24 - INFO - __main__ - Evaluating again to analyze the performance .... Timecode: 65
09/24/2021 12:34:27 - INFO - __main__ - After Error Fixing: 0.78125
09/24/2021 12:34:27 - INFO - __main__ - Instant Fixing Rate: 0.7407407407407407
09/24/2021 12:34:27 - INFO - __main__ - Instant Retention Rate: 0.9999999980000001
09/24/2021 12:34:29 - INFO - __main__ - Model saved to exp_results/dynamic_stream/memory_based/ckpt_dir/0924_MixedAllError_T=100_simplecl_seed=1213_ckpts/model_ckpt_066.pt.
09/24/2021 12:34:29 - INFO - __main__ - Not doing replay-based eval.
09/24/2021 12:34:29 - INFO - __main__ - Evaluating to get errors .... Timecode: 66
09/24/2021 12:34:33 - INFO - __main__ - Before Error Fixing: 0.125
09/24/2021 12:34:33 - INFO - __main__ - Found 28 errors.
09/24/2021 12:34:33 - INFO - __main__ - Start bug-fixing .... Timecode: 66
09/24/2021 12:34:39 - INFO - __main__ - Start bug-fixing .... Done!
09/24/2021 12:34:39 - INFO - __main__ - Evaluating again to analyze the performance .... Timecode: 66
09/24/2021 12:34:42 - INFO - __main__ - After Error Fixing: 0.84375
09/24/2021 12:34:42 - INFO - __main__ - Instant Fixing Rate: 0.8214285714285714
09/24/2021 12:34:42 - INFO - __main__ - Instant Retention Rate: 0.9999999975
09/24/2021 12:34:44 - INFO - __main__ - Model saved to exp_results/dynamic_stream/memory_based/ckpt_dir/0924_MixedAllError_T=100_simplecl_seed=1213_ckpts/model_ckpt_067.pt.
09/24/2021 12:34:44 - INFO - __main__ - Not doing replay-based eval.
09/24/2021 12:34:44 - INFO - __main__ - Evaluating to get errors .... Timecode: 67
09/24/2021 12:34:48 - INFO - __main__ - Before Error Fixing: 0.3125
09/24/2021 12:34:48 - INFO - __main__ - Found 22 errors.
09/24/2021 12:34:48 - INFO - __main__ - Start bug-fixing .... Timecode: 67
09/24/2021 12:34:52 - INFO - __main__ - Start bug-fixing .... Done!
09/24/2021 12:34:52 - INFO - __main__ - Evaluating again to analyze the performance .... Timecode: 67
09/24/2021 12:34:55 - INFO - __main__ - After Error Fixing: 0.78125
09/24/2021 12:34:55 - INFO - __main__ - Instant Fixing Rate: 0.7727272727272727
09/24/2021 12:34:55 - INFO - __main__ - Instant Retention Rate: 0.7999999992
09/24/2021 12:34:57 - INFO - __main__ - Model saved to exp_results/dynamic_stream/memory_based/ckpt_dir/0924_MixedAllError_T=100_simplecl_seed=1213_ckpts/model_ckpt_068.pt.
09/24/2021 12:34:57 - INFO - __main__ - Not doing replay-based eval.
09/24/2021 12:34:57 - INFO - __main__ - Evaluating to get errors .... Timecode: 68
09/24/2021 12:35:00 - INFO - __main__ - Before Error Fixing: 0.3125
09/24/2021 12:35:00 - INFO - __main__ - Found 22 errors.
09/24/2021 12:35:00 - INFO - __main__ - Start bug-fixing .... Timecode: 68
09/24/2021 12:35:05 - INFO - __main__ - Start bug-fixing .... Done!
09/24/2021 12:35:05 - INFO - __main__ - Evaluating again to analyze the performance .... Timecode: 68
09/24/2021 12:35:09 - INFO - __main__ - After Error Fixing: 0.5
09/24/2021 12:35:09 - INFO - __main__ - Instant Fixing Rate: 0.36363636363636365
09/24/2021 12:35:09 - INFO - __main__ - Instant Retention Rate: 0.7999999992
09/24/2021 12:35:11 - INFO - __main__ - Model saved to exp_results/dynamic_stream/memory_based/ckpt_dir/0924_MixedAllError_T=100_simplecl_seed=1213_ckpts/model_ckpt_069.pt.
09/24/2021 12:35:11 - INFO - __main__ - Not doing replay-based eval.
09/24/2021 12:35:11 - INFO - __main__ - Evaluating to get errors .... Timecode: 69
09/24/2021 12:35:14 - INFO - __main__ - Before Error Fixing: 0.125
09/24/2021 12:35:14 - INFO - __main__ - Found 28 errors.
09/24/2021 12:35:14 - INFO - __main__ - Start bug-fixing .... Timecode: 69
09/24/2021 12:35:20 - INFO - __main__ - Start bug-fixing .... Done!
09/24/2021 12:35:20 - INFO - __main__ - Evaluating again to analyze the performance .... Timecode: 69
09/24/2021 12:35:24 - INFO - __main__ - After Error Fixing: 0.65625
09/24/2021 12:35:24 - INFO - __main__ - Instant Fixing Rate: 0.6071428571428571
09/24/2021 12:35:24 - INFO - __main__ - Instant Retention Rate: 0.9999999975
09/24/2021 12:35:26 - INFO - __main__ - Model saved to exp_results/dynamic_stream/memory_based/ckpt_dir/0924_MixedAllError_T=100_simplecl_seed=1213_ckpts/model_ckpt_070.pt.
09/24/2021 12:35:26 - INFO - __main__ - Not doing replay-based eval.
09/24/2021 12:35:26 - INFO - __main__ - Evaluating to get errors .... Timecode: 70
09/24/2021 12:35:30 - INFO - __main__ - Before Error Fixing: 0.1875
09/24/2021 12:35:30 - INFO - __main__ - Found 26 errors.
09/24/2021 12:35:30 - INFO - __main__ - Start bug-fixing .... Timecode: 70
09/24/2021 12:35:35 - INFO - __main__ - Start bug-fixing .... Done!
09/24/2021 12:35:35 - INFO - __main__ - Evaluating again to analyze the performance .... Timecode: 70
09/24/2021 12:35:39 - INFO - __main__ - After Error Fixing: 0.78125
09/24/2021 12:35:39 - INFO - __main__ - Instant Fixing Rate: 0.7692307692307693
09/24/2021 12:35:39 - INFO - __main__ - Instant Retention Rate: 0.8333333319444445
09/24/2021 12:35:41 - INFO - __main__ - Model saved to exp_results/dynamic_stream/memory_based/ckpt_dir/0924_MixedAllError_T=100_simplecl_seed=1213_ckpts/model_ckpt_071.pt.
09/24/2021 12:35:41 - INFO - __main__ - Not doing replay-based eval.
09/24/2021 12:35:41 - INFO - __main__ - Evaluating to get errors .... Timecode: 71
09/24/2021 12:35:44 - INFO - __main__ - Before Error Fixing: 0.1875
09/24/2021 12:35:44 - INFO - __main__ - Found 26 errors.
09/24/2021 12:35:44 - INFO - __main__ - Start bug-fixing .... Timecode: 71
09/24/2021 12:35:50 - INFO - __main__ - Start bug-fixing .... Done!
09/24/2021 12:35:50 - INFO - __main__ - Evaluating again to analyze the performance .... Timecode: 71
09/24/2021 12:35:54 - INFO - __main__ - After Error Fixing: 0.875
09/24/2021 12:35:54 - INFO - __main__ - Instant Fixing Rate: 0.8846153846153846
09/24/2021 12:35:54 - INFO - __main__ - Instant Retention Rate: 0.8333333319444445
09/24/2021 12:35:56 - INFO - __main__ - Model saved to exp_results/dynamic_stream/memory_based/ckpt_dir/0924_MixedAllError_T=100_simplecl_seed=1213_ckpts/model_ckpt_072.pt.
09/24/2021 12:35:56 - INFO - __main__ - Not doing replay-based eval.
09/24/2021 12:35:56 - INFO - __main__ - Evaluating to get errors .... Timecode: 72
09/24/2021 12:36:00 - INFO - __main__ - Before Error Fixing: 0.0
09/24/2021 12:36:00 - INFO - __main__ - Found 32 errors.
09/24/2021 12:36:00 - INFO - __main__ - Start bug-fixing .... Timecode: 72
09/24/2021 12:36:06 - INFO - __main__ - Start bug-fixing .... Done!
09/24/2021 12:36:06 - INFO - __main__ - Evaluating again to analyze the performance .... Timecode: 72
09/24/2021 12:36:10 - INFO - __main__ - After Error Fixing: 0.78125
09/24/2021 12:36:10 - INFO - __main__ - Instant Fixing Rate: 0.78125
09/24/2021 12:36:10 - INFO - __main__ - Instant Retention Rate: 0.0
09/24/2021 12:36:12 - INFO - __main__ - Model saved to exp_results/dynamic_stream/memory_based/ckpt_dir/0924_MixedAllError_T=100_simplecl_seed=1213_ckpts/model_ckpt_073.pt.
09/24/2021 12:36:12 - INFO - __main__ - Not doing replay-based eval.
09/24/2021 12:36:12 - INFO - __main__ - Evaluating to get errors .... Timecode: 73
09/24/2021 12:36:15 - INFO - __main__ - Before Error Fixing: 0.21875
09/24/2021 12:36:15 - INFO - __main__ - Found 25 errors.
09/24/2021 12:36:15 - INFO - __main__ - Start bug-fixing .... Timecode: 73
09/24/2021 12:36:21 - INFO - __main__ - Start bug-fixing .... Done!
09/24/2021 12:36:21 - INFO - __main__ - Evaluating again to analyze the performance .... Timecode: 73
09/24/2021 12:36:25 - INFO - __main__ - After Error Fixing: 0.78125
09/24/2021 12:36:25 - INFO - __main__ - Instant Fixing Rate: 0.76
09/24/2021 12:36:25 - INFO - __main__ - Instant Retention Rate: 0.8571428559183674
09/24/2021 12:36:27 - INFO - __main__ - Model saved to exp_results/dynamic_stream/memory_based/ckpt_dir/0924_MixedAllError_T=100_simplecl_seed=1213_ckpts/model_ckpt_074.pt.
09/24/2021 12:36:27 - INFO - __main__ - Not doing replay-based eval.
09/24/2021 12:36:27 - INFO - __main__ - Evaluating to get errors .... Timecode: 74
09/24/2021 12:36:30 - INFO - __main__ - Before Error Fixing: 0.125
09/24/2021 12:36:30 - INFO - __main__ - Found 28 errors.
09/24/2021 12:36:30 - INFO - __main__ - Start bug-fixing .... Timecode: 74
09/24/2021 12:36:36 - INFO - __main__ - Start bug-fixing .... Done!
09/24/2021 12:36:36 - INFO - __main__ - Evaluating again to analyze the performance .... Timecode: 74
09/24/2021 12:36:39 - INFO - __main__ - After Error Fixing: 0.84375
09/24/2021 12:36:39 - INFO - __main__ - Instant Fixing Rate: 0.8571428571428571
09/24/2021 12:36:39 - INFO - __main__ - Instant Retention Rate: 0.7499999981250001
09/24/2021 12:36:41 - INFO - __main__ - Model saved to exp_results/dynamic_stream/memory_based/ckpt_dir/0924_MixedAllError_T=100_simplecl_seed=1213_ckpts/model_ckpt_075.pt.
09/24/2021 12:36:41 - INFO - __main__ - Not doing replay-based eval.
09/24/2021 12:36:41 - INFO - __main__ - Evaluating to get errors .... Timecode: 75
09/24/2021 12:36:44 - INFO - __main__ - Before Error Fixing: 0.15625
09/24/2021 12:36:44 - INFO - __main__ - Found 27 errors.
09/24/2021 12:36:44 - INFO - __main__ - Start bug-fixing .... Timecode: 75
09/24/2021 12:36:50 - INFO - __main__ - Start bug-fixing .... Done!
09/24/2021 12:36:50 - INFO - __main__ - Evaluating again to analyze the performance .... Timecode: 75
09/24/2021 12:36:54 - INFO - __main__ - After Error Fixing: 0.78125
09/24/2021 12:36:54 - INFO - __main__ - Instant Fixing Rate: 0.8518518518518519
09/24/2021 12:36:54 - INFO - __main__ - Instant Retention Rate: 0.3999999992
09/24/2021 12:36:56 - INFO - __main__ - Model saved to exp_results/dynamic_stream/memory_based/ckpt_dir/0924_MixedAllError_T=100_simplecl_seed=1213_ckpts/model_ckpt_076.pt.
09/24/2021 12:36:56 - INFO - __main__ - Not doing replay-based eval.
09/24/2021 12:36:56 - INFO - __main__ - Evaluating to get errors .... Timecode: 76
09/24/2021 12:37:00 - INFO - __main__ - Before Error Fixing: 0.15625
09/24/2021 12:37:00 - INFO - __main__ - Found 27 errors.
09/24/2021 12:37:00 - INFO - __main__ - Start bug-fixing .... Timecode: 76
09/24/2021 12:37:05 - INFO - __main__ - Start bug-fixing .... Done!
09/24/2021 12:37:05 - INFO - __main__ - Evaluating again to analyze the performance .... Timecode: 76
09/24/2021 12:37:09 - INFO - __main__ - After Error Fixing: 0.875
09/24/2021 12:37:09 - INFO - __main__ - Instant Fixing Rate: 0.8518518518518519
09/24/2021 12:37:09 - INFO - __main__ - Instant Retention Rate: 0.9999999980000001
09/24/2021 12:37:11 - INFO - __main__ - Model saved to exp_results/dynamic_stream/memory_based/ckpt_dir/0924_MixedAllError_T=100_simplecl_seed=1213_ckpts/model_ckpt_077.pt.
09/24/2021 12:37:11 - INFO - __main__ - Not doing replay-based eval.
09/24/2021 12:37:11 - INFO - __main__ - Evaluating to get errors .... Timecode: 77
09/24/2021 12:37:15 - INFO - __main__ - Before Error Fixing: 0.25
09/24/2021 12:37:15 - INFO - __main__ - Found 24 errors.
09/24/2021 12:37:15 - INFO - __main__ - Start bug-fixing .... Timecode: 77
09/24/2021 12:37:20 - INFO - __main__ - Start bug-fixing .... Done!
09/24/2021 12:37:20 - INFO - __main__ - Evaluating again to analyze the performance .... Timecode: 77
09/24/2021 12:37:24 - INFO - __main__ - After Error Fixing: 0.84375
09/24/2021 12:37:24 - INFO - __main__ - Instant Fixing Rate: 0.875
09/24/2021 12:37:24 - INFO - __main__ - Instant Retention Rate: 0.7499999990624999
09/24/2021 12:37:26 - INFO - __main__ - Model saved to exp_results/dynamic_stream/memory_based/ckpt_dir/0924_MixedAllError_T=100_simplecl_seed=1213_ckpts/model_ckpt_078.pt.
09/24/2021 12:37:26 - INFO - __main__ - Not doing replay-based eval.
09/24/2021 12:37:26 - INFO - __main__ - Evaluating to get errors .... Timecode: 78
09/24/2021 12:37:30 - INFO - __main__ - Before Error Fixing: 0.0625
09/24/2021 12:37:30 - INFO - __main__ - Found 30 errors.
09/24/2021 12:37:30 - INFO - __main__ - Start bug-fixing .... Timecode: 78
09/24/2021 12:37:36 - INFO - __main__ - Start bug-fixing .... Done!
09/24/2021 12:37:36 - INFO - __main__ - Evaluating again to analyze the performance .... Timecode: 78
09/24/2021 12:37:40 - INFO - __main__ - After Error Fixing: 0.84375
09/24/2021 12:37:40 - INFO - __main__ - Instant Fixing Rate: 0.8333333333333334
09/24/2021 12:37:40 - INFO - __main__ - Instant Retention Rate: 0.999999995
09/24/2021 12:37:42 - INFO - __main__ - Model saved to exp_results/dynamic_stream/memory_based/ckpt_dir/0924_MixedAllError_T=100_simplecl_seed=1213_ckpts/model_ckpt_079.pt.
09/24/2021 12:37:42 - INFO - __main__ - Not doing replay-based eval.
09/24/2021 12:37:42 - INFO - __main__ - Evaluating to get errors .... Timecode: 79
09/24/2021 12:37:46 - INFO - __main__ - Before Error Fixing: 0.125
09/24/2021 12:37:46 - INFO - __main__ - Found 28 errors.
09/24/2021 12:37:46 - INFO - __main__ - Start bug-fixing .... Timecode: 79
09/24/2021 12:37:51 - INFO - __main__ - Start bug-fixing .... Done!
09/24/2021 12:37:51 - INFO - __main__ - Evaluating again to analyze the performance .... Timecode: 79
09/24/2021 12:37:55 - INFO - __main__ - After Error Fixing: 0.75
09/24/2021 12:37:55 - INFO - __main__ - Instant Fixing Rate: 0.75
09/24/2021 12:37:55 - INFO - __main__ - Instant Retention Rate: 0.7499999981250001
09/24/2021 12:37:57 - INFO - __main__ - Model saved to exp_results/dynamic_stream/memory_based/ckpt_dir/0924_MixedAllError_T=100_simplecl_seed=1213_ckpts/model_ckpt_080.pt.
09/24/2021 12:37:57 - INFO - __main__ - Not doing replay-based eval.
09/24/2021 12:37:57 - INFO - __main__ - Evaluating to get errors .... Timecode: 80
09/24/2021 12:38:00 - INFO - __main__ - Before Error Fixing: 0.09375
09/24/2021 12:38:00 - INFO - __main__ - Found 29 errors.
09/24/2021 12:38:00 - INFO - __main__ - Start bug-fixing .... Timecode: 80
09/24/2021 12:38:07 - INFO - __main__ - Start bug-fixing .... Done!
09/24/2021 12:38:07 - INFO - __main__ - Evaluating again to analyze the performance .... Timecode: 80
09/24/2021 12:38:10 - INFO - __main__ - After Error Fixing: 0.78125
09/24/2021 12:38:10 - INFO - __main__ - Instant Fixing Rate: 0.7586206896551724
09/24/2021 12:38:10 - INFO - __main__ - Instant Retention Rate: 0.9999999966666667
09/24/2021 12:38:12 - INFO - __main__ - Model saved to exp_results/dynamic_stream/memory_based/ckpt_dir/0924_MixedAllError_T=100_simplecl_seed=1213_ckpts/model_ckpt_081.pt.
09/24/2021 12:38:12 - INFO - __main__ - Not doing replay-based eval.
09/24/2021 12:38:12 - INFO - __main__ - Evaluating to get errors .... Timecode: 81
09/24/2021 12:38:16 - INFO - __main__ - Before Error Fixing: 0.3125
09/24/2021 12:38:16 - INFO - __main__ - Found 22 errors.
09/24/2021 12:38:16 - INFO - __main__ - Start bug-fixing .... Timecode: 81
09/24/2021 12:38:20 - INFO - __main__ - Start bug-fixing .... Done!
09/24/2021 12:38:20 - INFO - __main__ - Evaluating again to analyze the performance .... Timecode: 81
09/24/2021 12:38:24 - INFO - __main__ - After Error Fixing: 0.6875
09/24/2021 12:38:24 - INFO - __main__ - Instant Fixing Rate: 0.6818181818181818
09/24/2021 12:38:24 - INFO - __main__ - Instant Retention Rate: 0.6999999992999999
09/24/2021 12:38:27 - INFO - __main__ - Model saved to exp_results/dynamic_stream/memory_based/ckpt_dir/0924_MixedAllError_T=100_simplecl_seed=1213_ckpts/model_ckpt_082.pt.
09/24/2021 12:38:27 - INFO - __main__ - Not doing replay-based eval.
09/24/2021 12:38:27 - INFO - __main__ - Evaluating to get errors .... Timecode: 82
09/24/2021 12:38:31 - INFO - __main__ - Before Error Fixing: 0.125
09/24/2021 12:38:31 - INFO - __main__ - Found 28 errors.
09/24/2021 12:38:31 - INFO - __main__ - Start bug-fixing .... Timecode: 82
09/24/2021 12:38:37 - INFO - __main__ - Start bug-fixing .... Done!
09/24/2021 12:38:37 - INFO - __main__ - Evaluating again to analyze the performance .... Timecode: 82
09/24/2021 12:38:40 - INFO - __main__ - After Error Fixing: 0.90625
09/24/2021 12:38:40 - INFO - __main__ - Instant Fixing Rate: 0.9285714285714286
09/24/2021 12:38:40 - INFO - __main__ - Instant Retention Rate: 0.7499999981250001
09/24/2021 12:38:42 - INFO - __main__ - Model saved to exp_results/dynamic_stream/memory_based/ckpt_dir/0924_MixedAllError_T=100_simplecl_seed=1213_ckpts/model_ckpt_083.pt.
09/24/2021 12:38:42 - INFO - __main__ - Not doing replay-based eval.
09/24/2021 12:38:42 - INFO - __main__ - Evaluating to get errors .... Timecode: 83
09/24/2021 12:38:46 - INFO - __main__ - Before Error Fixing: 0.25
09/24/2021 12:38:46 - INFO - __main__ - Found 24 errors.
09/24/2021 12:38:46 - INFO - __main__ - Start bug-fixing .... Timecode: 83
09/24/2021 12:38:51 - INFO - __main__ - Start bug-fixing .... Done!
09/24/2021 12:38:51 - INFO - __main__ - Evaluating again to analyze the performance .... Timecode: 83
09/24/2021 12:38:54 - INFO - __main__ - After Error Fixing: 0.84375
09/24/2021 12:38:54 - INFO - __main__ - Instant Fixing Rate: 0.8333333333333334
09/24/2021 12:38:54 - INFO - __main__ - Instant Retention Rate: 0.8749999989062499
09/24/2021 12:38:57 - INFO - __main__ - Model saved to exp_results/dynamic_stream/memory_based/ckpt_dir/0924_MixedAllError_T=100_simplecl_seed=1213_ckpts/model_ckpt_084.pt.
09/24/2021 12:38:57 - INFO - __main__ - Not doing replay-based eval.
09/24/2021 12:38:57 - INFO - __main__ - Evaluating to get errors .... Timecode: 84
09/24/2021 12:39:01 - INFO - __main__ - Before Error Fixing: 0.1875
09/24/2021 12:39:01 - INFO - __main__ - Found 26 errors.
09/24/2021 12:39:01 - INFO - __main__ - Start bug-fixing .... Timecode: 84
09/24/2021 12:39:07 - INFO - __main__ - Start bug-fixing .... Done!
09/24/2021 12:39:07 - INFO - __main__ - Evaluating again to analyze the performance .... Timecode: 84
09/24/2021 12:39:10 - INFO - __main__ - After Error Fixing: 0.78125
09/24/2021 12:39:10 - INFO - __main__ - Instant Fixing Rate: 0.8461538461538461
09/24/2021 12:39:10 - INFO - __main__ - Instant Retention Rate: 0.49999999916666665
09/24/2021 12:39:12 - INFO - __main__ - Model saved to exp_results/dynamic_stream/memory_based/ckpt_dir/0924_MixedAllError_T=100_simplecl_seed=1213_ckpts/model_ckpt_085.pt.
09/24/2021 12:39:12 - INFO - __main__ - Not doing replay-based eval.
09/24/2021 12:39:12 - INFO - __main__ - Evaluating to get errors .... Timecode: 85
09/24/2021 12:39:16 - INFO - __main__ - Before Error Fixing: 0.21875
09/24/2021 12:39:16 - INFO - __main__ - Found 25 errors.
09/24/2021 12:39:16 - INFO - __main__ - Start bug-fixing .... Timecode: 85
09/24/2021 12:39:22 - INFO - __main__ - Start bug-fixing .... Done!
09/24/2021 12:39:22 - INFO - __main__ - Evaluating again to analyze the performance .... Timecode: 85
09/24/2021 12:39:25 - INFO - __main__ - After Error Fixing: 0.8125
09/24/2021 12:39:25 - INFO - __main__ - Instant Fixing Rate: 0.8
09/24/2021 12:39:25 - INFO - __main__ - Instant Retention Rate: 0.8571428559183674
09/24/2021 12:39:28 - INFO - __main__ - Model saved to exp_results/dynamic_stream/memory_based/ckpt_dir/0924_MixedAllError_T=100_simplecl_seed=1213_ckpts/model_ckpt_086.pt.
09/24/2021 12:39:28 - INFO - __main__ - Not doing replay-based eval.
09/24/2021 12:39:28 - INFO - __main__ - Evaluating to get errors .... Timecode: 86
09/24/2021 12:39:31 - INFO - __main__ - Before Error Fixing: 0.3125
09/24/2021 12:39:31 - INFO - __main__ - Found 22 errors.
09/24/2021 12:39:31 - INFO - __main__ - Start bug-fixing .... Timecode: 86
09/24/2021 12:39:36 - INFO - __main__ - Start bug-fixing .... Done!
09/24/2021 12:39:36 - INFO - __main__ - Evaluating again to analyze the performance .... Timecode: 86
09/24/2021 12:39:39 - INFO - __main__ - After Error Fixing: 0.75
09/24/2021 12:39:39 - INFO - __main__ - Instant Fixing Rate: 0.9090909090909091
09/24/2021 12:39:39 - INFO - __main__ - Instant Retention Rate: 0.3999999996
09/24/2021 12:39:42 - INFO - __main__ - Model saved to exp_results/dynamic_stream/memory_based/ckpt_dir/0924_MixedAllError_T=100_simplecl_seed=1213_ckpts/model_ckpt_087.pt.
09/24/2021 12:39:42 - INFO - __main__ - Not doing replay-based eval.
09/24/2021 12:39:42 - INFO - __main__ - Evaluating to get errors .... Timecode: 87
09/24/2021 12:39:46 - INFO - __main__ - Before Error Fixing: 0.28125
09/24/2021 12:39:46 - INFO - __main__ - Found 23 errors.
09/24/2021 12:39:46 - INFO - __main__ - Start bug-fixing .... Timecode: 87
09/24/2021 12:39:50 - INFO - __main__ - Start bug-fixing .... Done!
09/24/2021 12:39:50 - INFO - __main__ - Evaluating again to analyze the performance .... Timecode: 87
09/24/2021 12:39:54 - INFO - __main__ - After Error Fixing: 0.75
09/24/2021 12:39:54 - INFO - __main__ - Instant Fixing Rate: 0.7391304347826086
09/24/2021 12:39:54 - INFO - __main__ - Instant Retention Rate: 0.7777777769135802
09/24/2021 12:39:56 - INFO - __main__ - Model saved to exp_results/dynamic_stream/memory_based/ckpt_dir/0924_MixedAllError_T=100_simplecl_seed=1213_ckpts/model_ckpt_088.pt.
09/24/2021 12:39:56 - INFO - __main__ - Not doing replay-based eval.
09/24/2021 12:39:56 - INFO - __main__ - Evaluating to get errors .... Timecode: 88
09/24/2021 12:39:59 - INFO - __main__ - Before Error Fixing: 0.09375
09/24/2021 12:39:59 - INFO - __main__ - Found 29 errors.
09/24/2021 12:39:59 - INFO - __main__ - Start bug-fixing .... Timecode: 88
09/24/2021 12:40:06 - INFO - __main__ - Start bug-fixing .... Done!
09/24/2021 12:40:06 - INFO - __main__ - Evaluating again to analyze the performance .... Timecode: 88
09/24/2021 12:40:09 - INFO - __main__ - After Error Fixing: 0.78125
09/24/2021 12:40:09 - INFO - __main__ - Instant Fixing Rate: 0.7931034482758621
09/24/2021 12:40:09 - INFO - __main__ - Instant Retention Rate: 0.6666666644444444
09/24/2021 12:40:11 - INFO - __main__ - Model saved to exp_results/dynamic_stream/memory_based/ckpt_dir/0924_MixedAllError_T=100_simplecl_seed=1213_ckpts/model_ckpt_089.pt.
09/24/2021 12:40:11 - INFO - __main__ - Not doing replay-based eval.
09/24/2021 12:40:11 - INFO - __main__ - Evaluating to get errors .... Timecode: 89
09/24/2021 12:40:14 - INFO - __main__ - Before Error Fixing: 0.1875
09/24/2021 12:40:14 - INFO - __main__ - Found 26 errors.
09/24/2021 12:40:14 - INFO - __main__ - Start bug-fixing .... Timecode: 89
09/24/2021 12:40:20 - INFO - __main__ - Start bug-fixing .... Done!
09/24/2021 12:40:20 - INFO - __main__ - Evaluating again to analyze the performance .... Timecode: 89
09/24/2021 12:40:23 - INFO - __main__ - After Error Fixing: 0.96875
09/24/2021 12:40:23 - INFO - __main__ - Instant Fixing Rate: 1.0
09/24/2021 12:40:23 - INFO - __main__ - Instant Retention Rate: 0.8333333319444445
09/24/2021 12:40:25 - INFO - __main__ - Model saved to exp_results/dynamic_stream/memory_based/ckpt_dir/0924_MixedAllError_T=100_simplecl_seed=1213_ckpts/model_ckpt_090.pt.
09/24/2021 12:40:25 - INFO - __main__ - Not doing replay-based eval.
09/24/2021 12:40:25 - INFO - __main__ - Evaluating to get errors .... Timecode: 90
09/24/2021 12:40:28 - INFO - __main__ - Before Error Fixing: 0.0625
09/24/2021 12:40:28 - INFO - __main__ - Found 30 errors.
09/24/2021 12:40:28 - INFO - __main__ - Start bug-fixing .... Timecode: 90
09/24/2021 12:40:34 - INFO - __main__ - Start bug-fixing .... Done!
09/24/2021 12:40:34 - INFO - __main__ - Evaluating again to analyze the performance .... Timecode: 90
09/24/2021 12:40:38 - INFO - __main__ - After Error Fixing: 0.8125
09/24/2021 12:40:38 - INFO - __main__ - Instant Fixing Rate: 0.8
09/24/2021 12:40:38 - INFO - __main__ - Instant Retention Rate: 0.999999995
09/24/2021 12:40:40 - INFO - __main__ - Model saved to exp_results/dynamic_stream/memory_based/ckpt_dir/0924_MixedAllError_T=100_simplecl_seed=1213_ckpts/model_ckpt_091.pt.
09/24/2021 12:40:40 - INFO - __main__ - Not doing replay-based eval.
09/24/2021 12:40:40 - INFO - __main__ - Evaluating to get errors .... Timecode: 91
09/24/2021 12:40:44 - INFO - __main__ - Before Error Fixing: 0.21875
09/24/2021 12:40:44 - INFO - __main__ - Found 25 errors.
09/24/2021 12:40:44 - INFO - __main__ - Start bug-fixing .... Timecode: 91
09/24/2021 12:40:50 - INFO - __main__ - Start bug-fixing .... Done!
09/24/2021 12:40:50 - INFO - __main__ - Evaluating again to analyze the performance .... Timecode: 91
09/24/2021 12:40:53 - INFO - __main__ - After Error Fixing: 0.875
09/24/2021 12:40:53 - INFO - __main__ - Instant Fixing Rate: 0.88
09/24/2021 12:40:53 - INFO - __main__ - Instant Retention Rate: 0.8571428559183674
09/24/2021 12:40:55 - INFO - __main__ - Model saved to exp_results/dynamic_stream/memory_based/ckpt_dir/0924_MixedAllError_T=100_simplecl_seed=1213_ckpts/model_ckpt_092.pt.
09/24/2021 12:40:55 - INFO - __main__ - Not doing replay-based eval.
09/24/2021 12:40:55 - INFO - __main__ - Evaluating to get errors .... Timecode: 92
09/24/2021 12:40:58 - INFO - __main__ - Before Error Fixing: 0.34375
09/24/2021 12:40:58 - INFO - __main__ - Found 21 errors.
09/24/2021 12:40:58 - INFO - __main__ - Start bug-fixing .... Timecode: 92
09/24/2021 12:41:03 - INFO - __main__ - Start bug-fixing .... Done!
09/24/2021 12:41:03 - INFO - __main__ - Evaluating again to analyze the performance .... Timecode: 92
09/24/2021 12:41:06 - INFO - __main__ - After Error Fixing: 0.78125
09/24/2021 12:41:06 - INFO - __main__ - Instant Fixing Rate: 0.7142857142857143
09/24/2021 12:41:06 - INFO - __main__ - Instant Retention Rate: 0.9090909082644627
09/24/2021 12:41:08 - INFO - __main__ - Model saved to exp_results/dynamic_stream/memory_based/ckpt_dir/0924_MixedAllError_T=100_simplecl_seed=1213_ckpts/model_ckpt_093.pt.
09/24/2021 12:41:08 - INFO - __main__ - Not doing replay-based eval.
09/24/2021 12:41:08 - INFO - __main__ - Evaluating to get errors .... Timecode: 93
09/24/2021 12:41:12 - INFO - __main__ - Before Error Fixing: 0.125
09/24/2021 12:41:12 - INFO - __main__ - Found 28 errors.
09/24/2021 12:41:12 - INFO - __main__ - Start bug-fixing .... Timecode: 93
09/24/2021 12:41:18 - INFO - __main__ - Start bug-fixing .... Done!
09/24/2021 12:41:18 - INFO - __main__ - Evaluating again to analyze the performance .... Timecode: 93
09/24/2021 12:41:22 - INFO - __main__ - After Error Fixing: 0.71875
09/24/2021 12:41:22 - INFO - __main__ - Instant Fixing Rate: 0.75
09/24/2021 12:41:22 - INFO - __main__ - Instant Retention Rate: 0.49999999875
09/24/2021 12:41:24 - INFO - __main__ - Model saved to exp_results/dynamic_stream/memory_based/ckpt_dir/0924_MixedAllError_T=100_simplecl_seed=1213_ckpts/model_ckpt_094.pt.
09/24/2021 12:41:24 - INFO - __main__ - Not doing replay-based eval.
09/24/2021 12:41:24 - INFO - __main__ - Evaluating to get errors .... Timecode: 94
09/24/2021 12:41:28 - INFO - __main__ - Before Error Fixing: 0.15625
09/24/2021 12:41:28 - INFO - __main__ - Found 27 errors.
09/24/2021 12:41:28 - INFO - __main__ - Start bug-fixing .... Timecode: 94
09/24/2021 12:41:34 - INFO - __main__ - Start bug-fixing .... Done!
09/24/2021 12:41:34 - INFO - __main__ - Evaluating again to analyze the performance .... Timecode: 94
09/24/2021 12:41:37 - INFO - __main__ - After Error Fixing: 0.8125
09/24/2021 12:41:37 - INFO - __main__ - Instant Fixing Rate: 0.7777777777777778
09/24/2021 12:41:37 - INFO - __main__ - Instant Retention Rate: 0.9999999980000001
09/24/2021 12:41:39 - INFO - __main__ - Model saved to exp_results/dynamic_stream/memory_based/ckpt_dir/0924_MixedAllError_T=100_simplecl_seed=1213_ckpts/model_ckpt_095.pt.
09/24/2021 12:41:39 - INFO - __main__ - Not doing replay-based eval.
09/24/2021 12:41:39 - INFO - __main__ - Evaluating to get errors .... Timecode: 95
09/24/2021 12:41:42 - INFO - __main__ - Before Error Fixing: 0.21875
09/24/2021 12:41:42 - INFO - __main__ - Found 25 errors.
09/24/2021 12:41:42 - INFO - __main__ - Start bug-fixing .... Timecode: 95
09/24/2021 12:41:48 - INFO - __main__ - Start bug-fixing .... Done!
09/24/2021 12:41:48 - INFO - __main__ - Evaluating again to analyze the performance .... Timecode: 95
09/24/2021 12:41:52 - INFO - __main__ - After Error Fixing: 0.65625
09/24/2021 12:41:52 - INFO - __main__ - Instant Fixing Rate: 0.68
09/24/2021 12:41:52 - INFO - __main__ - Instant Retention Rate: 0.571428570612245
09/24/2021 12:41:54 - INFO - __main__ - Model saved to exp_results/dynamic_stream/memory_based/ckpt_dir/0924_MixedAllError_T=100_simplecl_seed=1213_ckpts/model_ckpt_096.pt.
09/24/2021 12:41:54 - INFO - __main__ - Not doing replay-based eval.
09/24/2021 12:41:54 - INFO - __main__ - Evaluating to get errors .... Timecode: 96
09/24/2021 12:41:58 - INFO - __main__ - Before Error Fixing: 0.15625
09/24/2021 12:41:58 - INFO - __main__ - Found 27 errors.
09/24/2021 12:41:58 - INFO - __main__ - Start bug-fixing .... Timecode: 96
09/24/2021 12:42:04 - INFO - __main__ - Start bug-fixing .... Done!
09/24/2021 12:42:04 - INFO - __main__ - Evaluating again to analyze the performance .... Timecode: 96
09/24/2021 12:42:08 - INFO - __main__ - After Error Fixing: 0.84375
09/24/2021 12:42:08 - INFO - __main__ - Instant Fixing Rate: 0.8518518518518519
09/24/2021 12:42:08 - INFO - __main__ - Instant Retention Rate: 0.7999999984
09/24/2021 12:42:10 - INFO - __main__ - Model saved to exp_results/dynamic_stream/memory_based/ckpt_dir/0924_MixedAllError_T=100_simplecl_seed=1213_ckpts/model_ckpt_097.pt.
09/24/2021 12:42:10 - INFO - __main__ - Not doing replay-based eval.
09/24/2021 12:42:10 - INFO - __main__ - Evaluating to get errors .... Timecode: 97
09/24/2021 12:42:14 - INFO - __main__ - Before Error Fixing: 0.15625
09/24/2021 12:42:14 - INFO - __main__ - Found 27 errors.
09/24/2021 12:42:14 - INFO - __main__ - Start bug-fixing .... Timecode: 97
09/24/2021 12:42:20 - INFO - __main__ - Start bug-fixing .... Done!
09/24/2021 12:42:20 - INFO - __main__ - Evaluating again to analyze the performance .... Timecode: 97
09/24/2021 12:42:23 - INFO - __main__ - After Error Fixing: 0.78125
09/24/2021 12:42:23 - INFO - __main__ - Instant Fixing Rate: 0.7777777777777778
09/24/2021 12:42:23 - INFO - __main__ - Instant Retention Rate: 0.7999999984
09/24/2021 12:42:25 - INFO - __main__ - Model saved to exp_results/dynamic_stream/memory_based/ckpt_dir/0924_MixedAllError_T=100_simplecl_seed=1213_ckpts/model_ckpt_098.pt.
09/24/2021 12:42:25 - INFO - __main__ - Not doing replay-based eval.
09/24/2021 12:42:25 - INFO - __main__ - Evaluating to get errors .... Timecode: 98
09/24/2021 12:42:29 - INFO - __main__ - Before Error Fixing: 0.1875
09/24/2021 12:42:29 - INFO - __main__ - Found 26 errors.
09/24/2021 12:42:29 - INFO - __main__ - Start bug-fixing .... Timecode: 98
09/24/2021 12:42:35 - INFO - __main__ - Start bug-fixing .... Done!
09/24/2021 12:42:35 - INFO - __main__ - Evaluating again to analyze the performance .... Timecode: 98
09/24/2021 12:42:38 - INFO - __main__ - After Error Fixing: 0.8125
09/24/2021 12:42:38 - INFO - __main__ - Instant Fixing Rate: 0.8076923076923077
09/24/2021 12:42:38 - INFO - __main__ - Instant Retention Rate: 0.8333333319444445
09/24/2021 12:42:40 - INFO - __main__ - Model saved to exp_results/dynamic_stream/memory_based/ckpt_dir/0924_MixedAllError_T=100_simplecl_seed=1213_ckpts/model_ckpt_099.pt.
09/24/2021 12:42:40 - INFO - __main__ - Not doing replay-based eval.
09/24/2021 12:42:40 - INFO - __main__ - Evaluating to get errors .... Timecode: 99
09/24/2021 12:42:44 - INFO - __main__ - Before Error Fixing: 0.28125
09/24/2021 12:42:44 - INFO - __main__ - Found 23 errors.
09/24/2021 12:42:44 - INFO - __main__ - Start bug-fixing .... Timecode: 99
09/24/2021 12:42:49 - INFO - __main__ - Start bug-fixing .... Done!
09/24/2021 12:42:49 - INFO - __main__ - Evaluating again to analyze the performance .... Timecode: 99
09/24/2021 12:42:52 - INFO - __main__ - After Error Fixing: 0.65625
09/24/2021 12:42:52 - INFO - __main__ - Instant Fixing Rate: 0.6086956521739131
09/24/2021 12:42:52 - INFO - __main__ - Instant Retention Rate: 0.7777777769135802
09/24/2021 12:42:54 - INFO - __main__ - Model saved to exp_results/dynamic_stream/memory_based/ckpt_dir/0924_MixedAllError_T=100_simplecl_seed=1213_ckpts/model_ckpt_100.pt.
09/24/2021 12:42:54 - INFO - __main__ - Start the final evaluation.
09/24/2021 12:42:54 - INFO - __main__ - Test the in-stream examples overall.
09/24/2021 12:48:58 - INFO - __main__ - Test the upstream forgetting eval.
09/24/2021 12:50:51 - INFO - __main__ - Finish the final evaluation.
09/24/2021 12:50:51 - INFO - __main__ - Finished. Results saved to exp_results/dynamic_stream/memory_based/results/0924_MixedAllError_T=100_simplecl_seed=1213_result.json
