09/27/2021 15:42:53 - INFO - __main__ - Namespace(adam_epsilon=1e-08, adapter_dim=32, append_another_bos=1, base_model_path='out/mrqa_naturalquestions_bart-base_0617v4/best-model.pt', base_model_type='facebook/bart-base', bug_stream_json_path='bug_data/mrqa_naturalquestions_dev.static_bug_stream.json', cl_method_name='simple_cl', current_thread_id=None, data_stream_json_path='exp_results/data_streams/mrqa.mixed.data_stream.test.json', do_lowercase=False, ewc_gamma=1, ewc_lambda=0.5, example_encoder_name='roberta-base', freeze_embeds=False, gradient_accumulation_steps=1, inference_query_size=1, learning_rate=3e-05, local_adapt_lr=1e-05, max_grad_norm=0.1, max_input_length=888, max_output_length=50, max_timecode=100, memory_key_cache_path='bug_data/memory_key_cache.pkl', memory_key_encoder='facebook/bart-base', memory_path='', memory_store_rate=1.0, mir_abalation_args='none', num_adapt_epochs=1, num_beams=4, num_threads_eval=0, num_train_epochs=7.0, overtime_ckpt_dir='exp_results/dynamic_stream/cl_simple/ckpt_dir/0926_MixedAllError_T=100_simple_ep=7_seed=0212_ckpts/', pass_pool_jsonl_path='exp_results/data_streams/mrqa.mixed.upstream_eval.jsonl', path_to_thread_result=None, predict_batch_size=16, prefix='0926_MixedAllError_T=100_simple_ep=7_seed=0212', replay_candidate_size=8, replay_frequency=1, replay_size=8, replay_stream_json_path='', result_file='exp_results/dynamic_stream/cl_simple/results/0926_MixedAllError_T=100_simple_ep=7_seed=0212_result.json', sampled_upstream_json_path='data/mrqa_naturalquestions/mrqa_naturalquestions_train.jsonl', save_all_ckpts=0, seed=212, stream_mode='dynamic', task_emb_dim=768, task_name='mrqa_naturalquestions', train_batch_size=8, use_replay_mix=False, use_sampled_upstream=False, weight_decay=0.01)
09/27/2021 15:42:54 - INFO - transformers.tokenization_utils - loading file https://s3.amazonaws.com/models.huggingface.co/bert/roberta-large-vocab.json from cache at /private/home/yuchenlin/.cache/torch/transformers/1ae1f5b6e2b22b25ccc04c000bb79ca847aa226d0761536b011cf7e5868f0655.ef00af9e673c7160b4d41cfda1f48c5f4cba57d5142754525572a846a1ab1b9b
09/27/2021 15:42:54 - INFO - transformers.tokenization_utils - loading file https://s3.amazonaws.com/models.huggingface.co/bert/roberta-large-merges.txt from cache at /private/home/yuchenlin/.cache/torch/transformers/f8f83199a6270d582d6245dc100e99c4155de81c9745c6248077018fe01abcfb.70bec105b4158ed9a1747fea67a43f5dee97855c64d62b6ec3742f4cfdb5feda
09/27/2021 15:43:02 - INFO - __main__ - Not creating the replay-stream for evaluation.
09/27/2021 15:43:02 - INFO - __main__ - Loading checkpoint from out/mrqa_naturalquestions_bart-base_0617v4/best-model.pt for facebook/bart-base .....
09/27/2021 15:43:03 - INFO - transformers.configuration_utils - loading configuration file https://s3.amazonaws.com/models.huggingface.co/bert/facebook/bart-base/config.json from cache at /private/home/yuchenlin/.cache/torch/transformers/09f4fcaeaf785dd3b97b085d6e3510c7081f586ec8e75981683c6299c0f81d9d.e8d516ad807436d395effad8c2326786872659b7dd1210827ac67c761198a0eb
09/27/2021 15:43:03 - INFO - transformers.configuration_utils - Model config BartConfig {
  "activation_dropout": 0.1,
  "activation_function": "gelu",
  "add_bias_logits": false,
  "add_final_layer_norm": false,
  "architectures": [
    "BartModel",
    "BartForConditionalGeneration",
    "BartForSequenceClassification"
  ],
  "attention_dropout": 0.1,
  "bos_token_id": 0,
  "classif_dropout": 0.0,
  "d_model": 768,
  "decoder_attention_heads": 12,
  "decoder_ffn_dim": 3072,
  "decoder_layerdrop": 0.0,
  "decoder_layers": 6,
  "decoder_start_token_id": 2,
  "dropout": 0.1,
  "early_stopping": true,
  "encoder_attention_heads": 12,
  "encoder_ffn_dim": 3072,
  "encoder_layerdrop": 0.0,
  "encoder_layers": 6,
  "eos_token_id": 2,
  "id2label": {
    "0": "LABEL_0",
    "1": "LABEL_1",
    "2": "LABEL_2"
  },
  "init_std": 0.02,
  "is_encoder_decoder": true,
  "label2id": {
    "LABEL_0": 0,
    "LABEL_1": 1,
    "LABEL_2": 2
  },
  "max_position_embeddings": 1024,
  "model_type": "bart",
  "no_repeat_ngram_size": 3,
  "normalize_before": false,
  "normalize_embedding": true,
  "num_beams": 4,
  "num_hidden_layers": 6,
  "pad_token_id": 1,
  "scale_embedding": false,
  "static_position_embeddings": false,
  "task_specific_params": {
    "summarization": {
      "length_penalty": 1.0,
      "max_length": 128,
      "min_length": 12,
      "num_beams": 4
    },
    "summarization_cnn": {
      "length_penalty": 2.0,
      "max_length": 142,
      "min_length": 56,
      "num_beams": 4
    },
    "summarization_xsum": {
      "length_penalty": 1.0,
      "max_length": 62,
      "min_length": 11,
      "num_beams": 6
    }
  },
  "vocab_size": 50265
}

09/27/2021 15:43:03 - INFO - transformers.modeling_utils - loading weights file https://cdn.huggingface.co/facebook/bart-base/pytorch_model.bin from cache at /private/home/yuchenlin/.cache/torch/transformers/566c05fb6983817e8ad7a4fa51e3099fe9caa3b31730f964bc5198d71c677523.0a3d95c18c1e434448941bc25accea7b122882be6526fb67c8e8fb6d5ebc711c
09/27/2021 15:43:06 - INFO - __main__ - Loading checkpoint from out/mrqa_naturalquestions_bart-base_0617v4/best-model.pt for facebook/bart-base ..... Done!
09/27/2021 15:43:09 - INFO - __main__ - Moving to the GPUs.
09/27/2021 15:43:09 - INFO - __main__ - Debugger Setup ......
09/27/2021 15:43:09 - INFO - __main__ - debugger_args: Namespace(adam_epsilon=1e-08, gradient_accumulation_steps=1, learning_rate=3e-05, max_grad_norm=0.1, num_epochs=7.0, overtime_ckpt_dir='exp_results/dynamic_stream/cl_simple/ckpt_dir/0926_MixedAllError_T=100_simple_ep=7_seed=0212_ckpts/', save_all_ckpts=0, total_steps=10000, warmup_steps=0, weight_decay=0.01) ......
09/27/2021 15:43:09 - INFO - __main__ - Debugger Setup ...... Done!
09/27/2021 15:43:09 - INFO - __main__ - Start Online Debugging with Dynamic Error Mode
09/27/2021 15:43:09 - INFO - __main__ - Number of Batches of Data: 100
09/27/2021 15:43:09 - INFO - __main__ - Data Batch Size: 32;
09/27/2021 15:43:09 - INFO - __main__ - Not doing replay-based eval.
09/27/2021 15:43:09 - INFO - __main__ - Evaluating to get errors .... Timecode: 0
09/27/2021 15:43:13 - INFO - __main__ - Before Error Fixing: 0.0
09/27/2021 15:43:13 - INFO - __main__ - Found 32 errors.
09/27/2021 15:43:13 - INFO - __main__ - Start bug-fixing .... Timecode: 0
09/27/2021 15:43:23 - INFO - __main__ - Start bug-fixing .... Done!
09/27/2021 15:43:23 - INFO - __main__ - Evaluating again to analyze the performance .... Timecode: 0
09/27/2021 15:43:25 - INFO - __main__ - After Error Fixing: 0.90625
09/27/2021 15:43:25 - INFO - __main__ - Instant Fixing Rate: 0.90625
09/27/2021 15:43:25 - INFO - __main__ - Instant Retention Rate: 0.0
09/27/2021 15:43:25 - INFO - __main__ - Not doing replay-based eval.
09/27/2021 15:43:25 - INFO - __main__ - Evaluating to get errors .... Timecode: 1
09/27/2021 15:43:28 - INFO - __main__ - Before Error Fixing: 0.15625
09/27/2021 15:43:28 - INFO - __main__ - Found 27 errors.
09/27/2021 15:43:28 - INFO - __main__ - Start bug-fixing .... Timecode: 1
09/27/2021 15:43:36 - INFO - __main__ - Start bug-fixing .... Done!
09/27/2021 15:43:36 - INFO - __main__ - Evaluating again to analyze the performance .... Timecode: 1
09/27/2021 15:43:39 - INFO - __main__ - After Error Fixing: 0.875
09/27/2021 15:43:39 - INFO - __main__ - Instant Fixing Rate: 1.0
09/27/2021 15:43:39 - INFO - __main__ - Instant Retention Rate: 0.1999999996
09/27/2021 15:43:39 - INFO - __main__ - Not doing replay-based eval.
09/27/2021 15:43:39 - INFO - __main__ - Evaluating to get errors .... Timecode: 2
09/27/2021 15:43:42 - INFO - __main__ - Before Error Fixing: 0.09375
09/27/2021 15:43:42 - INFO - __main__ - Found 29 errors.
09/27/2021 15:43:43 - INFO - __main__ - Start bug-fixing .... Timecode: 2
09/27/2021 15:43:51 - INFO - __main__ - Start bug-fixing .... Done!
09/27/2021 15:43:51 - INFO - __main__ - Evaluating again to analyze the performance .... Timecode: 2
09/27/2021 15:43:54 - INFO - __main__ - After Error Fixing: 0.96875
09/27/2021 15:43:54 - INFO - __main__ - Instant Fixing Rate: 1.0
09/27/2021 15:43:54 - INFO - __main__ - Instant Retention Rate: 0.6666666644444444
09/27/2021 15:43:54 - INFO - __main__ - Not doing replay-based eval.
09/27/2021 15:43:54 - INFO - __main__ - Evaluating to get errors .... Timecode: 3
09/27/2021 15:43:56 - INFO - __main__ - Before Error Fixing: 0.0625
09/27/2021 15:43:56 - INFO - __main__ - Found 30 errors.
09/27/2021 15:43:56 - INFO - __main__ - Start bug-fixing .... Timecode: 3
09/27/2021 15:44:05 - INFO - __main__ - Start bug-fixing .... Done!
09/27/2021 15:44:05 - INFO - __main__ - Evaluating again to analyze the performance .... Timecode: 3
09/27/2021 15:44:08 - INFO - __main__ - After Error Fixing: 0.9375
09/27/2021 15:44:08 - INFO - __main__ - Instant Fixing Rate: 0.9666666666666667
09/27/2021 15:44:08 - INFO - __main__ - Instant Retention Rate: 0.4999999975
09/27/2021 15:44:08 - INFO - __main__ - Not doing replay-based eval.
09/27/2021 15:44:08 - INFO - __main__ - Evaluating to get errors .... Timecode: 4
09/27/2021 15:44:11 - INFO - __main__ - Before Error Fixing: 0.21875
09/27/2021 15:44:11 - INFO - __main__ - Found 25 errors.
09/27/2021 15:44:11 - INFO - __main__ - Start bug-fixing .... Timecode: 4
09/27/2021 15:44:18 - INFO - __main__ - Start bug-fixing .... Done!
09/27/2021 15:44:18 - INFO - __main__ - Evaluating again to analyze the performance .... Timecode: 4
09/27/2021 15:44:21 - INFO - __main__ - After Error Fixing: 0.875
09/27/2021 15:44:21 - INFO - __main__ - Instant Fixing Rate: 1.0
09/27/2021 15:44:21 - INFO - __main__ - Instant Retention Rate: 0.4285714279591837
09/27/2021 15:44:21 - INFO - __main__ - Not doing replay-based eval.
09/27/2021 15:44:21 - INFO - __main__ - Evaluating to get errors .... Timecode: 5
09/27/2021 15:44:24 - INFO - __main__ - Before Error Fixing: 0.03125
09/27/2021 15:44:24 - INFO - __main__ - Found 31 errors.
09/27/2021 15:44:24 - INFO - __main__ - Start bug-fixing .... Timecode: 5
09/27/2021 15:44:33 - INFO - __main__ - Start bug-fixing .... Done!
09/27/2021 15:44:33 - INFO - __main__ - Evaluating again to analyze the performance .... Timecode: 5
09/27/2021 15:44:35 - INFO - __main__ - After Error Fixing: 0.9375
09/27/2021 15:44:35 - INFO - __main__ - Instant Fixing Rate: 0.9354838709677419
09/27/2021 15:44:35 - INFO - __main__ - Instant Retention Rate: 0.9999999900000002
09/27/2021 15:44:35 - INFO - __main__ - Not doing replay-based eval.
09/27/2021 15:44:35 - INFO - __main__ - Evaluating to get errors .... Timecode: 6
09/27/2021 15:44:38 - INFO - __main__ - Before Error Fixing: 0.03125
09/27/2021 15:44:38 - INFO - __main__ - Found 31 errors.
09/27/2021 15:44:38 - INFO - __main__ - Start bug-fixing .... Timecode: 6
09/27/2021 15:44:46 - INFO - __main__ - Start bug-fixing .... Done!
09/27/2021 15:44:46 - INFO - __main__ - Evaluating again to analyze the performance .... Timecode: 6
09/27/2021 15:44:50 - INFO - __main__ - After Error Fixing: 0.9375
09/27/2021 15:44:50 - INFO - __main__ - Instant Fixing Rate: 0.967741935483871
09/27/2021 15:44:50 - INFO - __main__ - Instant Retention Rate: 0.0
09/27/2021 15:44:50 - INFO - __main__ - Not doing replay-based eval.
09/27/2021 15:44:50 - INFO - __main__ - Evaluating to get errors .... Timecode: 7
09/27/2021 15:44:53 - INFO - __main__ - Before Error Fixing: 0.1875
09/27/2021 15:44:53 - INFO - __main__ - Found 26 errors.
09/27/2021 15:44:53 - INFO - __main__ - Start bug-fixing .... Timecode: 7
09/27/2021 15:45:00 - INFO - __main__ - Start bug-fixing .... Done!
09/27/2021 15:45:00 - INFO - __main__ - Evaluating again to analyze the performance .... Timecode: 7
09/27/2021 15:45:03 - INFO - __main__ - After Error Fixing: 0.90625
09/27/2021 15:45:03 - INFO - __main__ - Instant Fixing Rate: 1.0
09/27/2021 15:45:03 - INFO - __main__ - Instant Retention Rate: 0.49999999916666665
09/27/2021 15:45:03 - INFO - __main__ - Not doing replay-based eval.
09/27/2021 15:45:03 - INFO - __main__ - Evaluating to get errors .... Timecode: 8
09/27/2021 15:45:06 - INFO - __main__ - Before Error Fixing: 0.15625
09/27/2021 15:45:06 - INFO - __main__ - Found 27 errors.
09/27/2021 15:45:06 - INFO - __main__ - Start bug-fixing .... Timecode: 8
09/27/2021 15:45:13 - INFO - __main__ - Start bug-fixing .... Done!
09/27/2021 15:45:13 - INFO - __main__ - Evaluating again to analyze the performance .... Timecode: 8
09/27/2021 15:45:16 - INFO - __main__ - After Error Fixing: 0.90625
09/27/2021 15:45:16 - INFO - __main__ - Instant Fixing Rate: 0.9629629629629629
09/27/2021 15:45:16 - INFO - __main__ - Instant Retention Rate: 0.5999999988
09/27/2021 15:45:16 - INFO - __main__ - Not doing replay-based eval.
09/27/2021 15:45:16 - INFO - __main__ - Evaluating to get errors .... Timecode: 9
09/27/2021 15:45:19 - INFO - __main__ - Before Error Fixing: 0.28125
09/27/2021 15:45:19 - INFO - __main__ - Found 23 errors.
09/27/2021 15:45:19 - INFO - __main__ - Start bug-fixing .... Timecode: 9
09/27/2021 15:45:25 - INFO - __main__ - Start bug-fixing .... Done!
09/27/2021 15:45:25 - INFO - __main__ - Evaluating again to analyze the performance .... Timecode: 9
09/27/2021 15:45:27 - INFO - __main__ - After Error Fixing: 0.84375
09/27/2021 15:45:27 - INFO - __main__ - Instant Fixing Rate: 0.9130434782608695
09/27/2021 15:45:27 - INFO - __main__ - Instant Retention Rate: 0.6666666659259258
09/27/2021 15:45:27 - INFO - __main__ - Not doing replay-based eval.
09/27/2021 15:45:27 - INFO - __main__ - Evaluating to get errors .... Timecode: 10
09/27/2021 15:45:30 - INFO - __main__ - Before Error Fixing: 0.09375
09/27/2021 15:45:30 - INFO - __main__ - Found 29 errors.
09/27/2021 15:45:30 - INFO - __main__ - Start bug-fixing .... Timecode: 10
09/27/2021 15:45:39 - INFO - __main__ - Start bug-fixing .... Done!
09/27/2021 15:45:39 - INFO - __main__ - Evaluating again to analyze the performance .... Timecode: 10
09/27/2021 15:45:42 - INFO - __main__ - After Error Fixing: 0.90625
09/27/2021 15:45:42 - INFO - __main__ - Instant Fixing Rate: 0.896551724137931
09/27/2021 15:45:42 - INFO - __main__ - Instant Retention Rate: 0.9999999966666667
09/27/2021 15:45:42 - INFO - __main__ - Not doing replay-based eval.
09/27/2021 15:45:42 - INFO - __main__ - Evaluating to get errors .... Timecode: 11
09/27/2021 15:45:45 - INFO - __main__ - Before Error Fixing: 0.125
09/27/2021 15:45:45 - INFO - __main__ - Found 28 errors.
09/27/2021 15:45:45 - INFO - __main__ - Start bug-fixing .... Timecode: 11
09/27/2021 15:45:53 - INFO - __main__ - Start bug-fixing .... Done!
09/27/2021 15:45:53 - INFO - __main__ - Evaluating again to analyze the performance .... Timecode: 11
09/27/2021 15:45:57 - INFO - __main__ - After Error Fixing: 0.96875
09/27/2021 15:45:57 - INFO - __main__ - Instant Fixing Rate: 1.0
09/27/2021 15:45:57 - INFO - __main__ - Instant Retention Rate: 0.7499999981250001
09/27/2021 15:45:57 - INFO - __main__ - Not doing replay-based eval.
09/27/2021 15:45:57 - INFO - __main__ - Evaluating to get errors .... Timecode: 12
09/27/2021 15:46:00 - INFO - __main__ - Before Error Fixing: 0.125
09/27/2021 15:46:00 - INFO - __main__ - Found 28 errors.
09/27/2021 15:46:00 - INFO - __main__ - Start bug-fixing .... Timecode: 12
09/27/2021 15:46:08 - INFO - __main__ - Start bug-fixing .... Done!
09/27/2021 15:46:08 - INFO - __main__ - Evaluating again to analyze the performance .... Timecode: 12
09/27/2021 15:46:11 - INFO - __main__ - After Error Fixing: 0.90625
09/27/2021 15:46:11 - INFO - __main__ - Instant Fixing Rate: 0.9285714285714286
09/27/2021 15:46:11 - INFO - __main__ - Instant Retention Rate: 0.7499999981250001
09/27/2021 15:46:11 - INFO - __main__ - Not doing replay-based eval.
09/27/2021 15:46:11 - INFO - __main__ - Evaluating to get errors .... Timecode: 13
09/27/2021 15:46:15 - INFO - __main__ - Before Error Fixing: 0.15625
09/27/2021 15:46:15 - INFO - __main__ - Found 27 errors.
09/27/2021 15:46:15 - INFO - __main__ - Start bug-fixing .... Timecode: 13
09/27/2021 15:46:22 - INFO - __main__ - Start bug-fixing .... Done!
09/27/2021 15:46:22 - INFO - __main__ - Evaluating again to analyze the performance .... Timecode: 13
09/27/2021 15:46:25 - INFO - __main__ - After Error Fixing: 0.90625
09/27/2021 15:46:25 - INFO - __main__ - Instant Fixing Rate: 0.9629629629629629
09/27/2021 15:46:25 - INFO - __main__ - Instant Retention Rate: 0.5999999988
09/27/2021 15:46:25 - INFO - __main__ - Not doing replay-based eval.
09/27/2021 15:46:25 - INFO - __main__ - Evaluating to get errors .... Timecode: 14
09/27/2021 15:46:27 - INFO - __main__ - Before Error Fixing: 0.125
09/27/2021 15:46:27 - INFO - __main__ - Found 28 errors.
09/27/2021 15:46:27 - INFO - __main__ - Start bug-fixing .... Timecode: 14
09/27/2021 15:46:35 - INFO - __main__ - Start bug-fixing .... Done!
09/27/2021 15:46:35 - INFO - __main__ - Evaluating again to analyze the performance .... Timecode: 14
09/27/2021 15:46:38 - INFO - __main__ - After Error Fixing: 0.84375
09/27/2021 15:46:38 - INFO - __main__ - Instant Fixing Rate: 0.9285714285714286
09/27/2021 15:46:38 - INFO - __main__ - Instant Retention Rate: 0.249999999375
09/27/2021 15:46:38 - INFO - __main__ - Not doing replay-based eval.
09/27/2021 15:46:38 - INFO - __main__ - Evaluating to get errors .... Timecode: 15
09/27/2021 15:46:40 - INFO - __main__ - Before Error Fixing: 0.09375
09/27/2021 15:46:40 - INFO - __main__ - Found 29 errors.
09/27/2021 15:46:40 - INFO - __main__ - Start bug-fixing .... Timecode: 15
09/27/2021 15:46:48 - INFO - __main__ - Start bug-fixing .... Done!
09/27/2021 15:46:48 - INFO - __main__ - Evaluating again to analyze the performance .... Timecode: 15
09/27/2021 15:46:51 - INFO - __main__ - After Error Fixing: 0.9375
09/27/2021 15:46:51 - INFO - __main__ - Instant Fixing Rate: 1.0
09/27/2021 15:46:51 - INFO - __main__ - Instant Retention Rate: 0.3333333322222222
09/27/2021 15:46:51 - INFO - __main__ - Not doing replay-based eval.
09/27/2021 15:46:51 - INFO - __main__ - Evaluating to get errors .... Timecode: 16
09/27/2021 15:46:54 - INFO - __main__ - Before Error Fixing: 0.03125
09/27/2021 15:46:54 - INFO - __main__ - Found 31 errors.
09/27/2021 15:46:54 - INFO - __main__ - Start bug-fixing .... Timecode: 16
09/27/2021 15:47:03 - INFO - __main__ - Start bug-fixing .... Done!
09/27/2021 15:47:03 - INFO - __main__ - Evaluating again to analyze the performance .... Timecode: 16
09/27/2021 15:47:07 - INFO - __main__ - After Error Fixing: 0.875
09/27/2021 15:47:07 - INFO - __main__ - Instant Fixing Rate: 0.8709677419354839
09/27/2021 15:47:07 - INFO - __main__ - Instant Retention Rate: 0.9999999900000002
09/27/2021 15:47:07 - INFO - __main__ - Not doing replay-based eval.
09/27/2021 15:47:07 - INFO - __main__ - Evaluating to get errors .... Timecode: 17
09/27/2021 15:47:10 - INFO - __main__ - Before Error Fixing: 0.1875
09/27/2021 15:47:10 - INFO - __main__ - Found 26 errors.
09/27/2021 15:47:10 - INFO - __main__ - Start bug-fixing .... Timecode: 17
09/27/2021 15:47:17 - INFO - __main__ - Start bug-fixing .... Done!
09/27/2021 15:47:17 - INFO - __main__ - Evaluating again to analyze the performance .... Timecode: 17
09/27/2021 15:47:21 - INFO - __main__ - After Error Fixing: 0.84375
09/27/2021 15:47:21 - INFO - __main__ - Instant Fixing Rate: 0.9230769230769231
09/27/2021 15:47:21 - INFO - __main__ - Instant Retention Rate: 0.49999999916666665
09/27/2021 15:47:21 - INFO - __main__ - Not doing replay-based eval.
09/27/2021 15:47:21 - INFO - __main__ - Evaluating to get errors .... Timecode: 18
09/27/2021 15:47:24 - INFO - __main__ - Before Error Fixing: 0.09375
09/27/2021 15:47:24 - INFO - __main__ - Found 29 errors.
09/27/2021 15:47:25 - INFO - __main__ - Start bug-fixing .... Timecode: 18
09/27/2021 15:47:32 - INFO - __main__ - Start bug-fixing .... Done!
09/27/2021 15:47:32 - INFO - __main__ - Evaluating again to analyze the performance .... Timecode: 18
09/27/2021 15:47:34 - INFO - __main__ - After Error Fixing: 0.9375
09/27/2021 15:47:34 - INFO - __main__ - Instant Fixing Rate: 0.9310344827586207
09/27/2021 15:47:34 - INFO - __main__ - Instant Retention Rate: 0.9999999966666667
09/27/2021 15:47:34 - INFO - __main__ - Not doing replay-based eval.
09/27/2021 15:47:34 - INFO - __main__ - Evaluating to get errors .... Timecode: 19
09/27/2021 15:47:37 - INFO - __main__ - Before Error Fixing: 0.21875
09/27/2021 15:47:37 - INFO - __main__ - Found 25 errors.
09/27/2021 15:47:37 - INFO - __main__ - Start bug-fixing .... Timecode: 19
09/27/2021 15:47:45 - INFO - __main__ - Start bug-fixing .... Done!
09/27/2021 15:47:45 - INFO - __main__ - Evaluating again to analyze the performance .... Timecode: 19
09/27/2021 15:47:47 - INFO - __main__ - After Error Fixing: 0.90625
09/27/2021 15:47:47 - INFO - __main__ - Instant Fixing Rate: 0.96
09/27/2021 15:47:47 - INFO - __main__ - Instant Retention Rate: 0.7142857132653061
09/27/2021 15:47:47 - INFO - __main__ - Not doing replay-based eval.
09/27/2021 15:47:47 - INFO - __main__ - Evaluating to get errors .... Timecode: 20
09/27/2021 15:47:50 - INFO - __main__ - Before Error Fixing: 0.15625
09/27/2021 15:47:50 - INFO - __main__ - Found 27 errors.
09/27/2021 15:47:50 - INFO - __main__ - Start bug-fixing .... Timecode: 20
09/27/2021 15:47:58 - INFO - __main__ - Start bug-fixing .... Done!
09/27/2021 15:47:58 - INFO - __main__ - Evaluating again to analyze the performance .... Timecode: 20
09/27/2021 15:48:01 - INFO - __main__ - After Error Fixing: 0.9375
09/27/2021 15:48:01 - INFO - __main__ - Instant Fixing Rate: 0.9629629629629629
09/27/2021 15:48:01 - INFO - __main__ - Instant Retention Rate: 0.7999999984
09/27/2021 15:48:01 - INFO - __main__ - Not doing replay-based eval.
09/27/2021 15:48:01 - INFO - __main__ - Evaluating to get errors .... Timecode: 21
09/27/2021 15:48:04 - INFO - __main__ - Before Error Fixing: 0.09375
09/27/2021 15:48:04 - INFO - __main__ - Found 29 errors.
09/27/2021 15:48:04 - INFO - __main__ - Start bug-fixing .... Timecode: 21
09/27/2021 15:48:12 - INFO - __main__ - Start bug-fixing .... Done!
09/27/2021 15:48:12 - INFO - __main__ - Evaluating again to analyze the performance .... Timecode: 21
09/27/2021 15:48:15 - INFO - __main__ - After Error Fixing: 0.90625
09/27/2021 15:48:15 - INFO - __main__ - Instant Fixing Rate: 0.896551724137931
09/27/2021 15:48:15 - INFO - __main__ - Instant Retention Rate: 0.9999999966666667
09/27/2021 15:48:15 - INFO - __main__ - Not doing replay-based eval.
09/27/2021 15:48:15 - INFO - __main__ - Evaluating to get errors .... Timecode: 22
09/27/2021 15:48:19 - INFO - __main__ - Before Error Fixing: 0.09375
09/27/2021 15:48:19 - INFO - __main__ - Found 29 errors.
09/27/2021 15:48:19 - INFO - __main__ - Start bug-fixing .... Timecode: 22
09/27/2021 15:48:27 - INFO - __main__ - Start bug-fixing .... Done!
09/27/2021 15:48:27 - INFO - __main__ - Evaluating again to analyze the performance .... Timecode: 22
09/27/2021 15:48:30 - INFO - __main__ - After Error Fixing: 0.96875
09/27/2021 15:48:30 - INFO - __main__ - Instant Fixing Rate: 1.0
09/27/2021 15:48:30 - INFO - __main__ - Instant Retention Rate: 0.6666666644444444
09/27/2021 15:48:30 - INFO - __main__ - Not doing replay-based eval.
09/27/2021 15:48:30 - INFO - __main__ - Evaluating to get errors .... Timecode: 23
09/27/2021 15:48:33 - INFO - __main__ - Before Error Fixing: 0.15625
09/27/2021 15:48:33 - INFO - __main__ - Found 27 errors.
09/27/2021 15:48:33 - INFO - __main__ - Start bug-fixing .... Timecode: 23
09/27/2021 15:48:41 - INFO - __main__ - Start bug-fixing .... Done!
09/27/2021 15:48:41 - INFO - __main__ - Evaluating again to analyze the performance .... Timecode: 23
09/27/2021 15:48:45 - INFO - __main__ - After Error Fixing: 0.875
09/27/2021 15:48:45 - INFO - __main__ - Instant Fixing Rate: 0.8888888888888888
09/27/2021 15:48:45 - INFO - __main__ - Instant Retention Rate: 0.7999999984
09/27/2021 15:48:45 - INFO - __main__ - Not doing replay-based eval.
09/27/2021 15:48:45 - INFO - __main__ - Evaluating to get errors .... Timecode: 24
09/27/2021 15:48:49 - INFO - __main__ - Before Error Fixing: 0.15625
09/27/2021 15:48:49 - INFO - __main__ - Found 27 errors.
09/27/2021 15:48:49 - INFO - __main__ - Start bug-fixing .... Timecode: 24
09/27/2021 15:48:56 - INFO - __main__ - Start bug-fixing .... Done!
09/27/2021 15:48:56 - INFO - __main__ - Evaluating again to analyze the performance .... Timecode: 24
09/27/2021 15:49:00 - INFO - __main__ - After Error Fixing: 0.875
09/27/2021 15:49:00 - INFO - __main__ - Instant Fixing Rate: 0.9259259259259259
09/27/2021 15:49:00 - INFO - __main__ - Instant Retention Rate: 0.5999999988
09/27/2021 15:49:00 - INFO - __main__ - Not doing replay-based eval.
09/27/2021 15:49:00 - INFO - __main__ - Evaluating to get errors .... Timecode: 25
09/27/2021 15:49:03 - INFO - __main__ - Before Error Fixing: 0.21875
09/27/2021 15:49:03 - INFO - __main__ - Found 25 errors.
09/27/2021 15:49:03 - INFO - __main__ - Start bug-fixing .... Timecode: 25
09/27/2021 15:49:10 - INFO - __main__ - Start bug-fixing .... Done!
09/27/2021 15:49:10 - INFO - __main__ - Evaluating again to analyze the performance .... Timecode: 25
09/27/2021 15:49:13 - INFO - __main__ - After Error Fixing: 0.90625
09/27/2021 15:49:13 - INFO - __main__ - Instant Fixing Rate: 0.92
09/27/2021 15:49:13 - INFO - __main__ - Instant Retention Rate: 0.8571428559183674
09/27/2021 15:49:13 - INFO - __main__ - Not doing replay-based eval.
09/27/2021 15:49:13 - INFO - __main__ - Evaluating to get errors .... Timecode: 26
09/27/2021 15:49:16 - INFO - __main__ - Before Error Fixing: 0.21875
09/27/2021 15:49:16 - INFO - __main__ - Found 25 errors.
09/27/2021 15:49:16 - INFO - __main__ - Start bug-fixing .... Timecode: 26
09/27/2021 15:49:23 - INFO - __main__ - Start bug-fixing .... Done!
09/27/2021 15:49:23 - INFO - __main__ - Evaluating again to analyze the performance .... Timecode: 26
09/27/2021 15:49:27 - INFO - __main__ - After Error Fixing: 0.8125
09/27/2021 15:49:27 - INFO - __main__ - Instant Fixing Rate: 0.92
09/27/2021 15:49:27 - INFO - __main__ - Instant Retention Rate: 0.4285714279591837
09/27/2021 15:49:27 - INFO - __main__ - Not doing replay-based eval.
09/27/2021 15:49:27 - INFO - __main__ - Evaluating to get errors .... Timecode: 27
09/27/2021 15:49:30 - INFO - __main__ - Before Error Fixing: 0.15625
09/27/2021 15:49:30 - INFO - __main__ - Found 27 errors.
09/27/2021 15:49:30 - INFO - __main__ - Start bug-fixing .... Timecode: 27
09/27/2021 15:49:38 - INFO - __main__ - Start bug-fixing .... Done!
09/27/2021 15:49:38 - INFO - __main__ - Evaluating again to analyze the performance .... Timecode: 27
09/27/2021 15:49:41 - INFO - __main__ - After Error Fixing: 0.84375
09/27/2021 15:49:41 - INFO - __main__ - Instant Fixing Rate: 0.8518518518518519
09/27/2021 15:49:41 - INFO - __main__ - Instant Retention Rate: 0.7999999984
09/27/2021 15:49:41 - INFO - __main__ - Not doing replay-based eval.
09/27/2021 15:49:41 - INFO - __main__ - Evaluating to get errors .... Timecode: 28
09/27/2021 15:49:44 - INFO - __main__ - Before Error Fixing: 0.1875
09/27/2021 15:49:44 - INFO - __main__ - Found 26 errors.
09/27/2021 15:49:44 - INFO - __main__ - Start bug-fixing .... Timecode: 28
09/27/2021 15:49:52 - INFO - __main__ - Start bug-fixing .... Done!
09/27/2021 15:49:52 - INFO - __main__ - Evaluating again to analyze the performance .... Timecode: 28
09/27/2021 15:49:55 - INFO - __main__ - After Error Fixing: 0.875
09/27/2021 15:49:55 - INFO - __main__ - Instant Fixing Rate: 0.9230769230769231
09/27/2021 15:49:55 - INFO - __main__ - Instant Retention Rate: 0.6666666655555555
09/27/2021 15:49:55 - INFO - __main__ - Not doing replay-based eval.
09/27/2021 15:49:55 - INFO - __main__ - Evaluating to get errors .... Timecode: 29
09/27/2021 15:49:57 - INFO - __main__ - Before Error Fixing: 0.25
09/27/2021 15:49:57 - INFO - __main__ - Found 24 errors.
09/27/2021 15:49:58 - INFO - __main__ - Start bug-fixing .... Timecode: 29
09/27/2021 15:50:04 - INFO - __main__ - Start bug-fixing .... Done!
09/27/2021 15:50:04 - INFO - __main__ - Evaluating again to analyze the performance .... Timecode: 29
09/27/2021 15:50:08 - INFO - __main__ - After Error Fixing: 0.875
09/27/2021 15:50:08 - INFO - __main__ - Instant Fixing Rate: 0.9166666666666666
09/27/2021 15:50:08 - INFO - __main__ - Instant Retention Rate: 0.7499999990624999
09/27/2021 15:50:08 - INFO - __main__ - Not doing replay-based eval.
09/27/2021 15:50:08 - INFO - __main__ - Evaluating to get errors .... Timecode: 30
09/27/2021 15:50:11 - INFO - __main__ - Before Error Fixing: 0.09375
09/27/2021 15:50:11 - INFO - __main__ - Found 29 errors.
09/27/2021 15:50:11 - INFO - __main__ - Start bug-fixing .... Timecode: 30
09/27/2021 15:50:20 - INFO - __main__ - Start bug-fixing .... Done!
09/27/2021 15:50:20 - INFO - __main__ - Evaluating again to analyze the performance .... Timecode: 30
09/27/2021 15:50:23 - INFO - __main__ - After Error Fixing: 0.96875
09/27/2021 15:50:23 - INFO - __main__ - Instant Fixing Rate: 0.9655172413793104
09/27/2021 15:50:23 - INFO - __main__ - Instant Retention Rate: 0.9999999966666667
09/27/2021 15:50:23 - INFO - __main__ - Not doing replay-based eval.
09/27/2021 15:50:23 - INFO - __main__ - Evaluating to get errors .... Timecode: 31
09/27/2021 15:50:26 - INFO - __main__ - Before Error Fixing: 0.09375
09/27/2021 15:50:26 - INFO - __main__ - Found 29 errors.
09/27/2021 15:50:26 - INFO - __main__ - Start bug-fixing .... Timecode: 31
09/27/2021 15:50:35 - INFO - __main__ - Start bug-fixing .... Done!
09/27/2021 15:50:35 - INFO - __main__ - Evaluating again to analyze the performance .... Timecode: 31
09/27/2021 15:50:37 - INFO - __main__ - After Error Fixing: 0.9375
09/27/2021 15:50:37 - INFO - __main__ - Instant Fixing Rate: 0.9655172413793104
09/27/2021 15:50:37 - INFO - __main__ - Instant Retention Rate: 0.6666666644444444
09/27/2021 15:50:37 - INFO - __main__ - Not doing replay-based eval.
09/27/2021 15:50:37 - INFO - __main__ - Evaluating to get errors .... Timecode: 32
09/27/2021 15:50:40 - INFO - __main__ - Before Error Fixing: 0.1875
09/27/2021 15:50:40 - INFO - __main__ - Found 26 errors.
09/27/2021 15:50:40 - INFO - __main__ - Start bug-fixing .... Timecode: 32
09/27/2021 15:50:48 - INFO - __main__ - Start bug-fixing .... Done!
09/27/2021 15:50:48 - INFO - __main__ - Evaluating again to analyze the performance .... Timecode: 32
09/27/2021 15:50:50 - INFO - __main__ - After Error Fixing: 0.875
09/27/2021 15:50:50 - INFO - __main__ - Instant Fixing Rate: 0.9615384615384616
09/27/2021 15:50:50 - INFO - __main__ - Instant Retention Rate: 0.49999999916666665
09/27/2021 15:50:50 - INFO - __main__ - Not doing replay-based eval.
09/27/2021 15:50:50 - INFO - __main__ - Evaluating to get errors .... Timecode: 33
09/27/2021 15:50:54 - INFO - __main__ - Before Error Fixing: 0.15625
09/27/2021 15:50:54 - INFO - __main__ - Found 27 errors.
09/27/2021 15:50:54 - INFO - __main__ - Start bug-fixing .... Timecode: 33
09/27/2021 15:51:01 - INFO - __main__ - Start bug-fixing .... Done!
09/27/2021 15:51:01 - INFO - __main__ - Evaluating again to analyze the performance .... Timecode: 33
09/27/2021 15:51:04 - INFO - __main__ - After Error Fixing: 0.90625
09/27/2021 15:51:04 - INFO - __main__ - Instant Fixing Rate: 0.9259259259259259
09/27/2021 15:51:04 - INFO - __main__ - Instant Retention Rate: 0.7999999984
09/27/2021 15:51:04 - INFO - __main__ - Not doing replay-based eval.
09/27/2021 15:51:04 - INFO - __main__ - Evaluating to get errors .... Timecode: 34
09/27/2021 15:51:06 - INFO - __main__ - Before Error Fixing: 0.0625
09/27/2021 15:51:06 - INFO - __main__ - Found 30 errors.
09/27/2021 15:51:06 - INFO - __main__ - Start bug-fixing .... Timecode: 34
09/27/2021 15:51:15 - INFO - __main__ - Start bug-fixing .... Done!
09/27/2021 15:51:15 - INFO - __main__ - Evaluating again to analyze the performance .... Timecode: 34
09/27/2021 15:51:18 - INFO - __main__ - After Error Fixing: 0.875
09/27/2021 15:51:18 - INFO - __main__ - Instant Fixing Rate: 0.9
09/27/2021 15:51:18 - INFO - __main__ - Instant Retention Rate: 0.4999999975
09/27/2021 15:51:18 - INFO - __main__ - Not doing replay-based eval.
09/27/2021 15:51:18 - INFO - __main__ - Evaluating to get errors .... Timecode: 35
09/27/2021 15:51:21 - INFO - __main__ - Before Error Fixing: 0.25
09/27/2021 15:51:21 - INFO - __main__ - Found 24 errors.
09/27/2021 15:51:21 - INFO - __main__ - Start bug-fixing .... Timecode: 35
09/27/2021 15:51:28 - INFO - __main__ - Start bug-fixing .... Done!
09/27/2021 15:51:28 - INFO - __main__ - Evaluating again to analyze the performance .... Timecode: 35
09/27/2021 15:51:31 - INFO - __main__ - After Error Fixing: 0.875
09/27/2021 15:51:31 - INFO - __main__ - Instant Fixing Rate: 0.9583333333333334
09/27/2021 15:51:31 - INFO - __main__ - Instant Retention Rate: 0.6249999992187499
09/27/2021 15:51:31 - INFO - __main__ - Not doing replay-based eval.
09/27/2021 15:51:31 - INFO - __main__ - Evaluating to get errors .... Timecode: 36
09/27/2021 15:51:34 - INFO - __main__ - Before Error Fixing: 0.3125
09/27/2021 15:51:34 - INFO - __main__ - Found 22 errors.
09/27/2021 15:51:34 - INFO - __main__ - Start bug-fixing .... Timecode: 36
09/27/2021 15:51:40 - INFO - __main__ - Start bug-fixing .... Done!
09/27/2021 15:51:40 - INFO - __main__ - Evaluating again to analyze the performance .... Timecode: 36
09/27/2021 15:51:44 - INFO - __main__ - After Error Fixing: 0.84375
09/27/2021 15:51:44 - INFO - __main__ - Instant Fixing Rate: 0.8636363636363636
09/27/2021 15:51:44 - INFO - __main__ - Instant Retention Rate: 0.7999999992
09/27/2021 15:51:44 - INFO - __main__ - Not doing replay-based eval.
09/27/2021 15:51:44 - INFO - __main__ - Evaluating to get errors .... Timecode: 37
09/27/2021 15:51:47 - INFO - __main__ - Before Error Fixing: 0.15625
09/27/2021 15:51:47 - INFO - __main__ - Found 27 errors.
09/27/2021 15:51:47 - INFO - __main__ - Start bug-fixing .... Timecode: 37
09/27/2021 15:51:55 - INFO - __main__ - Start bug-fixing .... Done!
09/27/2021 15:51:55 - INFO - __main__ - Evaluating again to analyze the performance .... Timecode: 37
09/27/2021 15:51:58 - INFO - __main__ - After Error Fixing: 1.0
09/27/2021 15:51:58 - INFO - __main__ - Instant Fixing Rate: 1.0
09/27/2021 15:51:58 - INFO - __main__ - Instant Retention Rate: 0.9999999980000001
09/27/2021 15:51:58 - INFO - __main__ - Not doing replay-based eval.
09/27/2021 15:51:58 - INFO - __main__ - Evaluating to get errors .... Timecode: 38
09/27/2021 15:52:01 - INFO - __main__ - Before Error Fixing: 0.125
09/27/2021 15:52:01 - INFO - __main__ - Found 28 errors.
09/27/2021 15:52:01 - INFO - __main__ - Start bug-fixing .... Timecode: 38
09/27/2021 15:52:08 - INFO - __main__ - Start bug-fixing .... Done!
09/27/2021 15:52:08 - INFO - __main__ - Evaluating again to analyze the performance .... Timecode: 38
09/27/2021 15:52:12 - INFO - __main__ - After Error Fixing: 0.9375
09/27/2021 15:52:12 - INFO - __main__ - Instant Fixing Rate: 0.9285714285714286
09/27/2021 15:52:12 - INFO - __main__ - Instant Retention Rate: 0.9999999975
09/27/2021 15:52:12 - INFO - __main__ - Not doing replay-based eval.
09/27/2021 15:52:12 - INFO - __main__ - Evaluating to get errors .... Timecode: 39
09/27/2021 15:52:15 - INFO - __main__ - Before Error Fixing: 0.15625
09/27/2021 15:52:15 - INFO - __main__ - Found 27 errors.
09/27/2021 15:52:15 - INFO - __main__ - Start bug-fixing .... Timecode: 39
09/27/2021 15:52:24 - INFO - __main__ - Start bug-fixing .... Done!
09/27/2021 15:52:24 - INFO - __main__ - Evaluating again to analyze the performance .... Timecode: 39
09/27/2021 15:52:27 - INFO - __main__ - After Error Fixing: 0.90625
09/27/2021 15:52:27 - INFO - __main__ - Instant Fixing Rate: 0.8888888888888888
09/27/2021 15:52:27 - INFO - __main__ - Instant Retention Rate: 0.9999999980000001
09/27/2021 15:52:27 - INFO - __main__ - Not doing replay-based eval.
09/27/2021 15:52:27 - INFO - __main__ - Evaluating to get errors .... Timecode: 40
09/27/2021 15:52:30 - INFO - __main__ - Before Error Fixing: 0.1875
09/27/2021 15:52:30 - INFO - __main__ - Found 26 errors.
09/27/2021 15:52:30 - INFO - __main__ - Start bug-fixing .... Timecode: 40
09/27/2021 15:52:38 - INFO - __main__ - Start bug-fixing .... Done!
09/27/2021 15:52:38 - INFO - __main__ - Evaluating again to analyze the performance .... Timecode: 40
09/27/2021 15:52:41 - INFO - __main__ - After Error Fixing: 0.96875
09/27/2021 15:52:41 - INFO - __main__ - Instant Fixing Rate: 1.0
09/27/2021 15:52:41 - INFO - __main__ - Instant Retention Rate: 0.8333333319444445
09/27/2021 15:52:41 - INFO - __main__ - Not doing replay-based eval.
09/27/2021 15:52:41 - INFO - __main__ - Evaluating to get errors .... Timecode: 41
09/27/2021 15:52:43 - INFO - __main__ - Before Error Fixing: 0.0625
09/27/2021 15:52:43 - INFO - __main__ - Found 30 errors.
09/27/2021 15:52:44 - INFO - __main__ - Start bug-fixing .... Timecode: 41
09/27/2021 15:52:52 - INFO - __main__ - Start bug-fixing .... Done!
09/27/2021 15:52:52 - INFO - __main__ - Evaluating again to analyze the performance .... Timecode: 41
09/27/2021 15:52:56 - INFO - __main__ - After Error Fixing: 0.875
09/27/2021 15:52:56 - INFO - __main__ - Instant Fixing Rate: 0.9
09/27/2021 15:52:56 - INFO - __main__ - Instant Retention Rate: 0.4999999975
09/27/2021 15:52:56 - INFO - __main__ - Not doing replay-based eval.
09/27/2021 15:52:56 - INFO - __main__ - Evaluating to get errors .... Timecode: 42
09/27/2021 15:52:59 - INFO - __main__ - Before Error Fixing: 0.09375
09/27/2021 15:52:59 - INFO - __main__ - Found 29 errors.
09/27/2021 15:52:59 - INFO - __main__ - Start bug-fixing .... Timecode: 42
09/27/2021 15:53:08 - INFO - __main__ - Start bug-fixing .... Done!
09/27/2021 15:53:08 - INFO - __main__ - Evaluating again to analyze the performance .... Timecode: 42
09/27/2021 15:53:11 - INFO - __main__ - After Error Fixing: 0.90625
09/27/2021 15:53:11 - INFO - __main__ - Instant Fixing Rate: 0.896551724137931
09/27/2021 15:53:11 - INFO - __main__ - Instant Retention Rate: 0.9999999966666667
09/27/2021 15:53:11 - INFO - __main__ - Not doing replay-based eval.
09/27/2021 15:53:11 - INFO - __main__ - Evaluating to get errors .... Timecode: 43
09/27/2021 15:53:15 - INFO - __main__ - Before Error Fixing: 0.0625
09/27/2021 15:53:15 - INFO - __main__ - Found 30 errors.
09/27/2021 15:53:15 - INFO - __main__ - Start bug-fixing .... Timecode: 43
09/27/2021 15:53:24 - INFO - __main__ - Start bug-fixing .... Done!
09/27/2021 15:53:24 - INFO - __main__ - Evaluating again to analyze the performance .... Timecode: 43
09/27/2021 15:53:27 - INFO - __main__ - After Error Fixing: 0.9375
09/27/2021 15:53:27 - INFO - __main__ - Instant Fixing Rate: 0.9333333333333333
09/27/2021 15:53:27 - INFO - __main__ - Instant Retention Rate: 0.999999995
09/27/2021 15:53:27 - INFO - __main__ - Not doing replay-based eval.
09/27/2021 15:53:27 - INFO - __main__ - Evaluating to get errors .... Timecode: 44
09/27/2021 15:53:31 - INFO - __main__ - Before Error Fixing: 0.1875
09/27/2021 15:53:31 - INFO - __main__ - Found 26 errors.
09/27/2021 15:53:31 - INFO - __main__ - Start bug-fixing .... Timecode: 44
09/27/2021 15:53:38 - INFO - __main__ - Start bug-fixing .... Done!
09/27/2021 15:53:38 - INFO - __main__ - Evaluating again to analyze the performance .... Timecode: 44
09/27/2021 15:53:42 - INFO - __main__ - After Error Fixing: 0.78125
09/27/2021 15:53:42 - INFO - __main__ - Instant Fixing Rate: 0.9615384615384616
09/27/2021 15:53:42 - INFO - __main__ - Instant Retention Rate: 0.0
09/27/2021 15:53:42 - INFO - __main__ - Not doing replay-based eval.
09/27/2021 15:53:42 - INFO - __main__ - Evaluating to get errors .... Timecode: 45
09/27/2021 15:53:45 - INFO - __main__ - Before Error Fixing: 0.125
09/27/2021 15:53:45 - INFO - __main__ - Found 28 errors.
09/27/2021 15:53:45 - INFO - __main__ - Start bug-fixing .... Timecode: 45
09/27/2021 15:53:53 - INFO - __main__ - Start bug-fixing .... Done!
09/27/2021 15:53:53 - INFO - __main__ - Evaluating again to analyze the performance .... Timecode: 45
09/27/2021 15:53:57 - INFO - __main__ - After Error Fixing: 0.875
09/27/2021 15:53:57 - INFO - __main__ - Instant Fixing Rate: 0.8928571428571429
09/27/2021 15:53:57 - INFO - __main__ - Instant Retention Rate: 0.7499999981250001
09/27/2021 15:53:57 - INFO - __main__ - Not doing replay-based eval.
09/27/2021 15:53:57 - INFO - __main__ - Evaluating to get errors .... Timecode: 46
09/27/2021 15:54:00 - INFO - __main__ - Before Error Fixing: 0.21875
09/27/2021 15:54:00 - INFO - __main__ - Found 25 errors.
09/27/2021 15:54:00 - INFO - __main__ - Start bug-fixing .... Timecode: 46
09/27/2021 15:54:08 - INFO - __main__ - Start bug-fixing .... Done!
09/27/2021 15:54:08 - INFO - __main__ - Evaluating again to analyze the performance .... Timecode: 46
09/27/2021 15:54:11 - INFO - __main__ - After Error Fixing: 0.96875
09/27/2021 15:54:11 - INFO - __main__ - Instant Fixing Rate: 1.0
09/27/2021 15:54:11 - INFO - __main__ - Instant Retention Rate: 0.8571428559183674
09/27/2021 15:54:11 - INFO - __main__ - Not doing replay-based eval.
09/27/2021 15:54:11 - INFO - __main__ - Evaluating to get errors .... Timecode: 47
09/27/2021 15:54:14 - INFO - __main__ - Before Error Fixing: 0.25
09/27/2021 15:54:14 - INFO - __main__ - Found 24 errors.
09/27/2021 15:54:14 - INFO - __main__ - Start bug-fixing .... Timecode: 47
09/27/2021 15:54:21 - INFO - __main__ - Start bug-fixing .... Done!
09/27/2021 15:54:21 - INFO - __main__ - Evaluating again to analyze the performance .... Timecode: 47
09/27/2021 15:54:24 - INFO - __main__ - After Error Fixing: 0.96875
09/27/2021 15:54:24 - INFO - __main__ - Instant Fixing Rate: 1.0
09/27/2021 15:54:24 - INFO - __main__ - Instant Retention Rate: 0.8749999989062499
09/27/2021 15:54:24 - INFO - __main__ - Not doing replay-based eval.
09/27/2021 15:54:24 - INFO - __main__ - Evaluating to get errors .... Timecode: 48
09/27/2021 15:54:27 - INFO - __main__ - Before Error Fixing: 0.125
09/27/2021 15:54:27 - INFO - __main__ - Found 28 errors.
09/27/2021 15:54:27 - INFO - __main__ - Start bug-fixing .... Timecode: 48
09/27/2021 15:54:35 - INFO - __main__ - Start bug-fixing .... Done!
09/27/2021 15:54:35 - INFO - __main__ - Evaluating again to analyze the performance .... Timecode: 48
09/27/2021 15:54:37 - INFO - __main__ - After Error Fixing: 0.9375
09/27/2021 15:54:37 - INFO - __main__ - Instant Fixing Rate: 0.9642857142857143
09/27/2021 15:54:37 - INFO - __main__ - Instant Retention Rate: 0.7499999981250001
09/27/2021 15:54:37 - INFO - __main__ - Not doing replay-based eval.
09/27/2021 15:54:37 - INFO - __main__ - Evaluating to get errors .... Timecode: 49
09/27/2021 15:54:41 - INFO - __main__ - Before Error Fixing: 0.125
09/27/2021 15:54:41 - INFO - __main__ - Found 28 errors.
09/27/2021 15:54:41 - INFO - __main__ - Start bug-fixing .... Timecode: 49
09/27/2021 15:54:49 - INFO - __main__ - Start bug-fixing .... Done!
09/27/2021 15:54:49 - INFO - __main__ - Evaluating again to analyze the performance .... Timecode: 49
09/27/2021 15:54:52 - INFO - __main__ - After Error Fixing: 0.90625
09/27/2021 15:54:52 - INFO - __main__ - Instant Fixing Rate: 0.9285714285714286
09/27/2021 15:54:52 - INFO - __main__ - Instant Retention Rate: 0.7499999981250001
09/27/2021 15:54:52 - INFO - __main__ - Not doing replay-based eval.
09/27/2021 15:54:52 - INFO - __main__ - Evaluating to get errors .... Timecode: 50
09/27/2021 15:54:55 - INFO - __main__ - Before Error Fixing: 0.125
09/27/2021 15:54:55 - INFO - __main__ - Found 28 errors.
09/27/2021 15:54:55 - INFO - __main__ - Start bug-fixing .... Timecode: 50
09/27/2021 15:55:04 - INFO - __main__ - Start bug-fixing .... Done!
09/27/2021 15:55:04 - INFO - __main__ - Evaluating again to analyze the performance .... Timecode: 50
09/27/2021 15:55:07 - INFO - __main__ - After Error Fixing: 0.875
09/27/2021 15:55:07 - INFO - __main__ - Instant Fixing Rate: 0.8928571428571429
09/27/2021 15:55:07 - INFO - __main__ - Instant Retention Rate: 0.7499999981250001
09/27/2021 15:55:07 - INFO - __main__ - Not doing replay-based eval.
09/27/2021 15:55:07 - INFO - __main__ - Evaluating to get errors .... Timecode: 51
09/27/2021 15:55:11 - INFO - __main__ - Before Error Fixing: 0.1875
09/27/2021 15:55:11 - INFO - __main__ - Found 26 errors.
09/27/2021 15:55:11 - INFO - __main__ - Start bug-fixing .... Timecode: 51
09/27/2021 15:55:18 - INFO - __main__ - Start bug-fixing .... Done!
09/27/2021 15:55:18 - INFO - __main__ - Evaluating again to analyze the performance .... Timecode: 51
09/27/2021 15:55:22 - INFO - __main__ - After Error Fixing: 0.9375
09/27/2021 15:55:22 - INFO - __main__ - Instant Fixing Rate: 0.9615384615384616
09/27/2021 15:55:22 - INFO - __main__ - Instant Retention Rate: 0.8333333319444445
09/27/2021 15:55:22 - INFO - __main__ - Not doing replay-based eval.
09/27/2021 15:55:22 - INFO - __main__ - Evaluating to get errors .... Timecode: 52
09/27/2021 15:55:25 - INFO - __main__ - Before Error Fixing: 0.25
09/27/2021 15:55:25 - INFO - __main__ - Found 24 errors.
09/27/2021 15:55:25 - INFO - __main__ - Start bug-fixing .... Timecode: 52
09/27/2021 15:55:31 - INFO - __main__ - Start bug-fixing .... Done!
09/27/2021 15:55:31 - INFO - __main__ - Evaluating again to analyze the performance .... Timecode: 52
09/27/2021 15:55:34 - INFO - __main__ - After Error Fixing: 0.96875
09/27/2021 15:55:34 - INFO - __main__ - Instant Fixing Rate: 0.9583333333333334
09/27/2021 15:55:34 - INFO - __main__ - Instant Retention Rate: 0.9999999987499999
09/27/2021 15:55:34 - INFO - __main__ - Not doing replay-based eval.
09/27/2021 15:55:34 - INFO - __main__ - Evaluating to get errors .... Timecode: 53
09/27/2021 15:55:37 - INFO - __main__ - Before Error Fixing: 0.21875
09/27/2021 15:55:37 - INFO - __main__ - Found 25 errors.
09/27/2021 15:55:37 - INFO - __main__ - Start bug-fixing .... Timecode: 53
09/27/2021 15:55:44 - INFO - __main__ - Start bug-fixing .... Done!
09/27/2021 15:55:44 - INFO - __main__ - Evaluating again to analyze the performance .... Timecode: 53
09/27/2021 15:55:48 - INFO - __main__ - After Error Fixing: 0.875
09/27/2021 15:55:48 - INFO - __main__ - Instant Fixing Rate: 1.0
09/27/2021 15:55:48 - INFO - __main__ - Instant Retention Rate: 0.4285714279591837
09/27/2021 15:55:48 - INFO - __main__ - Not doing replay-based eval.
09/27/2021 15:55:48 - INFO - __main__ - Evaluating to get errors .... Timecode: 54
09/27/2021 15:55:51 - INFO - __main__ - Before Error Fixing: 0.15625
09/27/2021 15:55:51 - INFO - __main__ - Found 27 errors.
09/27/2021 15:55:51 - INFO - __main__ - Start bug-fixing .... Timecode: 54
09/27/2021 15:56:00 - INFO - __main__ - Start bug-fixing .... Done!
09/27/2021 15:56:00 - INFO - __main__ - Evaluating again to analyze the performance .... Timecode: 54
09/27/2021 15:56:03 - INFO - __main__ - After Error Fixing: 0.96875
09/27/2021 15:56:03 - INFO - __main__ - Instant Fixing Rate: 1.0
09/27/2021 15:56:03 - INFO - __main__ - Instant Retention Rate: 0.7999999984
09/27/2021 15:56:03 - INFO - __main__ - Not doing replay-based eval.
09/27/2021 15:56:03 - INFO - __main__ - Evaluating to get errors .... Timecode: 55
09/27/2021 15:56:06 - INFO - __main__ - Before Error Fixing: 0.0625
09/27/2021 15:56:06 - INFO - __main__ - Found 30 errors.
09/27/2021 15:56:06 - INFO - __main__ - Start bug-fixing .... Timecode: 55
09/27/2021 15:56:15 - INFO - __main__ - Start bug-fixing .... Done!
09/27/2021 15:56:15 - INFO - __main__ - Evaluating again to analyze the performance .... Timecode: 55
09/27/2021 15:56:18 - INFO - __main__ - After Error Fixing: 0.875
09/27/2021 15:56:18 - INFO - __main__ - Instant Fixing Rate: 0.8666666666666667
09/27/2021 15:56:18 - INFO - __main__ - Instant Retention Rate: 0.999999995
09/27/2021 15:56:18 - INFO - __main__ - Not doing replay-based eval.
09/27/2021 15:56:18 - INFO - __main__ - Evaluating to get errors .... Timecode: 56
09/27/2021 15:56:22 - INFO - __main__ - Before Error Fixing: 0.0625
09/27/2021 15:56:22 - INFO - __main__ - Found 30 errors.
09/27/2021 15:56:22 - INFO - __main__ - Start bug-fixing .... Timecode: 56
09/27/2021 15:56:30 - INFO - __main__ - Start bug-fixing .... Done!
09/27/2021 15:56:30 - INFO - __main__ - Evaluating again to analyze the performance .... Timecode: 56
09/27/2021 15:56:34 - INFO - __main__ - After Error Fixing: 0.875
09/27/2021 15:56:34 - INFO - __main__ - Instant Fixing Rate: 0.8666666666666667
09/27/2021 15:56:34 - INFO - __main__ - Instant Retention Rate: 0.999999995
09/27/2021 15:56:34 - INFO - __main__ - Not doing replay-based eval.
09/27/2021 15:56:34 - INFO - __main__ - Evaluating to get errors .... Timecode: 57
09/27/2021 15:56:37 - INFO - __main__ - Before Error Fixing: 0.09375
09/27/2021 15:56:37 - INFO - __main__ - Found 29 errors.
09/27/2021 15:56:37 - INFO - __main__ - Start bug-fixing .... Timecode: 57
09/27/2021 15:56:45 - INFO - __main__ - Start bug-fixing .... Done!
09/27/2021 15:56:45 - INFO - __main__ - Evaluating again to analyze the performance .... Timecode: 57
09/27/2021 15:56:48 - INFO - __main__ - After Error Fixing: 0.9375
09/27/2021 15:56:48 - INFO - __main__ - Instant Fixing Rate: 0.9310344827586207
09/27/2021 15:56:48 - INFO - __main__ - Instant Retention Rate: 0.9999999966666667
09/27/2021 15:56:48 - INFO - __main__ - Not doing replay-based eval.
09/27/2021 15:56:48 - INFO - __main__ - Evaluating to get errors .... Timecode: 58
09/27/2021 15:56:52 - INFO - __main__ - Before Error Fixing: 0.25
09/27/2021 15:56:52 - INFO - __main__ - Found 24 errors.
09/27/2021 15:56:52 - INFO - __main__ - Start bug-fixing .... Timecode: 58
09/27/2021 15:56:58 - INFO - __main__ - Start bug-fixing .... Done!
09/27/2021 15:56:58 - INFO - __main__ - Evaluating again to analyze the performance .... Timecode: 58
09/27/2021 15:57:02 - INFO - __main__ - After Error Fixing: 0.84375
09/27/2021 15:57:02 - INFO - __main__ - Instant Fixing Rate: 0.7916666666666666
09/27/2021 15:57:02 - INFO - __main__ - Instant Retention Rate: 0.9999999987499999
09/27/2021 15:57:02 - INFO - __main__ - Not doing replay-based eval.
09/27/2021 15:57:02 - INFO - __main__ - Evaluating to get errors .... Timecode: 59
09/27/2021 15:57:06 - INFO - __main__ - Before Error Fixing: 0.125
09/27/2021 15:57:06 - INFO - __main__ - Found 28 errors.
09/27/2021 15:57:06 - INFO - __main__ - Start bug-fixing .... Timecode: 59
09/27/2021 15:57:14 - INFO - __main__ - Start bug-fixing .... Done!
09/27/2021 15:57:14 - INFO - __main__ - Evaluating again to analyze the performance .... Timecode: 59
09/27/2021 15:57:17 - INFO - __main__ - After Error Fixing: 0.875
09/27/2021 15:57:17 - INFO - __main__ - Instant Fixing Rate: 0.8928571428571429
09/27/2021 15:57:17 - INFO - __main__ - Instant Retention Rate: 0.7499999981250001
09/27/2021 15:57:17 - INFO - __main__ - Not doing replay-based eval.
09/27/2021 15:57:17 - INFO - __main__ - Evaluating to get errors .... Timecode: 60
09/27/2021 15:57:21 - INFO - __main__ - Before Error Fixing: 0.25
09/27/2021 15:57:21 - INFO - __main__ - Found 24 errors.
09/27/2021 15:57:21 - INFO - __main__ - Start bug-fixing .... Timecode: 60
09/27/2021 15:57:27 - INFO - __main__ - Start bug-fixing .... Done!
09/27/2021 15:57:27 - INFO - __main__ - Evaluating again to analyze the performance .... Timecode: 60
09/27/2021 15:57:30 - INFO - __main__ - After Error Fixing: 0.9375
09/27/2021 15:57:30 - INFO - __main__ - Instant Fixing Rate: 0.9583333333333334
09/27/2021 15:57:30 - INFO - __main__ - Instant Retention Rate: 0.8749999989062499
09/27/2021 15:57:30 - INFO - __main__ - Not doing replay-based eval.
09/27/2021 15:57:30 - INFO - __main__ - Evaluating to get errors .... Timecode: 61
09/27/2021 15:57:32 - INFO - __main__ - Before Error Fixing: 0.15625
09/27/2021 15:57:32 - INFO - __main__ - Found 27 errors.
09/27/2021 15:57:32 - INFO - __main__ - Start bug-fixing .... Timecode: 61
09/27/2021 15:57:40 - INFO - __main__ - Start bug-fixing .... Done!
09/27/2021 15:57:40 - INFO - __main__ - Evaluating again to analyze the performance .... Timecode: 61
09/27/2021 15:57:43 - INFO - __main__ - After Error Fixing: 0.96875
09/27/2021 15:57:43 - INFO - __main__ - Instant Fixing Rate: 1.0
09/27/2021 15:57:43 - INFO - __main__ - Instant Retention Rate: 0.7999999984
09/27/2021 15:57:43 - INFO - __main__ - Not doing replay-based eval.
09/27/2021 15:57:43 - INFO - __main__ - Evaluating to get errors .... Timecode: 62
09/27/2021 15:57:46 - INFO - __main__ - Before Error Fixing: 0.25
09/27/2021 15:57:46 - INFO - __main__ - Found 24 errors.
09/27/2021 15:57:46 - INFO - __main__ - Start bug-fixing .... Timecode: 62
09/27/2021 15:57:52 - INFO - __main__ - Start bug-fixing .... Done!
09/27/2021 15:57:52 - INFO - __main__ - Evaluating again to analyze the performance .... Timecode: 62
09/27/2021 15:57:56 - INFO - __main__ - After Error Fixing: 0.78125
09/27/2021 15:57:56 - INFO - __main__ - Instant Fixing Rate: 0.875
09/27/2021 15:57:56 - INFO - __main__ - Instant Retention Rate: 0.49999999937499995
09/27/2021 15:57:56 - INFO - __main__ - Not doing replay-based eval.
09/27/2021 15:57:56 - INFO - __main__ - Evaluating to get errors .... Timecode: 63
09/27/2021 15:58:00 - INFO - __main__ - Before Error Fixing: 0.09375
09/27/2021 15:58:00 - INFO - __main__ - Found 29 errors.
09/27/2021 15:58:00 - INFO - __main__ - Start bug-fixing .... Timecode: 63
09/27/2021 15:58:08 - INFO - __main__ - Start bug-fixing .... Done!
09/27/2021 15:58:08 - INFO - __main__ - Evaluating again to analyze the performance .... Timecode: 63
09/27/2021 15:58:11 - INFO - __main__ - After Error Fixing: 0.90625
09/27/2021 15:58:11 - INFO - __main__ - Instant Fixing Rate: 0.9655172413793104
09/27/2021 15:58:11 - INFO - __main__ - Instant Retention Rate: 0.3333333322222222
09/27/2021 15:58:11 - INFO - __main__ - Not doing replay-based eval.
09/27/2021 15:58:11 - INFO - __main__ - Evaluating to get errors .... Timecode: 64
09/27/2021 15:58:14 - INFO - __main__ - Before Error Fixing: 0.15625
09/27/2021 15:58:14 - INFO - __main__ - Found 27 errors.
09/27/2021 15:58:14 - INFO - __main__ - Start bug-fixing .... Timecode: 64
09/27/2021 15:58:22 - INFO - __main__ - Start bug-fixing .... Done!
09/27/2021 15:58:22 - INFO - __main__ - Evaluating again to analyze the performance .... Timecode: 64
09/27/2021 15:58:25 - INFO - __main__ - After Error Fixing: 0.9375
09/27/2021 15:58:25 - INFO - __main__ - Instant Fixing Rate: 0.9629629629629629
09/27/2021 15:58:25 - INFO - __main__ - Instant Retention Rate: 0.7999999984
09/27/2021 15:58:25 - INFO - __main__ - Not doing replay-based eval.
09/27/2021 15:58:25 - INFO - __main__ - Evaluating to get errors .... Timecode: 65
09/27/2021 15:58:28 - INFO - __main__ - Before Error Fixing: 0.1875
09/27/2021 15:58:28 - INFO - __main__ - Found 26 errors.
09/27/2021 15:58:28 - INFO - __main__ - Start bug-fixing .... Timecode: 65
09/27/2021 15:58:36 - INFO - __main__ - Start bug-fixing .... Done!
09/27/2021 15:58:36 - INFO - __main__ - Evaluating again to analyze the performance .... Timecode: 65
09/27/2021 15:58:40 - INFO - __main__ - After Error Fixing: 0.9375
09/27/2021 15:58:40 - INFO - __main__ - Instant Fixing Rate: 0.9615384615384616
09/27/2021 15:58:40 - INFO - __main__ - Instant Retention Rate: 0.8333333319444445
09/27/2021 15:58:40 - INFO - __main__ - Not doing replay-based eval.
09/27/2021 15:58:40 - INFO - __main__ - Evaluating to get errors .... Timecode: 66
09/27/2021 15:58:43 - INFO - __main__ - Before Error Fixing: 0.125
09/27/2021 15:58:43 - INFO - __main__ - Found 28 errors.
09/27/2021 15:58:43 - INFO - __main__ - Start bug-fixing .... Timecode: 66
09/27/2021 15:58:51 - INFO - __main__ - Start bug-fixing .... Done!
09/27/2021 15:58:51 - INFO - __main__ - Evaluating again to analyze the performance .... Timecode: 66
09/27/2021 15:58:54 - INFO - __main__ - After Error Fixing: 0.78125
09/27/2021 15:58:54 - INFO - __main__ - Instant Fixing Rate: 0.8571428571428571
09/27/2021 15:58:54 - INFO - __main__ - Instant Retention Rate: 0.249999999375
09/27/2021 15:58:54 - INFO - __main__ - Not doing replay-based eval.
09/27/2021 15:58:54 - INFO - __main__ - Evaluating to get errors .... Timecode: 67
09/27/2021 15:58:57 - INFO - __main__ - Before Error Fixing: 0.15625
09/27/2021 15:58:57 - INFO - __main__ - Found 27 errors.
09/27/2021 15:58:57 - INFO - __main__ - Start bug-fixing .... Timecode: 67
09/27/2021 15:59:04 - INFO - __main__ - Start bug-fixing .... Done!
09/27/2021 15:59:04 - INFO - __main__ - Evaluating again to analyze the performance .... Timecode: 67
09/27/2021 15:59:07 - INFO - __main__ - After Error Fixing: 0.90625
09/27/2021 15:59:07 - INFO - __main__ - Instant Fixing Rate: 0.9629629629629629
09/27/2021 15:59:07 - INFO - __main__ - Instant Retention Rate: 0.5999999988
09/27/2021 15:59:07 - INFO - __main__ - Not doing replay-based eval.
09/27/2021 15:59:07 - INFO - __main__ - Evaluating to get errors .... Timecode: 68
09/27/2021 15:59:10 - INFO - __main__ - Before Error Fixing: 0.15625
09/27/2021 15:59:10 - INFO - __main__ - Found 27 errors.
09/27/2021 15:59:10 - INFO - __main__ - Start bug-fixing .... Timecode: 68
09/27/2021 15:59:18 - INFO - __main__ - Start bug-fixing .... Done!
09/27/2021 15:59:18 - INFO - __main__ - Evaluating again to analyze the performance .... Timecode: 68
09/27/2021 15:59:22 - INFO - __main__ - After Error Fixing: 0.84375
09/27/2021 15:59:22 - INFO - __main__ - Instant Fixing Rate: 0.8148148148148148
09/27/2021 15:59:22 - INFO - __main__ - Instant Retention Rate: 0.9999999980000001
09/27/2021 15:59:22 - INFO - __main__ - Not doing replay-based eval.
09/27/2021 15:59:22 - INFO - __main__ - Evaluating to get errors .... Timecode: 69
09/27/2021 15:59:25 - INFO - __main__ - Before Error Fixing: 0.21875
09/27/2021 15:59:25 - INFO - __main__ - Found 25 errors.
09/27/2021 15:59:25 - INFO - __main__ - Start bug-fixing .... Timecode: 69
09/27/2021 15:59:33 - INFO - __main__ - Start bug-fixing .... Done!
09/27/2021 15:59:33 - INFO - __main__ - Evaluating again to analyze the performance .... Timecode: 69
09/27/2021 15:59:36 - INFO - __main__ - After Error Fixing: 0.8125
09/27/2021 15:59:36 - INFO - __main__ - Instant Fixing Rate: 0.84
09/27/2021 15:59:36 - INFO - __main__ - Instant Retention Rate: 0.7142857132653061
09/27/2021 15:59:36 - INFO - __main__ - Not doing replay-based eval.
09/27/2021 15:59:36 - INFO - __main__ - Evaluating to get errors .... Timecode: 70
09/27/2021 15:59:39 - INFO - __main__ - Before Error Fixing: 0.15625
09/27/2021 15:59:39 - INFO - __main__ - Found 27 errors.
09/27/2021 15:59:39 - INFO - __main__ - Start bug-fixing .... Timecode: 70
09/27/2021 15:59:47 - INFO - __main__ - Start bug-fixing .... Done!
09/27/2021 15:59:47 - INFO - __main__ - Evaluating again to analyze the performance .... Timecode: 70
09/27/2021 15:59:50 - INFO - __main__ - After Error Fixing: 0.9375
09/27/2021 15:59:50 - INFO - __main__ - Instant Fixing Rate: 0.9259259259259259
09/27/2021 15:59:50 - INFO - __main__ - Instant Retention Rate: 0.9999999980000001
09/27/2021 15:59:50 - INFO - __main__ - Not doing replay-based eval.
09/27/2021 15:59:50 - INFO - __main__ - Evaluating to get errors .... Timecode: 71
09/27/2021 15:59:53 - INFO - __main__ - Before Error Fixing: 0.25
09/27/2021 15:59:53 - INFO - __main__ - Found 24 errors.
09/27/2021 15:59:53 - INFO - __main__ - Start bug-fixing .... Timecode: 71
09/27/2021 16:00:00 - INFO - __main__ - Start bug-fixing .... Done!
09/27/2021 16:00:00 - INFO - __main__ - Evaluating again to analyze the performance .... Timecode: 71
09/27/2021 16:00:03 - INFO - __main__ - After Error Fixing: 0.875
09/27/2021 16:00:03 - INFO - __main__ - Instant Fixing Rate: 1.0
09/27/2021 16:00:03 - INFO - __main__ - Instant Retention Rate: 0.49999999937499995
09/27/2021 16:00:03 - INFO - __main__ - Not doing replay-based eval.
09/27/2021 16:00:03 - INFO - __main__ - Evaluating to get errors .... Timecode: 72
09/27/2021 16:00:06 - INFO - __main__ - Before Error Fixing: 0.09375
09/27/2021 16:00:06 - INFO - __main__ - Found 29 errors.
09/27/2021 16:00:06 - INFO - __main__ - Start bug-fixing .... Timecode: 72
09/27/2021 16:00:14 - INFO - __main__ - Start bug-fixing .... Done!
09/27/2021 16:00:14 - INFO - __main__ - Evaluating again to analyze the performance .... Timecode: 72
09/27/2021 16:00:16 - INFO - __main__ - After Error Fixing: 0.8125
09/27/2021 16:00:16 - INFO - __main__ - Instant Fixing Rate: 0.8620689655172413
09/27/2021 16:00:16 - INFO - __main__ - Instant Retention Rate: 0.3333333322222222
09/27/2021 16:00:16 - INFO - __main__ - Not doing replay-based eval.
09/27/2021 16:00:16 - INFO - __main__ - Evaluating to get errors .... Timecode: 73
09/27/2021 16:00:19 - INFO - __main__ - Before Error Fixing: 0.25
09/27/2021 16:00:19 - INFO - __main__ - Found 24 errors.
09/27/2021 16:00:19 - INFO - __main__ - Start bug-fixing .... Timecode: 73
09/27/2021 16:00:26 - INFO - __main__ - Start bug-fixing .... Done!
09/27/2021 16:00:26 - INFO - __main__ - Evaluating again to analyze the performance .... Timecode: 73
09/27/2021 16:00:28 - INFO - __main__ - After Error Fixing: 0.9375
09/27/2021 16:00:28 - INFO - __main__ - Instant Fixing Rate: 0.9583333333333334
09/27/2021 16:00:28 - INFO - __main__ - Instant Retention Rate: 0.8749999989062499
09/27/2021 16:00:28 - INFO - __main__ - Not doing replay-based eval.
09/27/2021 16:00:28 - INFO - __main__ - Evaluating to get errors .... Timecode: 74
09/27/2021 16:00:31 - INFO - __main__ - Before Error Fixing: 0.0625
09/27/2021 16:00:31 - INFO - __main__ - Found 30 errors.
09/27/2021 16:00:31 - INFO - __main__ - Start bug-fixing .... Timecode: 74
09/27/2021 16:00:40 - INFO - __main__ - Start bug-fixing .... Done!
09/27/2021 16:00:40 - INFO - __main__ - Evaluating again to analyze the performance .... Timecode: 74
09/27/2021 16:00:43 - INFO - __main__ - After Error Fixing: 1.0
09/27/2021 16:00:43 - INFO - __main__ - Instant Fixing Rate: 1.0
09/27/2021 16:00:43 - INFO - __main__ - Instant Retention Rate: 0.999999995
09/27/2021 16:00:43 - INFO - __main__ - Not doing replay-based eval.
09/27/2021 16:00:43 - INFO - __main__ - Evaluating to get errors .... Timecode: 75
09/27/2021 16:00:46 - INFO - __main__ - Before Error Fixing: 0.3125
09/27/2021 16:00:46 - INFO - __main__ - Found 22 errors.
09/27/2021 16:00:46 - INFO - __main__ - Start bug-fixing .... Timecode: 75
09/27/2021 16:00:53 - INFO - __main__ - Start bug-fixing .... Done!
09/27/2021 16:00:53 - INFO - __main__ - Evaluating again to analyze the performance .... Timecode: 75
09/27/2021 16:00:56 - INFO - __main__ - After Error Fixing: 0.78125
09/27/2021 16:00:56 - INFO - __main__ - Instant Fixing Rate: 0.9545454545454546
09/27/2021 16:00:56 - INFO - __main__ - Instant Retention Rate: 0.3999999996
09/27/2021 16:00:56 - INFO - __main__ - Not doing replay-based eval.
09/27/2021 16:00:56 - INFO - __main__ - Evaluating to get errors .... Timecode: 76
09/27/2021 16:01:00 - INFO - __main__ - Before Error Fixing: 0.125
09/27/2021 16:01:00 - INFO - __main__ - Found 28 errors.
09/27/2021 16:01:00 - INFO - __main__ - Start bug-fixing .... Timecode: 76
09/27/2021 16:01:07 - INFO - __main__ - Start bug-fixing .... Done!
09/27/2021 16:01:07 - INFO - __main__ - Evaluating again to analyze the performance .... Timecode: 76
09/27/2021 16:01:11 - INFO - __main__ - After Error Fixing: 0.90625
09/27/2021 16:01:11 - INFO - __main__ - Instant Fixing Rate: 0.9642857142857143
09/27/2021 16:01:11 - INFO - __main__ - Instant Retention Rate: 0.49999999875
09/27/2021 16:01:11 - INFO - __main__ - Not doing replay-based eval.
09/27/2021 16:01:11 - INFO - __main__ - Evaluating to get errors .... Timecode: 77
09/27/2021 16:01:14 - INFO - __main__ - Before Error Fixing: 0.1875
09/27/2021 16:01:14 - INFO - __main__ - Found 26 errors.
09/27/2021 16:01:14 - INFO - __main__ - Start bug-fixing .... Timecode: 77
09/27/2021 16:01:22 - INFO - __main__ - Start bug-fixing .... Done!
09/27/2021 16:01:22 - INFO - __main__ - Evaluating again to analyze the performance .... Timecode: 77
09/27/2021 16:01:25 - INFO - __main__ - After Error Fixing: 1.0
09/27/2021 16:01:25 - INFO - __main__ - Instant Fixing Rate: 1.0
09/27/2021 16:01:25 - INFO - __main__ - Instant Retention Rate: 0.9999999983333333
09/27/2021 16:01:25 - INFO - __main__ - Not doing replay-based eval.
09/27/2021 16:01:25 - INFO - __main__ - Evaluating to get errors .... Timecode: 78
09/27/2021 16:01:28 - INFO - __main__ - Before Error Fixing: 0.09375
09/27/2021 16:01:28 - INFO - __main__ - Found 29 errors.
09/27/2021 16:01:28 - INFO - __main__ - Start bug-fixing .... Timecode: 78
09/27/2021 16:01:37 - INFO - __main__ - Start bug-fixing .... Done!
09/27/2021 16:01:37 - INFO - __main__ - Evaluating again to analyze the performance .... Timecode: 78
09/27/2021 16:01:40 - INFO - __main__ - After Error Fixing: 0.9375
09/27/2021 16:01:40 - INFO - __main__ - Instant Fixing Rate: 0.9655172413793104
09/27/2021 16:01:40 - INFO - __main__ - Instant Retention Rate: 0.6666666644444444
09/27/2021 16:01:40 - INFO - __main__ - Not doing replay-based eval.
09/27/2021 16:01:40 - INFO - __main__ - Evaluating to get errors .... Timecode: 79
09/27/2021 16:01:43 - INFO - __main__ - Before Error Fixing: 0.125
09/27/2021 16:01:43 - INFO - __main__ - Found 28 errors.
09/27/2021 16:01:43 - INFO - __main__ - Start bug-fixing .... Timecode: 79
09/27/2021 16:01:51 - INFO - __main__ - Start bug-fixing .... Done!
09/27/2021 16:01:51 - INFO - __main__ - Evaluating again to analyze the performance .... Timecode: 79
09/27/2021 16:01:54 - INFO - __main__ - After Error Fixing: 0.90625
09/27/2021 16:01:54 - INFO - __main__ - Instant Fixing Rate: 0.8928571428571429
09/27/2021 16:01:54 - INFO - __main__ - Instant Retention Rate: 0.9999999975
09/27/2021 16:01:54 - INFO - __main__ - Not doing replay-based eval.
09/27/2021 16:01:54 - INFO - __main__ - Evaluating to get errors .... Timecode: 80
09/27/2021 16:01:57 - INFO - __main__ - Before Error Fixing: 0.25
09/27/2021 16:01:57 - INFO - __main__ - Found 24 errors.
09/27/2021 16:01:57 - INFO - __main__ - Start bug-fixing .... Timecode: 80
09/27/2021 16:02:04 - INFO - __main__ - Start bug-fixing .... Done!
09/27/2021 16:02:04 - INFO - __main__ - Evaluating again to analyze the performance .... Timecode: 80
09/27/2021 16:02:07 - INFO - __main__ - After Error Fixing: 0.875
09/27/2021 16:02:07 - INFO - __main__ - Instant Fixing Rate: 0.875
09/27/2021 16:02:07 - INFO - __main__ - Instant Retention Rate: 0.8749999989062499
09/27/2021 16:02:07 - INFO - __main__ - Not doing replay-based eval.
09/27/2021 16:02:07 - INFO - __main__ - Evaluating to get errors .... Timecode: 81
09/27/2021 16:02:10 - INFO - __main__ - Before Error Fixing: 0.1875
09/27/2021 16:02:10 - INFO - __main__ - Found 26 errors.
09/27/2021 16:02:10 - INFO - __main__ - Start bug-fixing .... Timecode: 81
09/27/2021 16:02:18 - INFO - __main__ - Start bug-fixing .... Done!
09/27/2021 16:02:18 - INFO - __main__ - Evaluating again to analyze the performance .... Timecode: 81
09/27/2021 16:02:21 - INFO - __main__ - After Error Fixing: 0.90625
09/27/2021 16:02:21 - INFO - __main__ - Instant Fixing Rate: 0.9230769230769231
09/27/2021 16:02:21 - INFO - __main__ - Instant Retention Rate: 0.8333333319444445
09/27/2021 16:02:21 - INFO - __main__ - Not doing replay-based eval.
09/27/2021 16:02:21 - INFO - __main__ - Evaluating to get errors .... Timecode: 82
09/27/2021 16:02:24 - INFO - __main__ - Before Error Fixing: 0.15625
09/27/2021 16:02:24 - INFO - __main__ - Found 27 errors.
09/27/2021 16:02:24 - INFO - __main__ - Start bug-fixing .... Timecode: 82
09/27/2021 16:02:32 - INFO - __main__ - Start bug-fixing .... Done!
09/27/2021 16:02:32 - INFO - __main__ - Evaluating again to analyze the performance .... Timecode: 82
09/27/2021 16:02:36 - INFO - __main__ - After Error Fixing: 0.9375
09/27/2021 16:02:36 - INFO - __main__ - Instant Fixing Rate: 0.9629629629629629
09/27/2021 16:02:36 - INFO - __main__ - Instant Retention Rate: 0.7999999984
09/27/2021 16:02:36 - INFO - __main__ - Not doing replay-based eval.
09/27/2021 16:02:36 - INFO - __main__ - Evaluating to get errors .... Timecode: 83
09/27/2021 16:02:39 - INFO - __main__ - Before Error Fixing: 0.21875
09/27/2021 16:02:39 - INFO - __main__ - Found 25 errors.
09/27/2021 16:02:39 - INFO - __main__ - Start bug-fixing .... Timecode: 83
09/27/2021 16:02:47 - INFO - __main__ - Start bug-fixing .... Done!
09/27/2021 16:02:47 - INFO - __main__ - Evaluating again to analyze the performance .... Timecode: 83
09/27/2021 16:02:50 - INFO - __main__ - After Error Fixing: 0.90625
09/27/2021 16:02:50 - INFO - __main__ - Instant Fixing Rate: 0.92
09/27/2021 16:02:50 - INFO - __main__ - Instant Retention Rate: 0.8571428559183674
09/27/2021 16:02:50 - INFO - __main__ - Not doing replay-based eval.
09/27/2021 16:02:50 - INFO - __main__ - Evaluating to get errors .... Timecode: 84
09/27/2021 16:02:52 - INFO - __main__ - Before Error Fixing: 0.15625
09/27/2021 16:02:52 - INFO - __main__ - Found 27 errors.
09/27/2021 16:02:52 - INFO - __main__ - Start bug-fixing .... Timecode: 84
09/27/2021 16:03:00 - INFO - __main__ - Start bug-fixing .... Done!
09/27/2021 16:03:00 - INFO - __main__ - Evaluating again to analyze the performance .... Timecode: 84
09/27/2021 16:03:03 - INFO - __main__ - After Error Fixing: 0.9375
09/27/2021 16:03:03 - INFO - __main__ - Instant Fixing Rate: 0.9629629629629629
09/27/2021 16:03:03 - INFO - __main__ - Instant Retention Rate: 0.7999999984
09/27/2021 16:03:03 - INFO - __main__ - Not doing replay-based eval.
09/27/2021 16:03:03 - INFO - __main__ - Evaluating to get errors .... Timecode: 85
09/27/2021 16:03:07 - INFO - __main__ - Before Error Fixing: 0.125
09/27/2021 16:03:07 - INFO - __main__ - Found 28 errors.
09/27/2021 16:03:07 - INFO - __main__ - Start bug-fixing .... Timecode: 85
09/27/2021 16:03:15 - INFO - __main__ - Start bug-fixing .... Done!
09/27/2021 16:03:15 - INFO - __main__ - Evaluating again to analyze the performance .... Timecode: 85
09/27/2021 16:03:18 - INFO - __main__ - After Error Fixing: 1.0
09/27/2021 16:03:18 - INFO - __main__ - Instant Fixing Rate: 1.0
09/27/2021 16:03:18 - INFO - __main__ - Instant Retention Rate: 0.9999999975
09/27/2021 16:03:18 - INFO - __main__ - Not doing replay-based eval.
09/27/2021 16:03:18 - INFO - __main__ - Evaluating to get errors .... Timecode: 86
09/27/2021 16:03:21 - INFO - __main__ - Before Error Fixing: 0.25
09/27/2021 16:03:21 - INFO - __main__ - Found 24 errors.
09/27/2021 16:03:21 - INFO - __main__ - Start bug-fixing .... Timecode: 86
09/27/2021 16:03:27 - INFO - __main__ - Start bug-fixing .... Done!
09/27/2021 16:03:27 - INFO - __main__ - Evaluating again to analyze the performance .... Timecode: 86
09/27/2021 16:03:30 - INFO - __main__ - After Error Fixing: 0.90625
09/27/2021 16:03:30 - INFO - __main__ - Instant Fixing Rate: 1.0
09/27/2021 16:03:30 - INFO - __main__ - Instant Retention Rate: 0.6249999992187499
09/27/2021 16:03:30 - INFO - __main__ - Not doing replay-based eval.
09/27/2021 16:03:30 - INFO - __main__ - Evaluating to get errors .... Timecode: 87
09/27/2021 16:03:33 - INFO - __main__ - Before Error Fixing: 0.25
09/27/2021 16:03:33 - INFO - __main__ - Found 24 errors.
09/27/2021 16:03:33 - INFO - __main__ - Start bug-fixing .... Timecode: 87
09/27/2021 16:03:40 - INFO - __main__ - Start bug-fixing .... Done!
09/27/2021 16:03:40 - INFO - __main__ - Evaluating again to analyze the performance .... Timecode: 87
09/27/2021 16:03:43 - INFO - __main__ - After Error Fixing: 0.90625
09/27/2021 16:03:43 - INFO - __main__ - Instant Fixing Rate: 0.875
09/27/2021 16:03:43 - INFO - __main__ - Instant Retention Rate: 0.9999999987499999
09/27/2021 16:03:43 - INFO - __main__ - Not doing replay-based eval.
09/27/2021 16:03:43 - INFO - __main__ - Evaluating to get errors .... Timecode: 88
09/27/2021 16:03:46 - INFO - __main__ - Before Error Fixing: 0.1875
09/27/2021 16:03:46 - INFO - __main__ - Found 26 errors.
09/27/2021 16:03:46 - INFO - __main__ - Start bug-fixing .... Timecode: 88
09/27/2021 16:03:53 - INFO - __main__ - Start bug-fixing .... Done!
09/27/2021 16:03:53 - INFO - __main__ - Evaluating again to analyze the performance .... Timecode: 88
09/27/2021 16:03:56 - INFO - __main__ - After Error Fixing: 0.78125
09/27/2021 16:03:56 - INFO - __main__ - Instant Fixing Rate: 0.8461538461538461
09/27/2021 16:03:56 - INFO - __main__ - Instant Retention Rate: 0.49999999916666665
09/27/2021 16:03:56 - INFO - __main__ - Not doing replay-based eval.
09/27/2021 16:03:56 - INFO - __main__ - Evaluating to get errors .... Timecode: 89
09/27/2021 16:04:00 - INFO - __main__ - Before Error Fixing: 0.1875
09/27/2021 16:04:00 - INFO - __main__ - Found 26 errors.
09/27/2021 16:04:00 - INFO - __main__ - Start bug-fixing .... Timecode: 89
09/27/2021 16:04:07 - INFO - __main__ - Start bug-fixing .... Done!
09/27/2021 16:04:07 - INFO - __main__ - Evaluating again to analyze the performance .... Timecode: 89
09/27/2021 16:04:11 - INFO - __main__ - After Error Fixing: 1.0
09/27/2021 16:04:11 - INFO - __main__ - Instant Fixing Rate: 1.0
09/27/2021 16:04:11 - INFO - __main__ - Instant Retention Rate: 0.9999999983333333
09/27/2021 16:04:11 - INFO - __main__ - Not doing replay-based eval.
09/27/2021 16:04:11 - INFO - __main__ - Evaluating to get errors .... Timecode: 90
09/27/2021 16:04:14 - INFO - __main__ - Before Error Fixing: 0.09375
09/27/2021 16:04:14 - INFO - __main__ - Found 29 errors.
09/27/2021 16:04:14 - INFO - __main__ - Start bug-fixing .... Timecode: 90
09/27/2021 16:04:22 - INFO - __main__ - Start bug-fixing .... Done!
09/27/2021 16:04:22 - INFO - __main__ - Evaluating again to analyze the performance .... Timecode: 90
09/27/2021 16:04:25 - INFO - __main__ - After Error Fixing: 1.0
09/27/2021 16:04:25 - INFO - __main__ - Instant Fixing Rate: 1.0
09/27/2021 16:04:25 - INFO - __main__ - Instant Retention Rate: 0.9999999966666667
09/27/2021 16:04:25 - INFO - __main__ - Not doing replay-based eval.
09/27/2021 16:04:25 - INFO - __main__ - Evaluating to get errors .... Timecode: 91
09/27/2021 16:04:28 - INFO - __main__ - Before Error Fixing: 0.21875
09/27/2021 16:04:28 - INFO - __main__ - Found 25 errors.
09/27/2021 16:04:28 - INFO - __main__ - Start bug-fixing .... Timecode: 91
09/27/2021 16:04:36 - INFO - __main__ - Start bug-fixing .... Done!
09/27/2021 16:04:36 - INFO - __main__ - Evaluating again to analyze the performance .... Timecode: 91
09/27/2021 16:04:39 - INFO - __main__ - After Error Fixing: 0.875
09/27/2021 16:04:39 - INFO - __main__ - Instant Fixing Rate: 0.96
09/27/2021 16:04:39 - INFO - __main__ - Instant Retention Rate: 0.571428570612245
09/27/2021 16:04:39 - INFO - __main__ - Not doing replay-based eval.
09/27/2021 16:04:39 - INFO - __main__ - Evaluating to get errors .... Timecode: 92
09/27/2021 16:04:42 - INFO - __main__ - Before Error Fixing: 0.25
09/27/2021 16:04:42 - INFO - __main__ - Found 24 errors.
09/27/2021 16:04:42 - INFO - __main__ - Start bug-fixing .... Timecode: 92
09/27/2021 16:04:49 - INFO - __main__ - Start bug-fixing .... Done!
09/27/2021 16:04:49 - INFO - __main__ - Evaluating again to analyze the performance .... Timecode: 92
09/27/2021 16:04:52 - INFO - __main__ - After Error Fixing: 0.78125
09/27/2021 16:04:52 - INFO - __main__ - Instant Fixing Rate: 0.75
09/27/2021 16:04:52 - INFO - __main__ - Instant Retention Rate: 0.8749999989062499
09/27/2021 16:04:52 - INFO - __main__ - Not doing replay-based eval.
09/27/2021 16:04:52 - INFO - __main__ - Evaluating to get errors .... Timecode: 93
09/27/2021 16:04:55 - INFO - __main__ - Before Error Fixing: 0.125
09/27/2021 16:04:55 - INFO - __main__ - Found 28 errors.
09/27/2021 16:04:55 - INFO - __main__ - Start bug-fixing .... Timecode: 93
09/27/2021 16:05:04 - INFO - __main__ - Start bug-fixing .... Done!
09/27/2021 16:05:04 - INFO - __main__ - Evaluating again to analyze the performance .... Timecode: 93
09/27/2021 16:05:07 - INFO - __main__ - After Error Fixing: 0.84375
09/27/2021 16:05:07 - INFO - __main__ - Instant Fixing Rate: 0.8214285714285714
09/27/2021 16:05:07 - INFO - __main__ - Instant Retention Rate: 0.9999999975
09/27/2021 16:05:07 - INFO - __main__ - Not doing replay-based eval.
09/27/2021 16:05:07 - INFO - __main__ - Evaluating to get errors .... Timecode: 94
09/27/2021 16:05:10 - INFO - __main__ - Before Error Fixing: 0.125
09/27/2021 16:05:10 - INFO - __main__ - Found 28 errors.
09/27/2021 16:05:10 - INFO - __main__ - Start bug-fixing .... Timecode: 94
09/27/2021 16:05:18 - INFO - __main__ - Start bug-fixing .... Done!
09/27/2021 16:05:18 - INFO - __main__ - Evaluating again to analyze the performance .... Timecode: 94
09/27/2021 16:05:21 - INFO - __main__ - After Error Fixing: 0.9375
09/27/2021 16:05:21 - INFO - __main__ - Instant Fixing Rate: 0.9285714285714286
09/27/2021 16:05:21 - INFO - __main__ - Instant Retention Rate: 0.9999999975
09/27/2021 16:05:21 - INFO - __main__ - Not doing replay-based eval.
09/27/2021 16:05:21 - INFO - __main__ - Evaluating to get errors .... Timecode: 95
09/27/2021 16:05:24 - INFO - __main__ - Before Error Fixing: 0.15625
09/27/2021 16:05:24 - INFO - __main__ - Found 27 errors.
09/27/2021 16:05:24 - INFO - __main__ - Start bug-fixing .... Timecode: 95
09/27/2021 16:05:32 - INFO - __main__ - Start bug-fixing .... Done!
09/27/2021 16:05:32 - INFO - __main__ - Evaluating again to analyze the performance .... Timecode: 95
09/27/2021 16:05:35 - INFO - __main__ - After Error Fixing: 0.875
09/27/2021 16:05:35 - INFO - __main__ - Instant Fixing Rate: 0.8518518518518519
09/27/2021 16:05:35 - INFO - __main__ - Instant Retention Rate: 0.9999999980000001
09/27/2021 16:05:35 - INFO - __main__ - Not doing replay-based eval.
09/27/2021 16:05:35 - INFO - __main__ - Evaluating to get errors .... Timecode: 96
09/27/2021 16:05:39 - INFO - __main__ - Before Error Fixing: 0.21875
09/27/2021 16:05:39 - INFO - __main__ - Found 25 errors.
09/27/2021 16:05:39 - INFO - __main__ - Start bug-fixing .... Timecode: 96
09/27/2021 16:05:47 - INFO - __main__ - Start bug-fixing .... Done!
09/27/2021 16:05:47 - INFO - __main__ - Evaluating again to analyze the performance .... Timecode: 96
09/27/2021 16:05:50 - INFO - __main__ - After Error Fixing: 0.9375
09/27/2021 16:05:50 - INFO - __main__ - Instant Fixing Rate: 0.96
09/27/2021 16:05:50 - INFO - __main__ - Instant Retention Rate: 0.8571428559183674
09/27/2021 16:05:50 - INFO - __main__ - Not doing replay-based eval.
09/27/2021 16:05:50 - INFO - __main__ - Evaluating to get errors .... Timecode: 97
09/27/2021 16:05:54 - INFO - __main__ - Before Error Fixing: 0.21875
09/27/2021 16:05:54 - INFO - __main__ - Found 25 errors.
09/27/2021 16:05:54 - INFO - __main__ - Start bug-fixing .... Timecode: 97
09/27/2021 16:06:01 - INFO - __main__ - Start bug-fixing .... Done!
09/27/2021 16:06:01 - INFO - __main__ - Evaluating again to analyze the performance .... Timecode: 97
09/27/2021 16:06:04 - INFO - __main__ - After Error Fixing: 0.84375
09/27/2021 16:06:04 - INFO - __main__ - Instant Fixing Rate: 0.96
09/27/2021 16:06:04 - INFO - __main__ - Instant Retention Rate: 0.4285714279591837
09/27/2021 16:06:04 - INFO - __main__ - Not doing replay-based eval.
09/27/2021 16:06:04 - INFO - __main__ - Evaluating to get errors .... Timecode: 98
09/27/2021 16:06:08 - INFO - __main__ - Before Error Fixing: 0.15625
09/27/2021 16:06:08 - INFO - __main__ - Found 27 errors.
09/27/2021 16:06:08 - INFO - __main__ - Start bug-fixing .... Timecode: 98
09/27/2021 16:06:16 - INFO - __main__ - Start bug-fixing .... Done!
09/27/2021 16:06:16 - INFO - __main__ - Evaluating again to analyze the performance .... Timecode: 98
09/27/2021 16:06:19 - INFO - __main__ - After Error Fixing: 0.96875
09/27/2021 16:06:19 - INFO - __main__ - Instant Fixing Rate: 0.9629629629629629
09/27/2021 16:06:19 - INFO - __main__ - Instant Retention Rate: 0.9999999980000001
09/27/2021 16:06:19 - INFO - __main__ - Not doing replay-based eval.
09/27/2021 16:06:19 - INFO - __main__ - Evaluating to get errors .... Timecode: 99
09/27/2021 16:06:23 - INFO - __main__ - Before Error Fixing: 0.1875
09/27/2021 16:06:23 - INFO - __main__ - Found 26 errors.
09/27/2021 16:06:23 - INFO - __main__ - Start bug-fixing .... Timecode: 99
09/27/2021 16:06:30 - INFO - __main__ - Start bug-fixing .... Done!
09/27/2021 16:06:30 - INFO - __main__ - Evaluating again to analyze the performance .... Timecode: 99
09/27/2021 16:06:33 - INFO - __main__ - After Error Fixing: 0.84375
09/27/2021 16:06:33 - INFO - __main__ - Instant Fixing Rate: 0.8461538461538461
09/27/2021 16:06:33 - INFO - __main__ - Instant Retention Rate: 0.8333333319444445
09/27/2021 16:06:33 - INFO - __main__ - Start the final evaluation.
09/27/2021 16:06:33 - INFO - __main__ - Test the in-stream examples overall.
09/27/2021 16:12:01 - INFO - __main__ - Test the upstream forgetting eval.
09/27/2021 16:13:40 - INFO - __main__ - Finish the final evaluation.
09/27/2021 16:13:40 - INFO - __main__ - Finished. Results saved to exp_results/dynamic_stream/cl_simple/results/0926_MixedAllError_T=100_simple_ep=7_seed=0212_result.json
10/06/2021 16:05:34 - INFO - __main__ - Namespace(adam_epsilon=1e-08, adapter_dim=32, append_another_bos=1, base_model_path='out/mrqa_naturalquestions_bart-base_0617v4/best-model.pt', base_model_type='facebook/bart-base', bug_stream_json_path='bug_data/mrqa_naturalquestions_dev.static_bug_stream.json', cl_method_name='simple_cl', current_thread_id=None, data_stream_json_path='exp_results/data_streams/mrqa.mixed.data_stream.test.json', do_lowercase=False, ewc_gamma=1, ewc_lambda=0.5, example_encoder_name='roberta-base', freeze_embeds=False, gradient_accumulation_steps=1, index_rank_method='most_similar', inference_query_size=1, init_memory_cache_path='bug_data/memory_key_cache.pkl', learning_rate=3e-05, local_adapt_lr=1e-05, max_grad_norm=0.1, max_input_length=888, max_output_length=50, max_timecode=100, memory_key_encoder='facebook/bart-base', memory_path='', memory_store_rate=1.0, mir_abalation_args='none', num_adapt_epochs=1, num_beams=4, num_threads_eval=0, num_train_epochs=7.0, overtime_ckpt_dir='exp_results/dynamic_stream/cl_simple/ckpt_dir/0926_MixedAllError_T=100_simple_ep=7_seed=0212_ckpts/', pass_pool_jsonl_path='exp_results/data_streams/mrqa.mixed.upstream_eval.jsonl', path_to_thread_result=None, predict_batch_size=16, prefix='0926_MixedAllError_T=100_simple_ep=7_seed=0212', replay_candidate_size=8, replay_frequency=1, replay_size=8, replay_stream_json_path='', result_file='exp_results/dynamic_stream/cl_simple/results/0926_MixedAllError_T=100_simple_ep=7_seed=0212_result.json', sampled_upstream_json_path='data/mrqa_naturalquestions/mrqa_naturalquestions_train.jsonl', save_all_ckpts=0, seed=212, stream_mode='dynamic', task_emb_dim=768, task_name='mrqa_naturalquestions', train_batch_size=8, use_mir=False, use_replay_mix=False, use_sampled_upstream=False, weight_decay=0.01)
10/06/2021 16:05:35 - INFO - transformers.tokenization_utils - loading file https://s3.amazonaws.com/models.huggingface.co/bert/roberta-large-vocab.json from cache at /private/home/yuchenlin/.cache/torch/transformers/1ae1f5b6e2b22b25ccc04c000bb79ca847aa226d0761536b011cf7e5868f0655.ef00af9e673c7160b4d41cfda1f48c5f4cba57d5142754525572a846a1ab1b9b
10/06/2021 16:05:35 - INFO - transformers.tokenization_utils - loading file https://s3.amazonaws.com/models.huggingface.co/bert/roberta-large-merges.txt from cache at /private/home/yuchenlin/.cache/torch/transformers/f8f83199a6270d582d6245dc100e99c4155de81c9745c6248077018fe01abcfb.70bec105b4158ed9a1747fea67a43f5dee97855c64d62b6ec3742f4cfdb5feda
