09/29/2021 02:00:27 - INFO - __main__ - Namespace(adam_epsilon=1e-08, adapter_dim=32, append_another_bos=1, base_model_path='out/mrqa_naturalquestions_bart-base_0617v4/best-model.pt', base_model_type='facebook/bart-base', bug_stream_json_path='bug_data/mrqa_naturalquestions_dev.static_bug_stream.json', cl_method_name='index_cl', current_thread_id=None, data_stream_json_path='exp_results/data_streams/mrqa.mixed.data_stream.test.json', do_lowercase=False, ewc_gamma=1, ewc_lambda=0.5, example_encoder_name='roberta-base', freeze_embeds=False, gradient_accumulation_steps=1, inference_query_size=1, init_memory_cache_path='exp_results/data_streams/init_memory.pkl', learning_rate=3e-05, local_adapt_lr=1e-05, max_grad_norm=0.1, max_input_length=888, max_output_length=50, max_timecode=100, memory_key_encoder='facebook/bart-base', memory_path='exp_results/dynamic_stream/index_based/ckpt_dir/0929_MixedAllErrors_T=100_index_M=U+I_rs=32_rq=3_seed=42_ckpts/memory_dict.pkl', memory_store_rate=1.0, mir_abalation_args='none', num_adapt_epochs=0, num_beams=4, num_threads_eval=0, num_train_epochs=5.0, overtime_ckpt_dir='exp_results/dynamic_stream/index_based/ckpt_dir/0929_MixedAllErrors_T=100_index_M=U+I_rs=32_rq=3_seed=42_ckpts/', pass_pool_jsonl_path='exp_results/data_streams/mrqa.mixed.upstream_eval.jsonl', path_to_thread_result=None, predict_batch_size=16, prefix='0929_MixedAllErrors_T=100_index_M=U+I_rs=32_rq=3_seed=42', replay_candidate_size=8, replay_frequency=3, replay_size=32, replay_stream_json_path='', result_file='exp_results/dynamic_stream/index_based/results/0929_MixedAllErrors_T=100_index_M=U+I_rs=32_rq=3_seed=42_result.json', sampled_upstream_json_path='exp_results/data_streams/mrqa.nq_train.memory.jsonl', save_all_ckpts=0, seed=42, stream_mode='dynamic', task_emb_dim=768, task_name='mrqa_naturalquestions', train_batch_size=8, use_replay_mix=True, use_sampled_upstream=True, weight_decay=0.01)
09/29/2021 02:00:27 - INFO - faiss.loader - Loading faiss with AVX2 support.
09/29/2021 02:00:27 - INFO - faiss.loader - Successfully loaded faiss with AVX2 support.
09/29/2021 02:00:27 - INFO - transformers.tokenization_utils - loading file https://s3.amazonaws.com/models.huggingface.co/bert/roberta-large-vocab.json from cache at /private/home/yuchenlin/.cache/torch/transformers/1ae1f5b6e2b22b25ccc04c000bb79ca847aa226d0761536b011cf7e5868f0655.ef00af9e673c7160b4d41cfda1f48c5f4cba57d5142754525572a846a1ab1b9b
09/29/2021 02:00:27 - INFO - transformers.tokenization_utils - loading file https://s3.amazonaws.com/models.huggingface.co/bert/roberta-large-merges.txt from cache at /private/home/yuchenlin/.cache/torch/transformers/f8f83199a6270d582d6245dc100e99c4155de81c9745c6248077018fe01abcfb.70bec105b4158ed9a1747fea67a43f5dee97855c64d62b6ec3742f4cfdb5feda
09/29/2021 02:00:35 - INFO - __main__ - Not creating the replay-stream for evaluation.
09/29/2021 02:00:36 - INFO - __main__ - Loading checkpoint from out/mrqa_naturalquestions_bart-base_0617v4/best-model.pt for facebook/bart-base .....
09/29/2021 02:00:36 - INFO - transformers.configuration_utils - loading configuration file https://s3.amazonaws.com/models.huggingface.co/bert/facebook/bart-base/config.json from cache at /private/home/yuchenlin/.cache/torch/transformers/09f4fcaeaf785dd3b97b085d6e3510c7081f586ec8e75981683c6299c0f81d9d.e8d516ad807436d395effad8c2326786872659b7dd1210827ac67c761198a0eb
09/29/2021 02:00:36 - INFO - transformers.configuration_utils - Model config BartConfig {
  "activation_dropout": 0.1,
  "activation_function": "gelu",
  "add_bias_logits": false,
  "add_final_layer_norm": false,
  "architectures": [
    "BartModel",
    "BartForConditionalGeneration",
    "BartForSequenceClassification"
  ],
  "attention_dropout": 0.1,
  "bos_token_id": 0,
  "classif_dropout": 0.0,
  "d_model": 768,
  "decoder_attention_heads": 12,
  "decoder_ffn_dim": 3072,
  "decoder_layerdrop": 0.0,
  "decoder_layers": 6,
  "decoder_start_token_id": 2,
  "dropout": 0.1,
  "early_stopping": true,
  "encoder_attention_heads": 12,
  "encoder_ffn_dim": 3072,
  "encoder_layerdrop": 0.0,
  "encoder_layers": 6,
  "eos_token_id": 2,
  "id2label": {
    "0": "LABEL_0",
    "1": "LABEL_1",
    "2": "LABEL_2"
  },
  "init_std": 0.02,
  "is_encoder_decoder": true,
  "label2id": {
    "LABEL_0": 0,
    "LABEL_1": 1,
    "LABEL_2": 2
  },
  "max_position_embeddings": 1024,
  "model_type": "bart",
  "no_repeat_ngram_size": 3,
  "normalize_before": false,
  "normalize_embedding": true,
  "num_beams": 4,
  "num_hidden_layers": 6,
  "pad_token_id": 1,
  "scale_embedding": false,
  "static_position_embeddings": false,
  "task_specific_params": {
    "summarization": {
      "length_penalty": 1.0,
      "max_length": 128,
      "min_length": 12,
      "num_beams": 4
    },
    "summarization_cnn": {
      "length_penalty": 2.0,
      "max_length": 142,
      "min_length": 56,
      "num_beams": 4
    },
    "summarization_xsum": {
      "length_penalty": 1.0,
      "max_length": 62,
      "min_length": 11,
      "num_beams": 6
    }
  },
  "vocab_size": 50265
}

09/29/2021 02:00:36 - INFO - transformers.modeling_utils - loading weights file https://cdn.huggingface.co/facebook/bart-base/pytorch_model.bin from cache at /private/home/yuchenlin/.cache/torch/transformers/566c05fb6983817e8ad7a4fa51e3099fe9caa3b31730f964bc5198d71c677523.0a3d95c18c1e434448941bc25accea7b122882be6526fb67c8e8fb6d5ebc711c
09/29/2021 02:00:39 - INFO - __main__ - Loading checkpoint from out/mrqa_naturalquestions_bart-base_0617v4/best-model.pt for facebook/bart-base ..... Done!
09/29/2021 02:00:41 - INFO - __main__ - Moving to the GPUs.
09/29/2021 02:00:41 - INFO - __main__ - Debugger Setup ......
09/29/2021 02:00:41 - INFO - __main__ - debugger_args: Namespace(adam_epsilon=1e-08, gradient_accumulation_steps=1, inference_query_size=1, init_memory_cache_path='exp_results/data_streams/init_memory.pkl', learning_rate=3e-05, local_adapt_lr=1e-05, max_grad_norm=0.1, memory_key_encoder='facebook/bart-base', memory_path='exp_results/dynamic_stream/index_based/ckpt_dir/0929_MixedAllErrors_T=100_index_M=U+I_rs=32_rq=3_seed=42_ckpts/memory_dict.pkl', memory_store_rate=1.0, num_adapt_epochs=0, num_epochs=5.0, overtime_ckpt_dir='exp_results/dynamic_stream/index_based/ckpt_dir/0929_MixedAllErrors_T=100_index_M=U+I_rs=32_rq=3_seed=42_ckpts/', replay_candidate_size=8, replay_frequency=3, replay_size=32, save_all_ckpts=0, total_steps=10000, use_replay_mix=True, warmup_steps=0, weight_decay=0.01) ......
09/29/2021 02:00:41 - INFO - __main__ - Debugger Setup ...... Done!
09/29/2021 02:00:42 - INFO - transformers.tokenization_utils - loading file https://s3.amazonaws.com/models.huggingface.co/bert/roberta-large-vocab.json from cache at /private/home/yuchenlin/.cache/torch/transformers/1ae1f5b6e2b22b25ccc04c000bb79ca847aa226d0761536b011cf7e5868f0655.ef00af9e673c7160b4d41cfda1f48c5f4cba57d5142754525572a846a1ab1b9b
09/29/2021 02:00:42 - INFO - transformers.tokenization_utils - loading file https://s3.amazonaws.com/models.huggingface.co/bert/roberta-large-merges.txt from cache at /private/home/yuchenlin/.cache/torch/transformers/f8f83199a6270d582d6245dc100e99c4155de81c9745c6248077018fe01abcfb.70bec105b4158ed9a1747fea67a43f5dee97855c64d62b6ec3742f4cfdb5feda
09/29/2021 02:00:42 - INFO - __main__ - Loading checkpoint from out/mrqa_naturalquestions_bart-base_0617v4/best-model.pt for facebook/bart-base .....
09/29/2021 02:00:42 - INFO - transformers.configuration_utils - loading configuration file https://s3.amazonaws.com/models.huggingface.co/bert/facebook/bart-base/config.json from cache at /private/home/yuchenlin/.cache/torch/transformers/09f4fcaeaf785dd3b97b085d6e3510c7081f586ec8e75981683c6299c0f81d9d.e8d516ad807436d395effad8c2326786872659b7dd1210827ac67c761198a0eb
09/29/2021 02:00:42 - INFO - transformers.configuration_utils - Model config BartConfig {
  "activation_dropout": 0.1,
  "activation_function": "gelu",
  "add_bias_logits": false,
  "add_final_layer_norm": false,
  "architectures": [
    "BartModel",
    "BartForConditionalGeneration",
    "BartForSequenceClassification"
  ],
  "attention_dropout": 0.1,
  "bos_token_id": 0,
  "classif_dropout": 0.0,
  "d_model": 768,
  "decoder_attention_heads": 12,
  "decoder_ffn_dim": 3072,
  "decoder_layerdrop": 0.0,
  "decoder_layers": 6,
  "decoder_start_token_id": 2,
  "dropout": 0.1,
  "early_stopping": true,
  "encoder_attention_heads": 12,
  "encoder_ffn_dim": 3072,
  "encoder_layerdrop": 0.0,
  "encoder_layers": 6,
  "eos_token_id": 2,
  "id2label": {
    "0": "LABEL_0",
    "1": "LABEL_1",
    "2": "LABEL_2"
  },
  "init_std": 0.02,
  "is_encoder_decoder": true,
  "label2id": {
    "LABEL_0": 0,
    "LABEL_1": 1,
    "LABEL_2": 2
  },
  "max_position_embeddings": 1024,
  "model_type": "bart",
  "no_repeat_ngram_size": 3,
  "normalize_before": false,
  "normalize_embedding": true,
  "num_beams": 4,
  "num_hidden_layers": 6,
  "pad_token_id": 1,
  "scale_embedding": false,
  "static_position_embeddings": false,
  "task_specific_params": {
    "summarization": {
      "length_penalty": 1.0,
      "max_length": 128,
      "min_length": 12,
      "num_beams": 4
    },
    "summarization_cnn": {
      "length_penalty": 2.0,
      "max_length": 142,
      "min_length": 56,
      "num_beams": 4
    },
    "summarization_xsum": {
      "length_penalty": 1.0,
      "max_length": 62,
      "min_length": 11,
      "num_beams": 6
    }
  },
  "vocab_size": 50265
}

09/29/2021 02:00:42 - INFO - transformers.modeling_utils - loading weights file https://cdn.huggingface.co/facebook/bart-base/pytorch_model.bin from cache at /private/home/yuchenlin/.cache/torch/transformers/566c05fb6983817e8ad7a4fa51e3099fe9caa3b31730f964bc5198d71c677523.0a3d95c18c1e434448941bc25accea7b122882be6526fb67c8e8fb6d5ebc711c
09/29/2021 02:00:45 - INFO - __main__ - Loading checkpoint from out/mrqa_naturalquestions_bart-base_0617v4/best-model.pt for facebook/bart-base ..... Done!
09/29/2021 02:00:45 - INFO - __main__ - Moving to the GPUs.
09/29/2021 02:00:46 - INFO - __main__ - Load the cache to exp_results/data_streams/init_memory.pkl
09/29/2021 02:00:46 - INFO - __main__ - Start Online Debugging with Dynamic Error Mode
09/29/2021 02:00:46 - INFO - __main__ - Number of Batches of Data: 100
09/29/2021 02:00:46 - INFO - __main__ - Data Batch Size: 32;
09/29/2021 02:00:46 - INFO - __main__ - Not doing replay-based eval.
09/29/2021 02:00:46 - INFO - __main__ - Evaluating to get errors .... Timecode: 0
09/29/2021 02:00:51 - INFO - __main__ - Before Error Fixing: 0.0
09/29/2021 02:00:51 - INFO - __main__ - Found 32 errors.
09/29/2021 02:00:51 - INFO - __main__ - Start bug-fixing (len(examples_to_train)=32) .... Timecode: 0
09/29/2021 02:01:01 - INFO - __main__ - Start bug-fixing .... Done!
09/29/2021 02:01:01 - INFO - __main__ - Evaluating again to analyze the performance .... Timecode: 0
09/29/2021 02:01:05 - INFO - __main__ - After Error Fixing: 0.84375
09/29/2021 02:01:05 - INFO - __main__ - Instant Fixing Rate: 0.84375
09/29/2021 02:01:05 - INFO - __main__ - Instant Retention Rate: 0.0
09/29/2021 02:01:05 - INFO - __main__ - Saving the current error examples (len=32) to the memory.
09/29/2021 02:01:05 - INFO - __main__ - Current memory size: 10000.
09/29/2021 02:03:29 - INFO - __main__ - Namespace(adam_epsilon=1e-08, adapter_dim=32, append_another_bos=1, base_model_path='out/mrqa_naturalquestions_bart-base_0617v4/best-model.pt', base_model_type='facebook/bart-base', bug_stream_json_path='bug_data/mrqa_naturalquestions_dev.static_bug_stream.json', cl_method_name='index_cl', current_thread_id=None, data_stream_json_path='exp_results/data_streams/mrqa.mixed.data_stream.test.json', do_lowercase=False, ewc_gamma=1, ewc_lambda=0.5, example_encoder_name='roberta-base', freeze_embeds=False, gradient_accumulation_steps=1, inference_query_size=1, init_memory_cache_path='exp_results/data_streams/init_memory.pkl', learning_rate=3e-05, local_adapt_lr=1e-05, max_grad_norm=0.1, max_input_length=888, max_output_length=50, max_timecode=100, memory_key_encoder='facebook/bart-base', memory_path='exp_results/dynamic_stream/index_based/ckpt_dir/0929_MixedAllErrors_T=100_index_M=U+I_rs=32_rq=3_seed=42_ckpts/memory_dict.pkl', memory_store_rate=1.0, mir_abalation_args='none', num_adapt_epochs=0, num_beams=4, num_threads_eval=0, num_train_epochs=5.0, overtime_ckpt_dir='exp_results/dynamic_stream/index_based/ckpt_dir/0929_MixedAllErrors_T=100_index_M=U+I_rs=32_rq=3_seed=42_ckpts/', pass_pool_jsonl_path='exp_results/data_streams/mrqa.mixed.upstream_eval.jsonl', path_to_thread_result=None, predict_batch_size=16, prefix='0929_MixedAllErrors_T=100_index_M=U+I_rs=32_rq=3_seed=42', replay_candidate_size=8, replay_frequency=3, replay_size=32, replay_stream_json_path='', result_file='exp_results/dynamic_stream/index_based/results/0929_MixedAllErrors_T=100_index_M=U+I_rs=32_rq=3_seed=42_result.json', sampled_upstream_json_path='exp_results/data_streams/mrqa.nq_train.memory.jsonl', save_all_ckpts=0, seed=42, stream_mode='dynamic', task_emb_dim=768, task_name='mrqa_naturalquestions', train_batch_size=8, use_replay_mix=True, use_sampled_upstream=True, weight_decay=0.01)
09/29/2021 02:03:29 - INFO - faiss.loader - Loading faiss with AVX2 support.
09/29/2021 02:03:29 - INFO - faiss.loader - Successfully loaded faiss with AVX2 support.
09/29/2021 02:03:30 - INFO - transformers.tokenization_utils - loading file https://s3.amazonaws.com/models.huggingface.co/bert/roberta-large-vocab.json from cache at /private/home/yuchenlin/.cache/torch/transformers/1ae1f5b6e2b22b25ccc04c000bb79ca847aa226d0761536b011cf7e5868f0655.ef00af9e673c7160b4d41cfda1f48c5f4cba57d5142754525572a846a1ab1b9b
09/29/2021 02:03:30 - INFO - transformers.tokenization_utils - loading file https://s3.amazonaws.com/models.huggingface.co/bert/roberta-large-merges.txt from cache at /private/home/yuchenlin/.cache/torch/transformers/f8f83199a6270d582d6245dc100e99c4155de81c9745c6248077018fe01abcfb.70bec105b4158ed9a1747fea67a43f5dee97855c64d62b6ec3742f4cfdb5feda
09/29/2021 02:03:44 - INFO - __main__ - Namespace(adam_epsilon=1e-08, adapter_dim=32, append_another_bos=1, base_model_path='out/mrqa_naturalquestions_bart-base_0617v4/best-model.pt', base_model_type='facebook/bart-base', bug_stream_json_path='bug_data/mrqa_naturalquestions_dev.static_bug_stream.json', cl_method_name='index_cl', current_thread_id=None, data_stream_json_path='exp_results/data_streams/mrqa.mixed.data_stream.test.json', do_lowercase=False, ewc_gamma=1, ewc_lambda=0.5, example_encoder_name='roberta-base', freeze_embeds=False, gradient_accumulation_steps=1, inference_query_size=1, init_memory_cache_path='exp_results/data_streams/init_memory.pkl', learning_rate=3e-05, local_adapt_lr=1e-05, max_grad_norm=0.1, max_input_length=888, max_output_length=50, max_timecode=100, memory_key_encoder='facebook/bart-base', memory_path='exp_results/dynamic_stream/index_based/ckpt_dir/0929_MixedAllErrors_T=100_index_M=U+I_rs=32_rq=3_seed=42_ckpts/memory_dict.pkl', memory_store_rate=1.0, mir_abalation_args='none', num_adapt_epochs=0, num_beams=4, num_threads_eval=0, num_train_epochs=5.0, overtime_ckpt_dir='exp_results/dynamic_stream/index_based/ckpt_dir/0929_MixedAllErrors_T=100_index_M=U+I_rs=32_rq=3_seed=42_ckpts/', pass_pool_jsonl_path='exp_results/data_streams/mrqa.mixed.upstream_eval.jsonl', path_to_thread_result=None, predict_batch_size=16, prefix='0929_MixedAllErrors_T=100_index_M=U+I_rs=32_rq=3_seed=42', replay_candidate_size=8, replay_frequency=3, replay_size=32, replay_stream_json_path='', result_file='exp_results/dynamic_stream/index_based/results/0929_MixedAllErrors_T=100_index_M=U+I_rs=32_rq=3_seed=42_result.json', sampled_upstream_json_path='exp_results/data_streams/mrqa.nq_train.memory.jsonl', save_all_ckpts=0, seed=42, stream_mode='dynamic', task_emb_dim=768, task_name='mrqa_naturalquestions', train_batch_size=8, use_replay_mix=True, use_sampled_upstream=True, weight_decay=0.01)
09/29/2021 02:03:44 - INFO - faiss.loader - Loading faiss with AVX2 support.
09/29/2021 02:03:44 - INFO - faiss.loader - Successfully loaded faiss with AVX2 support.
09/29/2021 02:03:45 - INFO - transformers.tokenization_utils - loading file https://s3.amazonaws.com/models.huggingface.co/bert/roberta-large-vocab.json from cache at /private/home/yuchenlin/.cache/torch/transformers/1ae1f5b6e2b22b25ccc04c000bb79ca847aa226d0761536b011cf7e5868f0655.ef00af9e673c7160b4d41cfda1f48c5f4cba57d5142754525572a846a1ab1b9b
09/29/2021 02:03:45 - INFO - transformers.tokenization_utils - loading file https://s3.amazonaws.com/models.huggingface.co/bert/roberta-large-merges.txt from cache at /private/home/yuchenlin/.cache/torch/transformers/f8f83199a6270d582d6245dc100e99c4155de81c9745c6248077018fe01abcfb.70bec105b4158ed9a1747fea67a43f5dee97855c64d62b6ec3742f4cfdb5feda
09/29/2021 02:03:52 - INFO - __main__ - Not creating the replay-stream for evaluation.
09/29/2021 02:04:04 - INFO - __main__ - Namespace(adam_epsilon=1e-08, adapter_dim=32, append_another_bos=1, base_model_path='out/mrqa_naturalquestions_bart-base_0617v4/best-model.pt', base_model_type='facebook/bart-base', bug_stream_json_path='bug_data/mrqa_naturalquestions_dev.static_bug_stream.json', cl_method_name='index_cl', current_thread_id=None, data_stream_json_path='exp_results/data_streams/mrqa.mixed.data_stream.test.json', do_lowercase=False, ewc_gamma=1, ewc_lambda=0.5, example_encoder_name='roberta-base', freeze_embeds=False, gradient_accumulation_steps=1, inference_query_size=1, init_memory_cache_path='exp_results/data_streams/init_memory.pkl', learning_rate=3e-05, local_adapt_lr=1e-05, max_grad_norm=0.1, max_input_length=888, max_output_length=50, max_timecode=100, memory_key_encoder='facebook/bart-base', memory_path='exp_results/dynamic_stream/index_based/ckpt_dir/0929_MixedAllErrors_T=100_index_M=U+I_rs=32_rq=3_seed=42_ckpts/memory_dict.pkl', memory_store_rate=1.0, mir_abalation_args='none', num_adapt_epochs=0, num_beams=4, num_threads_eval=0, num_train_epochs=5.0, overtime_ckpt_dir='exp_results/dynamic_stream/index_based/ckpt_dir/0929_MixedAllErrors_T=100_index_M=U+I_rs=32_rq=3_seed=42_ckpts/', pass_pool_jsonl_path='exp_results/data_streams/mrqa.mixed.upstream_eval.jsonl', path_to_thread_result=None, predict_batch_size=16, prefix='0929_MixedAllErrors_T=100_index_M=U+I_rs=32_rq=3_seed=42', replay_candidate_size=8, replay_frequency=3, replay_size=32, replay_stream_json_path='', result_file='exp_results/dynamic_stream/index_based/results/0929_MixedAllErrors_T=100_index_M=U+I_rs=32_rq=3_seed=42_result.json', sampled_upstream_json_path='exp_results/data_streams/mrqa.nq_train.memory.jsonl', save_all_ckpts=0, seed=42, stream_mode='dynamic', task_emb_dim=768, task_name='mrqa_naturalquestions', train_batch_size=8, use_replay_mix=True, use_sampled_upstream=True, weight_decay=0.01)
09/29/2021 02:04:04 - INFO - faiss.loader - Loading faiss with AVX2 support.
09/29/2021 02:04:04 - INFO - faiss.loader - Successfully loaded faiss with AVX2 support.
09/29/2021 02:04:05 - INFO - transformers.tokenization_utils - loading file https://s3.amazonaws.com/models.huggingface.co/bert/roberta-large-vocab.json from cache at /private/home/yuchenlin/.cache/torch/transformers/1ae1f5b6e2b22b25ccc04c000bb79ca847aa226d0761536b011cf7e5868f0655.ef00af9e673c7160b4d41cfda1f48c5f4cba57d5142754525572a846a1ab1b9b
09/29/2021 02:04:05 - INFO - transformers.tokenization_utils - loading file https://s3.amazonaws.com/models.huggingface.co/bert/roberta-large-merges.txt from cache at /private/home/yuchenlin/.cache/torch/transformers/f8f83199a6270d582d6245dc100e99c4155de81c9745c6248077018fe01abcfb.70bec105b4158ed9a1747fea67a43f5dee97855c64d62b6ec3742f4cfdb5feda
09/29/2021 02:04:12 - INFO - __main__ - Not creating the replay-stream for evaluation.
09/29/2021 02:04:13 - INFO - __main__ - Loading checkpoint from out/mrqa_naturalquestions_bart-base_0617v4/best-model.pt for facebook/bart-base .....
09/29/2021 02:04:14 - INFO - transformers.configuration_utils - loading configuration file https://s3.amazonaws.com/models.huggingface.co/bert/facebook/bart-base/config.json from cache at /private/home/yuchenlin/.cache/torch/transformers/09f4fcaeaf785dd3b97b085d6e3510c7081f586ec8e75981683c6299c0f81d9d.e8d516ad807436d395effad8c2326786872659b7dd1210827ac67c761198a0eb
09/29/2021 02:04:14 - INFO - transformers.configuration_utils - Model config BartConfig {
  "activation_dropout": 0.1,
  "activation_function": "gelu",
  "add_bias_logits": false,
  "add_final_layer_norm": false,
  "architectures": [
    "BartModel",
    "BartForConditionalGeneration",
    "BartForSequenceClassification"
  ],
  "attention_dropout": 0.1,
  "bos_token_id": 0,
  "classif_dropout": 0.0,
  "d_model": 768,
  "decoder_attention_heads": 12,
  "decoder_ffn_dim": 3072,
  "decoder_layerdrop": 0.0,
  "decoder_layers": 6,
  "decoder_start_token_id": 2,
  "dropout": 0.1,
  "early_stopping": true,
  "encoder_attention_heads": 12,
  "encoder_ffn_dim": 3072,
  "encoder_layerdrop": 0.0,
  "encoder_layers": 6,
  "eos_token_id": 2,
  "id2label": {
    "0": "LABEL_0",
    "1": "LABEL_1",
    "2": "LABEL_2"
  },
  "init_std": 0.02,
  "is_encoder_decoder": true,
  "label2id": {
    "LABEL_0": 0,
    "LABEL_1": 1,
    "LABEL_2": 2
  },
  "max_position_embeddings": 1024,
  "model_type": "bart",
  "no_repeat_ngram_size": 3,
  "normalize_before": false,
  "normalize_embedding": true,
  "num_beams": 4,
  "num_hidden_layers": 6,
  "pad_token_id": 1,
  "scale_embedding": false,
  "static_position_embeddings": false,
  "task_specific_params": {
    "summarization": {
      "length_penalty": 1.0,
      "max_length": 128,
      "min_length": 12,
      "num_beams": 4
    },
    "summarization_cnn": {
      "length_penalty": 2.0,
      "max_length": 142,
      "min_length": 56,
      "num_beams": 4
    },
    "summarization_xsum": {
      "length_penalty": 1.0,
      "max_length": 62,
      "min_length": 11,
      "num_beams": 6
    }
  },
  "vocab_size": 50265
}

09/29/2021 02:04:14 - INFO - transformers.modeling_utils - loading weights file https://cdn.huggingface.co/facebook/bart-base/pytorch_model.bin from cache at /private/home/yuchenlin/.cache/torch/transformers/566c05fb6983817e8ad7a4fa51e3099fe9caa3b31730f964bc5198d71c677523.0a3d95c18c1e434448941bc25accea7b122882be6526fb67c8e8fb6d5ebc711c
09/29/2021 02:04:17 - INFO - __main__ - Loading checkpoint from out/mrqa_naturalquestions_bart-base_0617v4/best-model.pt for facebook/bart-base ..... Done!
09/29/2021 02:04:19 - INFO - __main__ - Moving to the GPUs.
09/29/2021 02:04:19 - INFO - __main__ - Debugger Setup ......
09/29/2021 02:04:19 - INFO - __main__ - debugger_args: Namespace(adam_epsilon=1e-08, gradient_accumulation_steps=1, inference_query_size=1, init_memory_cache_path='exp_results/data_streams/init_memory.pkl', learning_rate=3e-05, local_adapt_lr=1e-05, max_grad_norm=0.1, memory_key_encoder='facebook/bart-base', memory_path='exp_results/dynamic_stream/index_based/ckpt_dir/0929_MixedAllErrors_T=100_index_M=U+I_rs=32_rq=3_seed=42_ckpts/memory_dict.pkl', memory_store_rate=1.0, num_adapt_epochs=0, num_epochs=5.0, overtime_ckpt_dir='exp_results/dynamic_stream/index_based/ckpt_dir/0929_MixedAllErrors_T=100_index_M=U+I_rs=32_rq=3_seed=42_ckpts/', replay_candidate_size=8, replay_frequency=3, replay_size=32, save_all_ckpts=0, total_steps=10000, use_replay_mix=True, warmup_steps=0, weight_decay=0.01) ......
09/29/2021 02:04:19 - INFO - __main__ - Debugger Setup ...... Done!
09/29/2021 02:04:19 - INFO - transformers.tokenization_utils - loading file https://s3.amazonaws.com/models.huggingface.co/bert/roberta-large-vocab.json from cache at /private/home/yuchenlin/.cache/torch/transformers/1ae1f5b6e2b22b25ccc04c000bb79ca847aa226d0761536b011cf7e5868f0655.ef00af9e673c7160b4d41cfda1f48c5f4cba57d5142754525572a846a1ab1b9b
09/29/2021 02:04:19 - INFO - transformers.tokenization_utils - loading file https://s3.amazonaws.com/models.huggingface.co/bert/roberta-large-merges.txt from cache at /private/home/yuchenlin/.cache/torch/transformers/f8f83199a6270d582d6245dc100e99c4155de81c9745c6248077018fe01abcfb.70bec105b4158ed9a1747fea67a43f5dee97855c64d62b6ec3742f4cfdb5feda
09/29/2021 02:04:19 - INFO - __main__ - Loading checkpoint from out/mrqa_naturalquestions_bart-base_0617v4/best-model.pt for facebook/bart-base .....
09/29/2021 02:04:20 - INFO - transformers.configuration_utils - loading configuration file https://s3.amazonaws.com/models.huggingface.co/bert/facebook/bart-base/config.json from cache at /private/home/yuchenlin/.cache/torch/transformers/09f4fcaeaf785dd3b97b085d6e3510c7081f586ec8e75981683c6299c0f81d9d.e8d516ad807436d395effad8c2326786872659b7dd1210827ac67c761198a0eb
09/29/2021 02:04:20 - INFO - transformers.configuration_utils - Model config BartConfig {
  "activation_dropout": 0.1,
  "activation_function": "gelu",
  "add_bias_logits": false,
  "add_final_layer_norm": false,
  "architectures": [
    "BartModel",
    "BartForConditionalGeneration",
    "BartForSequenceClassification"
  ],
  "attention_dropout": 0.1,
  "bos_token_id": 0,
  "classif_dropout": 0.0,
  "d_model": 768,
  "decoder_attention_heads": 12,
  "decoder_ffn_dim": 3072,
  "decoder_layerdrop": 0.0,
  "decoder_layers": 6,
  "decoder_start_token_id": 2,
  "dropout": 0.1,
  "early_stopping": true,
  "encoder_attention_heads": 12,
  "encoder_ffn_dim": 3072,
  "encoder_layerdrop": 0.0,
  "encoder_layers": 6,
  "eos_token_id": 2,
  "id2label": {
    "0": "LABEL_0",
    "1": "LABEL_1",
    "2": "LABEL_2"
  },
  "init_std": 0.02,
  "is_encoder_decoder": true,
  "label2id": {
    "LABEL_0": 0,
    "LABEL_1": 1,
    "LABEL_2": 2
  },
  "max_position_embeddings": 1024,
  "model_type": "bart",
  "no_repeat_ngram_size": 3,
  "normalize_before": false,
  "normalize_embedding": true,
  "num_beams": 4,
  "num_hidden_layers": 6,
  "pad_token_id": 1,
  "scale_embedding": false,
  "static_position_embeddings": false,
  "task_specific_params": {
    "summarization": {
      "length_penalty": 1.0,
      "max_length": 128,
      "min_length": 12,
      "num_beams": 4
    },
    "summarization_cnn": {
      "length_penalty": 2.0,
      "max_length": 142,
      "min_length": 56,
      "num_beams": 4
    },
    "summarization_xsum": {
      "length_penalty": 1.0,
      "max_length": 62,
      "min_length": 11,
      "num_beams": 6
    }
  },
  "vocab_size": 50265
}

09/29/2021 02:04:20 - INFO - transformers.modeling_utils - loading weights file https://cdn.huggingface.co/facebook/bart-base/pytorch_model.bin from cache at /private/home/yuchenlin/.cache/torch/transformers/566c05fb6983817e8ad7a4fa51e3099fe9caa3b31730f964bc5198d71c677523.0a3d95c18c1e434448941bc25accea7b122882be6526fb67c8e8fb6d5ebc711c
09/29/2021 02:04:23 - INFO - __main__ - Loading checkpoint from out/mrqa_naturalquestions_bart-base_0617v4/best-model.pt for facebook/bart-base ..... Done!
09/29/2021 02:04:23 - INFO - __main__ - Moving to the GPUs.
09/29/2021 02:04:23 - INFO - __main__ - Load the cache to exp_results/data_streams/init_memory.pkl
09/29/2021 02:04:23 - INFO - __main__ - Start Online Debugging with Dynamic Error Mode
09/29/2021 02:04:23 - INFO - __main__ - Number of Batches of Data: 100
09/29/2021 02:04:23 - INFO - __main__ - Data Batch Size: 32;
09/29/2021 02:04:23 - INFO - __main__ - Not doing replay-based eval.
09/29/2021 02:04:23 - INFO - __main__ - Evaluating to get errors .... Timecode: 0
09/29/2021 02:04:29 - INFO - __main__ - Before Error Fixing: 0.0
09/29/2021 02:04:29 - INFO - __main__ - Found 32 errors.
09/29/2021 02:04:29 - INFO - __main__ - Start bug-fixing (len(examples_to_train)=32) .... Timecode: 0
09/29/2021 02:04:39 - INFO - __main__ - Start bug-fixing .... Done!
09/29/2021 02:04:39 - INFO - __main__ - Evaluating again to analyze the performance .... Timecode: 0
09/29/2021 02:04:43 - INFO - __main__ - After Error Fixing: 0.84375
09/29/2021 02:04:43 - INFO - __main__ - Instant Fixing Rate: 0.84375
09/29/2021 02:04:43 - INFO - __main__ - Instant Retention Rate: 0.0
09/29/2021 02:04:43 - INFO - __main__ - Saving the current error examples (len=32) to the memory.
09/29/2021 02:04:43 - INFO - __main__ - Current memory size: 10000.
09/29/2021 02:07:26 - INFO - __main__ - Namespace(adam_epsilon=1e-08, adapter_dim=32, append_another_bos=1, base_model_path='out/mrqa_naturalquestions_bart-base_0617v4/best-model.pt', base_model_type='facebook/bart-base', bug_stream_json_path='bug_data/mrqa_naturalquestions_dev.static_bug_stream.json', cl_method_name='index_cl', current_thread_id=None, data_stream_json_path='exp_results/data_streams/mrqa.mixed.data_stream.test.json', do_lowercase=False, ewc_gamma=1, ewc_lambda=0.5, example_encoder_name='roberta-base', freeze_embeds=False, gradient_accumulation_steps=1, inference_query_size=1, init_memory_cache_path='exp_results/data_streams/init_memory.pkl', learning_rate=3e-05, local_adapt_lr=1e-05, max_grad_norm=0.1, max_input_length=888, max_output_length=50, max_timecode=100, memory_key_encoder='facebook/bart-base', memory_path='exp_results/dynamic_stream/index_based/ckpt_dir/0929_MixedAllErrors_T=100_index_M=U+I_rs=32_rq=3_seed=42_ckpts/memory_dict.pkl', memory_store_rate=1.0, mir_abalation_args='none', num_adapt_epochs=0, num_beams=4, num_threads_eval=0, num_train_epochs=5.0, overtime_ckpt_dir='exp_results/dynamic_stream/index_based/ckpt_dir/0929_MixedAllErrors_T=100_index_M=U+I_rs=32_rq=3_seed=42_ckpts/', pass_pool_jsonl_path='exp_results/data_streams/mrqa.mixed.upstream_eval.jsonl', path_to_thread_result=None, predict_batch_size=16, prefix='0929_MixedAllErrors_T=100_index_M=U+I_rs=32_rq=3_seed=42', replay_candidate_size=8, replay_frequency=3, replay_size=32, replay_stream_json_path='', result_file='exp_results/dynamic_stream/index_based/results/0929_MixedAllErrors_T=100_index_M=U+I_rs=32_rq=3_seed=42_result.json', sampled_upstream_json_path='exp_results/data_streams/mrqa.nq_train.memory.jsonl', save_all_ckpts=0, seed=42, stream_mode='dynamic', task_emb_dim=768, task_name='mrqa_naturalquestions', train_batch_size=8, use_replay_mix=True, use_sampled_upstream=True, weight_decay=0.01)
09/29/2021 02:07:26 - INFO - faiss.loader - Loading faiss with AVX2 support.
09/29/2021 02:07:26 - INFO - faiss.loader - Successfully loaded faiss with AVX2 support.
09/29/2021 02:07:27 - INFO - transformers.tokenization_utils - loading file https://s3.amazonaws.com/models.huggingface.co/bert/roberta-large-vocab.json from cache at /private/home/yuchenlin/.cache/torch/transformers/1ae1f5b6e2b22b25ccc04c000bb79ca847aa226d0761536b011cf7e5868f0655.ef00af9e673c7160b4d41cfda1f48c5f4cba57d5142754525572a846a1ab1b9b
09/29/2021 02:07:27 - INFO - transformers.tokenization_utils - loading file https://s3.amazonaws.com/models.huggingface.co/bert/roberta-large-merges.txt from cache at /private/home/yuchenlin/.cache/torch/transformers/f8f83199a6270d582d6245dc100e99c4155de81c9745c6248077018fe01abcfb.70bec105b4158ed9a1747fea67a43f5dee97855c64d62b6ec3742f4cfdb5feda
09/29/2021 02:07:34 - INFO - __main__ - Not creating the replay-stream for evaluation.
09/29/2021 02:07:35 - INFO - __main__ - Loading checkpoint from out/mrqa_naturalquestions_bart-base_0617v4/best-model.pt for facebook/bart-base .....
09/29/2021 02:07:36 - INFO - transformers.configuration_utils - loading configuration file https://s3.amazonaws.com/models.huggingface.co/bert/facebook/bart-base/config.json from cache at /private/home/yuchenlin/.cache/torch/transformers/09f4fcaeaf785dd3b97b085d6e3510c7081f586ec8e75981683c6299c0f81d9d.e8d516ad807436d395effad8c2326786872659b7dd1210827ac67c761198a0eb
09/29/2021 02:07:36 - INFO - transformers.configuration_utils - Model config BartConfig {
  "activation_dropout": 0.1,
  "activation_function": "gelu",
  "add_bias_logits": false,
  "add_final_layer_norm": false,
  "architectures": [
    "BartModel",
    "BartForConditionalGeneration",
    "BartForSequenceClassification"
  ],
  "attention_dropout": 0.1,
  "bos_token_id": 0,
  "classif_dropout": 0.0,
  "d_model": 768,
  "decoder_attention_heads": 12,
  "decoder_ffn_dim": 3072,
  "decoder_layerdrop": 0.0,
  "decoder_layers": 6,
  "decoder_start_token_id": 2,
  "dropout": 0.1,
  "early_stopping": true,
  "encoder_attention_heads": 12,
  "encoder_ffn_dim": 3072,
  "encoder_layerdrop": 0.0,
  "encoder_layers": 6,
  "eos_token_id": 2,
  "id2label": {
    "0": "LABEL_0",
    "1": "LABEL_1",
    "2": "LABEL_2"
  },
  "init_std": 0.02,
  "is_encoder_decoder": true,
  "label2id": {
    "LABEL_0": 0,
    "LABEL_1": 1,
    "LABEL_2": 2
  },
  "max_position_embeddings": 1024,
  "model_type": "bart",
  "no_repeat_ngram_size": 3,
  "normalize_before": false,
  "normalize_embedding": true,
  "num_beams": 4,
  "num_hidden_layers": 6,
  "pad_token_id": 1,
  "scale_embedding": false,
  "static_position_embeddings": false,
  "task_specific_params": {
    "summarization": {
      "length_penalty": 1.0,
      "max_length": 128,
      "min_length": 12,
      "num_beams": 4
    },
    "summarization_cnn": {
      "length_penalty": 2.0,
      "max_length": 142,
      "min_length": 56,
      "num_beams": 4
    },
    "summarization_xsum": {
      "length_penalty": 1.0,
      "max_length": 62,
      "min_length": 11,
      "num_beams": 6
    }
  },
  "vocab_size": 50265
}

09/29/2021 02:07:36 - INFO - transformers.modeling_utils - loading weights file https://cdn.huggingface.co/facebook/bart-base/pytorch_model.bin from cache at /private/home/yuchenlin/.cache/torch/transformers/566c05fb6983817e8ad7a4fa51e3099fe9caa3b31730f964bc5198d71c677523.0a3d95c18c1e434448941bc25accea7b122882be6526fb67c8e8fb6d5ebc711c
09/29/2021 02:07:39 - INFO - __main__ - Loading checkpoint from out/mrqa_naturalquestions_bart-base_0617v4/best-model.pt for facebook/bart-base ..... Done!
09/29/2021 02:07:41 - INFO - __main__ - Moving to the GPUs.
09/29/2021 02:07:41 - INFO - __main__ - Debugger Setup ......
09/29/2021 02:07:41 - INFO - __main__ - debugger_args: Namespace(adam_epsilon=1e-08, gradient_accumulation_steps=1, inference_query_size=1, init_memory_cache_path='exp_results/data_streams/init_memory.pkl', learning_rate=3e-05, local_adapt_lr=1e-05, max_grad_norm=0.1, memory_key_encoder='facebook/bart-base', memory_path='exp_results/dynamic_stream/index_based/ckpt_dir/0929_MixedAllErrors_T=100_index_M=U+I_rs=32_rq=3_seed=42_ckpts/memory_dict.pkl', memory_store_rate=1.0, num_adapt_epochs=0, num_epochs=5.0, overtime_ckpt_dir='exp_results/dynamic_stream/index_based/ckpt_dir/0929_MixedAllErrors_T=100_index_M=U+I_rs=32_rq=3_seed=42_ckpts/', replay_candidate_size=8, replay_frequency=3, replay_size=32, save_all_ckpts=0, total_steps=10000, use_replay_mix=True, warmup_steps=0, weight_decay=0.01) ......
09/29/2021 02:07:41 - INFO - __main__ - Debugger Setup ...... Done!
09/29/2021 02:07:41 - INFO - transformers.tokenization_utils - loading file https://s3.amazonaws.com/models.huggingface.co/bert/roberta-large-vocab.json from cache at /private/home/yuchenlin/.cache/torch/transformers/1ae1f5b6e2b22b25ccc04c000bb79ca847aa226d0761536b011cf7e5868f0655.ef00af9e673c7160b4d41cfda1f48c5f4cba57d5142754525572a846a1ab1b9b
09/29/2021 02:07:41 - INFO - transformers.tokenization_utils - loading file https://s3.amazonaws.com/models.huggingface.co/bert/roberta-large-merges.txt from cache at /private/home/yuchenlin/.cache/torch/transformers/f8f83199a6270d582d6245dc100e99c4155de81c9745c6248077018fe01abcfb.70bec105b4158ed9a1747fea67a43f5dee97855c64d62b6ec3742f4cfdb5feda
09/29/2021 02:07:41 - INFO - __main__ - Loading checkpoint from out/mrqa_naturalquestions_bart-base_0617v4/best-model.pt for facebook/bart-base .....
09/29/2021 02:07:42 - INFO - transformers.configuration_utils - loading configuration file https://s3.amazonaws.com/models.huggingface.co/bert/facebook/bart-base/config.json from cache at /private/home/yuchenlin/.cache/torch/transformers/09f4fcaeaf785dd3b97b085d6e3510c7081f586ec8e75981683c6299c0f81d9d.e8d516ad807436d395effad8c2326786872659b7dd1210827ac67c761198a0eb
09/29/2021 02:07:42 - INFO - transformers.configuration_utils - Model config BartConfig {
  "activation_dropout": 0.1,
  "activation_function": "gelu",
  "add_bias_logits": false,
  "add_final_layer_norm": false,
  "architectures": [
    "BartModel",
    "BartForConditionalGeneration",
    "BartForSequenceClassification"
  ],
  "attention_dropout": 0.1,
  "bos_token_id": 0,
  "classif_dropout": 0.0,
  "d_model": 768,
  "decoder_attention_heads": 12,
  "decoder_ffn_dim": 3072,
  "decoder_layerdrop": 0.0,
  "decoder_layers": 6,
  "decoder_start_token_id": 2,
  "dropout": 0.1,
  "early_stopping": true,
  "encoder_attention_heads": 12,
  "encoder_ffn_dim": 3072,
  "encoder_layerdrop": 0.0,
  "encoder_layers": 6,
  "eos_token_id": 2,
  "id2label": {
    "0": "LABEL_0",
    "1": "LABEL_1",
    "2": "LABEL_2"
  },
  "init_std": 0.02,
  "is_encoder_decoder": true,
  "label2id": {
    "LABEL_0": 0,
    "LABEL_1": 1,
    "LABEL_2": 2
  },
  "max_position_embeddings": 1024,
  "model_type": "bart",
  "no_repeat_ngram_size": 3,
  "normalize_before": false,
  "normalize_embedding": true,
  "num_beams": 4,
  "num_hidden_layers": 6,
  "pad_token_id": 1,
  "scale_embedding": false,
  "static_position_embeddings": false,
  "task_specific_params": {
    "summarization": {
      "length_penalty": 1.0,
      "max_length": 128,
      "min_length": 12,
      "num_beams": 4
    },
    "summarization_cnn": {
      "length_penalty": 2.0,
      "max_length": 142,
      "min_length": 56,
      "num_beams": 4
    },
    "summarization_xsum": {
      "length_penalty": 1.0,
      "max_length": 62,
      "min_length": 11,
      "num_beams": 6
    }
  },
  "vocab_size": 50265
}

09/29/2021 02:07:42 - INFO - transformers.modeling_utils - loading weights file https://cdn.huggingface.co/facebook/bart-base/pytorch_model.bin from cache at /private/home/yuchenlin/.cache/torch/transformers/566c05fb6983817e8ad7a4fa51e3099fe9caa3b31730f964bc5198d71c677523.0a3d95c18c1e434448941bc25accea7b122882be6526fb67c8e8fb6d5ebc711c
09/29/2021 02:07:45 - INFO - __main__ - Loading checkpoint from out/mrqa_naturalquestions_bart-base_0617v4/best-model.pt for facebook/bart-base ..... Done!
09/29/2021 02:07:45 - INFO - __main__ - Moving to the GPUs.
09/29/2021 02:07:45 - INFO - __main__ - Load the cache to exp_results/data_streams/init_memory.pkl
09/29/2021 02:07:45 - INFO - __main__ - Start Online Debugging with Dynamic Error Mode
09/29/2021 02:07:45 - INFO - __main__ - Number of Batches of Data: 100
09/29/2021 02:07:45 - INFO - __main__ - Data Batch Size: 32;
09/29/2021 02:07:45 - INFO - __main__ - Not doing replay-based eval.
09/29/2021 02:07:45 - INFO - __main__ - Evaluating to get errors .... Timecode: 0
09/29/2021 02:07:51 - INFO - __main__ - Before Error Fixing: 0.0
09/29/2021 02:07:51 - INFO - __main__ - Found 32 errors.
09/29/2021 02:07:51 - INFO - __main__ - Start bug-fixing (len(examples_to_train)=32) .... Timecode: 0
09/29/2021 02:08:01 - INFO - __main__ - Start bug-fixing .... Done!
09/29/2021 02:08:01 - INFO - __main__ - Evaluating again to analyze the performance .... Timecode: 0
09/29/2021 02:08:05 - INFO - __main__ - After Error Fixing: 0.84375
09/29/2021 02:08:05 - INFO - __main__ - Instant Fixing Rate: 0.84375
09/29/2021 02:08:05 - INFO - __main__ - Instant Retention Rate: 0.0
09/29/2021 02:08:05 - INFO - __main__ - Saving the current error examples (len=32) to the memory.
09/29/2021 02:08:05 - INFO - __main__ - Current memory size: 10000.
09/29/2021 02:08:06 - INFO - __main__ - Finished.
09/29/2021 02:08:06 - INFO - __main__ - --------------------------------------------------
09/29/2021 02:08:06 - INFO - __main__ - Not doing replay-based eval.
09/29/2021 02:08:06 - INFO - __main__ - Evaluating to get errors .... Timecode: 1
09/29/2021 02:08:10 - INFO - __main__ - Before Error Fixing: 0.15625
09/29/2021 02:08:10 - INFO - __main__ - Found 27 errors.
09/29/2021 02:08:10 - INFO - __main__ - Start bug-fixing (len(examples_to_train)=27) .... Timecode: 1
09/29/2021 02:08:19 - INFO - __main__ - Start bug-fixing .... Done!
09/29/2021 02:08:19 - INFO - __main__ - Evaluating again to analyze the performance .... Timecode: 1
09/29/2021 02:08:24 - INFO - __main__ - After Error Fixing: 0.75
09/29/2021 02:08:24 - INFO - __main__ - Instant Fixing Rate: 0.8148148148148148
09/29/2021 02:08:24 - INFO - __main__ - Instant Retention Rate: 0.3999999992
09/29/2021 02:08:24 - INFO - __main__ - Saving the current error examples (len=27) to the memory.
09/29/2021 02:08:24 - INFO - __main__ - Current memory size: 10032.
09/29/2021 02:08:25 - INFO - __main__ - Finished.
09/29/2021 02:08:25 - INFO - __main__ - --------------------------------------------------
09/29/2021 02:08:25 - INFO - __main__ - Not doing replay-based eval.
09/29/2021 02:08:25 - INFO - __main__ - Evaluating to get errors .... Timecode: 2
09/29/2021 02:08:29 - INFO - __main__ - Before Error Fixing: 0.09375
09/29/2021 02:08:29 - INFO - __main__ - Found 29 errors.
09/29/2021 02:08:29 - INFO - __main__ - Start bug-fixing (len(examples_to_train)=29) .... Timecode: 2
09/29/2021 02:08:38 - INFO - __main__ - Start bug-fixing .... Done!
09/29/2021 02:08:38 - INFO - __main__ - Evaluating again to analyze the performance .... Timecode: 2
09/29/2021 02:08:42 - INFO - __main__ - After Error Fixing: 0.875
09/29/2021 02:08:42 - INFO - __main__ - Instant Fixing Rate: 0.9310344827586207
09/29/2021 02:08:42 - INFO - __main__ - Instant Retention Rate: 0.3333333322222222
09/29/2021 02:08:42 - INFO - __main__ - Saving the current error examples (len=29) to the memory.
09/29/2021 02:08:42 - INFO - __main__ - Current memory size: 10059.
09/29/2021 02:08:43 - INFO - __main__ - Finished.
09/29/2021 02:08:43 - INFO - __main__ - --------------------------------------------------
09/29/2021 02:08:43 - INFO - __main__ - Not doing replay-based eval.
09/29/2021 02:08:43 - INFO - __main__ - Evaluating to get errors .... Timecode: 3
09/29/2021 02:08:47 - INFO - __main__ - Before Error Fixing: 0.0625
09/29/2021 02:08:47 - INFO - __main__ - Found 30 errors.
09/29/2021 02:08:47 - INFO - __main__ - Triggering Sampling from Memory and starting to replay.
09/29/2021 02:08:47 - INFO - __main__ - Current memory size: 10088.
09/29/2021 02:09:19 - INFO - __main__ - Namespace(adam_epsilon=1e-08, adapter_dim=32, append_another_bos=1, base_model_path='out/mrqa_naturalquestions_bart-base_0617v4/best-model.pt', base_model_type='facebook/bart-base', bug_stream_json_path='bug_data/mrqa_naturalquestions_dev.static_bug_stream.json', cl_method_name='index_cl', current_thread_id=None, data_stream_json_path='exp_results/data_streams/mrqa.mixed.data_stream.test.json', do_lowercase=False, ewc_gamma=1, ewc_lambda=0.5, example_encoder_name='roberta-base', freeze_embeds=False, gradient_accumulation_steps=1, inference_query_size=1, init_memory_cache_path='exp_results/data_streams/init_memory.pkl', learning_rate=3e-05, local_adapt_lr=1e-05, max_grad_norm=0.1, max_input_length=888, max_output_length=50, max_timecode=100, memory_key_encoder='facebook/bart-base', memory_path='exp_results/dynamic_stream/index_based/ckpt_dir/0929_MixedAllErrors_T=100_index_M=U+I_rs=32_rq=3_seed=42_ckpts/memory_dict.pkl', memory_store_rate=1.0, mir_abalation_args='none', num_adapt_epochs=0, num_beams=4, num_threads_eval=0, num_train_epochs=5.0, overtime_ckpt_dir='exp_results/dynamic_stream/index_based/ckpt_dir/0929_MixedAllErrors_T=100_index_M=U+I_rs=32_rq=3_seed=42_ckpts/', pass_pool_jsonl_path='exp_results/data_streams/mrqa.mixed.upstream_eval.jsonl', path_to_thread_result=None, predict_batch_size=16, prefix='0929_MixedAllErrors_T=100_index_M=U+I_rs=32_rq=3_seed=42', replay_candidate_size=8, replay_frequency=3, replay_size=32, replay_stream_json_path='', result_file='exp_results/dynamic_stream/index_based/results/0929_MixedAllErrors_T=100_index_M=U+I_rs=32_rq=3_seed=42_result.json', sampled_upstream_json_path='exp_results/data_streams/mrqa.nq_train.memory.jsonl', save_all_ckpts=0, seed=42, stream_mode='dynamic', task_emb_dim=768, task_name='mrqa_naturalquestions', train_batch_size=8, use_replay_mix=True, use_sampled_upstream=True, weight_decay=0.01)
09/29/2021 02:09:19 - INFO - faiss.loader - Loading faiss with AVX2 support.
09/29/2021 02:09:19 - INFO - faiss.loader - Successfully loaded faiss with AVX2 support.
09/29/2021 02:09:20 - INFO - transformers.tokenization_utils - loading file https://s3.amazonaws.com/models.huggingface.co/bert/roberta-large-vocab.json from cache at /private/home/yuchenlin/.cache/torch/transformers/1ae1f5b6e2b22b25ccc04c000bb79ca847aa226d0761536b011cf7e5868f0655.ef00af9e673c7160b4d41cfda1f48c5f4cba57d5142754525572a846a1ab1b9b
09/29/2021 02:09:20 - INFO - transformers.tokenization_utils - loading file https://s3.amazonaws.com/models.huggingface.co/bert/roberta-large-merges.txt from cache at /private/home/yuchenlin/.cache/torch/transformers/f8f83199a6270d582d6245dc100e99c4155de81c9745c6248077018fe01abcfb.70bec105b4158ed9a1747fea67a43f5dee97855c64d62b6ec3742f4cfdb5feda
09/29/2021 02:09:27 - INFO - __main__ - Not creating the replay-stream for evaluation.
09/29/2021 02:09:28 - INFO - __main__ - Loading checkpoint from out/mrqa_naturalquestions_bart-base_0617v4/best-model.pt for facebook/bart-base .....
09/29/2021 02:09:29 - INFO - transformers.configuration_utils - loading configuration file https://s3.amazonaws.com/models.huggingface.co/bert/facebook/bart-base/config.json from cache at /private/home/yuchenlin/.cache/torch/transformers/09f4fcaeaf785dd3b97b085d6e3510c7081f586ec8e75981683c6299c0f81d9d.e8d516ad807436d395effad8c2326786872659b7dd1210827ac67c761198a0eb
09/29/2021 02:09:29 - INFO - transformers.configuration_utils - Model config BartConfig {
  "activation_dropout": 0.1,
  "activation_function": "gelu",
  "add_bias_logits": false,
  "add_final_layer_norm": false,
  "architectures": [
    "BartModel",
    "BartForConditionalGeneration",
    "BartForSequenceClassification"
  ],
  "attention_dropout": 0.1,
  "bos_token_id": 0,
  "classif_dropout": 0.0,
  "d_model": 768,
  "decoder_attention_heads": 12,
  "decoder_ffn_dim": 3072,
  "decoder_layerdrop": 0.0,
  "decoder_layers": 6,
  "decoder_start_token_id": 2,
  "dropout": 0.1,
  "early_stopping": true,
  "encoder_attention_heads": 12,
  "encoder_ffn_dim": 3072,
  "encoder_layerdrop": 0.0,
  "encoder_layers": 6,
  "eos_token_id": 2,
  "id2label": {
    "0": "LABEL_0",
    "1": "LABEL_1",
    "2": "LABEL_2"
  },
  "init_std": 0.02,
  "is_encoder_decoder": true,
  "label2id": {
    "LABEL_0": 0,
    "LABEL_1": 1,
    "LABEL_2": 2
  },
  "max_position_embeddings": 1024,
  "model_type": "bart",
  "no_repeat_ngram_size": 3,
  "normalize_before": false,
  "normalize_embedding": true,
  "num_beams": 4,
  "num_hidden_layers": 6,
  "pad_token_id": 1,
  "scale_embedding": false,
  "static_position_embeddings": false,
  "task_specific_params": {
    "summarization": {
      "length_penalty": 1.0,
      "max_length": 128,
      "min_length": 12,
      "num_beams": 4
    },
    "summarization_cnn": {
      "length_penalty": 2.0,
      "max_length": 142,
      "min_length": 56,
      "num_beams": 4
    },
    "summarization_xsum": {
      "length_penalty": 1.0,
      "max_length": 62,
      "min_length": 11,
      "num_beams": 6
    }
  },
  "vocab_size": 50265
}

09/29/2021 02:09:29 - INFO - transformers.modeling_utils - loading weights file https://cdn.huggingface.co/facebook/bart-base/pytorch_model.bin from cache at /private/home/yuchenlin/.cache/torch/transformers/566c05fb6983817e8ad7a4fa51e3099fe9caa3b31730f964bc5198d71c677523.0a3d95c18c1e434448941bc25accea7b122882be6526fb67c8e8fb6d5ebc711c
09/29/2021 02:09:32 - INFO - __main__ - Loading checkpoint from out/mrqa_naturalquestions_bart-base_0617v4/best-model.pt for facebook/bart-base ..... Done!
09/29/2021 02:09:34 - INFO - __main__ - Moving to the GPUs.
09/29/2021 02:09:34 - INFO - __main__ - Debugger Setup ......
09/29/2021 02:09:34 - INFO - __main__ - debugger_args: Namespace(adam_epsilon=1e-08, gradient_accumulation_steps=1, inference_query_size=1, init_memory_cache_path='exp_results/data_streams/init_memory.pkl', learning_rate=3e-05, local_adapt_lr=1e-05, max_grad_norm=0.1, memory_key_encoder='facebook/bart-base', memory_path='exp_results/dynamic_stream/index_based/ckpt_dir/0929_MixedAllErrors_T=100_index_M=U+I_rs=32_rq=3_seed=42_ckpts/memory_dict.pkl', memory_store_rate=1.0, num_adapt_epochs=0, num_epochs=5.0, overtime_ckpt_dir='exp_results/dynamic_stream/index_based/ckpt_dir/0929_MixedAllErrors_T=100_index_M=U+I_rs=32_rq=3_seed=42_ckpts/', replay_candidate_size=8, replay_frequency=3, replay_size=32, save_all_ckpts=0, total_steps=10000, use_replay_mix=True, warmup_steps=0, weight_decay=0.01) ......
09/29/2021 02:09:34 - INFO - __main__ - Debugger Setup ...... Done!
09/29/2021 02:09:34 - INFO - transformers.tokenization_utils - loading file https://s3.amazonaws.com/models.huggingface.co/bert/roberta-large-vocab.json from cache at /private/home/yuchenlin/.cache/torch/transformers/1ae1f5b6e2b22b25ccc04c000bb79ca847aa226d0761536b011cf7e5868f0655.ef00af9e673c7160b4d41cfda1f48c5f4cba57d5142754525572a846a1ab1b9b
09/29/2021 02:09:34 - INFO - transformers.tokenization_utils - loading file https://s3.amazonaws.com/models.huggingface.co/bert/roberta-large-merges.txt from cache at /private/home/yuchenlin/.cache/torch/transformers/f8f83199a6270d582d6245dc100e99c4155de81c9745c6248077018fe01abcfb.70bec105b4158ed9a1747fea67a43f5dee97855c64d62b6ec3742f4cfdb5feda
09/29/2021 02:09:34 - INFO - __main__ - Loading checkpoint from out/mrqa_naturalquestions_bart-base_0617v4/best-model.pt for facebook/bart-base .....
09/29/2021 02:09:35 - INFO - transformers.configuration_utils - loading configuration file https://s3.amazonaws.com/models.huggingface.co/bert/facebook/bart-base/config.json from cache at /private/home/yuchenlin/.cache/torch/transformers/09f4fcaeaf785dd3b97b085d6e3510c7081f586ec8e75981683c6299c0f81d9d.e8d516ad807436d395effad8c2326786872659b7dd1210827ac67c761198a0eb
09/29/2021 02:09:35 - INFO - transformers.configuration_utils - Model config BartConfig {
  "activation_dropout": 0.1,
  "activation_function": "gelu",
  "add_bias_logits": false,
  "add_final_layer_norm": false,
  "architectures": [
    "BartModel",
    "BartForConditionalGeneration",
    "BartForSequenceClassification"
  ],
  "attention_dropout": 0.1,
  "bos_token_id": 0,
  "classif_dropout": 0.0,
  "d_model": 768,
  "decoder_attention_heads": 12,
  "decoder_ffn_dim": 3072,
  "decoder_layerdrop": 0.0,
  "decoder_layers": 6,
  "decoder_start_token_id": 2,
  "dropout": 0.1,
  "early_stopping": true,
  "encoder_attention_heads": 12,
  "encoder_ffn_dim": 3072,
  "encoder_layerdrop": 0.0,
  "encoder_layers": 6,
  "eos_token_id": 2,
  "id2label": {
    "0": "LABEL_0",
    "1": "LABEL_1",
    "2": "LABEL_2"
  },
  "init_std": 0.02,
  "is_encoder_decoder": true,
  "label2id": {
    "LABEL_0": 0,
    "LABEL_1": 1,
    "LABEL_2": 2
  },
  "max_position_embeddings": 1024,
  "model_type": "bart",
  "no_repeat_ngram_size": 3,
  "normalize_before": false,
  "normalize_embedding": true,
  "num_beams": 4,
  "num_hidden_layers": 6,
  "pad_token_id": 1,
  "scale_embedding": false,
  "static_position_embeddings": false,
  "task_specific_params": {
    "summarization": {
      "length_penalty": 1.0,
      "max_length": 128,
      "min_length": 12,
      "num_beams": 4
    },
    "summarization_cnn": {
      "length_penalty": 2.0,
      "max_length": 142,
      "min_length": 56,
      "num_beams": 4
    },
    "summarization_xsum": {
      "length_penalty": 1.0,
      "max_length": 62,
      "min_length": 11,
      "num_beams": 6
    }
  },
  "vocab_size": 50265
}

09/29/2021 02:09:35 - INFO - transformers.modeling_utils - loading weights file https://cdn.huggingface.co/facebook/bart-base/pytorch_model.bin from cache at /private/home/yuchenlin/.cache/torch/transformers/566c05fb6983817e8ad7a4fa51e3099fe9caa3b31730f964bc5198d71c677523.0a3d95c18c1e434448941bc25accea7b122882be6526fb67c8e8fb6d5ebc711c
09/29/2021 02:09:38 - INFO - __main__ - Loading checkpoint from out/mrqa_naturalquestions_bart-base_0617v4/best-model.pt for facebook/bart-base ..... Done!
09/29/2021 02:09:38 - INFO - __main__ - Moving to the GPUs.
09/29/2021 02:09:38 - INFO - __main__ - Load the cache to exp_results/data_streams/init_memory.pkl
09/29/2021 02:09:38 - INFO - __main__ - Start Online Debugging with Dynamic Error Mode
09/29/2021 02:09:38 - INFO - __main__ - Number of Batches of Data: 100
09/29/2021 02:09:38 - INFO - __main__ - Data Batch Size: 32;
09/29/2021 02:09:38 - INFO - __main__ - Not doing replay-based eval.
09/29/2021 02:09:38 - INFO - __main__ - Evaluating to get errors .... Timecode: 0
09/29/2021 02:09:43 - INFO - __main__ - Before Error Fixing: 0.0
09/29/2021 02:09:43 - INFO - __main__ - Found 32 errors.
09/29/2021 02:09:43 - INFO - __main__ - Start bug-fixing (len(examples_to_train)=32) .... Timecode: 0
09/29/2021 02:09:54 - INFO - __main__ - Start bug-fixing .... Done!
09/29/2021 02:09:54 - INFO - __main__ - Evaluating again to analyze the performance .... Timecode: 0
09/29/2021 02:09:58 - INFO - __main__ - After Error Fixing: 0.84375
09/29/2021 02:09:58 - INFO - __main__ - Instant Fixing Rate: 0.84375
09/29/2021 02:09:58 - INFO - __main__ - Instant Retention Rate: 0.0
09/29/2021 02:09:58 - INFO - __main__ - Saving the current error examples (len=32) to the memory.
09/29/2021 02:09:58 - INFO - __main__ - Current memory size: 10000.
09/29/2021 02:09:59 - INFO - __main__ - Finished.
09/29/2021 02:09:59 - INFO - __main__ - --------------------------------------------------
09/29/2021 02:09:59 - INFO - __main__ - Not doing replay-based eval.
09/29/2021 02:09:59 - INFO - __main__ - Evaluating to get errors .... Timecode: 1
09/29/2021 02:10:03 - INFO - __main__ - Before Error Fixing: 0.15625
09/29/2021 02:10:03 - INFO - __main__ - Found 27 errors.
09/29/2021 02:10:03 - INFO - __main__ - Start bug-fixing (len(examples_to_train)=27) .... Timecode: 1
09/29/2021 02:10:12 - INFO - __main__ - Start bug-fixing .... Done!
09/29/2021 02:10:12 - INFO - __main__ - Evaluating again to analyze the performance .... Timecode: 1
09/29/2021 02:10:17 - INFO - __main__ - After Error Fixing: 0.75
09/29/2021 02:10:17 - INFO - __main__ - Instant Fixing Rate: 0.8148148148148148
09/29/2021 02:10:17 - INFO - __main__ - Instant Retention Rate: 0.3999999992
09/29/2021 02:10:17 - INFO - __main__ - Saving the current error examples (len=27) to the memory.
09/29/2021 02:10:17 - INFO - __main__ - Current memory size: 10032.
09/29/2021 02:10:18 - INFO - __main__ - Finished.
09/29/2021 02:10:18 - INFO - __main__ - --------------------------------------------------
09/29/2021 02:10:18 - INFO - __main__ - Not doing replay-based eval.
09/29/2021 02:10:18 - INFO - __main__ - Evaluating to get errors .... Timecode: 2
09/29/2021 02:10:22 - INFO - __main__ - Before Error Fixing: 0.09375
09/29/2021 02:10:22 - INFO - __main__ - Found 29 errors.
09/29/2021 02:10:22 - INFO - __main__ - Start bug-fixing (len(examples_to_train)=29) .... Timecode: 2
09/29/2021 02:10:30 - INFO - __main__ - Start bug-fixing .... Done!
09/29/2021 02:10:30 - INFO - __main__ - Evaluating again to analyze the performance .... Timecode: 2
09/29/2021 02:10:35 - INFO - __main__ - After Error Fixing: 0.875
09/29/2021 02:10:35 - INFO - __main__ - Instant Fixing Rate: 0.9310344827586207
09/29/2021 02:10:35 - INFO - __main__ - Instant Retention Rate: 0.3333333322222222
09/29/2021 02:10:35 - INFO - __main__ - Saving the current error examples (len=29) to the memory.
09/29/2021 02:10:35 - INFO - __main__ - Current memory size: 10059.
09/29/2021 02:10:35 - INFO - __main__ - Finished.
09/29/2021 02:10:35 - INFO - __main__ - --------------------------------------------------
09/29/2021 02:10:35 - INFO - __main__ - Not doing replay-based eval.
09/29/2021 02:10:35 - INFO - __main__ - Evaluating to get errors .... Timecode: 3
09/29/2021 02:10:40 - INFO - __main__ - Before Error Fixing: 0.0625
09/29/2021 02:10:40 - INFO - __main__ - Found 30 errors.
09/29/2021 02:10:40 - INFO - __main__ - Triggering Sampling from Memory and starting to replay.
09/29/2021 02:10:40 - INFO - __main__ - Current memory size: 10088.
09/29/2021 02:11:10 - INFO - __main__ - Namespace(adam_epsilon=1e-08, adapter_dim=32, append_another_bos=1, base_model_path='out/mrqa_naturalquestions_bart-base_0617v4/best-model.pt', base_model_type='facebook/bart-base', bug_stream_json_path='bug_data/mrqa_naturalquestions_dev.static_bug_stream.json', cl_method_name='index_cl', current_thread_id=None, data_stream_json_path='exp_results/data_streams/mrqa.mixed.data_stream.test.json', do_lowercase=False, ewc_gamma=1, ewc_lambda=0.5, example_encoder_name='roberta-base', freeze_embeds=False, gradient_accumulation_steps=1, inference_query_size=1, init_memory_cache_path='exp_results/data_streams/init_memory.pkl', learning_rate=3e-05, local_adapt_lr=1e-05, max_grad_norm=0.1, max_input_length=888, max_output_length=50, max_timecode=100, memory_key_encoder='facebook/bart-base', memory_path='exp_results/dynamic_stream/index_based/ckpt_dir/0929_MixedAllErrors_T=100_index_M=U+I_rs=32_rq=3_seed=42_ckpts/memory_dict.pkl', memory_store_rate=1.0, mir_abalation_args='none', num_adapt_epochs=0, num_beams=4, num_threads_eval=0, num_train_epochs=5.0, overtime_ckpt_dir='exp_results/dynamic_stream/index_based/ckpt_dir/0929_MixedAllErrors_T=100_index_M=U+I_rs=32_rq=3_seed=42_ckpts/', pass_pool_jsonl_path='exp_results/data_streams/mrqa.mixed.upstream_eval.jsonl', path_to_thread_result=None, predict_batch_size=16, prefix='0929_MixedAllErrors_T=100_index_M=U+I_rs=32_rq=3_seed=42', replay_candidate_size=8, replay_frequency=1, replay_size=32, replay_stream_json_path='', result_file='exp_results/dynamic_stream/index_based/results/0929_MixedAllErrors_T=100_index_M=U+I_rs=32_rq=3_seed=42_result.json', sampled_upstream_json_path='exp_results/data_streams/mrqa.nq_train.memory.jsonl', save_all_ckpts=0, seed=42, stream_mode='dynamic', task_emb_dim=768, task_name='mrqa_naturalquestions', train_batch_size=8, use_replay_mix=True, use_sampled_upstream=True, weight_decay=0.01)
09/29/2021 02:11:10 - INFO - faiss.loader - Loading faiss with AVX2 support.
09/29/2021 02:11:10 - INFO - faiss.loader - Successfully loaded faiss with AVX2 support.
09/29/2021 02:11:10 - INFO - transformers.tokenization_utils - loading file https://s3.amazonaws.com/models.huggingface.co/bert/roberta-large-vocab.json from cache at /private/home/yuchenlin/.cache/torch/transformers/1ae1f5b6e2b22b25ccc04c000bb79ca847aa226d0761536b011cf7e5868f0655.ef00af9e673c7160b4d41cfda1f48c5f4cba57d5142754525572a846a1ab1b9b
09/29/2021 02:11:10 - INFO - transformers.tokenization_utils - loading file https://s3.amazonaws.com/models.huggingface.co/bert/roberta-large-merges.txt from cache at /private/home/yuchenlin/.cache/torch/transformers/f8f83199a6270d582d6245dc100e99c4155de81c9745c6248077018fe01abcfb.70bec105b4158ed9a1747fea67a43f5dee97855c64d62b6ec3742f4cfdb5feda
09/29/2021 02:11:18 - INFO - __main__ - Not creating the replay-stream for evaluation.
09/29/2021 02:11:19 - INFO - __main__ - Loading checkpoint from out/mrqa_naturalquestions_bart-base_0617v4/best-model.pt for facebook/bart-base .....
09/29/2021 02:11:19 - INFO - transformers.configuration_utils - loading configuration file https://s3.amazonaws.com/models.huggingface.co/bert/facebook/bart-base/config.json from cache at /private/home/yuchenlin/.cache/torch/transformers/09f4fcaeaf785dd3b97b085d6e3510c7081f586ec8e75981683c6299c0f81d9d.e8d516ad807436d395effad8c2326786872659b7dd1210827ac67c761198a0eb
09/29/2021 02:11:19 - INFO - transformers.configuration_utils - Model config BartConfig {
  "activation_dropout": 0.1,
  "activation_function": "gelu",
  "add_bias_logits": false,
  "add_final_layer_norm": false,
  "architectures": [
    "BartModel",
    "BartForConditionalGeneration",
    "BartForSequenceClassification"
  ],
  "attention_dropout": 0.1,
  "bos_token_id": 0,
  "classif_dropout": 0.0,
  "d_model": 768,
  "decoder_attention_heads": 12,
  "decoder_ffn_dim": 3072,
  "decoder_layerdrop": 0.0,
  "decoder_layers": 6,
  "decoder_start_token_id": 2,
  "dropout": 0.1,
  "early_stopping": true,
  "encoder_attention_heads": 12,
  "encoder_ffn_dim": 3072,
  "encoder_layerdrop": 0.0,
  "encoder_layers": 6,
  "eos_token_id": 2,
  "id2label": {
    "0": "LABEL_0",
    "1": "LABEL_1",
    "2": "LABEL_2"
  },
  "init_std": 0.02,
  "is_encoder_decoder": true,
  "label2id": {
    "LABEL_0": 0,
    "LABEL_1": 1,
    "LABEL_2": 2
  },
  "max_position_embeddings": 1024,
  "model_type": "bart",
  "no_repeat_ngram_size": 3,
  "normalize_before": false,
  "normalize_embedding": true,
  "num_beams": 4,
  "num_hidden_layers": 6,
  "pad_token_id": 1,
  "scale_embedding": false,
  "static_position_embeddings": false,
  "task_specific_params": {
    "summarization": {
      "length_penalty": 1.0,
      "max_length": 128,
      "min_length": 12,
      "num_beams": 4
    },
    "summarization_cnn": {
      "length_penalty": 2.0,
      "max_length": 142,
      "min_length": 56,
      "num_beams": 4
    },
    "summarization_xsum": {
      "length_penalty": 1.0,
      "max_length": 62,
      "min_length": 11,
      "num_beams": 6
    }
  },
  "vocab_size": 50265
}

09/29/2021 02:11:19 - INFO - transformers.modeling_utils - loading weights file https://cdn.huggingface.co/facebook/bart-base/pytorch_model.bin from cache at /private/home/yuchenlin/.cache/torch/transformers/566c05fb6983817e8ad7a4fa51e3099fe9caa3b31730f964bc5198d71c677523.0a3d95c18c1e434448941bc25accea7b122882be6526fb67c8e8fb6d5ebc711c
09/29/2021 02:11:22 - INFO - __main__ - Loading checkpoint from out/mrqa_naturalquestions_bart-base_0617v4/best-model.pt for facebook/bart-base ..... Done!
09/29/2021 02:11:24 - INFO - __main__ - Moving to the GPUs.
09/29/2021 02:11:24 - INFO - __main__ - Debugger Setup ......
09/29/2021 02:11:24 - INFO - __main__ - debugger_args: Namespace(adam_epsilon=1e-08, gradient_accumulation_steps=1, inference_query_size=1, init_memory_cache_path='exp_results/data_streams/init_memory.pkl', learning_rate=3e-05, local_adapt_lr=1e-05, max_grad_norm=0.1, memory_key_encoder='facebook/bart-base', memory_path='exp_results/dynamic_stream/index_based/ckpt_dir/0929_MixedAllErrors_T=100_index_M=U+I_rs=32_rq=3_seed=42_ckpts/memory_dict.pkl', memory_store_rate=1.0, num_adapt_epochs=0, num_epochs=5.0, overtime_ckpt_dir='exp_results/dynamic_stream/index_based/ckpt_dir/0929_MixedAllErrors_T=100_index_M=U+I_rs=32_rq=3_seed=42_ckpts/', replay_candidate_size=8, replay_frequency=1, replay_size=32, save_all_ckpts=0, total_steps=10000, use_replay_mix=True, warmup_steps=0, weight_decay=0.01) ......
09/29/2021 02:11:24 - INFO - __main__ - Debugger Setup ...... Done!
09/29/2021 02:11:25 - INFO - transformers.tokenization_utils - loading file https://s3.amazonaws.com/models.huggingface.co/bert/roberta-large-vocab.json from cache at /private/home/yuchenlin/.cache/torch/transformers/1ae1f5b6e2b22b25ccc04c000bb79ca847aa226d0761536b011cf7e5868f0655.ef00af9e673c7160b4d41cfda1f48c5f4cba57d5142754525572a846a1ab1b9b
09/29/2021 02:11:25 - INFO - transformers.tokenization_utils - loading file https://s3.amazonaws.com/models.huggingface.co/bert/roberta-large-merges.txt from cache at /private/home/yuchenlin/.cache/torch/transformers/f8f83199a6270d582d6245dc100e99c4155de81c9745c6248077018fe01abcfb.70bec105b4158ed9a1747fea67a43f5dee97855c64d62b6ec3742f4cfdb5feda
09/29/2021 02:11:25 - INFO - __main__ - Loading checkpoint from out/mrqa_naturalquestions_bart-base_0617v4/best-model.pt for facebook/bart-base .....
09/29/2021 02:11:26 - INFO - transformers.configuration_utils - loading configuration file https://s3.amazonaws.com/models.huggingface.co/bert/facebook/bart-base/config.json from cache at /private/home/yuchenlin/.cache/torch/transformers/09f4fcaeaf785dd3b97b085d6e3510c7081f586ec8e75981683c6299c0f81d9d.e8d516ad807436d395effad8c2326786872659b7dd1210827ac67c761198a0eb
09/29/2021 02:11:26 - INFO - transformers.configuration_utils - Model config BartConfig {
  "activation_dropout": 0.1,
  "activation_function": "gelu",
  "add_bias_logits": false,
  "add_final_layer_norm": false,
  "architectures": [
    "BartModel",
    "BartForConditionalGeneration",
    "BartForSequenceClassification"
  ],
  "attention_dropout": 0.1,
  "bos_token_id": 0,
  "classif_dropout": 0.0,
  "d_model": 768,
  "decoder_attention_heads": 12,
  "decoder_ffn_dim": 3072,
  "decoder_layerdrop": 0.0,
  "decoder_layers": 6,
  "decoder_start_token_id": 2,
  "dropout": 0.1,
  "early_stopping": true,
  "encoder_attention_heads": 12,
  "encoder_ffn_dim": 3072,
  "encoder_layerdrop": 0.0,
  "encoder_layers": 6,
  "eos_token_id": 2,
  "id2label": {
    "0": "LABEL_0",
    "1": "LABEL_1",
    "2": "LABEL_2"
  },
  "init_std": 0.02,
  "is_encoder_decoder": true,
  "label2id": {
    "LABEL_0": 0,
    "LABEL_1": 1,
    "LABEL_2": 2
  },
  "max_position_embeddings": 1024,
  "model_type": "bart",
  "no_repeat_ngram_size": 3,
  "normalize_before": false,
  "normalize_embedding": true,
  "num_beams": 4,
  "num_hidden_layers": 6,
  "pad_token_id": 1,
  "scale_embedding": false,
  "static_position_embeddings": false,
  "task_specific_params": {
    "summarization": {
      "length_penalty": 1.0,
      "max_length": 128,
      "min_length": 12,
      "num_beams": 4
    },
    "summarization_cnn": {
      "length_penalty": 2.0,
      "max_length": 142,
      "min_length": 56,
      "num_beams": 4
    },
    "summarization_xsum": {
      "length_penalty": 1.0,
      "max_length": 62,
      "min_length": 11,
      "num_beams": 6
    }
  },
  "vocab_size": 50265
}

09/29/2021 02:11:26 - INFO - transformers.modeling_utils - loading weights file https://cdn.huggingface.co/facebook/bart-base/pytorch_model.bin from cache at /private/home/yuchenlin/.cache/torch/transformers/566c05fb6983817e8ad7a4fa51e3099fe9caa3b31730f964bc5198d71c677523.0a3d95c18c1e434448941bc25accea7b122882be6526fb67c8e8fb6d5ebc711c
09/29/2021 02:11:29 - INFO - __main__ - Loading checkpoint from out/mrqa_naturalquestions_bart-base_0617v4/best-model.pt for facebook/bart-base ..... Done!
09/29/2021 02:11:29 - INFO - __main__ - Moving to the GPUs.
09/29/2021 02:11:29 - INFO - __main__ - Load the cache to exp_results/data_streams/init_memory.pkl
09/29/2021 02:11:29 - INFO - __main__ - Start Online Debugging with Dynamic Error Mode
09/29/2021 02:11:29 - INFO - __main__ - Number of Batches of Data: 100
09/29/2021 02:11:29 - INFO - __main__ - Data Batch Size: 32;
09/29/2021 02:11:29 - INFO - __main__ - Not doing replay-based eval.
09/29/2021 02:11:29 - INFO - __main__ - Evaluating to get errors .... Timecode: 0
09/29/2021 02:11:34 - INFO - __main__ - Before Error Fixing: 0.0
09/29/2021 02:11:34 - INFO - __main__ - Found 32 errors.
09/29/2021 02:11:34 - INFO - __main__ - Start bug-fixing (len(examples_to_train)=32) .... Timecode: 0
09/29/2021 02:11:44 - INFO - __main__ - Start bug-fixing .... Done!
09/29/2021 02:11:44 - INFO - __main__ - Evaluating again to analyze the performance .... Timecode: 0
09/29/2021 02:11:49 - INFO - __main__ - After Error Fixing: 0.84375
09/29/2021 02:11:49 - INFO - __main__ - Instant Fixing Rate: 0.84375
09/29/2021 02:11:49 - INFO - __main__ - Instant Retention Rate: 0.0
09/29/2021 02:11:49 - INFO - __main__ - Saving the current error examples (len=32) to the memory.
09/29/2021 02:11:49 - INFO - __main__ - Current memory size: 10000.
09/29/2021 02:11:49 - INFO - __main__ - Finished.
09/29/2021 02:11:49 - INFO - __main__ - --------------------------------------------------
09/29/2021 02:11:49 - INFO - __main__ - Not doing replay-based eval.
09/29/2021 02:11:49 - INFO - __main__ - Evaluating to get errors .... Timecode: 1
09/29/2021 02:11:54 - INFO - __main__ - Before Error Fixing: 0.15625
09/29/2021 02:11:54 - INFO - __main__ - Found 27 errors.
09/29/2021 02:11:54 - INFO - __main__ - Triggering Sampling from Memory and starting to replay.
09/29/2021 02:11:54 - INFO - __main__ - Current memory size: 10032.
09/29/2021 02:11:55 - INFO - __main__ - Mixed the retrieved examples (len=1) to the current batch for training.
09/29/2021 02:11:55 - INFO - __main__ - Start bug-fixing (len(examples_to_train)=28) .... Timecode: 1
09/29/2021 02:12:04 - INFO - __main__ - Start bug-fixing .... Done!
09/29/2021 02:12:04 - INFO - __main__ - Evaluating again to analyze the performance .... Timecode: 1
09/29/2021 02:12:08 - INFO - __main__ - After Error Fixing: 0.8125
09/29/2021 02:12:08 - INFO - __main__ - Instant Fixing Rate: 0.8518518518518519
09/29/2021 02:12:08 - INFO - __main__ - Instant Retention Rate: 0.5999999988
09/29/2021 02:12:08 - INFO - __main__ - Saving the current error examples (len=27) to the memory.
09/29/2021 02:12:08 - INFO - __main__ - Current memory size: 10032.
09/29/2021 02:12:09 - INFO - __main__ - Finished.
09/29/2021 02:12:09 - INFO - __main__ - --------------------------------------------------
09/29/2021 02:12:09 - INFO - __main__ - Not doing replay-based eval.
09/29/2021 02:12:09 - INFO - __main__ - Evaluating to get errors .... Timecode: 2
09/29/2021 02:12:13 - INFO - __main__ - Before Error Fixing: 0.09375
09/29/2021 02:12:13 - INFO - __main__ - Found 29 errors.
09/29/2021 02:12:13 - INFO - __main__ - Triggering Sampling from Memory and starting to replay.
09/29/2021 02:12:13 - INFO - __main__ - Current memory size: 10059.
09/29/2021 02:12:14 - INFO - __main__ - Mixed the retrieved examples (len=1) to the current batch for training.
09/29/2021 02:12:14 - INFO - __main__ - Start bug-fixing (len(examples_to_train)=30) .... Timecode: 2
09/29/2021 02:12:22 - INFO - __main__ - Start bug-fixing .... Done!
09/29/2021 02:12:22 - INFO - __main__ - Evaluating again to analyze the performance .... Timecode: 2
09/29/2021 02:12:27 - INFO - __main__ - After Error Fixing: 0.78125
09/29/2021 02:12:27 - INFO - __main__ - Instant Fixing Rate: 0.8620689655172413
09/29/2021 02:12:27 - INFO - __main__ - Instant Retention Rate: 0.0
09/29/2021 02:12:27 - INFO - __main__ - Saving the current error examples (len=29) to the memory.
09/29/2021 02:12:27 - INFO - __main__ - Current memory size: 10059.
09/29/2021 02:12:27 - INFO - __main__ - Finished.
09/29/2021 02:12:27 - INFO - __main__ - --------------------------------------------------
09/29/2021 02:12:27 - INFO - __main__ - Not doing replay-based eval.
09/29/2021 02:12:27 - INFO - __main__ - Evaluating to get errors .... Timecode: 3
09/29/2021 02:12:32 - INFO - __main__ - Before Error Fixing: 0.15625
09/29/2021 02:12:32 - INFO - __main__ - Found 27 errors.
09/29/2021 02:12:32 - INFO - __main__ - Triggering Sampling from Memory and starting to replay.
09/29/2021 02:12:32 - INFO - __main__ - Current memory size: 10088.
09/29/2021 02:12:32 - INFO - __main__ - Mixed the retrieved examples (len=1) to the current batch for training.
09/29/2021 02:12:32 - INFO - __main__ - Start bug-fixing (len(examples_to_train)=28) .... Timecode: 3
09/29/2021 02:12:42 - INFO - __main__ - Start bug-fixing .... Done!
09/29/2021 02:12:42 - INFO - __main__ - Evaluating again to analyze the performance .... Timecode: 3
09/29/2021 02:13:10 - INFO - __main__ - Namespace(adam_epsilon=1e-08, adapter_dim=32, append_another_bos=1, base_model_path='out/mrqa_naturalquestions_bart-base_0617v4/best-model.pt', base_model_type='facebook/bart-base', bug_stream_json_path='bug_data/mrqa_naturalquestions_dev.static_bug_stream.json', cl_method_name='index_cl', current_thread_id=None, data_stream_json_path='exp_results/data_streams/mrqa.mixed.data_stream.test.json', do_lowercase=False, ewc_gamma=1, ewc_lambda=0.5, example_encoder_name='roberta-base', freeze_embeds=False, gradient_accumulation_steps=1, inference_query_size=1, init_memory_cache_path='exp_results/data_streams/init_memory.pkl', learning_rate=3e-05, local_adapt_lr=1e-05, max_grad_norm=0.1, max_input_length=888, max_output_length=50, max_timecode=100, memory_key_encoder='facebook/bart-base', memory_path='exp_results/dynamic_stream/index_based/ckpt_dir/0929_MixedAllErrors_T=100_index_M=U+I_rs=32_rq=3_seed=42_ckpts/memory_dict.pkl', memory_store_rate=1.0, mir_abalation_args='none', num_adapt_epochs=0, num_beams=4, num_threads_eval=0, num_train_epochs=5.0, overtime_ckpt_dir='exp_results/dynamic_stream/index_based/ckpt_dir/0929_MixedAllErrors_T=100_index_M=U+I_rs=32_rq=3_seed=42_ckpts/', pass_pool_jsonl_path='exp_results/data_streams/mrqa.mixed.upstream_eval.jsonl', path_to_thread_result=None, predict_batch_size=16, prefix='0929_MixedAllErrors_T=100_index_M=U+I_rs=32_rq=3_seed=42', replay_candidate_size=8, replay_frequency=1, replay_size=32, replay_stream_json_path='', result_file='exp_results/dynamic_stream/index_based/results/0929_MixedAllErrors_T=100_index_M=U+I_rs=32_rq=3_seed=42_result.json', sampled_upstream_json_path='exp_results/data_streams/mrqa.nq_train.memory.jsonl', save_all_ckpts=0, seed=42, stream_mode='dynamic', task_emb_dim=768, task_name='mrqa_naturalquestions', train_batch_size=8, use_replay_mix=True, use_sampled_upstream=True, weight_decay=0.01)
09/29/2021 02:13:10 - INFO - faiss.loader - Loading faiss with AVX2 support.
09/29/2021 02:13:10 - INFO - faiss.loader - Successfully loaded faiss with AVX2 support.
09/29/2021 02:13:11 - INFO - transformers.tokenization_utils - loading file https://s3.amazonaws.com/models.huggingface.co/bert/roberta-large-vocab.json from cache at /private/home/yuchenlin/.cache/torch/transformers/1ae1f5b6e2b22b25ccc04c000bb79ca847aa226d0761536b011cf7e5868f0655.ef00af9e673c7160b4d41cfda1f48c5f4cba57d5142754525572a846a1ab1b9b
09/29/2021 02:13:11 - INFO - transformers.tokenization_utils - loading file https://s3.amazonaws.com/models.huggingface.co/bert/roberta-large-merges.txt from cache at /private/home/yuchenlin/.cache/torch/transformers/f8f83199a6270d582d6245dc100e99c4155de81c9745c6248077018fe01abcfb.70bec105b4158ed9a1747fea67a43f5dee97855c64d62b6ec3742f4cfdb5feda
09/29/2021 02:13:18 - INFO - __main__ - Not creating the replay-stream for evaluation.
09/29/2021 02:13:19 - INFO - __main__ - Loading checkpoint from out/mrqa_naturalquestions_bart-base_0617v4/best-model.pt for facebook/bart-base .....
09/29/2021 02:13:20 - INFO - transformers.configuration_utils - loading configuration file https://s3.amazonaws.com/models.huggingface.co/bert/facebook/bart-base/config.json from cache at /private/home/yuchenlin/.cache/torch/transformers/09f4fcaeaf785dd3b97b085d6e3510c7081f586ec8e75981683c6299c0f81d9d.e8d516ad807436d395effad8c2326786872659b7dd1210827ac67c761198a0eb
09/29/2021 02:13:20 - INFO - transformers.configuration_utils - Model config BartConfig {
  "activation_dropout": 0.1,
  "activation_function": "gelu",
  "add_bias_logits": false,
  "add_final_layer_norm": false,
  "architectures": [
    "BartModel",
    "BartForConditionalGeneration",
    "BartForSequenceClassification"
  ],
  "attention_dropout": 0.1,
  "bos_token_id": 0,
  "classif_dropout": 0.0,
  "d_model": 768,
  "decoder_attention_heads": 12,
  "decoder_ffn_dim": 3072,
  "decoder_layerdrop": 0.0,
  "decoder_layers": 6,
  "decoder_start_token_id": 2,
  "dropout": 0.1,
  "early_stopping": true,
  "encoder_attention_heads": 12,
  "encoder_ffn_dim": 3072,
  "encoder_layerdrop": 0.0,
  "encoder_layers": 6,
  "eos_token_id": 2,
  "id2label": {
    "0": "LABEL_0",
    "1": "LABEL_1",
    "2": "LABEL_2"
  },
  "init_std": 0.02,
  "is_encoder_decoder": true,
  "label2id": {
    "LABEL_0": 0,
    "LABEL_1": 1,
    "LABEL_2": 2
  },
  "max_position_embeddings": 1024,
  "model_type": "bart",
  "no_repeat_ngram_size": 3,
  "normalize_before": false,
  "normalize_embedding": true,
  "num_beams": 4,
  "num_hidden_layers": 6,
  "pad_token_id": 1,
  "scale_embedding": false,
  "static_position_embeddings": false,
  "task_specific_params": {
    "summarization": {
      "length_penalty": 1.0,
      "max_length": 128,
      "min_length": 12,
      "num_beams": 4
    },
    "summarization_cnn": {
      "length_penalty": 2.0,
      "max_length": 142,
      "min_length": 56,
      "num_beams": 4
    },
    "summarization_xsum": {
      "length_penalty": 1.0,
      "max_length": 62,
      "min_length": 11,
      "num_beams": 6
    }
  },
  "vocab_size": 50265
}

09/29/2021 02:13:20 - INFO - transformers.modeling_utils - loading weights file https://cdn.huggingface.co/facebook/bart-base/pytorch_model.bin from cache at /private/home/yuchenlin/.cache/torch/transformers/566c05fb6983817e8ad7a4fa51e3099fe9caa3b31730f964bc5198d71c677523.0a3d95c18c1e434448941bc25accea7b122882be6526fb67c8e8fb6d5ebc711c
09/29/2021 02:13:23 - INFO - __main__ - Loading checkpoint from out/mrqa_naturalquestions_bart-base_0617v4/best-model.pt for facebook/bart-base ..... Done!
09/29/2021 02:13:25 - INFO - __main__ - Moving to the GPUs.
09/29/2021 02:13:25 - INFO - __main__ - Debugger Setup ......
09/29/2021 02:13:25 - INFO - __main__ - debugger_args: Namespace(adam_epsilon=1e-08, gradient_accumulation_steps=1, inference_query_size=1, init_memory_cache_path='exp_results/data_streams/init_memory.pkl', learning_rate=3e-05, local_adapt_lr=1e-05, max_grad_norm=0.1, memory_key_encoder='facebook/bart-base', memory_path='exp_results/dynamic_stream/index_based/ckpt_dir/0929_MixedAllErrors_T=100_index_M=U+I_rs=32_rq=3_seed=42_ckpts/memory_dict.pkl', memory_store_rate=1.0, num_adapt_epochs=0, num_epochs=5.0, overtime_ckpt_dir='exp_results/dynamic_stream/index_based/ckpt_dir/0929_MixedAllErrors_T=100_index_M=U+I_rs=32_rq=3_seed=42_ckpts/', replay_candidate_size=8, replay_frequency=1, replay_size=32, save_all_ckpts=0, total_steps=10000, use_replay_mix=True, warmup_steps=0, weight_decay=0.01) ......
09/29/2021 02:13:25 - INFO - __main__ - Debugger Setup ...... Done!
09/29/2021 02:13:25 - INFO - transformers.tokenization_utils - loading file https://s3.amazonaws.com/models.huggingface.co/bert/roberta-large-vocab.json from cache at /private/home/yuchenlin/.cache/torch/transformers/1ae1f5b6e2b22b25ccc04c000bb79ca847aa226d0761536b011cf7e5868f0655.ef00af9e673c7160b4d41cfda1f48c5f4cba57d5142754525572a846a1ab1b9b
09/29/2021 02:13:25 - INFO - transformers.tokenization_utils - loading file https://s3.amazonaws.com/models.huggingface.co/bert/roberta-large-merges.txt from cache at /private/home/yuchenlin/.cache/torch/transformers/f8f83199a6270d582d6245dc100e99c4155de81c9745c6248077018fe01abcfb.70bec105b4158ed9a1747fea67a43f5dee97855c64d62b6ec3742f4cfdb5feda
09/29/2021 02:13:26 - INFO - __main__ - Loading checkpoint from out/mrqa_naturalquestions_bart-base_0617v4/best-model.pt for facebook/bart-base .....
09/29/2021 02:13:26 - INFO - transformers.configuration_utils - loading configuration file https://s3.amazonaws.com/models.huggingface.co/bert/facebook/bart-base/config.json from cache at /private/home/yuchenlin/.cache/torch/transformers/09f4fcaeaf785dd3b97b085d6e3510c7081f586ec8e75981683c6299c0f81d9d.e8d516ad807436d395effad8c2326786872659b7dd1210827ac67c761198a0eb
09/29/2021 02:13:26 - INFO - transformers.configuration_utils - Model config BartConfig {
  "activation_dropout": 0.1,
  "activation_function": "gelu",
  "add_bias_logits": false,
  "add_final_layer_norm": false,
  "architectures": [
    "BartModel",
    "BartForConditionalGeneration",
    "BartForSequenceClassification"
  ],
  "attention_dropout": 0.1,
  "bos_token_id": 0,
  "classif_dropout": 0.0,
  "d_model": 768,
  "decoder_attention_heads": 12,
  "decoder_ffn_dim": 3072,
  "decoder_layerdrop": 0.0,
  "decoder_layers": 6,
  "decoder_start_token_id": 2,
  "dropout": 0.1,
  "early_stopping": true,
  "encoder_attention_heads": 12,
  "encoder_ffn_dim": 3072,
  "encoder_layerdrop": 0.0,
  "encoder_layers": 6,
  "eos_token_id": 2,
  "id2label": {
    "0": "LABEL_0",
    "1": "LABEL_1",
    "2": "LABEL_2"
  },
  "init_std": 0.02,
  "is_encoder_decoder": true,
  "label2id": {
    "LABEL_0": 0,
    "LABEL_1": 1,
    "LABEL_2": 2
  },
  "max_position_embeddings": 1024,
  "model_type": "bart",
  "no_repeat_ngram_size": 3,
  "normalize_before": false,
  "normalize_embedding": true,
  "num_beams": 4,
  "num_hidden_layers": 6,
  "pad_token_id": 1,
  "scale_embedding": false,
  "static_position_embeddings": false,
  "task_specific_params": {
    "summarization": {
      "length_penalty": 1.0,
      "max_length": 128,
      "min_length": 12,
      "num_beams": 4
    },
    "summarization_cnn": {
      "length_penalty": 2.0,
      "max_length": 142,
      "min_length": 56,
      "num_beams": 4
    },
    "summarization_xsum": {
      "length_penalty": 1.0,
      "max_length": 62,
      "min_length": 11,
      "num_beams": 6
    }
  },
  "vocab_size": 50265
}

09/29/2021 02:13:26 - INFO - transformers.modeling_utils - loading weights file https://cdn.huggingface.co/facebook/bart-base/pytorch_model.bin from cache at /private/home/yuchenlin/.cache/torch/transformers/566c05fb6983817e8ad7a4fa51e3099fe9caa3b31730f964bc5198d71c677523.0a3d95c18c1e434448941bc25accea7b122882be6526fb67c8e8fb6d5ebc711c
09/29/2021 02:13:29 - INFO - __main__ - Loading checkpoint from out/mrqa_naturalquestions_bart-base_0617v4/best-model.pt for facebook/bart-base ..... Done!
09/29/2021 02:13:29 - INFO - __main__ - Moving to the GPUs.
09/29/2021 02:13:29 - INFO - __main__ - Load the cache to exp_results/data_streams/init_memory.pkl
09/29/2021 02:13:29 - INFO - __main__ - Start Online Debugging with Dynamic Error Mode
09/29/2021 02:13:29 - INFO - __main__ - Number of Batches of Data: 100
09/29/2021 02:13:29 - INFO - __main__ - Data Batch Size: 32;
09/29/2021 02:13:29 - INFO - __main__ - Not doing replay-based eval.
09/29/2021 02:13:29 - INFO - __main__ - Evaluating to get errors .... Timecode: 0
09/29/2021 02:13:35 - INFO - __main__ - Before Error Fixing: 0.0
09/29/2021 02:13:35 - INFO - __main__ - Found 32 errors.
09/29/2021 02:13:35 - INFO - __main__ - Start bug-fixing (len(examples_to_train)=32) .... Timecode: 0
09/29/2021 02:13:45 - INFO - __main__ - Start bug-fixing .... Done!
09/29/2021 02:13:45 - INFO - __main__ - Evaluating again to analyze the performance .... Timecode: 0
09/29/2021 02:13:49 - INFO - __main__ - After Error Fixing: 0.84375
09/29/2021 02:13:49 - INFO - __main__ - Instant Fixing Rate: 0.84375
09/29/2021 02:13:49 - INFO - __main__ - Instant Retention Rate: 0.0
09/29/2021 02:13:49 - INFO - __main__ - Saving the current error examples (len=32) to the memory.
09/29/2021 02:13:49 - INFO - __main__ - Current memory size: 10000.
09/29/2021 02:13:50 - INFO - __main__ - Finished.
09/29/2021 02:13:50 - INFO - __main__ - --------------------------------------------------
09/29/2021 02:13:50 - INFO - __main__ - Not doing replay-based eval.
09/29/2021 02:13:50 - INFO - __main__ - Evaluating to get errors .... Timecode: 1
09/29/2021 02:13:55 - INFO - __main__ - Before Error Fixing: 0.15625
09/29/2021 02:13:55 - INFO - __main__ - Found 27 errors.
09/29/2021 02:13:55 - INFO - __main__ - Triggering Sampling from Memory and starting to replay.
09/29/2021 02:13:55 - INFO - __main__ - Current memory size: 10032.
09/29/2021 02:13:55 - INFO - __main__ - Mixed the retrieved examples (len=32) to the current batch for training.
09/29/2021 02:13:55 - INFO - __main__ - Start bug-fixing (len(examples_to_train)=59) .... Timecode: 1
09/29/2021 02:14:11 - INFO - __main__ - Start bug-fixing .... Done!
09/29/2021 02:14:11 - INFO - __main__ - Evaluating again to analyze the performance .... Timecode: 1
09/29/2021 02:14:16 - INFO - __main__ - After Error Fixing: 0.90625
09/29/2021 02:14:16 - INFO - __main__ - Instant Fixing Rate: 1.0
09/29/2021 02:14:16 - INFO - __main__ - Instant Retention Rate: 0.3999999992
09/29/2021 02:14:16 - INFO - __main__ - Saving the current error examples (len=27) to the memory.
09/29/2021 02:14:16 - INFO - __main__ - Current memory size: 10032.
09/29/2021 02:14:17 - INFO - __main__ - Finished.
09/29/2021 02:14:17 - INFO - __main__ - --------------------------------------------------
09/29/2021 02:14:17 - INFO - __main__ - Not doing replay-based eval.
09/29/2021 02:14:17 - INFO - __main__ - Evaluating to get errors .... Timecode: 2
09/29/2021 02:14:20 - INFO - __main__ - Before Error Fixing: 0.0625
09/29/2021 02:14:20 - INFO - __main__ - Found 30 errors.
09/29/2021 02:14:20 - INFO - __main__ - Triggering Sampling from Memory and starting to replay.
09/29/2021 02:14:20 - INFO - __main__ - Current memory size: 10059.
09/29/2021 02:14:21 - INFO - __main__ - Mixed the retrieved examples (len=32) to the current batch for training.
09/29/2021 02:14:21 - INFO - __main__ - Start bug-fixing (len(examples_to_train)=62) .... Timecode: 2
