10/06/2021 16:25:14 - INFO - semanticdebugger.debug_algs.run_lifelong_finetune - Namespace(adam_epsilon=1e-08, adapter_dim=32, append_another_bos=1, base_model_path='out/mrqa_naturalquestions_bart-base_0617v4/best-model.pt', base_model_type='facebook/bart-base', bug_stream_json_path='bug_data/mrqa_naturalquestions_dev.static_bug_stream.json', cl_method_name='simple_ds_mine', current_thread_id=None, data_stream_json_path='bug_data/mrqa_naturalquestions_dev.data_stream.test.json', do_lowercase=False, ewc_gamma=1, ewc_lambda=0.5, example_encoder_name='roberta-base', freeze_embeds=False, gradient_accumulation_steps=1, index_rank_method='most_similar', inference_query_size=1, init_memory_cache_path='bug_data/memory_key_cache.pkl', init_memory_size=10000, learning_rate=3e-05, local_adapt_lr=1e-05, max_grad_norm=0.1, max_input_length=512, max_output_length=64, max_timecode=-1, memory_key_encoder='facebook/bart-base', memory_path='', memory_store_rate=1.0, mir_abalation_args='none', num_adapt_epochs=1, num_beams=4, num_rounds=8, num_threads_eval=0, num_train_epochs=5.0, output_supervision='exp_results/supervision_data/1006v3_dm_simple/dm.22.pkl', overtime_ckpt_dir=None, pass_pool_jsonl_path='exp_results/data_streams/mrqa_naturalquestions_dev.hidden_passes.jsonl', path_to_thread_result=None, predict_batch_size=4, prefix='1006v3_dm_simple_22', replay_candidate_size=8, replay_frequency=1, replay_size=8, replay_stream_json_path='', result_file='bug_data/results.json', sampled_upstream_json_path='data/mrqa_naturalquestions/mrqa_naturalquestions_train.jsonl', save_all_ckpts=0, seed=22, stream_mode='dynamic', task_emb_dim=768, task_name='mrqa_naturalquestions', train_batch_size=4, train_stream_episode_size=16, train_stream_length=100, upstream_data_file='data/mrqa_naturalquestions/mrqa_naturalquestions_train.jsonl', upstream_data_prediction_file='bug_data/mrqa_naturalquestions_train.predictions.jsonl', use_mir=False, use_replay_mix=False, use_sampled_upstream=False, weight_decay=0.01)
10/06/2021 16:25:15 - INFO - transformers.tokenization_utils - loading file https://s3.amazonaws.com/models.huggingface.co/bert/roberta-large-vocab.json from cache at /private/home/yuchenlin/.cache/torch/transformers/1ae1f5b6e2b22b25ccc04c000bb79ca847aa226d0761536b011cf7e5868f0655.ef00af9e673c7160b4d41cfda1f48c5f4cba57d5142754525572a846a1ab1b9b
10/06/2021 16:25:15 - INFO - transformers.tokenization_utils - loading file https://s3.amazonaws.com/models.huggingface.co/bert/roberta-large-merges.txt from cache at /private/home/yuchenlin/.cache/torch/transformers/f8f83199a6270d582d6245dc100e99c4155de81c9745c6248077018fe01abcfb.70bec105b4158ed9a1747fea67a43f5dee97855c64d62b6ec3742f4cfdb5feda
10/06/2021 16:25:15 - INFO - semanticdebugger.debug_algs.run_lifelong_finetune - Loading checkpoint from out/mrqa_naturalquestions_bart-base_0617v4/best-model.pt for facebook/bart-base .....
10/06/2021 16:25:19 - INFO - transformers.configuration_utils - loading configuration file https://s3.amazonaws.com/models.huggingface.co/bert/facebook/bart-base/config.json from cache at /private/home/yuchenlin/.cache/torch/transformers/09f4fcaeaf785dd3b97b085d6e3510c7081f586ec8e75981683c6299c0f81d9d.e8d516ad807436d395effad8c2326786872659b7dd1210827ac67c761198a0eb
10/06/2021 16:25:19 - INFO - transformers.configuration_utils - Model config BartConfig {
  "activation_dropout": 0.1,
  "activation_function": "gelu",
  "add_bias_logits": false,
  "add_final_layer_norm": false,
  "architectures": [
    "BartModel",
    "BartForConditionalGeneration",
    "BartForSequenceClassification"
  ],
  "attention_dropout": 0.1,
  "bos_token_id": 0,
  "classif_dropout": 0.0,
  "d_model": 768,
  "decoder_attention_heads": 12,
  "decoder_ffn_dim": 3072,
  "decoder_layerdrop": 0.0,
  "decoder_layers": 6,
  "decoder_start_token_id": 2,
  "dropout": 0.1,
  "early_stopping": true,
  "encoder_attention_heads": 12,
  "encoder_ffn_dim": 3072,
  "encoder_layerdrop": 0.0,
  "encoder_layers": 6,
  "eos_token_id": 2,
  "id2label": {
    "0": "LABEL_0",
    "1": "LABEL_1",
    "2": "LABEL_2"
  },
  "init_std": 0.02,
  "is_encoder_decoder": true,
  "label2id": {
    "LABEL_0": 0,
    "LABEL_1": 1,
    "LABEL_2": 2
  },
  "max_position_embeddings": 1024,
  "model_type": "bart",
  "no_repeat_ngram_size": 3,
  "normalize_before": false,
  "normalize_embedding": true,
  "num_beams": 4,
  "num_hidden_layers": 6,
  "pad_token_id": 1,
  "scale_embedding": false,
  "static_position_embeddings": false,
  "task_specific_params": {
    "summarization": {
      "length_penalty": 1.0,
      "max_length": 128,
      "min_length": 12,
      "num_beams": 4
    },
    "summarization_cnn": {
      "length_penalty": 2.0,
      "max_length": 142,
      "min_length": 56,
      "num_beams": 4
    },
    "summarization_xsum": {
      "length_penalty": 1.0,
      "max_length": 62,
      "min_length": 11,
      "num_beams": 6
    }
  },
  "vocab_size": 50265
}

10/06/2021 16:25:19 - INFO - transformers.modeling_utils - loading weights file https://cdn.huggingface.co/facebook/bart-base/pytorch_model.bin from cache at /private/home/yuchenlin/.cache/torch/transformers/566c05fb6983817e8ad7a4fa51e3099fe9caa3b31730f964bc5198d71c677523.0a3d95c18c1e434448941bc25accea7b122882be6526fb67c8e8fb6d5ebc711c
10/06/2021 16:25:23 - INFO - semanticdebugger.debug_algs.run_lifelong_finetune - Loading checkpoint from out/mrqa_naturalquestions_bart-base_0617v4/best-model.pt for facebook/bart-base ..... Done!
10/06/2021 16:25:28 - INFO - semanticdebugger.debug_algs.run_lifelong_finetune - Moving to the GPUs.
10/06/2021 16:25:28 - INFO - semanticdebugger.debug_algs.run_lifelong_finetune - Starting Round 0 ....
10/06/2021 16:25:36 - INFO - semanticdebugger.debug_algs.run_lifelong_finetune - Set up the initial memory with 10000 examples.
10/06/2021 16:25:36 - INFO - semanticdebugger.debug_algs.run_lifelong_finetune - Initial memory size: 10000
10/06/2021 16:25:39 - INFO - semanticdebugger.debug_algs.run_lifelong_finetune - Not creating the replay-stream for evaluation.
10/06/2021 16:25:40 - INFO - semanticdebugger.debug_algs.run_lifelong_finetune - Debugger Setup ......
10/06/2021 16:25:40 - INFO - semanticdebugger.debug_algs.run_lifelong_finetune - debugger_args: Namespace(adam_epsilon=1e-08, gradient_accumulation_steps=1, learning_rate=3e-05, max_grad_norm=0.1, num_epochs=5.0, overtime_ckpt_dir=None, save_all_ckpts=0, total_steps=10000, warmup_steps=0, weight_decay=0.01) ......
10/06/2021 16:25:40 - INFO - semanticdebugger.debug_algs.run_lifelong_finetune - Debugger Setup ...... Done!
10/06/2021 16:25:40 - INFO - semanticdebugger.debug_algs.run_lifelong_finetune - Start Mining Distant Supervision (as online debugging).
10/06/2021 16:25:40 - INFO - semanticdebugger.debug_algs.run_lifelong_finetune - Number of Batches of Data: 100
10/06/2021 16:25:40 - INFO - semanticdebugger.debug_algs.run_lifelong_finetune - Data Batch Size: 16;
10/06/2021 16:25:40 - INFO - semanticdebugger.debug_algs.run_lifelong_finetune - Start bug-fixing .... Timecode: 0
10/06/2021 16:25:42 - INFO - semanticdebugger.debug_algs.run_lifelong_finetune - Start bug-fixing .... Done!
10/06/2021 16:25:42 - INFO - semanticdebugger.debug_algs.run_lifelong_finetune - Randomly retrieve from the memory. `query_examples` not used
10/06/2021 16:25:46 - INFO - semanticdebugger.debug_algs.run_lifelong_finetune - Get an instance for supervision at 1
10/06/2021 16:25:46 - INFO - semanticdebugger.debug_algs.run_lifelong_finetune - Save 16 examples to the memory.
10/06/2021 16:25:46 - INFO - semanticdebugger.debug_algs.run_lifelong_finetune - Start bug-fixing .... Timecode: 1
10/06/2021 16:25:49 - INFO - semanticdebugger.debug_algs.run_lifelong_finetune - Start bug-fixing .... Done!
10/06/2021 16:25:49 - INFO - semanticdebugger.debug_algs.run_lifelong_finetune - Randomly retrieve from the memory. `query_examples` not used
10/06/2021 16:25:53 - INFO - semanticdebugger.debug_algs.run_lifelong_finetune - Get an instance for supervision at 2
10/06/2021 16:25:53 - INFO - semanticdebugger.debug_algs.run_lifelong_finetune - Save 16 examples to the memory.
10/06/2021 16:25:53 - INFO - semanticdebugger.debug_algs.run_lifelong_finetune - Start bug-fixing .... Timecode: 2
10/06/2021 16:25:55 - INFO - semanticdebugger.debug_algs.run_lifelong_finetune - Start bug-fixing .... Done!
10/06/2021 16:25:55 - INFO - semanticdebugger.debug_algs.run_lifelong_finetune - Randomly retrieve from the memory. `query_examples` not used
10/06/2021 16:25:59 - INFO - semanticdebugger.debug_algs.run_lifelong_finetune - Get an instance for supervision at 3
10/06/2021 16:25:59 - INFO - semanticdebugger.debug_algs.run_lifelong_finetune - Save 16 examples to the memory.
10/06/2021 16:25:59 - INFO - semanticdebugger.debug_algs.run_lifelong_finetune - Start bug-fixing .... Timecode: 3
10/06/2021 16:26:02 - INFO - semanticdebugger.debug_algs.run_lifelong_finetune - Start bug-fixing .... Done!
10/06/2021 16:26:02 - INFO - semanticdebugger.debug_algs.run_lifelong_finetune - Randomly retrieve from the memory. `query_examples` not used
10/06/2021 16:26:06 - INFO - semanticdebugger.debug_algs.run_lifelong_finetune - Get an instance for supervision at 4
10/06/2021 16:26:06 - INFO - semanticdebugger.debug_algs.run_lifelong_finetune - Save 16 examples to the memory.
10/06/2021 16:26:06 - INFO - semanticdebugger.debug_algs.run_lifelong_finetune - Start bug-fixing .... Timecode: 4
10/06/2021 16:26:09 - INFO - semanticdebugger.debug_algs.run_lifelong_finetune - Start bug-fixing .... Done!
10/06/2021 16:26:09 - INFO - semanticdebugger.debug_algs.run_lifelong_finetune - Randomly retrieve from the memory. `query_examples` not used
10/06/2021 16:26:13 - INFO - semanticdebugger.debug_algs.run_lifelong_finetune - Get an instance for supervision at 5
10/06/2021 16:26:13 - INFO - semanticdebugger.debug_algs.run_lifelong_finetune - Save 16 examples to the memory.
10/06/2021 16:26:13 - INFO - semanticdebugger.debug_algs.run_lifelong_finetune - Start bug-fixing .... Timecode: 5
10/06/2021 16:26:15 - INFO - semanticdebugger.debug_algs.run_lifelong_finetune - Start bug-fixing .... Done!
10/06/2021 16:26:15 - INFO - semanticdebugger.debug_algs.run_lifelong_finetune - Randomly retrieve from the memory. `query_examples` not used
10/06/2021 16:26:20 - INFO - semanticdebugger.debug_algs.run_lifelong_finetune - Get an instance for supervision at 6
10/06/2021 16:26:20 - INFO - semanticdebugger.debug_algs.run_lifelong_finetune - Save 16 examples to the memory.
10/06/2021 16:26:20 - INFO - semanticdebugger.debug_algs.run_lifelong_finetune - Start bug-fixing .... Timecode: 6
10/06/2021 16:26:22 - INFO - semanticdebugger.debug_algs.run_lifelong_finetune - Start bug-fixing .... Done!
10/06/2021 16:26:22 - INFO - semanticdebugger.debug_algs.run_lifelong_finetune - Randomly retrieve from the memory. `query_examples` not used
10/06/2021 16:26:26 - INFO - semanticdebugger.debug_algs.run_lifelong_finetune - Get an instance for supervision at 7
10/06/2021 16:26:26 - INFO - semanticdebugger.debug_algs.run_lifelong_finetune - Save 16 examples to the memory.
10/06/2021 16:26:26 - INFO - semanticdebugger.debug_algs.run_lifelong_finetune - Start bug-fixing .... Timecode: 7
10/06/2021 16:26:28 - INFO - semanticdebugger.debug_algs.run_lifelong_finetune - Start bug-fixing .... Done!
10/06/2021 16:26:28 - INFO - semanticdebugger.debug_algs.run_lifelong_finetune - Randomly retrieve from the memory. `query_examples` not used
10/06/2021 16:26:33 - INFO - semanticdebugger.debug_algs.run_lifelong_finetune - Get an instance for supervision at 8
10/06/2021 16:26:33 - INFO - semanticdebugger.debug_algs.run_lifelong_finetune - Save 16 examples to the memory.
10/06/2021 16:26:33 - INFO - semanticdebugger.debug_algs.run_lifelong_finetune - Start bug-fixing .... Timecode: 8
10/06/2021 16:26:35 - INFO - semanticdebugger.debug_algs.run_lifelong_finetune - Start bug-fixing .... Done!
10/06/2021 16:26:35 - INFO - semanticdebugger.debug_algs.run_lifelong_finetune - Randomly retrieve from the memory. `query_examples` not used
10/06/2021 16:26:39 - INFO - semanticdebugger.debug_algs.run_lifelong_finetune - Get an instance for supervision at 9
10/06/2021 16:26:39 - INFO - semanticdebugger.debug_algs.run_lifelong_finetune - Save 16 examples to the memory.
10/06/2021 16:26:39 - INFO - semanticdebugger.debug_algs.run_lifelong_finetune - Start bug-fixing .... Timecode: 9
10/06/2021 16:26:42 - INFO - semanticdebugger.debug_algs.run_lifelong_finetune - Start bug-fixing .... Done!
10/06/2021 16:26:42 - INFO - semanticdebugger.debug_algs.run_lifelong_finetune - Randomly retrieve from the memory. `query_examples` not used
10/06/2021 16:26:46 - INFO - semanticdebugger.debug_algs.run_lifelong_finetune - Get an instance for supervision at 10
10/06/2021 16:26:46 - INFO - semanticdebugger.debug_algs.run_lifelong_finetune - Save 16 examples to the memory.
10/06/2021 16:26:46 - INFO - semanticdebugger.debug_algs.run_lifelong_finetune - Start bug-fixing .... Timecode: 10
10/06/2021 16:26:48 - INFO - semanticdebugger.debug_algs.run_lifelong_finetune - Start bug-fixing .... Done!
10/06/2021 16:26:48 - INFO - semanticdebugger.debug_algs.run_lifelong_finetune - Randomly retrieve from the memory. `query_examples` not used
10/06/2021 16:26:52 - INFO - semanticdebugger.debug_algs.run_lifelong_finetune - Get an instance for supervision at 11
10/06/2021 16:26:52 - INFO - semanticdebugger.debug_algs.run_lifelong_finetune - Save 16 examples to the memory.
10/06/2021 16:26:52 - INFO - semanticdebugger.debug_algs.run_lifelong_finetune - Start bug-fixing .... Timecode: 11
10/06/2021 16:26:55 - INFO - semanticdebugger.debug_algs.run_lifelong_finetune - Start bug-fixing .... Done!
10/06/2021 16:26:55 - INFO - semanticdebugger.debug_algs.run_lifelong_finetune - Randomly retrieve from the memory. `query_examples` not used
10/06/2021 16:26:59 - INFO - semanticdebugger.debug_algs.run_lifelong_finetune - Get an instance for supervision at 12
10/06/2021 16:26:59 - INFO - semanticdebugger.debug_algs.run_lifelong_finetune - Save 16 examples to the memory.
10/06/2021 16:26:59 - INFO - semanticdebugger.debug_algs.run_lifelong_finetune - Start bug-fixing .... Timecode: 12
10/06/2021 16:27:02 - INFO - semanticdebugger.debug_algs.run_lifelong_finetune - Start bug-fixing .... Done!
10/06/2021 16:27:02 - INFO - semanticdebugger.debug_algs.run_lifelong_finetune - Randomly retrieve from the memory. `query_examples` not used
10/06/2021 16:27:05 - INFO - semanticdebugger.debug_algs.run_lifelong_finetune - Get an instance for supervision at 13
10/06/2021 16:27:05 - INFO - semanticdebugger.debug_algs.run_lifelong_finetune - Save 16 examples to the memory.
10/06/2021 16:27:06 - INFO - semanticdebugger.debug_algs.run_lifelong_finetune - Start bug-fixing .... Timecode: 13
10/06/2021 16:27:08 - INFO - semanticdebugger.debug_algs.run_lifelong_finetune - Start bug-fixing .... Done!
10/06/2021 16:27:08 - INFO - semanticdebugger.debug_algs.run_lifelong_finetune - Randomly retrieve from the memory. `query_examples` not used
10/06/2021 16:27:12 - INFO - semanticdebugger.debug_algs.run_lifelong_finetune - Get an instance for supervision at 14
10/06/2021 16:27:12 - INFO - semanticdebugger.debug_algs.run_lifelong_finetune - Save 16 examples to the memory.
10/06/2021 16:27:12 - INFO - semanticdebugger.debug_algs.run_lifelong_finetune - Start bug-fixing .... Timecode: 14
10/06/2021 16:27:15 - INFO - semanticdebugger.debug_algs.run_lifelong_finetune - Start bug-fixing .... Done!
10/06/2021 16:27:15 - INFO - semanticdebugger.debug_algs.run_lifelong_finetune - Randomly retrieve from the memory. `query_examples` not used
10/06/2021 16:27:19 - INFO - semanticdebugger.debug_algs.run_lifelong_finetune - Get an instance for supervision at 15
10/06/2021 16:27:19 - INFO - semanticdebugger.debug_algs.run_lifelong_finetune - Save 16 examples to the memory.
10/06/2021 16:27:19 - INFO - semanticdebugger.debug_algs.run_lifelong_finetune - Start bug-fixing .... Timecode: 15
10/06/2021 16:27:21 - INFO - semanticdebugger.debug_algs.run_lifelong_finetune - Start bug-fixing .... Done!
10/06/2021 16:27:21 - INFO - semanticdebugger.debug_algs.run_lifelong_finetune - Randomly retrieve from the memory. `query_examples` not used
10/06/2021 16:27:25 - INFO - semanticdebugger.debug_algs.run_lifelong_finetune - Get an instance for supervision at 16
10/06/2021 16:27:25 - INFO - semanticdebugger.debug_algs.run_lifelong_finetune - Save 16 examples to the memory.
10/06/2021 16:27:25 - INFO - semanticdebugger.debug_algs.run_lifelong_finetune - Start bug-fixing .... Timecode: 16
10/06/2021 16:27:28 - INFO - semanticdebugger.debug_algs.run_lifelong_finetune - Start bug-fixing .... Done!
10/06/2021 16:27:28 - INFO - semanticdebugger.debug_algs.run_lifelong_finetune - Randomly retrieve from the memory. `query_examples` not used
10/06/2021 16:27:32 - INFO - semanticdebugger.debug_algs.run_lifelong_finetune - Get an instance for supervision at 17
10/06/2021 16:27:32 - INFO - semanticdebugger.debug_algs.run_lifelong_finetune - Save 16 examples to the memory.
10/06/2021 16:27:32 - INFO - semanticdebugger.debug_algs.run_lifelong_finetune - Start bug-fixing .... Timecode: 17
10/06/2021 16:27:34 - INFO - semanticdebugger.debug_algs.run_lifelong_finetune - Start bug-fixing .... Done!
10/06/2021 16:27:34 - INFO - semanticdebugger.debug_algs.run_lifelong_finetune - Randomly retrieve from the memory. `query_examples` not used
10/06/2021 16:27:38 - INFO - semanticdebugger.debug_algs.run_lifelong_finetune - Get an instance for supervision at 18
10/06/2021 16:27:38 - INFO - semanticdebugger.debug_algs.run_lifelong_finetune - Save 16 examples to the memory.
10/06/2021 16:27:38 - INFO - semanticdebugger.debug_algs.run_lifelong_finetune - Start bug-fixing .... Timecode: 18
10/06/2021 16:27:41 - INFO - semanticdebugger.debug_algs.run_lifelong_finetune - Start bug-fixing .... Done!
10/06/2021 16:27:41 - INFO - semanticdebugger.debug_algs.run_lifelong_finetune - Randomly retrieve from the memory. `query_examples` not used
10/06/2021 16:27:45 - INFO - semanticdebugger.debug_algs.run_lifelong_finetune - Get an instance for supervision at 19
10/06/2021 16:27:45 - INFO - semanticdebugger.debug_algs.run_lifelong_finetune - Save 16 examples to the memory.
10/06/2021 16:27:45 - INFO - semanticdebugger.debug_algs.run_lifelong_finetune - Start bug-fixing .... Timecode: 19
10/06/2021 16:27:47 - INFO - semanticdebugger.debug_algs.run_lifelong_finetune - Start bug-fixing .... Done!
10/06/2021 16:27:47 - INFO - semanticdebugger.debug_algs.run_lifelong_finetune - Randomly retrieve from the memory. `query_examples` not used
10/06/2021 16:27:52 - INFO - semanticdebugger.debug_algs.run_lifelong_finetune - Get an instance for supervision at 20
10/06/2021 16:27:52 - INFO - semanticdebugger.debug_algs.run_lifelong_finetune - Save 16 examples to the memory.
10/06/2021 16:27:52 - INFO - semanticdebugger.debug_algs.run_lifelong_finetune - Start bug-fixing .... Timecode: 20
10/06/2021 16:27:54 - INFO - semanticdebugger.debug_algs.run_lifelong_finetune - Start bug-fixing .... Done!
10/06/2021 16:27:54 - INFO - semanticdebugger.debug_algs.run_lifelong_finetune - Randomly retrieve from the memory. `query_examples` not used
10/06/2021 16:27:58 - INFO - semanticdebugger.debug_algs.run_lifelong_finetune - Get an instance for supervision at 21
10/06/2021 16:27:58 - INFO - semanticdebugger.debug_algs.run_lifelong_finetune - Save 16 examples to the memory.
10/06/2021 16:27:58 - INFO - semanticdebugger.debug_algs.run_lifelong_finetune - Start bug-fixing .... Timecode: 21
10/06/2021 16:28:00 - INFO - semanticdebugger.debug_algs.run_lifelong_finetune - Start bug-fixing .... Done!
10/06/2021 16:28:00 - INFO - semanticdebugger.debug_algs.run_lifelong_finetune - Randomly retrieve from the memory. `query_examples` not used
10/06/2021 16:28:05 - INFO - semanticdebugger.debug_algs.run_lifelong_finetune - Get an instance for supervision at 22
10/06/2021 16:28:05 - INFO - semanticdebugger.debug_algs.run_lifelong_finetune - Save 16 examples to the memory.
10/06/2021 16:28:05 - INFO - semanticdebugger.debug_algs.run_lifelong_finetune - Start bug-fixing .... Timecode: 22
10/06/2021 16:28:07 - INFO - semanticdebugger.debug_algs.run_lifelong_finetune - Start bug-fixing .... Done!
10/06/2021 16:28:07 - INFO - semanticdebugger.debug_algs.run_lifelong_finetune - Randomly retrieve from the memory. `query_examples` not used
10/06/2021 16:28:11 - INFO - semanticdebugger.debug_algs.run_lifelong_finetune - Get an instance for supervision at 23
10/06/2021 16:28:11 - INFO - semanticdebugger.debug_algs.run_lifelong_finetune - Save 16 examples to the memory.
10/06/2021 16:28:11 - INFO - semanticdebugger.debug_algs.run_lifelong_finetune - Start bug-fixing .... Timecode: 23
10/06/2021 16:28:13 - INFO - semanticdebugger.debug_algs.run_lifelong_finetune - Start bug-fixing .... Done!
10/06/2021 16:28:13 - INFO - semanticdebugger.debug_algs.run_lifelong_finetune - Randomly retrieve from the memory. `query_examples` not used
10/06/2021 16:28:17 - INFO - semanticdebugger.debug_algs.run_lifelong_finetune - Get an instance for supervision at 24
10/06/2021 16:28:17 - INFO - semanticdebugger.debug_algs.run_lifelong_finetune - Save 16 examples to the memory.
10/06/2021 16:28:17 - INFO - semanticdebugger.debug_algs.run_lifelong_finetune - Start bug-fixing .... Timecode: 24
10/06/2021 16:28:20 - INFO - semanticdebugger.debug_algs.run_lifelong_finetune - Start bug-fixing .... Done!
10/06/2021 16:28:20 - INFO - semanticdebugger.debug_algs.run_lifelong_finetune - Randomly retrieve from the memory. `query_examples` not used
10/06/2021 16:28:24 - INFO - semanticdebugger.debug_algs.run_lifelong_finetune - Get an instance for supervision at 25
10/06/2021 16:28:24 - INFO - semanticdebugger.debug_algs.run_lifelong_finetune - Save 16 examples to the memory.
10/06/2021 16:28:24 - INFO - semanticdebugger.debug_algs.run_lifelong_finetune - Start bug-fixing .... Timecode: 25
10/06/2021 16:28:26 - INFO - semanticdebugger.debug_algs.run_lifelong_finetune - Start bug-fixing .... Done!
10/06/2021 16:28:26 - INFO - semanticdebugger.debug_algs.run_lifelong_finetune - Randomly retrieve from the memory. `query_examples` not used
10/06/2021 16:28:30 - INFO - semanticdebugger.debug_algs.run_lifelong_finetune - Get an instance for supervision at 26
10/06/2021 16:28:30 - INFO - semanticdebugger.debug_algs.run_lifelong_finetune - Save 16 examples to the memory.
10/06/2021 16:28:30 - INFO - semanticdebugger.debug_algs.run_lifelong_finetune - Start bug-fixing .... Timecode: 26
10/06/2021 16:28:33 - INFO - semanticdebugger.debug_algs.run_lifelong_finetune - Start bug-fixing .... Done!
10/06/2021 16:28:33 - INFO - semanticdebugger.debug_algs.run_lifelong_finetune - Randomly retrieve from the memory. `query_examples` not used
10/06/2021 16:28:37 - INFO - semanticdebugger.debug_algs.run_lifelong_finetune - Get an instance for supervision at 27
10/06/2021 16:28:37 - INFO - semanticdebugger.debug_algs.run_lifelong_finetune - Save 16 examples to the memory.
10/06/2021 16:28:37 - INFO - semanticdebugger.debug_algs.run_lifelong_finetune - Start bug-fixing .... Timecode: 27
10/06/2021 16:28:40 - INFO - semanticdebugger.debug_algs.run_lifelong_finetune - Start bug-fixing .... Done!
10/06/2021 16:28:40 - INFO - semanticdebugger.debug_algs.run_lifelong_finetune - Randomly retrieve from the memory. `query_examples` not used
10/06/2021 16:28:44 - INFO - semanticdebugger.debug_algs.run_lifelong_finetune - Get an instance for supervision at 28
10/06/2021 16:28:44 - INFO - semanticdebugger.debug_algs.run_lifelong_finetune - Save 16 examples to the memory.
10/06/2021 16:28:44 - INFO - semanticdebugger.debug_algs.run_lifelong_finetune - Start bug-fixing .... Timecode: 28
10/06/2021 16:28:46 - INFO - semanticdebugger.debug_algs.run_lifelong_finetune - Start bug-fixing .... Done!
10/06/2021 16:28:46 - INFO - semanticdebugger.debug_algs.run_lifelong_finetune - Randomly retrieve from the memory. `query_examples` not used
10/06/2021 16:28:50 - INFO - semanticdebugger.debug_algs.run_lifelong_finetune - Get an instance for supervision at 29
10/06/2021 16:28:50 - INFO - semanticdebugger.debug_algs.run_lifelong_finetune - Save 16 examples to the memory.
10/06/2021 16:28:50 - INFO - semanticdebugger.debug_algs.run_lifelong_finetune - Start bug-fixing .... Timecode: 29
10/06/2021 16:28:52 - INFO - semanticdebugger.debug_algs.run_lifelong_finetune - Start bug-fixing .... Done!
10/06/2021 16:28:52 - INFO - semanticdebugger.debug_algs.run_lifelong_finetune - Randomly retrieve from the memory. `query_examples` not used
10/06/2021 16:28:57 - INFO - semanticdebugger.debug_algs.run_lifelong_finetune - Get an instance for supervision at 30
10/06/2021 16:28:57 - INFO - semanticdebugger.debug_algs.run_lifelong_finetune - Save 16 examples to the memory.
10/06/2021 16:28:57 - INFO - semanticdebugger.debug_algs.run_lifelong_finetune - Start bug-fixing .... Timecode: 30
