10/20/2021 16:31:39 - INFO - semanticdebugger.debug_algs.run_lifelong_finetune - Namespace(adam_epsilon=1e-08, adapter_dim=32, append_another_bos=1, base_model_path='out/mrqa_naturalquestions_bart-base_0617v4/best-model.pt', base_model_type='facebook/bart-base', bug_stream_json_path='bug_data/mrqa_naturalquestions_dev.static_bug_stream.json', cl_method_name='simple_ds_mine', current_thread_id=None, data_stream_json_path='bug_data/mrqa_naturalquestions_dev.data_stream.test.json', debug_mode=True, dev_memory='exp_results/data_streams/mrqa.nq_train.memory.jsonl', dev_stream='exp_results/data_streams/mrqa.mixed.data_stream.test.json', do_lowercase=False, ewc_gamma=1, ewc_lambda=0.5, example_encoder_name='roberta-base', freeze_embeds=False, gradient_accumulation_steps=1, index_rank_method='most_similar', indexing_args_path='exp_results/supervision_data/1012_dm_simple.train_args.json', indexing_method='bart_index', inference_query_size=1, init_memory_cache_path='bug_data/memory_key_cache.pkl', init_memory_size=10000, learning_rate=1e-05, local_adapt_lr=1e-05, long_term_delta=True, max_grad_norm=0.1, max_input_length=512, max_output_length=64, max_timecode=-1, memory_key_encoder='facebook/bart-base', memory_path='', memory_store_rate=1.0, mir_abalation_args='none', mir_buffer_size=512, negative_size=16, num_adapt_epochs=1, num_beams=4, num_rounds=1, num_threads_eval=0, num_train_epochs=5.0, output_supervision='exp_results/supervision_data/1020v2_dm_simple/dm.25.pkl', overtime_ckpt_dir=None, pass_pool_jsonl_path='exp_results/data_streams/mrqa_naturalquestions_dev.hidden_passes.jsonl', path_to_thread_result=None, positive_size=16, predict_batch_size=4, prefix='1020v2_dm_simple_25', replay_candidate_size=8, replay_frequency=1, replay_size=8, replay_stream_json_path='', result_file='bug_data/results.json', sampled_upstream_json_path='data/mrqa_naturalquestions/mrqa_naturalquestions_train.jsonl', save_all_ckpts=0, save_all_hiddens=False, seed=25, skip_instant_eval=False, stream_mode='dynamic', task_emb_dim=768, task_name='mrqa_naturalquestions', train_batch_size=4, train_stream_episode_size=16, train_stream_length=50, upstream_data_file='data/mrqa_naturalquestions/mrqa_naturalquestions_train.jsonl', upstream_data_prediction_file='bug_data/mrqa_naturalquestions_train.predictions.jsonl', upstream_sample_ratio=-1, use_dev_stream=True, use_mir=False, use_replay_mix=False, use_sampled_upstream=False, weight_decay=0.01)
10/20/2021 16:31:39 - INFO - transformers.tokenization_utils - loading file https://s3.amazonaws.com/models.huggingface.co/bert/roberta-large-vocab.json from cache at /private/home/yuchenlin/.cache/torch/transformers/1ae1f5b6e2b22b25ccc04c000bb79ca847aa226d0761536b011cf7e5868f0655.ef00af9e673c7160b4d41cfda1f48c5f4cba57d5142754525572a846a1ab1b9b
10/20/2021 16:31:39 - INFO - transformers.tokenization_utils - loading file https://s3.amazonaws.com/models.huggingface.co/bert/roberta-large-merges.txt from cache at /private/home/yuchenlin/.cache/torch/transformers/f8f83199a6270d582d6245dc100e99c4155de81c9745c6248077018fe01abcfb.70bec105b4158ed9a1747fea67a43f5dee97855c64d62b6ec3742f4cfdb5feda
10/20/2021 16:31:39 - INFO - semanticdebugger.debug_algs.run_lifelong_finetune - Loading checkpoint from out/mrqa_naturalquestions_bart-base_0617v4/best-model.pt for facebook/bart-base .....
10/20/2021 16:31:42 - INFO - transformers.configuration_utils - loading configuration file https://s3.amazonaws.com/models.huggingface.co/bert/facebook/bart-base/config.json from cache at /private/home/yuchenlin/.cache/torch/transformers/09f4fcaeaf785dd3b97b085d6e3510c7081f586ec8e75981683c6299c0f81d9d.e8d516ad807436d395effad8c2326786872659b7dd1210827ac67c761198a0eb
10/20/2021 16:31:42 - INFO - transformers.configuration_utils - Model config BartConfig {
  "activation_dropout": 0.1,
  "activation_function": "gelu",
  "add_bias_logits": false,
  "add_final_layer_norm": false,
  "architectures": [
    "BartModel",
    "BartForConditionalGeneration",
    "BartForSequenceClassification"
  ],
  "attention_dropout": 0.1,
  "bos_token_id": 0,
  "classif_dropout": 0.0,
  "d_model": 768,
  "decoder_attention_heads": 12,
  "decoder_ffn_dim": 3072,
  "decoder_layerdrop": 0.0,
  "decoder_layers": 6,
  "decoder_start_token_id": 2,
  "dropout": 0.1,
  "early_stopping": true,
  "encoder_attention_heads": 12,
  "encoder_ffn_dim": 3072,
  "encoder_layerdrop": 0.0,
  "encoder_layers": 6,
  "eos_token_id": 2,
  "id2label": {
    "0": "LABEL_0",
    "1": "LABEL_1",
    "2": "LABEL_2"
  },
  "init_std": 0.02,
  "is_encoder_decoder": true,
  "label2id": {
    "LABEL_0": 0,
    "LABEL_1": 1,
    "LABEL_2": 2
  },
  "max_position_embeddings": 1024,
  "model_type": "bart",
  "no_repeat_ngram_size": 3,
  "normalize_before": false,
  "normalize_embedding": true,
  "num_beams": 4,
  "num_hidden_layers": 6,
  "pad_token_id": 1,
  "scale_embedding": false,
  "static_position_embeddings": false,
  "task_specific_params": {
    "summarization": {
      "length_penalty": 1.0,
      "max_length": 128,
      "min_length": 12,
      "num_beams": 4
    },
    "summarization_cnn": {
      "length_penalty": 2.0,
      "max_length": 142,
      "min_length": 56,
      "num_beams": 4
    },
    "summarization_xsum": {
      "length_penalty": 1.0,
      "max_length": 62,
      "min_length": 11,
      "num_beams": 6
    }
  },
  "vocab_size": 50265
}

10/20/2021 16:31:42 - INFO - transformers.modeling_utils - loading weights file https://cdn.huggingface.co/facebook/bart-base/pytorch_model.bin from cache at /private/home/yuchenlin/.cache/torch/transformers/566c05fb6983817e8ad7a4fa51e3099fe9caa3b31730f964bc5198d71c677523.0a3d95c18c1e434448941bc25accea7b122882be6526fb67c8e8fb6d5ebc711c
10/20/2021 16:31:45 - INFO - semanticdebugger.debug_algs.run_lifelong_finetune - Loading checkpoint from out/mrqa_naturalquestions_bart-base_0617v4/best-model.pt for facebook/bart-base ..... Done!
10/20/2021 16:31:51 - INFO - semanticdebugger.debug_algs.run_lifelong_finetune - Moving to the GPUs.
10/20/2021 16:31:51 - INFO - semanticdebugger.debug_algs.run_lifelong_finetune - Starting Round 0 ....
10/20/2021 16:31:51 - INFO - semanticdebugger.debug_algs.run_lifelong_finetune - Active Seed = 67450
10/20/2021 16:31:51 - INFO - semanticdebugger.debug_algs.run_lifelong_finetune - Set up the initial memory with 10000 examples.
10/20/2021 16:31:51 - INFO - semanticdebugger.debug_algs.run_lifelong_finetune - Initial memory size: 10000
10/20/2021 16:31:54 - INFO - semanticdebugger.debug_algs.run_lifelong_finetune - Not creating the replay-stream for evaluation.
10/20/2021 16:31:55 - INFO - semanticdebugger.debug_algs.run_lifelong_finetune - Debugger Setup ......
10/20/2021 16:31:55 - INFO - semanticdebugger.debug_algs.run_lifelong_finetune - debugger_args: Namespace(adam_epsilon=1e-08, gradient_accumulation_steps=1, learning_rate=1e-05, max_grad_norm=0.1, num_epochs=5.0, overtime_ckpt_dir=None, save_all_ckpts=0, skip_instant_eval=False, total_steps=10000, warmup_steps=0, weight_decay=0.01) ......
10/20/2021 16:31:55 - INFO - semanticdebugger.debug_algs.run_lifelong_finetune - optimizer & scheduler Setup ...... Done!
10/20/2021 16:31:55 - INFO - semanticdebugger.debug_algs.run_lifelong_finetune - Debugger Setup ...... Done!
10/20/2021 16:31:55 - INFO - semanticdebugger.debug_algs.run_lifelong_finetune - Start Mining Distant Supervision (as online debugging).
10/20/2021 16:31:55 - INFO - semanticdebugger.debug_algs.run_lifelong_finetune - Number of Batches of Data: 50
10/20/2021 16:31:55 - INFO - semanticdebugger.debug_algs.run_lifelong_finetune - Data Batch Size: 16;
10/20/2021 16:31:55 - INFO - semanticdebugger.debug_algs.run_lifelong_finetune - Start bug-fixing .... Timecode: 0
10/20/2021 16:31:58 - INFO - semanticdebugger.debug_algs.run_lifelong_finetune - Start bug-fixing .... Done!
10/20/2021 16:31:58 - INFO - semanticdebugger.debug_algs.run_lifelong_finetune - Randomly retrieve from the memory. `query_examples` not used
10/20/2021 16:32:05 - INFO - semanticdebugger.debug_algs.run_lifelong_finetune - Using initial model as the before model for computing query vecs.
10/20/2021 16:32:06 - INFO - semanticdebugger.debug_algs.run_lifelong_finetune - Get an instance for supervision at 1
10/20/2021 16:32:06 - INFO - semanticdebugger.debug_algs.run_lifelong_finetune - Save 16 examples to the memory.
10/20/2021 16:32:06 - INFO - semanticdebugger.debug_algs.run_lifelong_finetune - optimizer & scheduler Setup ...... Done!
10/20/2021 16:32:11 - INFO - semanticdebugger.debug_algs.run_lifelong_finetune - Start bug-fixing .... Timecode: 1
10/20/2021 16:32:14 - INFO - semanticdebugger.debug_algs.run_lifelong_finetune - Start bug-fixing .... Done!
10/20/2021 16:32:14 - INFO - semanticdebugger.debug_algs.run_lifelong_finetune - Randomly retrieve from the memory. `query_examples` not used
10/20/2021 16:32:21 - INFO - semanticdebugger.debug_algs.run_lifelong_finetune - Using initial model as the before model for computing query vecs.
10/20/2021 16:32:22 - INFO - semanticdebugger.debug_algs.run_lifelong_finetune - Get an instance for supervision at 2
10/20/2021 16:32:22 - INFO - semanticdebugger.debug_algs.run_lifelong_finetune - Save 16 examples to the memory.
10/20/2021 16:32:22 - INFO - semanticdebugger.debug_algs.run_lifelong_finetune - optimizer & scheduler Setup ...... Done!
10/20/2021 16:32:27 - INFO - semanticdebugger.debug_algs.run_lifelong_finetune - Start bug-fixing .... Timecode: 2
10/20/2021 16:32:30 - INFO - semanticdebugger.debug_algs.run_lifelong_finetune - Start bug-fixing .... Done!
10/20/2021 16:32:30 - INFO - semanticdebugger.debug_algs.run_lifelong_finetune - Randomly retrieve from the memory. `query_examples` not used
10/20/2021 16:32:38 - INFO - semanticdebugger.debug_algs.run_lifelong_finetune - Using initial model as the before model for computing query vecs.
10/20/2021 16:32:38 - INFO - semanticdebugger.debug_algs.run_lifelong_finetune - Get an instance for supervision at 3
10/20/2021 16:32:38 - INFO - semanticdebugger.debug_algs.run_lifelong_finetune - Save 16 examples to the memory.
10/20/2021 16:32:38 - INFO - semanticdebugger.debug_algs.run_lifelong_finetune - optimizer & scheduler Setup ...... Done!
10/20/2021 16:32:44 - INFO - semanticdebugger.debug_algs.run_lifelong_finetune - Start bug-fixing .... Timecode: 3
10/20/2021 16:32:46 - INFO - semanticdebugger.debug_algs.run_lifelong_finetune - Start bug-fixing .... Done!
10/20/2021 16:32:46 - INFO - semanticdebugger.debug_algs.run_lifelong_finetune - Randomly retrieve from the memory. `query_examples` not used
10/20/2021 16:32:54 - INFO - semanticdebugger.debug_algs.run_lifelong_finetune - Using initial model as the before model for computing query vecs.
10/20/2021 16:32:54 - INFO - semanticdebugger.debug_algs.run_lifelong_finetune - Get an instance for supervision at 4
10/20/2021 16:32:54 - INFO - semanticdebugger.debug_algs.run_lifelong_finetune - Save 16 examples to the memory.
10/20/2021 16:32:54 - INFO - semanticdebugger.debug_algs.run_lifelong_finetune - optimizer & scheduler Setup ...... Done!
10/20/2021 16:33:00 - INFO - semanticdebugger.debug_algs.run_lifelong_finetune - Start bug-fixing .... Timecode: 4
10/20/2021 16:33:02 - INFO - semanticdebugger.debug_algs.run_lifelong_finetune - Start bug-fixing .... Done!
10/20/2021 16:33:02 - INFO - semanticdebugger.debug_algs.run_lifelong_finetune - Randomly retrieve from the memory. `query_examples` not used
10/20/2021 16:33:10 - INFO - semanticdebugger.debug_algs.run_lifelong_finetune - Using initial model as the before model for computing query vecs.
10/20/2021 16:33:10 - INFO - semanticdebugger.debug_algs.run_lifelong_finetune - Get an instance for supervision at 5
10/20/2021 16:33:10 - INFO - semanticdebugger.debug_algs.run_lifelong_finetune - Save 16 examples to the memory.
10/20/2021 16:33:10 - INFO - semanticdebugger.debug_algs.run_lifelong_finetune - optimizer & scheduler Setup ...... Done!
10/20/2021 16:33:16 - INFO - semanticdebugger.debug_algs.run_lifelong_finetune - Start bug-fixing .... Timecode: 5
10/20/2021 16:33:18 - INFO - semanticdebugger.debug_algs.run_lifelong_finetune - Start bug-fixing .... Done!
10/20/2021 16:33:18 - INFO - semanticdebugger.debug_algs.run_lifelong_finetune - Randomly retrieve from the memory. `query_examples` not used
10/20/2021 16:33:25 - INFO - semanticdebugger.debug_algs.run_lifelong_finetune - Using initial model as the before model for computing query vecs.
10/20/2021 16:33:26 - INFO - semanticdebugger.debug_algs.run_lifelong_finetune - Get an instance for supervision at 6
10/20/2021 16:33:26 - INFO - semanticdebugger.debug_algs.run_lifelong_finetune - Save 16 examples to the memory.
10/20/2021 16:33:26 - INFO - semanticdebugger.debug_algs.run_lifelong_finetune - optimizer & scheduler Setup ...... Done!
10/20/2021 16:33:31 - INFO - semanticdebugger.debug_algs.run_lifelong_finetune - Start bug-fixing .... Timecode: 6
10/20/2021 16:33:34 - INFO - semanticdebugger.debug_algs.run_lifelong_finetune - Start bug-fixing .... Done!
10/20/2021 16:33:34 - INFO - semanticdebugger.debug_algs.run_lifelong_finetune - Randomly retrieve from the memory. `query_examples` not used
10/20/2021 16:33:41 - INFO - semanticdebugger.debug_algs.run_lifelong_finetune - Using initial model as the before model for computing query vecs.
10/20/2021 16:33:42 - INFO - semanticdebugger.debug_algs.run_lifelong_finetune - Get an instance for supervision at 7
10/20/2021 16:33:42 - INFO - semanticdebugger.debug_algs.run_lifelong_finetune - Save 16 examples to the memory.
10/20/2021 16:33:42 - INFO - semanticdebugger.debug_algs.run_lifelong_finetune - optimizer & scheduler Setup ...... Done!
10/20/2021 16:33:47 - INFO - semanticdebugger.debug_algs.run_lifelong_finetune - Start bug-fixing .... Timecode: 7
10/20/2021 16:33:50 - INFO - semanticdebugger.debug_algs.run_lifelong_finetune - Start bug-fixing .... Done!
10/20/2021 16:33:50 - INFO - semanticdebugger.debug_algs.run_lifelong_finetune - Randomly retrieve from the memory. `query_examples` not used
10/20/2021 16:33:57 - INFO - semanticdebugger.debug_algs.run_lifelong_finetune - Using initial model as the before model for computing query vecs.
10/20/2021 16:33:57 - INFO - semanticdebugger.debug_algs.run_lifelong_finetune - Get an instance for supervision at 8
10/20/2021 16:33:57 - INFO - semanticdebugger.debug_algs.run_lifelong_finetune - Save 16 examples to the memory.
10/20/2021 16:33:57 - INFO - semanticdebugger.debug_algs.run_lifelong_finetune - optimizer & scheduler Setup ...... Done!
10/20/2021 16:34:03 - INFO - semanticdebugger.debug_algs.run_lifelong_finetune - Start bug-fixing .... Timecode: 8
10/20/2021 16:34:05 - INFO - semanticdebugger.debug_algs.run_lifelong_finetune - Start bug-fixing .... Done!
10/20/2021 16:34:05 - INFO - semanticdebugger.debug_algs.run_lifelong_finetune - Randomly retrieve from the memory. `query_examples` not used
10/20/2021 16:34:13 - INFO - semanticdebugger.debug_algs.run_lifelong_finetune - Using initial model as the before model for computing query vecs.
10/20/2021 16:34:13 - INFO - semanticdebugger.debug_algs.run_lifelong_finetune - Get an instance for supervision at 9
10/20/2021 16:34:13 - INFO - semanticdebugger.debug_algs.run_lifelong_finetune - Save 16 examples to the memory.
10/20/2021 16:34:13 - INFO - semanticdebugger.debug_algs.run_lifelong_finetune - optimizer & scheduler Setup ...... Done!
10/20/2021 16:34:19 - INFO - semanticdebugger.debug_algs.run_lifelong_finetune - Start bug-fixing .... Timecode: 9
10/20/2021 16:34:21 - INFO - semanticdebugger.debug_algs.run_lifelong_finetune - Start bug-fixing .... Done!
10/20/2021 16:34:21 - INFO - semanticdebugger.debug_algs.run_lifelong_finetune - Randomly retrieve from the memory. `query_examples` not used
10/20/2021 16:34:29 - INFO - semanticdebugger.debug_algs.run_lifelong_finetune - Using initial model as the before model for computing query vecs.
10/20/2021 16:34:29 - INFO - semanticdebugger.debug_algs.run_lifelong_finetune - Get an instance for supervision at 10
10/20/2021 16:34:29 - INFO - semanticdebugger.debug_algs.run_lifelong_finetune - Save 16 examples to the memory.
10/20/2021 16:34:29 - INFO - semanticdebugger.debug_algs.run_lifelong_finetune - optimizer & scheduler Setup ...... Done!
10/20/2021 16:34:35 - INFO - semanticdebugger.debug_algs.run_lifelong_finetune - Start bug-fixing .... Timecode: 10
10/20/2021 16:34:37 - INFO - semanticdebugger.debug_algs.run_lifelong_finetune - Start bug-fixing .... Done!
10/20/2021 16:34:37 - INFO - semanticdebugger.debug_algs.run_lifelong_finetune - Randomly retrieve from the memory. `query_examples` not used
10/20/2021 16:34:44 - INFO - semanticdebugger.debug_algs.run_lifelong_finetune - Using initial model as the before model for computing query vecs.
10/20/2021 16:34:45 - INFO - semanticdebugger.debug_algs.run_lifelong_finetune - Get an instance for supervision at 11
10/20/2021 16:34:45 - INFO - semanticdebugger.debug_algs.run_lifelong_finetune - Save 16 examples to the memory.
10/20/2021 16:34:45 - INFO - semanticdebugger.debug_algs.run_lifelong_finetune - optimizer & scheduler Setup ...... Done!
10/20/2021 16:34:50 - INFO - semanticdebugger.debug_algs.run_lifelong_finetune - Start bug-fixing .... Timecode: 11
10/20/2021 16:34:53 - INFO - semanticdebugger.debug_algs.run_lifelong_finetune - Start bug-fixing .... Done!
10/20/2021 16:34:53 - INFO - semanticdebugger.debug_algs.run_lifelong_finetune - Randomly retrieve from the memory. `query_examples` not used
10/20/2021 16:35:00 - INFO - semanticdebugger.debug_algs.run_lifelong_finetune - Using initial model as the before model for computing query vecs.
10/20/2021 16:35:01 - INFO - semanticdebugger.debug_algs.run_lifelong_finetune - Get an instance for supervision at 12
10/20/2021 16:35:01 - INFO - semanticdebugger.debug_algs.run_lifelong_finetune - Save 16 examples to the memory.
10/20/2021 16:35:01 - INFO - semanticdebugger.debug_algs.run_lifelong_finetune - optimizer & scheduler Setup ...... Done!
10/20/2021 16:35:06 - INFO - semanticdebugger.debug_algs.run_lifelong_finetune - Start bug-fixing .... Timecode: 12
10/20/2021 16:35:09 - INFO - semanticdebugger.debug_algs.run_lifelong_finetune - Start bug-fixing .... Done!
10/20/2021 16:35:09 - INFO - semanticdebugger.debug_algs.run_lifelong_finetune - Randomly retrieve from the memory. `query_examples` not used
10/20/2021 16:35:16 - INFO - semanticdebugger.debug_algs.run_lifelong_finetune - Using initial model as the before model for computing query vecs.
10/20/2021 16:35:17 - INFO - semanticdebugger.debug_algs.run_lifelong_finetune - Get an instance for supervision at 13
10/20/2021 16:35:17 - INFO - semanticdebugger.debug_algs.run_lifelong_finetune - Save 16 examples to the memory.
10/20/2021 16:35:17 - INFO - semanticdebugger.debug_algs.run_lifelong_finetune - optimizer & scheduler Setup ...... Done!
10/20/2021 16:35:22 - INFO - semanticdebugger.debug_algs.run_lifelong_finetune - Start bug-fixing .... Timecode: 13
10/20/2021 16:35:25 - INFO - semanticdebugger.debug_algs.run_lifelong_finetune - Start bug-fixing .... Done!
10/20/2021 16:35:25 - INFO - semanticdebugger.debug_algs.run_lifelong_finetune - Randomly retrieve from the memory. `query_examples` not used
10/20/2021 16:35:32 - INFO - semanticdebugger.debug_algs.run_lifelong_finetune - Using initial model as the before model for computing query vecs.
10/20/2021 16:35:33 - INFO - semanticdebugger.debug_algs.run_lifelong_finetune - Get an instance for supervision at 14
10/20/2021 16:35:33 - INFO - semanticdebugger.debug_algs.run_lifelong_finetune - Save 16 examples to the memory.
10/20/2021 16:35:33 - INFO - semanticdebugger.debug_algs.run_lifelong_finetune - optimizer & scheduler Setup ...... Done!
10/20/2021 16:35:38 - INFO - semanticdebugger.debug_algs.run_lifelong_finetune - Start bug-fixing .... Timecode: 14
10/20/2021 16:35:41 - INFO - semanticdebugger.debug_algs.run_lifelong_finetune - Start bug-fixing .... Done!
10/20/2021 16:35:41 - INFO - semanticdebugger.debug_algs.run_lifelong_finetune - Randomly retrieve from the memory. `query_examples` not used
10/20/2021 16:35:48 - INFO - semanticdebugger.debug_algs.run_lifelong_finetune - Using initial model as the before model for computing query vecs.
10/20/2021 16:35:49 - INFO - semanticdebugger.debug_algs.run_lifelong_finetune - Get an instance for supervision at 15
10/20/2021 16:35:49 - INFO - semanticdebugger.debug_algs.run_lifelong_finetune - Save 16 examples to the memory.
10/20/2021 16:35:49 - INFO - semanticdebugger.debug_algs.run_lifelong_finetune - optimizer & scheduler Setup ...... Done!
10/20/2021 16:35:55 - INFO - semanticdebugger.debug_algs.run_lifelong_finetune - Start bug-fixing .... Timecode: 15
10/20/2021 16:35:57 - INFO - semanticdebugger.debug_algs.run_lifelong_finetune - Start bug-fixing .... Done!
10/20/2021 16:35:57 - INFO - semanticdebugger.debug_algs.run_lifelong_finetune - Randomly retrieve from the memory. `query_examples` not used
10/20/2021 16:36:04 - INFO - semanticdebugger.debug_algs.run_lifelong_finetune - Using initial model as the before model for computing query vecs.
10/20/2021 16:36:05 - INFO - semanticdebugger.debug_algs.run_lifelong_finetune - Get an instance for supervision at 16
10/20/2021 16:36:05 - INFO - semanticdebugger.debug_algs.run_lifelong_finetune - Save 16 examples to the memory.
10/20/2021 16:36:05 - INFO - semanticdebugger.debug_algs.run_lifelong_finetune - optimizer & scheduler Setup ...... Done!
10/20/2021 16:36:10 - INFO - semanticdebugger.debug_algs.run_lifelong_finetune - Start bug-fixing .... Timecode: 16
10/20/2021 16:36:13 - INFO - semanticdebugger.debug_algs.run_lifelong_finetune - Start bug-fixing .... Done!
10/20/2021 16:36:13 - INFO - semanticdebugger.debug_algs.run_lifelong_finetune - Randomly retrieve from the memory. `query_examples` not used
10/20/2021 16:36:20 - INFO - semanticdebugger.debug_algs.run_lifelong_finetune - Using initial model as the before model for computing query vecs.
10/20/2021 16:36:21 - INFO - semanticdebugger.debug_algs.run_lifelong_finetune - Get an instance for supervision at 17
10/20/2021 16:36:21 - INFO - semanticdebugger.debug_algs.run_lifelong_finetune - Save 16 examples to the memory.
10/20/2021 16:36:21 - INFO - semanticdebugger.debug_algs.run_lifelong_finetune - optimizer & scheduler Setup ...... Done!
10/20/2021 16:36:26 - INFO - semanticdebugger.debug_algs.run_lifelong_finetune - Start bug-fixing .... Timecode: 17
10/20/2021 16:36:28 - INFO - semanticdebugger.debug_algs.run_lifelong_finetune - Start bug-fixing .... Done!
10/20/2021 16:36:29 - INFO - semanticdebugger.debug_algs.run_lifelong_finetune - Randomly retrieve from the memory. `query_examples` not used
10/20/2021 16:36:36 - INFO - semanticdebugger.debug_algs.run_lifelong_finetune - Using initial model as the before model for computing query vecs.
10/20/2021 16:36:36 - INFO - semanticdebugger.debug_algs.run_lifelong_finetune - Get an instance for supervision at 18
10/20/2021 16:36:36 - INFO - semanticdebugger.debug_algs.run_lifelong_finetune - Save 16 examples to the memory.
10/20/2021 16:36:36 - INFO - semanticdebugger.debug_algs.run_lifelong_finetune - optimizer & scheduler Setup ...... Done!
10/20/2021 16:36:42 - INFO - semanticdebugger.debug_algs.run_lifelong_finetune - Start bug-fixing .... Timecode: 18
10/20/2021 16:36:44 - INFO - semanticdebugger.debug_algs.run_lifelong_finetune - Start bug-fixing .... Done!
10/20/2021 16:36:44 - INFO - semanticdebugger.debug_algs.run_lifelong_finetune - Randomly retrieve from the memory. `query_examples` not used
10/20/2021 16:36:52 - INFO - semanticdebugger.debug_algs.run_lifelong_finetune - Using initial model as the before model for computing query vecs.
10/20/2021 16:36:52 - INFO - semanticdebugger.debug_algs.run_lifelong_finetune - Get an instance for supervision at 19
10/20/2021 16:36:52 - INFO - semanticdebugger.debug_algs.run_lifelong_finetune - Save 16 examples to the memory.
10/20/2021 16:36:52 - INFO - semanticdebugger.debug_algs.run_lifelong_finetune - optimizer & scheduler Setup ...... Done!
10/20/2021 16:36:58 - INFO - semanticdebugger.debug_algs.run_lifelong_finetune - Start bug-fixing .... Timecode: 19
10/20/2021 16:37:00 - INFO - semanticdebugger.debug_algs.run_lifelong_finetune - Start bug-fixing .... Done!
10/20/2021 16:37:00 - INFO - semanticdebugger.debug_algs.run_lifelong_finetune - Randomly retrieve from the memory. `query_examples` not used
10/20/2021 16:37:07 - INFO - semanticdebugger.debug_algs.run_lifelong_finetune - Using initial model as the before model for computing query vecs.
10/20/2021 16:37:08 - INFO - semanticdebugger.debug_algs.run_lifelong_finetune - Get an instance for supervision at 20
10/20/2021 16:37:08 - INFO - semanticdebugger.debug_algs.run_lifelong_finetune - Save 16 examples to the memory.
10/20/2021 16:37:08 - INFO - semanticdebugger.debug_algs.run_lifelong_finetune - optimizer & scheduler Setup ...... Done!
10/20/2021 16:37:13 - INFO - semanticdebugger.debug_algs.run_lifelong_finetune - Start bug-fixing .... Timecode: 20
10/20/2021 16:37:16 - INFO - semanticdebugger.debug_algs.run_lifelong_finetune - Start bug-fixing .... Done!
10/20/2021 16:37:16 - INFO - semanticdebugger.debug_algs.run_lifelong_finetune - Randomly retrieve from the memory. `query_examples` not used
10/20/2021 16:37:23 - INFO - semanticdebugger.debug_algs.run_lifelong_finetune - Using initial model as the before model for computing query vecs.
10/20/2021 16:37:24 - INFO - semanticdebugger.debug_algs.run_lifelong_finetune - Get an instance for supervision at 21
10/20/2021 16:37:24 - INFO - semanticdebugger.debug_algs.run_lifelong_finetune - Save 16 examples to the memory.
10/20/2021 16:37:24 - INFO - semanticdebugger.debug_algs.run_lifelong_finetune - optimizer & scheduler Setup ...... Done!
10/20/2021 16:37:29 - INFO - semanticdebugger.debug_algs.run_lifelong_finetune - Start bug-fixing .... Timecode: 21
10/20/2021 16:37:32 - INFO - semanticdebugger.debug_algs.run_lifelong_finetune - Start bug-fixing .... Done!
10/20/2021 16:37:32 - INFO - semanticdebugger.debug_algs.run_lifelong_finetune - Randomly retrieve from the memory. `query_examples` not used
10/20/2021 16:37:39 - INFO - semanticdebugger.debug_algs.run_lifelong_finetune - Using initial model as the before model for computing query vecs.
10/20/2021 16:37:40 - INFO - semanticdebugger.debug_algs.run_lifelong_finetune - Get an instance for supervision at 22
10/20/2021 16:37:40 - INFO - semanticdebugger.debug_algs.run_lifelong_finetune - Save 16 examples to the memory.
10/20/2021 16:37:40 - INFO - semanticdebugger.debug_algs.run_lifelong_finetune - optimizer & scheduler Setup ...... Done!
10/20/2021 16:37:46 - INFO - semanticdebugger.debug_algs.run_lifelong_finetune - Start bug-fixing .... Timecode: 22
10/20/2021 16:37:48 - INFO - semanticdebugger.debug_algs.run_lifelong_finetune - Start bug-fixing .... Done!
10/20/2021 16:37:48 - INFO - semanticdebugger.debug_algs.run_lifelong_finetune - Randomly retrieve from the memory. `query_examples` not used
10/20/2021 16:37:56 - INFO - semanticdebugger.debug_algs.run_lifelong_finetune - Using initial model as the before model for computing query vecs.
10/20/2021 16:37:56 - INFO - semanticdebugger.debug_algs.run_lifelong_finetune - Get an instance for supervision at 23
10/20/2021 16:37:56 - INFO - semanticdebugger.debug_algs.run_lifelong_finetune - Save 16 examples to the memory.
10/20/2021 16:37:56 - INFO - semanticdebugger.debug_algs.run_lifelong_finetune - optimizer & scheduler Setup ...... Done!
10/20/2021 16:38:02 - INFO - semanticdebugger.debug_algs.run_lifelong_finetune - Start bug-fixing .... Timecode: 23
10/20/2021 16:38:05 - INFO - semanticdebugger.debug_algs.run_lifelong_finetune - Start bug-fixing .... Done!
10/20/2021 16:38:05 - INFO - semanticdebugger.debug_algs.run_lifelong_finetune - Randomly retrieve from the memory. `query_examples` not used
10/20/2021 16:38:12 - INFO - semanticdebugger.debug_algs.run_lifelong_finetune - Using initial model as the before model for computing query vecs.
10/20/2021 16:38:13 - INFO - semanticdebugger.debug_algs.run_lifelong_finetune - Get an instance for supervision at 24
10/20/2021 16:38:13 - INFO - semanticdebugger.debug_algs.run_lifelong_finetune - Save 16 examples to the memory.
10/20/2021 16:38:13 - INFO - semanticdebugger.debug_algs.run_lifelong_finetune - optimizer & scheduler Setup ...... Done!
10/20/2021 16:38:18 - INFO - semanticdebugger.debug_algs.run_lifelong_finetune - Start bug-fixing .... Timecode: 24
10/20/2021 16:38:21 - INFO - semanticdebugger.debug_algs.run_lifelong_finetune - Start bug-fixing .... Done!
10/20/2021 16:38:21 - INFO - semanticdebugger.debug_algs.run_lifelong_finetune - Randomly retrieve from the memory. `query_examples` not used
10/20/2021 16:38:28 - INFO - semanticdebugger.debug_algs.run_lifelong_finetune - Using initial model as the before model for computing query vecs.
10/20/2021 16:38:29 - INFO - semanticdebugger.debug_algs.run_lifelong_finetune - Get an instance for supervision at 25
10/20/2021 16:38:29 - INFO - semanticdebugger.debug_algs.run_lifelong_finetune - Save 16 examples to the memory.
10/20/2021 16:38:29 - INFO - semanticdebugger.debug_algs.run_lifelong_finetune - optimizer & scheduler Setup ...... Done!
10/20/2021 16:38:35 - INFO - semanticdebugger.debug_algs.run_lifelong_finetune - Start bug-fixing .... Timecode: 25
10/20/2021 16:38:37 - INFO - semanticdebugger.debug_algs.run_lifelong_finetune - Start bug-fixing .... Done!
10/20/2021 16:38:37 - INFO - semanticdebugger.debug_algs.run_lifelong_finetune - Randomly retrieve from the memory. `query_examples` not used
10/20/2021 16:38:45 - INFO - semanticdebugger.debug_algs.run_lifelong_finetune - Using initial model as the before model for computing query vecs.
10/20/2021 16:38:45 - INFO - semanticdebugger.debug_algs.run_lifelong_finetune - Get an instance for supervision at 26
10/20/2021 16:38:45 - INFO - semanticdebugger.debug_algs.run_lifelong_finetune - Save 16 examples to the memory.
10/20/2021 16:38:45 - INFO - semanticdebugger.debug_algs.run_lifelong_finetune - optimizer & scheduler Setup ...... Done!
10/20/2021 16:38:50 - INFO - semanticdebugger.debug_algs.run_lifelong_finetune - Start bug-fixing .... Timecode: 26
10/20/2021 16:38:53 - INFO - semanticdebugger.debug_algs.run_lifelong_finetune - Start bug-fixing .... Done!
10/20/2021 16:38:53 - INFO - semanticdebugger.debug_algs.run_lifelong_finetune - Randomly retrieve from the memory. `query_examples` not used
10/20/2021 16:39:00 - INFO - semanticdebugger.debug_algs.run_lifelong_finetune - Using initial model as the before model for computing query vecs.
10/20/2021 16:39:01 - INFO - semanticdebugger.debug_algs.run_lifelong_finetune - Get an instance for supervision at 27
10/20/2021 16:39:01 - INFO - semanticdebugger.debug_algs.run_lifelong_finetune - Save 16 examples to the memory.
10/20/2021 16:39:01 - INFO - semanticdebugger.debug_algs.run_lifelong_finetune - optimizer & scheduler Setup ...... Done!
10/20/2021 16:39:06 - INFO - semanticdebugger.debug_algs.run_lifelong_finetune - Start bug-fixing .... Timecode: 27
10/20/2021 16:39:09 - INFO - semanticdebugger.debug_algs.run_lifelong_finetune - Start bug-fixing .... Done!
10/20/2021 16:39:09 - INFO - semanticdebugger.debug_algs.run_lifelong_finetune - Randomly retrieve from the memory. `query_examples` not used
10/20/2021 16:39:16 - INFO - semanticdebugger.debug_algs.run_lifelong_finetune - Using initial model as the before model for computing query vecs.
10/20/2021 16:39:17 - INFO - semanticdebugger.debug_algs.run_lifelong_finetune - Get an instance for supervision at 28
10/20/2021 16:39:17 - INFO - semanticdebugger.debug_algs.run_lifelong_finetune - Save 16 examples to the memory.
10/20/2021 16:39:17 - INFO - semanticdebugger.debug_algs.run_lifelong_finetune - optimizer & scheduler Setup ...... Done!
10/20/2021 16:39:23 - INFO - semanticdebugger.debug_algs.run_lifelong_finetune - Start bug-fixing .... Timecode: 28
10/20/2021 16:39:25 - INFO - semanticdebugger.debug_algs.run_lifelong_finetune - Start bug-fixing .... Done!
10/20/2021 16:39:25 - INFO - semanticdebugger.debug_algs.run_lifelong_finetune - Randomly retrieve from the memory. `query_examples` not used
10/20/2021 16:39:33 - INFO - semanticdebugger.debug_algs.run_lifelong_finetune - Using initial model as the before model for computing query vecs.
10/20/2021 16:39:33 - INFO - semanticdebugger.debug_algs.run_lifelong_finetune - Get an instance for supervision at 29
10/20/2021 16:39:33 - INFO - semanticdebugger.debug_algs.run_lifelong_finetune - Save 16 examples to the memory.
10/20/2021 16:39:33 - INFO - semanticdebugger.debug_algs.run_lifelong_finetune - optimizer & scheduler Setup ...... Done!
10/20/2021 16:39:39 - INFO - semanticdebugger.debug_algs.run_lifelong_finetune - Start bug-fixing .... Timecode: 29
10/20/2021 16:39:42 - INFO - semanticdebugger.debug_algs.run_lifelong_finetune - Start bug-fixing .... Done!
10/20/2021 16:39:42 - INFO - semanticdebugger.debug_algs.run_lifelong_finetune - Randomly retrieve from the memory. `query_examples` not used
10/20/2021 16:39:49 - INFO - semanticdebugger.debug_algs.run_lifelong_finetune - Using initial model as the before model for computing query vecs.
10/20/2021 16:39:50 - INFO - semanticdebugger.debug_algs.run_lifelong_finetune - Get an instance for supervision at 30
10/20/2021 16:39:50 - INFO - semanticdebugger.debug_algs.run_lifelong_finetune - Save 16 examples to the memory.
10/20/2021 16:39:50 - INFO - semanticdebugger.debug_algs.run_lifelong_finetune - optimizer & scheduler Setup ...... Done!
10/20/2021 16:39:55 - INFO - semanticdebugger.debug_algs.run_lifelong_finetune - Start bug-fixing .... Timecode: 30
10/20/2021 16:39:58 - INFO - semanticdebugger.debug_algs.run_lifelong_finetune - Start bug-fixing .... Done!
10/20/2021 16:39:58 - INFO - semanticdebugger.debug_algs.run_lifelong_finetune - Randomly retrieve from the memory. `query_examples` not used
10/20/2021 16:40:06 - INFO - semanticdebugger.debug_algs.run_lifelong_finetune - Using initial model as the before model for computing query vecs.
10/20/2021 16:40:06 - INFO - semanticdebugger.debug_algs.run_lifelong_finetune - Get an instance for supervision at 31
10/20/2021 16:40:06 - INFO - semanticdebugger.debug_algs.run_lifelong_finetune - Save 16 examples to the memory.
10/20/2021 16:40:06 - INFO - semanticdebugger.debug_algs.run_lifelong_finetune - optimizer & scheduler Setup ...... Done!
10/20/2021 16:40:12 - INFO - semanticdebugger.debug_algs.run_lifelong_finetune - Start bug-fixing .... Timecode: 31
10/20/2021 16:40:14 - INFO - semanticdebugger.debug_algs.run_lifelong_finetune - Start bug-fixing .... Done!
10/20/2021 16:40:14 - INFO - semanticdebugger.debug_algs.run_lifelong_finetune - Randomly retrieve from the memory. `query_examples` not used
10/20/2021 16:40:22 - INFO - semanticdebugger.debug_algs.run_lifelong_finetune - Using initial model as the before model for computing query vecs.
10/20/2021 16:40:22 - INFO - semanticdebugger.debug_algs.run_lifelong_finetune - Get an instance for supervision at 32
10/20/2021 16:40:22 - INFO - semanticdebugger.debug_algs.run_lifelong_finetune - Save 16 examples to the memory.
10/20/2021 16:40:22 - INFO - semanticdebugger.debug_algs.run_lifelong_finetune - optimizer & scheduler Setup ...... Done!
10/20/2021 16:40:28 - INFO - semanticdebugger.debug_algs.run_lifelong_finetune - Start bug-fixing .... Timecode: 32
10/20/2021 16:40:31 - INFO - semanticdebugger.debug_algs.run_lifelong_finetune - Start bug-fixing .... Done!
10/20/2021 16:40:31 - INFO - semanticdebugger.debug_algs.run_lifelong_finetune - Randomly retrieve from the memory. `query_examples` not used
10/20/2021 16:40:38 - INFO - semanticdebugger.debug_algs.run_lifelong_finetune - Using initial model as the before model for computing query vecs.
10/20/2021 16:40:39 - INFO - semanticdebugger.debug_algs.run_lifelong_finetune - Get an instance for supervision at 33
10/20/2021 16:40:39 - INFO - semanticdebugger.debug_algs.run_lifelong_finetune - Save 16 examples to the memory.
10/20/2021 16:40:39 - INFO - semanticdebugger.debug_algs.run_lifelong_finetune - optimizer & scheduler Setup ...... Done!
10/20/2021 16:40:45 - INFO - semanticdebugger.debug_algs.run_lifelong_finetune - Start bug-fixing .... Timecode: 33
10/20/2021 16:40:47 - INFO - semanticdebugger.debug_algs.run_lifelong_finetune - Start bug-fixing .... Done!
10/20/2021 16:40:47 - INFO - semanticdebugger.debug_algs.run_lifelong_finetune - Randomly retrieve from the memory. `query_examples` not used
10/20/2021 16:40:55 - INFO - semanticdebugger.debug_algs.run_lifelong_finetune - Using initial model as the before model for computing query vecs.
10/20/2021 16:40:55 - INFO - semanticdebugger.debug_algs.run_lifelong_finetune - Get an instance for supervision at 34
10/20/2021 16:40:55 - INFO - semanticdebugger.debug_algs.run_lifelong_finetune - Save 16 examples to the memory.
10/20/2021 16:40:55 - INFO - semanticdebugger.debug_algs.run_lifelong_finetune - optimizer & scheduler Setup ...... Done!
10/20/2021 16:41:01 - INFO - semanticdebugger.debug_algs.run_lifelong_finetune - Start bug-fixing .... Timecode: 34
10/20/2021 16:41:04 - INFO - semanticdebugger.debug_algs.run_lifelong_finetune - Start bug-fixing .... Done!
10/20/2021 16:41:04 - INFO - semanticdebugger.debug_algs.run_lifelong_finetune - Randomly retrieve from the memory. `query_examples` not used
10/20/2021 16:41:11 - INFO - semanticdebugger.debug_algs.run_lifelong_finetune - Using initial model as the before model for computing query vecs.
10/20/2021 16:41:12 - INFO - semanticdebugger.debug_algs.run_lifelong_finetune - Get an instance for supervision at 35
10/20/2021 16:41:12 - INFO - semanticdebugger.debug_algs.run_lifelong_finetune - Save 16 examples to the memory.
10/20/2021 16:41:12 - INFO - semanticdebugger.debug_algs.run_lifelong_finetune - optimizer & scheduler Setup ...... Done!
10/20/2021 16:41:17 - INFO - semanticdebugger.debug_algs.run_lifelong_finetune - Start bug-fixing .... Timecode: 35
10/20/2021 16:41:20 - INFO - semanticdebugger.debug_algs.run_lifelong_finetune - Start bug-fixing .... Done!
10/20/2021 16:41:20 - INFO - semanticdebugger.debug_algs.run_lifelong_finetune - Randomly retrieve from the memory. `query_examples` not used
10/20/2021 16:41:27 - INFO - semanticdebugger.debug_algs.run_lifelong_finetune - Using initial model as the before model for computing query vecs.
10/20/2021 16:41:28 - INFO - semanticdebugger.debug_algs.run_lifelong_finetune - Get an instance for supervision at 36
10/20/2021 16:41:28 - INFO - semanticdebugger.debug_algs.run_lifelong_finetune - Save 16 examples to the memory.
10/20/2021 16:41:28 - INFO - semanticdebugger.debug_algs.run_lifelong_finetune - optimizer & scheduler Setup ...... Done!
10/20/2021 16:41:34 - INFO - semanticdebugger.debug_algs.run_lifelong_finetune - Start bug-fixing .... Timecode: 36
10/20/2021 16:41:36 - INFO - semanticdebugger.debug_algs.run_lifelong_finetune - Start bug-fixing .... Done!
10/20/2021 16:41:37 - INFO - semanticdebugger.debug_algs.run_lifelong_finetune - Randomly retrieve from the memory. `query_examples` not used
10/20/2021 16:41:44 - INFO - semanticdebugger.debug_algs.run_lifelong_finetune - Using initial model as the before model for computing query vecs.
10/20/2021 16:41:44 - INFO - semanticdebugger.debug_algs.run_lifelong_finetune - Get an instance for supervision at 37
10/20/2021 16:41:44 - INFO - semanticdebugger.debug_algs.run_lifelong_finetune - Save 16 examples to the memory.
10/20/2021 16:41:44 - INFO - semanticdebugger.debug_algs.run_lifelong_finetune - optimizer & scheduler Setup ...... Done!
10/20/2021 16:41:50 - INFO - semanticdebugger.debug_algs.run_lifelong_finetune - Start bug-fixing .... Timecode: 37
10/20/2021 16:41:53 - INFO - semanticdebugger.debug_algs.run_lifelong_finetune - Start bug-fixing .... Done!
10/20/2021 16:41:53 - INFO - semanticdebugger.debug_algs.run_lifelong_finetune - Randomly retrieve from the memory. `query_examples` not used
10/20/2021 16:42:00 - INFO - semanticdebugger.debug_algs.run_lifelong_finetune - Using initial model as the before model for computing query vecs.
10/20/2021 16:42:00 - INFO - semanticdebugger.debug_algs.run_lifelong_finetune - Get an instance for supervision at 38
10/20/2021 16:42:00 - INFO - semanticdebugger.debug_algs.run_lifelong_finetune - Save 16 examples to the memory.
10/20/2021 16:42:00 - INFO - semanticdebugger.debug_algs.run_lifelong_finetune - optimizer & scheduler Setup ...... Done!
10/20/2021 16:42:06 - INFO - semanticdebugger.debug_algs.run_lifelong_finetune - Start bug-fixing .... Timecode: 38
10/20/2021 16:42:08 - INFO - semanticdebugger.debug_algs.run_lifelong_finetune - Start bug-fixing .... Done!
10/20/2021 16:42:08 - INFO - semanticdebugger.debug_algs.run_lifelong_finetune - Randomly retrieve from the memory. `query_examples` not used
10/20/2021 16:42:15 - INFO - semanticdebugger.debug_algs.run_lifelong_finetune - Using initial model as the before model for computing query vecs.
10/20/2021 16:42:16 - INFO - semanticdebugger.debug_algs.run_lifelong_finetune - Get an instance for supervision at 39
10/20/2021 16:42:16 - INFO - semanticdebugger.debug_algs.run_lifelong_finetune - Save 16 examples to the memory.
10/20/2021 16:42:16 - INFO - semanticdebugger.debug_algs.run_lifelong_finetune - optimizer & scheduler Setup ...... Done!
10/20/2021 16:42:22 - INFO - semanticdebugger.debug_algs.run_lifelong_finetune - Start bug-fixing .... Timecode: 39
10/20/2021 16:42:24 - INFO - semanticdebugger.debug_algs.run_lifelong_finetune - Start bug-fixing .... Done!
10/20/2021 16:42:24 - INFO - semanticdebugger.debug_algs.run_lifelong_finetune - Randomly retrieve from the memory. `query_examples` not used
10/20/2021 16:42:32 - INFO - semanticdebugger.debug_algs.run_lifelong_finetune - Using initial model as the before model for computing query vecs.
10/20/2021 16:42:32 - INFO - semanticdebugger.debug_algs.run_lifelong_finetune - Get an instance for supervision at 40
10/20/2021 16:42:32 - INFO - semanticdebugger.debug_algs.run_lifelong_finetune - Save 16 examples to the memory.
10/20/2021 16:42:32 - INFO - semanticdebugger.debug_algs.run_lifelong_finetune - optimizer & scheduler Setup ...... Done!
10/20/2021 16:42:38 - INFO - semanticdebugger.debug_algs.run_lifelong_finetune - Start bug-fixing .... Timecode: 40
10/20/2021 16:42:40 - INFO - semanticdebugger.debug_algs.run_lifelong_finetune - Start bug-fixing .... Done!
10/20/2021 16:42:40 - INFO - semanticdebugger.debug_algs.run_lifelong_finetune - Randomly retrieve from the memory. `query_examples` not used
10/20/2021 16:42:47 - INFO - semanticdebugger.debug_algs.run_lifelong_finetune - Using initial model as the before model for computing query vecs.
10/20/2021 16:42:48 - INFO - semanticdebugger.debug_algs.run_lifelong_finetune - Get an instance for supervision at 41
10/20/2021 16:42:48 - INFO - semanticdebugger.debug_algs.run_lifelong_finetune - Save 16 examples to the memory.
10/20/2021 16:42:48 - INFO - semanticdebugger.debug_algs.run_lifelong_finetune - optimizer & scheduler Setup ...... Done!
10/20/2021 16:42:54 - INFO - semanticdebugger.debug_algs.run_lifelong_finetune - Start bug-fixing .... Timecode: 41
10/20/2021 16:42:56 - INFO - semanticdebugger.debug_algs.run_lifelong_finetune - Start bug-fixing .... Done!
10/20/2021 16:42:56 - INFO - semanticdebugger.debug_algs.run_lifelong_finetune - Randomly retrieve from the memory. `query_examples` not used
10/20/2021 16:43:03 - INFO - semanticdebugger.debug_algs.run_lifelong_finetune - Using initial model as the before model for computing query vecs.
10/20/2021 16:43:04 - INFO - semanticdebugger.debug_algs.run_lifelong_finetune - Get an instance for supervision at 42
10/20/2021 16:43:04 - INFO - semanticdebugger.debug_algs.run_lifelong_finetune - Save 16 examples to the memory.
10/20/2021 16:43:04 - INFO - semanticdebugger.debug_algs.run_lifelong_finetune - optimizer & scheduler Setup ...... Done!
10/20/2021 16:43:10 - INFO - semanticdebugger.debug_algs.run_lifelong_finetune - Start bug-fixing .... Timecode: 42
10/20/2021 16:43:12 - INFO - semanticdebugger.debug_algs.run_lifelong_finetune - Start bug-fixing .... Done!
10/20/2021 16:43:12 - INFO - semanticdebugger.debug_algs.run_lifelong_finetune - Randomly retrieve from the memory. `query_examples` not used
10/20/2021 16:43:19 - INFO - semanticdebugger.debug_algs.run_lifelong_finetune - Using initial model as the before model for computing query vecs.
10/20/2021 16:43:20 - INFO - semanticdebugger.debug_algs.run_lifelong_finetune - Get an instance for supervision at 43
10/20/2021 16:43:20 - INFO - semanticdebugger.debug_algs.run_lifelong_finetune - Save 16 examples to the memory.
10/20/2021 16:43:20 - INFO - semanticdebugger.debug_algs.run_lifelong_finetune - optimizer & scheduler Setup ...... Done!
10/20/2021 16:43:26 - INFO - semanticdebugger.debug_algs.run_lifelong_finetune - Start bug-fixing .... Timecode: 43
10/20/2021 16:43:28 - INFO - semanticdebugger.debug_algs.run_lifelong_finetune - Start bug-fixing .... Done!
10/20/2021 16:43:28 - INFO - semanticdebugger.debug_algs.run_lifelong_finetune - Randomly retrieve from the memory. `query_examples` not used
10/20/2021 16:43:36 - INFO - semanticdebugger.debug_algs.run_lifelong_finetune - Using initial model as the before model for computing query vecs.
10/20/2021 16:43:36 - INFO - semanticdebugger.debug_algs.run_lifelong_finetune - Get an instance for supervision at 44
10/20/2021 16:43:36 - INFO - semanticdebugger.debug_algs.run_lifelong_finetune - Save 16 examples to the memory.
10/20/2021 16:43:36 - INFO - semanticdebugger.debug_algs.run_lifelong_finetune - optimizer & scheduler Setup ...... Done!
10/20/2021 16:43:42 - INFO - semanticdebugger.debug_algs.run_lifelong_finetune - Start bug-fixing .... Timecode: 44
10/20/2021 16:43:44 - INFO - semanticdebugger.debug_algs.run_lifelong_finetune - Start bug-fixing .... Done!
10/20/2021 16:43:44 - INFO - semanticdebugger.debug_algs.run_lifelong_finetune - Randomly retrieve from the memory. `query_examples` not used
10/20/2021 16:43:52 - INFO - semanticdebugger.debug_algs.run_lifelong_finetune - Using initial model as the before model for computing query vecs.
10/20/2021 16:43:52 - INFO - semanticdebugger.debug_algs.run_lifelong_finetune - Get an instance for supervision at 45
10/20/2021 16:43:52 - INFO - semanticdebugger.debug_algs.run_lifelong_finetune - Save 16 examples to the memory.
10/20/2021 16:43:52 - INFO - semanticdebugger.debug_algs.run_lifelong_finetune - optimizer & scheduler Setup ...... Done!
10/20/2021 16:43:58 - INFO - semanticdebugger.debug_algs.run_lifelong_finetune - Start bug-fixing .... Timecode: 45
10/20/2021 16:44:00 - INFO - semanticdebugger.debug_algs.run_lifelong_finetune - Start bug-fixing .... Done!
10/20/2021 16:44:00 - INFO - semanticdebugger.debug_algs.run_lifelong_finetune - Randomly retrieve from the memory. `query_examples` not used
10/20/2021 16:44:08 - INFO - semanticdebugger.debug_algs.run_lifelong_finetune - Using initial model as the before model for computing query vecs.
10/20/2021 16:44:08 - INFO - semanticdebugger.debug_algs.run_lifelong_finetune - Get an instance for supervision at 46
10/20/2021 16:44:08 - INFO - semanticdebugger.debug_algs.run_lifelong_finetune - Save 16 examples to the memory.
10/20/2021 16:44:08 - INFO - semanticdebugger.debug_algs.run_lifelong_finetune - optimizer & scheduler Setup ...... Done!
10/20/2021 16:44:14 - INFO - semanticdebugger.debug_algs.run_lifelong_finetune - Start bug-fixing .... Timecode: 46
10/20/2021 16:44:17 - INFO - semanticdebugger.debug_algs.run_lifelong_finetune - Start bug-fixing .... Done!
10/20/2021 16:44:17 - INFO - semanticdebugger.debug_algs.run_lifelong_finetune - Randomly retrieve from the memory. `query_examples` not used
10/20/2021 16:44:24 - INFO - semanticdebugger.debug_algs.run_lifelong_finetune - Using initial model as the before model for computing query vecs.
10/20/2021 16:44:24 - INFO - semanticdebugger.debug_algs.run_lifelong_finetune - Get an instance for supervision at 47
10/20/2021 16:44:24 - INFO - semanticdebugger.debug_algs.run_lifelong_finetune - Save 16 examples to the memory.
10/20/2021 16:44:24 - INFO - semanticdebugger.debug_algs.run_lifelong_finetune - optimizer & scheduler Setup ...... Done!
10/20/2021 16:44:30 - INFO - semanticdebugger.debug_algs.run_lifelong_finetune - Start bug-fixing .... Timecode: 47
10/20/2021 16:44:33 - INFO - semanticdebugger.debug_algs.run_lifelong_finetune - Start bug-fixing .... Done!
10/20/2021 16:44:33 - INFO - semanticdebugger.debug_algs.run_lifelong_finetune - Randomly retrieve from the memory. `query_examples` not used
10/20/2021 16:44:40 - INFO - semanticdebugger.debug_algs.run_lifelong_finetune - Using initial model as the before model for computing query vecs.
10/20/2021 16:44:40 - INFO - semanticdebugger.debug_algs.run_lifelong_finetune - Get an instance for supervision at 48
10/20/2021 16:44:40 - INFO - semanticdebugger.debug_algs.run_lifelong_finetune - Save 16 examples to the memory.
10/20/2021 16:44:40 - INFO - semanticdebugger.debug_algs.run_lifelong_finetune - optimizer & scheduler Setup ...... Done!
10/20/2021 16:44:46 - INFO - semanticdebugger.debug_algs.run_lifelong_finetune - Start bug-fixing .... Timecode: 48
10/20/2021 16:44:48 - INFO - semanticdebugger.debug_algs.run_lifelong_finetune - Start bug-fixing .... Done!
10/20/2021 16:44:48 - INFO - semanticdebugger.debug_algs.run_lifelong_finetune - Randomly retrieve from the memory. `query_examples` not used
10/20/2021 16:44:55 - INFO - semanticdebugger.debug_algs.run_lifelong_finetune - Using initial model as the before model for computing query vecs.
10/20/2021 16:44:56 - INFO - semanticdebugger.debug_algs.run_lifelong_finetune - Get an instance for supervision at 49
10/20/2021 16:44:56 - INFO - semanticdebugger.debug_algs.run_lifelong_finetune - Save 16 examples to the memory.
10/20/2021 16:44:56 - INFO - semanticdebugger.debug_algs.run_lifelong_finetune - optimizer & scheduler Setup ...... Done!
10/20/2021 16:45:01 - INFO - semanticdebugger.debug_algs.run_lifelong_finetune - Start bug-fixing .... Timecode: 49
10/20/2021 16:45:04 - INFO - semanticdebugger.debug_algs.run_lifelong_finetune - Start bug-fixing .... Done!
10/20/2021 16:45:04 - INFO - semanticdebugger.debug_algs.run_lifelong_finetune - Randomly retrieve from the memory. `query_examples` not used
10/20/2021 16:45:11 - INFO - semanticdebugger.debug_algs.run_lifelong_finetune - Using initial model as the before model for computing query vecs.
10/20/2021 16:45:12 - INFO - semanticdebugger.debug_algs.run_lifelong_finetune - Get an instance for supervision at 50
10/20/2021 16:45:12 - INFO - semanticdebugger.debug_algs.run_lifelong_finetune - Save 16 examples to the memory.
10/20/2021 16:45:12 - INFO - semanticdebugger.debug_algs.run_lifelong_finetune - optimizer & scheduler Setup ...... Done!
10/20/2021 16:45:17 - INFO - semanticdebugger.debug_algs.run_lifelong_finetune - Saving exp_results/supervision_data/1020v2_dm_simple/dm.25-0.pkl
10/20/2021 16:45:33 - INFO - semanticdebugger.debug_algs.run_lifelong_finetune - Saving exp_results/supervision_data/1020v2_dm_simple/dm.25-0.pkl...Done!
10/20/2021 16:45:33 - INFO - semanticdebugger.debug_algs.run_lifelong_finetune - Finished Round 0 !
