10/21/2021 19:31:41 - INFO - __main__ - Namespace(adam_epsilon=1e-08, adapter_dim=32, append_another_bos=1, base_model_path='out/mrqa_naturalquestions_bart-base_0617v4/best-model.pt', base_model_type='facebook/bart-base', bug_stream_json_path='bug_data/mrqa_naturalquestions_dev.static_bug_stream.json', cl_method_name='index_cl', current_thread_id=None, data_stream_json_path='exp_results/data_streams/mrqa.mixed.data_stream.test.json', do_lowercase=False, ewc_gamma=1, ewc_lambda=0.5, example_encoder_name='roberta-base', freeze_embeds=False, gradient_accumulation_steps=1, index_rank_method='most_similar', indexing_args_path='exp_results/supervision_data/1012_dm_simple.train_args.json', indexing_method='bart_io_index', inference_query_size=1, init_memory_cache_path='exp_results/data_streams/bart_io_index.init_memory.pkl', learning_rate=3e-05, local_adapt_lr=1e-05, max_grad_norm=0.1, max_input_length=888, max_output_length=50, max_timecode=100, memory_key_encoder='facebook/bart-base', memory_path='exp_results/dynamic_stream/index_based/ckpt_dir/1021v4_MixedAllErrors_T=100_IOindex_UR=-1_rs=32_rq=3_rank=most_similar_mir=no(0)_esss=50_seed=789_ckpts/memory_dict.pkl', memory_store_rate=1.0, mir_abalation_args='none', num_adapt_epochs=0, num_beams=4, num_threads_eval=0, num_train_epochs=5.0, overtime_ckpt_dir='exp_results/dynamic_stream/index_based/ckpt_dir/1021v4_MixedAllErrors_T=100_IOindex_UR=-1_rs=32_rq=3_rank=most_similar_mir=no(0)_esss=50_seed=789_ckpts/', pass_pool_jsonl_path='exp_results/data_streams/mrqa.mixed.upstream_eval.jsonl', path_to_thread_result=None, predict_batch_size=16, prefix='1021v4_MixedAllErrors_T=100_IOindex_UR=-1_rs=32_rq=3_rank=most_similar_mir=no(0)_esss=50_seed=789', replay_candidate_size=0, replay_frequency=3, replay_size=32, replay_stream_json_path='', result_file='exp_results/dynamic_stream/index_based/results/1021v4_MixedAllErrors_T=100_IOindex_UR=-1_rs=32_rq=3_rank=most_similar_mir=no(0)_esss=50_seed=789_result.json', sampled_upstream_json_path='data/mrqa_naturalquestions/mrqa_naturalquestions_train.jsonl', save_all_ckpts=0, seed=789, skip_instant_eval=True, stream_mode='dynamic', task_emb_dim=768, task_name='mrqa_naturalquestions', train_batch_size=8, upstream_sample_ratio=-1.0, use_mir=False, use_replay_mix=True, use_sampled_upstream=True, weight_decay=0.01)
10/21/2021 19:31:42 - INFO - transformers.tokenization_utils - loading file https://s3.amazonaws.com/models.huggingface.co/bert/roberta-large-vocab.json from cache at /private/home/yuchenlin/.cache/torch/transformers/1ae1f5b6e2b22b25ccc04c000bb79ca847aa226d0761536b011cf7e5868f0655.ef00af9e673c7160b4d41cfda1f48c5f4cba57d5142754525572a846a1ab1b9b
10/21/2021 19:31:42 - INFO - transformers.tokenization_utils - loading file https://s3.amazonaws.com/models.huggingface.co/bert/roberta-large-merges.txt from cache at /private/home/yuchenlin/.cache/torch/transformers/f8f83199a6270d582d6245dc100e99c4155de81c9745c6248077018fe01abcfb.70bec105b4158ed9a1747fea67a43f5dee97855c64d62b6ec3742f4cfdb5feda
10/21/2021 19:31:49 - INFO - __main__ - Not creating the replay-stream for evaluation.
10/21/2021 19:31:51 - INFO - __main__ - Loading checkpoint from out/mrqa_naturalquestions_bart-base_0617v4/best-model.pt for facebook/bart-base .....
10/21/2021 19:31:54 - INFO - transformers.configuration_utils - loading configuration file https://s3.amazonaws.com/models.huggingface.co/bert/facebook/bart-base/config.json from cache at /private/home/yuchenlin/.cache/torch/transformers/09f4fcaeaf785dd3b97b085d6e3510c7081f586ec8e75981683c6299c0f81d9d.e8d516ad807436d395effad8c2326786872659b7dd1210827ac67c761198a0eb
10/21/2021 19:31:54 - INFO - transformers.configuration_utils - Model config BartConfig {
  "activation_dropout": 0.1,
  "activation_function": "gelu",
  "add_bias_logits": false,
  "add_final_layer_norm": false,
  "architectures": [
    "BartModel",
    "BartForConditionalGeneration",
    "BartForSequenceClassification"
  ],
  "attention_dropout": 0.1,
  "bos_token_id": 0,
  "classif_dropout": 0.0,
  "d_model": 768,
  "decoder_attention_heads": 12,
  "decoder_ffn_dim": 3072,
  "decoder_layerdrop": 0.0,
  "decoder_layers": 6,
  "decoder_start_token_id": 2,
  "dropout": 0.1,
  "early_stopping": true,
  "encoder_attention_heads": 12,
  "encoder_ffn_dim": 3072,
  "encoder_layerdrop": 0.0,
  "encoder_layers": 6,
  "eos_token_id": 2,
  "id2label": {
    "0": "LABEL_0",
    "1": "LABEL_1",
    "2": "LABEL_2"
  },
  "init_std": 0.02,
  "is_encoder_decoder": true,
  "label2id": {
    "LABEL_0": 0,
    "LABEL_1": 1,
    "LABEL_2": 2
  },
  "max_position_embeddings": 1024,
  "model_type": "bart",
  "no_repeat_ngram_size": 3,
  "normalize_before": false,
  "normalize_embedding": true,
  "num_beams": 4,
  "num_hidden_layers": 6,
  "pad_token_id": 1,
  "scale_embedding": false,
  "static_position_embeddings": false,
  "task_specific_params": {
    "summarization": {
      "length_penalty": 1.0,
      "max_length": 128,
      "min_length": 12,
      "num_beams": 4
    },
    "summarization_cnn": {
      "length_penalty": 2.0,
      "max_length": 142,
      "min_length": 56,
      "num_beams": 4
    },
    "summarization_xsum": {
      "length_penalty": 1.0,
      "max_length": 62,
      "min_length": 11,
      "num_beams": 6
    }
  },
  "vocab_size": 50265
}

10/21/2021 19:31:54 - INFO - transformers.modeling_utils - loading weights file https://cdn.huggingface.co/facebook/bart-base/pytorch_model.bin from cache at /private/home/yuchenlin/.cache/torch/transformers/566c05fb6983817e8ad7a4fa51e3099fe9caa3b31730f964bc5198d71c677523.0a3d95c18c1e434448941bc25accea7b122882be6526fb67c8e8fb6d5ebc711c
10/21/2021 19:31:57 - INFO - __main__ - Loading checkpoint from out/mrqa_naturalquestions_bart-base_0617v4/best-model.pt for facebook/bart-base ..... Done!
10/21/2021 19:32:03 - INFO - __main__ - Moving to the GPUs.
10/21/2021 19:32:03 - INFO - __main__ - Debugger Setup ......
10/21/2021 19:32:03 - INFO - __main__ - debugger_args: Namespace(adam_epsilon=1e-08, gradient_accumulation_steps=1, index_rank_method='most_similar', indexing_args_path='exp_results/supervision_data/1012_dm_simple.train_args.json', indexing_method='bart_io_index', inference_query_size=1, init_memory_cache_path='exp_results/data_streams/bart_io_index.init_memory.pkl', learning_rate=3e-05, local_adapt_lr=1e-05, max_grad_norm=0.1, memory_key_encoder='facebook/bart-base', memory_path='exp_results/dynamic_stream/index_based/ckpt_dir/1021v4_MixedAllErrors_T=100_IOindex_UR=-1_rs=32_rq=3_rank=most_similar_mir=no(0)_esss=50_seed=789_ckpts/memory_dict.pkl', memory_store_rate=1.0, num_adapt_epochs=0, num_epochs=5.0, overtime_ckpt_dir='exp_results/dynamic_stream/index_based/ckpt_dir/1021v4_MixedAllErrors_T=100_IOindex_UR=-1_rs=32_rq=3_rank=most_similar_mir=no(0)_esss=50_seed=789_ckpts/', replay_candidate_size=0, replay_frequency=3, replay_size=32, save_all_ckpts=0, skip_instant_eval=True, total_steps=10000, upstream_sample_ratio=-1.0, use_mir=False, use_replay_mix=True, warmup_steps=0, weight_decay=0.01) ......
10/21/2021 19:32:03 - INFO - __main__ - optimizer & scheduler Setup ...... Done!
10/21/2021 19:32:03 - INFO - __main__ - Debugger Setup ...... Done!
10/21/2021 19:32:03 - INFO - __main__ - indexing_method=bart_io_index
10/21/2021 19:32:03 - INFO - transformers.tokenization_utils - loading file https://s3.amazonaws.com/models.huggingface.co/bert/roberta-large-vocab.json from cache at /private/home/yuchenlin/.cache/torch/transformers/1ae1f5b6e2b22b25ccc04c000bb79ca847aa226d0761536b011cf7e5868f0655.ef00af9e673c7160b4d41cfda1f48c5f4cba57d5142754525572a846a1ab1b9b
10/21/2021 19:32:03 - INFO - transformers.tokenization_utils - loading file https://s3.amazonaws.com/models.huggingface.co/bert/roberta-large-merges.txt from cache at /private/home/yuchenlin/.cache/torch/transformers/f8f83199a6270d582d6245dc100e99c4155de81c9745c6248077018fe01abcfb.70bec105b4158ed9a1747fea67a43f5dee97855c64d62b6ec3742f4cfdb5feda
10/21/2021 19:32:03 - INFO - __main__ - Loading checkpoint from out/mrqa_naturalquestions_bart-base_0617v4/best-model.pt for facebook/bart-base .....
10/21/2021 19:32:04 - INFO - transformers.configuration_utils - loading configuration file https://s3.amazonaws.com/models.huggingface.co/bert/facebook/bart-base/config.json from cache at /private/home/yuchenlin/.cache/torch/transformers/09f4fcaeaf785dd3b97b085d6e3510c7081f586ec8e75981683c6299c0f81d9d.e8d516ad807436d395effad8c2326786872659b7dd1210827ac67c761198a0eb
10/21/2021 19:32:04 - INFO - transformers.configuration_utils - Model config BartConfig {
  "activation_dropout": 0.1,
  "activation_function": "gelu",
  "add_bias_logits": false,
  "add_final_layer_norm": false,
  "architectures": [
    "BartModel",
    "BartForConditionalGeneration",
    "BartForSequenceClassification"
  ],
  "attention_dropout": 0.1,
  "bos_token_id": 0,
  "classif_dropout": 0.0,
  "d_model": 768,
  "decoder_attention_heads": 12,
  "decoder_ffn_dim": 3072,
  "decoder_layerdrop": 0.0,
  "decoder_layers": 6,
  "decoder_start_token_id": 2,
  "dropout": 0.1,
  "early_stopping": true,
  "encoder_attention_heads": 12,
  "encoder_ffn_dim": 3072,
  "encoder_layerdrop": 0.0,
  "encoder_layers": 6,
  "eos_token_id": 2,
  "id2label": {
    "0": "LABEL_0",
    "1": "LABEL_1",
    "2": "LABEL_2"
  },
  "init_std": 0.02,
  "is_encoder_decoder": true,
  "label2id": {
    "LABEL_0": 0,
    "LABEL_1": 1,
    "LABEL_2": 2
  },
  "max_position_embeddings": 1024,
  "model_type": "bart",
  "no_repeat_ngram_size": 3,
  "normalize_before": false,
  "normalize_embedding": true,
  "num_beams": 4,
  "num_hidden_layers": 6,
  "pad_token_id": 1,
  "scale_embedding": false,
  "static_position_embeddings": false,
  "task_specific_params": {
    "summarization": {
      "length_penalty": 1.0,
      "max_length": 128,
      "min_length": 12,
      "num_beams": 4
    },
    "summarization_cnn": {
      "length_penalty": 2.0,
      "max_length": 142,
      "min_length": 56,
      "num_beams": 4
    },
    "summarization_xsum": {
      "length_penalty": 1.0,
      "max_length": 62,
      "min_length": 11,
      "num_beams": 6
    }
  },
  "vocab_size": 50265
}

10/21/2021 19:32:04 - INFO - transformers.modeling_utils - loading weights file https://cdn.huggingface.co/facebook/bart-base/pytorch_model.bin from cache at /private/home/yuchenlin/.cache/torch/transformers/566c05fb6983817e8ad7a4fa51e3099fe9caa3b31730f964bc5198d71c677523.0a3d95c18c1e434448941bc25accea7b122882be6526fb67c8e8fb6d5ebc711c
10/21/2021 19:32:07 - INFO - __main__ - Loading checkpoint from out/mrqa_naturalquestions_bart-base_0617v4/best-model.pt for facebook/bart-base ..... Done!
10/21/2021 19:32:07 - INFO - __main__ - Moving to the GPUs.
10/21/2021 19:32:10 - INFO - __main__ - Load the cache to exp_results/data_streams/bart_io_index.init_memory.pkl
10/21/2021 19:32:10 - INFO - __main__ - upstream_sample_ratio < 0 ; self.memroy_module <---> self.upstream_memroy_module
10/21/2021 19:32:10 - INFO - __main__ - Start Online Debugging with Dynamic Error Mode
10/21/2021 19:32:10 - INFO - __main__ - Number of Batches of Data: 100
10/21/2021 19:32:10 - INFO - __main__ - Data Batch Size: 32;
10/21/2021 19:32:10 - INFO - __main__ - Copying initial model
10/21/2021 19:32:10 - INFO - __main__ - Not doing replay-based eval.
10/21/2021 19:32:10 - INFO - __main__ - Evaluating to get errors .... Timecode: 0
10/21/2021 19:32:14 - INFO - __main__ - Before Error Fixing: 0.0
10/21/2021 19:32:14 - INFO - __main__ - Found 32 errors.
10/21/2021 19:32:14 - INFO - __main__ - Start bug-fixing (len(examples_to_train)=32) .... Timecode: 0
10/21/2021 19:32:21 - INFO - __main__ - Start bug-fixing .... Done!
10/21/2021 19:32:21 - INFO - __main__ - Skip re-evaluating for instant error-fixing rate .... Timecode: 0
10/21/2021 19:32:21 - INFO - __main__ - Saving the current error examples (len=32) to the memory.
10/21/2021 19:32:21 - INFO - __main__ - Current memroy_module size: 88251.
10/21/2021 19:32:21 - INFO - __main__ - Current upstream_memroy_module size: 88251.
10/21/2021 19:32:22 - INFO - __main__ - Finished.
10/21/2021 19:32:22 - INFO - __main__ - --------------------------------------------------
10/21/2021 19:32:22 - INFO - __main__ - Not doing replay-based eval.
10/21/2021 19:32:22 - INFO - __main__ - Evaluating to get errors .... Timecode: 1
10/21/2021 19:32:26 - INFO - __main__ - Before Error Fixing: 0.15625
10/21/2021 19:32:26 - INFO - __main__ - Found 27 errors.
10/21/2021 19:32:26 - INFO - __main__ - Start bug-fixing (len(examples_to_train)=27) .... Timecode: 1
10/21/2021 19:32:31 - INFO - __main__ - Start bug-fixing .... Done!
10/21/2021 19:32:31 - INFO - __main__ - Skip re-evaluating for instant error-fixing rate .... Timecode: 1
10/21/2021 19:32:31 - INFO - __main__ - Saving the current error examples (len=27) to the memory.
10/21/2021 19:32:31 - INFO - __main__ - Current memroy_module size: 88283.
10/21/2021 19:32:31 - INFO - __main__ - Current upstream_memroy_module size: 88283.
10/21/2021 19:32:32 - INFO - __main__ - Finished.
10/21/2021 19:32:32 - INFO - __main__ - --------------------------------------------------
10/21/2021 19:32:32 - INFO - __main__ - Not doing replay-based eval.
10/21/2021 19:32:32 - INFO - __main__ - Evaluating to get errors .... Timecode: 2
10/21/2021 19:32:35 - INFO - __main__ - Before Error Fixing: 0.0625
10/21/2021 19:32:35 - INFO - __main__ - Found 30 errors.
10/21/2021 19:32:35 - INFO - __main__ - Start bug-fixing (len(examples_to_train)=30) .... Timecode: 2
10/21/2021 19:32:40 - INFO - __main__ - Start bug-fixing .... Done!
10/21/2021 19:32:40 - INFO - __main__ - Skip re-evaluating for instant error-fixing rate .... Timecode: 2
10/21/2021 19:32:40 - INFO - __main__ - Saving the current error examples (len=30) to the memory.
10/21/2021 19:32:40 - INFO - __main__ - Current memroy_module size: 88310.
10/21/2021 19:32:40 - INFO - __main__ - Current upstream_memroy_module size: 88310.
10/21/2021 19:32:41 - INFO - __main__ - Finished.
10/21/2021 19:32:41 - INFO - __main__ - --------------------------------------------------
10/21/2021 19:32:41 - INFO - __main__ - Not doing replay-based eval.
10/21/2021 19:32:41 - INFO - __main__ - Evaluating to get errors .... Timecode: 3
10/21/2021 19:32:43 - INFO - __main__ - Before Error Fixing: 0.03125
10/21/2021 19:32:43 - INFO - __main__ - Found 31 errors.
10/21/2021 19:32:43 - INFO - __main__ - Triggering Sampling from Memory and starting to replay.
10/21/2021 19:32:43 - INFO - __main__ - Current memroy_module size: 88340.
10/21/2021 19:32:43 - INFO - __main__ - Current upstream_memroy_module size: 88340.
10/21/2021 19:32:45 - INFO - __main__ - IO index -- retrieved_example_ids=155
10/21/2021 19:32:45 - INFO - __main__ - Mixed the retrieved examples (len=32) to the current batch for training.
10/21/2021 19:32:45 - INFO - __main__ - Start bug-fixing (len(examples_to_train)=63) .... Timecode: 3
10/21/2021 19:32:58 - INFO - __main__ - Start bug-fixing .... Done!
10/21/2021 19:32:58 - INFO - __main__ - Skip re-evaluating for instant error-fixing rate .... Timecode: 3
10/21/2021 19:32:58 - INFO - __main__ - Saving the current error examples (len=31) to the memory.
10/21/2021 19:32:58 - INFO - __main__ - Current memroy_module size: 88340.
10/21/2021 19:32:58 - INFO - __main__ - Current upstream_memroy_module size: 88340.
10/21/2021 19:32:58 - INFO - __main__ - Finished.
10/21/2021 19:32:58 - INFO - __main__ - --------------------------------------------------
10/21/2021 19:32:58 - INFO - __main__ - Not doing replay-based eval.
10/21/2021 19:32:58 - INFO - __main__ - Evaluating to get errors .... Timecode: 4
10/21/2021 19:33:02 - INFO - __main__ - Before Error Fixing: 0.1875
10/21/2021 19:33:02 - INFO - __main__ - Found 26 errors.
10/21/2021 19:33:02 - INFO - __main__ - Start bug-fixing (len(examples_to_train)=26) .... Timecode: 4
10/21/2021 19:33:08 - INFO - __main__ - Start bug-fixing .... Done!
10/21/2021 19:33:08 - INFO - __main__ - Skip re-evaluating for instant error-fixing rate .... Timecode: 4
10/21/2021 19:33:08 - INFO - __main__ - Saving the current error examples (len=26) to the memory.
10/21/2021 19:33:08 - INFO - __main__ - Current memroy_module size: 88371.
10/21/2021 19:33:08 - INFO - __main__ - Current upstream_memroy_module size: 88371.
10/21/2021 19:33:08 - INFO - __main__ - Finished.
10/21/2021 19:33:08 - INFO - __main__ - --------------------------------------------------
10/21/2021 19:33:08 - INFO - __main__ - Not doing replay-based eval.
10/21/2021 19:33:08 - INFO - __main__ - Evaluating to get errors .... Timecode: 5
10/21/2021 19:33:11 - INFO - __main__ - Before Error Fixing: 0.09375
10/21/2021 19:33:11 - INFO - __main__ - Found 29 errors.
10/21/2021 19:33:11 - INFO - __main__ - Start bug-fixing (len(examples_to_train)=29) .... Timecode: 5
10/21/2021 19:33:17 - INFO - __main__ - Start bug-fixing .... Done!
10/21/2021 19:33:17 - INFO - __main__ - Skip re-evaluating for instant error-fixing rate .... Timecode: 5
10/21/2021 19:33:17 - INFO - __main__ - Saving the current error examples (len=29) to the memory.
10/21/2021 19:33:17 - INFO - __main__ - Current memroy_module size: 88397.
10/21/2021 19:33:17 - INFO - __main__ - Current upstream_memroy_module size: 88397.
10/21/2021 19:33:18 - INFO - __main__ - Finished.
10/21/2021 19:33:18 - INFO - __main__ - --------------------------------------------------
10/21/2021 19:33:18 - INFO - __main__ - Not doing replay-based eval.
10/21/2021 19:33:18 - INFO - __main__ - Evaluating to get errors .... Timecode: 6
10/21/2021 19:33:20 - INFO - __main__ - Before Error Fixing: 0.0625
10/21/2021 19:33:20 - INFO - __main__ - Found 30 errors.
10/21/2021 19:33:20 - INFO - __main__ - Triggering Sampling from Memory and starting to replay.
10/21/2021 19:33:20 - INFO - __main__ - Current memroy_module size: 88426.
10/21/2021 19:33:20 - INFO - __main__ - Current upstream_memroy_module size: 88426.
10/21/2021 19:33:21 - INFO - __main__ - IO index -- retrieved_example_ids=150
10/21/2021 19:33:21 - INFO - __main__ - Mixed the retrieved examples (len=32) to the current batch for training.
10/21/2021 19:33:21 - INFO - __main__ - Start bug-fixing (len(examples_to_train)=62) .... Timecode: 6
10/21/2021 19:33:34 - INFO - __main__ - Start bug-fixing .... Done!
10/21/2021 19:33:34 - INFO - __main__ - Skip re-evaluating for instant error-fixing rate .... Timecode: 6
10/21/2021 19:33:34 - INFO - __main__ - Saving the current error examples (len=30) to the memory.
10/21/2021 19:33:34 - INFO - __main__ - Current memroy_module size: 88426.
10/21/2021 19:33:34 - INFO - __main__ - Current upstream_memroy_module size: 88426.
10/21/2021 19:33:35 - INFO - __main__ - Finished.
10/21/2021 19:33:35 - INFO - __main__ - --------------------------------------------------
10/21/2021 19:33:35 - INFO - __main__ - Not doing replay-based eval.
10/21/2021 19:33:35 - INFO - __main__ - Evaluating to get errors .... Timecode: 7
10/21/2021 19:33:38 - INFO - __main__ - Before Error Fixing: 0.1875
10/21/2021 19:33:38 - INFO - __main__ - Found 26 errors.
10/21/2021 19:33:38 - INFO - __main__ - Start bug-fixing (len(examples_to_train)=26) .... Timecode: 7
10/21/2021 19:33:43 - INFO - __main__ - Start bug-fixing .... Done!
10/21/2021 19:33:43 - INFO - __main__ - Skip re-evaluating for instant error-fixing rate .... Timecode: 7
10/21/2021 19:33:43 - INFO - __main__ - Saving the current error examples (len=26) to the memory.
10/21/2021 19:33:43 - INFO - __main__ - Current memroy_module size: 88456.
10/21/2021 19:33:43 - INFO - __main__ - Current upstream_memroy_module size: 88456.
10/21/2021 19:33:43 - INFO - __main__ - Finished.
10/21/2021 19:33:43 - INFO - __main__ - --------------------------------------------------
10/21/2021 19:33:43 - INFO - __main__ - Not doing replay-based eval.
10/21/2021 19:33:43 - INFO - __main__ - Evaluating to get errors .... Timecode: 8
10/21/2021 19:33:46 - INFO - __main__ - Before Error Fixing: 0.1875
10/21/2021 19:33:46 - INFO - __main__ - Found 26 errors.
10/21/2021 19:33:46 - INFO - __main__ - Start bug-fixing (len(examples_to_train)=26) .... Timecode: 8
10/21/2021 19:33:52 - INFO - __main__ - Start bug-fixing .... Done!
10/21/2021 19:33:52 - INFO - __main__ - Skip re-evaluating for instant error-fixing rate .... Timecode: 8
10/21/2021 19:33:52 - INFO - __main__ - Saving the current error examples (len=26) to the memory.
10/21/2021 19:33:52 - INFO - __main__ - Current memroy_module size: 88482.
10/21/2021 19:33:52 - INFO - __main__ - Current upstream_memroy_module size: 88482.
10/21/2021 19:33:52 - INFO - __main__ - Finished.
10/21/2021 19:33:52 - INFO - __main__ - --------------------------------------------------
10/21/2021 19:33:52 - INFO - __main__ - Not doing replay-based eval.
10/21/2021 19:33:52 - INFO - __main__ - Evaluating to get errors .... Timecode: 9
10/21/2021 19:33:55 - INFO - __main__ - Before Error Fixing: 0.25
10/21/2021 19:33:55 - INFO - __main__ - Found 24 errors.
10/21/2021 19:33:55 - INFO - __main__ - Triggering Sampling from Memory and starting to replay.
10/21/2021 19:33:55 - INFO - __main__ - Current memroy_module size: 88508.
10/21/2021 19:33:55 - INFO - __main__ - Current upstream_memroy_module size: 88508.
10/21/2021 19:33:56 - INFO - __main__ - IO index -- retrieved_example_ids=120
10/21/2021 19:33:56 - INFO - __main__ - Mixed the retrieved examples (len=32) to the current batch for training.
10/21/2021 19:33:56 - INFO - __main__ - Start bug-fixing (len(examples_to_train)=56) .... Timecode: 9
10/21/2021 19:34:06 - INFO - __main__ - Start bug-fixing .... Done!
10/21/2021 19:34:06 - INFO - __main__ - Skip re-evaluating for instant error-fixing rate .... Timecode: 9
10/21/2021 19:34:06 - INFO - __main__ - Saving the current error examples (len=24) to the memory.
10/21/2021 19:34:06 - INFO - __main__ - Current memroy_module size: 88508.
10/21/2021 19:34:06 - INFO - __main__ - Current upstream_memroy_module size: 88508.
10/21/2021 19:34:07 - INFO - __main__ - Finished.
10/21/2021 19:34:07 - INFO - __main__ - --------------------------------------------------
10/21/2021 19:34:07 - INFO - __main__ - Not doing replay-based eval.
10/21/2021 19:34:07 - INFO - __main__ - Evaluating to get errors .... Timecode: 10
10/21/2021 19:34:10 - INFO - __main__ - Before Error Fixing: 0.1875
10/21/2021 19:34:10 - INFO - __main__ - Found 26 errors.
10/21/2021 19:34:10 - INFO - __main__ - Start bug-fixing (len(examples_to_train)=26) .... Timecode: 10
10/21/2021 19:34:15 - INFO - __main__ - Start bug-fixing .... Done!
10/21/2021 19:34:15 - INFO - __main__ - Skip re-evaluating for instant error-fixing rate .... Timecode: 10
10/21/2021 19:34:15 - INFO - __main__ - Saving the current error examples (len=26) to the memory.
10/21/2021 19:34:15 - INFO - __main__ - Current memroy_module size: 88532.
10/21/2021 19:34:15 - INFO - __main__ - Current upstream_memroy_module size: 88532.
10/21/2021 19:34:15 - INFO - __main__ - Finished.
10/21/2021 19:34:15 - INFO - __main__ - --------------------------------------------------
10/21/2021 19:34:15 - INFO - __main__ - Not doing replay-based eval.
10/21/2021 19:34:15 - INFO - __main__ - Evaluating to get errors .... Timecode: 11
10/21/2021 19:34:19 - INFO - __main__ - Before Error Fixing: 0.15625
10/21/2021 19:34:19 - INFO - __main__ - Found 27 errors.
10/21/2021 19:34:19 - INFO - __main__ - Start bug-fixing (len(examples_to_train)=27) .... Timecode: 11
10/21/2021 19:34:24 - INFO - __main__ - Start bug-fixing .... Done!
10/21/2021 19:34:24 - INFO - __main__ - Skip re-evaluating for instant error-fixing rate .... Timecode: 11
10/21/2021 19:34:24 - INFO - __main__ - Saving the current error examples (len=27) to the memory.
10/21/2021 19:34:24 - INFO - __main__ - Current memroy_module size: 88558.
10/21/2021 19:34:24 - INFO - __main__ - Current upstream_memroy_module size: 88558.
10/21/2021 19:34:24 - INFO - __main__ - Finished.
10/21/2021 19:34:24 - INFO - __main__ - --------------------------------------------------
10/21/2021 19:34:24 - INFO - __main__ - Not doing replay-based eval.
10/21/2021 19:34:24 - INFO - __main__ - Evaluating to get errors .... Timecode: 12
10/21/2021 19:34:28 - INFO - __main__ - Before Error Fixing: 0.1875
10/21/2021 19:34:28 - INFO - __main__ - Found 26 errors.
10/21/2021 19:34:28 - INFO - __main__ - Triggering Sampling from Memory and starting to replay.
10/21/2021 19:34:28 - INFO - __main__ - Current memroy_module size: 88585.
10/21/2021 19:34:28 - INFO - __main__ - Current upstream_memroy_module size: 88585.
10/21/2021 19:34:29 - INFO - __main__ - IO index -- retrieved_example_ids=130
10/21/2021 19:34:29 - INFO - __main__ - Mixed the retrieved examples (len=32) to the current batch for training.
10/21/2021 19:34:29 - INFO - __main__ - Start bug-fixing (len(examples_to_train)=58) .... Timecode: 12
10/21/2021 19:34:41 - INFO - __main__ - Start bug-fixing .... Done!
10/21/2021 19:34:41 - INFO - __main__ - Skip re-evaluating for instant error-fixing rate .... Timecode: 12
10/21/2021 19:34:41 - INFO - __main__ - Saving the current error examples (len=26) to the memory.
10/21/2021 19:34:41 - INFO - __main__ - Current memroy_module size: 88585.
10/21/2021 19:34:41 - INFO - __main__ - Current upstream_memroy_module size: 88585.
10/21/2021 19:34:42 - INFO - __main__ - Finished.
10/21/2021 19:34:42 - INFO - __main__ - --------------------------------------------------
10/21/2021 19:34:42 - INFO - __main__ - Not doing replay-based eval.
10/21/2021 19:34:42 - INFO - __main__ - Evaluating to get errors .... Timecode: 13
10/21/2021 19:34:44 - INFO - __main__ - Before Error Fixing: 0.09375
10/21/2021 19:34:44 - INFO - __main__ - Found 29 errors.
10/21/2021 19:34:44 - INFO - __main__ - Start bug-fixing (len(examples_to_train)=29) .... Timecode: 13
10/21/2021 19:34:50 - INFO - __main__ - Start bug-fixing .... Done!
10/21/2021 19:34:50 - INFO - __main__ - Skip re-evaluating for instant error-fixing rate .... Timecode: 13
10/21/2021 19:34:50 - INFO - __main__ - Saving the current error examples (len=29) to the memory.
10/21/2021 19:34:50 - INFO - __main__ - Current memroy_module size: 88611.
10/21/2021 19:34:50 - INFO - __main__ - Current upstream_memroy_module size: 88611.
10/21/2021 19:34:51 - INFO - __main__ - Finished.
10/21/2021 19:34:51 - INFO - __main__ - --------------------------------------------------
10/21/2021 19:34:51 - INFO - __main__ - Not doing replay-based eval.
10/21/2021 19:34:51 - INFO - __main__ - Evaluating to get errors .... Timecode: 14
10/21/2021 19:34:53 - INFO - __main__ - Before Error Fixing: 0.0
10/21/2021 19:34:53 - INFO - __main__ - Found 32 errors.
10/21/2021 19:34:53 - INFO - __main__ - Start bug-fixing (len(examples_to_train)=32) .... Timecode: 14
10/21/2021 19:35:00 - INFO - __main__ - Start bug-fixing .... Done!
10/21/2021 19:35:00 - INFO - __main__ - Skip re-evaluating for instant error-fixing rate .... Timecode: 14
10/21/2021 19:35:00 - INFO - __main__ - Saving the current error examples (len=32) to the memory.
10/21/2021 19:35:00 - INFO - __main__ - Current memroy_module size: 88640.
10/21/2021 19:35:00 - INFO - __main__ - Current upstream_memroy_module size: 88640.
10/21/2021 19:35:00 - INFO - __main__ - Finished.
10/21/2021 19:35:00 - INFO - __main__ - --------------------------------------------------
10/21/2021 19:35:00 - INFO - __main__ - Not doing replay-based eval.
10/21/2021 19:35:00 - INFO - __main__ - Evaluating to get errors .... Timecode: 15
10/21/2021 19:35:03 - INFO - __main__ - Before Error Fixing: 0.0625
10/21/2021 19:35:03 - INFO - __main__ - Found 30 errors.
10/21/2021 19:35:03 - INFO - __main__ - Triggering Sampling from Memory and starting to replay.
10/21/2021 19:35:03 - INFO - __main__ - Current memroy_module size: 88672.
10/21/2021 19:35:03 - INFO - __main__ - Current upstream_memroy_module size: 88672.
10/21/2021 19:35:04 - INFO - __main__ - IO index -- retrieved_example_ids=150
10/21/2021 19:35:04 - INFO - __main__ - Mixed the retrieved examples (len=32) to the current batch for training.
10/21/2021 19:35:04 - INFO - __main__ - Start bug-fixing (len(examples_to_train)=62) .... Timecode: 15
10/21/2021 19:35:17 - INFO - __main__ - Start bug-fixing .... Done!
10/21/2021 19:35:17 - INFO - __main__ - Skip re-evaluating for instant error-fixing rate .... Timecode: 15
10/21/2021 19:35:17 - INFO - __main__ - Saving the current error examples (len=30) to the memory.
10/21/2021 19:35:17 - INFO - __main__ - Current memroy_module size: 88672.
10/21/2021 19:35:17 - INFO - __main__ - Current upstream_memroy_module size: 88672.
10/21/2021 19:35:17 - INFO - __main__ - Finished.
10/21/2021 19:35:17 - INFO - __main__ - --------------------------------------------------
10/21/2021 19:35:17 - INFO - __main__ - Not doing replay-based eval.
10/21/2021 19:35:17 - INFO - __main__ - Evaluating to get errors .... Timecode: 16
10/21/2021 19:35:21 - INFO - __main__ - Before Error Fixing: 0.03125
10/21/2021 19:35:21 - INFO - __main__ - Found 31 errors.
10/21/2021 19:35:21 - INFO - __main__ - Start bug-fixing (len(examples_to_train)=31) .... Timecode: 16
10/21/2021 19:35:27 - INFO - __main__ - Start bug-fixing .... Done!
10/21/2021 19:35:27 - INFO - __main__ - Skip re-evaluating for instant error-fixing rate .... Timecode: 16
10/21/2021 19:35:27 - INFO - __main__ - Saving the current error examples (len=31) to the memory.
10/21/2021 19:35:27 - INFO - __main__ - Current memroy_module size: 88702.
10/21/2021 19:35:27 - INFO - __main__ - Current upstream_memroy_module size: 88702.
10/21/2021 19:35:28 - INFO - __main__ - Finished.
10/21/2021 19:35:28 - INFO - __main__ - --------------------------------------------------
10/21/2021 19:35:28 - INFO - __main__ - Not doing replay-based eval.
10/21/2021 19:35:28 - INFO - __main__ - Evaluating to get errors .... Timecode: 17
10/21/2021 19:35:32 - INFO - __main__ - Before Error Fixing: 0.1875
10/21/2021 19:35:32 - INFO - __main__ - Found 26 errors.
10/21/2021 19:35:32 - INFO - __main__ - Start bug-fixing (len(examples_to_train)=26) .... Timecode: 17
10/21/2021 19:35:37 - INFO - __main__ - Start bug-fixing .... Done!
10/21/2021 19:35:37 - INFO - __main__ - Skip re-evaluating for instant error-fixing rate .... Timecode: 17
10/21/2021 19:35:37 - INFO - __main__ - Saving the current error examples (len=26) to the memory.
10/21/2021 19:35:37 - INFO - __main__ - Current memroy_module size: 88733.
10/21/2021 19:35:37 - INFO - __main__ - Current upstream_memroy_module size: 88733.
10/21/2021 19:35:38 - INFO - __main__ - Finished.
10/21/2021 19:35:38 - INFO - __main__ - --------------------------------------------------
10/21/2021 19:35:38 - INFO - __main__ - Not doing replay-based eval.
10/21/2021 19:35:38 - INFO - __main__ - Evaluating to get errors .... Timecode: 18
10/21/2021 19:35:42 - INFO - __main__ - Before Error Fixing: 0.15625
10/21/2021 19:35:42 - INFO - __main__ - Found 27 errors.
10/21/2021 19:35:42 - INFO - __main__ - Triggering Sampling from Memory and starting to replay.
10/21/2021 19:35:42 - INFO - __main__ - Current memroy_module size: 88759.
10/21/2021 19:35:42 - INFO - __main__ - Current upstream_memroy_module size: 88759.
10/21/2021 19:35:43 - INFO - __main__ - IO index -- retrieved_example_ids=135
10/21/2021 19:35:43 - INFO - __main__ - Mixed the retrieved examples (len=32) to the current batch for training.
10/21/2021 19:35:43 - INFO - __main__ - Start bug-fixing (len(examples_to_train)=59) .... Timecode: 18
10/21/2021 19:35:56 - INFO - __main__ - Start bug-fixing .... Done!
10/21/2021 19:35:56 - INFO - __main__ - Skip re-evaluating for instant error-fixing rate .... Timecode: 18
10/21/2021 19:35:56 - INFO - __main__ - Saving the current error examples (len=27) to the memory.
10/21/2021 19:35:56 - INFO - __main__ - Current memroy_module size: 88759.
10/21/2021 19:35:56 - INFO - __main__ - Current upstream_memroy_module size: 88759.
10/21/2021 19:35:57 - INFO - __main__ - Finished.
10/21/2021 19:35:57 - INFO - __main__ - --------------------------------------------------
10/21/2021 19:35:57 - INFO - __main__ - Not doing replay-based eval.
10/21/2021 19:35:57 - INFO - __main__ - Evaluating to get errors .... Timecode: 19
10/21/2021 19:36:01 - INFO - __main__ - Before Error Fixing: 0.15625
10/21/2021 19:36:01 - INFO - __main__ - Found 27 errors.
10/21/2021 19:36:01 - INFO - __main__ - Start bug-fixing (len(examples_to_train)=27) .... Timecode: 19
10/21/2021 19:36:07 - INFO - __main__ - Start bug-fixing .... Done!
10/21/2021 19:36:07 - INFO - __main__ - Skip re-evaluating for instant error-fixing rate .... Timecode: 19
10/21/2021 19:36:07 - INFO - __main__ - Saving the current error examples (len=27) to the memory.
10/21/2021 19:36:07 - INFO - __main__ - Current memroy_module size: 88786.
10/21/2021 19:36:07 - INFO - __main__ - Current upstream_memroy_module size: 88786.
10/21/2021 19:36:07 - INFO - __main__ - Finished.
10/21/2021 19:36:07 - INFO - __main__ - --------------------------------------------------
10/21/2021 19:36:07 - INFO - __main__ - Not doing replay-based eval.
10/21/2021 19:36:07 - INFO - __main__ - Evaluating to get errors .... Timecode: 20
10/21/2021 19:36:10 - INFO - __main__ - Before Error Fixing: 0.1875
10/21/2021 19:36:10 - INFO - __main__ - Found 26 errors.
10/21/2021 19:36:10 - INFO - __main__ - Start bug-fixing (len(examples_to_train)=26) .... Timecode: 20
10/21/2021 19:36:16 - INFO - __main__ - Start bug-fixing .... Done!
10/21/2021 19:36:16 - INFO - __main__ - Skip re-evaluating for instant error-fixing rate .... Timecode: 20
10/21/2021 19:36:16 - INFO - __main__ - Saving the current error examples (len=26) to the memory.
10/21/2021 19:36:16 - INFO - __main__ - Current memroy_module size: 88813.
10/21/2021 19:36:16 - INFO - __main__ - Current upstream_memroy_module size: 88813.
10/21/2021 19:36:16 - INFO - __main__ - Finished.
10/21/2021 19:36:16 - INFO - __main__ - --------------------------------------------------
10/21/2021 19:36:16 - INFO - __main__ - Not doing replay-based eval.
10/21/2021 19:36:16 - INFO - __main__ - Evaluating to get errors .... Timecode: 21
10/21/2021 19:36:20 - INFO - __main__ - Before Error Fixing: 0.125
10/21/2021 19:36:20 - INFO - __main__ - Found 28 errors.
10/21/2021 19:36:20 - INFO - __main__ - Triggering Sampling from Memory and starting to replay.
10/21/2021 19:36:20 - INFO - __main__ - Current memroy_module size: 88839.
10/21/2021 19:36:20 - INFO - __main__ - Current upstream_memroy_module size: 88839.
10/21/2021 19:36:21 - INFO - __main__ - IO index -- retrieved_example_ids=140
10/21/2021 19:36:21 - INFO - __main__ - Mixed the retrieved examples (len=32) to the current batch for training.
10/21/2021 19:36:21 - INFO - __main__ - Start bug-fixing (len(examples_to_train)=60) .... Timecode: 21
10/21/2021 19:36:34 - INFO - __main__ - Start bug-fixing .... Done!
10/21/2021 19:36:34 - INFO - __main__ - Skip re-evaluating for instant error-fixing rate .... Timecode: 21
10/21/2021 19:36:34 - INFO - __main__ - Saving the current error examples (len=28) to the memory.
10/21/2021 19:36:34 - INFO - __main__ - Current memroy_module size: 88839.
10/21/2021 19:36:34 - INFO - __main__ - Current upstream_memroy_module size: 88839.
10/21/2021 19:36:35 - INFO - __main__ - Finished.
10/21/2021 19:36:35 - INFO - __main__ - --------------------------------------------------
10/21/2021 19:36:35 - INFO - __main__ - Not doing replay-based eval.
10/21/2021 19:36:35 - INFO - __main__ - Evaluating to get errors .... Timecode: 22
10/21/2021 19:36:38 - INFO - __main__ - Before Error Fixing: 0.21875
10/21/2021 19:36:38 - INFO - __main__ - Found 25 errors.
10/21/2021 19:36:38 - INFO - __main__ - Start bug-fixing (len(examples_to_train)=25) .... Timecode: 22
10/21/2021 19:36:43 - INFO - __main__ - Start bug-fixing .... Done!
10/21/2021 19:36:43 - INFO - __main__ - Skip re-evaluating for instant error-fixing rate .... Timecode: 22
10/21/2021 19:36:43 - INFO - __main__ - Saving the current error examples (len=25) to the memory.
10/21/2021 19:36:43 - INFO - __main__ - Current memroy_module size: 88867.
10/21/2021 19:36:43 - INFO - __main__ - Current upstream_memroy_module size: 88867.
10/21/2021 19:36:44 - INFO - __main__ - Finished.
10/21/2021 19:36:44 - INFO - __main__ - --------------------------------------------------
10/21/2021 19:36:44 - INFO - __main__ - Not doing replay-based eval.
10/21/2021 19:36:44 - INFO - __main__ - Evaluating to get errors .... Timecode: 23
10/21/2021 19:36:47 - INFO - __main__ - Before Error Fixing: 0.125
10/21/2021 19:36:47 - INFO - __main__ - Found 28 errors.
10/21/2021 19:36:47 - INFO - __main__ - Start bug-fixing (len(examples_to_train)=28) .... Timecode: 23
10/21/2021 19:36:53 - INFO - __main__ - Start bug-fixing .... Done!
10/21/2021 19:36:53 - INFO - __main__ - Skip re-evaluating for instant error-fixing rate .... Timecode: 23
10/21/2021 19:36:53 - INFO - __main__ - Saving the current error examples (len=28) to the memory.
10/21/2021 19:36:53 - INFO - __main__ - Current memroy_module size: 88892.
10/21/2021 19:36:53 - INFO - __main__ - Current upstream_memroy_module size: 88892.
10/21/2021 19:36:53 - INFO - __main__ - Finished.
10/21/2021 19:36:53 - INFO - __main__ - --------------------------------------------------
10/21/2021 19:36:53 - INFO - __main__ - Not doing replay-based eval.
10/21/2021 19:36:53 - INFO - __main__ - Evaluating to get errors .... Timecode: 24
10/21/2021 19:36:57 - INFO - __main__ - Before Error Fixing: 0.1875
10/21/2021 19:36:57 - INFO - __main__ - Found 26 errors.
10/21/2021 19:36:57 - INFO - __main__ - Triggering Sampling from Memory and starting to replay.
10/21/2021 19:36:57 - INFO - __main__ - Current memroy_module size: 88920.
10/21/2021 19:36:57 - INFO - __main__ - Current upstream_memroy_module size: 88920.
10/21/2021 19:36:58 - INFO - __main__ - IO index -- retrieved_example_ids=130
10/21/2021 19:36:58 - INFO - __main__ - Mixed the retrieved examples (len=32) to the current batch for training.
10/21/2021 19:36:58 - INFO - __main__ - Start bug-fixing (len(examples_to_train)=58) .... Timecode: 24
10/21/2021 19:37:10 - INFO - __main__ - Start bug-fixing .... Done!
10/21/2021 19:37:10 - INFO - __main__ - Skip re-evaluating for instant error-fixing rate .... Timecode: 24
10/21/2021 19:37:10 - INFO - __main__ - Saving the current error examples (len=26) to the memory.
10/21/2021 19:37:10 - INFO - __main__ - Current memroy_module size: 88920.
10/21/2021 19:37:10 - INFO - __main__ - Current upstream_memroy_module size: 88920.
10/21/2021 19:37:10 - INFO - __main__ - Finished.
10/21/2021 19:37:10 - INFO - __main__ - --------------------------------------------------
10/21/2021 19:37:10 - INFO - __main__ - Not doing replay-based eval.
10/21/2021 19:37:10 - INFO - __main__ - Evaluating to get errors .... Timecode: 25
10/21/2021 19:37:14 - INFO - __main__ - Before Error Fixing: 0.15625
10/21/2021 19:37:14 - INFO - __main__ - Found 27 errors.
10/21/2021 19:37:14 - INFO - __main__ - Start bug-fixing (len(examples_to_train)=27) .... Timecode: 25
10/21/2021 19:37:20 - INFO - __main__ - Start bug-fixing .... Done!
10/21/2021 19:37:20 - INFO - __main__ - Skip re-evaluating for instant error-fixing rate .... Timecode: 25
10/21/2021 19:37:20 - INFO - __main__ - Saving the current error examples (len=27) to the memory.
10/21/2021 19:37:20 - INFO - __main__ - Current memroy_module size: 88946.
10/21/2021 19:37:20 - INFO - __main__ - Current upstream_memroy_module size: 88946.
10/21/2021 19:37:20 - INFO - __main__ - Finished.
10/21/2021 19:37:20 - INFO - __main__ - --------------------------------------------------
10/21/2021 19:37:20 - INFO - __main__ - Not doing replay-based eval.
10/21/2021 19:37:20 - INFO - __main__ - Evaluating to get errors .... Timecode: 26
10/21/2021 19:37:24 - INFO - __main__ - Before Error Fixing: 0.1875
10/21/2021 19:37:24 - INFO - __main__ - Found 26 errors.
10/21/2021 19:37:24 - INFO - __main__ - Start bug-fixing (len(examples_to_train)=26) .... Timecode: 26
10/21/2021 19:37:29 - INFO - __main__ - Start bug-fixing .... Done!
10/21/2021 19:37:29 - INFO - __main__ - Skip re-evaluating for instant error-fixing rate .... Timecode: 26
10/21/2021 19:37:29 - INFO - __main__ - Saving the current error examples (len=26) to the memory.
10/21/2021 19:37:29 - INFO - __main__ - Current memroy_module size: 88973.
10/21/2021 19:37:29 - INFO - __main__ - Current upstream_memroy_module size: 88973.
10/21/2021 19:37:29 - INFO - __main__ - Finished.
10/21/2021 19:37:29 - INFO - __main__ - --------------------------------------------------
10/21/2021 19:37:29 - INFO - __main__ - Not doing replay-based eval.
10/21/2021 19:37:29 - INFO - __main__ - Evaluating to get errors .... Timecode: 27
10/21/2021 19:37:33 - INFO - __main__ - Before Error Fixing: 0.0625
10/21/2021 19:37:33 - INFO - __main__ - Found 30 errors.
10/21/2021 19:37:33 - INFO - __main__ - Triggering Sampling from Memory and starting to replay.
10/21/2021 19:37:33 - INFO - __main__ - Current memroy_module size: 88999.
10/21/2021 19:37:33 - INFO - __main__ - Current upstream_memroy_module size: 88999.
10/21/2021 19:37:35 - INFO - __main__ - IO index -- retrieved_example_ids=150
10/21/2021 19:37:35 - INFO - __main__ - Mixed the retrieved examples (len=32) to the current batch for training.
10/21/2021 19:37:35 - INFO - __main__ - Start bug-fixing (len(examples_to_train)=62) .... Timecode: 27
10/21/2021 19:37:48 - INFO - __main__ - Start bug-fixing .... Done!
10/21/2021 19:37:48 - INFO - __main__ - Skip re-evaluating for instant error-fixing rate .... Timecode: 27
10/21/2021 19:37:48 - INFO - __main__ - Saving the current error examples (len=30) to the memory.
10/21/2021 19:37:48 - INFO - __main__ - Current memroy_module size: 88999.
10/21/2021 19:37:48 - INFO - __main__ - Current upstream_memroy_module size: 88999.
10/21/2021 19:37:49 - INFO - __main__ - Finished.
10/21/2021 19:37:49 - INFO - __main__ - --------------------------------------------------
10/21/2021 19:37:49 - INFO - __main__ - Not doing replay-based eval.
10/21/2021 19:37:49 - INFO - __main__ - Evaluating to get errors .... Timecode: 28
10/21/2021 19:37:53 - INFO - __main__ - Before Error Fixing: 0.1875
10/21/2021 19:37:53 - INFO - __main__ - Found 26 errors.
10/21/2021 19:37:53 - INFO - __main__ - Start bug-fixing (len(examples_to_train)=26) .... Timecode: 28
10/21/2021 19:37:59 - INFO - __main__ - Start bug-fixing .... Done!
10/21/2021 19:37:59 - INFO - __main__ - Skip re-evaluating for instant error-fixing rate .... Timecode: 28
10/21/2021 19:37:59 - INFO - __main__ - Saving the current error examples (len=26) to the memory.
10/21/2021 19:37:59 - INFO - __main__ - Current memroy_module size: 89029.
10/21/2021 19:37:59 - INFO - __main__ - Current upstream_memroy_module size: 89029.
10/21/2021 19:37:59 - INFO - __main__ - Finished.
10/21/2021 19:37:59 - INFO - __main__ - --------------------------------------------------
10/21/2021 19:37:59 - INFO - __main__ - Not doing replay-based eval.
10/21/2021 19:37:59 - INFO - __main__ - Evaluating to get errors .... Timecode: 29
10/21/2021 19:38:03 - INFO - __main__ - Before Error Fixing: 0.15625
10/21/2021 19:38:03 - INFO - __main__ - Found 27 errors.
10/21/2021 19:38:03 - INFO - __main__ - Start bug-fixing (len(examples_to_train)=27) .... Timecode: 29
10/21/2021 19:38:09 - INFO - __main__ - Start bug-fixing .... Done!
10/21/2021 19:38:09 - INFO - __main__ - Skip re-evaluating for instant error-fixing rate .... Timecode: 29
10/21/2021 19:38:09 - INFO - __main__ - Saving the current error examples (len=27) to the memory.
10/21/2021 19:38:09 - INFO - __main__ - Current memroy_module size: 89055.
10/21/2021 19:38:09 - INFO - __main__ - Current upstream_memroy_module size: 89055.
10/21/2021 19:38:09 - INFO - __main__ - Finished.
10/21/2021 19:38:09 - INFO - __main__ - --------------------------------------------------
10/21/2021 19:38:09 - INFO - __main__ - Not doing replay-based eval.
10/21/2021 19:38:09 - INFO - __main__ - Evaluating to get errors .... Timecode: 30
10/21/2021 19:38:13 - INFO - __main__ - Before Error Fixing: 0.03125
10/21/2021 19:38:13 - INFO - __main__ - Found 31 errors.
10/21/2021 19:38:13 - INFO - __main__ - Triggering Sampling from Memory and starting to replay.
10/21/2021 19:38:13 - INFO - __main__ - Current memroy_module size: 89082.
10/21/2021 19:38:13 - INFO - __main__ - Current upstream_memroy_module size: 89082.
10/21/2021 19:38:14 - INFO - __main__ - IO index -- retrieved_example_ids=155
10/21/2021 19:38:14 - INFO - __main__ - Mixed the retrieved examples (len=32) to the current batch for training.
10/21/2021 19:38:14 - INFO - __main__ - Start bug-fixing (len(examples_to_train)=63) .... Timecode: 30
10/21/2021 19:38:28 - INFO - __main__ - Start bug-fixing .... Done!
10/21/2021 19:38:28 - INFO - __main__ - Skip re-evaluating for instant error-fixing rate .... Timecode: 30
10/21/2021 19:38:28 - INFO - __main__ - Saving the current error examples (len=31) to the memory.
10/21/2021 19:38:28 - INFO - __main__ - Current memroy_module size: 89082.
10/21/2021 19:38:28 - INFO - __main__ - Current upstream_memroy_module size: 89082.
10/21/2021 19:38:28 - INFO - __main__ - Finished.
10/21/2021 19:38:28 - INFO - __main__ - --------------------------------------------------
10/21/2021 19:38:28 - INFO - __main__ - Not doing replay-based eval.
10/21/2021 19:38:28 - INFO - __main__ - Evaluating to get errors .... Timecode: 31
10/21/2021 19:38:33 - INFO - __main__ - Before Error Fixing: 0.125
10/21/2021 19:38:33 - INFO - __main__ - Found 28 errors.
10/21/2021 19:38:33 - INFO - __main__ - Start bug-fixing (len(examples_to_train)=28) .... Timecode: 31
10/21/2021 19:38:39 - INFO - __main__ - Start bug-fixing .... Done!
10/21/2021 19:38:39 - INFO - __main__ - Skip re-evaluating for instant error-fixing rate .... Timecode: 31
10/21/2021 19:38:39 - INFO - __main__ - Saving the current error examples (len=28) to the memory.
10/21/2021 19:38:39 - INFO - __main__ - Current memroy_module size: 89113.
10/21/2021 19:38:39 - INFO - __main__ - Current upstream_memroy_module size: 89113.
10/21/2021 19:38:39 - INFO - __main__ - Finished.
10/21/2021 19:38:39 - INFO - __main__ - --------------------------------------------------
10/21/2021 19:38:39 - INFO - __main__ - Not doing replay-based eval.
10/21/2021 19:38:39 - INFO - __main__ - Evaluating to get errors .... Timecode: 32
10/21/2021 19:38:43 - INFO - __main__ - Before Error Fixing: 0.0625
10/21/2021 19:38:43 - INFO - __main__ - Found 30 errors.
10/21/2021 19:38:43 - INFO - __main__ - Start bug-fixing (len(examples_to_train)=30) .... Timecode: 32
10/21/2021 19:38:49 - INFO - __main__ - Start bug-fixing .... Done!
10/21/2021 19:38:49 - INFO - __main__ - Skip re-evaluating for instant error-fixing rate .... Timecode: 32
10/21/2021 19:38:49 - INFO - __main__ - Saving the current error examples (len=30) to the memory.
10/21/2021 19:38:49 - INFO - __main__ - Current memroy_module size: 89141.
10/21/2021 19:38:49 - INFO - __main__ - Current upstream_memroy_module size: 89141.
10/21/2021 19:38:50 - INFO - __main__ - Finished.
10/21/2021 19:38:50 - INFO - __main__ - --------------------------------------------------
10/21/2021 19:38:50 - INFO - __main__ - Not doing replay-based eval.
10/21/2021 19:38:50 - INFO - __main__ - Evaluating to get errors .... Timecode: 33
10/21/2021 19:38:53 - INFO - __main__ - Before Error Fixing: 0.0625
10/21/2021 19:38:53 - INFO - __main__ - Found 30 errors.
10/21/2021 19:38:53 - INFO - __main__ - Triggering Sampling from Memory and starting to replay.
10/21/2021 19:38:53 - INFO - __main__ - Current memroy_module size: 89171.
10/21/2021 19:38:53 - INFO - __main__ - Current upstream_memroy_module size: 89171.
10/21/2021 19:38:55 - INFO - __main__ - IO index -- retrieved_example_ids=150
10/21/2021 19:38:55 - INFO - __main__ - Mixed the retrieved examples (len=32) to the current batch for training.
10/21/2021 19:38:55 - INFO - __main__ - Start bug-fixing (len(examples_to_train)=62) .... Timecode: 33
10/21/2021 19:39:07 - INFO - __main__ - Start bug-fixing .... Done!
10/21/2021 19:39:07 - INFO - __main__ - Skip re-evaluating for instant error-fixing rate .... Timecode: 33
10/21/2021 19:39:07 - INFO - __main__ - Saving the current error examples (len=30) to the memory.
10/21/2021 19:39:07 - INFO - __main__ - Current memroy_module size: 89171.
10/21/2021 19:39:07 - INFO - __main__ - Current upstream_memroy_module size: 89171.
10/21/2021 19:39:07 - INFO - __main__ - Finished.
10/21/2021 19:39:07 - INFO - __main__ - --------------------------------------------------
10/21/2021 19:39:07 - INFO - __main__ - Not doing replay-based eval.
10/21/2021 19:39:07 - INFO - __main__ - Evaluating to get errors .... Timecode: 34
10/21/2021 19:39:10 - INFO - __main__ - Before Error Fixing: 0.09375
10/21/2021 19:39:10 - INFO - __main__ - Found 29 errors.
10/21/2021 19:39:10 - INFO - __main__ - Start bug-fixing (len(examples_to_train)=29) .... Timecode: 34
10/21/2021 19:39:17 - INFO - __main__ - Start bug-fixing .... Done!
10/21/2021 19:39:17 - INFO - __main__ - Skip re-evaluating for instant error-fixing rate .... Timecode: 34
10/21/2021 19:39:17 - INFO - __main__ - Saving the current error examples (len=29) to the memory.
10/21/2021 19:39:17 - INFO - __main__ - Current memroy_module size: 89201.
10/21/2021 19:39:17 - INFO - __main__ - Current upstream_memroy_module size: 89201.
10/21/2021 19:39:17 - INFO - __main__ - Finished.
10/21/2021 19:39:17 - INFO - __main__ - --------------------------------------------------
10/21/2021 19:39:17 - INFO - __main__ - Not doing replay-based eval.
10/21/2021 19:39:17 - INFO - __main__ - Evaluating to get errors .... Timecode: 35
10/21/2021 19:39:20 - INFO - __main__ - Before Error Fixing: 0.21875
10/21/2021 19:39:20 - INFO - __main__ - Found 25 errors.
10/21/2021 19:39:20 - INFO - __main__ - Start bug-fixing (len(examples_to_train)=25) .... Timecode: 35
10/21/2021 19:39:25 - INFO - __main__ - Start bug-fixing .... Done!
10/21/2021 19:39:25 - INFO - __main__ - Skip re-evaluating for instant error-fixing rate .... Timecode: 35
10/21/2021 19:39:25 - INFO - __main__ - Saving the current error examples (len=25) to the memory.
10/21/2021 19:39:25 - INFO - __main__ - Current memroy_module size: 89230.
10/21/2021 19:39:25 - INFO - __main__ - Current upstream_memroy_module size: 89230.
10/21/2021 19:39:26 - INFO - __main__ - Finished.
10/21/2021 19:39:26 - INFO - __main__ - --------------------------------------------------
10/21/2021 19:39:26 - INFO - __main__ - Not doing replay-based eval.
10/21/2021 19:39:26 - INFO - __main__ - Evaluating to get errors .... Timecode: 36
10/21/2021 19:39:29 - INFO - __main__ - Before Error Fixing: 0.1875
10/21/2021 19:39:29 - INFO - __main__ - Found 26 errors.
10/21/2021 19:39:29 - INFO - __main__ - Triggering Sampling from Memory and starting to replay.
10/21/2021 19:39:29 - INFO - __main__ - Current memroy_module size: 89255.
10/21/2021 19:39:29 - INFO - __main__ - Current upstream_memroy_module size: 89255.
10/21/2021 19:39:30 - INFO - __main__ - IO index -- retrieved_example_ids=130
10/21/2021 19:39:30 - INFO - __main__ - Mixed the retrieved examples (len=32) to the current batch for training.
10/21/2021 19:39:30 - INFO - __main__ - Start bug-fixing (len(examples_to_train)=58) .... Timecode: 36
10/21/2021 19:39:42 - INFO - __main__ - Start bug-fixing .... Done!
10/21/2021 19:39:42 - INFO - __main__ - Skip re-evaluating for instant error-fixing rate .... Timecode: 36
10/21/2021 19:39:42 - INFO - __main__ - Saving the current error examples (len=26) to the memory.
10/21/2021 19:39:42 - INFO - __main__ - Current memroy_module size: 89255.
10/21/2021 19:39:42 - INFO - __main__ - Current upstream_memroy_module size: 89255.
10/21/2021 19:39:42 - INFO - __main__ - Finished.
10/21/2021 19:39:42 - INFO - __main__ - --------------------------------------------------
10/21/2021 19:39:42 - INFO - __main__ - Not doing replay-based eval.
10/21/2021 19:39:42 - INFO - __main__ - Evaluating to get errors .... Timecode: 37
10/21/2021 19:39:46 - INFO - __main__ - Before Error Fixing: 0.21875
10/21/2021 19:39:46 - INFO - __main__ - Found 25 errors.
10/21/2021 19:39:46 - INFO - __main__ - Start bug-fixing (len(examples_to_train)=25) .... Timecode: 37
10/21/2021 19:39:51 - INFO - __main__ - Start bug-fixing .... Done!
10/21/2021 19:39:51 - INFO - __main__ - Skip re-evaluating for instant error-fixing rate .... Timecode: 37
10/21/2021 19:39:51 - INFO - __main__ - Saving the current error examples (len=25) to the memory.
10/21/2021 19:39:51 - INFO - __main__ - Current memroy_module size: 89281.
10/21/2021 19:39:51 - INFO - __main__ - Current upstream_memroy_module size: 89281.
10/21/2021 19:39:51 - INFO - __main__ - Finished.
10/21/2021 19:39:51 - INFO - __main__ - --------------------------------------------------
10/21/2021 19:39:51 - INFO - __main__ - Not doing replay-based eval.
10/21/2021 19:39:51 - INFO - __main__ - Evaluating to get errors .... Timecode: 38
10/21/2021 19:39:55 - INFO - __main__ - Before Error Fixing: 0.125
10/21/2021 19:39:55 - INFO - __main__ - Found 28 errors.
10/21/2021 19:39:55 - INFO - __main__ - Start bug-fixing (len(examples_to_train)=28) .... Timecode: 38
10/21/2021 19:40:00 - INFO - __main__ - Start bug-fixing .... Done!
10/21/2021 19:40:00 - INFO - __main__ - Skip re-evaluating for instant error-fixing rate .... Timecode: 38
10/21/2021 19:40:00 - INFO - __main__ - Saving the current error examples (len=28) to the memory.
10/21/2021 19:40:00 - INFO - __main__ - Current memroy_module size: 89306.
10/21/2021 19:40:00 - INFO - __main__ - Current upstream_memroy_module size: 89306.
10/21/2021 19:40:01 - INFO - __main__ - Finished.
10/21/2021 19:40:01 - INFO - __main__ - --------------------------------------------------
10/21/2021 19:40:01 - INFO - __main__ - Not doing replay-based eval.
10/21/2021 19:40:01 - INFO - __main__ - Evaluating to get errors .... Timecode: 39
10/21/2021 19:40:05 - INFO - __main__ - Before Error Fixing: 0.21875
10/21/2021 19:40:05 - INFO - __main__ - Found 25 errors.
10/21/2021 19:40:05 - INFO - __main__ - Triggering Sampling from Memory and starting to replay.
10/21/2021 19:40:05 - INFO - __main__ - Current memroy_module size: 89334.
10/21/2021 19:40:05 - INFO - __main__ - Current upstream_memroy_module size: 89334.
10/21/2021 19:40:06 - INFO - __main__ - IO index -- retrieved_example_ids=125
10/21/2021 19:40:06 - INFO - __main__ - Mixed the retrieved examples (len=32) to the current batch for training.
10/21/2021 19:40:06 - INFO - __main__ - Start bug-fixing (len(examples_to_train)=57) .... Timecode: 39
10/21/2021 19:40:18 - INFO - __main__ - Start bug-fixing .... Done!
10/21/2021 19:40:18 - INFO - __main__ - Skip re-evaluating for instant error-fixing rate .... Timecode: 39
10/21/2021 19:40:18 - INFO - __main__ - Saving the current error examples (len=25) to the memory.
10/21/2021 19:40:18 - INFO - __main__ - Current memroy_module size: 89334.
10/21/2021 19:40:18 - INFO - __main__ - Current upstream_memroy_module size: 89334.
10/21/2021 19:40:19 - INFO - __main__ - Finished.
10/21/2021 19:40:19 - INFO - __main__ - --------------------------------------------------
10/21/2021 19:40:19 - INFO - __main__ - Not doing replay-based eval.
10/21/2021 19:40:19 - INFO - __main__ - Evaluating to get errors .... Timecode: 40
10/21/2021 19:40:23 - INFO - __main__ - Before Error Fixing: 0.28125
10/21/2021 19:40:23 - INFO - __main__ - Found 23 errors.
10/21/2021 19:40:23 - INFO - __main__ - Start bug-fixing (len(examples_to_train)=23) .... Timecode: 40
10/21/2021 19:40:27 - INFO - __main__ - Start bug-fixing .... Done!
10/21/2021 19:40:27 - INFO - __main__ - Skip re-evaluating for instant error-fixing rate .... Timecode: 40
10/21/2021 19:40:27 - INFO - __main__ - Saving the current error examples (len=23) to the memory.
10/21/2021 19:40:27 - INFO - __main__ - Current memroy_module size: 89359.
10/21/2021 19:40:27 - INFO - __main__ - Current upstream_memroy_module size: 89359.
10/21/2021 19:40:28 - INFO - __main__ - Finished.
10/21/2021 19:40:28 - INFO - __main__ - --------------------------------------------------
10/21/2021 19:40:28 - INFO - __main__ - Not doing replay-based eval.
10/21/2021 19:40:28 - INFO - __main__ - Evaluating to get errors .... Timecode: 41
10/21/2021 19:40:31 - INFO - __main__ - Before Error Fixing: 0.09375
10/21/2021 19:40:31 - INFO - __main__ - Found 29 errors.
10/21/2021 19:40:31 - INFO - __main__ - Start bug-fixing (len(examples_to_train)=29) .... Timecode: 41
10/21/2021 19:40:37 - INFO - __main__ - Start bug-fixing .... Done!
10/21/2021 19:40:37 - INFO - __main__ - Skip re-evaluating for instant error-fixing rate .... Timecode: 41
10/21/2021 19:40:37 - INFO - __main__ - Saving the current error examples (len=29) to the memory.
10/21/2021 19:40:37 - INFO - __main__ - Current memroy_module size: 89382.
10/21/2021 19:40:37 - INFO - __main__ - Current upstream_memroy_module size: 89382.
10/21/2021 19:40:38 - INFO - __main__ - Finished.
10/21/2021 19:40:38 - INFO - __main__ - --------------------------------------------------
10/21/2021 19:40:38 - INFO - __main__ - Not doing replay-based eval.
10/21/2021 19:40:38 - INFO - __main__ - Evaluating to get errors .... Timecode: 42
10/21/2021 19:40:41 - INFO - __main__ - Before Error Fixing: 0.03125
10/21/2021 19:40:41 - INFO - __main__ - Found 31 errors.
10/21/2021 19:40:41 - INFO - __main__ - Triggering Sampling from Memory and starting to replay.
10/21/2021 19:40:41 - INFO - __main__ - Current memroy_module size: 89411.
10/21/2021 19:40:41 - INFO - __main__ - Current upstream_memroy_module size: 89411.
10/21/2021 19:40:43 - INFO - __main__ - IO index -- retrieved_example_ids=155
10/21/2021 19:40:43 - INFO - __main__ - Mixed the retrieved examples (len=32) to the current batch for training.
10/21/2021 19:40:43 - INFO - __main__ - Start bug-fixing (len(examples_to_train)=63) .... Timecode: 42
10/21/2021 19:40:56 - INFO - __main__ - Start bug-fixing .... Done!
10/21/2021 19:40:56 - INFO - __main__ - Skip re-evaluating for instant error-fixing rate .... Timecode: 42
10/21/2021 19:40:56 - INFO - __main__ - Saving the current error examples (len=31) to the memory.
10/21/2021 19:40:56 - INFO - __main__ - Current memroy_module size: 89411.
10/21/2021 19:40:56 - INFO - __main__ - Current upstream_memroy_module size: 89411.
10/21/2021 19:40:56 - INFO - __main__ - Finished.
10/21/2021 19:40:56 - INFO - __main__ - --------------------------------------------------
10/21/2021 19:40:56 - INFO - __main__ - Not doing replay-based eval.
10/21/2021 19:40:56 - INFO - __main__ - Evaluating to get errors .... Timecode: 43
10/21/2021 19:41:00 - INFO - __main__ - Before Error Fixing: 0.125
10/21/2021 19:41:00 - INFO - __main__ - Found 28 errors.
10/21/2021 19:41:00 - INFO - __main__ - Start bug-fixing (len(examples_to_train)=28) .... Timecode: 43
10/21/2021 19:41:06 - INFO - __main__ - Start bug-fixing .... Done!
10/21/2021 19:41:06 - INFO - __main__ - Skip re-evaluating for instant error-fixing rate .... Timecode: 43
10/21/2021 19:41:06 - INFO - __main__ - Saving the current error examples (len=28) to the memory.
10/21/2021 19:41:06 - INFO - __main__ - Current memroy_module size: 89442.
10/21/2021 19:41:06 - INFO - __main__ - Current upstream_memroy_module size: 89442.
10/21/2021 19:41:06 - INFO - __main__ - Finished.
10/21/2021 19:41:06 - INFO - __main__ - --------------------------------------------------
10/21/2021 19:41:06 - INFO - __main__ - Not doing replay-based eval.
10/21/2021 19:41:06 - INFO - __main__ - Evaluating to get errors .... Timecode: 44
10/21/2021 19:41:10 - INFO - __main__ - Before Error Fixing: 0.1875
10/21/2021 19:41:10 - INFO - __main__ - Found 26 errors.
10/21/2021 19:41:10 - INFO - __main__ - Start bug-fixing (len(examples_to_train)=26) .... Timecode: 44
10/21/2021 19:41:15 - INFO - __main__ - Start bug-fixing .... Done!
10/21/2021 19:41:15 - INFO - __main__ - Skip re-evaluating for instant error-fixing rate .... Timecode: 44
10/21/2021 19:41:15 - INFO - __main__ - Saving the current error examples (len=26) to the memory.
10/21/2021 19:41:15 - INFO - __main__ - Current memroy_module size: 89470.
10/21/2021 19:41:15 - INFO - __main__ - Current upstream_memroy_module size: 89470.
10/21/2021 19:41:16 - INFO - __main__ - Finished.
10/21/2021 19:41:16 - INFO - __main__ - --------------------------------------------------
10/21/2021 19:41:16 - INFO - __main__ - Not doing replay-based eval.
10/21/2021 19:41:16 - INFO - __main__ - Evaluating to get errors .... Timecode: 45
10/21/2021 19:41:20 - INFO - __main__ - Before Error Fixing: 0.09375
10/21/2021 19:41:20 - INFO - __main__ - Found 29 errors.
10/21/2021 19:41:20 - INFO - __main__ - Triggering Sampling from Memory and starting to replay.
10/21/2021 19:41:20 - INFO - __main__ - Current memroy_module size: 89496.
10/21/2021 19:41:20 - INFO - __main__ - Current upstream_memroy_module size: 89496.
10/21/2021 19:41:21 - INFO - __main__ - IO index -- retrieved_example_ids=145
10/21/2021 19:41:21 - INFO - __main__ - Mixed the retrieved examples (len=32) to the current batch for training.
10/21/2021 19:41:21 - INFO - __main__ - Start bug-fixing (len(examples_to_train)=61) .... Timecode: 45
10/21/2021 19:41:34 - INFO - __main__ - Start bug-fixing .... Done!
10/21/2021 19:41:34 - INFO - __main__ - Skip re-evaluating for instant error-fixing rate .... Timecode: 45
10/21/2021 19:41:34 - INFO - __main__ - Saving the current error examples (len=29) to the memory.
10/21/2021 19:41:34 - INFO - __main__ - Current memroy_module size: 89496.
10/21/2021 19:41:34 - INFO - __main__ - Current upstream_memroy_module size: 89496.
10/21/2021 19:41:34 - INFO - __main__ - Finished.
10/21/2021 19:41:34 - INFO - __main__ - --------------------------------------------------
10/21/2021 19:41:34 - INFO - __main__ - Not doing replay-based eval.
10/21/2021 19:41:34 - INFO - __main__ - Evaluating to get errors .... Timecode: 46
10/21/2021 19:41:37 - INFO - __main__ - Before Error Fixing: 0.28125
10/21/2021 19:41:37 - INFO - __main__ - Found 23 errors.
10/21/2021 19:41:37 - INFO - __main__ - Start bug-fixing (len(examples_to_train)=23) .... Timecode: 46
10/21/2021 19:41:42 - INFO - __main__ - Start bug-fixing .... Done!
10/21/2021 19:41:42 - INFO - __main__ - Skip re-evaluating for instant error-fixing rate .... Timecode: 46
10/21/2021 19:41:42 - INFO - __main__ - Saving the current error examples (len=23) to the memory.
10/21/2021 19:41:42 - INFO - __main__ - Current memroy_module size: 89525.
10/21/2021 19:41:42 - INFO - __main__ - Current upstream_memroy_module size: 89525.
10/21/2021 19:41:43 - INFO - __main__ - Finished.
10/21/2021 19:41:43 - INFO - __main__ - --------------------------------------------------
10/21/2021 19:41:43 - INFO - __main__ - Not doing replay-based eval.
10/21/2021 19:41:43 - INFO - __main__ - Evaluating to get errors .... Timecode: 47
10/21/2021 19:41:46 - INFO - __main__ - Before Error Fixing: 0.125
10/21/2021 19:41:46 - INFO - __main__ - Found 28 errors.
10/21/2021 19:41:46 - INFO - __main__ - Start bug-fixing (len(examples_to_train)=28) .... Timecode: 47
10/21/2021 19:41:52 - INFO - __main__ - Start bug-fixing .... Done!
10/21/2021 19:41:52 - INFO - __main__ - Skip re-evaluating for instant error-fixing rate .... Timecode: 47
10/21/2021 19:41:52 - INFO - __main__ - Saving the current error examples (len=28) to the memory.
10/21/2021 19:41:52 - INFO - __main__ - Current memroy_module size: 89548.
10/21/2021 19:41:52 - INFO - __main__ - Current upstream_memroy_module size: 89548.
10/21/2021 19:41:53 - INFO - __main__ - Finished.
10/21/2021 19:41:53 - INFO - __main__ - --------------------------------------------------
10/21/2021 19:41:53 - INFO - __main__ - Not doing replay-based eval.
10/21/2021 19:41:53 - INFO - __main__ - Evaluating to get errors .... Timecode: 48
10/21/2021 19:41:56 - INFO - __main__ - Before Error Fixing: 0.28125
10/21/2021 19:41:56 - INFO - __main__ - Found 23 errors.
10/21/2021 19:41:56 - INFO - __main__ - Triggering Sampling from Memory and starting to replay.
10/21/2021 19:41:56 - INFO - __main__ - Current memroy_module size: 89576.
10/21/2021 19:41:56 - INFO - __main__ - Current upstream_memroy_module size: 89576.
10/21/2021 19:41:57 - INFO - __main__ - IO index -- retrieved_example_ids=115
10/21/2021 19:41:57 - INFO - __main__ - Mixed the retrieved examples (len=32) to the current batch for training.
10/21/2021 19:41:57 - INFO - __main__ - Start bug-fixing (len(examples_to_train)=55) .... Timecode: 48
10/21/2021 19:42:09 - INFO - __main__ - Start bug-fixing .... Done!
10/21/2021 19:42:09 - INFO - __main__ - Skip re-evaluating for instant error-fixing rate .... Timecode: 48
10/21/2021 19:42:09 - INFO - __main__ - Saving the current error examples (len=23) to the memory.
10/21/2021 19:42:09 - INFO - __main__ - Current memroy_module size: 89576.
10/21/2021 19:42:09 - INFO - __main__ - Current upstream_memroy_module size: 89576.
10/21/2021 19:42:09 - INFO - __main__ - Finished.
10/21/2021 19:42:09 - INFO - __main__ - --------------------------------------------------
10/21/2021 19:42:09 - INFO - __main__ - Not doing replay-based eval.
10/21/2021 19:42:09 - INFO - __main__ - Evaluating to get errors .... Timecode: 49
10/21/2021 19:42:13 - INFO - __main__ - Before Error Fixing: 0.0625
10/21/2021 19:42:13 - INFO - __main__ - Found 30 errors.
10/21/2021 19:42:13 - INFO - __main__ - Start bug-fixing (len(examples_to_train)=30) .... Timecode: 49
10/21/2021 19:42:18 - INFO - __main__ - Start bug-fixing .... Done!
10/21/2021 19:42:18 - INFO - __main__ - Skip re-evaluating for instant error-fixing rate .... Timecode: 49
10/21/2021 19:42:18 - INFO - __main__ - Saving the current error examples (len=30) to the memory.
10/21/2021 19:42:18 - INFO - __main__ - Current memroy_module size: 89599.
10/21/2021 19:42:18 - INFO - __main__ - Current upstream_memroy_module size: 89599.
10/21/2021 19:42:19 - INFO - __main__ - Finished.
10/21/2021 19:42:19 - INFO - __main__ - --------------------------------------------------
10/21/2021 19:42:19 - INFO - __main__ - Not doing replay-based eval.
10/21/2021 19:42:19 - INFO - __main__ - Evaluating to get errors .... Timecode: 50
10/21/2021 19:42:23 - INFO - __main__ - Before Error Fixing: 0.125
10/21/2021 19:42:23 - INFO - __main__ - Found 28 errors.
10/21/2021 19:42:23 - INFO - __main__ - Start bug-fixing (len(examples_to_train)=28) .... Timecode: 50
10/21/2021 19:42:29 - INFO - __main__ - Start bug-fixing .... Done!
10/21/2021 19:42:29 - INFO - __main__ - Skip re-evaluating for instant error-fixing rate .... Timecode: 50
10/21/2021 19:42:29 - INFO - __main__ - Saving the current error examples (len=28) to the memory.
10/21/2021 19:42:29 - INFO - __main__ - Current memroy_module size: 89629.
10/21/2021 19:42:29 - INFO - __main__ - Current upstream_memroy_module size: 89629.
10/21/2021 19:42:29 - INFO - __main__ - Finished.
10/21/2021 19:42:29 - INFO - __main__ - --------------------------------------------------
10/21/2021 19:42:29 - INFO - __main__ - Not doing replay-based eval.
10/21/2021 19:42:29 - INFO - __main__ - Evaluating to get errors .... Timecode: 51
10/21/2021 19:42:33 - INFO - __main__ - Before Error Fixing: 0.1875
10/21/2021 19:42:33 - INFO - __main__ - Found 26 errors.
10/21/2021 19:42:33 - INFO - __main__ - Triggering Sampling from Memory and starting to replay.
10/21/2021 19:42:33 - INFO - __main__ - Current memroy_module size: 89657.
10/21/2021 19:42:33 - INFO - __main__ - Current upstream_memroy_module size: 89657.
10/21/2021 19:42:34 - INFO - __main__ - IO index -- retrieved_example_ids=130
10/21/2021 19:42:34 - INFO - __main__ - Mixed the retrieved examples (len=32) to the current batch for training.
10/21/2021 19:42:34 - INFO - __main__ - Start bug-fixing (len(examples_to_train)=58) .... Timecode: 51
10/21/2021 19:42:45 - INFO - __main__ - Start bug-fixing .... Done!
10/21/2021 19:42:45 - INFO - __main__ - Skip re-evaluating for instant error-fixing rate .... Timecode: 51
10/21/2021 19:42:45 - INFO - __main__ - Saving the current error examples (len=26) to the memory.
10/21/2021 19:42:45 - INFO - __main__ - Current memroy_module size: 89657.
10/21/2021 19:42:45 - INFO - __main__ - Current upstream_memroy_module size: 89657.
10/21/2021 19:42:45 - INFO - __main__ - Finished.
10/21/2021 19:42:45 - INFO - __main__ - --------------------------------------------------
10/21/2021 19:42:45 - INFO - __main__ - Not doing replay-based eval.
10/21/2021 19:42:45 - INFO - __main__ - Evaluating to get errors .... Timecode: 52
10/21/2021 19:42:49 - INFO - __main__ - Before Error Fixing: 0.125
10/21/2021 19:42:49 - INFO - __main__ - Found 28 errors.
10/21/2021 19:42:49 - INFO - __main__ - Start bug-fixing (len(examples_to_train)=28) .... Timecode: 52
10/21/2021 19:42:54 - INFO - __main__ - Start bug-fixing .... Done!
10/21/2021 19:42:54 - INFO - __main__ - Skip re-evaluating for instant error-fixing rate .... Timecode: 52
10/21/2021 19:42:54 - INFO - __main__ - Saving the current error examples (len=28) to the memory.
10/21/2021 19:42:54 - INFO - __main__ - Current memroy_module size: 89683.
10/21/2021 19:42:54 - INFO - __main__ - Current upstream_memroy_module size: 89683.
10/21/2021 19:42:54 - INFO - __main__ - Finished.
10/21/2021 19:42:54 - INFO - __main__ - --------------------------------------------------
10/21/2021 19:42:54 - INFO - __main__ - Not doing replay-based eval.
10/21/2021 19:42:54 - INFO - __main__ - Evaluating to get errors .... Timecode: 53
10/21/2021 19:42:58 - INFO - __main__ - Before Error Fixing: 0.1875
10/21/2021 19:42:58 - INFO - __main__ - Found 26 errors.
10/21/2021 19:42:58 - INFO - __main__ - Start bug-fixing (len(examples_to_train)=26) .... Timecode: 53
10/21/2021 19:43:03 - INFO - __main__ - Start bug-fixing .... Done!
10/21/2021 19:43:03 - INFO - __main__ - Skip re-evaluating for instant error-fixing rate .... Timecode: 53
10/21/2021 19:43:03 - INFO - __main__ - Saving the current error examples (len=26) to the memory.
10/21/2021 19:43:03 - INFO - __main__ - Current memroy_module size: 89711.
10/21/2021 19:43:03 - INFO - __main__ - Current upstream_memroy_module size: 89711.
10/21/2021 19:43:04 - INFO - __main__ - Finished.
10/21/2021 19:43:04 - INFO - __main__ - --------------------------------------------------
10/21/2021 19:43:04 - INFO - __main__ - Not doing replay-based eval.
10/21/2021 19:43:04 - INFO - __main__ - Evaluating to get errors .... Timecode: 54
10/21/2021 19:43:07 - INFO - __main__ - Before Error Fixing: 0.21875
10/21/2021 19:43:07 - INFO - __main__ - Found 25 errors.
10/21/2021 19:43:07 - INFO - __main__ - Triggering Sampling from Memory and starting to replay.
10/21/2021 19:43:07 - INFO - __main__ - Current memroy_module size: 89737.
10/21/2021 19:43:07 - INFO - __main__ - Current upstream_memroy_module size: 89737.
10/21/2021 19:43:08 - INFO - __main__ - IO index -- retrieved_example_ids=125
10/21/2021 19:43:08 - INFO - __main__ - Mixed the retrieved examples (len=32) to the current batch for training.
10/21/2021 19:43:08 - INFO - __main__ - Start bug-fixing (len(examples_to_train)=57) .... Timecode: 54
10/21/2021 19:43:20 - INFO - __main__ - Start bug-fixing .... Done!
10/21/2021 19:43:20 - INFO - __main__ - Skip re-evaluating for instant error-fixing rate .... Timecode: 54
10/21/2021 19:43:20 - INFO - __main__ - Saving the current error examples (len=25) to the memory.
10/21/2021 19:43:20 - INFO - __main__ - Current memroy_module size: 89737.
10/21/2021 19:43:20 - INFO - __main__ - Current upstream_memroy_module size: 89737.
10/21/2021 19:43:21 - INFO - __main__ - Finished.
10/21/2021 19:43:21 - INFO - __main__ - --------------------------------------------------
10/21/2021 19:43:21 - INFO - __main__ - Not doing replay-based eval.
10/21/2021 19:43:21 - INFO - __main__ - Evaluating to get errors .... Timecode: 55
10/21/2021 19:43:24 - INFO - __main__ - Before Error Fixing: 0.15625
10/21/2021 19:43:24 - INFO - __main__ - Found 27 errors.
10/21/2021 19:43:24 - INFO - __main__ - Start bug-fixing (len(examples_to_train)=27) .... Timecode: 55
10/21/2021 19:43:30 - INFO - __main__ - Start bug-fixing .... Done!
10/21/2021 19:43:30 - INFO - __main__ - Skip re-evaluating for instant error-fixing rate .... Timecode: 55
10/21/2021 19:43:30 - INFO - __main__ - Saving the current error examples (len=27) to the memory.
10/21/2021 19:43:30 - INFO - __main__ - Current memroy_module size: 89762.
10/21/2021 19:43:30 - INFO - __main__ - Current upstream_memroy_module size: 89762.
10/21/2021 19:43:30 - INFO - __main__ - Finished.
10/21/2021 19:43:30 - INFO - __main__ - --------------------------------------------------
10/21/2021 19:43:30 - INFO - __main__ - Not doing replay-based eval.
10/21/2021 19:43:30 - INFO - __main__ - Evaluating to get errors .... Timecode: 56
10/21/2021 19:43:34 - INFO - __main__ - Before Error Fixing: 0.125
10/21/2021 19:43:34 - INFO - __main__ - Found 28 errors.
10/21/2021 19:43:34 - INFO - __main__ - Start bug-fixing (len(examples_to_train)=28) .... Timecode: 56
10/21/2021 19:43:40 - INFO - __main__ - Start bug-fixing .... Done!
10/21/2021 19:43:40 - INFO - __main__ - Skip re-evaluating for instant error-fixing rate .... Timecode: 56
10/21/2021 19:43:40 - INFO - __main__ - Saving the current error examples (len=28) to the memory.
10/21/2021 19:43:40 - INFO - __main__ - Current memroy_module size: 89789.
10/21/2021 19:43:40 - INFO - __main__ - Current upstream_memroy_module size: 89789.
10/21/2021 19:43:40 - INFO - __main__ - Finished.
10/21/2021 19:43:40 - INFO - __main__ - --------------------------------------------------
10/21/2021 19:43:40 - INFO - __main__ - Not doing replay-based eval.
10/21/2021 19:43:40 - INFO - __main__ - Evaluating to get errors .... Timecode: 57
10/21/2021 19:43:44 - INFO - __main__ - Before Error Fixing: 0.0625
10/21/2021 19:43:44 - INFO - __main__ - Found 30 errors.
10/21/2021 19:43:44 - INFO - __main__ - Triggering Sampling from Memory and starting to replay.
10/21/2021 19:43:44 - INFO - __main__ - Current memroy_module size: 89817.
10/21/2021 19:43:44 - INFO - __main__ - Current upstream_memroy_module size: 89817.
10/21/2021 19:43:45 - INFO - __main__ - IO index -- retrieved_example_ids=150
10/21/2021 19:43:45 - INFO - __main__ - Mixed the retrieved examples (len=32) to the current batch for training.
10/21/2021 19:43:45 - INFO - __main__ - Start bug-fixing (len(examples_to_train)=62) .... Timecode: 57
10/21/2021 19:43:58 - INFO - __main__ - Start bug-fixing .... Done!
10/21/2021 19:43:58 - INFO - __main__ - Skip re-evaluating for instant error-fixing rate .... Timecode: 57
10/21/2021 19:43:58 - INFO - __main__ - Saving the current error examples (len=30) to the memory.
10/21/2021 19:43:58 - INFO - __main__ - Current memroy_module size: 89817.
10/21/2021 19:43:58 - INFO - __main__ - Current upstream_memroy_module size: 89817.
10/21/2021 19:43:59 - INFO - __main__ - Finished.
10/21/2021 19:43:59 - INFO - __main__ - --------------------------------------------------
10/21/2021 19:43:59 - INFO - __main__ - Not doing replay-based eval.
10/21/2021 19:43:59 - INFO - __main__ - Evaluating to get errors .... Timecode: 58
10/21/2021 19:44:03 - INFO - __main__ - Before Error Fixing: 0.25
10/21/2021 19:44:03 - INFO - __main__ - Found 24 errors.
10/21/2021 19:44:03 - INFO - __main__ - Start bug-fixing (len(examples_to_train)=24) .... Timecode: 58
10/21/2021 19:44:08 - INFO - __main__ - Start bug-fixing .... Done!
10/21/2021 19:44:08 - INFO - __main__ - Skip re-evaluating for instant error-fixing rate .... Timecode: 58
10/21/2021 19:44:08 - INFO - __main__ - Saving the current error examples (len=24) to the memory.
10/21/2021 19:44:08 - INFO - __main__ - Current memroy_module size: 89847.
10/21/2021 19:44:08 - INFO - __main__ - Current upstream_memroy_module size: 89847.
10/21/2021 19:44:08 - INFO - __main__ - Finished.
10/21/2021 19:44:08 - INFO - __main__ - --------------------------------------------------
10/21/2021 19:44:08 - INFO - __main__ - Not doing replay-based eval.
10/21/2021 19:44:08 - INFO - __main__ - Evaluating to get errors .... Timecode: 59
10/21/2021 19:44:12 - INFO - __main__ - Before Error Fixing: 0.1875
10/21/2021 19:44:12 - INFO - __main__ - Found 26 errors.
10/21/2021 19:44:12 - INFO - __main__ - Start bug-fixing (len(examples_to_train)=26) .... Timecode: 59
10/21/2021 19:44:18 - INFO - __main__ - Start bug-fixing .... Done!
10/21/2021 19:44:18 - INFO - __main__ - Skip re-evaluating for instant error-fixing rate .... Timecode: 59
10/21/2021 19:44:18 - INFO - __main__ - Saving the current error examples (len=26) to the memory.
10/21/2021 19:44:18 - INFO - __main__ - Current memroy_module size: 89871.
10/21/2021 19:44:18 - INFO - __main__ - Current upstream_memroy_module size: 89871.
10/21/2021 19:44:18 - INFO - __main__ - Finished.
10/21/2021 19:44:18 - INFO - __main__ - --------------------------------------------------
10/21/2021 19:44:18 - INFO - __main__ - Not doing replay-based eval.
10/21/2021 19:44:18 - INFO - __main__ - Evaluating to get errors .... Timecode: 60
10/21/2021 19:44:21 - INFO - __main__ - Before Error Fixing: 0.1875
10/21/2021 19:44:21 - INFO - __main__ - Found 26 errors.
10/21/2021 19:44:21 - INFO - __main__ - Triggering Sampling from Memory and starting to replay.
10/21/2021 19:44:21 - INFO - __main__ - Current memroy_module size: 89897.
10/21/2021 19:44:21 - INFO - __main__ - Current upstream_memroy_module size: 89897.
10/21/2021 19:44:23 - INFO - __main__ - IO index -- retrieved_example_ids=130
10/21/2021 19:44:23 - INFO - __main__ - Mixed the retrieved examples (len=32) to the current batch for training.
10/21/2021 19:44:23 - INFO - __main__ - Start bug-fixing (len(examples_to_train)=58) .... Timecode: 60
10/21/2021 19:44:33 - INFO - __main__ - Start bug-fixing .... Done!
10/21/2021 19:44:33 - INFO - __main__ - Skip re-evaluating for instant error-fixing rate .... Timecode: 60
10/21/2021 19:44:33 - INFO - __main__ - Saving the current error examples (len=26) to the memory.
10/21/2021 19:44:33 - INFO - __main__ - Current memroy_module size: 89897.
10/21/2021 19:44:33 - INFO - __main__ - Current upstream_memroy_module size: 89897.
10/21/2021 19:44:33 - INFO - __main__ - Finished.
10/21/2021 19:44:33 - INFO - __main__ - --------------------------------------------------
10/21/2021 19:44:33 - INFO - __main__ - Not doing replay-based eval.
10/21/2021 19:44:33 - INFO - __main__ - Evaluating to get errors .... Timecode: 61
10/21/2021 19:44:36 - INFO - __main__ - Before Error Fixing: 0.1875
10/21/2021 19:44:36 - INFO - __main__ - Found 26 errors.
10/21/2021 19:44:36 - INFO - __main__ - Start bug-fixing (len(examples_to_train)=26) .... Timecode: 61
10/21/2021 19:44:42 - INFO - __main__ - Start bug-fixing .... Done!
10/21/2021 19:44:42 - INFO - __main__ - Skip re-evaluating for instant error-fixing rate .... Timecode: 61
10/21/2021 19:44:42 - INFO - __main__ - Saving the current error examples (len=26) to the memory.
10/21/2021 19:44:42 - INFO - __main__ - Current memroy_module size: 89923.
10/21/2021 19:44:42 - INFO - __main__ - Current upstream_memroy_module size: 89923.
10/21/2021 19:44:42 - INFO - __main__ - Finished.
10/21/2021 19:44:42 - INFO - __main__ - --------------------------------------------------
10/21/2021 19:44:42 - INFO - __main__ - Not doing replay-based eval.
10/21/2021 19:44:42 - INFO - __main__ - Evaluating to get errors .... Timecode: 62
10/21/2021 19:44:45 - INFO - __main__ - Before Error Fixing: 0.28125
10/21/2021 19:44:45 - INFO - __main__ - Found 23 errors.
10/21/2021 19:44:45 - INFO - __main__ - Start bug-fixing (len(examples_to_train)=23) .... Timecode: 62
10/21/2021 19:44:49 - INFO - __main__ - Start bug-fixing .... Done!
10/21/2021 19:44:49 - INFO - __main__ - Skip re-evaluating for instant error-fixing rate .... Timecode: 62
10/21/2021 19:44:49 - INFO - __main__ - Saving the current error examples (len=23) to the memory.
10/21/2021 19:44:49 - INFO - __main__ - Current memroy_module size: 89949.
10/21/2021 19:44:49 - INFO - __main__ - Current upstream_memroy_module size: 89949.
10/21/2021 19:44:50 - INFO - __main__ - Finished.
10/21/2021 19:44:50 - INFO - __main__ - --------------------------------------------------
10/21/2021 19:44:50 - INFO - __main__ - Not doing replay-based eval.
10/21/2021 19:44:50 - INFO - __main__ - Evaluating to get errors .... Timecode: 63
10/21/2021 19:44:53 - INFO - __main__ - Before Error Fixing: 0.125
10/21/2021 19:44:53 - INFO - __main__ - Found 28 errors.
10/21/2021 19:44:53 - INFO - __main__ - Triggering Sampling from Memory and starting to replay.
10/21/2021 19:44:53 - INFO - __main__ - Current memroy_module size: 89972.
10/21/2021 19:44:53 - INFO - __main__ - Current upstream_memroy_module size: 89972.
10/21/2021 19:44:55 - INFO - __main__ - IO index -- retrieved_example_ids=140
10/21/2021 19:44:55 - INFO - __main__ - Mixed the retrieved examples (len=32) to the current batch for training.
10/21/2021 19:44:55 - INFO - __main__ - Start bug-fixing (len(examples_to_train)=60) .... Timecode: 63
10/21/2021 19:45:08 - INFO - __main__ - Start bug-fixing .... Done!
10/21/2021 19:45:08 - INFO - __main__ - Skip re-evaluating for instant error-fixing rate .... Timecode: 63
10/21/2021 19:45:08 - INFO - __main__ - Saving the current error examples (len=28) to the memory.
10/21/2021 19:45:08 - INFO - __main__ - Current memroy_module size: 89972.
10/21/2021 19:45:08 - INFO - __main__ - Current upstream_memroy_module size: 89972.
10/21/2021 19:45:08 - INFO - __main__ - Finished.
10/21/2021 19:45:08 - INFO - __main__ - --------------------------------------------------
10/21/2021 19:45:08 - INFO - __main__ - Not doing replay-based eval.
10/21/2021 19:45:08 - INFO - __main__ - Evaluating to get errors .... Timecode: 64
10/21/2021 19:45:11 - INFO - __main__ - Before Error Fixing: 0.15625
10/21/2021 19:45:11 - INFO - __main__ - Found 27 errors.
10/21/2021 19:45:11 - INFO - __main__ - Start bug-fixing (len(examples_to_train)=27) .... Timecode: 64
10/21/2021 19:45:17 - INFO - __main__ - Start bug-fixing .... Done!
10/21/2021 19:45:17 - INFO - __main__ - Skip re-evaluating for instant error-fixing rate .... Timecode: 64
10/21/2021 19:45:17 - INFO - __main__ - Saving the current error examples (len=27) to the memory.
10/21/2021 19:45:17 - INFO - __main__ - Current memroy_module size: 90000.
10/21/2021 19:45:17 - INFO - __main__ - Current upstream_memroy_module size: 90000.
10/21/2021 19:45:18 - INFO - __main__ - Finished.
10/21/2021 19:45:18 - INFO - __main__ - --------------------------------------------------
10/21/2021 19:45:18 - INFO - __main__ - Not doing replay-based eval.
10/21/2021 19:45:18 - INFO - __main__ - Evaluating to get errors .... Timecode: 65
10/21/2021 19:45:21 - INFO - __main__ - Before Error Fixing: 0.1875
10/21/2021 19:45:21 - INFO - __main__ - Found 26 errors.
10/21/2021 19:45:21 - INFO - __main__ - Start bug-fixing (len(examples_to_train)=26) .... Timecode: 65
10/21/2021 19:45:27 - INFO - __main__ - Start bug-fixing .... Done!
10/21/2021 19:45:27 - INFO - __main__ - Skip re-evaluating for instant error-fixing rate .... Timecode: 65
10/21/2021 19:45:27 - INFO - __main__ - Saving the current error examples (len=26) to the memory.
10/21/2021 19:45:27 - INFO - __main__ - Current memroy_module size: 90027.
10/21/2021 19:45:27 - INFO - __main__ - Current upstream_memroy_module size: 90027.
10/21/2021 19:45:27 - INFO - __main__ - Finished.
10/21/2021 19:45:27 - INFO - __main__ - --------------------------------------------------
10/21/2021 19:45:27 - INFO - __main__ - Not doing replay-based eval.
10/21/2021 19:45:27 - INFO - __main__ - Evaluating to get errors .... Timecode: 66
10/21/2021 19:45:30 - INFO - __main__ - Before Error Fixing: 0.1875
10/21/2021 19:45:30 - INFO - __main__ - Found 26 errors.
10/21/2021 19:45:30 - INFO - __main__ - Triggering Sampling from Memory and starting to replay.
10/21/2021 19:45:30 - INFO - __main__ - Current memroy_module size: 90053.
10/21/2021 19:45:30 - INFO - __main__ - Current upstream_memroy_module size: 90053.
10/21/2021 19:45:31 - INFO - __main__ - IO index -- retrieved_example_ids=130
10/21/2021 19:45:31 - INFO - __main__ - Mixed the retrieved examples (len=32) to the current batch for training.
10/21/2021 19:45:31 - INFO - __main__ - Start bug-fixing (len(examples_to_train)=58) .... Timecode: 66
10/21/2021 19:45:44 - INFO - __main__ - Start bug-fixing .... Done!
10/21/2021 19:45:44 - INFO - __main__ - Skip re-evaluating for instant error-fixing rate .... Timecode: 66
10/21/2021 19:45:44 - INFO - __main__ - Saving the current error examples (len=26) to the memory.
10/21/2021 19:45:44 - INFO - __main__ - Current memroy_module size: 90053.
10/21/2021 19:45:44 - INFO - __main__ - Current upstream_memroy_module size: 90053.
10/21/2021 19:45:44 - INFO - __main__ - Finished.
10/21/2021 19:45:44 - INFO - __main__ - --------------------------------------------------
10/21/2021 19:45:44 - INFO - __main__ - Not doing replay-based eval.
10/21/2021 19:45:44 - INFO - __main__ - Evaluating to get errors .... Timecode: 67
10/21/2021 19:45:48 - INFO - __main__ - Before Error Fixing: 0.1875
10/21/2021 19:45:48 - INFO - __main__ - Found 26 errors.
10/21/2021 19:45:48 - INFO - __main__ - Start bug-fixing (len(examples_to_train)=26) .... Timecode: 67
10/21/2021 19:45:53 - INFO - __main__ - Start bug-fixing .... Done!
10/21/2021 19:45:53 - INFO - __main__ - Skip re-evaluating for instant error-fixing rate .... Timecode: 67
10/21/2021 19:45:53 - INFO - __main__ - Saving the current error examples (len=26) to the memory.
10/21/2021 19:45:53 - INFO - __main__ - Current memroy_module size: 90079.
10/21/2021 19:45:53 - INFO - __main__ - Current upstream_memroy_module size: 90079.
10/21/2021 19:45:53 - INFO - __main__ - Finished.
10/21/2021 19:45:53 - INFO - __main__ - --------------------------------------------------
10/21/2021 19:45:53 - INFO - __main__ - Not doing replay-based eval.
10/21/2021 19:45:53 - INFO - __main__ - Evaluating to get errors .... Timecode: 68
10/21/2021 19:45:56 - INFO - __main__ - Before Error Fixing: 0.28125
10/21/2021 19:45:56 - INFO - __main__ - Found 23 errors.
10/21/2021 19:45:56 - INFO - __main__ - Start bug-fixing (len(examples_to_train)=23) .... Timecode: 68
10/21/2021 19:46:01 - INFO - __main__ - Start bug-fixing .... Done!
10/21/2021 19:46:01 - INFO - __main__ - Skip re-evaluating for instant error-fixing rate .... Timecode: 68
10/21/2021 19:46:01 - INFO - __main__ - Saving the current error examples (len=23) to the memory.
10/21/2021 19:46:01 - INFO - __main__ - Current memroy_module size: 90105.
10/21/2021 19:46:01 - INFO - __main__ - Current upstream_memroy_module size: 90105.
10/21/2021 19:46:02 - INFO - __main__ - Finished.
10/21/2021 19:46:02 - INFO - __main__ - --------------------------------------------------
10/21/2021 19:46:02 - INFO - __main__ - Not doing replay-based eval.
10/21/2021 19:46:02 - INFO - __main__ - Evaluating to get errors .... Timecode: 69
10/21/2021 19:46:05 - INFO - __main__ - Before Error Fixing: 0.21875
10/21/2021 19:46:05 - INFO - __main__ - Found 25 errors.
10/21/2021 19:46:05 - INFO - __main__ - Triggering Sampling from Memory and starting to replay.
10/21/2021 19:46:05 - INFO - __main__ - Current memroy_module size: 90128.
10/21/2021 19:46:05 - INFO - __main__ - Current upstream_memroy_module size: 90128.
10/21/2021 19:46:06 - INFO - __main__ - IO index -- retrieved_example_ids=125
10/21/2021 19:46:06 - INFO - __main__ - Mixed the retrieved examples (len=32) to the current batch for training.
10/21/2021 19:46:06 - INFO - __main__ - Start bug-fixing (len(examples_to_train)=57) .... Timecode: 69
