06/08/2021 20:09:38 - INFO - __main__ - Namespace(adam_epsilon=1e-08, append_another_bos=True, checkpoint=None, dataset='mrqa_naturalquestions', debug=False, dev_file='data/mrqa_naturalquestions/mrqa_naturalquestions_dev.mini.tsv', do_lowercase=False, do_predict=False, do_train=True, eval_period=500, freeze_embeds=False, gradient_accumulation_steps=1, learning_rate=1e-05, max_grad_norm=0.1, max_input_length=888, max_output_length=50, model='facebook/bart-large', num_beams=3, num_train_epochs=10.0, output_dir='out/mrqa_naturalquestions_bart-large', predict_batch_size=32, predict_checkpoint='best-model.pt', prefix='', quiet=False, seed=42, test_file='data/mrqa_naturalquestions/mrqa_naturalquestions_dev.tsv', total_steps=100000, train_batch_size=16, train_file='data/mrqa_naturalquestions/mrqa_naturalquestions_train.tsv', wait_step=10, warmup_steps=100, weight_decay=0.01)
06/08/2021 20:09:38 - INFO - __main__ - out/mrqa_naturalquestions_bart-large
06/08/2021 20:09:38 - INFO - __main__ - Using 4 gpus
06/08/2021 20:09:39 - INFO - transformers.tokenization_utils - loading file https://s3.amazonaws.com/models.huggingface.co/bert/roberta-large-vocab.json from cache at /private/home/yuchenlin/.cache/torch/transformers/1ae1f5b6e2b22b25ccc04c000bb79ca847aa226d0761536b011cf7e5868f0655.ef00af9e673c7160b4d41cfda1f48c5f4cba57d5142754525572a846a1ab1b9b
06/08/2021 20:09:39 - INFO - transformers.tokenization_utils - loading file https://s3.amazonaws.com/models.huggingface.co/bert/roberta-large-merges.txt from cache at /private/home/yuchenlin/.cache/torch/transformers/f8f83199a6270d582d6245dc100e99c4155de81c9745c6248077018fe01abcfb.70bec105b4158ed9a1747fea67a43f5dee97855c64d62b6ec3742f4cfdb5feda
06/08/2021 20:09:39 - INFO - __main__ - Loading pre-tokenized data from data/mrqa_naturalquestions/mrqa_naturalquestions_train-BartTokenized.json
06/08/2021 20:09:56 - INFO - __main__ - len(input_ids): 88253
06/08/2021 20:09:56 - INFO - __main__ - len(decoder_input_ids): 103843
06/08/2021 20:09:56 - INFO - __main__ - len(attention_mask): 88253
06/08/2021 20:09:56 - INFO - __main__ - len(decoder_attention_mask): 103843
06/08/2021 20:09:59 - INFO - __main__ - Loaded 88253 examples from train data
06/08/2021 20:09:59 - INFO - __main__ - Loading pre-tokenized data from data/mrqa_naturalquestions/mrqa_naturalquestions_dev.mini-BartTokenized.json
06/08/2021 20:09:59 - INFO - __main__ - len(input_ids): 1000
06/08/2021 20:09:59 - INFO - __main__ - len(decoder_input_ids): 1147
06/08/2021 20:09:59 - INFO - __main__ - len(attention_mask): 1000
06/08/2021 20:09:59 - INFO - __main__ - len(decoder_attention_mask): 1147
06/08/2021 20:09:59 - INFO - __main__ - Loaded 1000 examples from dev data
06/08/2021 20:10:00 - INFO - transformers.configuration_utils - loading configuration file https://s3.amazonaws.com/models.huggingface.co/bert/facebook/bart-large/config.json from cache at /private/home/yuchenlin/.cache/torch/transformers/7f6632e580b7d9fd4f611dd96dab877cccfc319867b53b8b72fddca7fd64de5c.8b65d3b9a47e96c1909d807f7e7f41dd1ed95092b139965be7b914aa4fb5fd08
06/08/2021 20:10:00 - INFO - transformers.configuration_utils - Model config BartConfig {
  "activation_dropout": 0.1,
  "activation_function": "gelu",
  "add_bias_logits": false,
  "add_final_layer_norm": false,
  "architectures": [
    "BartModel",
    "BartForConditionalGeneration",
    "BartForSequenceClassification"
  ],
  "attention_dropout": 0.1,
  "bos_token_id": 0,
  "classif_dropout": 0.0,
  "d_model": 1024,
  "decoder_attention_heads": 16,
  "decoder_ffn_dim": 4096,
  "decoder_layerdrop": 0.0,
  "decoder_layers": 12,
  "decoder_start_token_id": 2,
  "dropout": 0.1,
  "early_stopping": true,
  "encoder_attention_heads": 16,
  "encoder_ffn_dim": 4096,
  "encoder_layerdrop": 0.0,
  "encoder_layers": 12,
  "eos_token_id": 2,
  "id2label": {
    "0": "LABEL_0",
    "1": "LABEL_1",
    "2": "LABEL_2"
  },
  "init_std": 0.02,
  "is_encoder_decoder": true,
  "label2id": {
    "LABEL_0": 0,
    "LABEL_1": 1,
    "LABEL_2": 2
  },
  "max_position_embeddings": 1024,
  "model_type": "bart",
  "no_repeat_ngram_size": 3,
  "normalize_before": false,
  "normalize_embedding": true,
  "num_beams": 4,
  "num_hidden_layers": 12,
  "pad_token_id": 1,
  "scale_embedding": false,
  "static_position_embeddings": false,
  "task_specific_params": {
    "summarization": {
      "length_penalty": 1.0,
      "max_length": 128,
      "min_length": 12,
      "num_beams": 4
    },
    "summarization_cnn": {
      "length_penalty": 2.0,
      "max_length": 142,
      "min_length": 56,
      "num_beams": 4
    },
    "summarization_xsum": {
      "length_penalty": 1.0,
      "max_length": 62,
      "min_length": 11,
      "num_beams": 6
    }
  },
  "vocab_size": 50265
}

06/08/2021 20:10:00 - INFO - transformers.modeling_utils - loading weights file https://cdn.huggingface.co/facebook/bart-large/pytorch_model.bin from cache at /private/home/yuchenlin/.cache/torch/transformers/2e7cae41bb1dd1f18e498ff4ff0ea85f7e9bc2b637439e2d95c485c5d5bdd579.5442efe9b99297b6484ff9378cc5af7f47a37d305cbec072c44eb329873e4fe6
