11/14/2021 13:54:23 - INFO - __main__ - Namespace(adam_epsilon=1e-08, adapter_dim=32, append_another_bos=1, base_model_path='out/snli_bart-base_1109_upstream_model/best-model.pt', base_model_type='facebook/bart-base', ckpt_dir='experiments/ckpt_dirs/nli/nonecl/nli_nonecl_T=100,b=64,alpha=0.9,beta=0.5,gamma=0.8_offline=no', cl_method_name='none_cl', current_thread_id=None, diff_loss_weight=0, do_lowercase=False, ewc_gamma=1, ewc_lambda=0.5, example_encoder_name='roberta-base', freeze_embeds=False, gradient_accumulation_steps=1, heldout_submission_data='experiments/eval_data/nli/heldout_eval.jsonl', index_rank_method='most_similar', indexing_args_path='exp_results/supervision_data/1012_dm_simple.train_args.json', indexing_method='bart_index', inference_query_size=1, init_memory_cache_path='bug_data/memory_key_cache.pkl', kg_eval_freq=10, kg_eval_mode='metric', kr_eval_freq=10, kr_eval_mode='metric', learning_rate=0.0, local_adapt_lr=1e-05, max_grad_norm=0.1, max_input_length=888, max_output_length=50, max_timecode=100, memory_key_encoder='facebook/bart-base', memory_path='', memory_store_rate=1.0, mir_abalation_args='none', num_adapt_epochs=1, num_beams=3, num_threads_eval=0, num_train_epochs=0.0, offline_retrain_upstream=False, okr_sample_seed=1337, okr_sample_size=512, path_to_thread_result=None, predict_batch_size=64, prefix='nli_nonecl_T=100,b=64,alpha=0.9,beta=0.5,gamma=0.8_offline=no', replay_candidate_size=8, replay_frequency=1, replay_size=8, result_file='experiments/results/nli/nli_nonecl_T=100,b=64,alpha=0.9,beta=0.5,gamma=0.8_offline=no_result.json', save_ckpt_freq=100, seed=42, skip_instant_eval=False, submission_stream_data='experiments/eval_data/nli/submission_stream.T=100,b=64,alpha=0.9,beta=0.5,gamma=0.8.json', task_emb_dim=768, task_name='nli', train_batch_size=8, upstream_data_path='data/mrqa_squad/mrqa_squad_train.jsonl', upstream_eval_data='experiments/eval_data/nli/upstream_eval.jsonl', upstream_sample_ratio=-1, use_mir=False, use_replay_mix=False, use_wandb=True, weight_decay=0.01)
11/14/2021 13:54:24 - INFO - transformers.tokenization_utils - loading file https://s3.amazonaws.com/models.huggingface.co/bert/roberta-large-vocab.json from cache at /private/home/yuchenlin/.cache/torch/transformers/1ae1f5b6e2b22b25ccc04c000bb79ca847aa226d0761536b011cf7e5868f0655.ef00af9e673c7160b4d41cfda1f48c5f4cba57d5142754525572a846a1ab1b9b
11/14/2021 13:54:24 - INFO - transformers.tokenization_utils - loading file https://s3.amazonaws.com/models.huggingface.co/bert/roberta-large-merges.txt from cache at /private/home/yuchenlin/.cache/torch/transformers/f8f83199a6270d582d6245dc100e99c4155de81c9745c6248077018fe01abcfb.70bec105b4158ed9a1747fea67a43f5dee97855c64d62b6ec3742f4cfdb5feda
11/14/2021 13:54:29 - INFO - __main__ - load_data: len(upstream_eval_examples)=512
11/14/2021 13:54:30 - INFO - __main__ - load_data: len(heldout_eval_examples)=1024
11/14/2021 13:54:30 - INFO - __main__ - Loading checkpoint from out/snli_bart-base_1109_upstream_model/best-model.pt for facebook/bart-base .....
11/14/2021 13:54:33 - INFO - transformers.configuration_utils - loading configuration file https://s3.amazonaws.com/models.huggingface.co/bert/facebook/bart-base/config.json from cache at /private/home/yuchenlin/.cache/torch/transformers/09f4fcaeaf785dd3b97b085d6e3510c7081f586ec8e75981683c6299c0f81d9d.e8d516ad807436d395effad8c2326786872659b7dd1210827ac67c761198a0eb
11/14/2021 13:54:33 - INFO - transformers.configuration_utils - Model config BartConfig {
  "activation_dropout": 0.1,
  "activation_function": "gelu",
  "add_bias_logits": false,
  "add_final_layer_norm": false,
  "architectures": [
    "BartModel",
    "BartForConditionalGeneration",
    "BartForSequenceClassification"
  ],
  "attention_dropout": 0.1,
  "bos_token_id": 0,
  "classif_dropout": 0.0,
  "d_model": 768,
  "decoder_attention_heads": 12,
  "decoder_ffn_dim": 3072,
  "decoder_layerdrop": 0.0,
  "decoder_layers": 6,
  "decoder_start_token_id": 2,
  "dropout": 0.1,
  "early_stopping": true,
  "encoder_attention_heads": 12,
  "encoder_ffn_dim": 3072,
  "encoder_layerdrop": 0.0,
  "encoder_layers": 6,
  "eos_token_id": 2,
  "id2label": {
    "0": "LABEL_0",
    "1": "LABEL_1",
    "2": "LABEL_2"
  },
  "init_std": 0.02,
  "is_encoder_decoder": true,
  "label2id": {
    "LABEL_0": 0,
    "LABEL_1": 1,
    "LABEL_2": 2
  },
  "max_position_embeddings": 1024,
  "model_type": "bart",
  "no_repeat_ngram_size": 3,
  "normalize_before": false,
  "normalize_embedding": true,
  "num_beams": 4,
  "num_hidden_layers": 6,
  "pad_token_id": 1,
  "scale_embedding": false,
  "static_position_embeddings": false,
  "task_specific_params": {
    "summarization": {
      "length_penalty": 1.0,
      "max_length": 128,
      "min_length": 12,
      "num_beams": 4
    },
    "summarization_cnn": {
      "length_penalty": 2.0,
      "max_length": 142,
      "min_length": 56,
      "num_beams": 4
    },
    "summarization_xsum": {
      "length_penalty": 1.0,
      "max_length": 62,
      "min_length": 11,
      "num_beams": 6
    }
  },
  "vocab_size": 50265
}

11/14/2021 13:54:34 - INFO - transformers.modeling_utils - loading weights file https://cdn.huggingface.co/facebook/bart-base/pytorch_model.bin from cache at /private/home/yuchenlin/.cache/torch/transformers/566c05fb6983817e8ad7a4fa51e3099fe9caa3b31730f964bc5198d71c677523.0a3d95c18c1e434448941bc25accea7b122882be6526fb67c8e8fb6d5ebc711c
11/14/2021 13:54:38 - INFO - __main__ - Loading checkpoint from out/snli_bart-base_1109_upstream_model/best-model.pt for facebook/bart-base ..... Done!
11/14/2021 13:54:45 - INFO - __main__ - Moving to the GPUs.
11/14/2021 13:54:45 - INFO - __main__ - No debugger!
11/14/2021 13:54:45 - INFO - __main__ - Start Online Debugging with Dynamic Error Mode
11/14/2021 13:54:45 - INFO - __main__ - Number of Batches of Data: 100
11/14/2021 13:54:45 - INFO - __main__ - Data Batch Size: 64;
11/14/2021 13:54:48 - INFO - __main__ - Model saved to experiments/ckpt_dirs/nli/nonecl/nli_nonecl_T=100,b=64,alpha=0.9,beta=0.5,gamma=0.8_offline=no/model_ckpt_000.pt.
11/14/2021 13:54:48 - INFO - __main__ - Start eval_knowledge_retention for UKR @ Timecode=0
11/14/2021 13:54:55 - INFO - __main__ - Upstream Knowledge Retation (UKR@0): 0.9102
11/14/2021 13:54:55 - INFO - __main__ - Start eval_knowledge_generalization for KG @ Timecode=0
11/14/2021 13:55:09 - INFO - __main__ - Future Knowledge Generalization (KG@0): 0.5879
11/14/2021 13:55:09 - INFO - __main__ - Evaluating to get errors .... Timecode: 0
11/14/2021 13:55:09 - INFO - __main__ - Before Error Fixing: {'EM': 0.890625, 'QA-F1': 0.890625}
11/14/2021 13:55:09 - INFO - __main__ - Found 7 errors.
11/14/2021 13:55:09 - INFO - __main__ - Start error-fixing .... Timecode: 0
11/14/2021 13:55:09 - INFO - __main__ - No debugging at all.
11/14/2021 13:55:09 - INFO - __main__ - Start error-fixing .... Done!
11/14/2021 13:55:10 - INFO - __main__ - EFR=0.0
11/14/2021 13:55:10 - INFO - __main__ - Overall: 0.4453125 from scores=[0.890625, 0.0]
11/14/2021 13:55:12 - INFO - __main__ - Model saved to experiments/ckpt_dirs/nli/nonecl/nli_nonecl_T=100,b=64,alpha=0.9,beta=0.5,gamma=0.8_offline=no/model_ckpt_000.pt.
11/14/2021 13:55:12 - INFO - __main__ - Updated result feule: experiments/results/nli/nli_nonecl_T=100,b=64,alpha=0.9,beta=0.5,gamma=0.8_offline=no_result.json at Timecode: 0.
11/14/2021 13:55:12 - INFO - __main__ - --------------------------------------------------
11/14/2021 13:55:12 - INFO - __main__ - Evaluating to get errors .... Timecode: 1
11/14/2021 13:55:13 - INFO - __main__ - Before Error Fixing: {'EM': 0.921875, 'QA-F1': 0.921875}
11/14/2021 13:55:13 - INFO - __main__ - Found 5 errors.
11/14/2021 13:55:13 - INFO - __main__ - Start error-fixing .... Timecode: 1
11/14/2021 13:55:13 - INFO - __main__ - No debugging at all.
11/14/2021 13:55:13 - INFO - __main__ - Start error-fixing .... Done!
11/14/2021 13:55:14 - INFO - __main__ - EFR=0.0
11/14/2021 13:55:14 - INFO - __main__ - Overall: 0.453125 from scores=[0.90625, 0.0]
11/14/2021 13:55:14 - INFO - __main__ - --------------------------------------------------
11/14/2021 13:55:14 - INFO - __main__ - Evaluating to get errors .... Timecode: 2
11/14/2021 13:55:14 - INFO - __main__ - Before Error Fixing: {'EM': 0.9375, 'QA-F1': 0.9375}
11/14/2021 13:55:14 - INFO - __main__ - Found 4 errors.
11/14/2021 13:55:14 - INFO - __main__ - Start error-fixing .... Timecode: 2
11/14/2021 13:55:14 - INFO - __main__ - No debugging at all.
11/14/2021 13:55:14 - INFO - __main__ - Start error-fixing .... Done!
11/14/2021 13:55:15 - INFO - __main__ - EFR=0.0
11/14/2021 13:55:15 - INFO - __main__ - Overall: 0.4583333333333333 from scores=[0.9166666666666666, 0.0]
11/14/2021 13:55:15 - INFO - __main__ - --------------------------------------------------
11/14/2021 13:55:15 - INFO - __main__ - Evaluating to get errors .... Timecode: 3
11/14/2021 13:55:16 - INFO - __main__ - Before Error Fixing: {'EM': 0.828125, 'QA-F1': 0.828125}
11/14/2021 13:55:16 - INFO - __main__ - Found 11 errors.
11/14/2021 13:55:16 - INFO - __main__ - Start error-fixing .... Timecode: 3
11/14/2021 13:55:16 - INFO - __main__ - No debugging at all.
11/14/2021 13:55:16 - INFO - __main__ - Start error-fixing .... Done!
11/14/2021 13:55:17 - INFO - __main__ - EFR=0.0
11/14/2021 13:55:17 - INFO - __main__ - Overall: 0.447265625 from scores=[0.89453125, 0.0]
11/14/2021 13:55:17 - INFO - __main__ - --------------------------------------------------
11/14/2021 13:55:17 - INFO - __main__ - Evaluating to get errors .... Timecode: 4
11/14/2021 13:55:18 - INFO - __main__ - Before Error Fixing: {'EM': 0.734375, 'QA-F1': 0.734375}
11/14/2021 13:55:18 - INFO - __main__ - Found 17 errors.
11/14/2021 13:55:18 - INFO - __main__ - Start error-fixing .... Timecode: 4
11/14/2021 13:55:18 - INFO - __main__ - No debugging at all.
11/14/2021 13:55:18 - INFO - __main__ - Start error-fixing .... Done!
11/14/2021 13:55:18 - INFO - __main__ - EFR=0.0
11/14/2021 13:55:18 - INFO - __main__ - Overall: 0.43125 from scores=[0.8625, 0.0]
11/14/2021 13:55:18 - INFO - __main__ - --------------------------------------------------
11/14/2021 13:55:18 - INFO - __main__ - Evaluating to get errors .... Timecode: 5
11/14/2021 13:55:19 - INFO - __main__ - Before Error Fixing: {'EM': 0.734375, 'QA-F1': 0.734375}
11/14/2021 13:55:19 - INFO - __main__ - Found 17 errors.
11/14/2021 13:55:19 - INFO - __main__ - Start error-fixing .... Timecode: 5
11/14/2021 13:55:19 - INFO - __main__ - No debugging at all.
11/14/2021 13:55:19 - INFO - __main__ - Start error-fixing .... Done!
11/14/2021 13:55:19 - INFO - __main__ - EFR=0.0
11/14/2021 13:55:19 - INFO - __main__ - Overall: 0.4205729166666667 from scores=[0.8411458333333334, 0.0]
11/14/2021 13:55:19 - INFO - __main__ - --------------------------------------------------
11/14/2021 13:55:19 - INFO - __main__ - Evaluating to get errors .... Timecode: 6
11/14/2021 13:55:20 - INFO - __main__ - Before Error Fixing: {'EM': 0.875, 'QA-F1': 0.875}
11/14/2021 13:55:20 - INFO - __main__ - Found 8 errors.
11/14/2021 13:55:20 - INFO - __main__ - Start error-fixing .... Timecode: 6
11/14/2021 13:55:20 - INFO - __main__ - No debugging at all.
11/14/2021 13:55:20 - INFO - __main__ - Start error-fixing .... Done!
11/14/2021 13:55:21 - INFO - __main__ - EFR=0.0
11/14/2021 13:55:21 - INFO - __main__ - Overall: 0.4229910714285714 from scores=[0.8459821428571428, 0.0]
11/14/2021 13:55:21 - INFO - __main__ - --------------------------------------------------
11/14/2021 13:55:21 - INFO - __main__ - Evaluating to get errors .... Timecode: 7
11/14/2021 13:55:22 - INFO - __main__ - Before Error Fixing: {'EM': 0.671875, 'QA-F1': 0.671875}
11/14/2021 13:55:22 - INFO - __main__ - Found 21 errors.
11/14/2021 13:55:22 - INFO - __main__ - Start error-fixing .... Timecode: 7
11/14/2021 13:55:22 - INFO - __main__ - No debugging at all.
11/14/2021 13:55:22 - INFO - __main__ - Start error-fixing .... Done!
11/14/2021 13:55:22 - INFO - __main__ - EFR=0.0
11/14/2021 13:55:22 - INFO - __main__ - Overall: 0.412109375 from scores=[0.82421875, 0.0]
11/14/2021 13:55:22 - INFO - __main__ - --------------------------------------------------
11/14/2021 13:55:22 - INFO - __main__ - Evaluating to get errors .... Timecode: 8
11/14/2021 13:55:23 - INFO - __main__ - Before Error Fixing: {'EM': 0.6875, 'QA-F1': 0.6875}
11/14/2021 13:55:23 - INFO - __main__ - Found 20 errors.
11/14/2021 13:55:23 - INFO - __main__ - Start error-fixing .... Timecode: 8
11/14/2021 13:55:23 - INFO - __main__ - No debugging at all.
11/14/2021 13:55:23 - INFO - __main__ - Start error-fixing .... Done!
11/14/2021 13:55:24 - INFO - __main__ - EFR=0.0
11/14/2021 13:55:24 - INFO - __main__ - Overall: 0.4045138888888889 from scores=[0.8090277777777778, 0.0]
11/14/2021 13:55:24 - INFO - __main__ - --------------------------------------------------
11/14/2021 13:55:24 - INFO - __main__ - Evaluating to get errors .... Timecode: 9
11/14/2021 13:55:25 - INFO - __main__ - Before Error Fixing: {'EM': 0.71875, 'QA-F1': 0.71875}
11/14/2021 13:55:25 - INFO - __main__ - Found 18 errors.
11/14/2021 13:55:25 - INFO - __main__ - Start error-fixing .... Timecode: 9
11/14/2021 13:55:25 - INFO - __main__ - No debugging at all.
11/14/2021 13:55:25 - INFO - __main__ - Start error-fixing .... Done!
11/14/2021 13:55:25 - INFO - __main__ - EFR=0.0
11/14/2021 13:55:25 - INFO - __main__ - Overall: 0.4 from scores=[0.8, 0.0]
11/14/2021 13:55:25 - INFO - __main__ - --------------------------------------------------
11/14/2021 13:55:25 - INFO - __main__ - Start eval_knowledge_retention for UKR @ Timecode=10
11/14/2021 13:55:33 - INFO - __main__ - Upstream Knowledge Retation (UKR@10): 0.9102
11/14/2021 13:55:33 - INFO - __main__ - Start eval_knowledge_retention for OKR @ Timecode=10
11/14/2021 13:55:40 - INFO - __main__ - Online Knowledge Retation (OKR@10): 0.8125
11/14/2021 13:55:40 - INFO - __main__ - Start eval_knowledge_generalization for KG @ Timecode=10
11/14/2021 13:55:55 - INFO - __main__ - Future Knowledge Generalization (KG@10): 0.5879
11/14/2021 13:55:55 - INFO - __main__ - Evaluating to get errors .... Timecode: 10
11/14/2021 13:55:56 - INFO - __main__ - Before Error Fixing: {'EM': 0.828125, 'QA-F1': 0.828125}
11/14/2021 13:55:56 - INFO - __main__ - Found 11 errors.
11/14/2021 13:55:56 - INFO - __main__ - Start error-fixing .... Timecode: 10
11/14/2021 13:55:56 - INFO - __main__ - No debugging at all.
11/14/2021 13:55:56 - INFO - __main__ - Start error-fixing .... Done!
11/14/2021 13:55:56 - INFO - __main__ - EFR=0.0
11/14/2021 13:55:56 - INFO - __main__ - Overall: 0.6226207386363637 from scores=[0.8025568181818181, 0.0, 0.8125, 0.91015625, 0.587890625]
11/14/2021 13:55:56 - INFO - __main__ - --------------------------------------------------
11/14/2021 13:55:56 - INFO - __main__ - Evaluating to get errors .... Timecode: 11
11/14/2021 13:55:57 - INFO - __main__ - Before Error Fixing: {'EM': 0.71875, 'QA-F1': 0.71875}
11/14/2021 13:55:57 - INFO - __main__ - Found 18 errors.
11/14/2021 13:55:57 - INFO - __main__ - Start error-fixing .... Timecode: 11
11/14/2021 13:55:57 - INFO - __main__ - No debugging at all.
11/14/2021 13:55:57 - INFO - __main__ - Start error-fixing .... Done!
11/14/2021 13:55:58 - INFO - __main__ - EFR=0.0
11/14/2021 13:55:58 - INFO - __main__ - Overall: 0.6212239583333333 from scores=[0.7955729166666666, 0.0, 0.8125, 0.91015625, 0.587890625]
11/14/2021 13:55:58 - INFO - __main__ - --------------------------------------------------
11/14/2021 13:55:58 - INFO - __main__ - Evaluating to get errors .... Timecode: 12
11/14/2021 13:55:59 - INFO - __main__ - Before Error Fixing: {'EM': 0.6875, 'QA-F1': 0.6875}
11/14/2021 13:55:59 - INFO - __main__ - Found 20 errors.
11/14/2021 13:55:59 - INFO - __main__ - Start error-fixing .... Timecode: 12
11/14/2021 13:55:59 - INFO - __main__ - No debugging at all.
11/14/2021 13:55:59 - INFO - __main__ - Start error-fixing .... Done!
11/14/2021 13:55:59 - INFO - __main__ - EFR=0.0
11/14/2021 13:55:59 - INFO - __main__ - Overall: 0.6195612980769231 from scores=[0.7872596153846154, 0.0, 0.8125, 0.91015625, 0.587890625]
11/14/2021 13:55:59 - INFO - __main__ - --------------------------------------------------
11/14/2021 13:55:59 - INFO - __main__ - Evaluating to get errors .... Timecode: 13
11/14/2021 13:56:00 - INFO - __main__ - Before Error Fixing: {'EM': 0.59375, 'QA-F1': 0.59375}
11/14/2021 13:56:00 - INFO - __main__ - Found 26 errors.
11/14/2021 13:56:01 - INFO - __main__ - Start error-fixing .... Timecode: 13
11/14/2021 13:56:01 - INFO - __main__ - No debugging at all.
11/14/2021 13:56:01 - INFO - __main__ - Start error-fixing .... Done!
11/14/2021 13:56:01 - INFO - __main__ - EFR=0.0
11/14/2021 13:56:01 - INFO - __main__ - Overall: 0.616796875 from scores=[0.7734375, 0.0, 0.8125, 0.91015625, 0.587890625]
11/14/2021 13:56:01 - INFO - __main__ - --------------------------------------------------
11/14/2021 13:56:01 - INFO - __main__ - Evaluating to get errors .... Timecode: 14
11/14/2021 13:56:02 - INFO - __main__ - Before Error Fixing: {'EM': 0.515625, 'QA-F1': 0.515625}
11/14/2021 13:56:02 - INFO - __main__ - Found 31 errors.
11/14/2021 13:56:02 - INFO - __main__ - Start error-fixing .... Timecode: 14
11/14/2021 13:56:02 - INFO - __main__ - No debugging at all.
11/14/2021 13:56:02 - INFO - __main__ - Start error-fixing .... Done!
11/14/2021 13:56:03 - INFO - __main__ - EFR=0.0
11/14/2021 13:56:03 - INFO - __main__ - Overall: 0.613359375 from scores=[0.75625, 0.0, 0.8125, 0.91015625, 0.587890625]
11/14/2021 13:56:03 - INFO - __main__ - --------------------------------------------------
11/14/2021 13:56:03 - INFO - __main__ - Evaluating to get errors .... Timecode: 15
11/14/2021 13:56:04 - INFO - __main__ - Before Error Fixing: {'EM': 0.484375, 'QA-F1': 0.484375}
11/14/2021 13:56:04 - INFO - __main__ - Found 33 errors.
11/14/2021 13:56:04 - INFO - __main__ - Start error-fixing .... Timecode: 15
11/14/2021 13:56:04 - INFO - __main__ - No debugging at all.
11/14/2021 13:56:04 - INFO - __main__ - Start error-fixing .... Done!
11/14/2021 13:56:05 - INFO - __main__ - EFR=0.0
11/14/2021 13:56:05 - INFO - __main__ - Overall: 0.6099609375 from scores=[0.7392578125, 0.0, 0.8125, 0.91015625, 0.587890625]
11/14/2021 13:56:05 - INFO - __main__ - --------------------------------------------------
11/14/2021 13:56:05 - INFO - __main__ - Evaluating to get errors .... Timecode: 16
11/14/2021 13:56:06 - INFO - __main__ - Before Error Fixing: {'EM': 0.828125, 'QA-F1': 0.828125}
11/14/2021 13:56:06 - INFO - __main__ - Found 11 errors.
11/14/2021 13:56:06 - INFO - __main__ - Start error-fixing .... Timecode: 16
11/14/2021 13:56:06 - INFO - __main__ - No debugging at all.
11/14/2021 13:56:06 - INFO - __main__ - Start error-fixing .... Done!
11/14/2021 13:56:06 - INFO - __main__ - EFR=0.0
11/14/2021 13:56:06 - INFO - __main__ - Overall: 0.6110064338235295 from scores=[0.7444852941176471, 0.0, 0.8125, 0.91015625, 0.587890625]
11/14/2021 13:56:06 - INFO - __main__ - --------------------------------------------------
11/14/2021 13:56:06 - INFO - __main__ - Evaluating to get errors .... Timecode: 17
11/14/2021 13:56:07 - INFO - __main__ - Before Error Fixing: {'EM': 0.71875, 'QA-F1': 0.71875}
11/14/2021 13:56:07 - INFO - __main__ - Found 18 errors.
11/14/2021 13:56:07 - INFO - __main__ - Start error-fixing .... Timecode: 17
11/14/2021 13:56:07 - INFO - __main__ - No debugging at all.
11/14/2021 13:56:07 - INFO - __main__ - Start error-fixing .... Done!
11/14/2021 13:56:08 - INFO - __main__ - EFR=0.0
11/14/2021 13:56:08 - INFO - __main__ - Overall: 0.6107204861111111 from scores=[0.7430555555555556, 0.0, 0.8125, 0.91015625, 0.587890625]
11/14/2021 13:56:08 - INFO - __main__ - --------------------------------------------------
11/14/2021 13:56:08 - INFO - __main__ - Evaluating to get errors .... Timecode: 18
11/14/2021 13:56:09 - INFO - __main__ - Before Error Fixing: {'EM': 0.421875, 'QA-F1': 0.421875}
11/14/2021 13:56:09 - INFO - __main__ - Found 37 errors.
11/14/2021 13:56:09 - INFO - __main__ - Start error-fixing .... Timecode: 18
11/14/2021 13:56:09 - INFO - __main__ - No debugging at all.
11/14/2021 13:56:09 - INFO - __main__ - Start error-fixing .... Done!
11/14/2021 13:56:10 - INFO - __main__ - EFR=0.0
11/14/2021 13:56:10 - INFO - __main__ - Overall: 0.6073396381578947 from scores=[0.7261513157894737, 0.0, 0.8125, 0.91015625, 0.587890625]
11/14/2021 13:56:10 - INFO - __main__ - --------------------------------------------------
11/14/2021 13:56:10 - INFO - __main__ - Evaluating to get errors .... Timecode: 19
11/14/2021 13:56:10 - INFO - __main__ - Before Error Fixing: {'EM': 0.53125, 'QA-F1': 0.53125}
11/14/2021 13:56:10 - INFO - __main__ - Found 30 errors.
11/14/2021 13:56:10 - INFO - __main__ - Start error-fixing .... Timecode: 19
11/14/2021 13:56:10 - INFO - __main__ - No debugging at all.
11/14/2021 13:56:10 - INFO - __main__ - Start error-fixing .... Done!
11/14/2021 13:56:11 - INFO - __main__ - EFR=0.0
11/14/2021 13:56:11 - INFO - __main__ - Overall: 0.605390625 from scores=[0.71640625, 0.0, 0.8125, 0.91015625, 0.587890625]
11/14/2021 13:56:11 - INFO - __main__ - --------------------------------------------------
11/14/2021 13:56:11 - INFO - __main__ - Start eval_knowledge_retention for UKR @ Timecode=20
11/14/2021 13:56:18 - INFO - __main__ - Upstream Knowledge Retation (UKR@20): 0.9102
11/14/2021 13:56:18 - INFO - __main__ - Start eval_knowledge_retention for OKR @ Timecode=20
11/14/2021 13:56:26 - INFO - __main__ - Online Knowledge Retation (OKR@20): 0.7168
11/14/2021 13:56:26 - INFO - __main__ - Start eval_knowledge_generalization for KG @ Timecode=20
11/14/2021 13:56:42 - INFO - __main__ - Future Knowledge Generalization (KG@20): 0.5879
11/14/2021 13:56:42 - INFO - __main__ - Evaluating to get errors .... Timecode: 20
11/14/2021 13:56:43 - INFO - __main__ - Before Error Fixing: {'EM': 0.453125, 'QA-F1': 0.453125}
11/14/2021 13:56:43 - INFO - __main__ - Found 35 errors.
11/14/2021 13:56:43 - INFO - __main__ - Start error-fixing .... Timecode: 20
11/14/2021 13:56:43 - INFO - __main__ - No debugging at all.
11/14/2021 13:56:43 - INFO - __main__ - Start error-fixing .... Done!
11/14/2021 13:56:44 - INFO - __main__ - EFR=0.0
11/14/2021 13:56:44 - INFO - __main__ - Overall: 0.5837425595238095 from scores=[0.7038690476190477, 0.0, 0.716796875, 0.91015625, 0.587890625]
11/14/2021 13:56:44 - INFO - __main__ - --------------------------------------------------
11/14/2021 13:56:44 - INFO - __main__ - Evaluating to get errors .... Timecode: 21
11/14/2021 13:56:45 - INFO - __main__ - Before Error Fixing: {'EM': 0.515625, 'QA-F1': 0.515625}
11/14/2021 13:56:45 - INFO - __main__ - Found 31 errors.
11/14/2021 13:56:45 - INFO - __main__ - Start error-fixing .... Timecode: 21
11/14/2021 13:56:45 - INFO - __main__ - No debugging at all.
11/14/2021 13:56:45 - INFO - __main__ - Start error-fixing .... Done!
11/14/2021 13:56:46 - INFO - __main__ - EFR=0.0
11/14/2021 13:56:46 - INFO - __main__ - Overall: 0.58203125 from scores=[0.6953125, 0.0, 0.716796875, 0.91015625, 0.587890625]
11/14/2021 13:56:46 - INFO - __main__ - --------------------------------------------------
11/14/2021 13:56:46 - INFO - __main__ - Evaluating to get errors .... Timecode: 22
11/14/2021 13:56:47 - INFO - __main__ - Before Error Fixing: {'EM': 0.5625, 'QA-F1': 0.5625}
11/14/2021 13:56:47 - INFO - __main__ - Found 28 errors.
11/14/2021 13:56:47 - INFO - __main__ - Start error-fixing .... Timecode: 22
11/14/2021 13:56:47 - INFO - __main__ - No debugging at all.
11/14/2021 13:56:47 - INFO - __main__ - Start error-fixing .... Done!
11/14/2021 13:56:47 - INFO - __main__ - EFR=0.0
11/14/2021 13:56:47 - INFO - __main__ - Overall: 0.5808763586956521 from scores=[0.6895380434782609, 0.0, 0.716796875, 0.91015625, 0.587890625]
11/14/2021 13:56:47 - INFO - __main__ - --------------------------------------------------
11/14/2021 13:56:47 - INFO - __main__ - Evaluating to get errors .... Timecode: 23
11/14/2021 13:56:48 - INFO - __main__ - Before Error Fixing: {'EM': 0.625, 'QA-F1': 0.625}
11/14/2021 13:56:48 - INFO - __main__ - Found 24 errors.
11/14/2021 13:56:48 - INFO - __main__ - Start error-fixing .... Timecode: 23
11/14/2021 13:56:48 - INFO - __main__ - No debugging at all.
11/14/2021 13:56:48 - INFO - __main__ - Start error-fixing .... Done!
11/14/2021 13:56:49 - INFO - __main__ - EFR=0.0
11/14/2021 13:56:49 - INFO - __main__ - Overall: 0.5803385416666667 from scores=[0.6868489583333333, 0.0, 0.716796875, 0.91015625, 0.587890625]
11/14/2021 13:56:49 - INFO - __main__ - --------------------------------------------------
11/14/2021 13:56:49 - INFO - __main__ - Evaluating to get errors .... Timecode: 24
11/14/2021 13:56:50 - INFO - __main__ - Before Error Fixing: {'EM': 0.34375, 'QA-F1': 0.34375}
11/14/2021 13:56:50 - INFO - __main__ - Found 42 errors.
11/14/2021 13:56:50 - INFO - __main__ - Start error-fixing .... Timecode: 24
11/14/2021 13:56:50 - INFO - __main__ - No debugging at all.
11/14/2021 13:56:50 - INFO - __main__ - Start error-fixing .... Done!
11/14/2021 13:56:51 - INFO - __main__ - EFR=0.0
11/14/2021 13:56:51 - INFO - __main__ - Overall: 0.5775937499999999 from scores=[0.673125, 0.0, 0.716796875, 0.91015625, 0.587890625]
11/14/2021 13:56:51 - INFO - __main__ - --------------------------------------------------
11/14/2021 13:56:51 - INFO - __main__ - Evaluating to get errors .... Timecode: 25
11/14/2021 13:56:52 - INFO - __main__ - Before Error Fixing: {'EM': 0.609375, 'QA-F1': 0.609375}
11/14/2021 13:56:52 - INFO - __main__ - Found 25 errors.
11/14/2021 13:56:52 - INFO - __main__ - Start error-fixing .... Timecode: 25
11/14/2021 13:56:52 - INFO - __main__ - No debugging at all.
11/14/2021 13:56:52 - INFO - __main__ - Start error-fixing .... Done!
11/14/2021 13:56:52 - INFO - __main__ - EFR=0.0
11/14/2021 13:56:52 - INFO - __main__ - Overall: 0.5771033653846154 from scores=[0.6706730769230769, 0.0, 0.716796875, 0.91015625, 0.587890625]
11/14/2021 13:56:52 - INFO - __main__ - --------------------------------------------------
11/14/2021 13:56:52 - INFO - __main__ - Evaluating to get errors .... Timecode: 26
11/14/2021 13:56:53 - INFO - __main__ - Before Error Fixing: {'EM': 0.671875, 'QA-F1': 0.671875}
11/14/2021 13:56:53 - INFO - __main__ - Found 21 errors.
11/14/2021 13:56:53 - INFO - __main__ - Start error-fixing .... Timecode: 26
11/14/2021 13:56:53 - INFO - __main__ - No debugging at all.
11/14/2021 13:56:53 - INFO - __main__ - Start error-fixing .... Done!
11/14/2021 13:56:54 - INFO - __main__ - EFR=0.0
11/14/2021 13:56:54 - INFO - __main__ - Overall: 0.5771122685185185 from scores=[0.6707175925925926, 0.0, 0.716796875, 0.91015625, 0.587890625]
11/14/2021 13:56:54 - INFO - __main__ - --------------------------------------------------
11/14/2021 13:56:54 - INFO - __main__ - Evaluating to get errors .... Timecode: 27
11/14/2021 13:56:55 - INFO - __main__ - Before Error Fixing: {'EM': 0.421875, 'QA-F1': 0.421875}
11/14/2021 13:56:55 - INFO - __main__ - Found 37 errors.
11/14/2021 13:56:55 - INFO - __main__ - Start error-fixing .... Timecode: 27
11/14/2021 13:56:55 - INFO - __main__ - No debugging at all.
11/14/2021 13:56:55 - INFO - __main__ - Start error-fixing .... Done!
11/14/2021 13:56:56 - INFO - __main__ - EFR=0.0
11/14/2021 13:56:56 - INFO - __main__ - Overall: 0.5753348214285714 from scores=[0.6618303571428572, 0.0, 0.716796875, 0.91015625, 0.587890625]
11/14/2021 13:56:56 - INFO - __main__ - --------------------------------------------------
11/14/2021 13:56:56 - INFO - __main__ - Evaluating to get errors .... Timecode: 28
11/14/2021 13:56:57 - INFO - __main__ - Before Error Fixing: {'EM': 0.703125, 'QA-F1': 0.703125}
11/14/2021 13:56:57 - INFO - __main__ - Found 19 errors.
11/14/2021 13:56:57 - INFO - __main__ - Start error-fixing .... Timecode: 28
11/14/2021 13:56:57 - INFO - __main__ - No debugging at all.
11/14/2021 13:56:57 - INFO - __main__ - Start error-fixing .... Done!
11/14/2021 13:56:57 - INFO - __main__ - EFR=0.0
11/14/2021 13:56:57 - INFO - __main__ - Overall: 0.5756196120689655 from scores=[0.6632543103448276, 0.0, 0.716796875, 0.91015625, 0.587890625]
11/14/2021 13:56:57 - INFO - __main__ - --------------------------------------------------
11/14/2021 13:56:57 - INFO - __main__ - Evaluating to get errors .... Timecode: 29
11/14/2021 13:56:58 - INFO - __main__ - Before Error Fixing: {'EM': 0.40625, 'QA-F1': 0.40625}
11/14/2021 13:56:58 - INFO - __main__ - Found 38 errors.
11/14/2021 13:56:58 - INFO - __main__ - Start error-fixing .... Timecode: 29
11/14/2021 13:56:58 - INFO - __main__ - No debugging at all.
11/14/2021 13:56:58 - INFO - __main__ - Start error-fixing .... Done!
11/14/2021 13:56:59 - INFO - __main__ - EFR=0.0
11/14/2021 13:56:59 - INFO - __main__ - Overall: 0.5739062500000001 from scores=[0.6546875, 0.0, 0.716796875, 0.91015625, 0.587890625]
11/14/2021 13:56:59 - INFO - __main__ - --------------------------------------------------
11/14/2021 13:56:59 - INFO - __main__ - Start eval_knowledge_retention for UKR @ Timecode=30
11/14/2021 13:57:06 - INFO - __main__ - Upstream Knowledge Retation (UKR@30): 0.9102
11/14/2021 13:57:06 - INFO - __main__ - Start eval_knowledge_retention for OKR @ Timecode=30
11/14/2021 13:57:14 - INFO - __main__ - Online Knowledge Retation (OKR@30): 0.6328
11/14/2021 13:57:14 - INFO - __main__ - Start eval_knowledge_generalization for KG @ Timecode=30
11/14/2021 13:57:29 - INFO - __main__ - Future Knowledge Generalization (KG@30): 0.5879
11/14/2021 13:57:29 - INFO - __main__ - Evaluating to get errors .... Timecode: 30
11/14/2021 13:57:30 - INFO - __main__ - Before Error Fixing: {'EM': 0.453125, 'QA-F1': 0.453125}
11/14/2021 13:57:30 - INFO - __main__ - Found 35 errors.
11/14/2021 13:57:30 - INFO - __main__ - Start error-fixing .... Timecode: 30
11/14/2021 13:57:30 - INFO - __main__ - No debugging at all.
11/14/2021 13:57:30 - INFO - __main__ - Start error-fixing .... Done!
11/14/2021 13:57:30 - INFO - __main__ - EFR=0.0
11/14/2021 13:57:30 - INFO - __main__ - Overall: 0.5558089717741936 from scores=[0.6481854838709677, 0.0, 0.6328125, 0.91015625, 0.587890625]
11/14/2021 13:57:30 - INFO - __main__ - --------------------------------------------------
11/14/2021 13:57:30 - INFO - __main__ - Evaluating to get errors .... Timecode: 31
11/14/2021 13:57:31 - INFO - __main__ - Before Error Fixing: {'EM': 0.40625, 'QA-F1': 0.40625}
11/14/2021 13:57:31 - INFO - __main__ - Found 38 errors.
11/14/2021 13:57:31 - INFO - __main__ - Start error-fixing .... Timecode: 31
11/14/2021 13:57:31 - INFO - __main__ - No debugging at all.
11/14/2021 13:57:31 - INFO - __main__ - Start error-fixing .... Done!
11/14/2021 13:57:32 - INFO - __main__ - EFR=0.0
11/14/2021 13:57:32 - INFO - __main__ - Overall: 0.554296875 from scores=[0.640625, 0.0, 0.6328125, 0.91015625, 0.587890625]
11/14/2021 13:57:32 - INFO - __main__ - --------------------------------------------------
11/14/2021 13:57:32 - INFO - __main__ - Evaluating to get errors .... Timecode: 32
11/14/2021 13:57:33 - INFO - __main__ - Before Error Fixing: {'EM': 0.4375, 'QA-F1': 0.4375}
11/14/2021 13:57:33 - INFO - __main__ - Found 36 errors.
11/14/2021 13:57:33 - INFO - __main__ - Start error-fixing .... Timecode: 32
11/14/2021 13:57:33 - INFO - __main__ - No debugging at all.
11/14/2021 13:57:33 - INFO - __main__ - Start error-fixing .... Done!
11/14/2021 13:57:34 - INFO - __main__ - EFR=0.0
11/14/2021 13:57:34 - INFO - __main__ - Overall: 0.5530658143939394 from scores=[0.634469696969697, 0.0, 0.6328125, 0.91015625, 0.587890625]
11/14/2021 13:57:34 - INFO - __main__ - --------------------------------------------------
11/14/2021 13:57:34 - INFO - __main__ - Evaluating to get errors .... Timecode: 33
11/14/2021 13:57:35 - INFO - __main__ - Before Error Fixing: {'EM': 0.703125, 'QA-F1': 0.703125}
11/14/2021 13:57:35 - INFO - __main__ - Found 19 errors.
11/14/2021 13:57:35 - INFO - __main__ - Start error-fixing .... Timecode: 33
11/14/2021 13:57:35 - INFO - __main__ - No debugging at all.
11/14/2021 13:57:35 - INFO - __main__ - Start error-fixing .... Done!
11/14/2021 13:57:35 - INFO - __main__ - EFR=0.0
11/14/2021 13:57:35 - INFO - __main__ - Overall: 0.5534696691176471 from scores=[0.6364889705882353, 0.0, 0.6328125, 0.91015625, 0.587890625]
11/14/2021 13:57:35 - INFO - __main__ - --------------------------------------------------
11/14/2021 13:57:35 - INFO - __main__ - Evaluating to get errors .... Timecode: 34
11/14/2021 13:57:36 - INFO - __main__ - Before Error Fixing: {'EM': 0.703125, 'QA-F1': 0.703125}
11/14/2021 13:57:36 - INFO - __main__ - Found 19 errors.
11/14/2021 13:57:36 - INFO - __main__ - Start error-fixing .... Timecode: 34
11/14/2021 13:57:36 - INFO - __main__ - No debugging at all.
11/14/2021 13:57:36 - INFO - __main__ - Start error-fixing .... Done!
11/14/2021 13:57:37 - INFO - __main__ - EFR=0.0
11/14/2021 13:57:37 - INFO - __main__ - Overall: 0.5538504464285714 from scores=[0.6383928571428572, 0.0, 0.6328125, 0.91015625, 0.587890625]
11/14/2021 13:57:37 - INFO - __main__ - --------------------------------------------------
11/14/2021 13:57:37 - INFO - __main__ - Evaluating to get errors .... Timecode: 35
11/14/2021 13:57:38 - INFO - __main__ - Before Error Fixing: {'EM': 0.796875, 'QA-F1': 0.796875}
11/14/2021 13:57:38 - INFO - __main__ - Found 13 errors.
11/14/2021 13:57:38 - INFO - __main__ - Start error-fixing .... Timecode: 35
11/14/2021 13:57:38 - INFO - __main__ - No debugging at all.
11/14/2021 13:57:38 - INFO - __main__ - Start error-fixing .... Done!
11/14/2021 13:57:38 - INFO - __main__ - EFR=0.0
11/14/2021 13:57:38 - INFO - __main__ - Overall: 0.5547309027777778 from scores=[0.6427951388888888, 0.0, 0.6328125, 0.91015625, 0.587890625]
11/14/2021 13:57:38 - INFO - __main__ - --------------------------------------------------
11/14/2021 13:57:38 - INFO - __main__ - Evaluating to get errors .... Timecode: 36
11/14/2021 13:57:39 - INFO - __main__ - Before Error Fixing: {'EM': 0.625, 'QA-F1': 0.625}
11/14/2021 13:57:39 - INFO - __main__ - Found 24 errors.
11/14/2021 13:57:39 - INFO - __main__ - Start error-fixing .... Timecode: 36
11/14/2021 13:57:39 - INFO - __main__ - No debugging at all.
11/14/2021 13:57:39 - INFO - __main__ - Start error-fixing .... Done!
11/14/2021 13:57:40 - INFO - __main__ - EFR=0.0
11/14/2021 13:57:40 - INFO - __main__ - Overall: 0.5546347128378379 from scores=[0.6423141891891893, 0.0, 0.6328125, 0.91015625, 0.587890625]
11/14/2021 13:57:40 - INFO - __main__ - --------------------------------------------------
11/14/2021 13:57:40 - INFO - __main__ - Evaluating to get errors .... Timecode: 37
11/14/2021 13:57:41 - INFO - __main__ - Before Error Fixing: {'EM': 0.71875, 'QA-F1': 0.71875}
11/14/2021 13:57:41 - INFO - __main__ - Found 18 errors.
11/14/2021 13:57:41 - INFO - __main__ - Start error-fixing .... Timecode: 37
11/14/2021 13:57:41 - INFO - __main__ - No debugging at all.
11/14/2021 13:57:41 - INFO - __main__ - Start error-fixing .... Done!
11/14/2021 13:57:42 - INFO - __main__ - EFR=0.0
11/14/2021 13:57:42 - INFO - __main__ - Overall: 0.5550370065789474 from scores=[0.6443256578947368, 0.0, 0.6328125, 0.91015625, 0.587890625]
11/14/2021 13:57:42 - INFO - __main__ - --------------------------------------------------
11/14/2021 13:57:42 - INFO - __main__ - Evaluating to get errors .... Timecode: 38
11/14/2021 13:57:43 - INFO - __main__ - Before Error Fixing: {'EM': 0.78125, 'QA-F1': 0.78125}
11/14/2021 13:57:43 - INFO - __main__ - Found 14 errors.
11/14/2021 13:57:43 - INFO - __main__ - Start error-fixing .... Timecode: 38
11/14/2021 13:57:43 - INFO - __main__ - No debugging at all.
11/14/2021 13:57:43 - INFO - __main__ - Start error-fixing .... Done!
11/14/2021 13:57:43 - INFO - __main__ - EFR=0.0
11/14/2021 13:57:43 - INFO - __main__ - Overall: 0.5557391826923077 from scores=[0.6478365384615384, 0.0, 0.6328125, 0.91015625, 0.587890625]
11/14/2021 13:57:43 - INFO - __main__ - --------------------------------------------------
11/14/2021 13:57:43 - INFO - __main__ - Evaluating to get errors .... Timecode: 39
11/14/2021 13:57:44 - INFO - __main__ - Before Error Fixing: {'EM': 0.71875, 'QA-F1': 0.71875}
11/14/2021 13:57:44 - INFO - __main__ - Found 18 errors.
11/14/2021 13:57:44 - INFO - __main__ - Start error-fixing .... Timecode: 39
11/14/2021 13:57:44 - INFO - __main__ - No debugging at all.
11/14/2021 13:57:44 - INFO - __main__ - Start error-fixing .... Done!
11/14/2021 13:57:44 - INFO - __main__ - EFR=0.0
11/14/2021 13:57:44 - INFO - __main__ - Overall: 0.5560937499999999 from scores=[0.649609375, 0.0, 0.6328125, 0.91015625, 0.587890625]
11/14/2021 13:57:44 - INFO - __main__ - --------------------------------------------------
11/14/2021 13:57:44 - INFO - __main__ - Start eval_knowledge_retention for UKR @ Timecode=40
11/14/2021 13:57:53 - INFO - __main__ - Upstream Knowledge Retation (UKR@40): 0.9102
11/14/2021 13:57:53 - INFO - __main__ - Start eval_knowledge_retention for OKR @ Timecode=40
11/14/2021 13:58:01 - INFO - __main__ - Online Knowledge Retation (OKR@40): 0.6582
11/14/2021 13:58:01 - INFO - __main__ - Start eval_knowledge_generalization for KG @ Timecode=40
11/14/2021 13:58:15 - INFO - __main__ - Future Knowledge Generalization (KG@40): 0.5879
11/14/2021 13:58:15 - INFO - __main__ - Evaluating to get errors .... Timecode: 40
11/14/2021 13:58:15 - INFO - __main__ - Before Error Fixing: {'EM': 0.671875, 'QA-F1': 0.671875}
11/14/2021 13:58:15 - INFO - __main__ - Found 21 errors.
11/14/2021 13:58:15 - INFO - __main__ - Start error-fixing .... Timecode: 40
11/14/2021 13:58:15 - INFO - __main__ - No debugging at all.
11/14/2021 13:58:15 - INFO - __main__ - Start error-fixing .... Done!
11/14/2021 13:58:16 - INFO - __main__ - EFR=0.0
11/14/2021 13:58:16 - INFO - __main__ - Overall: 0.561280487804878 from scores=[0.6501524390243902, 0.0, 0.658203125, 0.91015625, 0.587890625]
11/14/2021 13:58:16 - INFO - __main__ - --------------------------------------------------
11/14/2021 13:58:16 - INFO - __main__ - Evaluating to get errors .... Timecode: 41
11/14/2021 13:58:17 - INFO - __main__ - Before Error Fixing: {'EM': 0.640625, 'QA-F1': 0.640625}
11/14/2021 13:58:17 - INFO - __main__ - Found 23 errors.
11/14/2021 13:58:17 - INFO - __main__ - Start error-fixing .... Timecode: 41
11/14/2021 13:58:17 - INFO - __main__ - No debugging at all.
11/14/2021 13:58:17 - INFO - __main__ - Start error-fixing .... Done!
11/14/2021 13:58:17 - INFO - __main__ - EFR=0.0
11/14/2021 13:58:17 - INFO - __main__ - Overall: 0.561235119047619 from scores=[0.6499255952380952, 0.0, 0.658203125, 0.91015625, 0.587890625]
11/14/2021 13:58:17 - INFO - __main__ - --------------------------------------------------
11/14/2021 13:58:17 - INFO - __main__ - Evaluating to get errors .... Timecode: 42
11/14/2021 13:58:18 - INFO - __main__ - Before Error Fixing: {'EM': 0.46875, 'QA-F1': 0.46875}
11/14/2021 13:58:18 - INFO - __main__ - Found 34 errors.
11/14/2021 13:58:18 - INFO - __main__ - Start error-fixing .... Timecode: 42
11/14/2021 13:58:18 - INFO - __main__ - No debugging at all.
11/14/2021 13:58:18 - INFO - __main__ - Start error-fixing .... Done!
11/14/2021 13:58:19 - INFO - __main__ - EFR=0.0
11/14/2021 13:58:19 - INFO - __main__ - Overall: 0.5603924418604651 from scores=[0.6457122093023255, 0.0, 0.658203125, 0.91015625, 0.587890625]
11/14/2021 13:58:19 - INFO - __main__ - --------------------------------------------------
11/14/2021 13:58:19 - INFO - __main__ - Evaluating to get errors .... Timecode: 43
11/14/2021 13:58:20 - INFO - __main__ - Before Error Fixing: {'EM': 0.40625, 'QA-F1': 0.40625}
11/14/2021 13:58:20 - INFO - __main__ - Found 38 errors.
11/14/2021 13:58:20 - INFO - __main__ - Start error-fixing .... Timecode: 43
11/14/2021 13:58:20 - INFO - __main__ - No debugging at all.
11/14/2021 13:58:20 - INFO - __main__ - Start error-fixing .... Done!
11/14/2021 13:58:21 - INFO - __main__ - EFR=0.0
11/14/2021 13:58:21 - INFO - __main__ - Overall: 0.5593039772727273 from scores=[0.6402698863636364, 0.0, 0.658203125, 0.91015625, 0.587890625]
11/14/2021 13:58:21 - INFO - __main__ - --------------------------------------------------
11/14/2021 13:58:21 - INFO - __main__ - Evaluating to get errors .... Timecode: 44
11/14/2021 13:58:22 - INFO - __main__ - Before Error Fixing: {'EM': 0.453125, 'QA-F1': 0.453125}
11/14/2021 13:58:22 - INFO - __main__ - Found 35 errors.
11/14/2021 13:58:22 - INFO - __main__ - Start error-fixing .... Timecode: 44
11/14/2021 13:58:22 - INFO - __main__ - No debugging at all.
11/14/2021 13:58:22 - INFO - __main__ - Start error-fixing .... Done!
11/14/2021 13:58:23 - INFO - __main__ - EFR=0.0
11/14/2021 13:58:23 - INFO - __main__ - Overall: 0.5584722222222223 from scores=[0.6361111111111111, 0.0, 0.658203125, 0.91015625, 0.587890625]
11/14/2021 13:58:23 - INFO - __main__ - --------------------------------------------------
11/14/2021 13:58:23 - INFO - __main__ - Evaluating to get errors .... Timecode: 45
11/14/2021 13:58:24 - INFO - __main__ - Before Error Fixing: {'EM': 0.5625, 'QA-F1': 0.5625}
11/14/2021 13:58:24 - INFO - __main__ - Found 28 errors.
11/14/2021 13:58:24 - INFO - __main__ - Start error-fixing .... Timecode: 45
11/14/2021 13:58:24 - INFO - __main__ - No debugging at all.
11/14/2021 13:58:24 - INFO - __main__ - Start error-fixing .... Done!
11/14/2021 13:58:24 - INFO - __main__ - EFR=0.0
11/14/2021 13:58:24 - INFO - __main__ - Overall: 0.5581521739130435 from scores=[0.6345108695652174, 0.0, 0.658203125, 0.91015625, 0.587890625]
11/14/2021 13:58:24 - INFO - __main__ - --------------------------------------------------
11/14/2021 13:58:24 - INFO - __main__ - Evaluating to get errors .... Timecode: 46
11/14/2021 13:58:25 - INFO - __main__ - Before Error Fixing: {'EM': 0.71875, 'QA-F1': 0.71875}
11/14/2021 13:58:25 - INFO - __main__ - Found 18 errors.
11/14/2021 13:58:25 - INFO - __main__ - Start error-fixing .... Timecode: 46
11/14/2021 13:58:25 - INFO - __main__ - No debugging at all.
11/14/2021 13:58:25 - INFO - __main__ - Start error-fixing .... Done!
11/14/2021 13:58:26 - INFO - __main__ - EFR=0.0
11/14/2021 13:58:26 - INFO - __main__ - Overall: 0.5585106382978724 from scores=[0.6363031914893618, 0.0, 0.658203125, 0.91015625, 0.587890625]
11/14/2021 13:58:26 - INFO - __main__ - --------------------------------------------------
11/14/2021 13:58:26 - INFO - __main__ - Evaluating to get errors .... Timecode: 47
11/14/2021 13:58:27 - INFO - __main__ - Before Error Fixing: {'EM': 0.421875, 'QA-F1': 0.421875}
11/14/2021 13:58:27 - INFO - __main__ - Found 37 errors.
11/14/2021 13:58:27 - INFO - __main__ - Start error-fixing .... Timecode: 47
11/14/2021 13:58:27 - INFO - __main__ - No debugging at all.
11/14/2021 13:58:27 - INFO - __main__ - Start error-fixing .... Done!
11/14/2021 13:58:28 - INFO - __main__ - EFR=0.0
11/14/2021 13:58:28 - INFO - __main__ - Overall: 0.5576171875 from scores=[0.6318359375, 0.0, 0.658203125, 0.91015625, 0.587890625]
11/14/2021 13:58:28 - INFO - __main__ - --------------------------------------------------
11/14/2021 13:58:28 - INFO - __main__ - Evaluating to get errors .... Timecode: 48
11/14/2021 13:58:29 - INFO - __main__ - Before Error Fixing: {'EM': 0.265625, 'QA-F1': 0.265625}
11/14/2021 13:58:29 - INFO - __main__ - Found 47 errors.
11/14/2021 13:58:29 - INFO - __main__ - Start error-fixing .... Timecode: 48
11/14/2021 13:58:29 - INFO - __main__ - No debugging at all.
11/14/2021 13:58:29 - INFO - __main__ - Start error-fixing .... Done!
11/14/2021 13:58:29 - INFO - __main__ - EFR=0.0
11/14/2021 13:58:29 - INFO - __main__ - Overall: 0.5561224489795918 from scores=[0.6243622448979591, 0.0, 0.658203125, 0.91015625, 0.587890625]
11/14/2021 13:58:29 - INFO - __main__ - --------------------------------------------------
11/14/2021 13:58:29 - INFO - __main__ - Evaluating to get errors .... Timecode: 49
11/14/2021 13:58:31 - INFO - __main__ - Before Error Fixing: {'EM': 0.5625, 'QA-F1': 0.5625}
11/14/2021 13:58:31 - INFO - __main__ - Found 28 errors.
11/14/2021 13:58:31 - INFO - __main__ - Start error-fixing .... Timecode: 49
11/14/2021 13:58:31 - INFO - __main__ - No debugging at all.
11/14/2021 13:58:31 - INFO - __main__ - Start error-fixing .... Done!
11/14/2021 13:58:31 - INFO - __main__ - EFR=0.0
11/14/2021 13:58:31 - INFO - __main__ - Overall: 0.555875 from scores=[0.6231249999999999, 0.0, 0.658203125, 0.91015625, 0.587890625]
11/14/2021 13:58:31 - INFO - __main__ - --------------------------------------------------
11/14/2021 13:58:31 - INFO - __main__ - Start eval_knowledge_retention for UKR @ Timecode=50
11/14/2021 13:58:39 - INFO - __main__ - Upstream Knowledge Retation (UKR@50): 0.9102
11/14/2021 13:58:40 - INFO - __main__ - Start eval_knowledge_retention for OKR @ Timecode=50
11/14/2021 13:58:47 - INFO - __main__ - Online Knowledge Retation (OKR@50): 0.6270
11/14/2021 13:58:47 - INFO - __main__ - Start eval_knowledge_generalization for KG @ Timecode=50
11/14/2021 13:59:00 - INFO - __main__ - Future Knowledge Generalization (KG@50): 0.5879
11/14/2021 13:59:00 - INFO - __main__ - Evaluating to get errors .... Timecode: 50
11/14/2021 13:59:01 - INFO - __main__ - Before Error Fixing: {'EM': 0.625, 'QA-F1': 0.625}
11/14/2021 13:59:01 - INFO - __main__ - Found 24 errors.
11/14/2021 13:59:01 - INFO - __main__ - Start error-fixing .... Timecode: 50
11/14/2021 13:59:01 - INFO - __main__ - No debugging at all.
11/14/2021 13:59:01 - INFO - __main__ - Start error-fixing .... Done!
11/14/2021 13:59:02 - INFO - __main__ - EFR=0.0
11/14/2021 13:59:02 - INFO - __main__ - Overall: 0.5496323529411764 from scores=[0.6231617647058824, 0.0, 0.626953125, 0.91015625, 0.587890625]
11/14/2021 13:59:02 - INFO - __main__ - --------------------------------------------------
11/14/2021 13:59:02 - INFO - __main__ - Evaluating to get errors .... Timecode: 51
11/14/2021 13:59:02 - INFO - __main__ - Before Error Fixing: {'EM': 0.671875, 'QA-F1': 0.671875}
11/14/2021 13:59:02 - INFO - __main__ - Found 21 errors.
11/14/2021 13:59:02 - INFO - __main__ - Start error-fixing .... Timecode: 51
11/14/2021 13:59:02 - INFO - __main__ - No debugging at all.
11/14/2021 13:59:02 - INFO - __main__ - Start error-fixing .... Done!
11/14/2021 13:59:03 - INFO - __main__ - EFR=0.0
11/14/2021 13:59:03 - INFO - __main__ - Overall: 0.5498197115384615 from scores=[0.6240985576923077, 0.0, 0.626953125, 0.91015625, 0.587890625]
11/14/2021 13:59:03 - INFO - __main__ - --------------------------------------------------
11/14/2021 13:59:03 - INFO - __main__ - Evaluating to get errors .... Timecode: 52
11/14/2021 13:59:04 - INFO - __main__ - Before Error Fixing: {'EM': 0.6875, 'QA-F1': 0.6875}
11/14/2021 13:59:04 - INFO - __main__ - Found 20 errors.
11/14/2021 13:59:04 - INFO - __main__ - Start error-fixing .... Timecode: 52
11/14/2021 13:59:04 - INFO - __main__ - No debugging at all.
11/14/2021 13:59:04 - INFO - __main__ - Start error-fixing .... Done!
11/14/2021 13:59:04 - INFO - __main__ - EFR=0.0
11/14/2021 13:59:04 - INFO - __main__ - Overall: 0.550058962264151 from scores=[0.6252948113207547, 0.0, 0.626953125, 0.91015625, 0.587890625]
11/14/2021 13:59:04 - INFO - __main__ - --------------------------------------------------
11/14/2021 13:59:04 - INFO - __main__ - Evaluating to get errors .... Timecode: 53
11/14/2021 13:59:05 - INFO - __main__ - Before Error Fixing: {'EM': 0.625, 'QA-F1': 0.625}
11/14/2021 13:59:05 - INFO - __main__ - Found 24 errors.
11/14/2021 13:59:05 - INFO - __main__ - Start error-fixing .... Timecode: 53
11/14/2021 13:59:05 - INFO - __main__ - No debugging at all.
11/14/2021 13:59:05 - INFO - __main__ - Start error-fixing .... Done!
11/14/2021 13:59:06 - INFO - __main__ - EFR=0.0
11/14/2021 13:59:06 - INFO - __main__ - Overall: 0.5500578703703705 from scores=[0.6252893518518519, 0.0, 0.626953125, 0.91015625, 0.587890625]
11/14/2021 13:59:06 - INFO - __main__ - --------------------------------------------------
11/14/2021 13:59:06 - INFO - __main__ - Evaluating to get errors .... Timecode: 54
11/14/2021 13:59:07 - INFO - __main__ - Before Error Fixing: {'EM': 0.625, 'QA-F1': 0.625}
11/14/2021 13:59:07 - INFO - __main__ - Found 24 errors.
11/14/2021 13:59:07 - INFO - __main__ - Start error-fixing .... Timecode: 54
11/14/2021 13:59:07 - INFO - __main__ - No debugging at all.
11/14/2021 13:59:07 - INFO - __main__ - Start error-fixing .... Done!
11/14/2021 13:59:07 - INFO - __main__ - EFR=0.0
11/14/2021 13:59:07 - INFO - __main__ - Overall: 0.5500568181818182 from scores=[0.6252840909090909, 0.0, 0.626953125, 0.91015625, 0.587890625]
11/14/2021 13:59:07 - INFO - __main__ - --------------------------------------------------
11/14/2021 13:59:07 - INFO - __main__ - Evaluating to get errors .... Timecode: 55
11/14/2021 13:59:08 - INFO - __main__ - Before Error Fixing: {'EM': 0.515625, 'QA-F1': 0.515625}
11/14/2021 13:59:08 - INFO - __main__ - Found 31 errors.
11/14/2021 13:59:08 - INFO - __main__ - Start error-fixing .... Timecode: 55
11/14/2021 13:59:08 - INFO - __main__ - No debugging at all.
11/14/2021 13:59:08 - INFO - __main__ - Start error-fixing .... Done!
11/14/2021 13:59:09 - INFO - __main__ - EFR=0.0
11/14/2021 13:59:09 - INFO - __main__ - Overall: 0.5496651785714286 from scores=[0.6233258928571428, 0.0, 0.626953125, 0.91015625, 0.587890625]
11/14/2021 13:59:09 - INFO - __main__ - --------------------------------------------------
11/14/2021 13:59:09 - INFO - __main__ - Evaluating to get errors .... Timecode: 56
11/14/2021 13:59:10 - INFO - __main__ - Before Error Fixing: {'EM': 0.515625, 'QA-F1': 0.515625}
11/14/2021 13:59:10 - INFO - __main__ - Found 31 errors.
11/14/2021 13:59:10 - INFO - __main__ - Start error-fixing .... Timecode: 56
11/14/2021 13:59:10 - INFO - __main__ - No debugging at all.
11/14/2021 13:59:10 - INFO - __main__ - Start error-fixing .... Done!
11/14/2021 13:59:10 - INFO - __main__ - EFR=0.0
11/14/2021 13:59:10 - INFO - __main__ - Overall: 0.5492872807017544 from scores=[0.6214364035087719, 0.0, 0.626953125, 0.91015625, 0.587890625]
11/14/2021 13:59:10 - INFO - __main__ - --------------------------------------------------
11/14/2021 13:59:10 - INFO - __main__ - Evaluating to get errors .... Timecode: 57
11/14/2021 13:59:11 - INFO - __main__ - Before Error Fixing: {'EM': 0.453125, 'QA-F1': 0.453125}
11/14/2021 13:59:11 - INFO - __main__ - Found 35 errors.
11/14/2021 13:59:11 - INFO - __main__ - Start error-fixing .... Timecode: 57
11/14/2021 13:59:11 - INFO - __main__ - No debugging at all.
11/14/2021 13:59:11 - INFO - __main__ - Start error-fixing .... Done!
11/14/2021 13:59:12 - INFO - __main__ - EFR=0.0
11/14/2021 13:59:12 - INFO - __main__ - Overall: 0.5487068965517241 from scores=[0.6185344827586207, 0.0, 0.626953125, 0.91015625, 0.587890625]
11/14/2021 13:59:12 - INFO - __main__ - --------------------------------------------------
11/14/2021 13:59:12 - INFO - __main__ - Evaluating to get errors .... Timecode: 58
11/14/2021 13:59:13 - INFO - __main__ - Before Error Fixing: {'EM': 0.484375, 'QA-F1': 0.484375}
11/14/2021 13:59:13 - INFO - __main__ - Found 33 errors.
11/14/2021 13:59:13 - INFO - __main__ - Start error-fixing .... Timecode: 58
11/14/2021 13:59:13 - INFO - __main__ - No debugging at all.
11/14/2021 13:59:13 - INFO - __main__ - Start error-fixing .... Done!
11/14/2021 13:59:14 - INFO - __main__ - EFR=0.0
11/14/2021 13:59:14 - INFO - __main__ - Overall: 0.5482521186440679 from scores=[0.616260593220339, 0.0, 0.626953125, 0.91015625, 0.587890625]
11/14/2021 13:59:14 - INFO - __main__ - --------------------------------------------------
11/14/2021 13:59:14 - INFO - __main__ - Evaluating to get errors .... Timecode: 59
11/14/2021 13:59:15 - INFO - __main__ - Before Error Fixing: {'EM': 0.6875, 'QA-F1': 0.6875}
11/14/2021 13:59:15 - INFO - __main__ - Found 20 errors.
11/14/2021 13:59:15 - INFO - __main__ - Start error-fixing .... Timecode: 59
11/14/2021 13:59:15 - INFO - __main__ - No debugging at all.
11/14/2021 13:59:15 - INFO - __main__ - Start error-fixing .... Done!
11/14/2021 13:59:16 - INFO - __main__ - EFR=0.0
11/14/2021 13:59:16 - INFO - __main__ - Overall: 0.5484895833333333 from scores=[0.6174479166666667, 0.0, 0.626953125, 0.91015625, 0.587890625]
11/14/2021 13:59:16 - INFO - __main__ - --------------------------------------------------
11/14/2021 13:59:16 - INFO - __main__ - Start eval_knowledge_retention for UKR @ Timecode=60
11/14/2021 13:59:23 - INFO - __main__ - Upstream Knowledge Retation (UKR@60): 0.9102
11/14/2021 13:59:24 - INFO - __main__ - Start eval_knowledge_retention for OKR @ Timecode=60
11/14/2021 13:59:31 - INFO - __main__ - Online Knowledge Retation (OKR@60): 0.6250
11/14/2021 13:59:31 - INFO - __main__ - Start eval_knowledge_generalization for KG @ Timecode=60
11/14/2021 13:59:46 - INFO - __main__ - Future Knowledge Generalization (KG@60): 0.5879
11/14/2021 13:59:46 - INFO - __main__ - Evaluating to get errors .... Timecode: 60
11/14/2021 13:59:47 - INFO - __main__ - Before Error Fixing: {'EM': 0.515625, 'QA-F1': 0.515625}
11/14/2021 13:59:47 - INFO - __main__ - Found 31 errors.
11/14/2021 13:59:47 - INFO - __main__ - Start error-fixing .... Timecode: 60
11/14/2021 13:59:47 - INFO - __main__ - No debugging at all.
11/14/2021 13:59:47 - INFO - __main__ - Start error-fixing .... Done!
11/14/2021 13:59:48 - INFO - __main__ - EFR=0.0
11/14/2021 13:59:48 - INFO - __main__ - Overall: 0.547765112704918 from scores=[0.6157786885245902, 0.0, 0.625, 0.91015625, 0.587890625]
11/14/2021 13:59:48 - INFO - __main__ - --------------------------------------------------
11/14/2021 13:59:48 - INFO - __main__ - Evaluating to get errors .... Timecode: 61
11/14/2021 13:59:49 - INFO - __main__ - Before Error Fixing: {'EM': 0.53125, 'QA-F1': 0.53125}
11/14/2021 13:59:49 - INFO - __main__ - Found 30 errors.
11/14/2021 13:59:49 - INFO - __main__ - Start error-fixing .... Timecode: 61
11/14/2021 13:59:49 - INFO - __main__ - No debugging at all.
11/14/2021 13:59:49 - INFO - __main__ - Start error-fixing .... Done!
11/14/2021 13:59:50 - INFO - __main__ - EFR=0.0
11/14/2021 13:59:50 - INFO - __main__ - Overall: 0.547492439516129 from scores=[0.6144153225806452, 0.0, 0.625, 0.91015625, 0.587890625]
11/14/2021 13:59:50 - INFO - __main__ - --------------------------------------------------
11/14/2021 13:59:50 - INFO - __main__ - Evaluating to get errors .... Timecode: 62
11/14/2021 13:59:51 - INFO - __main__ - Before Error Fixing: {'EM': 0.671875, 'QA-F1': 0.671875}
11/14/2021 13:59:51 - INFO - __main__ - Found 21 errors.
11/14/2021 13:59:51 - INFO - __main__ - Start error-fixing .... Timecode: 62
11/14/2021 13:59:51 - INFO - __main__ - No debugging at all.
11/14/2021 13:59:51 - INFO - __main__ - Start error-fixing .... Done!
11/14/2021 13:59:51 - INFO - __main__ - EFR=0.0
11/14/2021 13:59:51 - INFO - __main__ - Overall: 0.5476748511904762 from scores=[0.6153273809523809, 0.0, 0.625, 0.91015625, 0.587890625]
11/14/2021 13:59:51 - INFO - __main__ - --------------------------------------------------
11/14/2021 13:59:51 - INFO - __main__ - Evaluating to get errors .... Timecode: 63
11/14/2021 13:59:52 - INFO - __main__ - Before Error Fixing: {'EM': 0.71875, 'QA-F1': 0.71875}
11/14/2021 13:59:52 - INFO - __main__ - Found 18 errors.
11/14/2021 13:59:52 - INFO - __main__ - Start error-fixing .... Timecode: 63
11/14/2021 13:59:52 - INFO - __main__ - No debugging at all.
11/14/2021 13:59:52 - INFO - __main__ - Start error-fixing .... Done!
11/14/2021 13:59:53 - INFO - __main__ - EFR=0.0
11/14/2021 13:59:53 - INFO - __main__ - Overall: 0.547998046875 from scores=[0.616943359375, 0.0, 0.625, 0.91015625, 0.587890625]
11/14/2021 13:59:53 - INFO - __main__ - --------------------------------------------------
11/14/2021 13:59:53 - INFO - __main__ - Evaluating to get errors .... Timecode: 64
11/14/2021 13:59:54 - INFO - __main__ - Before Error Fixing: {'EM': 0.71875, 'QA-F1': 0.71875}
11/14/2021 13:59:54 - INFO - __main__ - Found 18 errors.
11/14/2021 13:59:54 - INFO - __main__ - Start error-fixing .... Timecode: 64
11/14/2021 13:59:54 - INFO - __main__ - No debugging at all.
11/14/2021 13:59:54 - INFO - __main__ - Start error-fixing .... Done!
11/14/2021 13:59:54 - INFO - __main__ - EFR=0.0
11/14/2021 13:59:54 - INFO - __main__ - Overall: 0.5483112980769231 from scores=[0.6185096153846155, 0.0, 0.625, 0.91015625, 0.587890625]
11/14/2021 13:59:54 - INFO - __main__ - --------------------------------------------------
11/14/2021 13:59:54 - INFO - __main__ - Evaluating to get errors .... Timecode: 65
11/14/2021 13:59:55 - INFO - __main__ - Before Error Fixing: {'EM': 0.6875, 'QA-F1': 0.6875}
11/14/2021 13:59:55 - INFO - __main__ - Found 20 errors.
11/14/2021 13:59:55 - INFO - __main__ - Start error-fixing .... Timecode: 65
11/14/2021 13:59:55 - INFO - __main__ - No debugging at all.
11/14/2021 13:59:55 - INFO - __main__ - Start error-fixing .... Done!
11/14/2021 13:59:56 - INFO - __main__ - EFR=0.0
11/14/2021 13:59:56 - INFO - __main__ - Overall: 0.5485203598484849 from scores=[0.6195549242424243, 0.0, 0.625, 0.91015625, 0.587890625]
11/14/2021 13:59:56 - INFO - __main__ - --------------------------------------------------
11/14/2021 13:59:56 - INFO - __main__ - Evaluating to get errors .... Timecode: 66
11/14/2021 13:59:57 - INFO - __main__ - Before Error Fixing: {'EM': 0.71875, 'QA-F1': 0.71875}
11/14/2021 13:59:57 - INFO - __main__ - Found 18 errors.
11/14/2021 13:59:57 - INFO - __main__ - Start error-fixing .... Timecode: 66
11/14/2021 13:59:57 - INFO - __main__ - No debugging at all.
11/14/2021 13:59:57 - INFO - __main__ - Start error-fixing .... Done!
11/14/2021 13:59:57 - INFO - __main__ - EFR=0.0
11/14/2021 13:59:57 - INFO - __main__ - Overall: 0.5488164645522388 from scores=[0.621035447761194, 0.0, 0.625, 0.91015625, 0.587890625]
11/14/2021 13:59:58 - INFO - __main__ - --------------------------------------------------
11/14/2021 13:59:58 - INFO - __main__ - Evaluating to get errors .... Timecode: 67
11/14/2021 13:59:58 - INFO - __main__ - Before Error Fixing: {'EM': 0.28125, 'QA-F1': 0.28125}
11/14/2021 13:59:58 - INFO - __main__ - Found 46 errors.
11/14/2021 13:59:58 - INFO - __main__ - Start error-fixing .... Timecode: 67
11/14/2021 13:59:58 - INFO - __main__ - No debugging at all.
11/14/2021 13:59:58 - INFO - __main__ - Start error-fixing .... Done!
11/14/2021 13:59:59 - INFO - __main__ - EFR=0.0
11/14/2021 13:59:59 - INFO - __main__ - Overall: 0.5478170955882353 from scores=[0.6160386029411764, 0.0, 0.625, 0.91015625, 0.587890625]
11/14/2021 13:59:59 - INFO - __main__ - --------------------------------------------------
11/14/2021 13:59:59 - INFO - __main__ - Evaluating to get errors .... Timecode: 68
11/14/2021 14:00:00 - INFO - __main__ - Before Error Fixing: {'EM': 0.53125, 'QA-F1': 0.53125}
11/14/2021 14:00:00 - INFO - __main__ - Found 30 errors.
11/14/2021 14:00:00 - INFO - __main__ - Start error-fixing .... Timecode: 68
11/14/2021 14:00:00 - INFO - __main__ - No debugging at all.
11/14/2021 14:00:00 - INFO - __main__ - Start error-fixing .... Done!
11/14/2021 14:00:01 - INFO - __main__ - EFR=0.0
11/14/2021 14:00:01 - INFO - __main__ - Overall: 0.5475713315217392 from scores=[0.6148097826086957, 0.0, 0.625, 0.91015625, 0.587890625]
11/14/2021 14:00:01 - INFO - __main__ - --------------------------------------------------
11/14/2021 14:00:01 - INFO - __main__ - Evaluating to get errors .... Timecode: 69
11/14/2021 14:00:01 - INFO - __main__ - Before Error Fixing: {'EM': 0.53125, 'QA-F1': 0.53125}
11/14/2021 14:00:01 - INFO - __main__ - Found 30 errors.
11/14/2021 14:00:02 - INFO - __main__ - Start error-fixing .... Timecode: 69
11/14/2021 14:00:02 - INFO - __main__ - No debugging at all.
11/14/2021 14:00:02 - INFO - __main__ - Start error-fixing .... Done!
11/14/2021 14:00:02 - INFO - __main__ - EFR=0.0
11/14/2021 14:00:02 - INFO - __main__ - Overall: 0.5473325892857143 from scores=[0.6136160714285714, 0.0, 0.625, 0.91015625, 0.587890625]
11/14/2021 14:00:02 - INFO - __main__ - --------------------------------------------------
11/14/2021 14:00:02 - INFO - __main__ - Start eval_knowledge_retention for UKR @ Timecode=70
11/14/2021 14:00:09 - INFO - __main__ - Upstream Knowledge Retation (UKR@70): 0.9102
11/14/2021 14:00:10 - INFO - __main__ - Start eval_knowledge_retention for OKR @ Timecode=70
11/14/2021 14:00:16 - INFO - __main__ - Online Knowledge Retation (OKR@70): 0.6113
11/14/2021 14:00:16 - INFO - __main__ - Start eval_knowledge_generalization for KG @ Timecode=70
11/14/2021 14:00:30 - INFO - __main__ - Future Knowledge Generalization (KG@70): 0.5879
11/14/2021 14:00:30 - INFO - __main__ - Evaluating to get errors .... Timecode: 70
11/14/2021 14:00:31 - INFO - __main__ - Before Error Fixing: {'EM': 0.484375, 'QA-F1': 0.484375}
11/14/2021 14:00:31 - INFO - __main__ - Found 33 errors.
11/14/2021 14:00:31 - INFO - __main__ - Start error-fixing .... Timecode: 70
11/14/2021 14:00:31 - INFO - __main__ - No debugging at all.
11/14/2021 14:00:31 - INFO - __main__ - Start error-fixing .... Done!
11/14/2021 14:00:32 - INFO - __main__ - EFR=0.0
11/14/2021 14:00:32 - INFO - __main__ - Overall: 0.5442341549295774 from scores=[0.6117957746478873, 0.0, 0.611328125, 0.91015625, 0.587890625]
11/14/2021 14:00:32 - INFO - __main__ - --------------------------------------------------
11/14/2021 14:00:32 - INFO - __main__ - Evaluating to get errors .... Timecode: 71
11/14/2021 14:00:33 - INFO - __main__ - Before Error Fixing: {'EM': 0.5, 'QA-F1': 0.5}
11/14/2021 14:00:33 - INFO - __main__ - Found 32 errors.
11/14/2021 14:00:33 - INFO - __main__ - Start error-fixing .... Timecode: 71
11/14/2021 14:00:33 - INFO - __main__ - No debugging at all.
11/14/2021 14:00:33 - INFO - __main__ - Start error-fixing .... Done!
11/14/2021 14:00:33 - INFO - __main__ - EFR=0.0
11/14/2021 14:00:33 - INFO - __main__ - Overall: 0.5439236111111111 from scores=[0.6102430555555556, 0.0, 0.611328125, 0.91015625, 0.587890625]
11/14/2021 14:00:33 - INFO - __main__ - --------------------------------------------------
11/14/2021 14:00:33 - INFO - __main__ - Evaluating to get errors .... Timecode: 72
11/14/2021 14:00:34 - INFO - __main__ - Before Error Fixing: {'EM': 0.734375, 'QA-F1': 0.734375}
11/14/2021 14:00:34 - INFO - __main__ - Found 17 errors.
11/14/2021 14:00:34 - INFO - __main__ - Start error-fixing .... Timecode: 72
11/14/2021 14:00:34 - INFO - __main__ - No debugging at all.
11/14/2021 14:00:34 - INFO - __main__ - Start error-fixing .... Done!
11/14/2021 14:00:35 - INFO - __main__ - EFR=0.0
11/14/2021 14:00:35 - INFO - __main__ - Overall: 0.544263698630137 from scores=[0.6119434931506849, 0.0, 0.611328125, 0.91015625, 0.587890625]
11/14/2021 14:00:35 - INFO - __main__ - --------------------------------------------------
11/14/2021 14:00:35 - INFO - __main__ - Evaluating to get errors .... Timecode: 73
11/14/2021 14:00:36 - INFO - __main__ - Before Error Fixing: {'EM': 0.6875, 'QA-F1': 0.6875}
11/14/2021 14:00:36 - INFO - __main__ - Found 20 errors.
11/14/2021 14:00:36 - INFO - __main__ - Start error-fixing .... Timecode: 73
11/14/2021 14:00:36 - INFO - __main__ - No debugging at all.
11/14/2021 14:00:36 - INFO - __main__ - Start error-fixing .... Done!
11/14/2021 14:00:36 - INFO - __main__ - EFR=0.0
11/14/2021 14:00:36 - INFO - __main__ - Overall: 0.5444679054054055 from scores=[0.612964527027027, 0.0, 0.611328125, 0.91015625, 0.587890625]
11/14/2021 14:00:36 - INFO - __main__ - --------------------------------------------------
11/14/2021 14:00:36 - INFO - __main__ - Evaluating to get errors .... Timecode: 74
11/14/2021 14:00:37 - INFO - __main__ - Before Error Fixing: {'EM': 0.671875, 'QA-F1': 0.671875}
11/14/2021 14:00:37 - INFO - __main__ - Found 21 errors.
11/14/2021 14:00:38 - INFO - __main__ - Start error-fixing .... Timecode: 74
11/14/2021 14:00:38 - INFO - __main__ - No debugging at all.
11/14/2021 14:00:38 - INFO - __main__ - Start error-fixing .... Done!
11/14/2021 14:00:38 - INFO - __main__ - EFR=0.0
11/14/2021 14:00:38 - INFO - __main__ - Overall: 0.544625 from scores=[0.61375, 0.0, 0.611328125, 0.91015625, 0.587890625]
11/14/2021 14:00:38 - INFO - __main__ - --------------------------------------------------
11/14/2021 14:00:38 - INFO - __main__ - Evaluating to get errors .... Timecode: 75
11/14/2021 14:00:39 - INFO - __main__ - Before Error Fixing: {'EM': 0.546875, 'QA-F1': 0.546875}
11/14/2021 14:00:39 - INFO - __main__ - Found 29 errors.
11/14/2021 14:00:39 - INFO - __main__ - Start error-fixing .... Timecode: 75
11/14/2021 14:00:39 - INFO - __main__ - No debugging at all.
11/14/2021 14:00:39 - INFO - __main__ - Start error-fixing .... Done!
11/14/2021 14:00:40 - INFO - __main__ - EFR=0.0
11/14/2021 14:00:40 - INFO - __main__ - Overall: 0.5444490131578947 from scores=[0.6128700657894737, 0.0, 0.611328125, 0.91015625, 0.587890625]
11/14/2021 14:00:40 - INFO - __main__ - --------------------------------------------------
11/14/2021 14:00:40 - INFO - __main__ - Evaluating to get errors .... Timecode: 76
11/14/2021 14:00:41 - INFO - __main__ - Before Error Fixing: {'EM': 0.4375, 'QA-F1': 0.4375}
11/14/2021 14:00:41 - INFO - __main__ - Found 36 errors.
11/14/2021 14:00:41 - INFO - __main__ - Start error-fixing .... Timecode: 76
11/14/2021 14:00:41 - INFO - __main__ - No debugging at all.
11/14/2021 14:00:41 - INFO - __main__ - Start error-fixing .... Done!
11/14/2021 14:00:42 - INFO - __main__ - EFR=0.0
11/14/2021 14:00:42 - INFO - __main__ - Overall: 0.5439935064935065 from scores=[0.6105925324675325, 0.0, 0.611328125, 0.91015625, 0.587890625]
11/14/2021 14:00:42 - INFO - __main__ - --------------------------------------------------
11/14/2021 14:00:42 - INFO - __main__ - Evaluating to get errors .... Timecode: 77
11/14/2021 14:00:42 - INFO - __main__ - Before Error Fixing: {'EM': 0.34375, 'QA-F1': 0.34375}
11/14/2021 14:00:42 - INFO - __main__ - Found 42 errors.
11/14/2021 14:00:42 - INFO - __main__ - Start error-fixing .... Timecode: 77
11/14/2021 14:00:42 - INFO - __main__ - No debugging at all.
11/14/2021 14:00:42 - INFO - __main__ - Start error-fixing .... Done!
11/14/2021 14:00:43 - INFO - __main__ - EFR=0.0
11/14/2021 14:00:43 - INFO - __main__ - Overall: 0.5433092948717949 from scores=[0.6071714743589743, 0.0, 0.611328125, 0.91015625, 0.587890625]
11/14/2021 14:00:43 - INFO - __main__ - --------------------------------------------------
11/14/2021 14:00:43 - INFO - __main__ - Evaluating to get errors .... Timecode: 78
11/14/2021 14:00:44 - INFO - __main__ - Before Error Fixing: {'EM': 0.390625, 'QA-F1': 0.390625}
11/14/2021 14:00:44 - INFO - __main__ - Found 39 errors.
11/14/2021 14:00:44 - INFO - __main__ - Start error-fixing .... Timecode: 78
11/14/2021 14:00:44 - INFO - __main__ - No debugging at all.
11/14/2021 14:00:44 - INFO - __main__ - Start error-fixing .... Done!
11/14/2021 14:00:45 - INFO - __main__ - EFR=0.0
11/14/2021 14:00:45 - INFO - __main__ - Overall: 0.5427610759493671 from scores=[0.6044303797468354, 0.0, 0.611328125, 0.91015625, 0.587890625]
11/14/2021 14:00:45 - INFO - __main__ - --------------------------------------------------
11/14/2021 14:00:45 - INFO - __main__ - Evaluating to get errors .... Timecode: 79
11/14/2021 14:00:46 - INFO - __main__ - Before Error Fixing: {'EM': 0.296875, 'QA-F1': 0.296875}
11/14/2021 14:00:46 - INFO - __main__ - Found 45 errors.
11/14/2021 14:00:46 - INFO - __main__ - Start error-fixing .... Timecode: 79
11/14/2021 14:00:46 - INFO - __main__ - No debugging at all.
11/14/2021 14:00:46 - INFO - __main__ - Start error-fixing .... Done!
11/14/2021 14:00:46 - INFO - __main__ - EFR=0.0
11/14/2021 14:00:46 - INFO - __main__ - Overall: 0.5419921875 from scores=[0.6005859375, 0.0, 0.611328125, 0.91015625, 0.587890625]
11/14/2021 14:00:46 - INFO - __main__ - --------------------------------------------------
11/14/2021 14:00:46 - INFO - __main__ - Start eval_knowledge_retention for UKR @ Timecode=80
11/14/2021 14:00:54 - INFO - __main__ - Upstream Knowledge Retation (UKR@80): 0.9102
11/14/2021 14:00:55 - INFO - __main__ - Start eval_knowledge_retention for OKR @ Timecode=80
11/14/2021 14:01:03 - INFO - __main__ - Online Knowledge Retation (OKR@80): 0.5977
11/14/2021 14:01:03 - INFO - __main__ - Start eval_knowledge_generalization for KG @ Timecode=80
11/14/2021 14:01:17 - INFO - __main__ - Future Knowledge Generalization (KG@80): 0.5879
11/14/2021 14:01:17 - INFO - __main__ - Evaluating to get errors .... Timecode: 80
11/14/2021 14:01:18 - INFO - __main__ - Before Error Fixing: {'EM': 0.78125, 'QA-F1': 0.78125}
11/14/2021 14:01:18 - INFO - __main__ - Found 14 errors.
11/14/2021 14:01:18 - INFO - __main__ - Start error-fixing .... Timecode: 80
11/14/2021 14:01:18 - INFO - __main__ - No debugging at all.
11/14/2021 14:01:18 - INFO - __main__ - Start error-fixing .... Done!
11/14/2021 14:01:18 - INFO - __main__ - EFR=0.0
11/14/2021 14:01:18 - INFO - __main__ - Overall: 0.5397038966049383 from scores=[0.6028163580246914, 0.0, 0.59765625, 0.91015625, 0.587890625]
11/14/2021 14:01:18 - INFO - __main__ - --------------------------------------------------
11/14/2021 14:01:18 - INFO - __main__ - Evaluating to get errors .... Timecode: 81
11/14/2021 14:01:19 - INFO - __main__ - Before Error Fixing: {'EM': 0.65625, 'QA-F1': 0.65625}
11/14/2021 14:01:19 - INFO - __main__ - Found 22 errors.
11/14/2021 14:01:19 - INFO - __main__ - Start error-fixing .... Timecode: 81
11/14/2021 14:01:19 - INFO - __main__ - No debugging at all.
11/14/2021 14:01:19 - INFO - __main__ - Start error-fixing .... Done!
11/14/2021 14:01:19 - INFO - __main__ - EFR=0.0
11/14/2021 14:01:19 - INFO - __main__ - Overall: 0.5398342225609756 from scores=[0.6034679878048781, 0.0, 0.59765625, 0.91015625, 0.587890625]
11/14/2021 14:01:19 - INFO - __main__ - --------------------------------------------------
11/14/2021 14:01:19 - INFO - __main__ - Evaluating to get errors .... Timecode: 82
11/14/2021 14:01:20 - INFO - __main__ - Before Error Fixing: {'EM': 0.671875, 'QA-F1': 0.671875}
11/14/2021 14:01:20 - INFO - __main__ - Found 21 errors.
11/14/2021 14:01:20 - INFO - __main__ - Start error-fixing .... Timecode: 82
11/14/2021 14:01:20 - INFO - __main__ - No debugging at all.
11/14/2021 14:01:20 - INFO - __main__ - Start error-fixing .... Done!
11/14/2021 14:01:21 - INFO - __main__ - EFR=0.0
11/14/2021 14:01:21 - INFO - __main__ - Overall: 0.5399990587349397 from scores=[0.6042921686746988, 0.0, 0.59765625, 0.91015625, 0.587890625]
11/14/2021 14:01:21 - INFO - __main__ - --------------------------------------------------
11/14/2021 14:01:21 - INFO - __main__ - Evaluating to get errors .... Timecode: 83
11/14/2021 14:01:22 - INFO - __main__ - Before Error Fixing: {'EM': 0.71875, 'QA-F1': 0.71875}
11/14/2021 14:01:22 - INFO - __main__ - Found 18 errors.
11/14/2021 14:01:22 - INFO - __main__ - Start error-fixing .... Timecode: 83
11/14/2021 14:01:22 - INFO - __main__ - No debugging at all.
11/14/2021 14:01:22 - INFO - __main__ - Start error-fixing .... Done!
11/14/2021 14:01:22 - INFO - __main__ - EFR=0.0
11/14/2021 14:01:22 - INFO - __main__ - Overall: 0.5402715773809523 from scores=[0.6056547619047619, 0.0, 0.59765625, 0.91015625, 0.587890625]
11/14/2021 14:01:22 - INFO - __main__ - --------------------------------------------------
11/14/2021 14:01:22 - INFO - __main__ - Evaluating to get errors .... Timecode: 84
11/14/2021 14:01:23 - INFO - __main__ - Before Error Fixing: {'EM': 0.671875, 'QA-F1': 0.671875}
11/14/2021 14:01:23 - INFO - __main__ - Found 21 errors.
11/14/2021 14:01:23 - INFO - __main__ - Start error-fixing .... Timecode: 84
11/14/2021 14:01:23 - INFO - __main__ - No debugging at all.
11/14/2021 14:01:23 - INFO - __main__ - Start error-fixing .... Done!
11/14/2021 14:01:24 - INFO - __main__ - EFR=0.0
11/14/2021 14:01:24 - INFO - __main__ - Overall: 0.5404273897058823 from scores=[0.6064338235294118, 0.0, 0.59765625, 0.91015625, 0.587890625]
11/14/2021 14:01:24 - INFO - __main__ - --------------------------------------------------
11/14/2021 14:01:24 - INFO - __main__ - Evaluating to get errors .... Timecode: 85
11/14/2021 14:01:25 - INFO - __main__ - Before Error Fixing: {'EM': 0.6875, 'QA-F1': 0.6875}
11/14/2021 14:01:25 - INFO - __main__ - Found 20 errors.
11/14/2021 14:01:25 - INFO - __main__ - Start error-fixing .... Timecode: 85
11/14/2021 14:01:25 - INFO - __main__ - No debugging at all.
11/14/2021 14:01:25 - INFO - __main__ - Start error-fixing .... Done!
11/14/2021 14:01:25 - INFO - __main__ - EFR=0.0
11/14/2021 14:01:25 - INFO - __main__ - Overall: 0.5406159156976744 from scores=[0.6073764534883721, 0.0, 0.59765625, 0.91015625, 0.587890625]
11/14/2021 14:01:25 - INFO - __main__ - --------------------------------------------------
11/14/2021 14:01:25 - INFO - __main__ - Evaluating to get errors .... Timecode: 86
11/14/2021 14:01:26 - INFO - __main__ - Before Error Fixing: {'EM': 0.75, 'QA-F1': 0.75}
11/14/2021 14:01:26 - INFO - __main__ - Found 16 errors.
11/14/2021 14:01:26 - INFO - __main__ - Start error-fixing .... Timecode: 86
11/14/2021 14:01:26 - INFO - __main__ - No debugging at all.
11/14/2021 14:01:26 - INFO - __main__ - Start error-fixing .... Done!
11/14/2021 14:01:26 - INFO - __main__ - EFR=0.0
11/14/2021 14:01:26 - INFO - __main__ - Overall: 0.5409437859195403 from scores=[0.6090158045977012, 0.0, 0.59765625, 0.91015625, 0.587890625]
11/14/2021 14:01:26 - INFO - __main__ - --------------------------------------------------
11/14/2021 14:01:26 - INFO - __main__ - Evaluating to get errors .... Timecode: 87
11/14/2021 14:01:27 - INFO - __main__ - Before Error Fixing: {'EM': 0.71875, 'QA-F1': 0.71875}
11/14/2021 14:01:27 - INFO - __main__ - Found 18 errors.
11/14/2021 14:01:27 - INFO - __main__ - Start error-fixing .... Timecode: 87
11/14/2021 14:01:27 - INFO - __main__ - No debugging at all.
11/14/2021 14:01:27 - INFO - __main__ - Start error-fixing .... Done!
11/14/2021 14:01:28 - INFO - __main__ - EFR=0.0
11/14/2021 14:01:28 - INFO - __main__ - Overall: 0.5411931818181819 from scores=[0.6102627840909092, 0.0, 0.59765625, 0.91015625, 0.587890625]
11/14/2021 14:01:28 - INFO - __main__ - --------------------------------------------------
11/14/2021 14:01:28 - INFO - __main__ - Evaluating to get errors .... Timecode: 88
11/14/2021 14:01:29 - INFO - __main__ - Before Error Fixing: {'EM': 0.75, 'QA-F1': 0.75}
11/14/2021 14:01:29 - INFO - __main__ - Found 16 errors.
11/14/2021 14:01:29 - INFO - __main__ - Start error-fixing .... Timecode: 88
11/14/2021 14:01:29 - INFO - __main__ - No debugging at all.
11/14/2021 14:01:29 - INFO - __main__ - Start error-fixing .... Done!
11/14/2021 14:01:29 - INFO - __main__ - EFR=0.0
11/14/2021 14:01:29 - INFO - __main__ - Overall: 0.5415071980337078 from scores=[0.6118328651685394, 0.0, 0.59765625, 0.91015625, 0.587890625]
11/14/2021 14:01:29 - INFO - __main__ - --------------------------------------------------
11/14/2021 14:01:29 - INFO - __main__ - Evaluating to get errors .... Timecode: 89
11/14/2021 14:01:30 - INFO - __main__ - Before Error Fixing: {'EM': 0.75, 'QA-F1': 0.75}
11/14/2021 14:01:30 - INFO - __main__ - Found 16 errors.
11/14/2021 14:01:31 - INFO - __main__ - Start error-fixing .... Timecode: 89
11/14/2021 14:01:31 - INFO - __main__ - No debugging at all.
11/14/2021 14:01:31 - INFO - __main__ - Start error-fixing .... Done!
11/14/2021 14:01:31 - INFO - __main__ - EFR=0.0
11/14/2021 14:01:31 - INFO - __main__ - Overall: 0.5418142361111111 from scores=[0.6133680555555556, 0.0, 0.59765625, 0.91015625, 0.587890625]
11/14/2021 14:01:31 - INFO - __main__ - --------------------------------------------------
11/14/2021 14:01:31 - INFO - __main__ - Start eval_knowledge_retention for UKR @ Timecode=90
11/14/2021 14:01:39 - INFO - __main__ - Upstream Knowledge Retation (UKR@90): 0.9102
11/14/2021 14:01:39 - INFO - __main__ - Start eval_knowledge_retention for OKR @ Timecode=90
11/14/2021 14:01:47 - INFO - __main__ - Online Knowledge Retation (OKR@90): 0.6191
11/14/2021 14:01:47 - INFO - __main__ - Start eval_knowledge_generalization for KG @ Timecode=90
11/14/2021 14:02:03 - INFO - __main__ - Future Knowledge Generalization (KG@90): 0.5879
11/14/2021 14:02:03 - INFO - __main__ - Evaluating to get errors .... Timecode: 90
11/14/2021 14:02:04 - INFO - __main__ - Before Error Fixing: {'EM': 0.671875, 'QA-F1': 0.671875}
11/14/2021 14:02:04 - INFO - __main__ - Found 21 errors.
11/14/2021 14:02:04 - INFO - __main__ - Start error-fixing .... Timecode: 90
11/14/2021 14:02:04 - INFO - __main__ - No debugging at all.
11/14/2021 14:02:04 - INFO - __main__ - Start error-fixing .... Done!
11/14/2021 14:02:04 - INFO - __main__ - EFR=0.0
11/14/2021 14:02:04 - INFO - __main__ - Overall: 0.5462396978021978 from scores=[0.614010989010989, 0.0, 0.619140625, 0.91015625, 0.587890625]
11/14/2021 14:02:04 - INFO - __main__ - --------------------------------------------------
11/14/2021 14:02:04 - INFO - __main__ - Evaluating to get errors .... Timecode: 91
11/14/2021 14:02:05 - INFO - __main__ - Before Error Fixing: {'EM': 0.734375, 'QA-F1': 0.734375}
11/14/2021 14:02:05 - INFO - __main__ - Found 17 errors.
11/14/2021 14:02:05 - INFO - __main__ - Start error-fixing .... Timecode: 91
11/14/2021 14:02:05 - INFO - __main__ - No debugging at all.
11/14/2021 14:02:05 - INFO - __main__ - Start error-fixing .... Done!
11/14/2021 14:02:06 - INFO - __main__ - EFR=0.0
11/14/2021 14:02:06 - INFO - __main__ - Overall: 0.5465013586956522 from scores=[0.6153192934782609, 0.0, 0.619140625, 0.91015625, 0.587890625]
11/14/2021 14:02:06 - INFO - __main__ - --------------------------------------------------
11/14/2021 14:02:06 - INFO - __main__ - Evaluating to get errors .... Timecode: 92
11/14/2021 14:02:07 - INFO - __main__ - Before Error Fixing: {'EM': 0.734375, 'QA-F1': 0.734375}
11/14/2021 14:02:07 - INFO - __main__ - Found 17 errors.
11/14/2021 14:02:07 - INFO - __main__ - Start error-fixing .... Timecode: 92
11/14/2021 14:02:07 - INFO - __main__ - No debugging at all.
11/14/2021 14:02:07 - INFO - __main__ - Start error-fixing .... Done!
11/14/2021 14:02:07 - INFO - __main__ - EFR=0.0
11/14/2021 14:02:07 - INFO - __main__ - Overall: 0.5467573924731183 from scores=[0.6165994623655914, 0.0, 0.619140625, 0.91015625, 0.587890625]
11/14/2021 14:02:07 - INFO - __main__ - --------------------------------------------------
11/14/2021 14:02:07 - INFO - __main__ - Evaluating to get errors .... Timecode: 93
11/14/2021 14:02:08 - INFO - __main__ - Before Error Fixing: {'EM': 0.28125, 'QA-F1': 0.28125}
11/14/2021 14:02:08 - INFO - __main__ - Found 46 errors.
11/14/2021 14:02:08 - INFO - __main__ - Start error-fixing .... Timecode: 93
11/14/2021 14:02:08 - INFO - __main__ - No debugging at all.
11/14/2021 14:02:08 - INFO - __main__ - Start error-fixing .... Done!
11/14/2021 14:02:09 - INFO - __main__ - EFR=0.0
11/14/2021 14:02:09 - INFO - __main__ - Overall: 0.5460438829787234 from scores=[0.613031914893617, 0.0, 0.619140625, 0.91015625, 0.587890625]
11/14/2021 14:02:09 - INFO - __main__ - --------------------------------------------------
11/14/2021 14:02:09 - INFO - __main__ - Evaluating to get errors .... Timecode: 94
11/14/2021 14:02:10 - INFO - __main__ - Before Error Fixing: {'EM': 0.40625, 'QA-F1': 0.40625}
11/14/2021 14:02:10 - INFO - __main__ - Found 38 errors.
11/14/2021 14:02:10 - INFO - __main__ - Start error-fixing .... Timecode: 94
11/14/2021 14:02:10 - INFO - __main__ - No debugging at all.
11/14/2021 14:02:10 - INFO - __main__ - Start error-fixing .... Done!
11/14/2021 14:02:10 - INFO - __main__ - EFR=0.0
11/14/2021 14:02:10 - INFO - __main__ - Overall: 0.5456085526315789 from scores=[0.6108552631578947, 0.0, 0.619140625, 0.91015625, 0.587890625]
11/14/2021 14:02:10 - INFO - __main__ - --------------------------------------------------
11/14/2021 14:02:10 - INFO - __main__ - Evaluating to get errors .... Timecode: 95
11/14/2021 14:02:11 - INFO - __main__ - Before Error Fixing: {'EM': 0.390625, 'QA-F1': 0.390625}
11/14/2021 14:02:11 - INFO - __main__ - Found 39 errors.
11/14/2021 14:02:11 - INFO - __main__ - Start error-fixing .... Timecode: 95
11/14/2021 14:02:11 - INFO - __main__ - No debugging at all.
11/14/2021 14:02:11 - INFO - __main__ - Start error-fixing .... Done!
11/14/2021 14:02:12 - INFO - __main__ - EFR=0.0
11/14/2021 14:02:12 - INFO - __main__ - Overall: 0.5451497395833333 from scores=[0.6085611979166667, 0.0, 0.619140625, 0.91015625, 0.587890625]
11/14/2021 14:02:12 - INFO - __main__ - --------------------------------------------------
11/14/2021 14:02:12 - INFO - __main__ - Evaluating to get errors .... Timecode: 96
11/14/2021 14:02:13 - INFO - __main__ - Before Error Fixing: {'EM': 0.328125, 'QA-F1': 0.328125}
11/14/2021 14:02:13 - INFO - __main__ - Found 43 errors.
11/14/2021 14:02:13 - INFO - __main__ - Start error-fixing .... Timecode: 96
11/14/2021 14:02:13 - INFO - __main__ - No debugging at all.
11/14/2021 14:02:13 - INFO - __main__ - Start error-fixing .... Done!
11/14/2021 14:02:14 - INFO - __main__ - EFR=0.0
11/14/2021 14:02:14 - INFO - __main__ - Overall: 0.5445715206185567 from scores=[0.6056701030927836, 0.0, 0.619140625, 0.91015625, 0.587890625]
11/14/2021 14:02:14 - INFO - __main__ - --------------------------------------------------
11/14/2021 14:02:14 - INFO - __main__ - Evaluating to get errors .... Timecode: 97
11/14/2021 14:02:15 - INFO - __main__ - Before Error Fixing: {'EM': 0.453125, 'QA-F1': 0.453125}
11/14/2021 14:02:15 - INFO - __main__ - Found 35 errors.
11/14/2021 14:02:15 - INFO - __main__ - Start error-fixing .... Timecode: 97
11/14/2021 14:02:15 - INFO - __main__ - No debugging at all.
11/14/2021 14:02:15 - INFO - __main__ - Start error-fixing .... Done!
11/14/2021 14:02:16 - INFO - __main__ - EFR=0.0
11/14/2021 14:02:16 - INFO - __main__ - Overall: 0.5442602040816327 from scores=[0.6041135204081632, 0.0, 0.619140625, 0.91015625, 0.587890625]
11/14/2021 14:02:16 - INFO - __main__ - --------------------------------------------------
11/14/2021 14:02:16 - INFO - __main__ - Evaluating to get errors .... Timecode: 98
11/14/2021 14:02:17 - INFO - __main__ - Before Error Fixing: {'EM': 0.84375, 'QA-F1': 0.84375}
11/14/2021 14:02:17 - INFO - __main__ - Found 10 errors.
11/14/2021 14:02:17 - INFO - __main__ - Start error-fixing .... Timecode: 98
11/14/2021 14:02:17 - INFO - __main__ - No debugging at all.
11/14/2021 14:02:17 - INFO - __main__ - Start error-fixing .... Done!
11/14/2021 14:02:17 - INFO - __main__ - EFR=0.0
11/14/2021 14:02:17 - INFO - __main__ - Overall: 0.5447443181818181 from scores=[0.6065340909090908, 0.0, 0.619140625, 0.91015625, 0.587890625]
11/14/2021 14:02:17 - INFO - __main__ - --------------------------------------------------
11/14/2021 14:02:17 - INFO - __main__ - Start eval_knowledge_retention for UKR @ Timecode=99
11/14/2021 14:02:25 - INFO - __main__ - Upstream Knowledge Retation (UKR@99): 0.9102
11/14/2021 14:02:25 - INFO - __main__ - Start eval_knowledge_retention for OKR @ Timecode=99
11/14/2021 14:02:32 - INFO - __main__ - Online Knowledge Retation (OKR@99): 0.6035
11/14/2021 14:02:32 - INFO - __main__ - Start eval_knowledge_generalization for KG @ Timecode=99
11/14/2021 14:02:46 - INFO - __main__ - Future Knowledge Generalization (KG@99): 0.5879
11/14/2021 14:02:46 - INFO - __main__ - Evaluating to get errors .... Timecode: 99
11/14/2021 14:02:47 - INFO - __main__ - Before Error Fixing: {'EM': 0.71875, 'QA-F1': 0.71875}
11/14/2021 14:02:47 - INFO - __main__ - Found 18 errors.
11/14/2021 14:02:47 - INFO - __main__ - Start error-fixing .... Timecode: 99
11/14/2021 14:02:47 - INFO - __main__ - No debugging at all.
11/14/2021 14:02:47 - INFO - __main__ - Start error-fixing .... Done!
11/14/2021 14:02:47 - INFO - __main__ - EFR=0.0
11/14/2021 14:02:47 - INFO - __main__ - Overall: 0.54184375 from scores=[0.60765625, 0.0, 0.603515625, 0.91015625, 0.587890625]
11/14/2021 14:02:47 - INFO - __main__ - --------------------------------------------------
11/14/2021 14:02:47 - INFO - __main__ - Start the final evaluation.
11/14/2021 14:02:47 - INFO - __main__ - Nothing here.
11/14/2021 14:02:49 - INFO - __main__ - Model saved to experiments/ckpt_dirs/nli/nonecl/nli_nonecl_T=100,b=64,alpha=0.9,beta=0.5,gamma=0.8_offline=no/model_ckpt_100.pt.
11/14/2021 14:02:49 - INFO - __main__ - Updated result feule: experiments/results/nli/nli_nonecl_T=100,b=64,alpha=0.9,beta=0.5,gamma=0.8_offline=no_result.json at Timecode: 100.
11/14/2021 14:02:49 - INFO - __main__ - Finished. Results saved to experiments/results/nli/nli_nonecl_T=100,b=64,alpha=0.9,beta=0.5,gamma=0.8_offline=no_result.json
