11/08/2021 01:02:31 - INFO - __main__ - Namespace(adam_epsilon=1e-08, adapter_dim=32, append_another_bos=1, base_model_path='out/mrqa_squad_bart-base_1029_upstream_model//best-model.pt', base_model_type='facebook/bart-base', ckpt_dir='experiments/ckpt_dirs/qa/er/QA_er_lr=5e-5_ep=3_rs=64_rf=1_T=100,b=64,alpha=0.9,beta=0.5,gamma=0.8', cl_method_name='er', current_thread_id=None, do_lowercase=False, ewc_gamma=1, ewc_lambda=0.5, example_encoder_name='roberta-base', freeze_embeds=False, gradient_accumulation_steps=1, heldout_submission_data='experiments/eval_data/qa/heldout_eval.jsonl', index_rank_method='most_similar', indexing_args_path='exp_results/supervision_data/1012_dm_simple.train_args.json', indexing_method='bart_index', inference_query_size=1, init_memory_cache_path='na', kg_eval_freq=10, kg_eval_mode='metric', kr_eval_freq=10, kr_eval_mode='metric', learning_rate=5e-05, local_adapt_lr=1e-05, max_grad_norm=0.1, max_input_length=888, max_output_length=50, max_timecode=100, memory_key_encoder='facebook/bart-base', memory_path='experiments/ckpt_dirs/qa/er/QA_er_lr=5e-5_ep=3_rs=64_rf=1_T=100,b=64,alpha=0.9,beta=0.5,gamma=0.8/memory_dict.pkl', memory_store_rate=1.0, mir_abalation_args='none', num_adapt_epochs=0, num_beams=3, num_threads_eval=0, num_train_epochs=3.0, okr_sample_seed=1337, okr_sample_size=512, path_to_thread_result=None, predict_batch_size=48, prefix='QA_er_lr=5e-5_ep=3_rs=64_rf=1_T=100,b=64,alpha=0.9,beta=0.5,gamma=0.8', replay_candidate_size=8, replay_frequency=1, replay_size=64, result_file='experiments/results/qa/QA_er_lr=5e-5_ep=3_rs=64_rf=1_T=100,b=64,alpha=0.9,beta=0.5,gamma=0.8_result.json', save_ckpt_freq=10, seed=42, skip_instant_eval=False, submission_stream_data='experiments/eval_data/qa/submission_stream.T=100,b=64,alpha=0.9,beta=0.5,gamma=0.8.json', task_emb_dim=768, task_name='mrqa', train_batch_size=8, upstream_data_path='data/mrqa_squad/mrqa_squad_train.jsonl', upstream_eval_data='experiments/eval_data/qa/upstream_eval.jsonl', upstream_sample_ratio=0.5, use_mir=False, use_replay_mix=True, use_wandb=True, weight_decay=0.01)
11/08/2021 01:02:32 - INFO - transformers.tokenization_utils - loading file https://s3.amazonaws.com/models.huggingface.co/bert/roberta-large-vocab.json from cache at /private/home/yuchenlin/.cache/torch/transformers/1ae1f5b6e2b22b25ccc04c000bb79ca847aa226d0761536b011cf7e5868f0655.ef00af9e673c7160b4d41cfda1f48c5f4cba57d5142754525572a846a1ab1b9b
11/08/2021 01:02:32 - INFO - transformers.tokenization_utils - loading file https://s3.amazonaws.com/models.huggingface.co/bert/roberta-large-merges.txt from cache at /private/home/yuchenlin/.cache/torch/transformers/f8f83199a6270d582d6245dc100e99c4155de81c9745c6248077018fe01abcfb.70bec105b4158ed9a1747fea67a43f5dee97855c64d62b6ec3742f4cfdb5feda
11/08/2021 01:02:56 - INFO - __main__ - load_data: len(upstream_eval_examples)=512
11/08/2021 01:02:57 - INFO - __main__ - load_data: len(heldout_eval_examples)=1280
11/08/2021 01:03:03 - INFO - __main__ - Loading checkpoint from out/mrqa_squad_bart-base_1029_upstream_model//best-model.pt for facebook/bart-base .....
11/08/2021 01:03:03 - INFO - transformers.configuration_utils - loading configuration file https://s3.amazonaws.com/models.huggingface.co/bert/facebook/bart-base/config.json from cache at /private/home/yuchenlin/.cache/torch/transformers/09f4fcaeaf785dd3b97b085d6e3510c7081f586ec8e75981683c6299c0f81d9d.e8d516ad807436d395effad8c2326786872659b7dd1210827ac67c761198a0eb
11/08/2021 01:03:03 - INFO - transformers.configuration_utils - Model config BartConfig {
  "activation_dropout": 0.1,
  "activation_function": "gelu",
  "add_bias_logits": false,
  "add_final_layer_norm": false,
  "architectures": [
    "BartModel",
    "BartForConditionalGeneration",
    "BartForSequenceClassification"
  ],
  "attention_dropout": 0.1,
  "bos_token_id": 0,
  "classif_dropout": 0.0,
  "d_model": 768,
  "decoder_attention_heads": 12,
  "decoder_ffn_dim": 3072,
  "decoder_layerdrop": 0.0,
  "decoder_layers": 6,
  "decoder_start_token_id": 2,
  "dropout": 0.1,
  "early_stopping": true,
  "encoder_attention_heads": 12,
  "encoder_ffn_dim": 3072,
  "encoder_layerdrop": 0.0,
  "encoder_layers": 6,
  "eos_token_id": 2,
  "id2label": {
    "0": "LABEL_0",
    "1": "LABEL_1",
    "2": "LABEL_2"
  },
  "init_std": 0.02,
  "is_encoder_decoder": true,
  "label2id": {
    "LABEL_0": 0,
    "LABEL_1": 1,
    "LABEL_2": 2
  },
  "max_position_embeddings": 1024,
  "model_type": "bart",
  "no_repeat_ngram_size": 3,
  "normalize_before": false,
  "normalize_embedding": true,
  "num_beams": 4,
  "num_hidden_layers": 6,
  "pad_token_id": 1,
  "scale_embedding": false,
  "static_position_embeddings": false,
  "task_specific_params": {
    "summarization": {
      "length_penalty": 1.0,
      "max_length": 128,
      "min_length": 12,
      "num_beams": 4
    },
    "summarization_cnn": {
      "length_penalty": 2.0,
      "max_length": 142,
      "min_length": 56,
      "num_beams": 4
    },
    "summarization_xsum": {
      "length_penalty": 1.0,
      "max_length": 62,
      "min_length": 11,
      "num_beams": 6
    }
  },
  "vocab_size": 50265
}

11/08/2021 01:03:04 - INFO - transformers.modeling_utils - loading weights file https://cdn.huggingface.co/facebook/bart-base/pytorch_model.bin from cache at /private/home/yuchenlin/.cache/torch/transformers/566c05fb6983817e8ad7a4fa51e3099fe9caa3b31730f964bc5198d71c677523.0a3d95c18c1e434448941bc25accea7b122882be6526fb67c8e8fb6d5ebc711c
11/08/2021 01:03:07 - INFO - __main__ - Loading checkpoint from out/mrqa_squad_bart-base_1029_upstream_model//best-model.pt for facebook/bart-base ..... Done!
11/08/2021 01:03:11 - INFO - __main__ - Moving to the GPUs.
11/08/2021 01:03:11 - INFO - __main__ - Debugger Setup ......
11/08/2021 01:03:11 - INFO - __main__ - debugger_args: Namespace(adam_epsilon=1e-08, ckpt_dir='experiments/ckpt_dirs/qa/er/QA_er_lr=5e-5_ep=3_rs=64_rf=1_T=100,b=64,alpha=0.9,beta=0.5,gamma=0.8', gradient_accumulation_steps=1, inference_query_size=1, init_memory_cache_path='na', kg_eval_freq=10, kg_eval_mode='metric', kr_eval_freq=10, kr_eval_mode='metric', learning_rate=5e-05, local_adapt_lr=1e-05, max_grad_norm=0.1, memory_key_encoder='facebook/bart-base', memory_path='experiments/ckpt_dirs/qa/er/QA_er_lr=5e-5_ep=3_rs=64_rf=1_T=100,b=64,alpha=0.9,beta=0.5,gamma=0.8/memory_dict.pkl', memory_store_rate=1.0, num_adapt_epochs=0, num_epochs=3.0, okr_sample_seed=1337, okr_sample_size=512, replay_candidate_size=8, replay_frequency=1, replay_size=64, save_ckpt_freq=10, skip_instant_eval=False, total_steps=10000, upstream_sample_ratio=0.5, use_replay_mix=True, warmup_steps=0, weight_decay=0.01) ......
11/08/2021 01:03:11 - INFO - __main__ - optimizer & scheduler Setup ...... Done!
11/08/2021 01:03:11 - INFO - __main__ - Debugger Setup ...... Done!
11/08/2021 01:03:11 - INFO - __main__ - Prepare the sampled upstream data as the initial memory for the ER and MIR;
11/08/2021 01:03:11 - INFO - __main__ - Set up the initial memory with 86420 examples.
11/08/2021 01:03:11 - INFO - __main__ - Initial memroy_module size: 0
11/08/2021 01:03:11 - INFO - __main__ - Initial upstream_memroy_module size: 86420
11/08/2021 01:03:11 - INFO - __main__ - Start Online Debugging with Dynamic Error Mode
11/08/2021 01:03:11 - INFO - __main__ - Number of Batches of Data: 100
11/08/2021 01:03:11 - INFO - __main__ - Data Batch Size: 64;
11/08/2021 01:03:13 - INFO - __main__ - Model saved to experiments/ckpt_dirs/qa/er/QA_er_lr=5e-5_ep=3_rs=64_rf=1_T=100,b=64,alpha=0.9,beta=0.5,gamma=0.8/model_ckpt_000.pt.
11/08/2021 01:03:13 - INFO - __main__ - Start eval_knowledge_retention for UKR @ Timecode=0
11/08/2021 01:03:37 - INFO - __main__ - Upstream Knowledge Retation (UKR@0): 0.8027
11/08/2021 01:03:37 - INFO - __main__ - Start eval_knowledge_generalization for KG @ Timecode=0
11/08/2021 01:05:10 - INFO - __main__ - Future Knowledge Generalization (KG@0): 0.3125
11/08/2021 01:05:10 - INFO - __main__ - Evaluating to get errors .... Timecode: 0
11/08/2021 01:05:13 - INFO - __main__ - Before Error Fixing: {'EM': 0.828125, 'QA-F1': 0.8576388888888888}
11/08/2021 01:05:13 - INFO - __main__ - Found 11 errors.
11/08/2021 01:05:13 - INFO - __main__ - Start error-fixing (len(examples_to_train)=11) .... Timecode: 0
11/08/2021 01:05:14 - INFO - __main__ - Start error-fixing .... Done!
11/08/2021 01:05:14 - INFO - __main__ - Saving the current error examples (len=11) to the memory.
11/08/2021 01:05:14 - INFO - __main__ - Current memory size: 0.
11/08/2021 01:05:14 - INFO - __main__ - Save 11 examples to the memory.
11/08/2021 01:05:14 - INFO - __main__ - .................. Done.
11/08/2021 01:05:14 - INFO - __main__ - Overall: 0.8231534090909092 from scores=[0.828125, 0.8181818181818182]
11/08/2021 01:05:17 - INFO - __main__ - Model saved to experiments/ckpt_dirs/qa/er/QA_er_lr=5e-5_ep=3_rs=64_rf=1_T=100,b=64,alpha=0.9,beta=0.5,gamma=0.8/model_ckpt_000.pt.
11/08/2021 01:05:17 - INFO - __main__ - Updated result feule: experiments/results/qa/QA_er_lr=5e-5_ep=3_rs=64_rf=1_T=100,b=64,alpha=0.9,beta=0.5,gamma=0.8_result.json at Timecode: 0.
11/08/2021 01:05:17 - INFO - __main__ - --------------------------------------------------
11/08/2021 01:05:17 - INFO - __main__ - Evaluating to get errors .... Timecode: 1
11/08/2021 01:05:20 - INFO - __main__ - Before Error Fixing: {'EM': 0.8125, 'QA-F1': 0.8364955357142857}
11/08/2021 01:05:20 - INFO - __main__ - Found 12 errors.
11/08/2021 01:05:20 - INFO - __main__ - Triggering Sampling from Memory and starting to replay.
11/08/2021 01:05:20 - INFO - __main__ - Current memroy_module size: 11.
11/08/2021 01:05:20 - INFO - __main__ - Current upstream_memroy_module size: 86420.
11/08/2021 01:05:20 - INFO - __main__ - Memory from upstream_memroy_module = 32; 
11/08/2021 01:05:20 - INFO - __main__ - Memory from memroy_module = 32; 
11/08/2021 01:05:20 - INFO - __main__ - Randomly retrieve from the memory. `query_examples` not used
11/08/2021 01:05:20 - INFO - __main__ - Randomly retrieve from the memory. `query_examples` not used
11/08/2021 01:05:20 - INFO - __main__ - Mixed the retrieved examples (len=43) to the current batch for training.
11/08/2021 01:05:20 - INFO - __main__ - Start error-fixing (len(examples_to_train)=55) .... Timecode: 1
11/08/2021 01:05:24 - INFO - __main__ - Start error-fixing .... Done!
11/08/2021 01:05:24 - INFO - __main__ - Saving the current error examples (len=12) to the memory.
11/08/2021 01:05:24 - INFO - __main__ - Current memory size: 11.
11/08/2021 01:05:24 - INFO - __main__ - Save 12 examples to the memory.
11/08/2021 01:05:24 - INFO - __main__ - .................. Done.
11/08/2021 01:05:25 - INFO - __main__ - Overall: 0.91015625 from scores=[0.8203125, 1.0]
11/08/2021 01:05:25 - INFO - __main__ - --------------------------------------------------
11/08/2021 01:05:25 - INFO - __main__ - Evaluating to get errors .... Timecode: 2
11/08/2021 01:05:29 - INFO - __main__ - Before Error Fixing: {'EM': 0.828125, 'QA-F1': 0.8766540750915751}
11/08/2021 01:05:29 - INFO - __main__ - Found 11 errors.
11/08/2021 01:05:29 - INFO - __main__ - Triggering Sampling from Memory and starting to replay.
11/08/2021 01:05:29 - INFO - __main__ - Current memroy_module size: 23.
11/08/2021 01:05:29 - INFO - __main__ - Current upstream_memroy_module size: 86420.
11/08/2021 01:05:29 - INFO - __main__ - Memory from upstream_memroy_module = 32; 
11/08/2021 01:05:29 - INFO - __main__ - Memory from memroy_module = 32; 
11/08/2021 01:05:29 - INFO - __main__ - Randomly retrieve from the memory. `query_examples` not used
11/08/2021 01:05:29 - INFO - __main__ - Randomly retrieve from the memory. `query_examples` not used
11/08/2021 01:05:29 - INFO - __main__ - Mixed the retrieved examples (len=55) to the current batch for training.
11/08/2021 01:05:29 - INFO - __main__ - Start error-fixing (len(examples_to_train)=66) .... Timecode: 2
11/08/2021 01:05:33 - INFO - __main__ - Start error-fixing .... Done!
11/08/2021 01:05:33 - INFO - __main__ - Saving the current error examples (len=11) to the memory.
11/08/2021 01:05:33 - INFO - __main__ - Current memory size: 23.
11/08/2021 01:05:33 - INFO - __main__ - Save 11 examples to the memory.
11/08/2021 01:05:33 - INFO - __main__ - .................. Done.
11/08/2021 01:05:34 - INFO - __main__ - Overall: 0.9114583333333333 from scores=[0.8229166666666666, 1.0]
11/08/2021 01:05:34 - INFO - __main__ - --------------------------------------------------
11/08/2021 01:05:34 - INFO - __main__ - Evaluating to get errors .... Timecode: 3
11/08/2021 01:05:38 - INFO - __main__ - Before Error Fixing: {'EM': 0.625, 'QA-F1': 0.6759706439393939}
11/08/2021 01:05:38 - INFO - __main__ - Found 24 errors.
11/08/2021 01:05:38 - INFO - __main__ - Triggering Sampling from Memory and starting to replay.
11/08/2021 01:05:38 - INFO - __main__ - Current memroy_module size: 34.
11/08/2021 01:05:38 - INFO - __main__ - Current upstream_memroy_module size: 86420.
11/08/2021 01:05:38 - INFO - __main__ - Memory from upstream_memroy_module = 32; 
11/08/2021 01:05:38 - INFO - __main__ - Memory from memroy_module = 32; 
11/08/2021 01:05:38 - INFO - __main__ - Randomly retrieve from the memory. `query_examples` not used
11/08/2021 01:05:38 - INFO - __main__ - Randomly retrieve from the memory. `query_examples` not used
11/08/2021 01:05:38 - INFO - __main__ - Mixed the retrieved examples (len=64) to the current batch for training.
11/08/2021 01:05:38 - INFO - __main__ - Start error-fixing (len(examples_to_train)=88) .... Timecode: 3
11/08/2021 01:05:47 - INFO - __main__ - Start error-fixing .... Done!
11/08/2021 01:05:47 - INFO - __main__ - Saving the current error examples (len=24) to the memory.
11/08/2021 01:05:47 - INFO - __main__ - Current memory size: 34.
11/08/2021 01:05:47 - INFO - __main__ - Save 24 examples to the memory.
11/08/2021 01:05:47 - INFO - __main__ - .................. Done.
11/08/2021 01:05:49 - INFO - __main__ - Overall: 0.8450520833333333 from scores=[0.7734375, 0.9166666666666666]
11/08/2021 01:05:49 - INFO - __main__ - --------------------------------------------------
11/08/2021 01:05:49 - INFO - __main__ - Evaluating to get errors .... Timecode: 4
11/08/2021 01:05:51 - INFO - __main__ - Before Error Fixing: {'EM': 0.640625, 'QA-F1': 0.7048137626262627}
11/08/2021 01:05:51 - INFO - __main__ - Found 23 errors.
11/08/2021 01:05:52 - INFO - __main__ - Triggering Sampling from Memory and starting to replay.
11/08/2021 01:05:52 - INFO - __main__ - Current memroy_module size: 58.
11/08/2021 01:05:52 - INFO - __main__ - Current upstream_memroy_module size: 86420.
11/08/2021 01:05:52 - INFO - __main__ - Memory from upstream_memroy_module = 32; 
11/08/2021 01:05:52 - INFO - __main__ - Memory from memroy_module = 32; 
11/08/2021 01:05:52 - INFO - __main__ - Randomly retrieve from the memory. `query_examples` not used
11/08/2021 01:05:52 - INFO - __main__ - Randomly retrieve from the memory. `query_examples` not used
11/08/2021 01:05:52 - INFO - __main__ - Mixed the retrieved examples (len=64) to the current batch for training.
11/08/2021 01:05:52 - INFO - __main__ - Start error-fixing (len(examples_to_train)=87) .... Timecode: 4
11/08/2021 01:05:59 - INFO - __main__ - Start error-fixing .... Done!
11/08/2021 01:05:59 - INFO - __main__ - Saving the current error examples (len=23) to the memory.
11/08/2021 01:05:59 - INFO - __main__ - Current memory size: 58.
11/08/2021 01:05:59 - INFO - __main__ - Save 23 examples to the memory.
11/08/2021 01:05:59 - INFO - __main__ - .................. Done.
11/08/2021 01:06:01 - INFO - __main__ - Overall: 0.8516983695652174 from scores=[0.746875, 0.9565217391304348]
11/08/2021 01:06:01 - INFO - __main__ - --------------------------------------------------
11/08/2021 01:06:01 - INFO - __main__ - Evaluating to get errors .... Timecode: 5
11/08/2021 01:06:04 - INFO - __main__ - Before Error Fixing: {'EM': 0.59375, 'QA-F1': 0.6739020942825291}
11/08/2021 01:06:04 - INFO - __main__ - Found 26 errors.
11/08/2021 01:06:04 - INFO - __main__ - Triggering Sampling from Memory and starting to replay.
11/08/2021 01:06:04 - INFO - __main__ - Current memroy_module size: 81.
11/08/2021 01:06:04 - INFO - __main__ - Current upstream_memroy_module size: 86420.
11/08/2021 01:06:04 - INFO - __main__ - Memory from upstream_memroy_module = 32; 
11/08/2021 01:06:04 - INFO - __main__ - Memory from memroy_module = 32; 
11/08/2021 01:06:04 - INFO - __main__ - Randomly retrieve from the memory. `query_examples` not used
11/08/2021 01:06:04 - INFO - __main__ - Randomly retrieve from the memory. `query_examples` not used
11/08/2021 01:06:04 - INFO - __main__ - Mixed the retrieved examples (len=64) to the current batch for training.
11/08/2021 01:06:04 - INFO - __main__ - Start error-fixing (len(examples_to_train)=90) .... Timecode: 5
11/08/2021 01:06:13 - INFO - __main__ - Start error-fixing .... Done!
11/08/2021 01:06:13 - INFO - __main__ - Saving the current error examples (len=26) to the memory.
11/08/2021 01:06:13 - INFO - __main__ - Current memory size: 81.
11/08/2021 01:06:13 - INFO - __main__ - Save 26 examples to the memory.
11/08/2021 01:06:13 - INFO - __main__ - .................. Done.
11/08/2021 01:06:15 - INFO - __main__ - Overall: 0.8606770833333334 from scores=[0.7213541666666667, 1.0]
11/08/2021 01:06:15 - INFO - __main__ - --------------------------------------------------
11/08/2021 01:06:15 - INFO - __main__ - Evaluating to get errors .... Timecode: 6
11/08/2021 01:06:18 - INFO - __main__ - Before Error Fixing: {'EM': 0.578125, 'QA-F1': 0.6882111378205128}
11/08/2021 01:06:18 - INFO - __main__ - Found 27 errors.
11/08/2021 01:06:18 - INFO - __main__ - Triggering Sampling from Memory and starting to replay.
11/08/2021 01:06:18 - INFO - __main__ - Current memroy_module size: 107.
11/08/2021 01:06:18 - INFO - __main__ - Current upstream_memroy_module size: 86420.
11/08/2021 01:06:18 - INFO - __main__ - Memory from upstream_memroy_module = 32; 
11/08/2021 01:06:18 - INFO - __main__ - Memory from memroy_module = 32; 
11/08/2021 01:06:18 - INFO - __main__ - Randomly retrieve from the memory. `query_examples` not used
11/08/2021 01:06:18 - INFO - __main__ - Randomly retrieve from the memory. `query_examples` not used
11/08/2021 01:06:18 - INFO - __main__ - Mixed the retrieved examples (len=64) to the current batch for training.
11/08/2021 01:06:18 - INFO - __main__ - Start error-fixing (len(examples_to_train)=91) .... Timecode: 6
11/08/2021 01:06:25 - INFO - __main__ - Start error-fixing .... Done!
11/08/2021 01:06:25 - INFO - __main__ - Saving the current error examples (len=27) to the memory.
11/08/2021 01:06:25 - INFO - __main__ - Current memory size: 107.
11/08/2021 01:06:25 - INFO - __main__ - Save 27 examples to the memory.
11/08/2021 01:06:25 - INFO - __main__ - .................. Done.
11/08/2021 01:06:28 - INFO - __main__ - Overall: 0.7763723544973545 from scores=[0.7008928571428572, 0.8518518518518519]
11/08/2021 01:06:28 - INFO - __main__ - --------------------------------------------------
11/08/2021 01:06:28 - INFO - __main__ - Evaluating to get errors .... Timecode: 7
11/08/2021 01:06:33 - INFO - __main__ - Before Error Fixing: {'EM': 0.5625, 'QA-F1': 0.6162337662337662}
11/08/2021 01:06:33 - INFO - __main__ - Found 28 errors.
11/08/2021 01:06:33 - INFO - __main__ - Triggering Sampling from Memory and starting to replay.
11/08/2021 01:06:33 - INFO - __main__ - Current memroy_module size: 134.
11/08/2021 01:06:33 - INFO - __main__ - Current upstream_memroy_module size: 86420.
11/08/2021 01:06:33 - INFO - __main__ - Memory from upstream_memroy_module = 32; 
11/08/2021 01:06:33 - INFO - __main__ - Memory from memroy_module = 32; 
11/08/2021 01:06:33 - INFO - __main__ - Randomly retrieve from the memory. `query_examples` not used
11/08/2021 01:06:33 - INFO - __main__ - Randomly retrieve from the memory. `query_examples` not used
11/08/2021 01:06:33 - INFO - __main__ - Mixed the retrieved examples (len=64) to the current batch for training.
11/08/2021 01:06:33 - INFO - __main__ - Start error-fixing (len(examples_to_train)=92) .... Timecode: 7
11/08/2021 01:06:42 - INFO - __main__ - Start error-fixing .... Done!
11/08/2021 01:06:42 - INFO - __main__ - Saving the current error examples (len=28) to the memory.
11/08/2021 01:06:42 - INFO - __main__ - Current memory size: 134.
11/08/2021 01:06:42 - INFO - __main__ - Save 28 examples to the memory.
11/08/2021 01:06:42 - INFO - __main__ - .................. Done.
11/08/2021 01:06:43 - INFO - __main__ - Overall: 0.7882254464285714 from scores=[0.68359375, 0.8928571428571429]
11/08/2021 01:06:43 - INFO - __main__ - --------------------------------------------------
11/08/2021 01:06:43 - INFO - __main__ - Evaluating to get errors .... Timecode: 8
11/08/2021 01:06:47 - INFO - __main__ - Before Error Fixing: {'EM': 0.578125, 'QA-F1': 0.6440848214285715}
11/08/2021 01:06:47 - INFO - __main__ - Found 27 errors.
11/08/2021 01:06:47 - INFO - __main__ - Triggering Sampling from Memory and starting to replay.
11/08/2021 01:06:47 - INFO - __main__ - Current memroy_module size: 162.
11/08/2021 01:06:47 - INFO - __main__ - Current upstream_memroy_module size: 86420.
11/08/2021 01:06:47 - INFO - __main__ - Memory from upstream_memroy_module = 32; 
11/08/2021 01:06:47 - INFO - __main__ - Memory from memroy_module = 32; 
11/08/2021 01:06:47 - INFO - __main__ - Randomly retrieve from the memory. `query_examples` not used
11/08/2021 01:06:47 - INFO - __main__ - Randomly retrieve from the memory. `query_examples` not used
11/08/2021 01:06:47 - INFO - __main__ - Mixed the retrieved examples (len=64) to the current batch for training.
11/08/2021 01:06:47 - INFO - __main__ - Start error-fixing (len(examples_to_train)=91) .... Timecode: 8
11/08/2021 01:06:56 - INFO - __main__ - Start error-fixing .... Done!
11/08/2021 01:06:56 - INFO - __main__ - Saving the current error examples (len=27) to the memory.
11/08/2021 01:06:56 - INFO - __main__ - Current memory size: 162.
11/08/2021 01:06:56 - INFO - __main__ - Save 27 examples to the memory.
11/08/2021 01:06:56 - INFO - __main__ - .................. Done.
11/08/2021 01:06:58 - INFO - __main__ - Overall: 0.7618634259259259 from scores=[0.671875, 0.8518518518518519]
11/08/2021 01:06:58 - INFO - __main__ - --------------------------------------------------
11/08/2021 01:06:58 - INFO - __main__ - Evaluating to get errors .... Timecode: 9
11/08/2021 01:07:02 - INFO - __main__ - Before Error Fixing: {'EM': 0.578125, 'QA-F1': 0.6693709935897436}
11/08/2021 01:07:02 - INFO - __main__ - Found 27 errors.
11/08/2021 01:07:02 - INFO - __main__ - Triggering Sampling from Memory and starting to replay.
11/08/2021 01:07:02 - INFO - __main__ - Current memroy_module size: 189.
11/08/2021 01:07:02 - INFO - __main__ - Current upstream_memroy_module size: 86420.
11/08/2021 01:07:02 - INFO - __main__ - Memory from upstream_memroy_module = 32; 
11/08/2021 01:07:02 - INFO - __main__ - Memory from memroy_module = 32; 
11/08/2021 01:07:02 - INFO - __main__ - Randomly retrieve from the memory. `query_examples` not used
11/08/2021 01:07:02 - INFO - __main__ - Randomly retrieve from the memory. `query_examples` not used
11/08/2021 01:07:02 - INFO - __main__ - Mixed the retrieved examples (len=64) to the current batch for training.
11/08/2021 01:07:02 - INFO - __main__ - Start error-fixing (len(examples_to_train)=91) .... Timecode: 9
11/08/2021 01:07:14 - INFO - __main__ - Start error-fixing .... Done!
11/08/2021 01:07:14 - INFO - __main__ - Saving the current error examples (len=27) to the memory.
11/08/2021 01:07:14 - INFO - __main__ - Current memory size: 189.
11/08/2021 01:07:14 - INFO - __main__ - Save 27 examples to the memory.
11/08/2021 01:07:14 - INFO - __main__ - .................. Done.
11/08/2021 01:07:16 - INFO - __main__ - Overall: 0.7756944444444445 from scores=[0.6625, 0.8888888888888888]
11/08/2021 01:07:16 - INFO - __main__ - --------------------------------------------------
11/08/2021 01:07:16 - INFO - __main__ - Start eval_knowledge_retention for UKR @ Timecode=10
11/08/2021 01:07:39 - INFO - __main__ - Upstream Knowledge Retation (UKR@10): 0.7891
11/08/2021 01:07:40 - INFO - __main__ - Start eval_knowledge_retention for OKR @ Timecode=10
11/08/2021 01:08:11 - INFO - __main__ - Online Knowledge Retation (OKR@10): 0.8965
11/08/2021 01:08:11 - INFO - __main__ - Start eval_knowledge_generalization for KG @ Timecode=10
11/08/2021 01:09:17 - INFO - __main__ - Future Knowledge Generalization (KG@10): 0.4484
11/08/2021 01:09:17 - INFO - __main__ - Evaluating to get errors .... Timecode: 10
11/08/2021 01:09:21 - INFO - __main__ - Before Error Fixing: {'EM': 0.578125, 'QA-F1': 0.6672743055555556}
11/08/2021 01:09:21 - INFO - __main__ - Found 27 errors.
11/08/2021 01:09:21 - INFO - __main__ - Triggering Sampling from Memory and starting to replay.
11/08/2021 01:09:21 - INFO - __main__ - Current memroy_module size: 216.
11/08/2021 01:09:21 - INFO - __main__ - Current upstream_memroy_module size: 86420.
11/08/2021 01:09:21 - INFO - __main__ - Memory from upstream_memroy_module = 32; 
11/08/2021 01:09:21 - INFO - __main__ - Memory from memroy_module = 32; 
11/08/2021 01:09:21 - INFO - __main__ - Randomly retrieve from the memory. `query_examples` not used
11/08/2021 01:09:21 - INFO - __main__ - Randomly retrieve from the memory. `query_examples` not used
11/08/2021 01:09:21 - INFO - __main__ - Mixed the retrieved examples (len=64) to the current batch for training.
11/08/2021 01:09:21 - INFO - __main__ - Start error-fixing (len(examples_to_train)=91) .... Timecode: 10
11/08/2021 01:09:33 - INFO - __main__ - Start error-fixing .... Done!
11/08/2021 01:09:33 - INFO - __main__ - Saving the current error examples (len=27) to the memory.
11/08/2021 01:09:33 - INFO - __main__ - Current memory size: 216.
11/08/2021 01:09:33 - INFO - __main__ - Save 27 examples to the memory.
11/08/2021 01:09:33 - INFO - __main__ - .................. Done.
11/08/2021 01:09:34 - INFO - __main__ - Overall: 0.7281331544612794 from scores=[0.6548295454545454, 0.8518518518518519, 0.896484375, 0.7890625, 0.4484375]
11/08/2021 01:09:36 - INFO - __main__ - Model saved to experiments/ckpt_dirs/qa/er/QA_er_lr=5e-5_ep=3_rs=64_rf=1_T=100,b=64,alpha=0.9,beta=0.5,gamma=0.8/model_ckpt_010.pt.
11/08/2021 01:09:36 - INFO - __main__ - Updated result feule: experiments/results/qa/QA_er_lr=5e-5_ep=3_rs=64_rf=1_T=100,b=64,alpha=0.9,beta=0.5,gamma=0.8_result.json at Timecode: 10.
11/08/2021 01:09:36 - INFO - __main__ - --------------------------------------------------
11/08/2021 01:09:36 - INFO - __main__ - Evaluating to get errors .... Timecode: 11
11/08/2021 01:09:40 - INFO - __main__ - Before Error Fixing: {'EM': 0.640625, 'QA-F1': 0.6847085385878489}
11/08/2021 01:09:40 - INFO - __main__ - Found 23 errors.
11/08/2021 01:09:40 - INFO - __main__ - Triggering Sampling from Memory and starting to replay.
11/08/2021 01:09:40 - INFO - __main__ - Current memroy_module size: 243.
11/08/2021 01:09:40 - INFO - __main__ - Current upstream_memroy_module size: 86420.
11/08/2021 01:09:40 - INFO - __main__ - Memory from upstream_memroy_module = 32; 
11/08/2021 01:09:40 - INFO - __main__ - Memory from memroy_module = 32; 
11/08/2021 01:09:40 - INFO - __main__ - Randomly retrieve from the memory. `query_examples` not used
11/08/2021 01:09:40 - INFO - __main__ - Randomly retrieve from the memory. `query_examples` not used
11/08/2021 01:09:40 - INFO - __main__ - Mixed the retrieved examples (len=64) to the current batch for training.
11/08/2021 01:09:40 - INFO - __main__ - Start error-fixing (len(examples_to_train)=87) .... Timecode: 11
11/08/2021 01:09:50 - INFO - __main__ - Start error-fixing .... Done!
11/08/2021 01:09:50 - INFO - __main__ - Saving the current error examples (len=23) to the memory.
11/08/2021 01:09:50 - INFO - __main__ - Current memory size: 243.
11/08/2021 01:09:50 - INFO - __main__ - Save 23 examples to the memory.
11/08/2021 01:09:50 - INFO - __main__ - .................. Done.
11/08/2021 01:09:52 - INFO - __main__ - Overall: 0.7488303894927536 from scores=[0.6536458333333333, 0.9565217391304348, 0.896484375, 0.7890625, 0.4484375]
11/08/2021 01:09:52 - INFO - __main__ - --------------------------------------------------
11/08/2021 01:09:52 - INFO - __main__ - Evaluating to get errors .... Timecode: 12
11/08/2021 01:09:56 - INFO - __main__ - Before Error Fixing: {'EM': 0.53125, 'QA-F1': 0.6291473238019291}
11/08/2021 01:09:56 - INFO - __main__ - Found 30 errors.
11/08/2021 01:09:56 - INFO - __main__ - Triggering Sampling from Memory and starting to replay.
11/08/2021 01:09:56 - INFO - __main__ - Current memroy_module size: 266.
11/08/2021 01:09:56 - INFO - __main__ - Current upstream_memroy_module size: 86420.
11/08/2021 01:09:56 - INFO - __main__ - Memory from upstream_memroy_module = 32; 
11/08/2021 01:09:56 - INFO - __main__ - Memory from memroy_module = 32; 
11/08/2021 01:09:56 - INFO - __main__ - Randomly retrieve from the memory. `query_examples` not used
11/08/2021 01:09:56 - INFO - __main__ - Randomly retrieve from the memory. `query_examples` not used
11/08/2021 01:09:56 - INFO - __main__ - Mixed the retrieved examples (len=64) to the current batch for training.
11/08/2021 01:09:56 - INFO - __main__ - Start error-fixing (len(examples_to_train)=94) .... Timecode: 12
11/08/2021 01:10:06 - INFO - __main__ - Start error-fixing .... Done!
11/08/2021 01:10:06 - INFO - __main__ - Saving the current error examples (len=30) to the memory.
11/08/2021 01:10:06 - INFO - __main__ - Current memory size: 266.
11/08/2021 01:10:06 - INFO - __main__ - Save 30 examples to the memory.
11/08/2021 01:10:06 - INFO - __main__ - .................. Done.
11/08/2021 01:10:09 - INFO - __main__ - Overall: 0.7489763621794872 from scores=[0.6442307692307692, 0.9666666666666667, 0.896484375, 0.7890625, 0.4484375]
11/08/2021 01:10:09 - INFO - __main__ - --------------------------------------------------
11/08/2021 01:10:09 - INFO - __main__ - Evaluating to get errors .... Timecode: 13
11/08/2021 01:10:13 - INFO - __main__ - Before Error Fixing: {'EM': 0.515625, 'QA-F1': 0.6330354377229377}
11/08/2021 01:10:13 - INFO - __main__ - Found 31 errors.
11/08/2021 01:10:13 - INFO - __main__ - Triggering Sampling from Memory and starting to replay.
11/08/2021 01:10:13 - INFO - __main__ - Current memroy_module size: 296.
11/08/2021 01:10:13 - INFO - __main__ - Current upstream_memroy_module size: 86420.
11/08/2021 01:10:13 - INFO - __main__ - Memory from upstream_memroy_module = 32; 
11/08/2021 01:10:13 - INFO - __main__ - Memory from memroy_module = 32; 
11/08/2021 01:10:13 - INFO - __main__ - Randomly retrieve from the memory. `query_examples` not used
11/08/2021 01:10:13 - INFO - __main__ - Randomly retrieve from the memory. `query_examples` not used
11/08/2021 01:10:13 - INFO - __main__ - Mixed the retrieved examples (len=64) to the current batch for training.
11/08/2021 01:10:13 - INFO - __main__ - Start error-fixing (len(examples_to_train)=95) .... Timecode: 13
