11/08/2021 01:02:29 - INFO - __main__ - Namespace(adam_epsilon=1e-08, adapter_dim=32, append_another_bos=1, base_model_path='out/mrqa_squad_bart-base_1029_upstream_model//best-model.pt', base_model_type='facebook/bart-base', ckpt_dir='experiments/ckpt_dirs/qa/er/QA_er_lr=5e-5_ep=10_rs=32_rf=1_T=100,b=64,alpha=0.9,beta=0.5,gamma=0.8', cl_method_name='er', current_thread_id=None, do_lowercase=False, ewc_gamma=1, ewc_lambda=0.5, example_encoder_name='roberta-base', freeze_embeds=False, gradient_accumulation_steps=1, heldout_submission_data='experiments/eval_data/qa/heldout_eval.jsonl', index_rank_method='most_similar', indexing_args_path='exp_results/supervision_data/1012_dm_simple.train_args.json', indexing_method='bart_index', inference_query_size=1, init_memory_cache_path='na', kg_eval_freq=10, kg_eval_mode='metric', kr_eval_freq=10, kr_eval_mode='metric', learning_rate=5e-05, local_adapt_lr=1e-05, max_grad_norm=0.1, max_input_length=888, max_output_length=50, max_timecode=100, memory_key_encoder='facebook/bart-base', memory_path='experiments/ckpt_dirs/qa/er/QA_er_lr=5e-5_ep=10_rs=32_rf=1_T=100,b=64,alpha=0.9,beta=0.5,gamma=0.8/memory_dict.pkl', memory_store_rate=1.0, mir_abalation_args='none', num_adapt_epochs=0, num_beams=3, num_threads_eval=0, num_train_epochs=10.0, okr_sample_seed=1337, okr_sample_size=512, path_to_thread_result=None, predict_batch_size=48, prefix='QA_er_lr=5e-5_ep=10_rs=32_rf=1_T=100,b=64,alpha=0.9,beta=0.5,gamma=0.8', replay_candidate_size=8, replay_frequency=1, replay_size=32, result_file='experiments/results/qa/QA_er_lr=5e-5_ep=10_rs=32_rf=1_T=100,b=64,alpha=0.9,beta=0.5,gamma=0.8_result.json', save_ckpt_freq=10, seed=42, skip_instant_eval=False, submission_stream_data='experiments/eval_data/qa/submission_stream.T=100,b=64,alpha=0.9,beta=0.5,gamma=0.8.json', task_emb_dim=768, task_name='mrqa', train_batch_size=8, upstream_data_path='data/mrqa_squad/mrqa_squad_train.jsonl', upstream_eval_data='experiments/eval_data/qa/upstream_eval.jsonl', upstream_sample_ratio=0.5, use_mir=False, use_replay_mix=True, use_wandb=True, weight_decay=0.01)
11/08/2021 01:02:30 - INFO - transformers.tokenization_utils - loading file https://s3.amazonaws.com/models.huggingface.co/bert/roberta-large-vocab.json from cache at /private/home/yuchenlin/.cache/torch/transformers/1ae1f5b6e2b22b25ccc04c000bb79ca847aa226d0761536b011cf7e5868f0655.ef00af9e673c7160b4d41cfda1f48c5f4cba57d5142754525572a846a1ab1b9b
11/08/2021 01:02:30 - INFO - transformers.tokenization_utils - loading file https://s3.amazonaws.com/models.huggingface.co/bert/roberta-large-merges.txt from cache at /private/home/yuchenlin/.cache/torch/transformers/f8f83199a6270d582d6245dc100e99c4155de81c9745c6248077018fe01abcfb.70bec105b4158ed9a1747fea67a43f5dee97855c64d62b6ec3742f4cfdb5feda
11/08/2021 01:02:54 - INFO - __main__ - load_data: len(upstream_eval_examples)=512
11/08/2021 01:02:55 - INFO - __main__ - load_data: len(heldout_eval_examples)=1280
11/08/2021 01:03:01 - INFO - __main__ - Loading checkpoint from out/mrqa_squad_bart-base_1029_upstream_model//best-model.pt for facebook/bart-base .....
11/08/2021 01:03:01 - INFO - transformers.configuration_utils - loading configuration file https://s3.amazonaws.com/models.huggingface.co/bert/facebook/bart-base/config.json from cache at /private/home/yuchenlin/.cache/torch/transformers/09f4fcaeaf785dd3b97b085d6e3510c7081f586ec8e75981683c6299c0f81d9d.e8d516ad807436d395effad8c2326786872659b7dd1210827ac67c761198a0eb
11/08/2021 01:03:01 - INFO - transformers.configuration_utils - Model config BartConfig {
  "activation_dropout": 0.1,
  "activation_function": "gelu",
  "add_bias_logits": false,
  "add_final_layer_norm": false,
  "architectures": [
    "BartModel",
    "BartForConditionalGeneration",
    "BartForSequenceClassification"
  ],
  "attention_dropout": 0.1,
  "bos_token_id": 0,
  "classif_dropout": 0.0,
  "d_model": 768,
  "decoder_attention_heads": 12,
  "decoder_ffn_dim": 3072,
  "decoder_layerdrop": 0.0,
  "decoder_layers": 6,
  "decoder_start_token_id": 2,
  "dropout": 0.1,
  "early_stopping": true,
  "encoder_attention_heads": 12,
  "encoder_ffn_dim": 3072,
  "encoder_layerdrop": 0.0,
  "encoder_layers": 6,
  "eos_token_id": 2,
  "id2label": {
    "0": "LABEL_0",
    "1": "LABEL_1",
    "2": "LABEL_2"
  },
  "init_std": 0.02,
  "is_encoder_decoder": true,
  "label2id": {
    "LABEL_0": 0,
    "LABEL_1": 1,
    "LABEL_2": 2
  },
  "max_position_embeddings": 1024,
  "model_type": "bart",
  "no_repeat_ngram_size": 3,
  "normalize_before": false,
  "normalize_embedding": true,
  "num_beams": 4,
  "num_hidden_layers": 6,
  "pad_token_id": 1,
  "scale_embedding": false,
  "static_position_embeddings": false,
  "task_specific_params": {
    "summarization": {
      "length_penalty": 1.0,
      "max_length": 128,
      "min_length": 12,
      "num_beams": 4
    },
    "summarization_cnn": {
      "length_penalty": 2.0,
      "max_length": 142,
      "min_length": 56,
      "num_beams": 4
    },
    "summarization_xsum": {
      "length_penalty": 1.0,
      "max_length": 62,
      "min_length": 11,
      "num_beams": 6
    }
  },
  "vocab_size": 50265
}

11/08/2021 01:03:01 - INFO - transformers.modeling_utils - loading weights file https://cdn.huggingface.co/facebook/bart-base/pytorch_model.bin from cache at /private/home/yuchenlin/.cache/torch/transformers/566c05fb6983817e8ad7a4fa51e3099fe9caa3b31730f964bc5198d71c677523.0a3d95c18c1e434448941bc25accea7b122882be6526fb67c8e8fb6d5ebc711c
11/08/2021 01:03:05 - INFO - __main__ - Loading checkpoint from out/mrqa_squad_bart-base_1029_upstream_model//best-model.pt for facebook/bart-base ..... Done!
11/08/2021 01:03:09 - INFO - __main__ - Moving to the GPUs.
11/08/2021 01:03:09 - INFO - __main__ - Debugger Setup ......
11/08/2021 01:03:09 - INFO - __main__ - debugger_args: Namespace(adam_epsilon=1e-08, ckpt_dir='experiments/ckpt_dirs/qa/er/QA_er_lr=5e-5_ep=10_rs=32_rf=1_T=100,b=64,alpha=0.9,beta=0.5,gamma=0.8', gradient_accumulation_steps=1, inference_query_size=1, init_memory_cache_path='na', kg_eval_freq=10, kg_eval_mode='metric', kr_eval_freq=10, kr_eval_mode='metric', learning_rate=5e-05, local_adapt_lr=1e-05, max_grad_norm=0.1, memory_key_encoder='facebook/bart-base', memory_path='experiments/ckpt_dirs/qa/er/QA_er_lr=5e-5_ep=10_rs=32_rf=1_T=100,b=64,alpha=0.9,beta=0.5,gamma=0.8/memory_dict.pkl', memory_store_rate=1.0, num_adapt_epochs=0, num_epochs=10.0, okr_sample_seed=1337, okr_sample_size=512, replay_candidate_size=8, replay_frequency=1, replay_size=32, save_ckpt_freq=10, skip_instant_eval=False, total_steps=10000, upstream_sample_ratio=0.5, use_replay_mix=True, warmup_steps=0, weight_decay=0.01) ......
11/08/2021 01:03:09 - INFO - __main__ - optimizer & scheduler Setup ...... Done!
11/08/2021 01:03:09 - INFO - __main__ - Debugger Setup ...... Done!
11/08/2021 01:03:09 - INFO - __main__ - Prepare the sampled upstream data as the initial memory for the ER and MIR;
11/08/2021 01:03:09 - INFO - __main__ - Set up the initial memory with 86420 examples.
11/08/2021 01:03:09 - INFO - __main__ - Initial memroy_module size: 0
11/08/2021 01:03:09 - INFO - __main__ - Initial upstream_memroy_module size: 86420
11/08/2021 01:03:09 - INFO - __main__ - Start Online Debugging with Dynamic Error Mode
11/08/2021 01:03:09 - INFO - __main__ - Number of Batches of Data: 100
11/08/2021 01:03:09 - INFO - __main__ - Data Batch Size: 64;
11/08/2021 01:03:11 - INFO - __main__ - Model saved to experiments/ckpt_dirs/qa/er/QA_er_lr=5e-5_ep=10_rs=32_rf=1_T=100,b=64,alpha=0.9,beta=0.5,gamma=0.8/model_ckpt_000.pt.
11/08/2021 01:03:11 - INFO - __main__ - Start eval_knowledge_retention for UKR @ Timecode=0
11/08/2021 01:03:36 - INFO - __main__ - Upstream Knowledge Retation (UKR@0): 0.8027
11/08/2021 01:03:36 - INFO - __main__ - Start eval_knowledge_generalization for KG @ Timecode=0
11/08/2021 01:05:09 - INFO - __main__ - Future Knowledge Generalization (KG@0): 0.3125
11/08/2021 01:05:09 - INFO - __main__ - Evaluating to get errors .... Timecode: 0
11/08/2021 01:05:12 - INFO - __main__ - Before Error Fixing: {'EM': 0.828125, 'QA-F1': 0.8576388888888888}
11/08/2021 01:05:12 - INFO - __main__ - Found 11 errors.
11/08/2021 01:05:12 - INFO - __main__ - Start error-fixing (len(examples_to_train)=11) .... Timecode: 0
11/08/2021 01:05:15 - INFO - __main__ - Start error-fixing .... Done!
11/08/2021 01:05:15 - INFO - __main__ - Saving the current error examples (len=11) to the memory.
11/08/2021 01:05:15 - INFO - __main__ - Current memory size: 0.
11/08/2021 01:05:15 - INFO - __main__ - Save 11 examples to the memory.
11/08/2021 01:05:15 - INFO - __main__ - .................. Done.
11/08/2021 01:05:16 - INFO - __main__ - Overall: 0.9140625 from scores=[0.828125, 1.0]
11/08/2021 01:05:18 - INFO - __main__ - Model saved to experiments/ckpt_dirs/qa/er/QA_er_lr=5e-5_ep=10_rs=32_rf=1_T=100,b=64,alpha=0.9,beta=0.5,gamma=0.8/model_ckpt_000.pt.
11/08/2021 01:05:18 - INFO - __main__ - Updated result feule: experiments/results/qa/QA_er_lr=5e-5_ep=10_rs=32_rf=1_T=100,b=64,alpha=0.9,beta=0.5,gamma=0.8_result.json at Timecode: 0.
11/08/2021 01:05:18 - INFO - __main__ - --------------------------------------------------
11/08/2021 01:05:18 - INFO - __main__ - Evaluating to get errors .... Timecode: 1
11/08/2021 01:05:22 - INFO - __main__ - Before Error Fixing: {'EM': 0.734375, 'QA-F1': 0.7774959415584415}
11/08/2021 01:05:22 - INFO - __main__ - Found 17 errors.
11/08/2021 01:05:22 - INFO - __main__ - Triggering Sampling from Memory and starting to replay.
11/08/2021 01:05:22 - INFO - __main__ - Current memroy_module size: 11.
11/08/2021 01:05:22 - INFO - __main__ - Current upstream_memroy_module size: 86420.
11/08/2021 01:05:22 - INFO - __main__ - Memory from upstream_memroy_module = 16; 
11/08/2021 01:05:22 - INFO - __main__ - Memory from memroy_module = 16; 
11/08/2021 01:05:22 - INFO - __main__ - Randomly retrieve from the memory. `query_examples` not used
11/08/2021 01:05:22 - INFO - __main__ - Randomly retrieve from the memory. `query_examples` not used
11/08/2021 01:05:22 - INFO - __main__ - Mixed the retrieved examples (len=27) to the current batch for training.
11/08/2021 01:05:22 - INFO - __main__ - Start error-fixing (len(examples_to_train)=44) .... Timecode: 1
11/08/2021 01:05:32 - INFO - __main__ - Start error-fixing .... Done!
11/08/2021 01:05:32 - INFO - __main__ - Saving the current error examples (len=17) to the memory.
11/08/2021 01:05:32 - INFO - __main__ - Current memory size: 11.
11/08/2021 01:05:32 - INFO - __main__ - Save 17 examples to the memory.
11/08/2021 01:05:32 - INFO - __main__ - .................. Done.
11/08/2021 01:05:33 - INFO - __main__ - Overall: 0.890625 from scores=[0.78125, 1.0]
11/08/2021 01:05:33 - INFO - __main__ - --------------------------------------------------
11/08/2021 01:05:33 - INFO - __main__ - Evaluating to get errors .... Timecode: 2
11/08/2021 01:05:37 - INFO - __main__ - Before Error Fixing: {'EM': 0.75, 'QA-F1': 0.7926014957264957}
11/08/2021 01:05:37 - INFO - __main__ - Found 16 errors.
11/08/2021 01:05:37 - INFO - __main__ - Triggering Sampling from Memory and starting to replay.
11/08/2021 01:05:37 - INFO - __main__ - Current memroy_module size: 28.
11/08/2021 01:05:37 - INFO - __main__ - Current upstream_memroy_module size: 86420.
11/08/2021 01:05:37 - INFO - __main__ - Memory from upstream_memroy_module = 16; 
11/08/2021 01:05:37 - INFO - __main__ - Memory from memroy_module = 16; 
11/08/2021 01:05:37 - INFO - __main__ - Randomly retrieve from the memory. `query_examples` not used
11/08/2021 01:05:37 - INFO - __main__ - Randomly retrieve from the memory. `query_examples` not used
11/08/2021 01:05:37 - INFO - __main__ - Mixed the retrieved examples (len=32) to the current batch for training.
11/08/2021 01:05:37 - INFO - __main__ - Start error-fixing (len(examples_to_train)=48) .... Timecode: 2
11/08/2021 01:05:47 - INFO - __main__ - Start error-fixing .... Done!
11/08/2021 01:05:47 - INFO - __main__ - Saving the current error examples (len=16) to the memory.
11/08/2021 01:05:47 - INFO - __main__ - Current memory size: 28.
11/08/2021 01:05:47 - INFO - __main__ - Save 16 examples to the memory.
11/08/2021 01:05:47 - INFO - __main__ - .................. Done.
11/08/2021 01:05:47 - INFO - __main__ - Overall: 0.8854166666666667 from scores=[0.7708333333333334, 1.0]
11/08/2021 01:05:48 - INFO - __main__ - --------------------------------------------------
11/08/2021 01:05:48 - INFO - __main__ - Evaluating to get errors .... Timecode: 3
11/08/2021 01:05:52 - INFO - __main__ - Before Error Fixing: {'EM': 0.609375, 'QA-F1': 0.6515252976190475}
11/08/2021 01:05:52 - INFO - __main__ - Found 25 errors.
11/08/2021 01:05:52 - INFO - __main__ - Triggering Sampling from Memory and starting to replay.
11/08/2021 01:05:52 - INFO - __main__ - Current memroy_module size: 44.
11/08/2021 01:05:52 - INFO - __main__ - Current upstream_memroy_module size: 86420.
11/08/2021 01:05:52 - INFO - __main__ - Memory from upstream_memroy_module = 16; 
11/08/2021 01:05:52 - INFO - __main__ - Memory from memroy_module = 16; 
11/08/2021 01:05:52 - INFO - __main__ - Randomly retrieve from the memory. `query_examples` not used
11/08/2021 01:05:52 - INFO - __main__ - Randomly retrieve from the memory. `query_examples` not used
11/08/2021 01:05:52 - INFO - __main__ - Mixed the retrieved examples (len=32) to the current batch for training.
11/08/2021 01:05:52 - INFO - __main__ - Start error-fixing (len(examples_to_train)=57) .... Timecode: 3
11/08/2021 01:06:15 - INFO - __main__ - Start error-fixing .... Done!
11/08/2021 01:06:15 - INFO - __main__ - Saving the current error examples (len=25) to the memory.
11/08/2021 01:06:15 - INFO - __main__ - Current memory size: 44.
11/08/2021 01:06:15 - INFO - __main__ - Save 25 examples to the memory.
11/08/2021 01:06:15 - INFO - __main__ - .................. Done.
11/08/2021 01:06:16 - INFO - __main__ - Overall: 0.865234375 from scores=[0.73046875, 1.0]
11/08/2021 01:06:16 - INFO - __main__ - --------------------------------------------------
11/08/2021 01:06:16 - INFO - __main__ - Evaluating to get errors .... Timecode: 4
11/08/2021 01:06:19 - INFO - __main__ - Before Error Fixing: {'EM': 0.6875, 'QA-F1': 0.7373903508771931}
11/08/2021 01:06:19 - INFO - __main__ - Found 20 errors.
11/08/2021 01:06:19 - INFO - __main__ - Triggering Sampling from Memory and starting to replay.
11/08/2021 01:06:19 - INFO - __main__ - Current memroy_module size: 69.
11/08/2021 01:06:19 - INFO - __main__ - Current upstream_memroy_module size: 86420.
11/08/2021 01:06:19 - INFO - __main__ - Memory from upstream_memroy_module = 16; 
11/08/2021 01:06:19 - INFO - __main__ - Memory from memroy_module = 16; 
11/08/2021 01:06:19 - INFO - __main__ - Randomly retrieve from the memory. `query_examples` not used
11/08/2021 01:06:19 - INFO - __main__ - Randomly retrieve from the memory. `query_examples` not used
11/08/2021 01:06:19 - INFO - __main__ - Mixed the retrieved examples (len=32) to the current batch for training.
11/08/2021 01:06:19 - INFO - __main__ - Start error-fixing (len(examples_to_train)=52) .... Timecode: 4
11/08/2021 01:06:37 - INFO - __main__ - Start error-fixing .... Done!
11/08/2021 01:06:37 - INFO - __main__ - Saving the current error examples (len=20) to the memory.
11/08/2021 01:06:37 - INFO - __main__ - Current memory size: 69.
11/08/2021 01:06:37 - INFO - __main__ - Save 20 examples to the memory.
11/08/2021 01:06:37 - INFO - __main__ - .................. Done.
11/08/2021 01:06:38 - INFO - __main__ - Overall: 0.8609375 from scores=[0.721875, 1.0]
11/08/2021 01:06:38 - INFO - __main__ - --------------------------------------------------
11/08/2021 01:06:38 - INFO - __main__ - Evaluating to get errors .... Timecode: 5
11/08/2021 01:06:40 - INFO - __main__ - Before Error Fixing: {'EM': 0.609375, 'QA-F1': 0.7043440934065934}
11/08/2021 01:06:40 - INFO - __main__ - Found 25 errors.
11/08/2021 01:06:40 - INFO - __main__ - Triggering Sampling from Memory and starting to replay.
11/08/2021 01:06:40 - INFO - __main__ - Current memroy_module size: 89.
11/08/2021 01:06:40 - INFO - __main__ - Current upstream_memroy_module size: 86420.
11/08/2021 01:06:40 - INFO - __main__ - Memory from upstream_memroy_module = 16; 
11/08/2021 01:06:40 - INFO - __main__ - Memory from memroy_module = 16; 
11/08/2021 01:06:40 - INFO - __main__ - Randomly retrieve from the memory. `query_examples` not used
11/08/2021 01:06:40 - INFO - __main__ - Randomly retrieve from the memory. `query_examples` not used
11/08/2021 01:06:40 - INFO - __main__ - Mixed the retrieved examples (len=32) to the current batch for training.
11/08/2021 01:06:40 - INFO - __main__ - Start error-fixing (len(examples_to_train)=57) .... Timecode: 5
11/08/2021 01:07:02 - INFO - __main__ - Start error-fixing .... Done!
11/08/2021 01:07:02 - INFO - __main__ - Saving the current error examples (len=25) to the memory.
11/08/2021 01:07:02 - INFO - __main__ - Current memory size: 89.
11/08/2021 01:07:02 - INFO - __main__ - Save 25 examples to the memory.
11/08/2021 01:07:02 - INFO - __main__ - .................. Done.
11/08/2021 01:07:04 - INFO - __main__ - Overall: 0.8515625 from scores=[0.703125, 1.0]
11/08/2021 01:07:04 - INFO - __main__ - --------------------------------------------------
11/08/2021 01:07:04 - INFO - __main__ - Evaluating to get errors .... Timecode: 6
11/08/2021 01:07:07 - INFO - __main__ - Before Error Fixing: {'EM': 0.546875, 'QA-F1': 0.6747559412444281}
11/08/2021 01:07:07 - INFO - __main__ - Found 29 errors.
11/08/2021 01:07:07 - INFO - __main__ - Triggering Sampling from Memory and starting to replay.
11/08/2021 01:07:07 - INFO - __main__ - Current memroy_module size: 114.
11/08/2021 01:07:07 - INFO - __main__ - Current upstream_memroy_module size: 86420.
11/08/2021 01:07:07 - INFO - __main__ - Memory from upstream_memroy_module = 16; 
11/08/2021 01:07:07 - INFO - __main__ - Memory from memroy_module = 16; 
11/08/2021 01:07:07 - INFO - __main__ - Randomly retrieve from the memory. `query_examples` not used
11/08/2021 01:07:07 - INFO - __main__ - Randomly retrieve from the memory. `query_examples` not used
11/08/2021 01:07:07 - INFO - __main__ - Mixed the retrieved examples (len=32) to the current batch for training.
11/08/2021 01:07:07 - INFO - __main__ - Start error-fixing (len(examples_to_train)=61) .... Timecode: 6
11/08/2021 01:07:26 - INFO - __main__ - Start error-fixing .... Done!
11/08/2021 01:07:26 - INFO - __main__ - Saving the current error examples (len=29) to the memory.
11/08/2021 01:07:26 - INFO - __main__ - Current memory size: 114.
11/08/2021 01:07:26 - INFO - __main__ - Save 29 examples to the memory.
11/08/2021 01:07:26 - INFO - __main__ - .................. Done.
11/08/2021 01:07:28 - INFO - __main__ - Overall: 0.8059190270935961 from scores=[0.6808035714285714, 0.9310344827586207]
11/08/2021 01:07:28 - INFO - __main__ - --------------------------------------------------
11/08/2021 01:07:28 - INFO - __main__ - Evaluating to get errors .... Timecode: 7
11/08/2021 01:07:32 - INFO - __main__ - Before Error Fixing: {'EM': 0.609375, 'QA-F1': 0.6978608630952381}
11/08/2021 01:07:32 - INFO - __main__ - Found 25 errors.
11/08/2021 01:07:32 - INFO - __main__ - Triggering Sampling from Memory and starting to replay.
11/08/2021 01:07:32 - INFO - __main__ - Current memroy_module size: 143.
11/08/2021 01:07:32 - INFO - __main__ - Current upstream_memroy_module size: 86420.
11/08/2021 01:07:32 - INFO - __main__ - Memory from upstream_memroy_module = 16; 
11/08/2021 01:07:32 - INFO - __main__ - Memory from memroy_module = 16; 
11/08/2021 01:07:32 - INFO - __main__ - Randomly retrieve from the memory. `query_examples` not used
11/08/2021 01:07:32 - INFO - __main__ - Randomly retrieve from the memory. `query_examples` not used
11/08/2021 01:07:32 - INFO - __main__ - Mixed the retrieved examples (len=32) to the current batch for training.
11/08/2021 01:07:32 - INFO - __main__ - Start error-fixing (len(examples_to_train)=57) .... Timecode: 7
11/08/2021 01:07:51 - INFO - __main__ - Start error-fixing .... Done!
11/08/2021 01:07:51 - INFO - __main__ - Saving the current error examples (len=25) to the memory.
11/08/2021 01:07:51 - INFO - __main__ - Current memory size: 143.
11/08/2021 01:07:51 - INFO - __main__ - Save 25 examples to the memory.
11/08/2021 01:07:51 - INFO - __main__ - .................. Done.
11/08/2021 01:07:53 - INFO - __main__ - Overall: 0.8359375 from scores=[0.671875, 1.0]
11/08/2021 01:07:53 - INFO - __main__ - --------------------------------------------------
11/08/2021 01:07:53 - INFO - __main__ - Evaluating to get errors .... Timecode: 8
11/08/2021 01:07:56 - INFO - __main__ - Before Error Fixing: {'EM': 0.5625, 'QA-F1': 0.6478680173992674}
11/08/2021 01:07:56 - INFO - __main__ - Found 28 errors.
11/08/2021 01:07:56 - INFO - __main__ - Triggering Sampling from Memory and starting to replay.
11/08/2021 01:07:56 - INFO - __main__ - Current memroy_module size: 168.
11/08/2021 01:07:56 - INFO - __main__ - Current upstream_memroy_module size: 86420.
11/08/2021 01:07:56 - INFO - __main__ - Memory from upstream_memroy_module = 16; 
11/08/2021 01:07:56 - INFO - __main__ - Memory from memroy_module = 16; 
11/08/2021 01:07:56 - INFO - __main__ - Randomly retrieve from the memory. `query_examples` not used
11/08/2021 01:07:56 - INFO - __main__ - Randomly retrieve from the memory. `query_examples` not used
11/08/2021 01:07:56 - INFO - __main__ - Mixed the retrieved examples (len=32) to the current batch for training.
11/08/2021 01:07:56 - INFO - __main__ - Start error-fixing (len(examples_to_train)=60) .... Timecode: 8
11/08/2021 01:08:16 - INFO - __main__ - Start error-fixing .... Done!
11/08/2021 01:08:16 - INFO - __main__ - Saving the current error examples (len=28) to the memory.
11/08/2021 01:08:16 - INFO - __main__ - Current memory size: 168.
11/08/2021 01:08:16 - INFO - __main__ - Save 28 examples to the memory.
11/08/2021 01:08:16 - INFO - __main__ - .................. Done.
11/08/2021 01:08:18 - INFO - __main__ - Overall: 0.8298611111111112 from scores=[0.6597222222222222, 1.0]
11/08/2021 01:08:18 - INFO - __main__ - --------------------------------------------------
11/08/2021 01:08:18 - INFO - __main__ - Evaluating to get errors .... Timecode: 9
11/08/2021 01:08:23 - INFO - __main__ - Before Error Fixing: {'EM': 0.453125, 'QA-F1': 0.5330255681818181}
11/08/2021 01:08:23 - INFO - __main__ - Found 35 errors.
11/08/2021 01:08:23 - INFO - __main__ - Triggering Sampling from Memory and starting to replay.
11/08/2021 01:08:23 - INFO - __main__ - Current memroy_module size: 196.
11/08/2021 01:08:23 - INFO - __main__ - Current upstream_memroy_module size: 86420.
11/08/2021 01:08:23 - INFO - __main__ - Memory from upstream_memroy_module = 16; 
11/08/2021 01:08:23 - INFO - __main__ - Memory from memroy_module = 16; 
11/08/2021 01:08:23 - INFO - __main__ - Randomly retrieve from the memory. `query_examples` not used
11/08/2021 01:08:23 - INFO - __main__ - Randomly retrieve from the memory. `query_examples` not used
11/08/2021 01:08:23 - INFO - __main__ - Mixed the retrieved examples (len=32) to the current batch for training.
11/08/2021 01:08:23 - INFO - __main__ - Start error-fixing (len(examples_to_train)=67) .... Timecode: 9
11/08/2021 01:08:52 - INFO - __main__ - Start error-fixing .... Done!
11/08/2021 01:08:52 - INFO - __main__ - Saving the current error examples (len=35) to the memory.
11/08/2021 01:08:52 - INFO - __main__ - Current memory size: 196.
11/08/2021 01:08:52 - INFO - __main__ - Save 35 examples to the memory.
11/08/2021 01:08:52 - INFO - __main__ - .................. Done.
11/08/2021 01:08:54 - INFO - __main__ - Overall: 0.81953125 from scores=[0.6390625, 1.0]
11/08/2021 01:08:54 - INFO - __main__ - --------------------------------------------------
11/08/2021 01:08:54 - INFO - __main__ - Start eval_knowledge_retention for UKR @ Timecode=10
11/08/2021 01:09:16 - INFO - __main__ - Upstream Knowledge Retation (UKR@10): 0.7402
11/08/2021 01:09:17 - INFO - __main__ - Start eval_knowledge_retention for OKR @ Timecode=10
11/08/2021 01:09:44 - INFO - __main__ - Online Knowledge Retation (OKR@10): 0.9453
11/08/2021 01:09:44 - INFO - __main__ - Start eval_knowledge_generalization for KG @ Timecode=10
