11/08/2021 01:02:25 - INFO - __main__ - Namespace(adam_epsilon=1e-08, adapter_dim=32, append_another_bos=1, base_model_path='out/mrqa_squad_bart-base_1029_upstream_model//best-model.pt', base_model_type='facebook/bart-base', ckpt_dir='experiments/ckpt_dirs/qa/er/QA_mir_lr=5e-5_ep=5_rs=32_rf=1_mcs=256_T=100,b=64,alpha=0.9,beta=0.5,gamma=0.8', cl_method_name='mir', current_thread_id=None, do_lowercase=False, ewc_gamma=1, ewc_lambda=0.5, example_encoder_name='roberta-base', freeze_embeds=False, gradient_accumulation_steps=1, heldout_submission_data='experiments/eval_data/qa/heldout_eval.jsonl', index_rank_method='most_similar', indexing_args_path='exp_results/supervision_data/1012_dm_simple.train_args.json', indexing_method='bart_index', inference_query_size=1, init_memory_cache_path='na', kg_eval_freq=10, kg_eval_mode='metric', kr_eval_freq=10, kr_eval_mode='metric', learning_rate=5e-05, local_adapt_lr=1e-05, max_grad_norm=0.1, max_input_length=888, max_output_length=50, max_timecode=100, memory_key_encoder='facebook/bart-base', memory_path='experiments/ckpt_dirs/qa/er/QA_mir_lr=5e-5_ep=5_rs=32_rf=1_mcs=256_T=100,b=64,alpha=0.9,beta=0.5,gamma=0.8/memory_dict.pkl', memory_store_rate=1.0, mir_abalation_args='none', num_adapt_epochs=1, num_beams=3, num_threads_eval=0, num_train_epochs=5.0, okr_sample_seed=1337, okr_sample_size=512, path_to_thread_result=None, predict_batch_size=32, prefix='QA_mir_lr=5e-5_ep=5_rs=32_rf=1_mcs=256_T=100,b=64,alpha=0.9,beta=0.5,gamma=0.8', replay_candidate_size=256, replay_frequency=1, replay_size=32, result_file='experiments/results/qa/QA_mir_lr=5e-5_ep=5_rs=32_rf=1_mcs=256_T=100,b=64,alpha=0.9,beta=0.5,gamma=0.8_result.json', save_ckpt_freq=10, seed=42, skip_instant_eval=False, submission_stream_data='experiments/eval_data/qa/submission_stream.T=100,b=64,alpha=0.9,beta=0.5,gamma=0.8.json', task_emb_dim=768, task_name='mrqa', train_batch_size=8, upstream_data_path='data/mrqa_squad/mrqa_squad_train.jsonl', upstream_eval_data='experiments/eval_data/qa/upstream_eval.jsonl', upstream_sample_ratio=0.5, use_mir=False, use_replay_mix=True, use_wandb=True, weight_decay=0.01)
11/08/2021 01:02:26 - INFO - transformers.tokenization_utils - loading file https://s3.amazonaws.com/models.huggingface.co/bert/roberta-large-vocab.json from cache at /private/home/yuchenlin/.cache/torch/transformers/1ae1f5b6e2b22b25ccc04c000bb79ca847aa226d0761536b011cf7e5868f0655.ef00af9e673c7160b4d41cfda1f48c5f4cba57d5142754525572a846a1ab1b9b
11/08/2021 01:02:26 - INFO - transformers.tokenization_utils - loading file https://s3.amazonaws.com/models.huggingface.co/bert/roberta-large-merges.txt from cache at /private/home/yuchenlin/.cache/torch/transformers/f8f83199a6270d582d6245dc100e99c4155de81c9745c6248077018fe01abcfb.70bec105b4158ed9a1747fea67a43f5dee97855c64d62b6ec3742f4cfdb5feda
11/08/2021 01:02:44 - INFO - __main__ - load_data: len(upstream_eval_examples)=512
11/08/2021 01:02:44 - INFO - __main__ - load_data: len(heldout_eval_examples)=1280
11/08/2021 01:02:49 - INFO - __main__ - Loading checkpoint from out/mrqa_squad_bart-base_1029_upstream_model//best-model.pt for facebook/bart-base .....
11/08/2021 01:02:50 - INFO - transformers.configuration_utils - loading configuration file https://s3.amazonaws.com/models.huggingface.co/bert/facebook/bart-base/config.json from cache at /private/home/yuchenlin/.cache/torch/transformers/09f4fcaeaf785dd3b97b085d6e3510c7081f586ec8e75981683c6299c0f81d9d.e8d516ad807436d395effad8c2326786872659b7dd1210827ac67c761198a0eb
11/08/2021 01:02:50 - INFO - transformers.configuration_utils - Model config BartConfig {
  "activation_dropout": 0.1,
  "activation_function": "gelu",
  "add_bias_logits": false,
  "add_final_layer_norm": false,
  "architectures": [
    "BartModel",
    "BartForConditionalGeneration",
    "BartForSequenceClassification"
  ],
  "attention_dropout": 0.1,
  "bos_token_id": 0,
  "classif_dropout": 0.0,
  "d_model": 768,
  "decoder_attention_heads": 12,
  "decoder_ffn_dim": 3072,
  "decoder_layerdrop": 0.0,
  "decoder_layers": 6,
  "decoder_start_token_id": 2,
  "dropout": 0.1,
  "early_stopping": true,
  "encoder_attention_heads": 12,
  "encoder_ffn_dim": 3072,
  "encoder_layerdrop": 0.0,
  "encoder_layers": 6,
  "eos_token_id": 2,
  "id2label": {
    "0": "LABEL_0",
    "1": "LABEL_1",
    "2": "LABEL_2"
  },
  "init_std": 0.02,
  "is_encoder_decoder": true,
  "label2id": {
    "LABEL_0": 0,
    "LABEL_1": 1,
    "LABEL_2": 2
  },
  "max_position_embeddings": 1024,
  "model_type": "bart",
  "no_repeat_ngram_size": 3,
  "normalize_before": false,
  "normalize_embedding": true,
  "num_beams": 4,
  "num_hidden_layers": 6,
  "pad_token_id": 1,
  "scale_embedding": false,
  "static_position_embeddings": false,
  "task_specific_params": {
    "summarization": {
      "length_penalty": 1.0,
      "max_length": 128,
      "min_length": 12,
      "num_beams": 4
    },
    "summarization_cnn": {
      "length_penalty": 2.0,
      "max_length": 142,
      "min_length": 56,
      "num_beams": 4
    },
    "summarization_xsum": {
      "length_penalty": 1.0,
      "max_length": 62,
      "min_length": 11,
      "num_beams": 6
    }
  },
  "vocab_size": 50265
}

11/08/2021 01:02:50 - INFO - transformers.modeling_utils - loading weights file https://cdn.huggingface.co/facebook/bart-base/pytorch_model.bin from cache at /private/home/yuchenlin/.cache/torch/transformers/566c05fb6983817e8ad7a4fa51e3099fe9caa3b31730f964bc5198d71c677523.0a3d95c18c1e434448941bc25accea7b122882be6526fb67c8e8fb6d5ebc711c
11/08/2021 01:02:53 - INFO - __main__ - Loading checkpoint from out/mrqa_squad_bart-base_1029_upstream_model//best-model.pt for facebook/bart-base ..... Done!
11/08/2021 01:02:56 - INFO - __main__ - Moving to the GPUs.
11/08/2021 01:02:56 - INFO - __main__ - Debugger Setup ......
11/08/2021 01:02:56 - INFO - __main__ - debugger_args: Namespace(adam_epsilon=1e-08, ckpt_dir='experiments/ckpt_dirs/qa/er/QA_mir_lr=5e-5_ep=5_rs=32_rf=1_mcs=256_T=100,b=64,alpha=0.9,beta=0.5,gamma=0.8', gradient_accumulation_steps=1, inference_query_size=1, init_memory_cache_path='na', kg_eval_freq=10, kg_eval_mode='metric', kr_eval_freq=10, kr_eval_mode='metric', learning_rate=5e-05, local_adapt_lr=1e-05, max_grad_norm=0.1, memory_key_encoder='facebook/bart-base', memory_path='experiments/ckpt_dirs/qa/er/QA_mir_lr=5e-5_ep=5_rs=32_rf=1_mcs=256_T=100,b=64,alpha=0.9,beta=0.5,gamma=0.8/memory_dict.pkl', memory_store_rate=1.0, mir_abalation_args='none', num_adapt_epochs=1, num_epochs=5.0, okr_sample_seed=1337, okr_sample_size=512, replay_candidate_size=256, replay_frequency=1, replay_size=32, save_ckpt_freq=10, skip_instant_eval=False, total_steps=10000, upstream_sample_ratio=0.5, use_replay_mix=True, warmup_steps=0, weight_decay=0.01) ......
11/08/2021 01:02:56 - INFO - __main__ - optimizer & scheduler Setup ...... Done!
11/08/2021 01:02:56 - INFO - __main__ - Debugger Setup ...... Done!
11/08/2021 01:02:56 - INFO - __main__ - Prepare the sampled upstream data as the initial memory for the ER and MIR;
11/08/2021 01:02:56 - INFO - __main__ - Set up the initial memory with 86420 examples.
11/08/2021 01:02:56 - INFO - __main__ - Initial memroy_module size: 0
11/08/2021 01:02:56 - INFO - __main__ - Initial upstream_memroy_module size: 86420
11/08/2021 01:02:56 - INFO - __main__ - Start Online Debugging with Dynamic Error Mode
11/08/2021 01:02:56 - INFO - __main__ - Number of Batches of Data: 100
11/08/2021 01:02:56 - INFO - __main__ - Data Batch Size: 64;
11/08/2021 01:02:57 - INFO - __main__ - Model saved to experiments/ckpt_dirs/qa/er/QA_mir_lr=5e-5_ep=5_rs=32_rf=1_mcs=256_T=100,b=64,alpha=0.9,beta=0.5,gamma=0.8/model_ckpt_000.pt.
11/08/2021 01:02:57 - INFO - __main__ - Start eval_knowledge_retention for UKR @ Timecode=0
11/08/2021 01:03:20 - INFO - __main__ - Upstream Knowledge Retation (UKR@0): 0.8027
11/08/2021 01:03:20 - INFO - __main__ - Start eval_knowledge_generalization for KG @ Timecode=0
11/08/2021 01:04:47 - INFO - __main__ - Future Knowledge Generalization (KG@0): 0.3125
11/08/2021 01:04:47 - INFO - __main__ - Evaluating to get errors .... Timecode: 0
11/08/2021 01:04:50 - INFO - __main__ - Before Error Fixing: {'EM': 0.828125, 'QA-F1': 0.8576388888888888}
11/08/2021 01:04:50 - INFO - __main__ - Found 11 errors.
11/08/2021 01:04:50 - INFO - __main__ - Start error-fixing (len(examples_to_train)=11) .... Timecode: 0
11/08/2021 01:04:51 - INFO - __main__ - Start error-fixing .... Done!
11/08/2021 01:04:51 - INFO - __main__ - Saving the current error examples (len=11) to the memory.
11/08/2021 01:04:51 - INFO - __main__ - Current memory size: 0.
11/08/2021 01:04:51 - INFO - __main__ - Save 11 examples to the memory.
11/08/2021 01:04:51 - INFO - __main__ - .................. Done.
11/08/2021 01:04:52 - INFO - __main__ - Overall: 0.9140625 from scores=[0.828125, 1.0]
11/08/2021 01:04:53 - INFO - __main__ - Model saved to experiments/ckpt_dirs/qa/er/QA_mir_lr=5e-5_ep=5_rs=32_rf=1_mcs=256_T=100,b=64,alpha=0.9,beta=0.5,gamma=0.8/model_ckpt_000.pt.
11/08/2021 01:04:53 - INFO - __main__ - Updated result feule: experiments/results/qa/QA_mir_lr=5e-5_ep=5_rs=32_rf=1_mcs=256_T=100,b=64,alpha=0.9,beta=0.5,gamma=0.8_result.json at Timecode: 0.
11/08/2021 01:04:53 - INFO - __main__ - --------------------------------------------------
11/08/2021 01:04:53 - INFO - __main__ - Evaluating to get errors .... Timecode: 1
11/08/2021 01:04:56 - INFO - __main__ - Before Error Fixing: {'EM': 0.734375, 'QA-F1': 0.7814980158730158}
11/08/2021 01:04:56 - INFO - __main__ - Found 17 errors.
11/08/2021 01:04:56 - INFO - __main__ - Triggering Sampling from Memory and starting to replay.
11/08/2021 01:04:56 - INFO - __main__ - Current memroy_module size: 11.
11/08/2021 01:04:56 - INFO - __main__ - Current upstream_memroy_module size: 86420.
11/08/2021 01:04:56 - INFO - __main__ - Memory from upstream_memroy_module = 16; 
11/08/2021 01:04:56 - INFO - __main__ - Memory from memroy_module = 16; 
11/08/2021 01:04:56 - INFO - __main__ - Randomly retrieve from the memory. `query_examples` not used
11/08/2021 01:04:56 - INFO - __main__ - get_top_interfered_examples: len(candidate_examples)=256;
11/08/2021 01:04:59 - INFO - __main__ - Randomly retrieve from the memory. `query_examples` not used
11/08/2021 01:04:59 - INFO - __main__ - get_top_interfered_examples: len(candidate_examples)=11;
11/08/2021 01:04:59 - INFO - __main__ - Mixed the retrieved examples (len=27) to the current batch for training.
11/08/2021 01:04:59 - INFO - __main__ - Start error-fixing (len(examples_to_train)=44) .... Timecode: 1
11/08/2021 01:05:04 - INFO - __main__ - Start error-fixing .... Done!
11/08/2021 01:05:04 - INFO - __main__ - Saving the current error examples (len=17) to the memory.
11/08/2021 01:05:04 - INFO - __main__ - Current memory size: 11.
11/08/2021 01:05:04 - INFO - __main__ - Save 17 examples to the memory.
11/08/2021 01:05:04 - INFO - __main__ - .................. Done.
11/08/2021 01:05:05 - INFO - __main__ - Overall: 0.8612132352941176 from scores=[0.78125, 0.9411764705882353]
11/08/2021 01:05:05 - INFO - __main__ - --------------------------------------------------
11/08/2021 01:05:05 - INFO - __main__ - Evaluating to get errors .... Timecode: 2
11/08/2021 01:05:08 - INFO - __main__ - Before Error Fixing: {'EM': 0.8125, 'QA-F1': 0.8351362179487178}
11/08/2021 01:05:08 - INFO - __main__ - Found 12 errors.
11/08/2021 01:05:08 - INFO - __main__ - Triggering Sampling from Memory and starting to replay.
11/08/2021 01:05:08 - INFO - __main__ - Current memroy_module size: 28.
11/08/2021 01:05:08 - INFO - __main__ - Current upstream_memroy_module size: 86420.
11/08/2021 01:05:08 - INFO - __main__ - Memory from upstream_memroy_module = 16; 
11/08/2021 01:05:08 - INFO - __main__ - Memory from memroy_module = 16; 
11/08/2021 01:05:08 - INFO - __main__ - Randomly retrieve from the memory. `query_examples` not used
11/08/2021 01:05:08 - INFO - __main__ - get_top_interfered_examples: len(candidate_examples)=256;
11/08/2021 01:05:12 - INFO - __main__ - Randomly retrieve from the memory. `query_examples` not used
11/08/2021 01:05:12 - INFO - __main__ - get_top_interfered_examples: len(candidate_examples)=28;
11/08/2021 01:05:14 - INFO - __main__ - Mixed the retrieved examples (len=32) to the current batch for training.
11/08/2021 01:05:14 - INFO - __main__ - Start error-fixing (len(examples_to_train)=44) .... Timecode: 2
11/08/2021 01:05:19 - INFO - __main__ - Start error-fixing .... Done!
11/08/2021 01:05:19 - INFO - __main__ - Saving the current error examples (len=12) to the memory.
11/08/2021 01:05:19 - INFO - __main__ - Current memory size: 28.
11/08/2021 01:05:19 - INFO - __main__ - Save 12 examples to the memory.
11/08/2021 01:05:19 - INFO - __main__ - .................. Done.
11/08/2021 01:05:19 - INFO - __main__ - Overall: 0.8541666666666666 from scores=[0.7916666666666666, 0.9166666666666666]
11/08/2021 01:05:19 - INFO - __main__ - --------------------------------------------------
11/08/2021 01:05:19 - INFO - __main__ - Evaluating to get errors .... Timecode: 3
11/08/2021 01:05:23 - INFO - __main__ - Before Error Fixing: {'EM': 0.59375, 'QA-F1': 0.6553199404761905}
11/08/2021 01:05:23 - INFO - __main__ - Found 26 errors.
11/08/2021 01:05:23 - INFO - __main__ - Triggering Sampling from Memory and starting to replay.
11/08/2021 01:05:23 - INFO - __main__ - Current memroy_module size: 40.
11/08/2021 01:05:23 - INFO - __main__ - Current upstream_memroy_module size: 86420.
11/08/2021 01:05:23 - INFO - __main__ - Memory from upstream_memroy_module = 16; 
11/08/2021 01:05:23 - INFO - __main__ - Memory from memroy_module = 16; 
11/08/2021 01:05:23 - INFO - __main__ - Randomly retrieve from the memory. `query_examples` not used
11/08/2021 01:05:23 - INFO - __main__ - get_top_interfered_examples: len(candidate_examples)=256;
11/08/2021 01:05:27 - INFO - __main__ - Randomly retrieve from the memory. `query_examples` not used
11/08/2021 01:05:27 - INFO - __main__ - get_top_interfered_examples: len(candidate_examples)=40;
11/08/2021 01:05:29 - INFO - __main__ - Mixed the retrieved examples (len=32) to the current batch for training.
11/08/2021 01:05:29 - INFO - __main__ - Start error-fixing (len(examples_to_train)=58) .... Timecode: 3
11/08/2021 01:05:40 - INFO - __main__ - Start error-fixing .... Done!
11/08/2021 01:05:40 - INFO - __main__ - Saving the current error examples (len=26) to the memory.
11/08/2021 01:05:40 - INFO - __main__ - Current memory size: 40.
11/08/2021 01:05:40 - INFO - __main__ - Save 26 examples to the memory.
11/08/2021 01:05:40 - INFO - __main__ - .................. Done.
11/08/2021 01:05:41 - INFO - __main__ - Overall: 0.8518629807692308 from scores=[0.7421875, 0.9615384615384616]
11/08/2021 01:05:41 - INFO - __main__ - --------------------------------------------------
11/08/2021 01:05:41 - INFO - __main__ - Evaluating to get errors .... Timecode: 4
11/08/2021 01:05:44 - INFO - __main__ - Before Error Fixing: {'EM': 0.640625, 'QA-F1': 0.7027304292929293}
11/08/2021 01:05:44 - INFO - __main__ - Found 23 errors.
11/08/2021 01:05:44 - INFO - __main__ - Triggering Sampling from Memory and starting to replay.
11/08/2021 01:05:44 - INFO - __main__ - Current memroy_module size: 66.
11/08/2021 01:05:44 - INFO - __main__ - Current upstream_memroy_module size: 86420.
11/08/2021 01:05:44 - INFO - __main__ - Memory from upstream_memroy_module = 16; 
11/08/2021 01:05:44 - INFO - __main__ - Memory from memroy_module = 16; 
11/08/2021 01:05:44 - INFO - __main__ - Randomly retrieve from the memory. `query_examples` not used
11/08/2021 01:05:44 - INFO - __main__ - get_top_interfered_examples: len(candidate_examples)=256;
11/08/2021 01:05:49 - INFO - __main__ - Randomly retrieve from the memory. `query_examples` not used
11/08/2021 01:05:49 - INFO - __main__ - get_top_interfered_examples: len(candidate_examples)=66;
11/08/2021 01:05:53 - INFO - __main__ - Mixed the retrieved examples (len=32) to the current batch for training.
11/08/2021 01:05:53 - INFO - __main__ - Start error-fixing (len(examples_to_train)=55) .... Timecode: 4
11/08/2021 01:06:03 - INFO - __main__ - Start error-fixing .... Done!
11/08/2021 01:06:03 - INFO - __main__ - Saving the current error examples (len=23) to the memory.
11/08/2021 01:06:03 - INFO - __main__ - Current memory size: 66.
11/08/2021 01:06:03 - INFO - __main__ - Save 23 examples to the memory.
11/08/2021 01:06:03 - INFO - __main__ - .................. Done.
11/08/2021 01:06:05 - INFO - __main__ - Overall: 0.8609375 from scores=[0.721875, 1.0]
11/08/2021 01:06:05 - INFO - __main__ - --------------------------------------------------
11/08/2021 01:06:05 - INFO - __main__ - Evaluating to get errors .... Timecode: 5
11/08/2021 01:06:08 - INFO - __main__ - Before Error Fixing: {'EM': 0.5625, 'QA-F1': 0.6458296152909324}
11/08/2021 01:06:08 - INFO - __main__ - Found 28 errors.
11/08/2021 01:06:08 - INFO - __main__ - Triggering Sampling from Memory and starting to replay.
11/08/2021 01:06:08 - INFO - __main__ - Current memroy_module size: 89.
11/08/2021 01:06:08 - INFO - __main__ - Current upstream_memroy_module size: 86420.
11/08/2021 01:06:08 - INFO - __main__ - Memory from upstream_memroy_module = 16; 
11/08/2021 01:06:08 - INFO - __main__ - Memory from memroy_module = 16; 
11/08/2021 01:06:08 - INFO - __main__ - Randomly retrieve from the memory. `query_examples` not used
11/08/2021 01:06:08 - INFO - __main__ - get_top_interfered_examples: len(candidate_examples)=256;
11/08/2021 01:06:12 - INFO - __main__ - Randomly retrieve from the memory. `query_examples` not used
11/08/2021 01:06:12 - INFO - __main__ - get_top_interfered_examples: len(candidate_examples)=89;
11/08/2021 01:06:16 - INFO - __main__ - Mixed the retrieved examples (len=32) to the current batch for training.
11/08/2021 01:06:16 - INFO - __main__ - Start error-fixing (len(examples_to_train)=60) .... Timecode: 5
11/08/2021 01:06:25 - INFO - __main__ - Start error-fixing .... Done!
11/08/2021 01:06:25 - INFO - __main__ - Saving the current error examples (len=28) to the memory.
11/08/2021 01:06:25 - INFO - __main__ - Current memory size: 89.
11/08/2021 01:06:25 - INFO - __main__ - Save 28 examples to the memory.
11/08/2021 01:06:25 - INFO - __main__ - .................. Done.
11/08/2021 01:06:27 - INFO - __main__ - Overall: 0.84765625 from scores=[0.6953125, 1.0]
11/08/2021 01:06:27 - INFO - __main__ - --------------------------------------------------
11/08/2021 01:06:27 - INFO - __main__ - Evaluating to get errors .... Timecode: 6
11/08/2021 01:06:30 - INFO - __main__ - Before Error Fixing: {'EM': 0.53125, 'QA-F1': 0.6464246894409937}
11/08/2021 01:06:30 - INFO - __main__ - Found 30 errors.
11/08/2021 01:06:30 - INFO - __main__ - Triggering Sampling from Memory and starting to replay.
11/08/2021 01:06:30 - INFO - __main__ - Current memroy_module size: 117.
11/08/2021 01:06:30 - INFO - __main__ - Current upstream_memroy_module size: 86420.
11/08/2021 01:06:30 - INFO - __main__ - Memory from upstream_memroy_module = 16; 
11/08/2021 01:06:30 - INFO - __main__ - Memory from memroy_module = 16; 
11/08/2021 01:06:30 - INFO - __main__ - Randomly retrieve from the memory. `query_examples` not used
11/08/2021 01:06:30 - INFO - __main__ - get_top_interfered_examples: len(candidate_examples)=256;
11/08/2021 01:06:34 - INFO - __main__ - Randomly retrieve from the memory. `query_examples` not used
11/08/2021 01:06:34 - INFO - __main__ - get_top_interfered_examples: len(candidate_examples)=117;
11/08/2021 01:06:39 - INFO - __main__ - Mixed the retrieved examples (len=32) to the current batch for training.
11/08/2021 01:06:39 - INFO - __main__ - Start error-fixing (len(examples_to_train)=62) .... Timecode: 6
11/08/2021 01:06:49 - INFO - __main__ - Start error-fixing .... Done!
11/08/2021 01:06:49 - INFO - __main__ - Saving the current error examples (len=30) to the memory.
11/08/2021 01:06:49 - INFO - __main__ - Current memory size: 117.
11/08/2021 01:06:49 - INFO - __main__ - Save 30 examples to the memory.
11/08/2021 01:06:49 - INFO - __main__ - .................. Done.
11/08/2021 01:06:51 - INFO - __main__ - Overall: 0.8192708333333334 from scores=[0.671875, 0.9666666666666667]
11/08/2021 01:06:51 - INFO - __main__ - --------------------------------------------------
11/08/2021 01:06:51 - INFO - __main__ - Evaluating to get errors .... Timecode: 7
11/08/2021 01:06:54 - INFO - __main__ - Before Error Fixing: {'EM': 0.59375, 'QA-F1': 0.6697000915750916}
11/08/2021 01:06:54 - INFO - __main__ - Found 26 errors.
11/08/2021 01:06:54 - INFO - __main__ - Triggering Sampling from Memory and starting to replay.
11/08/2021 01:06:54 - INFO - __main__ - Current memroy_module size: 147.
11/08/2021 01:06:54 - INFO - __main__ - Current upstream_memroy_module size: 86420.
11/08/2021 01:06:54 - INFO - __main__ - Memory from upstream_memroy_module = 16; 
11/08/2021 01:06:54 - INFO - __main__ - Memory from memroy_module = 16; 
11/08/2021 01:06:54 - INFO - __main__ - Randomly retrieve from the memory. `query_examples` not used
11/08/2021 01:06:54 - INFO - __main__ - get_top_interfered_examples: len(candidate_examples)=256;
11/08/2021 01:06:59 - INFO - __main__ - Randomly retrieve from the memory. `query_examples` not used
11/08/2021 01:06:59 - INFO - __main__ - get_top_interfered_examples: len(candidate_examples)=147;
11/08/2021 01:07:04 - INFO - __main__ - Mixed the retrieved examples (len=32) to the current batch for training.
11/08/2021 01:07:04 - INFO - __main__ - Start error-fixing (len(examples_to_train)=58) .... Timecode: 7
11/08/2021 01:07:12 - INFO - __main__ - Start error-fixing .... Done!
11/08/2021 01:07:12 - INFO - __main__ - Saving the current error examples (len=26) to the memory.
11/08/2021 01:07:12 - INFO - __main__ - Current memory size: 147.
11/08/2021 01:07:12 - INFO - __main__ - Save 26 examples to the memory.
11/08/2021 01:07:12 - INFO - __main__ - .................. Done.
11/08/2021 01:07:13 - INFO - __main__ - Overall: 0.8310546875 from scores=[0.662109375, 1.0]
11/08/2021 01:07:13 - INFO - __main__ - --------------------------------------------------
11/08/2021 01:07:13 - INFO - __main__ - Evaluating to get errors .... Timecode: 8
11/08/2021 01:07:16 - INFO - __main__ - Before Error Fixing: {'EM': 0.578125, 'QA-F1': 0.6400774572649572}
11/08/2021 01:07:16 - INFO - __main__ - Found 27 errors.
11/08/2021 01:07:16 - INFO - __main__ - Triggering Sampling from Memory and starting to replay.
11/08/2021 01:07:16 - INFO - __main__ - Current memroy_module size: 173.
11/08/2021 01:07:16 - INFO - __main__ - Current upstream_memroy_module size: 86420.
11/08/2021 01:07:16 - INFO - __main__ - Memory from upstream_memroy_module = 16; 
11/08/2021 01:07:16 - INFO - __main__ - Memory from memroy_module = 16; 
11/08/2021 01:07:16 - INFO - __main__ - Randomly retrieve from the memory. `query_examples` not used
11/08/2021 01:07:16 - INFO - __main__ - get_top_interfered_examples: len(candidate_examples)=256;
11/08/2021 01:07:21 - INFO - __main__ - Randomly retrieve from the memory. `query_examples` not used
11/08/2021 01:07:21 - INFO - __main__ - get_top_interfered_examples: len(candidate_examples)=173;
11/08/2021 01:07:26 - INFO - __main__ - Mixed the retrieved examples (len=32) to the current batch for training.
11/08/2021 01:07:26 - INFO - __main__ - Start error-fixing (len(examples_to_train)=59) .... Timecode: 8
11/08/2021 01:07:36 - INFO - __main__ - Start error-fixing .... Done!
11/08/2021 01:07:36 - INFO - __main__ - Saving the current error examples (len=27) to the memory.
11/08/2021 01:07:36 - INFO - __main__ - Current memory size: 173.
11/08/2021 01:07:36 - INFO - __main__ - Save 27 examples to the memory.
11/08/2021 01:07:36 - INFO - __main__ - .................. Done.
11/08/2021 01:07:38 - INFO - __main__ - Overall: 0.8263888888888888 from scores=[0.6527777777777778, 1.0]
11/08/2021 01:07:38 - INFO - __main__ - --------------------------------------------------
11/08/2021 01:07:38 - INFO - __main__ - Evaluating to get errors .... Timecode: 9
11/08/2021 01:07:42 - INFO - __main__ - Before Error Fixing: {'EM': 0.546875, 'QA-F1': 0.616344246031746}
11/08/2021 01:07:42 - INFO - __main__ - Found 29 errors.
11/08/2021 01:07:42 - INFO - __main__ - Triggering Sampling from Memory and starting to replay.
11/08/2021 01:07:42 - INFO - __main__ - Current memroy_module size: 200.
11/08/2021 01:07:42 - INFO - __main__ - Current upstream_memroy_module size: 86420.
11/08/2021 01:07:42 - INFO - __main__ - Memory from upstream_memroy_module = 16; 
11/08/2021 01:07:42 - INFO - __main__ - Memory from memroy_module = 16; 
11/08/2021 01:07:42 - INFO - __main__ - Randomly retrieve from the memory. `query_examples` not used
11/08/2021 01:07:42 - INFO - __main__ - get_top_interfered_examples: len(candidate_examples)=256;
11/08/2021 01:07:46 - INFO - __main__ - Randomly retrieve from the memory. `query_examples` not used
11/08/2021 01:07:46 - INFO - __main__ - get_top_interfered_examples: len(candidate_examples)=200;
11/08/2021 01:07:52 - INFO - __main__ - Mixed the retrieved examples (len=32) to the current batch for training.
11/08/2021 01:07:52 - INFO - __main__ - Start error-fixing (len(examples_to_train)=61) .... Timecode: 9
11/08/2021 01:08:05 - INFO - __main__ - Start error-fixing .... Done!
11/08/2021 01:08:05 - INFO - __main__ - Saving the current error examples (len=29) to the memory.
11/08/2021 01:08:05 - INFO - __main__ - Current memory size: 200.
11/08/2021 01:08:05 - INFO - __main__ - Save 29 examples to the memory.
11/08/2021 01:08:05 - INFO - __main__ - .................. Done.
11/08/2021 01:08:06 - INFO - __main__ - Overall: 0.7693696120689655 from scores=[0.6421875, 0.896551724137931]
11/08/2021 01:08:06 - INFO - __main__ - --------------------------------------------------
11/08/2021 01:08:06 - INFO - __main__ - Start eval_knowledge_retention for UKR @ Timecode=10
11/08/2021 01:08:26 - INFO - __main__ - Upstream Knowledge Retation (UKR@10): 0.7871
11/08/2021 01:08:26 - INFO - __main__ - Start eval_knowledge_retention for OKR @ Timecode=10
11/08/2021 01:08:53 - INFO - __main__ - Online Knowledge Retation (OKR@10): 0.9199
11/08/2021 01:08:53 - INFO - __main__ - Start eval_knowledge_generalization for KG @ Timecode=10
11/08/2021 01:09:50 - INFO - __main__ - Future Knowledge Generalization (KG@10): 0.4391
11/08/2021 01:09:50 - INFO - __main__ - Evaluating to get errors .... Timecode: 10
11/08/2021 01:09:53 - INFO - __main__ - Before Error Fixing: {'EM': 0.53125, 'QA-F1': 0.5846354166666666}
11/08/2021 01:09:53 - INFO - __main__ - Found 30 errors.
11/08/2021 01:09:53 - INFO - __main__ - Triggering Sampling from Memory and starting to replay.
11/08/2021 01:09:53 - INFO - __main__ - Current memroy_module size: 229.
11/08/2021 01:09:53 - INFO - __main__ - Current upstream_memroy_module size: 86420.
11/08/2021 01:09:53 - INFO - __main__ - Memory from upstream_memroy_module = 16; 
11/08/2021 01:09:53 - INFO - __main__ - Memory from memroy_module = 16; 
11/08/2021 01:09:53 - INFO - __main__ - Randomly retrieve from the memory. `query_examples` not used
11/08/2021 01:09:53 - INFO - __main__ - get_top_interfered_examples: len(candidate_examples)=256;
11/08/2021 01:09:59 - INFO - __main__ - Randomly retrieve from the memory. `query_examples` not used
11/08/2021 01:09:59 - INFO - __main__ - get_top_interfered_examples: len(candidate_examples)=229;
11/08/2021 01:10:07 - INFO - __main__ - Mixed the retrieved examples (len=32) to the current batch for training.
11/08/2021 01:10:07 - INFO - __main__ - Start error-fixing (len(examples_to_train)=62) .... Timecode: 10
