11/04/2021 18:04:13 - INFO - __main__ - Namespace(adam_epsilon=1e-08, adapter_dim=32, append_another_bos=1, base_model_path='out/mrqa_squad_bart-base_1029_upstream_model//best-model.pt', base_model_type='facebook/bart-base', ckpt_dir='experiments/ckpt_dirs/qa/nonecl', cl_method_name='none_cl', current_thread_id=None, do_lowercase=False, ewc_gamma=1, ewc_lambda=0.5, example_encoder_name='roberta-base', freeze_embeds=False, gradient_accumulation_steps=1, heldout_submission_data='experiments/eval_data/qa/heldout_eval.jsonl', index_rank_method='most_similar', indexing_args_path='exp_results/supervision_data/1012_dm_simple.train_args.json', indexing_method='bart_index', inference_query_size=1, init_memory_cache_path='bug_data/memory_key_cache.pkl', kg_eval_freq=10, kg_eval_mode='metric', kr_eval_freq=5, kr_eval_mode='metric', learning_rate=1e-05, local_adapt_lr=1e-05, max_grad_norm=0.1, max_input_length=888, max_output_length=50, max_timecode=100, memory_key_encoder='facebook/bart-base', memory_path='', memory_store_rate=1.0, mir_abalation_args='none', num_adapt_epochs=1, num_beams=3, num_threads_eval=0, num_train_epochs=3.0, okr_sample_seed=1337, okr_sample_size=512, path_to_thread_result=None, predict_batch_size=64, prefix='QA_nonecl_T=100,b=64,alpha=0.98,beta=0.5,gamma=0.5', replay_candidate_size=8, replay_frequency=1, replay_size=8, result_file='experiments/results/qa/QA_nonecl_T=100,b=64,alpha=0.98,beta=0.5,gamma=0.5_result.json', save_ckpt_freq=10, seed=42, skip_instant_eval=False, submission_stream_data='experiments/eval_data/qa/submission_stream.T=100,b=64,alpha=0.98,beta=0.5,gamma=0.5.json', task_emb_dim=768, task_name='mrqa', train_batch_size=8, upstream_data_path='data/mrqa_squad/mrqa_squad_train.jsonl', upstream_eval_data='experiments/eval_data/qa/upstream_eval.jsonl', upstream_sample_ratio=-1, use_mir=False, use_replay_mix=False, use_wandb=True, weight_decay=0.01)
11/04/2021 18:04:13 - INFO - transformers.tokenization_utils - loading file https://s3.amazonaws.com/models.huggingface.co/bert/roberta-large-vocab.json from cache at /private/home/yuchenlin/.cache/torch/transformers/1ae1f5b6e2b22b25ccc04c000bb79ca847aa226d0761536b011cf7e5868f0655.ef00af9e673c7160b4d41cfda1f48c5f4cba57d5142754525572a846a1ab1b9b
11/04/2021 18:04:13 - INFO - transformers.tokenization_utils - loading file https://s3.amazonaws.com/models.huggingface.co/bert/roberta-large-merges.txt from cache at /private/home/yuchenlin/.cache/torch/transformers/f8f83199a6270d582d6245dc100e99c4155de81c9745c6248077018fe01abcfb.70bec105b4158ed9a1747fea67a43f5dee97855c64d62b6ec3742f4cfdb5feda
11/04/2021 18:04:32 - INFO - __main__ - load_data: len(upstream_eval_examples)=512
11/04/2021 18:04:33 - INFO - __main__ - load_data: len(heldout_eval_examples)=1280
11/04/2021 18:04:37 - INFO - __main__ - Loading checkpoint from out/mrqa_squad_bart-base_1029_upstream_model//best-model.pt for facebook/bart-base .....
11/04/2021 18:04:39 - INFO - transformers.configuration_utils - loading configuration file https://s3.amazonaws.com/models.huggingface.co/bert/facebook/bart-base/config.json from cache at /private/home/yuchenlin/.cache/torch/transformers/09f4fcaeaf785dd3b97b085d6e3510c7081f586ec8e75981683c6299c0f81d9d.e8d516ad807436d395effad8c2326786872659b7dd1210827ac67c761198a0eb
11/04/2021 18:04:39 - INFO - transformers.configuration_utils - Model config BartConfig {
  "activation_dropout": 0.1,
  "activation_function": "gelu",
  "add_bias_logits": false,
  "add_final_layer_norm": false,
  "architectures": [
    "BartModel",
    "BartForConditionalGeneration",
    "BartForSequenceClassification"
  ],
  "attention_dropout": 0.1,
  "bos_token_id": 0,
  "classif_dropout": 0.0,
  "d_model": 768,
  "decoder_attention_heads": 12,
  "decoder_ffn_dim": 3072,
  "decoder_layerdrop": 0.0,
  "decoder_layers": 6,
  "decoder_start_token_id": 2,
  "dropout": 0.1,
  "early_stopping": true,
  "encoder_attention_heads": 12,
  "encoder_ffn_dim": 3072,
  "encoder_layerdrop": 0.0,
  "encoder_layers": 6,
  "eos_token_id": 2,
  "id2label": {
    "0": "LABEL_0",
    "1": "LABEL_1",
    "2": "LABEL_2"
  },
  "init_std": 0.02,
  "is_encoder_decoder": true,
  "label2id": {
    "LABEL_0": 0,
    "LABEL_1": 1,
    "LABEL_2": 2
  },
  "max_position_embeddings": 1024,
  "model_type": "bart",
  "no_repeat_ngram_size": 3,
  "normalize_before": false,
  "normalize_embedding": true,
  "num_beams": 4,
  "num_hidden_layers": 6,
  "pad_token_id": 1,
  "scale_embedding": false,
  "static_position_embeddings": false,
  "task_specific_params": {
    "summarization": {
      "length_penalty": 1.0,
      "max_length": 128,
      "min_length": 12,
      "num_beams": 4
    },
    "summarization_cnn": {
      "length_penalty": 2.0,
      "max_length": 142,
      "min_length": 56,
      "num_beams": 4
    },
    "summarization_xsum": {
      "length_penalty": 1.0,
      "max_length": 62,
      "min_length": 11,
      "num_beams": 6
    }
  },
  "vocab_size": 50265
}

11/04/2021 18:04:39 - INFO - transformers.modeling_utils - loading weights file https://cdn.huggingface.co/facebook/bart-base/pytorch_model.bin from cache at /private/home/yuchenlin/.cache/torch/transformers/566c05fb6983817e8ad7a4fa51e3099fe9caa3b31730f964bc5198d71c677523.0a3d95c18c1e434448941bc25accea7b122882be6526fb67c8e8fb6d5ebc711c
11/04/2021 18:04:43 - INFO - __main__ - Loading checkpoint from out/mrqa_squad_bart-base_1029_upstream_model//best-model.pt for facebook/bart-base ..... Done!
11/04/2021 18:04:48 - INFO - __main__ - Moving to the GPUs.
11/04/2021 18:04:48 - INFO - __main__ - No debugger!
11/04/2021 18:04:48 - INFO - __main__ - Start Online Debugging with Dynamic Error Mode
11/04/2021 18:04:48 - INFO - __main__ - Number of Batches of Data: 100
11/04/2021 18:04:48 - INFO - __main__ - Data Batch Size: 64;
11/04/2021 18:04:50 - INFO - __main__ - Model saved to experiments/ckpt_dirs/qa/nonecl/model_ckpt_000.pt.
11/04/2021 18:04:50 - INFO - __main__ - Start eval_knowledge_retention for UKR @ Timecode=0
11/04/2021 18:05:14 - INFO - __main__ - Upstream Knowledge Retation (UKR@0): 0.8027
11/04/2021 18:05:14 - INFO - __main__ - Start eval_knowledge_generalization for KG @ Timecode=0
11/04/2021 18:06:46 - INFO - __main__ - Future Knowledge Generalization (KG@0): 0.3125
11/04/2021 18:06:46 - INFO - __main__ - Evaluating to get errors .... Timecode: 0
11/04/2021 18:06:50 - INFO - __main__ - Before Error Fixing: {'EM': 0.875, 'QA-F1': 0.8836538461538461}
11/04/2021 18:06:50 - INFO - __main__ - Found 8 errors.
11/04/2021 18:06:50 - INFO - __main__ - Start error-fixing .... Timecode: 0
11/04/2021 18:06:50 - INFO - __main__ - No debugging at all.
11/04/2021 18:06:50 - INFO - __main__ - Start error-fixing .... Done!
11/04/2021 18:06:51 - INFO - __main__ - Overall: 0.4375 from scores=[0.875, 0.0]
11/04/2021 18:06:53 - INFO - __main__ - Model saved to experiments/ckpt_dirs/qa/nonecl/model_ckpt_000.pt.
11/04/2021 18:06:53 - INFO - __main__ - Updated result feule: experiments/results/qa/QA_nonecl_T=100,b=64,alpha=0.98,beta=0.5,gamma=0.5_result.json at Timecode: 0.
11/04/2021 18:06:53 - INFO - __main__ - --------------------------------------------------
11/04/2021 18:06:53 - INFO - __main__ - Evaluating to get errors .... Timecode: 1
11/04/2021 18:06:56 - INFO - __main__ - Before Error Fixing: {'EM': 0.71875, 'QA-F1': 0.7520938263125763}
11/04/2021 18:06:56 - INFO - __main__ - Found 18 errors.
11/04/2021 18:06:56 - INFO - __main__ - Start error-fixing .... Timecode: 1
11/04/2021 18:06:56 - INFO - __main__ - No debugging at all.
11/04/2021 18:06:56 - INFO - __main__ - Start error-fixing .... Done!
11/04/2021 18:06:58 - INFO - __main__ - Overall: 0.3984375 from scores=[0.796875, 0.0]
11/04/2021 18:06:58 - INFO - __main__ - --------------------------------------------------
11/04/2021 18:06:58 - INFO - __main__ - Evaluating to get errors .... Timecode: 2
11/04/2021 18:07:01 - INFO - __main__ - Before Error Fixing: {'EM': 0.8125, 'QA-F1': 0.839688010620915}
11/04/2021 18:07:01 - INFO - __main__ - Found 12 errors.
11/04/2021 18:07:02 - INFO - __main__ - Start error-fixing .... Timecode: 2
11/04/2021 18:07:02 - INFO - __main__ - No debugging at all.
11/04/2021 18:07:02 - INFO - __main__ - Start error-fixing .... Done!
11/04/2021 18:07:03 - INFO - __main__ - Overall: 0.4010416666666667 from scores=[0.8020833333333334, 0.0]
11/04/2021 18:07:03 - INFO - __main__ - --------------------------------------------------
11/04/2021 18:07:03 - INFO - __main__ - Evaluating to get errors .... Timecode: 3
11/04/2021 18:07:07 - INFO - __main__ - Before Error Fixing: {'EM': 0.765625, 'QA-F1': 0.7876736111111111}
11/04/2021 18:07:07 - INFO - __main__ - Found 15 errors.
11/04/2021 18:07:07 - INFO - __main__ - Start error-fixing .... Timecode: 3
11/04/2021 18:07:07 - INFO - __main__ - No debugging at all.
11/04/2021 18:07:07 - INFO - __main__ - Start error-fixing .... Done!
11/04/2021 18:07:09 - INFO - __main__ - Overall: 0.396484375 from scores=[0.79296875, 0.0]
11/04/2021 18:07:09 - INFO - __main__ - --------------------------------------------------
11/04/2021 18:07:09 - INFO - __main__ - Evaluating to get errors .... Timecode: 4
11/04/2021 18:07:13 - INFO - __main__ - Before Error Fixing: {'EM': 0.703125, 'QA-F1': 0.7541104908023011}
11/04/2021 18:07:13 - INFO - __main__ - Found 19 errors.
11/04/2021 18:07:13 - INFO - __main__ - Start error-fixing .... Timecode: 4
11/04/2021 18:07:13 - INFO - __main__ - No debugging at all.
11/04/2021 18:07:13 - INFO - __main__ - Start error-fixing .... Done!
11/04/2021 18:07:14 - INFO - __main__ - Overall: 0.3875 from scores=[0.775, 0.0]
11/04/2021 18:07:14 - INFO - __main__ - --------------------------------------------------
11/04/2021 18:07:14 - INFO - __main__ - Start eval_knowledge_retention for UKR @ Timecode=5
11/04/2021 18:07:37 - INFO - __main__ - Upstream Knowledge Retation (UKR@5): 0.8027
11/04/2021 18:07:37 - INFO - __main__ - len(self.past_submissions) = 320                 < self.debugger_args.okr_sample_size = 512
11/04/2021 18:07:37 - INFO - __main__ - Evaluating to get errors .... Timecode: 5
11/04/2021 18:07:41 - INFO - __main__ - Before Error Fixing: {'EM': 0.78125, 'QA-F1': 0.8179687499999999}
11/04/2021 18:07:41 - INFO - __main__ - Found 14 errors.
11/04/2021 18:07:41 - INFO - __main__ - Start error-fixing .... Timecode: 5
11/04/2021 18:07:41 - INFO - __main__ - No debugging at all.
11/04/2021 18:07:41 - INFO - __main__ - Start error-fixing .... Done!
11/04/2021 18:07:43 - INFO - __main__ - Overall: 0.3880208333333333 from scores=[0.7760416666666666, 0.0]
11/04/2021 18:07:43 - INFO - __main__ - --------------------------------------------------
11/04/2021 18:07:43 - INFO - __main__ - Evaluating to get errors .... Timecode: 6
11/04/2021 18:07:46 - INFO - __main__ - Before Error Fixing: {'EM': 0.6875, 'QA-F1': 0.7125735069668893}
11/04/2021 18:07:46 - INFO - __main__ - Found 20 errors.
11/04/2021 18:07:46 - INFO - __main__ - Start error-fixing .... Timecode: 6
11/04/2021 18:07:46 - INFO - __main__ - No debugging at all.
11/04/2021 18:07:46 - INFO - __main__ - Start error-fixing .... Done!
11/04/2021 18:07:48 - INFO - __main__ - Overall: 0.3816964285714286 from scores=[0.7633928571428572, 0.0]
11/04/2021 18:07:48 - INFO - __main__ - --------------------------------------------------
11/04/2021 18:07:48 - INFO - __main__ - Evaluating to get errors .... Timecode: 7
11/04/2021 18:07:52 - INFO - __main__ - Before Error Fixing: {'EM': 0.75, 'QA-F1': 0.79375}
11/04/2021 18:07:52 - INFO - __main__ - Found 16 errors.
11/04/2021 18:07:52 - INFO - __main__ - Start error-fixing .... Timecode: 7
11/04/2021 18:07:52 - INFO - __main__ - No debugging at all.
11/04/2021 18:07:52 - INFO - __main__ - Start error-fixing .... Done!
11/04/2021 18:07:53 - INFO - __main__ - Overall: 0.380859375 from scores=[0.76171875, 0.0]
11/04/2021 18:07:53 - INFO - __main__ - --------------------------------------------------
11/04/2021 18:07:53 - INFO - __main__ - Evaluating to get errors .... Timecode: 8
11/04/2021 18:07:57 - INFO - __main__ - Before Error Fixing: {'EM': 0.671875, 'QA-F1': 0.7104910714285715}
11/04/2021 18:07:57 - INFO - __main__ - Found 21 errors.
11/04/2021 18:07:57 - INFO - __main__ - Start error-fixing .... Timecode: 8
11/04/2021 18:07:57 - INFO - __main__ - No debugging at all.
11/04/2021 18:07:57 - INFO - __main__ - Start error-fixing .... Done!
11/04/2021 18:07:58 - INFO - __main__ - Overall: 0.3758680555555556 from scores=[0.7517361111111112, 0.0]
11/04/2021 18:07:58 - INFO - __main__ - --------------------------------------------------
11/04/2021 18:07:58 - INFO - __main__ - Evaluating to get errors .... Timecode: 9
11/04/2021 18:08:03 - INFO - __main__ - Before Error Fixing: {'EM': 0.59375, 'QA-F1': 0.6547483766233766}
11/04/2021 18:08:03 - INFO - __main__ - Found 26 errors.
11/04/2021 18:08:04 - INFO - __main__ - Start error-fixing .... Timecode: 9
11/04/2021 18:08:04 - INFO - __main__ - No debugging at all.
11/04/2021 18:08:04 - INFO - __main__ - Start error-fixing .... Done!
11/04/2021 18:08:06 - INFO - __main__ - Overall: 0.36796875 from scores=[0.7359375, 0.0]
11/04/2021 18:08:06 - INFO - __main__ - --------------------------------------------------
11/04/2021 18:08:06 - INFO - __main__ - Start eval_knowledge_retention for UKR @ Timecode=10
11/04/2021 18:08:29 - INFO - __main__ - Upstream Knowledge Retation (UKR@10): 0.8027
11/04/2021 18:08:30 - INFO - __main__ - Start eval_knowledge_retention for OKR @ Timecode=10
11/04/2021 18:09:03 - INFO - __main__ - Online Knowledge Retation (OKR@10): 0.7148
11/04/2021 18:09:03 - INFO - __main__ - Start eval_knowledge_generalization for KG @ Timecode=10
11/04/2021 18:10:35 - INFO - __main__ - Future Knowledge Generalization (KG@10): 0.3125
11/04/2021 18:10:35 - INFO - __main__ - Evaluating to get errors .... Timecode: 10
11/04/2021 18:10:40 - INFO - __main__ - Before Error Fixing: {'EM': 0.609375, 'QA-F1': 0.6551905408902692}
11/04/2021 18:10:40 - INFO - __main__ - Found 25 errors.
11/04/2021 18:10:40 - INFO - __main__ - Start error-fixing .... Timecode: 10
11/04/2021 18:10:40 - INFO - __main__ - No debugging at all.
11/04/2021 18:10:40 - INFO - __main__ - Start error-fixing .... Done!
11/04/2021 18:10:42 - INFO - __main__ - Overall: 0.5109019886363637 from scores=[0.7244318181818181, 0.0, 0.71484375, 0.802734375, 0.3125]
11/04/2021 18:10:44 - INFO - __main__ - Model saved to experiments/ckpt_dirs/qa/nonecl/model_ckpt_010.pt.
11/04/2021 18:10:44 - INFO - __main__ - Updated result feule: experiments/results/qa/QA_nonecl_T=100,b=64,alpha=0.98,beta=0.5,gamma=0.5_result.json at Timecode: 10.
11/04/2021 18:10:44 - INFO - __main__ - --------------------------------------------------
11/04/2021 18:10:44 - INFO - __main__ - Evaluating to get errors .... Timecode: 11
11/04/2021 18:10:49 - INFO - __main__ - Before Error Fixing: {'EM': 0.75, 'QA-F1': 0.765625}
11/04/2021 18:10:49 - INFO - __main__ - Found 16 errors.
11/04/2021 18:10:49 - INFO - __main__ - Start error-fixing .... Timecode: 11
11/04/2021 18:10:49 - INFO - __main__ - No debugging at all.
11/04/2021 18:10:49 - INFO - __main__ - Start error-fixing .... Done!
11/04/2021 18:10:50 - INFO - __main__ - Overall: 0.511328125 from scores=[0.7265625, 0.0, 0.71484375, 0.802734375, 0.3125]
11/04/2021 18:10:50 - INFO - __main__ - --------------------------------------------------
11/04/2021 18:10:50 - INFO - __main__ - Evaluating to get errors .... Timecode: 12
11/04/2021 18:10:55 - INFO - __main__ - Before Error Fixing: {'EM': 0.734375, 'QA-F1': 0.7685267857142857}
11/04/2021 18:10:55 - INFO - __main__ - Found 17 errors.
11/04/2021 18:10:55 - INFO - __main__ - Start error-fixing .... Timecode: 12
11/04/2021 18:10:55 - INFO - __main__ - No debugging at all.
11/04/2021 18:10:55 - INFO - __main__ - Start error-fixing .... Done!
11/04/2021 18:10:56 - INFO - __main__ - Overall: 0.5114483173076924 from scores=[0.7271634615384616, 0.0, 0.71484375, 0.802734375, 0.3125]
11/04/2021 18:10:56 - INFO - __main__ - --------------------------------------------------
11/04/2021 18:10:56 - INFO - __main__ - Evaluating to get errors .... Timecode: 13
11/04/2021 18:11:01 - INFO - __main__ - Before Error Fixing: {'EM': 0.671875, 'QA-F1': 0.6905680973615757}
11/04/2021 18:11:01 - INFO - __main__ - Found 21 errors.
11/04/2021 18:11:01 - INFO - __main__ - Start error-fixing .... Timecode: 13
11/04/2021 18:11:01 - INFO - __main__ - No debugging at all.
11/04/2021 18:11:01 - INFO - __main__ - Start error-fixing .... Done!
11/04/2021 18:11:03 - INFO - __main__ - Overall: 0.5106584821428571 from scores=[0.7232142857142857, 0.0, 0.71484375, 0.802734375, 0.3125]
11/04/2021 18:11:03 - INFO - __main__ - --------------------------------------------------
11/04/2021 18:11:03 - INFO - __main__ - Evaluating to get errors .... Timecode: 14
11/04/2021 18:11:07 - INFO - __main__ - Before Error Fixing: {'EM': 0.65625, 'QA-F1': 0.6875891012759618}
11/04/2021 18:11:07 - INFO - __main__ - Found 22 errors.
11/04/2021 18:11:07 - INFO - __main__ - Start error-fixing .... Timecode: 14
11/04/2021 18:11:07 - INFO - __main__ - No debugging at all.
11/04/2021 18:11:07 - INFO - __main__ - Start error-fixing .... Done!
11/04/2021 18:11:09 - INFO - __main__ - Overall: 0.509765625 from scores=[0.71875, 0.0, 0.71484375, 0.802734375, 0.3125]
11/04/2021 18:11:09 - INFO - __main__ - --------------------------------------------------
11/04/2021 18:11:09 - INFO - __main__ - Start eval_knowledge_retention for UKR @ Timecode=15
11/04/2021 18:11:32 - INFO - __main__ - Upstream Knowledge Retation (UKR@15): 0.8027
11/04/2021 18:11:32 - INFO - __main__ - Start eval_knowledge_retention for OKR @ Timecode=15
11/04/2021 18:12:07 - INFO - __main__ - Online Knowledge Retation (OKR@15): 0.7168
11/04/2021 18:12:07 - INFO - __main__ - Evaluating to get errors .... Timecode: 15
11/04/2021 18:12:11 - INFO - __main__ - Before Error Fixing: {'EM': 0.59375, 'QA-F1': 0.6437244689542483}
11/04/2021 18:12:11 - INFO - __main__ - Found 26 errors.
11/04/2021 18:12:11 - INFO - __main__ - Start error-fixing .... Timecode: 15
11/04/2021 18:12:11 - INFO - __main__ - No debugging at all.
11/04/2021 18:12:11 - INFO - __main__ - Start error-fixing .... Done!
11/04/2021 18:12:13 - INFO - __main__ - Overall: 0.50859375 from scores=[0.7109375, 0.0, 0.716796875, 0.802734375, 0.3125]
11/04/2021 18:12:13 - INFO - __main__ - --------------------------------------------------
11/04/2021 18:12:13 - INFO - __main__ - Evaluating to get errors .... Timecode: 16
11/04/2021 18:12:17 - INFO - __main__ - Before Error Fixing: {'EM': 0.65625, 'QA-F1': 0.6890157543995858}
11/04/2021 18:12:17 - INFO - __main__ - Found 22 errors.
11/04/2021 18:12:18 - INFO - __main__ - Start error-fixing .... Timecode: 16
11/04/2021 18:12:18 - INFO - __main__ - No debugging at all.
11/04/2021 18:12:18 - INFO - __main__ - Start error-fixing .... Done!
11/04/2021 18:12:19 - INFO - __main__ - Overall: 0.5079503676470589 from scores=[0.7077205882352942, 0.0, 0.716796875, 0.802734375, 0.3125]
11/04/2021 18:12:19 - INFO - __main__ - --------------------------------------------------
11/04/2021 18:12:19 - INFO - __main__ - Evaluating to get errors .... Timecode: 17
11/04/2021 18:12:23 - INFO - __main__ - Before Error Fixing: {'EM': 0.65625, 'QA-F1': 0.6761904761904762}
11/04/2021 18:12:23 - INFO - __main__ - Found 22 errors.
11/04/2021 18:12:24 - INFO - __main__ - Start error-fixing .... Timecode: 17
11/04/2021 18:12:24 - INFO - __main__ - No debugging at all.
11/04/2021 18:12:24 - INFO - __main__ - Start error-fixing .... Done!
11/04/2021 18:12:25 - INFO - __main__ - Overall: 0.5073784722222222 from scores=[0.7048611111111112, 0.0, 0.716796875, 0.802734375, 0.3125]
11/04/2021 18:12:25 - INFO - __main__ - --------------------------------------------------
11/04/2021 18:12:25 - INFO - __main__ - Evaluating to get errors .... Timecode: 18
11/04/2021 18:12:30 - INFO - __main__ - Before Error Fixing: {'EM': 0.5625, 'QA-F1': 0.614391597985348}
11/04/2021 18:12:30 - INFO - __main__ - Found 28 errors.
11/04/2021 18:12:30 - INFO - __main__ - Start error-fixing .... Timecode: 18
11/04/2021 18:12:30 - INFO - __main__ - No debugging at all.
11/04/2021 18:12:30 - INFO - __main__ - Start error-fixing .... Done!
11/04/2021 18:12:33 - INFO - __main__ - Overall: 0.5058799342105263 from scores=[0.6973684210526316, 0.0, 0.716796875, 0.802734375, 0.3125]
11/04/2021 18:12:33 - INFO - __main__ - --------------------------------------------------
11/04/2021 18:12:33 - INFO - __main__ - Evaluating to get errors .... Timecode: 19
11/04/2021 18:12:38 - INFO - __main__ - Before Error Fixing: {'EM': 0.640625, 'QA-F1': 0.6776498440285205}
11/04/2021 18:12:38 - INFO - __main__ - Found 23 errors.
11/04/2021 18:12:38 - INFO - __main__ - Start error-fixing .... Timecode: 19
11/04/2021 18:12:38 - INFO - __main__ - No debugging at all.
11/04/2021 18:12:38 - INFO - __main__ - Start error-fixing .... Done!
11/04/2021 18:12:40 - INFO - __main__ - Overall: 0.5053124999999999 from scores=[0.69453125, 0.0, 0.716796875, 0.802734375, 0.3125]
11/04/2021 18:12:40 - INFO - __main__ - --------------------------------------------------
11/04/2021 18:12:40 - INFO - __main__ - Start eval_knowledge_retention for UKR @ Timecode=20
11/04/2021 18:13:04 - INFO - __main__ - Upstream Knowledge Retation (UKR@20): 0.8027
11/04/2021 18:13:04 - INFO - __main__ - Start eval_knowledge_retention for OKR @ Timecode=20
11/04/2021 18:13:38 - INFO - __main__ - Online Knowledge Retation (OKR@20): 0.6777
11/04/2021 18:13:38 - INFO - __main__ - Start eval_knowledge_generalization for KG @ Timecode=20
11/04/2021 18:15:10 - INFO - __main__ - Future Knowledge Generalization (KG@20): 0.3125
11/04/2021 18:15:10 - INFO - __main__ - Evaluating to get errors .... Timecode: 20
11/04/2021 18:15:14 - INFO - __main__ - Before Error Fixing: {'EM': 0.671875, 'QA-F1': 0.7405411122782446}
11/04/2021 18:15:14 - INFO - __main__ - Found 21 errors.
11/04/2021 18:15:14 - INFO - __main__ - Start error-fixing .... Timecode: 20
11/04/2021 18:15:14 - INFO - __main__ - No debugging at all.
11/04/2021 18:15:14 - INFO - __main__ - Start error-fixing .... Done!
11/04/2021 18:15:16 - INFO - __main__ - Overall: 0.4972842261904762 from scores=[0.6934523809523809, 0.0, 0.677734375, 0.802734375, 0.3125]
11/04/2021 18:15:18 - INFO - __main__ - Model saved to experiments/ckpt_dirs/qa/nonecl/model_ckpt_020.pt.
11/04/2021 18:15:18 - INFO - __main__ - Updated result feule: experiments/results/qa/QA_nonecl_T=100,b=64,alpha=0.98,beta=0.5,gamma=0.5_result.json at Timecode: 20.
11/04/2021 18:15:18 - INFO - __main__ - --------------------------------------------------
11/04/2021 18:15:18 - INFO - __main__ - Evaluating to get errors .... Timecode: 21
11/04/2021 18:15:23 - INFO - __main__ - Before Error Fixing: {'EM': 0.71875, 'QA-F1': 0.752216926873939}
11/04/2021 18:15:23 - INFO - __main__ - Found 18 errors.
11/04/2021 18:15:23 - INFO - __main__ - Start error-fixing .... Timecode: 21
11/04/2021 18:15:23 - INFO - __main__ - No debugging at all.
11/04/2021 18:15:23 - INFO - __main__ - Start error-fixing .... Done!
11/04/2021 18:15:25 - INFO - __main__ - Overall: 0.4975142045454545 from scores=[0.6946022727272727, 0.0, 0.677734375, 0.802734375, 0.3125]
11/04/2021 18:15:25 - INFO - __main__ - --------------------------------------------------
11/04/2021 18:15:25 - INFO - __main__ - Evaluating to get errors .... Timecode: 22
11/04/2021 18:15:30 - INFO - __main__ - Before Error Fixing: {'EM': 0.5625, 'QA-F1': 0.603374647556391}
11/04/2021 18:15:30 - INFO - __main__ - Found 28 errors.
11/04/2021 18:15:30 - INFO - __main__ - Start error-fixing .... Timecode: 22
11/04/2021 18:15:30 - INFO - __main__ - No debugging at all.
11/04/2021 18:15:30 - INFO - __main__ - Start error-fixing .... Done!
11/04/2021 18:15:33 - INFO - __main__ - Overall: 0.49636548913043477 from scores=[0.6888586956521738, 0.0, 0.677734375, 0.802734375, 0.3125]
11/04/2021 18:15:33 - INFO - __main__ - --------------------------------------------------
11/04/2021 18:15:33 - INFO - __main__ - Evaluating to get errors .... Timecode: 23
11/04/2021 18:15:37 - INFO - __main__ - Before Error Fixing: {'EM': 0.5625, 'QA-F1': 0.5801814952520598}
11/04/2021 18:15:37 - INFO - __main__ - Found 28 errors.
11/04/2021 18:15:37 - INFO - __main__ - Start error-fixing .... Timecode: 23
11/04/2021 18:15:37 - INFO - __main__ - No debugging at all.
11/04/2021 18:15:37 - INFO - __main__ - Start error-fixing .... Done!
11/04/2021 18:15:40 - INFO - __main__ - Overall: 0.4953125 from scores=[0.68359375, 0.0, 0.677734375, 0.802734375, 0.3125]
11/04/2021 18:15:40 - INFO - __main__ - --------------------------------------------------
11/04/2021 18:15:40 - INFO - __main__ - Evaluating to get errors .... Timecode: 24
11/04/2021 18:15:44 - INFO - __main__ - Before Error Fixing: {'EM': 0.6875, 'QA-F1': 0.7064826998050682}
11/04/2021 18:15:44 - INFO - __main__ - Found 20 errors.
11/04/2021 18:15:44 - INFO - __main__ - Start error-fixing .... Timecode: 24
11/04/2021 18:15:44 - INFO - __main__ - No debugging at all.
11/04/2021 18:15:44 - INFO - __main__ - Start error-fixing .... Done!
11/04/2021 18:15:46 - INFO - __main__ - Overall: 0.49534374999999997 from scores=[0.6837500000000001, 0.0, 0.677734375, 0.802734375, 0.3125]
11/04/2021 18:15:46 - INFO - __main__ - --------------------------------------------------
11/04/2021 18:15:46 - INFO - __main__ - Start eval_knowledge_retention for UKR @ Timecode=25
11/04/2021 18:16:09 - INFO - __main__ - Upstream Knowledge Retation (UKR@25): 0.8027
11/04/2021 18:16:10 - INFO - __main__ - Start eval_knowledge_retention for OKR @ Timecode=25
11/04/2021 18:16:44 - INFO - __main__ - Online Knowledge Retation (OKR@25): 0.7051
11/04/2021 18:16:44 - INFO - __main__ - Evaluating to get errors .... Timecode: 25
11/04/2021 18:16:48 - INFO - __main__ - Before Error Fixing: {'EM': 0.671875, 'QA-F1': 0.7257208503302253}
11/04/2021 18:16:48 - INFO - __main__ - Found 21 errors.
11/04/2021 18:16:48 - INFO - __main__ - Start error-fixing .... Timecode: 25
11/04/2021 18:16:48 - INFO - __main__ - No debugging at all.
11/04/2021 18:16:48 - INFO - __main__ - Start error-fixing .... Done!
11/04/2021 18:16:49 - INFO - __main__ - Overall: 0.5007211538461538 from scores=[0.6832932692307692, 0.0, 0.705078125, 0.802734375, 0.3125]
11/04/2021 18:16:49 - INFO - __main__ - --------------------------------------------------
11/04/2021 18:16:49 - INFO - __main__ - Evaluating to get errors .... Timecode: 26
11/04/2021 18:16:53 - INFO - __main__ - Before Error Fixing: {'EM': 0.5625, 'QA-F1': 0.6100769305422837}
11/04/2021 18:16:53 - INFO - __main__ - Found 28 errors.
11/04/2021 18:16:53 - INFO - __main__ - Start error-fixing .... Timecode: 26
11/04/2021 18:16:53 - INFO - __main__ - No debugging at all.
11/04/2021 18:16:53 - INFO - __main__ - Start error-fixing .... Done!
11/04/2021 18:16:55 - INFO - __main__ - Overall: 0.4998263888888889 from scores=[0.6788194444444444, 0.0, 0.705078125, 0.802734375, 0.3125]
11/04/2021 18:16:55 - INFO - __main__ - --------------------------------------------------
11/04/2021 18:16:55 - INFO - __main__ - Evaluating to get errors .... Timecode: 27
11/04/2021 18:17:00 - INFO - __main__ - Before Error Fixing: {'EM': 0.578125, 'QA-F1': 0.6083934294871794}
11/04/2021 18:17:00 - INFO - __main__ - Found 27 errors.
11/04/2021 18:17:00 - INFO - __main__ - Start error-fixing .... Timecode: 27
11/04/2021 18:17:00 - INFO - __main__ - No debugging at all.
11/04/2021 18:17:00 - INFO - __main__ - Start error-fixing .... Done!
11/04/2021 18:17:02 - INFO - __main__ - Overall: 0.49910714285714286 from scores=[0.6752232142857143, 0.0, 0.705078125, 0.802734375, 0.3125]
11/04/2021 18:17:02 - INFO - __main__ - --------------------------------------------------
11/04/2021 18:17:02 - INFO - __main__ - Evaluating to get errors .... Timecode: 28
11/04/2021 18:17:07 - INFO - __main__ - Before Error Fixing: {'EM': 0.6875, 'QA-F1': 0.7095862575102505}
11/04/2021 18:17:07 - INFO - __main__ - Found 20 errors.
11/04/2021 18:17:07 - INFO - __main__ - Start error-fixing .... Timecode: 28
11/04/2021 18:17:07 - INFO - __main__ - No debugging at all.
11/04/2021 18:17:07 - INFO - __main__ - Start error-fixing .... Done!
11/04/2021 18:17:09 - INFO - __main__ - Overall: 0.49919181034482757 from scores=[0.6756465517241379, 0.0, 0.705078125, 0.802734375, 0.3125]
11/04/2021 18:17:09 - INFO - __main__ - --------------------------------------------------
11/04/2021 18:17:09 - INFO - __main__ - Evaluating to get errors .... Timecode: 29
11/04/2021 18:17:14 - INFO - __main__ - Before Error Fixing: {'EM': 0.578125, 'QA-F1': 0.6423516281512605}
11/04/2021 18:17:14 - INFO - __main__ - Found 27 errors.
11/04/2021 18:17:14 - INFO - __main__ - Start error-fixing .... Timecode: 29
11/04/2021 18:17:14 - INFO - __main__ - No debugging at all.
11/04/2021 18:17:14 - INFO - __main__ - Start error-fixing .... Done!
11/04/2021 18:17:16 - INFO - __main__ - Overall: 0.49854166666666666 from scores=[0.6723958333333333, 0.0, 0.705078125, 0.802734375, 0.3125]
11/04/2021 18:17:16 - INFO - __main__ - --------------------------------------------------
11/04/2021 18:17:16 - INFO - __main__ - Start eval_knowledge_retention for UKR @ Timecode=30
11/04/2021 18:17:39 - INFO - __main__ - Upstream Knowledge Retation (UKR@30): 0.8027
11/04/2021 18:17:40 - INFO - __main__ - Start eval_knowledge_retention for OKR @ Timecode=30
11/04/2021 18:18:14 - INFO - __main__ - Online Knowledge Retation (OKR@30): 0.6895
11/04/2021 18:18:14 - INFO - __main__ - Start eval_knowledge_generalization for KG @ Timecode=30
11/04/2021 18:19:46 - INFO - __main__ - Future Knowledge Generalization (KG@30): 0.3125
11/04/2021 18:19:46 - INFO - __main__ - Evaluating to get errors .... Timecode: 30
11/04/2021 18:19:51 - INFO - __main__ - Before Error Fixing: {'EM': 0.75, 'QA-F1': 0.7860849567099567}
11/04/2021 18:19:51 - INFO - __main__ - Found 16 errors.
11/04/2021 18:19:51 - INFO - __main__ - Start error-fixing .... Timecode: 30
11/04/2021 18:19:51 - INFO - __main__ - No debugging at all.
11/04/2021 18:19:51 - INFO - __main__ - Start error-fixing .... Done!
11/04/2021 18:19:52 - INFO - __main__ - Overall: 0.4959173387096774 from scores=[0.6748991935483871, 0.0, 0.689453125, 0.802734375, 0.3125]
11/04/2021 18:19:54 - INFO - __main__ - Model saved to experiments/ckpt_dirs/qa/nonecl/model_ckpt_030.pt.
11/04/2021 18:19:54 - INFO - __main__ - Updated result feule: experiments/results/qa/QA_nonecl_T=100,b=64,alpha=0.98,beta=0.5,gamma=0.5_result.json at Timecode: 30.
11/04/2021 18:19:54 - INFO - __main__ - --------------------------------------------------
11/04/2021 18:19:54 - INFO - __main__ - Evaluating to get errors .... Timecode: 31
11/04/2021 18:19:59 - INFO - __main__ - Before Error Fixing: {'EM': 0.5625, 'QA-F1': 0.6027686403508772}
11/04/2021 18:19:59 - INFO - __main__ - Found 28 errors.
11/04/2021 18:19:59 - INFO - __main__ - Start error-fixing .... Timecode: 31
11/04/2021 18:19:59 - INFO - __main__ - No debugging at all.
11/04/2021 18:19:59 - INFO - __main__ - Start error-fixing .... Done!
11/04/2021 18:20:02 - INFO - __main__ - Overall: 0.49521484375 from scores=[0.67138671875, 0.0, 0.689453125, 0.802734375, 0.3125]
11/04/2021 18:20:02 - INFO - __main__ - --------------------------------------------------
11/04/2021 18:20:02 - INFO - __main__ - Evaluating to get errors .... Timecode: 32
11/04/2021 18:20:07 - INFO - __main__ - Before Error Fixing: {'EM': 0.6875, 'QA-F1': 0.7213045634920634}
11/04/2021 18:20:07 - INFO - __main__ - Found 20 errors.
11/04/2021 18:20:07 - INFO - __main__ - Start error-fixing .... Timecode: 32
11/04/2021 18:20:07 - INFO - __main__ - No debugging at all.
11/04/2021 18:20:07 - INFO - __main__ - Start error-fixing .... Done!
11/04/2021 18:20:09 - INFO - __main__ - Overall: 0.4953125 from scores=[0.671875, 0.0, 0.689453125, 0.802734375, 0.3125]
11/04/2021 18:20:09 - INFO - __main__ - --------------------------------------------------
11/04/2021 18:20:09 - INFO - __main__ - Evaluating to get errors .... Timecode: 33
11/04/2021 18:20:13 - INFO - __main__ - Before Error Fixing: {'EM': 0.53125, 'QA-F1': 0.5701802446457052}
11/04/2021 18:20:13 - INFO - __main__ - Found 30 errors.
11/04/2021 18:20:14 - INFO - __main__ - Start error-fixing .... Timecode: 33
11/04/2021 18:20:14 - INFO - __main__ - No debugging at all.
11/04/2021 18:20:14 - INFO - __main__ - Start error-fixing .... Done!
11/04/2021 18:20:16 - INFO - __main__ - Overall: 0.4944852941176471 from scores=[0.6677389705882353, 0.0, 0.689453125, 0.802734375, 0.3125]
11/04/2021 18:20:16 - INFO - __main__ - --------------------------------------------------
11/04/2021 18:20:16 - INFO - __main__ - Evaluating to get errors .... Timecode: 34
11/04/2021 18:20:21 - INFO - __main__ - Before Error Fixing: {'EM': 0.5625, 'QA-F1': 0.6029321876600102}
11/04/2021 18:20:21 - INFO - __main__ - Found 28 errors.
11/04/2021 18:20:21 - INFO - __main__ - Start error-fixing .... Timecode: 34
11/04/2021 18:20:21 - INFO - __main__ - No debugging at all.
11/04/2021 18:20:21 - INFO - __main__ - Start error-fixing .... Done!
11/04/2021 18:20:24 - INFO - __main__ - Overall: 0.4938839285714286 from scores=[0.6647321428571429, 0.0, 0.689453125, 0.802734375, 0.3125]
11/04/2021 18:20:24 - INFO - __main__ - --------------------------------------------------
11/04/2021 18:20:24 - INFO - __main__ - Start eval_knowledge_retention for UKR @ Timecode=35
11/04/2021 18:20:47 - INFO - __main__ - Upstream Knowledge Retation (UKR@35): 0.8027
11/04/2021 18:20:48 - INFO - __main__ - Start eval_knowledge_retention for OKR @ Timecode=35
11/04/2021 18:21:24 - INFO - __main__ - Online Knowledge Retation (OKR@35): 0.6875
11/04/2021 18:21:24 - INFO - __main__ - Evaluating to get errors .... Timecode: 35
11/04/2021 18:21:29 - INFO - __main__ - Before Error Fixing: {'EM': 0.5, 'QA-F1': 0.5496521856985792}
11/04/2021 18:21:29 - INFO - __main__ - Found 32 errors.
11/04/2021 18:21:29 - INFO - __main__ - Start error-fixing .... Timecode: 35
11/04/2021 18:21:29 - INFO - __main__ - No debugging at all.
11/04/2021 18:21:29 - INFO - __main__ - Start error-fixing .... Done!
11/04/2021 18:21:32 - INFO - __main__ - Overall: 0.492578125 from scores=[0.66015625, 0.0, 0.6875, 0.802734375, 0.3125]
11/04/2021 18:21:32 - INFO - __main__ - --------------------------------------------------
11/04/2021 18:21:32 - INFO - __main__ - Evaluating to get errors .... Timecode: 36
11/04/2021 18:21:35 - INFO - __main__ - Before Error Fixing: {'EM': 0.53125, 'QA-F1': 0.5718739721267294}
11/04/2021 18:21:35 - INFO - __main__ - Found 30 errors.
11/04/2021 18:21:36 - INFO - __main__ - Start error-fixing .... Timecode: 36
11/04/2021 18:21:36 - INFO - __main__ - No debugging at all.
11/04/2021 18:21:36 - INFO - __main__ - Start error-fixing .... Done!
11/04/2021 18:21:38 - INFO - __main__ - Overall: 0.4918813344594595 from scores=[0.6566722972972974, 0.0, 0.6875, 0.802734375, 0.3125]
11/04/2021 18:21:38 - INFO - __main__ - --------------------------------------------------
11/04/2021 18:21:38 - INFO - __main__ - Evaluating to get errors .... Timecode: 37
11/04/2021 18:21:42 - INFO - __main__ - Before Error Fixing: {'EM': 0.53125, 'QA-F1': 0.5796860561549763}
11/04/2021 18:21:42 - INFO - __main__ - Found 30 errors.
11/04/2021 18:21:43 - INFO - __main__ - Start error-fixing .... Timecode: 37
11/04/2021 18:21:43 - INFO - __main__ - No debugging at all.
11/04/2021 18:21:43 - INFO - __main__ - Start error-fixing .... Done!
11/04/2021 18:21:45 - INFO - __main__ - Overall: 0.4912212171052632 from scores=[0.6533717105263157, 0.0, 0.6875, 0.802734375, 0.3125]
11/04/2021 18:21:45 - INFO - __main__ - --------------------------------------------------
11/04/2021 18:21:45 - INFO - __main__ - Evaluating to get errors .... Timecode: 38
11/04/2021 18:21:50 - INFO - __main__ - Before Error Fixing: {'EM': 0.515625, 'QA-F1': 0.5539302337096454}
11/04/2021 18:21:50 - INFO - __main__ - Found 31 errors.
11/04/2021 18:21:50 - INFO - __main__ - Start error-fixing .... Timecode: 38
11/04/2021 18:21:50 - INFO - __main__ - No debugging at all.
11/04/2021 18:21:50 - INFO - __main__ - Start error-fixing .... Done!
11/04/2021 18:21:52 - INFO - __main__ - Overall: 0.49051482371794874 from scores=[0.6498397435897436, 0.0, 0.6875, 0.802734375, 0.3125]
11/04/2021 18:21:52 - INFO - __main__ - --------------------------------------------------
11/04/2021 18:21:52 - INFO - __main__ - Evaluating to get errors .... Timecode: 39
11/04/2021 18:21:57 - INFO - __main__ - Before Error Fixing: {'EM': 0.375, 'QA-F1': 0.4200179110105581}
11/04/2021 18:21:57 - INFO - __main__ - Found 40 errors.
11/04/2021 18:21:57 - INFO - __main__ - Start error-fixing .... Timecode: 39
11/04/2021 18:21:57 - INFO - __main__ - No debugging at all.
11/04/2021 18:21:57 - INFO - __main__ - Start error-fixing .... Done!
11/04/2021 18:22:01 - INFO - __main__ - Overall: 0.489140625 from scores=[0.64296875, 0.0, 0.6875, 0.802734375, 0.3125]
11/04/2021 18:22:01 - INFO - __main__ - --------------------------------------------------
11/04/2021 18:22:01 - INFO - __main__ - Start eval_knowledge_retention for UKR @ Timecode=40
11/04/2021 18:22:24 - INFO - __main__ - Upstream Knowledge Retation (UKR@40): 0.8027
11/04/2021 18:22:25 - INFO - __main__ - Start eval_knowledge_retention for OKR @ Timecode=40
11/04/2021 18:22:59 - INFO - __main__ - Online Knowledge Retation (OKR@40): 0.6406
11/04/2021 18:22:59 - INFO - __main__ - Start eval_knowledge_generalization for KG @ Timecode=40
11/04/2021 18:24:30 - INFO - __main__ - Future Knowledge Generalization (KG@40): 0.3125
11/04/2021 18:24:30 - INFO - __main__ - Evaluating to get errors .... Timecode: 40
11/04/2021 18:24:35 - INFO - __main__ - Before Error Fixing: {'EM': 0.578125, 'QA-F1': 0.5987925543024227}
11/04/2021 18:24:35 - INFO - __main__ - Found 27 errors.
11/04/2021 18:24:35 - INFO - __main__ - Start error-fixing .... Timecode: 40
11/04/2021 18:24:35 - INFO - __main__ - No debugging at all.
11/04/2021 18:24:35 - INFO - __main__ - Start error-fixing .... Done!
11/04/2021 18:24:38 - INFO - __main__ - Overall: 0.4794493140243903 from scores=[0.6413871951219512, 0.0, 0.640625, 0.802734375, 0.3125]
11/04/2021 18:24:40 - INFO - __main__ - Model saved to experiments/ckpt_dirs/qa/nonecl/model_ckpt_040.pt.
11/04/2021 18:24:40 - INFO - __main__ - Updated result feule: experiments/results/qa/QA_nonecl_T=100,b=64,alpha=0.98,beta=0.5,gamma=0.5_result.json at Timecode: 40.
11/04/2021 18:24:40 - INFO - __main__ - --------------------------------------------------
11/04/2021 18:24:40 - INFO - __main__ - Evaluating to get errors .... Timecode: 41
11/04/2021 18:24:45 - INFO - __main__ - Before Error Fixing: {'EM': 0.609375, 'QA-F1': 0.6480536252962723}
11/04/2021 18:24:45 - INFO - __main__ - Found 25 errors.
11/04/2021 18:24:45 - INFO - __main__ - Start error-fixing .... Timecode: 41
11/04/2021 18:24:45 - INFO - __main__ - No debugging at all.
11/04/2021 18:24:45 - INFO - __main__ - Start error-fixing .... Done!
11/04/2021 18:24:47 - INFO - __main__ - Overall: 0.479296875 from scores=[0.640625, 0.0, 0.640625, 0.802734375, 0.3125]
11/04/2021 18:24:47 - INFO - __main__ - --------------------------------------------------
11/04/2021 18:24:47 - INFO - __main__ - Evaluating to get errors .... Timecode: 42
11/04/2021 18:24:53 - INFO - __main__ - Before Error Fixing: {'EM': 0.5625, 'QA-F1': 0.6143101511437908}
11/04/2021 18:24:53 - INFO - __main__ - Found 28 errors.
11/04/2021 18:24:53 - INFO - __main__ - Start error-fixing .... Timecode: 42
11/04/2021 18:24:53 - INFO - __main__ - No debugging at all.
11/04/2021 18:24:53 - INFO - __main__ - Start error-fixing .... Done!
11/04/2021 18:24:55 - INFO - __main__ - Overall: 0.4789335029069767 from scores=[0.6388081395348837, 0.0, 0.640625, 0.802734375, 0.3125]
11/04/2021 18:24:55 - INFO - __main__ - --------------------------------------------------
11/04/2021 18:24:55 - INFO - __main__ - Evaluating to get errors .... Timecode: 43
11/04/2021 18:25:00 - INFO - __main__ - Before Error Fixing: {'EM': 0.40625, 'QA-F1': 0.4729992079176862}
11/04/2021 18:25:00 - INFO - __main__ - Found 38 errors.
11/04/2021 18:25:00 - INFO - __main__ - Start error-fixing .... Timecode: 43
11/04/2021 18:25:00 - INFO - __main__ - No debugging at all.
11/04/2021 18:25:00 - INFO - __main__ - Start error-fixing .... Done!
11/04/2021 18:25:03 - INFO - __main__ - Overall: 0.4778764204545455 from scores=[0.6335227272727273, 0.0, 0.640625, 0.802734375, 0.3125]
11/04/2021 18:25:03 - INFO - __main__ - --------------------------------------------------
11/04/2021 18:25:03 - INFO - __main__ - Evaluating to get errors .... Timecode: 44
11/04/2021 18:25:08 - INFO - __main__ - Before Error Fixing: {'EM': 0.484375, 'QA-F1': 0.5220892176314971}
11/04/2021 18:25:08 - INFO - __main__ - Found 33 errors.
11/04/2021 18:25:08 - INFO - __main__ - Start error-fixing .... Timecode: 44
11/04/2021 18:25:08 - INFO - __main__ - No debugging at all.
11/04/2021 18:25:08 - INFO - __main__ - Start error-fixing .... Done!
11/04/2021 18:25:11 - INFO - __main__ - Overall: 0.47721354166666663 from scores=[0.6302083333333333, 0.0, 0.640625, 0.802734375, 0.3125]
11/04/2021 18:25:11 - INFO - __main__ - --------------------------------------------------
11/04/2021 18:25:11 - INFO - __main__ - Start eval_knowledge_retention for UKR @ Timecode=45
11/04/2021 18:25:34 - INFO - __main__ - Upstream Knowledge Retation (UKR@45): 0.8027
11/04/2021 18:25:35 - INFO - __main__ - Start eval_knowledge_retention for OKR @ Timecode=45
11/04/2021 18:26:10 - INFO - __main__ - Online Knowledge Retation (OKR@45): 0.6387
11/04/2021 18:26:10 - INFO - __main__ - Evaluating to get errors .... Timecode: 45
11/04/2021 18:26:15 - INFO - __main__ - Before Error Fixing: {'EM': 0.5, 'QA-F1': 0.5440802763413057}
11/04/2021 18:26:15 - INFO - __main__ - Found 32 errors.
11/04/2021 18:26:15 - INFO - __main__ - Start error-fixing .... Timecode: 45
11/04/2021 18:26:15 - INFO - __main__ - No debugging at all.
11/04/2021 18:26:15 - INFO - __main__ - Start error-fixing .... Done!
11/04/2021 18:26:18 - INFO - __main__ - Overall: 0.47625679347826083 from scores=[0.6273777173913043, 0.0, 0.638671875, 0.802734375, 0.3125]
11/04/2021 18:26:18 - INFO - __main__ - --------------------------------------------------
11/04/2021 18:26:18 - INFO - __main__ - Evaluating to get errors .... Timecode: 46
11/04/2021 18:26:22 - INFO - __main__ - Before Error Fixing: {'EM': 0.484375, 'QA-F1': 0.5151547798606623}
11/04/2021 18:26:22 - INFO - __main__ - Found 33 errors.
11/04/2021 18:26:23 - INFO - __main__ - Start error-fixing .... Timecode: 46
11/04/2021 18:26:23 - INFO - __main__ - No debugging at all.
11/04/2021 18:26:23 - INFO - __main__ - Start error-fixing .... Done!
11/04/2021 18:26:25 - INFO - __main__ - Overall: 0.47564827127659576 from scores=[0.6243351063829787, 0.0, 0.638671875, 0.802734375, 0.3125]
11/04/2021 18:26:25 - INFO - __main__ - --------------------------------------------------
11/04/2021 18:26:25 - INFO - __main__ - Evaluating to get errors .... Timecode: 47
11/04/2021 18:26:30 - INFO - __main__ - Before Error Fixing: {'EM': 0.5, 'QA-F1': 0.5227596938752461}
11/04/2021 18:26:30 - INFO - __main__ - Found 32 errors.
11/04/2021 18:26:30 - INFO - __main__ - Start error-fixing .... Timecode: 47
11/04/2021 18:26:30 - INFO - __main__ - No debugging at all.
11/04/2021 18:26:30 - INFO - __main__ - Start error-fixing .... Done!
11/04/2021 18:26:33 - INFO - __main__ - Overall: 0.4751302083333334 from scores=[0.6217447916666667, 0.0, 0.638671875, 0.802734375, 0.3125]
11/04/2021 18:26:33 - INFO - __main__ - --------------------------------------------------
11/04/2021 18:26:33 - INFO - __main__ - Evaluating to get errors .... Timecode: 48
11/04/2021 18:26:38 - INFO - __main__ - Before Error Fixing: {'EM': 0.609375, 'QA-F1': 0.6405164930555556}
11/04/2021 18:26:38 - INFO - __main__ - Found 25 errors.
11/04/2021 18:26:38 - INFO - __main__ - Start error-fixing .... Timecode: 48
11/04/2021 18:26:38 - INFO - __main__ - No debugging at all.
11/04/2021 18:26:38 - INFO - __main__ - Start error-fixing .... Done!
11/04/2021 18:26:40 - INFO - __main__ - Overall: 0.47507971938775506 from scores=[0.6214923469387755, 0.0, 0.638671875, 0.802734375, 0.3125]
11/04/2021 18:26:40 - INFO - __main__ - --------------------------------------------------
11/04/2021 18:26:40 - INFO - __main__ - Evaluating to get errors .... Timecode: 49
11/04/2021 18:26:45 - INFO - __main__ - Before Error Fixing: {'EM': 0.53125, 'QA-F1': 0.5739964896214895}
11/04/2021 18:26:45 - INFO - __main__ - Found 30 errors.
11/04/2021 18:26:46 - INFO - __main__ - Start error-fixing .... Timecode: 49
11/04/2021 18:26:46 - INFO - __main__ - No debugging at all.
11/04/2021 18:26:46 - INFO - __main__ - Start error-fixing .... Done!
11/04/2021 18:26:48 - INFO - __main__ - Overall: 0.47471874999999997 from scores=[0.6196875, 0.0, 0.638671875, 0.802734375, 0.3125]
11/04/2021 18:26:48 - INFO - __main__ - --------------------------------------------------
11/04/2021 18:26:48 - INFO - __main__ - Start eval_knowledge_retention for UKR @ Timecode=50
11/04/2021 18:27:12 - INFO - __main__ - Upstream Knowledge Retation (UKR@50): 0.8027
11/04/2021 18:27:13 - INFO - __main__ - Start eval_knowledge_retention for OKR @ Timecode=50
11/04/2021 18:27:49 - INFO - __main__ - Online Knowledge Retation (OKR@50): 0.6211
11/04/2021 18:27:49 - INFO - __main__ - Start eval_knowledge_generalization for KG @ Timecode=50
11/04/2021 18:29:21 - INFO - __main__ - Future Knowledge Generalization (KG@50): 0.3125
11/04/2021 18:29:21 - INFO - __main__ - Evaluating to get errors .... Timecode: 50
11/04/2021 18:29:25 - INFO - __main__ - Before Error Fixing: {'EM': 0.46875, 'QA-F1': 0.486328125}
11/04/2021 18:29:25 - INFO - __main__ - Found 34 errors.
11/04/2021 18:29:25 - INFO - __main__ - Start error-fixing .... Timecode: 50
11/04/2021 18:29:25 - INFO - __main__ - No debugging at all.
11/04/2021 18:29:25 - INFO - __main__ - Start error-fixing .... Done!
11/04/2021 18:29:28 - INFO - __main__ - Overall: 0.4706112132352941 from scores=[0.6167279411764706, 0.0, 0.62109375, 0.802734375, 0.3125]
11/04/2021 18:29:30 - INFO - __main__ - Model saved to experiments/ckpt_dirs/qa/nonecl/model_ckpt_050.pt.
11/04/2021 18:29:30 - INFO - __main__ - Updated result feule: experiments/results/qa/QA_nonecl_T=100,b=64,alpha=0.98,beta=0.5,gamma=0.5_result.json at Timecode: 50.
11/04/2021 18:29:30 - INFO - __main__ - --------------------------------------------------
11/04/2021 18:29:30 - INFO - __main__ - Evaluating to get errors .... Timecode: 51
11/04/2021 18:29:34 - INFO - __main__ - Before Error Fixing: {'EM': 0.359375, 'QA-F1': 0.4022902293962076}
11/04/2021 18:29:34 - INFO - __main__ - Found 41 errors.
11/04/2021 18:29:34 - INFO - __main__ - Start error-fixing .... Timecode: 51
11/04/2021 18:29:34 - INFO - __main__ - No debugging at all.
11/04/2021 18:29:34 - INFO - __main__ - Start error-fixing .... Done!
11/04/2021 18:29:38 - INFO - __main__ - Overall: 0.46962139423076926 from scores=[0.6117788461538461, 0.0, 0.62109375, 0.802734375, 0.3125]
11/04/2021 18:29:38 - INFO - __main__ - --------------------------------------------------
11/04/2021 18:29:38 - INFO - __main__ - Evaluating to get errors .... Timecode: 52
11/04/2021 18:29:42 - INFO - __main__ - Before Error Fixing: {'EM': 0.453125, 'QA-F1': 0.4925711441336441}
11/04/2021 18:29:42 - INFO - __main__ - Found 35 errors.
11/04/2021 18:29:42 - INFO - __main__ - Start error-fixing .... Timecode: 52
11/04/2021 18:29:42 - INFO - __main__ - No debugging at all.
11/04/2021 18:29:42 - INFO - __main__ - Start error-fixing .... Done!
11/04/2021 18:29:44 - INFO - __main__ - Overall: 0.4690227004716981 from scores=[0.6087853773584906, 0.0, 0.62109375, 0.802734375, 0.3125]
11/04/2021 18:29:44 - INFO - __main__ - --------------------------------------------------
11/04/2021 18:29:44 - INFO - __main__ - Evaluating to get errors .... Timecode: 53
11/04/2021 18:29:49 - INFO - __main__ - Before Error Fixing: {'EM': 0.46875, 'QA-F1': 0.5194680319680319}
11/04/2021 18:29:49 - INFO - __main__ - Found 34 errors.
11/04/2021 18:29:49 - INFO - __main__ - Start error-fixing .... Timecode: 53
11/04/2021 18:29:49 - INFO - __main__ - No debugging at all.
11/04/2021 18:29:49 - INFO - __main__ - Start error-fixing .... Done!
11/04/2021 18:29:52 - INFO - __main__ - Overall: 0.46850405092592595 from scores=[0.6061921296296297, 0.0, 0.62109375, 0.802734375, 0.3125]
11/04/2021 18:29:52 - INFO - __main__ - --------------------------------------------------
11/04/2021 18:29:52 - INFO - __main__ - Evaluating to get errors .... Timecode: 54
11/04/2021 18:29:58 - INFO - __main__ - Before Error Fixing: {'EM': 0.40625, 'QA-F1': 0.4522737952836636}
11/04/2021 18:29:58 - INFO - __main__ - Found 38 errors.
11/04/2021 18:29:58 - INFO - __main__ - Start error-fixing .... Timecode: 54
11/04/2021 18:29:58 - INFO - __main__ - No debugging at all.
11/04/2021 18:29:58 - INFO - __main__ - Start error-fixing .... Done!
11/04/2021 18:30:01 - INFO - __main__ - Overall: 0.46777698863636363 from scores=[0.6025568181818182, 0.0, 0.62109375, 0.802734375, 0.3125]
11/04/2021 18:30:01 - INFO - __main__ - --------------------------------------------------
11/04/2021 18:30:01 - INFO - __main__ - Start eval_knowledge_retention for UKR @ Timecode=55
11/04/2021 18:30:25 - INFO - __main__ - Upstream Knowledge Retation (UKR@55): 0.8027
11/04/2021 18:30:26 - INFO - __main__ - Start eval_knowledge_retention for OKR @ Timecode=55
11/04/2021 18:31:00 - INFO - __main__ - Online Knowledge Retation (OKR@55): 0.6055
11/04/2021 18:31:00 - INFO - __main__ - Evaluating to get errors .... Timecode: 55
11/04/2021 18:31:05 - INFO - __main__ - Before Error Fixing: {'EM': 0.5, 'QA-F1': 0.5665202372533336}
11/04/2021 18:31:05 - INFO - __main__ - Found 32 errors.
11/04/2021 18:31:06 - INFO - __main__ - Start error-fixing .... Timecode: 55
11/04/2021 18:31:06 - INFO - __main__ - No debugging at all.
11/04/2021 18:31:06 - INFO - __main__ - Start error-fixing .... Done!
11/04/2021 18:31:09 - INFO - __main__ - Overall: 0.46428571428571425 from scores=[0.6007254464285714, 0.0, 0.60546875, 0.802734375, 0.3125]
11/04/2021 18:31:09 - INFO - __main__ - --------------------------------------------------
11/04/2021 18:31:09 - INFO - __main__ - Evaluating to get errors .... Timecode: 56
11/04/2021 18:31:14 - INFO - __main__ - Before Error Fixing: {'EM': 0.421875, 'QA-F1': 0.4793965583028083}
11/04/2021 18:31:14 - INFO - __main__ - Found 37 errors.
11/04/2021 18:31:14 - INFO - __main__ - Start error-fixing .... Timecode: 56
11/04/2021 18:31:14 - INFO - __main__ - No debugging at all.
11/04/2021 18:31:14 - INFO - __main__ - Start error-fixing .... Done!
11/04/2021 18:31:17 - INFO - __main__ - Overall: 0.46365816885964917 from scores=[0.5975877192982456, 0.0, 0.60546875, 0.802734375, 0.3125]
11/04/2021 18:31:17 - INFO - __main__ - --------------------------------------------------
11/04/2021 18:31:17 - INFO - __main__ - Evaluating to get errors .... Timecode: 57
11/04/2021 18:31:21 - INFO - __main__ - Before Error Fixing: {'EM': 0.375, 'QA-F1': 0.44397636518935857}
11/04/2021 18:31:21 - INFO - __main__ - Found 40 errors.
11/04/2021 18:31:22 - INFO - __main__ - Start error-fixing .... Timecode: 57
11/04/2021 18:31:22 - INFO - __main__ - No debugging at all.
11/04/2021 18:31:22 - INFO - __main__ - Start error-fixing .... Done!
11/04/2021 18:31:25 - INFO - __main__ - Overall: 0.462890625 from scores=[0.59375, 0.0, 0.60546875, 0.802734375, 0.3125]
11/04/2021 18:31:25 - INFO - __main__ - --------------------------------------------------
11/04/2021 18:31:25 - INFO - __main__ - Evaluating to get errors .... Timecode: 58
11/04/2021 18:31:29 - INFO - __main__ - Before Error Fixing: {'EM': 0.421875, 'QA-F1': 0.4774106918408389}
11/04/2021 18:31:29 - INFO - __main__ - Found 37 errors.
11/04/2021 18:31:30 - INFO - __main__ - Start error-fixing .... Timecode: 58
11/04/2021 18:31:30 - INFO - __main__ - No debugging at all.
11/04/2021 18:31:30 - INFO - __main__ - Start error-fixing .... Done!
11/04/2021 18:31:32 - INFO - __main__ - Overall: 0.4623079978813559 from scores=[0.5908368644067796, 0.0, 0.60546875, 0.802734375, 0.3125]
11/04/2021 18:31:32 - INFO - __main__ - --------------------------------------------------
11/04/2021 18:31:32 - INFO - __main__ - Evaluating to get errors .... Timecode: 59
11/04/2021 18:31:37 - INFO - __main__ - Before Error Fixing: {'EM': 0.484375, 'QA-F1': 0.5380481277655991}
11/04/2021 18:31:37 - INFO - __main__ - Found 33 errors.
11/04/2021 18:31:37 - INFO - __main__ - Start error-fixing .... Timecode: 59
11/04/2021 18:31:37 - INFO - __main__ - No debugging at all.
11/04/2021 18:31:37 - INFO - __main__ - Start error-fixing .... Done!
11/04/2021 18:31:40 - INFO - __main__ - Overall: 0.46195312499999996 from scores=[0.5890625, 0.0, 0.60546875, 0.802734375, 0.3125]
11/04/2021 18:31:40 - INFO - __main__ - --------------------------------------------------
11/04/2021 18:31:40 - INFO - __main__ - Start eval_knowledge_retention for UKR @ Timecode=60
11/04/2021 18:32:03 - INFO - __main__ - Upstream Knowledge Retation (UKR@60): 0.8027
11/04/2021 18:32:04 - INFO - __main__ - Start eval_knowledge_retention for OKR @ Timecode=60
11/04/2021 18:32:42 - INFO - __main__ - Online Knowledge Retation (OKR@60): 0.5605
11/04/2021 18:32:42 - INFO - __main__ - Start eval_knowledge_generalization for KG @ Timecode=60
11/04/2021 18:34:14 - INFO - __main__ - Future Knowledge Generalization (KG@60): 0.3125
11/04/2021 18:34:14 - INFO - __main__ - Evaluating to get errors .... Timecode: 60
11/04/2021 18:34:18 - INFO - __main__ - Before Error Fixing: {'EM': 0.421875, 'QA-F1': 0.4841158642484107}
11/04/2021 18:34:18 - INFO - __main__ - Found 37 errors.
11/04/2021 18:34:18 - INFO - __main__ - Start error-fixing .... Timecode: 60
11/04/2021 18:34:18 - INFO - __main__ - No debugging at all.
11/04/2021 18:34:18 - INFO - __main__ - Start error-fixing .... Done!
11/04/2021 18:34:21 - INFO - __main__ - Overall: 0.4524205942622951 from scores=[0.5863217213114754, 0.0, 0.560546875, 0.802734375, 0.3125]
11/04/2021 18:34:23 - INFO - __main__ - Model saved to experiments/ckpt_dirs/qa/nonecl/model_ckpt_060.pt.
11/04/2021 18:34:23 - INFO - __main__ - Updated result feule: experiments/results/qa/QA_nonecl_T=100,b=64,alpha=0.98,beta=0.5,gamma=0.5_result.json at Timecode: 60.
11/04/2021 18:34:23 - INFO - __main__ - --------------------------------------------------
11/04/2021 18:34:23 - INFO - __main__ - Evaluating to get errors .... Timecode: 61
11/04/2021 18:34:28 - INFO - __main__ - Before Error Fixing: {'EM': 0.453125, 'QA-F1': 0.5194389417329243}
11/04/2021 18:34:28 - INFO - __main__ - Found 35 errors.
11/04/2021 18:34:28 - INFO - __main__ - Start error-fixing .... Timecode: 61
11/04/2021 18:34:28 - INFO - __main__ - No debugging at all.
11/04/2021 18:34:28 - INFO - __main__ - Start error-fixing .... Done!
11/04/2021 18:34:31 - INFO - __main__ - Overall: 0.4519909274193548 from scores=[0.5841733870967742, 0.0, 0.560546875, 0.802734375, 0.3125]
11/04/2021 18:34:31 - INFO - __main__ - --------------------------------------------------
11/04/2021 18:34:31 - INFO - __main__ - Evaluating to get errors .... Timecode: 62
11/04/2021 18:34:35 - INFO - __main__ - Before Error Fixing: {'EM': 0.515625, 'QA-F1': 0.5690104166666667}
11/04/2021 18:34:35 - INFO - __main__ - Found 31 errors.
11/04/2021 18:34:35 - INFO - __main__ - Start error-fixing .... Timecode: 62
11/04/2021 18:34:35 - INFO - __main__ - No debugging at all.
11/04/2021 18:34:35 - INFO - __main__ - Start error-fixing .... Done!
11/04/2021 18:34:38 - INFO - __main__ - Overall: 0.45177331349206346 from scores=[0.5830853174603174, 0.0, 0.560546875, 0.802734375, 0.3125]
11/04/2021 18:34:38 - INFO - __main__ - --------------------------------------------------
11/04/2021 18:34:38 - INFO - __main__ - Evaluating to get errors .... Timecode: 63
11/04/2021 18:34:42 - INFO - __main__ - Before Error Fixing: {'EM': 0.53125, 'QA-F1': 0.5755734665661136}
11/04/2021 18:34:42 - INFO - __main__ - Found 30 errors.
11/04/2021 18:34:42 - INFO - __main__ - Start error-fixing .... Timecode: 63
11/04/2021 18:34:42 - INFO - __main__ - No debugging at all.
11/04/2021 18:34:42 - INFO - __main__ - Start error-fixing .... Done!
11/04/2021 18:34:44 - INFO - __main__ - Overall: 0.451611328125 from scores=[0.582275390625, 0.0, 0.560546875, 0.802734375, 0.3125]
11/04/2021 18:34:44 - INFO - __main__ - --------------------------------------------------
11/04/2021 18:34:44 - INFO - __main__ - Evaluating to get errors .... Timecode: 64
11/04/2021 18:34:49 - INFO - __main__ - Before Error Fixing: {'EM': 0.328125, 'QA-F1': 0.40106743161864983}
11/04/2021 18:34:49 - INFO - __main__ - Found 43 errors.
11/04/2021 18:34:49 - INFO - __main__ - Start error-fixing .... Timecode: 64
11/04/2021 18:34:49 - INFO - __main__ - No debugging at all.
11/04/2021 18:34:49 - INFO - __main__ - Start error-fixing .... Done!
11/04/2021 18:34:53 - INFO - __main__ - Overall: 0.4508293269230769 from scores=[0.5783653846153847, 0.0, 0.560546875, 0.802734375, 0.3125]
11/04/2021 18:34:53 - INFO - __main__ - --------------------------------------------------
11/04/2021 18:34:53 - INFO - __main__ - Start eval_knowledge_retention for UKR @ Timecode=65
11/04/2021 18:35:16 - INFO - __main__ - Upstream Knowledge Retation (UKR@65): 0.8027
11/04/2021 18:35:17 - INFO - __main__ - Start eval_knowledge_retention for OKR @ Timecode=65
11/04/2021 18:35:53 - INFO - __main__ - Online Knowledge Retation (OKR@65): 0.5898
11/04/2021 18:35:53 - INFO - __main__ - Evaluating to get errors .... Timecode: 65
11/04/2021 18:35:58 - INFO - __main__ - Before Error Fixing: {'EM': 0.546875, 'QA-F1': 0.5750008087474119}
11/04/2021 18:35:58 - INFO - __main__ - Found 29 errors.
11/04/2021 18:35:58 - INFO - __main__ - Start error-fixing .... Timecode: 65
11/04/2021 18:35:58 - INFO - __main__ - No debugging at all.
11/04/2021 18:35:58 - INFO - __main__ - Start error-fixing .... Done!
11/04/2021 18:36:01 - INFO - __main__ - Overall: 0.4565932765151516 from scores=[0.5778882575757576, 0.0, 0.58984375, 0.802734375, 0.3125]
11/04/2021 18:36:01 - INFO - __main__ - --------------------------------------------------
11/04/2021 18:36:01 - INFO - __main__ - Evaluating to get errors .... Timecode: 66
11/04/2021 18:36:05 - INFO - __main__ - Before Error Fixing: {'EM': 0.46875, 'QA-F1': 0.5327619454629104}
11/04/2021 18:36:05 - INFO - __main__ - Found 34 errors.
11/04/2021 18:36:05 - INFO - __main__ - Start error-fixing .... Timecode: 66
11/04/2021 18:36:05 - INFO - __main__ - No debugging at all.
11/04/2021 18:36:05 - INFO - __main__ - Start error-fixing .... Done!
11/04/2021 18:36:08 - INFO - __main__ - Overall: 0.4562674906716418 from scores=[0.5762593283582089, 0.0, 0.58984375, 0.802734375, 0.3125]
11/04/2021 18:36:08 - INFO - __main__ - --------------------------------------------------
11/04/2021 18:36:08 - INFO - __main__ - Evaluating to get errors .... Timecode: 67
11/04/2021 18:36:12 - INFO - __main__ - Before Error Fixing: {'EM': 0.375, 'QA-F1': 0.40127442002442004}
11/04/2021 18:36:12 - INFO - __main__ - Found 40 errors.
11/04/2021 18:36:13 - INFO - __main__ - Start error-fixing .... Timecode: 67
11/04/2021 18:36:13 - INFO - __main__ - No debugging at all.
11/04/2021 18:36:13 - INFO - __main__ - Start error-fixing .... Done!
11/04/2021 18:36:16 - INFO - __main__ - Overall: 0.45567555147058825 from scores=[0.5732996323529411, 0.0, 0.58984375, 0.802734375, 0.3125]
11/04/2021 18:36:16 - INFO - __main__ - --------------------------------------------------
11/04/2021 18:36:16 - INFO - __main__ - Evaluating to get errors .... Timecode: 68
11/04/2021 18:36:20 - INFO - __main__ - Before Error Fixing: {'EM': 0.40625, 'QA-F1': 0.47556014435126276}
11/04/2021 18:36:20 - INFO - __main__ - Found 38 errors.
11/04/2021 18:36:20 - INFO - __main__ - Start error-fixing .... Timecode: 68
11/04/2021 18:36:20 - INFO - __main__ - No debugging at all.
11/04/2021 18:36:20 - INFO - __main__ - Start error-fixing .... Done!
11/04/2021 18:36:23 - INFO - __main__ - Overall: 0.45519134963768115 from scores=[0.5708786231884058, 0.0, 0.58984375, 0.802734375, 0.3125]
11/04/2021 18:36:23 - INFO - __main__ - --------------------------------------------------
11/04/2021 18:36:23 - INFO - __main__ - Evaluating to get errors .... Timecode: 69
11/04/2021 18:36:27 - INFO - __main__ - Before Error Fixing: {'EM': 0.484375, 'QA-F1': 0.5335514745670995}
11/04/2021 18:36:27 - INFO - __main__ - Found 33 errors.
11/04/2021 18:36:28 - INFO - __main__ - Start error-fixing .... Timecode: 69
11/04/2021 18:36:28 - INFO - __main__ - No debugging at all.
11/04/2021 18:36:28 - INFO - __main__ - Start error-fixing .... Done!
11/04/2021 18:36:30 - INFO - __main__ - Overall: 0.4549441964285714 from scores=[0.5696428571428571, 0.0, 0.58984375, 0.802734375, 0.3125]
11/04/2021 18:36:30 - INFO - __main__ - --------------------------------------------------
11/04/2021 18:36:30 - INFO - __main__ - Start eval_knowledge_retention for UKR @ Timecode=70
11/04/2021 18:36:54 - INFO - __main__ - Upstream Knowledge Retation (UKR@70): 0.8027
11/04/2021 18:36:55 - INFO - __main__ - Start eval_knowledge_retention for OKR @ Timecode=70
11/04/2021 18:37:32 - INFO - __main__ - Online Knowledge Retation (OKR@70): 0.5742
11/04/2021 18:37:32 - INFO - __main__ - Start eval_knowledge_generalization for KG @ Timecode=70
11/04/2021 18:39:04 - INFO - __main__ - Future Knowledge Generalization (KG@70): 0.3125
11/04/2021 18:39:04 - INFO - __main__ - Evaluating to get errors .... Timecode: 70
11/04/2021 18:39:08 - INFO - __main__ - Before Error Fixing: {'EM': 0.5, 'QA-F1': 0.5455725606630212}
11/04/2021 18:39:08 - INFO - __main__ - Found 32 errors.
11/04/2021 18:39:08 - INFO - __main__ - Start error-fixing .... Timecode: 70
11/04/2021 18:39:08 - INFO - __main__ - No debugging at all.
11/04/2021 18:39:08 - INFO - __main__ - Start error-fixing .... Done!
11/04/2021 18:39:11 - INFO - __main__ - Overall: 0.4516230193661972 from scores=[0.568661971830986, 0.0, 0.57421875, 0.802734375, 0.3125]
11/04/2021 18:39:13 - INFO - __main__ - Model saved to experiments/ckpt_dirs/qa/nonecl/model_ckpt_070.pt.
11/04/2021 18:39:13 - INFO - __main__ - Updated result feule: experiments/results/qa/QA_nonecl_T=100,b=64,alpha=0.98,beta=0.5,gamma=0.5_result.json at Timecode: 70.
11/04/2021 18:39:13 - INFO - __main__ - --------------------------------------------------
11/04/2021 18:39:13 - INFO - __main__ - Evaluating to get errors .... Timecode: 71
11/04/2021 18:39:18 - INFO - __main__ - Before Error Fixing: {'EM': 0.453125, 'QA-F1': 0.49802557871611575}
11/04/2021 18:39:18 - INFO - __main__ - Found 35 errors.
11/04/2021 18:39:18 - INFO - __main__ - Start error-fixing .... Timecode: 71
11/04/2021 18:39:18 - INFO - __main__ - No debugging at all.
11/04/2021 18:39:18 - INFO - __main__ - Start error-fixing .... Done!
11/04/2021 18:39:21 - INFO - __main__ - Overall: 0.4513020833333334 from scores=[0.5670572916666667, 0.0, 0.57421875, 0.802734375, 0.3125]
11/04/2021 18:39:21 - INFO - __main__ - --------------------------------------------------
11/04/2021 18:39:21 - INFO - __main__ - Evaluating to get errors .... Timecode: 72
11/04/2021 18:39:26 - INFO - __main__ - Before Error Fixing: {'EM': 0.421875, 'QA-F1': 0.4571293837741206}
11/04/2021 18:39:26 - INFO - __main__ - Found 37 errors.
11/04/2021 18:39:26 - INFO - __main__ - Start error-fixing .... Timecode: 72
11/04/2021 18:39:26 - INFO - __main__ - No debugging at all.
11/04/2021 18:39:26 - INFO - __main__ - Start error-fixing .... Done!
11/04/2021 18:39:29 - INFO - __main__ - Overall: 0.450904323630137 from scores=[0.5650684931506849, 0.0, 0.57421875, 0.802734375, 0.3125]
11/04/2021 18:39:29 - INFO - __main__ - --------------------------------------------------
11/04/2021 18:39:29 - INFO - __main__ - Evaluating to get errors .... Timecode: 73
11/04/2021 18:39:34 - INFO - __main__ - Before Error Fixing: {'EM': 0.46875, 'QA-F1': 0.5066307773109243}
11/04/2021 18:39:34 - INFO - __main__ - Found 34 errors.
11/04/2021 18:39:34 - INFO - __main__ - Start error-fixing .... Timecode: 73
11/04/2021 18:39:34 - INFO - __main__ - No debugging at all.
11/04/2021 18:39:34 - INFO - __main__ - Start error-fixing .... Done!
11/04/2021 18:39:38 - INFO - __main__ - Overall: 0.4506440033783784 from scores=[0.5637668918918919, 0.0, 0.57421875, 0.802734375, 0.3125]
11/04/2021 18:39:38 - INFO - __main__ - --------------------------------------------------
11/04/2021 18:39:38 - INFO - __main__ - Evaluating to get errors .... Timecode: 74
11/04/2021 18:39:43 - INFO - __main__ - Before Error Fixing: {'EM': 0.390625, 'QA-F1': 0.4345270728905597}
11/04/2021 18:39:43 - INFO - __main__ - Found 39 errors.
11/04/2021 18:39:43 - INFO - __main__ - Start error-fixing .... Timecode: 74
11/04/2021 18:39:43 - INFO - __main__ - No debugging at all.
11/04/2021 18:39:43 - INFO - __main__ - Start error-fixing .... Done!
11/04/2021 18:39:46 - INFO - __main__ - Overall: 0.4501822916666667 from scores=[0.5614583333333334, 0.0, 0.57421875, 0.802734375, 0.3125]
11/04/2021 18:39:46 - INFO - __main__ - --------------------------------------------------
11/04/2021 18:39:46 - INFO - __main__ - Start eval_knowledge_retention for UKR @ Timecode=75
11/04/2021 18:40:10 - INFO - __main__ - Upstream Knowledge Retation (UKR@75): 0.8027
11/04/2021 18:40:11 - INFO - __main__ - Start eval_knowledge_retention for OKR @ Timecode=75
11/04/2021 18:40:49 - INFO - __main__ - Online Knowledge Retation (OKR@75): 0.5449
11/04/2021 18:40:49 - INFO - __main__ - Evaluating to get errors .... Timecode: 75
11/04/2021 18:40:53 - INFO - __main__ - Before Error Fixing: {'EM': 0.40625, 'QA-F1': 0.46444339651576494}
11/04/2021 18:40:53 - INFO - __main__ - Found 38 errors.
11/04/2021 18:40:54 - INFO - __main__ - Start error-fixing .... Timecode: 75
11/04/2021 18:40:54 - INFO - __main__ - No debugging at all.
11/04/2021 18:40:54 - INFO - __main__ - Start error-fixing .... Done!
11/04/2021 18:40:57 - INFO - __main__ - Overall: 0.44391447368421055 from scores=[0.5594161184210527, 0.0, 0.544921875, 0.802734375, 0.3125]
11/04/2021 18:40:57 - INFO - __main__ - --------------------------------------------------
11/04/2021 18:40:57 - INFO - __main__ - Evaluating to get errors .... Timecode: 76
11/04/2021 18:41:02 - INFO - __main__ - Before Error Fixing: {'EM': 0.484375, 'QA-F1': 0.5258050254661508}
11/04/2021 18:41:02 - INFO - __main__ - Found 33 errors.
11/04/2021 18:41:02 - INFO - __main__ - Start error-fixing .... Timecode: 76
11/04/2021 18:41:02 - INFO - __main__ - No debugging at all.
11/04/2021 18:41:02 - INFO - __main__ - Start error-fixing .... Done!
11/04/2021 18:41:05 - INFO - __main__ - Overall: 0.4437195616883117 from scores=[0.5584415584415585, 0.0, 0.544921875, 0.802734375, 0.3125]
11/04/2021 18:41:05 - INFO - __main__ - --------------------------------------------------
11/04/2021 18:41:05 - INFO - __main__ - Evaluating to get errors .... Timecode: 77
11/04/2021 18:41:10 - INFO - __main__ - Before Error Fixing: {'EM': 0.34375, 'QA-F1': 0.4091393419546777}
11/04/2021 18:41:10 - INFO - __main__ - Found 42 errors.
11/04/2021 18:41:10 - INFO - __main__ - Start error-fixing .... Timecode: 77
11/04/2021 18:41:10 - INFO - __main__ - No debugging at all.
11/04/2021 18:41:10 - INFO - __main__ - Start error-fixing .... Done!
11/04/2021 18:41:13 - INFO - __main__ - Overall: 0.4431690705128205 from scores=[0.5556891025641026, 0.0, 0.544921875, 0.802734375, 0.3125]
11/04/2021 18:41:13 - INFO - __main__ - --------------------------------------------------
11/04/2021 18:41:13 - INFO - __main__ - Evaluating to get errors .... Timecode: 78
11/04/2021 18:41:18 - INFO - __main__ - Before Error Fixing: {'EM': 0.390625, 'QA-F1': 0.43550639005602243}
11/04/2021 18:41:18 - INFO - __main__ - Found 39 errors.
11/04/2021 18:41:18 - INFO - __main__ - Start error-fixing .... Timecode: 78
11/04/2021 18:41:18 - INFO - __main__ - No debugging at all.
11/04/2021 18:41:18 - INFO - __main__ - Start error-fixing .... Done!
11/04/2021 18:41:21 - INFO - __main__ - Overall: 0.4427511867088608 from scores=[0.5535996835443038, 0.0, 0.544921875, 0.802734375, 0.3125]
11/04/2021 18:41:21 - INFO - __main__ - --------------------------------------------------
11/04/2021 18:41:21 - INFO - __main__ - Evaluating to get errors .... Timecode: 79
11/04/2021 18:41:26 - INFO - __main__ - Before Error Fixing: {'EM': 0.390625, 'QA-F1': 0.47918312590187595}
11/04/2021 18:41:26 - INFO - __main__ - Found 39 errors.
11/04/2021 18:41:26 - INFO - __main__ - Start error-fixing .... Timecode: 79
11/04/2021 18:41:26 - INFO - __main__ - No debugging at all.
11/04/2021 18:41:26 - INFO - __main__ - Start error-fixing .... Done!
11/04/2021 18:41:29 - INFO - __main__ - Overall: 0.44234375000000004 from scores=[0.5515625, 0.0, 0.544921875, 0.802734375, 0.3125]
11/04/2021 18:41:29 - INFO - __main__ - --------------------------------------------------
11/04/2021 18:41:29 - INFO - __main__ - Start eval_knowledge_retention for UKR @ Timecode=80
11/04/2021 18:41:53 - INFO - __main__ - Upstream Knowledge Retation (UKR@80): 0.8027
11/04/2021 18:41:54 - INFO - __main__ - Start eval_knowledge_retention for OKR @ Timecode=80
11/04/2021 18:42:31 - INFO - __main__ - Online Knowledge Retation (OKR@80): 0.5781
11/04/2021 18:42:31 - INFO - __main__ - Start eval_knowledge_generalization for KG @ Timecode=80
11/04/2021 18:44:03 - INFO - __main__ - Future Knowledge Generalization (KG@80): 0.3125
11/04/2021 18:44:03 - INFO - __main__ - Evaluating to get errors .... Timecode: 80
11/04/2021 18:44:09 - INFO - __main__ - Before Error Fixing: {'EM': 0.453125, 'QA-F1': 0.4883849079161579}
11/04/2021 18:44:09 - INFO - __main__ - Found 35 errors.
11/04/2021 18:44:09 - INFO - __main__ - Start error-fixing .... Timecode: 80
11/04/2021 18:44:09 - INFO - __main__ - No debugging at all.
11/04/2021 18:44:09 - INFO - __main__ - Start error-fixing .... Done!
11/04/2021 18:44:12 - INFO - __main__ - Overall: 0.44874131944444445 from scores=[0.5503472222222222, 0.0, 0.578125, 0.802734375, 0.3125]
11/04/2021 18:44:14 - INFO - __main__ - Model saved to experiments/ckpt_dirs/qa/nonecl/model_ckpt_080.pt.
11/04/2021 18:44:14 - INFO - __main__ - Updated result feule: experiments/results/qa/QA_nonecl_T=100,b=64,alpha=0.98,beta=0.5,gamma=0.5_result.json at Timecode: 80.
11/04/2021 18:44:14 - INFO - __main__ - --------------------------------------------------
11/04/2021 18:44:14 - INFO - __main__ - Evaluating to get errors .... Timecode: 81
11/04/2021 18:44:19 - INFO - __main__ - Before Error Fixing: {'EM': 0.46875, 'QA-F1': 0.4996899801587301}
11/04/2021 18:44:19 - INFO - __main__ - Found 34 errors.
11/04/2021 18:44:19 - INFO - __main__ - Start error-fixing .... Timecode: 81
11/04/2021 18:44:19 - INFO - __main__ - No debugging at all.
11/04/2021 18:44:19 - INFO - __main__ - Start error-fixing .... Done!
11/04/2021 18:44:22 - INFO - __main__ - Overall: 0.4485423018292683 from scores=[0.5493521341463414, 0.0, 0.578125, 0.802734375, 0.3125]
11/04/2021 18:44:22 - INFO - __main__ - --------------------------------------------------
11/04/2021 18:44:22 - INFO - __main__ - Evaluating to get errors .... Timecode: 82
11/04/2021 18:44:27 - INFO - __main__ - Before Error Fixing: {'EM': 0.46875, 'QA-F1': 0.5055769751082251}
11/04/2021 18:44:27 - INFO - __main__ - Found 34 errors.
11/04/2021 18:44:28 - INFO - __main__ - Start error-fixing .... Timecode: 82
11/04/2021 18:44:28 - INFO - __main__ - No debugging at all.
11/04/2021 18:44:28 - INFO - __main__ - Start error-fixing .... Done!
11/04/2021 18:44:30 - INFO - __main__ - Overall: 0.44834807981927705 from scores=[0.5483810240963856, 0.0, 0.578125, 0.802734375, 0.3125]
11/04/2021 18:44:30 - INFO - __main__ - --------------------------------------------------
11/04/2021 18:44:30 - INFO - __main__ - Evaluating to get errors .... Timecode: 83
11/04/2021 18:44:35 - INFO - __main__ - Before Error Fixing: {'EM': 0.4375, 'QA-F1': 0.48272204669694657}
11/04/2021 18:44:35 - INFO - __main__ - Found 36 errors.
11/04/2021 18:44:35 - INFO - __main__ - Start error-fixing .... Timecode: 83
11/04/2021 18:44:35 - INFO - __main__ - No debugging at all.
11/04/2021 18:44:35 - INFO - __main__ - Start error-fixing .... Done!
11/04/2021 18:44:38 - INFO - __main__ - Overall: 0.44808407738095235 from scores=[0.5470610119047619, 0.0, 0.578125, 0.802734375, 0.3125]
11/04/2021 18:44:38 - INFO - __main__ - --------------------------------------------------
11/04/2021 18:44:38 - INFO - __main__ - Evaluating to get errors .... Timecode: 84
11/04/2021 18:44:42 - INFO - __main__ - Before Error Fixing: {'EM': 0.4375, 'QA-F1': 0.4987503815628816}
11/04/2021 18:44:42 - INFO - __main__ - Found 36 errors.
11/04/2021 18:44:43 - INFO - __main__ - Start error-fixing .... Timecode: 84
11/04/2021 18:44:43 - INFO - __main__ - No debugging at all.
11/04/2021 18:44:43 - INFO - __main__ - Start error-fixing .... Done!
11/04/2021 18:44:46 - INFO - __main__ - Overall: 0.4478262867647059 from scores=[0.5457720588235294, 0.0, 0.578125, 0.802734375, 0.3125]
11/04/2021 18:44:46 - INFO - __main__ - --------------------------------------------------
11/04/2021 18:44:46 - INFO - __main__ - Start eval_knowledge_retention for UKR @ Timecode=85
11/04/2021 18:45:09 - INFO - __main__ - Upstream Knowledge Retation (UKR@85): 0.8027
11/04/2021 18:45:10 - INFO - __main__ - Start eval_knowledge_retention for OKR @ Timecode=85
11/04/2021 18:45:45 - INFO - __main__ - Online Knowledge Retation (OKR@85): 0.5430
11/04/2021 18:45:45 - INFO - __main__ - Evaluating to get errors .... Timecode: 85
11/04/2021 18:45:50 - INFO - __main__ - Before Error Fixing: {'EM': 0.421875, 'QA-F1': 0.4687879880208759}
11/04/2021 18:45:50 - INFO - __main__ - Found 37 errors.
11/04/2021 18:45:51 - INFO - __main__ - Start error-fixing .... Timecode: 85
11/04/2021 18:45:51 - INFO - __main__ - No debugging at all.
11/04/2021 18:45:51 - INFO - __main__ - Start error-fixing .... Done!
11/04/2021 18:45:54 - INFO - __main__ - Overall: 0.44050690406976745 from scores=[0.5443313953488372, 0.0, 0.54296875, 0.802734375, 0.3125]
11/04/2021 18:45:54 - INFO - __main__ - --------------------------------------------------
11/04/2021 18:45:54 - INFO - __main__ - Evaluating to get errors .... Timecode: 86
11/04/2021 18:45:58 - INFO - __main__ - Before Error Fixing: {'EM': 0.40625, 'QA-F1': 0.45384926766600364}
11/04/2021 18:45:58 - INFO - __main__ - Found 38 errors.
11/04/2021 18:45:58 - INFO - __main__ - Start error-fixing .... Timecode: 86
11/04/2021 18:45:58 - INFO - __main__ - No debugging at all.
11/04/2021 18:45:58 - INFO - __main__ - Start error-fixing .... Done!
11/04/2021 18:46:01 - INFO - __main__ - Overall: 0.44018947557471266 from scores=[0.5427442528735632, 0.0, 0.54296875, 0.802734375, 0.3125]
11/04/2021 18:46:01 - INFO - __main__ - --------------------------------------------------
11/04/2021 18:46:01 - INFO - __main__ - Evaluating to get errors .... Timecode: 87
11/04/2021 18:46:06 - INFO - __main__ - Before Error Fixing: {'EM': 0.34375, 'QA-F1': 0.41108942630082335}
11/04/2021 18:46:06 - INFO - __main__ - Found 42 errors.
11/04/2021 18:46:06 - INFO - __main__ - Start error-fixing .... Timecode: 87
11/04/2021 18:46:06 - INFO - __main__ - No debugging at all.
11/04/2021 18:46:06 - INFO - __main__ - Start error-fixing .... Done!
11/04/2021 18:46:09 - INFO - __main__ - Overall: 0.43973721590909093 from scores=[0.5404829545454546, 0.0, 0.54296875, 0.802734375, 0.3125]
11/04/2021 18:46:09 - INFO - __main__ - --------------------------------------------------
11/04/2021 18:46:09 - INFO - __main__ - Evaluating to get errors .... Timecode: 88
11/04/2021 18:46:14 - INFO - __main__ - Before Error Fixing: {'EM': 0.28125, 'QA-F1': 0.33920017523489765}
11/04/2021 18:46:14 - INFO - __main__ - Found 46 errors.
11/04/2021 18:46:14 - INFO - __main__ - Start error-fixing .... Timecode: 88
11/04/2021 18:46:14 - INFO - __main__ - No debugging at all.
11/04/2021 18:46:14 - INFO - __main__ - Start error-fixing .... Done!
11/04/2021 18:46:18 - INFO - __main__ - Overall: 0.43915466994382024 from scores=[0.5375702247191011, 0.0, 0.54296875, 0.802734375, 0.3125]
11/04/2021 18:46:18 - INFO - __main__ - --------------------------------------------------
11/04/2021 18:46:18 - INFO - __main__ - Evaluating to get errors .... Timecode: 89
11/04/2021 18:46:23 - INFO - __main__ - Before Error Fixing: {'EM': 0.25, 'QA-F1': 0.2962853431971079}
11/04/2021 18:46:23 - INFO - __main__ - Found 48 errors.
11/04/2021 18:46:24 - INFO - __main__ - Start error-fixing .... Timecode: 89
11/04/2021 18:46:24 - INFO - __main__ - No debugging at all.
11/04/2021 18:46:24 - INFO - __main__ - Start error-fixing .... Done!
11/04/2021 18:46:27 - INFO - __main__ - Overall: 0.43851562499999996 from scores=[0.534375, 0.0, 0.54296875, 0.802734375, 0.3125]
11/04/2021 18:46:27 - INFO - __main__ - --------------------------------------------------
11/04/2021 18:46:27 - INFO - __main__ - Start eval_knowledge_retention for UKR @ Timecode=90
11/04/2021 18:46:51 - INFO - __main__ - Upstream Knowledge Retation (UKR@90): 0.8027
11/04/2021 18:46:52 - INFO - __main__ - Start eval_knowledge_retention for OKR @ Timecode=90
11/04/2021 18:47:28 - INFO - __main__ - Online Knowledge Retation (OKR@90): 0.5957
11/04/2021 18:47:28 - INFO - __main__ - Start eval_knowledge_generalization for KG @ Timecode=90
11/04/2021 18:49:01 - INFO - __main__ - Future Knowledge Generalization (KG@90): 0.3125
11/04/2021 18:49:01 - INFO - __main__ - Evaluating to get errors .... Timecode: 90
11/04/2021 18:49:06 - INFO - __main__ - Before Error Fixing: {'EM': 0.40625, 'QA-F1': 0.440198991385852}
11/04/2021 18:49:06 - INFO - __main__ - Found 38 errors.
11/04/2021 18:49:06 - INFO - __main__ - Start error-fixing .... Timecode: 90
11/04/2021 18:49:06 - INFO - __main__ - No debugging at all.
11/04/2021 18:49:06 - INFO - __main__ - Start error-fixing .... Done!
11/04/2021 18:49:10 - INFO - __main__ - Overall: 0.4487809065934066 from scores=[0.532967032967033, 0.0, 0.595703125, 0.802734375, 0.3125]
11/04/2021 18:49:12 - INFO - __main__ - Model saved to experiments/ckpt_dirs/qa/nonecl/model_ckpt_090.pt.
11/04/2021 18:49:12 - INFO - __main__ - Updated result feule: experiments/results/qa/QA_nonecl_T=100,b=64,alpha=0.98,beta=0.5,gamma=0.5_result.json at Timecode: 90.
11/04/2021 18:49:12 - INFO - __main__ - --------------------------------------------------
11/04/2021 18:49:12 - INFO - __main__ - Evaluating to get errors .... Timecode: 91
11/04/2021 18:49:16 - INFO - __main__ - Before Error Fixing: {'EM': 0.4375, 'QA-F1': 0.4714364628427128}
11/04/2021 18:49:16 - INFO - __main__ - Found 36 errors.
11/04/2021 18:49:16 - INFO - __main__ - Start error-fixing .... Timecode: 91
11/04/2021 18:49:16 - INFO - __main__ - No debugging at all.
11/04/2021 18:49:16 - INFO - __main__ - Start error-fixing .... Done!
11/04/2021 18:49:19 - INFO - __main__ - Overall: 0.4485733695652174 from scores=[0.5319293478260869, 0.0, 0.595703125, 0.802734375, 0.3125]
11/04/2021 18:49:19 - INFO - __main__ - --------------------------------------------------
11/04/2021 18:49:19 - INFO - __main__ - Evaluating to get errors .... Timecode: 92
11/04/2021 18:49:24 - INFO - __main__ - Before Error Fixing: {'EM': 0.40625, 'QA-F1': 0.47236701880709764}
11/04/2021 18:49:24 - INFO - __main__ - Found 38 errors.
11/04/2021 18:49:24 - INFO - __main__ - Start error-fixing .... Timecode: 92
11/04/2021 18:49:24 - INFO - __main__ - No debugging at all.
11/04/2021 18:49:24 - INFO - __main__ - Start error-fixing .... Done!
11/04/2021 18:49:28 - INFO - __main__ - Overall: 0.4483030913978494 from scores=[0.5305779569892473, 0.0, 0.595703125, 0.802734375, 0.3125]
11/04/2021 18:49:28 - INFO - __main__ - --------------------------------------------------
11/04/2021 18:49:28 - INFO - __main__ - Evaluating to get errors .... Timecode: 93
11/04/2021 18:49:32 - INFO - __main__ - Before Error Fixing: {'EM': 0.296875, 'QA-F1': 0.3676145249766573}
11/04/2021 18:49:32 - INFO - __main__ - Found 45 errors.
11/04/2021 18:49:32 - INFO - __main__ - Start error-fixing .... Timecode: 93
11/04/2021 18:49:32 - INFO - __main__ - No debugging at all.
11/04/2021 18:49:32 - INFO - __main__ - Start error-fixing .... Done!
11/04/2021 18:49:36 - INFO - __main__ - Overall: 0.44780585106382975 from scores=[0.5280917553191489, 0.0, 0.595703125, 0.802734375, 0.3125]
11/04/2021 18:49:36 - INFO - __main__ - --------------------------------------------------
11/04/2021 18:49:36 - INFO - __main__ - Evaluating to get errors .... Timecode: 94
11/04/2021 18:49:41 - INFO - __main__ - Before Error Fixing: {'EM': 0.375, 'QA-F1': 0.43442043199855696}
11/04/2021 18:49:41 - INFO - __main__ - Found 40 errors.
11/04/2021 18:49:41 - INFO - __main__ - Start error-fixing .... Timecode: 94
11/04/2021 18:49:41 - INFO - __main__ - No debugging at all.
11/04/2021 18:49:41 - INFO - __main__ - Start error-fixing .... Done!
11/04/2021 18:49:45 - INFO - __main__ - Overall: 0.44748355263157896 from scores=[0.5264802631578948, 0.0, 0.595703125, 0.802734375, 0.3125]
11/04/2021 18:49:45 - INFO - __main__ - --------------------------------------------------
11/04/2021 18:49:45 - INFO - __main__ - Start eval_knowledge_retention for UKR @ Timecode=95
11/04/2021 18:50:08 - INFO - __main__ - Upstream Knowledge Retation (UKR@95): 0.8027
11/04/2021 18:50:09 - INFO - __main__ - Start eval_knowledge_retention for OKR @ Timecode=95
11/04/2021 18:50:47 - INFO - __main__ - Online Knowledge Retation (OKR@95): 0.4922
11/04/2021 18:50:47 - INFO - __main__ - Evaluating to get errors .... Timecode: 95
11/04/2021 18:50:51 - INFO - __main__ - Before Error Fixing: {'EM': 0.421875, 'QA-F1': 0.4683952945402299}
11/04/2021 18:50:51 - INFO - __main__ - Found 37 errors.
11/04/2021 18:50:51 - INFO - __main__ - Start error-fixing .... Timecode: 95
11/04/2021 18:50:51 - INFO - __main__ - No debugging at all.
11/04/2021 18:50:51 - INFO - __main__ - Start error-fixing .... Done!
11/04/2021 18:50:54 - INFO - __main__ - Overall: 0.4265625 from scores=[0.525390625, 0.0, 0.4921875, 0.802734375, 0.3125]
11/04/2021 18:50:54 - INFO - __main__ - --------------------------------------------------
11/04/2021 18:50:54 - INFO - __main__ - Evaluating to get errors .... Timecode: 96
11/04/2021 18:50:59 - INFO - __main__ - Before Error Fixing: {'EM': 0.375, 'QA-F1': 0.42836096195471196}
11/04/2021 18:50:59 - INFO - __main__ - Found 40 errors.
11/04/2021 18:50:59 - INFO - __main__ - Start error-fixing .... Timecode: 96
11/04/2021 18:50:59 - INFO - __main__ - No debugging at all.
11/04/2021 18:50:59 - INFO - __main__ - Start error-fixing .... Done!
11/04/2021 18:51:03 - INFO - __main__ - Overall: 0.4262524162371134 from scores=[0.523840206185567, 0.0, 0.4921875, 0.802734375, 0.3125]
11/04/2021 18:51:03 - INFO - __main__ - --------------------------------------------------
11/04/2021 18:51:03 - INFO - __main__ - Evaluating to get errors .... Timecode: 97
11/04/2021 18:51:07 - INFO - __main__ - Before Error Fixing: {'EM': 0.4375, 'QA-F1': 0.46585505997270704}
11/04/2021 18:51:07 - INFO - __main__ - Found 36 errors.
11/04/2021 18:51:08 - INFO - __main__ - Start error-fixing .... Timecode: 97
11/04/2021 18:51:08 - INFO - __main__ - No debugging at all.
11/04/2021 18:51:08 - INFO - __main__ - Start error-fixing .... Done!
11/04/2021 18:51:10 - INFO - __main__ - Overall: 0.4260762117346939 from scores=[0.5229591836734694, 0.0, 0.4921875, 0.802734375, 0.3125]
11/04/2021 18:51:10 - INFO - __main__ - --------------------------------------------------
11/04/2021 18:51:10 - INFO - __main__ - Evaluating to get errors .... Timecode: 98
11/04/2021 18:51:16 - INFO - __main__ - Before Error Fixing: {'EM': 0.46875, 'QA-F1': 0.5203508297258297}
11/04/2021 18:51:16 - INFO - __main__ - Found 34 errors.
11/04/2021 18:51:16 - INFO - __main__ - Start error-fixing .... Timecode: 98
11/04/2021 18:51:16 - INFO - __main__ - No debugging at all.
11/04/2021 18:51:16 - INFO - __main__ - Start error-fixing .... Done!
11/04/2021 18:51:19 - INFO - __main__ - Overall: 0.4259666982323232 from scores=[0.5224116161616161, 0.0, 0.4921875, 0.802734375, 0.3125]
11/04/2021 18:51:19 - INFO - __main__ - --------------------------------------------------
11/04/2021 18:51:19 - INFO - __main__ - Start eval_knowledge_retention for UKR @ Timecode=99
11/04/2021 18:51:42 - INFO - __main__ - Upstream Knowledge Retation (UKR@99): 0.8027
11/04/2021 18:51:43 - INFO - __main__ - Start eval_knowledge_retention for OKR @ Timecode=99
11/04/2021 18:52:21 - INFO - __main__ - Online Knowledge Retation (OKR@99): 0.5684
11/04/2021 18:52:21 - INFO - __main__ - Start eval_knowledge_generalization for KG @ Timecode=99
11/04/2021 18:53:52 - INFO - __main__ - Future Knowledge Generalization (KG@99): 0.3125
11/04/2021 18:53:52 - INFO - __main__ - Evaluating to get errors .... Timecode: 99
11/04/2021 18:53:57 - INFO - __main__ - Before Error Fixing: {'EM': 0.46875, 'QA-F1': 0.5386095949007133}
11/04/2021 18:53:57 - INFO - __main__ - Found 34 errors.
11/04/2021 18:53:57 - INFO - __main__ - Start error-fixing .... Timecode: 99
11/04/2021 18:53:57 - INFO - __main__ - No debugging at all.
11/04/2021 18:53:57 - INFO - __main__ - Start error-fixing .... Done!
11/04/2021 18:53:59 - INFO - __main__ - Overall: 0.44109375 from scores=[0.521875, 0.0, 0.568359375, 0.802734375, 0.3125]
11/04/2021 18:53:59 - INFO - __main__ - --------------------------------------------------
11/04/2021 18:53:59 - INFO - __main__ - Start the final evaluation.
11/04/2021 18:53:59 - INFO - __main__ - Nothing here.
11/04/2021 18:54:01 - INFO - __main__ - Model saved to experiments/ckpt_dirs/qa/nonecl/model_ckpt_100.pt.
11/04/2021 18:54:01 - INFO - __main__ - Updated result feule: experiments/results/qa/QA_nonecl_T=100,b=64,alpha=0.98,beta=0.5,gamma=0.5_result.json at Timecode: 100.
11/04/2021 18:54:01 - INFO - __main__ - Finished. Results saved to experiments/results/qa/QA_nonecl_T=100,b=64,alpha=0.98,beta=0.5,gamma=0.5_result.json
