11/13/2021 13:31:25 - INFO - __main__ - Namespace(adam_epsilon=1e-08, adapter_dim=32, append_another_bos=1, base_model_path='out/mrqa_squad_bart-base_1029_upstream_model//best-model.pt', base_model_type='facebook/bart-base', ckpt_dir='experiments/ckpt_dirs/qa/nonecl/qa_nonecl_T=100,b=64,alpha=0.9,beta=0.5,gamma=0.5_offline=no', cl_method_name='none_cl', current_thread_id=None, diff_loss_weight=0, do_lowercase=False, ewc_gamma=1, ewc_lambda=0.5, example_encoder_name='roberta-base', freeze_embeds=False, gradient_accumulation_steps=1, heldout_submission_data='experiments/eval_data/qa/heldout_eval.jsonl', index_rank_method='most_similar', indexing_args_path='exp_results/supervision_data/1012_dm_simple.train_args.json', indexing_method='bart_index', inference_query_size=1, init_memory_cache_path='bug_data/memory_key_cache.pkl', kg_eval_freq=10, kg_eval_mode='metric', kr_eval_freq=10, kr_eval_mode='metric', learning_rate=0.0, local_adapt_lr=1e-05, max_grad_norm=0.1, max_input_length=888, max_output_length=50, max_timecode=100, memory_key_encoder='facebook/bart-base', memory_path='', memory_store_rate=1.0, mir_abalation_args='none', num_adapt_epochs=1, num_beams=3, num_threads_eval=0, num_train_epochs=0.0, offline_retrain_upstream=False, okr_sample_seed=1337, okr_sample_size=512, path_to_thread_result=None, predict_batch_size=64, prefix='qa_nonecl_T=100,b=64,alpha=0.9,beta=0.5,gamma=0.5_offline=no', replay_candidate_size=8, replay_frequency=1, replay_size=8, result_file='experiments/results/qa/qa_nonecl_T=100,b=64,alpha=0.9,beta=0.5,gamma=0.5_offline=no_result.json', save_ckpt_freq=100, seed=42, skip_instant_eval=False, submission_stream_data='experiments/eval_data/qa/submission_stream.T=100,b=64,alpha=0.9,beta=0.5,gamma=0.5.json', task_emb_dim=768, task_name='mrqa', train_batch_size=8, upstream_data_path='data/mrqa_squad/mrqa_squad_train.jsonl', upstream_eval_data='experiments/eval_data/qa/upstream_eval.jsonl', upstream_sample_ratio=-1, use_mir=False, use_replay_mix=False, use_wandb=True, weight_decay=0.01)
11/13/2021 13:31:26 - INFO - transformers.tokenization_utils - loading file https://s3.amazonaws.com/models.huggingface.co/bert/roberta-large-vocab.json from cache at /private/home/yuchenlin/.cache/torch/transformers/1ae1f5b6e2b22b25ccc04c000bb79ca847aa226d0761536b011cf7e5868f0655.ef00af9e673c7160b4d41cfda1f48c5f4cba57d5142754525572a846a1ab1b9b
11/13/2021 13:31:26 - INFO - transformers.tokenization_utils - loading file https://s3.amazonaws.com/models.huggingface.co/bert/roberta-large-merges.txt from cache at /private/home/yuchenlin/.cache/torch/transformers/f8f83199a6270d582d6245dc100e99c4155de81c9745c6248077018fe01abcfb.70bec105b4158ed9a1747fea67a43f5dee97855c64d62b6ec3742f4cfdb5feda
11/13/2021 13:32:22 - INFO - __main__ - Namespace(adam_epsilon=1e-08, adapter_dim=32, append_another_bos=1, base_model_path='out/mrqa_squad_bart-base_1029_upstream_model//best-model.pt', base_model_type='facebook/bart-base', ckpt_dir='experiments/ckpt_dirs/qa/nonecl/qa_nonecl_T=100,b=64,alpha=0.9,beta=0.5,gamma=0.5_offline=no', cl_method_name='none_cl', current_thread_id=None, diff_loss_weight=0, do_lowercase=False, ewc_gamma=1, ewc_lambda=0.5, example_encoder_name='roberta-base', freeze_embeds=False, gradient_accumulation_steps=1, heldout_submission_data='experiments/eval_data/qa/heldout_eval.jsonl', index_rank_method='most_similar', indexing_args_path='exp_results/supervision_data/1012_dm_simple.train_args.json', indexing_method='bart_index', inference_query_size=1, init_memory_cache_path='bug_data/memory_key_cache.pkl', kg_eval_freq=10, kg_eval_mode='metric', kr_eval_freq=10, kr_eval_mode='metric', learning_rate=0.0, local_adapt_lr=1e-05, max_grad_norm=0.1, max_input_length=888, max_output_length=50, max_timecode=100, memory_key_encoder='facebook/bart-base', memory_path='', memory_store_rate=1.0, mir_abalation_args='none', num_adapt_epochs=1, num_beams=3, num_threads_eval=0, num_train_epochs=0.0, offline_retrain_upstream=False, okr_sample_seed=1337, okr_sample_size=512, path_to_thread_result=None, predict_batch_size=64, prefix='qa_nonecl_T=100,b=64,alpha=0.9,beta=0.5,gamma=0.5_offline=no', replay_candidate_size=8, replay_frequency=1, replay_size=8, result_file='experiments/results/qa/qa_nonecl_T=100,b=64,alpha=0.9,beta=0.5,gamma=0.5_offline=no_result.json', save_ckpt_freq=100, seed=42, skip_instant_eval=False, submission_stream_data='experiments/eval_data/qa/submission_stream.T=100,b=64,alpha=0.9,beta=0.5,gamma=0.5.json', task_emb_dim=768, task_name='mrqa', train_batch_size=8, upstream_data_path='data/mrqa_squad/mrqa_squad_train.jsonl', upstream_eval_data='experiments/eval_data/qa/upstream_eval.jsonl', upstream_sample_ratio=-1, use_mir=False, use_replay_mix=False, use_wandb=True, weight_decay=0.01)
11/13/2021 13:32:23 - INFO - transformers.tokenization_utils - loading file https://s3.amazonaws.com/models.huggingface.co/bert/roberta-large-vocab.json from cache at /private/home/yuchenlin/.cache/torch/transformers/1ae1f5b6e2b22b25ccc04c000bb79ca847aa226d0761536b011cf7e5868f0655.ef00af9e673c7160b4d41cfda1f48c5f4cba57d5142754525572a846a1ab1b9b
11/13/2021 13:32:23 - INFO - transformers.tokenization_utils - loading file https://s3.amazonaws.com/models.huggingface.co/bert/roberta-large-merges.txt from cache at /private/home/yuchenlin/.cache/torch/transformers/f8f83199a6270d582d6245dc100e99c4155de81c9745c6248077018fe01abcfb.70bec105b4158ed9a1747fea67a43f5dee97855c64d62b6ec3742f4cfdb5feda
11/13/2021 13:32:47 - INFO - __main__ - load_data: len(upstream_eval_examples)=512
11/13/2021 13:32:47 - INFO - __main__ - load_data: len(heldout_eval_examples)=1280
11/13/2021 13:32:52 - INFO - __main__ - Loading checkpoint from out/mrqa_squad_bart-base_1029_upstream_model//best-model.pt for facebook/bart-base .....
11/13/2021 13:32:54 - INFO - transformers.configuration_utils - loading configuration file https://s3.amazonaws.com/models.huggingface.co/bert/facebook/bart-base/config.json from cache at /private/home/yuchenlin/.cache/torch/transformers/09f4fcaeaf785dd3b97b085d6e3510c7081f586ec8e75981683c6299c0f81d9d.e8d516ad807436d395effad8c2326786872659b7dd1210827ac67c761198a0eb
11/13/2021 13:32:54 - INFO - transformers.configuration_utils - Model config BartConfig {
  "activation_dropout": 0.1,
  "activation_function": "gelu",
  "add_bias_logits": false,
  "add_final_layer_norm": false,
  "architectures": [
    "BartModel",
    "BartForConditionalGeneration",
    "BartForSequenceClassification"
  ],
  "attention_dropout": 0.1,
  "bos_token_id": 0,
  "classif_dropout": 0.0,
  "d_model": 768,
  "decoder_attention_heads": 12,
  "decoder_ffn_dim": 3072,
  "decoder_layerdrop": 0.0,
  "decoder_layers": 6,
  "decoder_start_token_id": 2,
  "dropout": 0.1,
  "early_stopping": true,
  "encoder_attention_heads": 12,
  "encoder_ffn_dim": 3072,
  "encoder_layerdrop": 0.0,
  "encoder_layers": 6,
  "eos_token_id": 2,
  "id2label": {
    "0": "LABEL_0",
    "1": "LABEL_1",
    "2": "LABEL_2"
  },
  "init_std": 0.02,
  "is_encoder_decoder": true,
  "label2id": {
    "LABEL_0": 0,
    "LABEL_1": 1,
    "LABEL_2": 2
  },
  "max_position_embeddings": 1024,
  "model_type": "bart",
  "no_repeat_ngram_size": 3,
  "normalize_before": false,
  "normalize_embedding": true,
  "num_beams": 4,
  "num_hidden_layers": 6,
  "pad_token_id": 1,
  "scale_embedding": false,
  "static_position_embeddings": false,
  "task_specific_params": {
    "summarization": {
      "length_penalty": 1.0,
      "max_length": 128,
      "min_length": 12,
      "num_beams": 4
    },
    "summarization_cnn": {
      "length_penalty": 2.0,
      "max_length": 142,
      "min_length": 56,
      "num_beams": 4
    },
    "summarization_xsum": {
      "length_penalty": 1.0,
      "max_length": 62,
      "min_length": 11,
      "num_beams": 6
    }
  },
  "vocab_size": 50265
}

11/13/2021 13:32:54 - INFO - transformers.modeling_utils - loading weights file https://cdn.huggingface.co/facebook/bart-base/pytorch_model.bin from cache at /private/home/yuchenlin/.cache/torch/transformers/566c05fb6983817e8ad7a4fa51e3099fe9caa3b31730f964bc5198d71c677523.0a3d95c18c1e434448941bc25accea7b122882be6526fb67c8e8fb6d5ebc711c
11/13/2021 13:32:58 - INFO - __main__ - Loading checkpoint from out/mrqa_squad_bart-base_1029_upstream_model//best-model.pt for facebook/bart-base ..... Done!
11/13/2021 13:33:04 - INFO - __main__ - Moving to the GPUs.
11/13/2021 13:33:04 - INFO - __main__ - No debugger!
11/13/2021 13:33:04 - INFO - __main__ - Start Online Debugging with Dynamic Error Mode
11/13/2021 13:33:04 - INFO - __main__ - Number of Batches of Data: 100
11/13/2021 13:33:04 - INFO - __main__ - Data Batch Size: 64;
11/13/2021 13:33:06 - INFO - __main__ - Model saved to experiments/ckpt_dirs/qa/nonecl/qa_nonecl_T=100,b=64,alpha=0.9,beta=0.5,gamma=0.5_offline=no/model_ckpt_000.pt.
11/13/2021 13:33:06 - INFO - __main__ - Start eval_knowledge_retention for UKR @ Timecode=0
11/13/2021 13:33:30 - INFO - __main__ - Upstream Knowledge Retation (UKR@0): 0.8027
11/13/2021 13:33:30 - INFO - __main__ - Start eval_knowledge_generalization for KG @ Timecode=0
11/13/2021 13:35:01 - INFO - __main__ - Future Knowledge Generalization (KG@0): 0.3125
11/13/2021 13:35:01 - INFO - __main__ - Evaluating to get errors .... Timecode: 0
11/13/2021 13:35:04 - INFO - __main__ - Before Error Fixing: {'EM': 0.859375, 'QA-F1': 0.8807426948051948}
11/13/2021 13:35:04 - INFO - __main__ - Found 9 errors.
11/13/2021 13:35:04 - INFO - __main__ - Start error-fixing .... Timecode: 0
11/13/2021 13:35:04 - INFO - __main__ - No debugging at all.
11/13/2021 13:35:04 - INFO - __main__ - Start error-fixing .... Done!
11/13/2021 13:35:04 - INFO - __main__ - EFR=0.0
11/13/2021 13:35:04 - INFO - __main__ - Overall: 0.4296875 from scores=[0.859375, 0.0]
11/13/2021 13:35:06 - INFO - __main__ - Model saved to experiments/ckpt_dirs/qa/nonecl/qa_nonecl_T=100,b=64,alpha=0.9,beta=0.5,gamma=0.5_offline=no/model_ckpt_000.pt.
11/13/2021 13:35:06 - INFO - __main__ - Updated result feule: experiments/results/qa/qa_nonecl_T=100,b=64,alpha=0.9,beta=0.5,gamma=0.5_offline=no_result.json at Timecode: 0.
11/13/2021 13:35:06 - INFO - __main__ - --------------------------------------------------
11/13/2021 13:35:06 - INFO - __main__ - Evaluating to get errors .... Timecode: 1
11/13/2021 13:35:10 - INFO - __main__ - Before Error Fixing: {'EM': 0.78125, 'QA-F1': 0.7926407742584213}
11/13/2021 13:35:10 - INFO - __main__ - Found 14 errors.
11/13/2021 13:35:10 - INFO - __main__ - Start error-fixing .... Timecode: 1
11/13/2021 13:35:10 - INFO - __main__ - No debugging at all.
11/13/2021 13:35:10 - INFO - __main__ - Start error-fixing .... Done!
11/13/2021 13:35:12 - INFO - __main__ - EFR=0.0
11/13/2021 13:35:12 - INFO - __main__ - Overall: 0.41015625 from scores=[0.8203125, 0.0]
11/13/2021 13:35:12 - INFO - __main__ - --------------------------------------------------
11/13/2021 13:35:12 - INFO - __main__ - Evaluating to get errors .... Timecode: 2
11/13/2021 13:35:15 - INFO - __main__ - Before Error Fixing: {'EM': 0.734375, 'QA-F1': 0.7731894841269841}
11/13/2021 13:35:15 - INFO - __main__ - Found 17 errors.
11/13/2021 13:35:15 - INFO - __main__ - Start error-fixing .... Timecode: 2
11/13/2021 13:35:15 - INFO - __main__ - No debugging at all.
11/13/2021 13:35:15 - INFO - __main__ - Start error-fixing .... Done!
11/13/2021 13:35:17 - INFO - __main__ - EFR=0.0
11/13/2021 13:35:17 - INFO - __main__ - Overall: 0.3958333333333333 from scores=[0.7916666666666666, 0.0]
11/13/2021 13:35:17 - INFO - __main__ - --------------------------------------------------
11/13/2021 13:35:17 - INFO - __main__ - Evaluating to get errors .... Timecode: 3
11/13/2021 13:35:21 - INFO - __main__ - Before Error Fixing: {'EM': 0.65625, 'QA-F1': 0.687513098478956}
11/13/2021 13:35:21 - INFO - __main__ - Found 22 errors.
11/13/2021 13:35:21 - INFO - __main__ - Start error-fixing .... Timecode: 3
11/13/2021 13:35:21 - INFO - __main__ - No debugging at all.
11/13/2021 13:35:21 - INFO - __main__ - Start error-fixing .... Done!
11/13/2021 13:35:23 - INFO - __main__ - EFR=0.0
11/13/2021 13:35:23 - INFO - __main__ - Overall: 0.37890625 from scores=[0.7578125, 0.0]
11/13/2021 13:35:23 - INFO - __main__ - --------------------------------------------------
11/13/2021 13:35:23 - INFO - __main__ - Evaluating to get errors .... Timecode: 4
11/13/2021 13:35:27 - INFO - __main__ - Before Error Fixing: {'EM': 0.671875, 'QA-F1': 0.7092081529581529}
11/13/2021 13:35:27 - INFO - __main__ - Found 21 errors.
11/13/2021 13:35:27 - INFO - __main__ - Start error-fixing .... Timecode: 4
11/13/2021 13:35:27 - INFO - __main__ - No debugging at all.
11/13/2021 13:35:27 - INFO - __main__ - Start error-fixing .... Done!
11/13/2021 13:35:29 - INFO - __main__ - EFR=0.0
11/13/2021 13:35:29 - INFO - __main__ - Overall: 0.3703125 from scores=[0.740625, 0.0]
11/13/2021 13:35:29 - INFO - __main__ - --------------------------------------------------
11/13/2021 13:35:29 - INFO - __main__ - Evaluating to get errors .... Timecode: 5
11/13/2021 13:35:34 - INFO - __main__ - Before Error Fixing: {'EM': 0.515625, 'QA-F1': 0.562908917425776}
11/13/2021 13:35:34 - INFO - __main__ - Found 31 errors.
11/13/2021 13:35:34 - INFO - __main__ - Start error-fixing .... Timecode: 5
11/13/2021 13:35:34 - INFO - __main__ - No debugging at all.
11/13/2021 13:35:34 - INFO - __main__ - Start error-fixing .... Done!
11/13/2021 13:35:36 - INFO - __main__ - EFR=0.0
11/13/2021 13:35:36 - INFO - __main__ - Overall: 0.3515625 from scores=[0.703125, 0.0]
11/13/2021 13:35:36 - INFO - __main__ - --------------------------------------------------
11/13/2021 13:35:36 - INFO - __main__ - Evaluating to get errors .... Timecode: 6
11/13/2021 13:35:41 - INFO - __main__ - Before Error Fixing: {'EM': 0.625, 'QA-F1': 0.6561776718096995}
11/13/2021 13:35:41 - INFO - __main__ - Found 24 errors.
11/13/2021 13:35:41 - INFO - __main__ - Start error-fixing .... Timecode: 6
11/13/2021 13:35:41 - INFO - __main__ - No debugging at all.
11/13/2021 13:35:41 - INFO - __main__ - Start error-fixing .... Done!
11/13/2021 13:35:44 - INFO - __main__ - EFR=0.0
11/13/2021 13:35:44 - INFO - __main__ - Overall: 0.34598214285714285 from scores=[0.6919642857142857, 0.0]
11/13/2021 13:35:44 - INFO - __main__ - --------------------------------------------------
11/13/2021 13:35:44 - INFO - __main__ - Evaluating to get errors .... Timecode: 7
11/13/2021 13:35:48 - INFO - __main__ - Before Error Fixing: {'EM': 0.515625, 'QA-F1': 0.5643948274303134}
11/13/2021 13:35:48 - INFO - __main__ - Found 31 errors.
11/13/2021 13:35:48 - INFO - __main__ - Start error-fixing .... Timecode: 7
11/13/2021 13:35:48 - INFO - __main__ - No debugging at all.
11/13/2021 13:35:48 - INFO - __main__ - Start error-fixing .... Done!
11/13/2021 13:35:51 - INFO - __main__ - EFR=0.0
11/13/2021 13:35:51 - INFO - __main__ - Overall: 0.3349609375 from scores=[0.669921875, 0.0]
11/13/2021 13:35:51 - INFO - __main__ - --------------------------------------------------
11/13/2021 13:35:51 - INFO - __main__ - Evaluating to get errors .... Timecode: 8
11/13/2021 13:35:56 - INFO - __main__ - Before Error Fixing: {'EM': 0.515625, 'QA-F1': 0.5611192148465334}
11/13/2021 13:35:56 - INFO - __main__ - Found 31 errors.
11/13/2021 13:35:56 - INFO - __main__ - Start error-fixing .... Timecode: 8
11/13/2021 13:35:56 - INFO - __main__ - No debugging at all.
11/13/2021 13:35:56 - INFO - __main__ - Start error-fixing .... Done!
11/13/2021 13:35:59 - INFO - __main__ - EFR=0.0
11/13/2021 13:35:59 - INFO - __main__ - Overall: 0.3263888888888889 from scores=[0.6527777777777778, 0.0]
11/13/2021 13:35:59 - INFO - __main__ - --------------------------------------------------
11/13/2021 13:35:59 - INFO - __main__ - Evaluating to get errors .... Timecode: 9
11/13/2021 13:36:04 - INFO - __main__ - Before Error Fixing: {'EM': 0.5625, 'QA-F1': 0.5946755144365439}
11/13/2021 13:36:04 - INFO - __main__ - Found 28 errors.
11/13/2021 13:36:04 - INFO - __main__ - Start error-fixing .... Timecode: 9
11/13/2021 13:36:04 - INFO - __main__ - No debugging at all.
11/13/2021 13:36:04 - INFO - __main__ - Start error-fixing .... Done!
11/13/2021 13:36:06 - INFO - __main__ - EFR=0.0
11/13/2021 13:36:06 - INFO - __main__ - Overall: 0.321875 from scores=[0.64375, 0.0]
11/13/2021 13:36:06 - INFO - __main__ - --------------------------------------------------
11/13/2021 13:36:06 - INFO - __main__ - Start eval_knowledge_retention for UKR @ Timecode=10
11/13/2021 13:36:29 - INFO - __main__ - Upstream Knowledge Retation (UKR@10): 0.8027
11/13/2021 13:36:30 - INFO - __main__ - Start eval_knowledge_retention for OKR @ Timecode=10
11/13/2021 13:37:06 - INFO - __main__ - Online Knowledge Retation (OKR@10): 0.6465
11/13/2021 13:37:06 - INFO - __main__ - Start eval_knowledge_generalization for KG @ Timecode=10
11/13/2021 13:38:37 - INFO - __main__ - Future Knowledge Generalization (KG@10): 0.3125
11/13/2021 13:38:37 - INFO - __main__ - Evaluating to get errors .... Timecode: 10
11/13/2021 13:38:42 - INFO - __main__ - Before Error Fixing: {'EM': 0.609375, 'QA-F1': 0.659592540265288}
11/13/2021 13:38:42 - INFO - __main__ - Found 25 errors.
11/13/2021 13:38:42 - INFO - __main__ - Start error-fixing .... Timecode: 10
11/13/2021 13:38:42 - INFO - __main__ - No debugging at all.
11/13/2021 13:38:42 - INFO - __main__ - Start error-fixing .... Done!
11/13/2021 13:38:44 - INFO - __main__ - EFR=0.0
11/13/2021 13:38:44 - INFO - __main__ - Overall: 0.48046875 from scores=[0.640625, 0.0, 0.646484375, 0.802734375, 0.3125]
11/13/2021 13:38:44 - INFO - __main__ - --------------------------------------------------
11/13/2021 13:38:44 - INFO - __main__ - Evaluating to get errors .... Timecode: 11
11/13/2021 13:38:48 - INFO - __main__ - Before Error Fixing: {'EM': 0.546875, 'QA-F1': 0.5788981239348886}
11/13/2021 13:38:48 - INFO - __main__ - Found 29 errors.
11/13/2021 13:38:48 - INFO - __main__ - Start error-fixing .... Timecode: 11
11/13/2021 13:38:48 - INFO - __main__ - No debugging at all.
11/13/2021 13:38:48 - INFO - __main__ - Start error-fixing .... Done!
11/13/2021 13:38:51 - INFO - __main__ - EFR=0.0
11/13/2021 13:38:51 - INFO - __main__ - Overall: 0.47890625 from scores=[0.6328125, 0.0, 0.646484375, 0.802734375, 0.3125]
11/13/2021 13:38:51 - INFO - __main__ - --------------------------------------------------
11/13/2021 13:38:51 - INFO - __main__ - Evaluating to get errors .... Timecode: 12
11/13/2021 13:38:56 - INFO - __main__ - Before Error Fixing: {'EM': 0.5625, 'QA-F1': 0.5755274095117845}
11/13/2021 13:38:56 - INFO - __main__ - Found 28 errors.
11/13/2021 13:38:56 - INFO - __main__ - Start error-fixing .... Timecode: 12
11/13/2021 13:38:56 - INFO - __main__ - No debugging at all.
11/13/2021 13:38:56 - INFO - __main__ - Start error-fixing .... Done!
11/13/2021 13:38:59 - INFO - __main__ - EFR=0.0
11/13/2021 13:38:59 - INFO - __main__ - Overall: 0.47782451923076924 from scores=[0.6274038461538461, 0.0, 0.646484375, 0.802734375, 0.3125]
11/13/2021 13:38:59 - INFO - __main__ - --------------------------------------------------
11/13/2021 13:38:59 - INFO - __main__ - Evaluating to get errors .... Timecode: 13
11/13/2021 13:39:03 - INFO - __main__ - Before Error Fixing: {'EM': 0.46875, 'QA-F1': 0.5101176792556104}
11/13/2021 13:39:03 - INFO - __main__ - Found 34 errors.
11/13/2021 13:39:04 - INFO - __main__ - Start error-fixing .... Timecode: 13
11/13/2021 13:39:04 - INFO - __main__ - No debugging at all.
11/13/2021 13:39:04 - INFO - __main__ - Start error-fixing .... Done!
11/13/2021 13:39:06 - INFO - __main__ - EFR=0.0
11/13/2021 13:39:06 - INFO - __main__ - Overall: 0.4755580357142858 from scores=[0.6160714285714286, 0.0, 0.646484375, 0.802734375, 0.3125]
11/13/2021 13:39:06 - INFO - __main__ - --------------------------------------------------
11/13/2021 13:39:06 - INFO - __main__ - Evaluating to get errors .... Timecode: 14
11/13/2021 13:39:11 - INFO - __main__ - Before Error Fixing: {'EM': 0.46875, 'QA-F1': 0.5105687286783779}
11/13/2021 13:39:11 - INFO - __main__ - Found 34 errors.
11/13/2021 13:39:11 - INFO - __main__ - Start error-fixing .... Timecode: 14
11/13/2021 13:39:11 - INFO - __main__ - No debugging at all.
11/13/2021 13:39:11 - INFO - __main__ - Start error-fixing .... Done!
11/13/2021 13:39:13 - INFO - __main__ - EFR=0.0
11/13/2021 13:39:13 - INFO - __main__ - Overall: 0.47359375000000004 from scores=[0.60625, 0.0, 0.646484375, 0.802734375, 0.3125]
11/13/2021 13:39:13 - INFO - __main__ - --------------------------------------------------
11/13/2021 13:39:13 - INFO - __main__ - Evaluating to get errors .... Timecode: 15
11/13/2021 13:39:19 - INFO - __main__ - Before Error Fixing: {'EM': 0.46875, 'QA-F1': 0.5243813304750804}
11/13/2021 13:39:19 - INFO - __main__ - Found 34 errors.
11/13/2021 13:39:19 - INFO - __main__ - Start error-fixing .... Timecode: 15
11/13/2021 13:39:19 - INFO - __main__ - No debugging at all.
11/13/2021 13:39:19 - INFO - __main__ - Start error-fixing .... Done!
11/13/2021 13:39:22 - INFO - __main__ - EFR=0.0
11/13/2021 13:39:22 - INFO - __main__ - Overall: 0.471875 from scores=[0.59765625, 0.0, 0.646484375, 0.802734375, 0.3125]
11/13/2021 13:39:22 - INFO - __main__ - --------------------------------------------------
11/13/2021 13:39:22 - INFO - __main__ - Evaluating to get errors .... Timecode: 16
11/13/2021 13:39:27 - INFO - __main__ - Before Error Fixing: {'EM': 0.359375, 'QA-F1': 0.4431806772339861}
11/13/2021 13:39:27 - INFO - __main__ - Found 41 errors.
11/13/2021 13:39:27 - INFO - __main__ - Start error-fixing .... Timecode: 16
11/13/2021 13:39:27 - INFO - __main__ - No debugging at all.
11/13/2021 13:39:27 - INFO - __main__ - Start error-fixing .... Done!
11/13/2021 13:39:30 - INFO - __main__ - EFR=0.0
11/13/2021 13:39:30 - INFO - __main__ - Overall: 0.4690716911764706 from scores=[0.5836397058823529, 0.0, 0.646484375, 0.802734375, 0.3125]
11/13/2021 13:39:30 - INFO - __main__ - --------------------------------------------------
11/13/2021 13:39:30 - INFO - __main__ - Evaluating to get errors .... Timecode: 17
11/13/2021 13:39:35 - INFO - __main__ - Before Error Fixing: {'EM': 0.3125, 'QA-F1': 0.34855756222943723}
11/13/2021 13:39:35 - INFO - __main__ - Found 44 errors.
11/13/2021 13:39:36 - INFO - __main__ - Start error-fixing .... Timecode: 17
11/13/2021 13:39:36 - INFO - __main__ - No debugging at all.
11/13/2021 13:39:36 - INFO - __main__ - Start error-fixing .... Done!
11/13/2021 13:39:39 - INFO - __main__ - EFR=0.0
11/13/2021 13:39:39 - INFO - __main__ - Overall: 0.46605902777777775 from scores=[0.5685763888888888, 0.0, 0.646484375, 0.802734375, 0.3125]
11/13/2021 13:39:39 - INFO - __main__ - --------------------------------------------------
11/13/2021 13:39:39 - INFO - __main__ - Evaluating to get errors .... Timecode: 18
11/13/2021 13:39:44 - INFO - __main__ - Before Error Fixing: {'EM': 0.3125, 'QA-F1': 0.3635090832048069}
11/13/2021 13:39:44 - INFO - __main__ - Found 44 errors.
11/13/2021 13:39:44 - INFO - __main__ - Start error-fixing .... Timecode: 18
11/13/2021 13:39:44 - INFO - __main__ - No debugging at all.
11/13/2021 13:39:44 - INFO - __main__ - Start error-fixing .... Done!
11/13/2021 13:39:47 - INFO - __main__ - EFR=0.0
11/13/2021 13:39:47 - INFO - __main__ - Overall: 0.4633634868421053 from scores=[0.5550986842105263, 0.0, 0.646484375, 0.802734375, 0.3125]
11/13/2021 13:39:47 - INFO - __main__ - --------------------------------------------------
11/13/2021 13:39:47 - INFO - __main__ - Evaluating to get errors .... Timecode: 19
11/13/2021 13:39:52 - INFO - __main__ - Before Error Fixing: {'EM': 0.390625, 'QA-F1': 0.4430711061371332}
11/13/2021 13:39:52 - INFO - __main__ - Found 39 errors.
11/13/2021 13:39:53 - INFO - __main__ - Start error-fixing .... Timecode: 19
11/13/2021 13:39:53 - INFO - __main__ - No debugging at all.
11/13/2021 13:39:53 - INFO - __main__ - Start error-fixing .... Done!
11/13/2021 13:39:56 - INFO - __main__ - EFR=0.0
11/13/2021 13:39:56 - INFO - __main__ - Overall: 0.46171875 from scores=[0.546875, 0.0, 0.646484375, 0.802734375, 0.3125]
11/13/2021 13:39:56 - INFO - __main__ - --------------------------------------------------
11/13/2021 13:39:56 - INFO - __main__ - Start eval_knowledge_retention for UKR @ Timecode=20
11/13/2021 13:40:19 - INFO - __main__ - Upstream Knowledge Retation (UKR@20): 0.8027
11/13/2021 13:40:20 - INFO - __main__ - Start eval_knowledge_retention for OKR @ Timecode=20
11/13/2021 13:40:57 - INFO - __main__ - Online Knowledge Retation (OKR@20): 0.5410
11/13/2021 13:40:57 - INFO - __main__ - Start eval_knowledge_generalization for KG @ Timecode=20
11/13/2021 13:42:28 - INFO - __main__ - Future Knowledge Generalization (KG@20): 0.3125
11/13/2021 13:42:28 - INFO - __main__ - Evaluating to get errors .... Timecode: 20
11/13/2021 13:42:33 - INFO - __main__ - Before Error Fixing: {'EM': 0.28125, 'QA-F1': 0.3487705743870171}
11/13/2021 13:42:33 - INFO - __main__ - Found 46 errors.
11/13/2021 13:42:34 - INFO - __main__ - Start error-fixing .... Timecode: 20
11/13/2021 13:42:34 - INFO - __main__ - No debugging at all.
11/13/2021 13:42:34 - INFO - __main__ - Start error-fixing .... Done!
11/13/2021 13:42:38 - INFO - __main__ - EFR=0.0
11/13/2021 13:42:38 - INFO - __main__ - Overall: 0.43809523809523815 from scores=[0.5342261904761905, 0.0, 0.541015625, 0.802734375, 0.3125]
11/13/2021 13:42:38 - INFO - __main__ - --------------------------------------------------
11/13/2021 13:42:38 - INFO - __main__ - Evaluating to get errors .... Timecode: 21
11/13/2021 13:42:43 - INFO - __main__ - Before Error Fixing: {'EM': 0.328125, 'QA-F1': 0.3848625173255108}
11/13/2021 13:42:43 - INFO - __main__ - Found 43 errors.
11/13/2021 13:42:44 - INFO - __main__ - Start error-fixing .... Timecode: 21
11/13/2021 13:42:44 - INFO - __main__ - No debugging at all.
11/13/2021 13:42:44 - INFO - __main__ - Start error-fixing .... Done!
11/13/2021 13:42:47 - INFO - __main__ - EFR=0.0
11/13/2021 13:42:47 - INFO - __main__ - Overall: 0.4362215909090909 from scores=[0.5248579545454546, 0.0, 0.541015625, 0.802734375, 0.3125]
11/13/2021 13:42:47 - INFO - __main__ - --------------------------------------------------
11/13/2021 13:42:47 - INFO - __main__ - Evaluating to get errors .... Timecode: 22
11/13/2021 13:42:52 - INFO - __main__ - Before Error Fixing: {'EM': 0.484375, 'QA-F1': 0.5327826253607504}
11/13/2021 13:42:52 - INFO - __main__ - Found 33 errors.
11/13/2021 13:42:52 - INFO - __main__ - Start error-fixing .... Timecode: 22
11/13/2021 13:42:52 - INFO - __main__ - No debugging at all.
11/13/2021 13:42:52 - INFO - __main__ - Start error-fixing .... Done!
11/13/2021 13:42:54 - INFO - __main__ - EFR=0.0
11/13/2021 13:42:54 - INFO - __main__ - Overall: 0.4358695652173913 from scores=[0.5230978260869565, 0.0, 0.541015625, 0.802734375, 0.3125]
11/13/2021 13:42:54 - INFO - __main__ - --------------------------------------------------
11/13/2021 13:42:54 - INFO - __main__ - Evaluating to get errors .... Timecode: 23
11/13/2021 13:43:00 - INFO - __main__ - Before Error Fixing: {'EM': 0.265625, 'QA-F1': 0.3187126068376068}
11/13/2021 13:43:00 - INFO - __main__ - Found 47 errors.
11/13/2021 13:43:00 - INFO - __main__ - Start error-fixing .... Timecode: 23
11/13/2021 13:43:00 - INFO - __main__ - No debugging at all.
11/13/2021 13:43:00 - INFO - __main__ - Start error-fixing .... Done!
11/13/2021 13:43:04 - INFO - __main__ - EFR=0.0
11/13/2021 13:43:04 - INFO - __main__ - Overall: 0.4337239583333334 from scores=[0.5123697916666667, 0.0, 0.541015625, 0.802734375, 0.3125]
11/13/2021 13:43:04 - INFO - __main__ - --------------------------------------------------
11/13/2021 13:43:04 - INFO - __main__ - Evaluating to get errors .... Timecode: 24
11/13/2021 13:43:09 - INFO - __main__ - Before Error Fixing: {'EM': 0.375, 'QA-F1': 0.425877265694076}
11/13/2021 13:43:09 - INFO - __main__ - Found 40 errors.
11/13/2021 13:43:09 - INFO - __main__ - Start error-fixing .... Timecode: 24
11/13/2021 13:43:09 - INFO - __main__ - No debugging at all.
11/13/2021 13:43:09 - INFO - __main__ - Start error-fixing .... Done!
11/13/2021 13:43:13 - INFO - __main__ - EFR=0.0
11/13/2021 13:43:13 - INFO - __main__ - Overall: 0.432625 from scores=[0.506875, 0.0, 0.541015625, 0.802734375, 0.3125]
11/13/2021 13:43:13 - INFO - __main__ - --------------------------------------------------
11/13/2021 13:43:13 - INFO - __main__ - Evaluating to get errors .... Timecode: 25
11/13/2021 13:43:18 - INFO - __main__ - Before Error Fixing: {'EM': 0.359375, 'QA-F1': 0.4069760101010101}
11/13/2021 13:43:18 - INFO - __main__ - Found 41 errors.
11/13/2021 13:43:18 - INFO - __main__ - Start error-fixing .... Timecode: 25
11/13/2021 13:43:18 - INFO - __main__ - No debugging at all.
11/13/2021 13:43:18 - INFO - __main__ - Start error-fixing .... Done!
11/13/2021 13:43:22 - INFO - __main__ - EFR=0.0
11/13/2021 13:43:22 - INFO - __main__ - Overall: 0.4314903846153847 from scores=[0.5012019230769231, 0.0, 0.541015625, 0.802734375, 0.3125]
11/13/2021 13:43:22 - INFO - __main__ - --------------------------------------------------
11/13/2021 13:43:22 - INFO - __main__ - Evaluating to get errors .... Timecode: 26
11/13/2021 13:43:26 - INFO - __main__ - Before Error Fixing: {'EM': 0.421875, 'QA-F1': 0.47645089285714287}
11/13/2021 13:43:26 - INFO - __main__ - Found 37 errors.
11/13/2021 13:43:27 - INFO - __main__ - Start error-fixing .... Timecode: 26
11/13/2021 13:43:27 - INFO - __main__ - No debugging at all.
11/13/2021 13:43:27 - INFO - __main__ - Start error-fixing .... Done!
11/13/2021 13:43:29 - INFO - __main__ - EFR=0.0
11/13/2021 13:43:29 - INFO - __main__ - Overall: 0.43090277777777775 from scores=[0.49826388888888884, 0.0, 0.541015625, 0.802734375, 0.3125]
11/13/2021 13:43:29 - INFO - __main__ - --------------------------------------------------
11/13/2021 13:43:29 - INFO - __main__ - Evaluating to get errors .... Timecode: 27
11/13/2021 13:43:34 - INFO - __main__ - Before Error Fixing: {'EM': 0.390625, 'QA-F1': 0.4285027472527473}
11/13/2021 13:43:34 - INFO - __main__ - Found 39 errors.
11/13/2021 13:43:34 - INFO - __main__ - Start error-fixing .... Timecode: 27
11/13/2021 13:43:34 - INFO - __main__ - No debugging at all.
11/13/2021 13:43:34 - INFO - __main__ - Start error-fixing .... Done!
11/13/2021 13:43:37 - INFO - __main__ - EFR=0.0
11/13/2021 13:43:37 - INFO - __main__ - Overall: 0.43013392857142857 from scores=[0.4944196428571429, 0.0, 0.541015625, 0.802734375, 0.3125]
11/13/2021 13:43:37 - INFO - __main__ - --------------------------------------------------
11/13/2021 13:43:37 - INFO - __main__ - Evaluating to get errors .... Timecode: 28
11/13/2021 13:43:41 - INFO - __main__ - Before Error Fixing: {'EM': 0.515625, 'QA-F1': 0.5676474567099568}
11/13/2021 13:43:41 - INFO - __main__ - Found 31 errors.
11/13/2021 13:43:41 - INFO - __main__ - Start error-fixing .... Timecode: 28
11/13/2021 13:43:41 - INFO - __main__ - No debugging at all.
11/13/2021 13:43:41 - INFO - __main__ - Start error-fixing .... Done!
11/13/2021 13:43:43 - INFO - __main__ - EFR=0.0
11/13/2021 13:43:43 - INFO - __main__ - Overall: 0.43028017241379307 from scores=[0.4951508620689655, 0.0, 0.541015625, 0.802734375, 0.3125]
11/13/2021 13:43:43 - INFO - __main__ - --------------------------------------------------
11/13/2021 13:43:43 - INFO - __main__ - Evaluating to get errors .... Timecode: 29
11/13/2021 13:43:48 - INFO - __main__ - Before Error Fixing: {'EM': 0.3125, 'QA-F1': 0.34315080174455176}
11/13/2021 13:43:48 - INFO - __main__ - Found 44 errors.
11/13/2021 13:43:48 - INFO - __main__ - Start error-fixing .... Timecode: 29
11/13/2021 13:43:48 - INFO - __main__ - No debugging at all.
11/13/2021 13:43:48 - INFO - __main__ - Start error-fixing .... Done!
11/13/2021 13:43:52 - INFO - __main__ - EFR=0.0
11/13/2021 13:43:52 - INFO - __main__ - Overall: 0.4290625 from scores=[0.48906249999999996, 0.0, 0.541015625, 0.802734375, 0.3125]
11/13/2021 13:43:52 - INFO - __main__ - --------------------------------------------------
11/13/2021 13:43:52 - INFO - __main__ - Start eval_knowledge_retention for UKR @ Timecode=30
11/13/2021 13:44:15 - INFO - __main__ - Upstream Knowledge Retation (UKR@30): 0.8027
11/13/2021 13:44:16 - INFO - __main__ - Start eval_knowledge_retention for OKR @ Timecode=30
11/13/2021 13:44:55 - INFO - __main__ - Online Knowledge Retation (OKR@30): 0.4902
11/13/2021 13:44:55 - INFO - __main__ - Start eval_knowledge_generalization for KG @ Timecode=30
11/13/2021 13:46:27 - INFO - __main__ - Future Knowledge Generalization (KG@30): 0.3125
11/13/2021 13:46:27 - INFO - __main__ - Evaluating to get errors .... Timecode: 30
11/13/2021 13:46:31 - INFO - __main__ - Before Error Fixing: {'EM': 0.375, 'QA-F1': 0.41854046992687577}
11/13/2021 13:46:31 - INFO - __main__ - Found 40 errors.
11/13/2021 13:46:32 - INFO - __main__ - Start error-fixing .... Timecode: 30
11/13/2021 13:46:32 - INFO - __main__ - No debugging at all.
11/13/2021 13:46:32 - INFO - __main__ - Start error-fixing .... Done!
11/13/2021 13:46:35 - INFO - __main__ - EFR=0.0
11/13/2021 13:46:35 - INFO - __main__ - Overall: 0.4181703629032258 from scores=[0.485383064516129, 0.0, 0.490234375, 0.802734375, 0.3125]
11/13/2021 13:46:35 - INFO - __main__ - --------------------------------------------------
11/13/2021 13:46:35 - INFO - __main__ - Evaluating to get errors .... Timecode: 31
11/13/2021 13:46:40 - INFO - __main__ - Before Error Fixing: {'EM': 0.234375, 'QA-F1': 0.30433021876858946}
11/13/2021 13:46:40 - INFO - __main__ - Found 49 errors.
11/13/2021 13:46:40 - INFO - __main__ - Start error-fixing .... Timecode: 31
11/13/2021 13:46:40 - INFO - __main__ - No debugging at all.
11/13/2021 13:46:40 - INFO - __main__ - Start error-fixing .... Done!
11/13/2021 13:46:43 - INFO - __main__ - EFR=0.0
11/13/2021 13:46:43 - INFO - __main__ - Overall: 0.4166015625 from scores=[0.4775390625, 0.0, 0.490234375, 0.802734375, 0.3125]
11/13/2021 13:46:43 - INFO - __main__ - --------------------------------------------------
11/13/2021 13:46:43 - INFO - __main__ - Evaluating to get errors .... Timecode: 32
11/13/2021 13:46:48 - INFO - __main__ - Before Error Fixing: {'EM': 0.390625, 'QA-F1': 0.4343194067821583}
11/13/2021 13:46:48 - INFO - __main__ - Found 39 errors.
11/13/2021 13:46:48 - INFO - __main__ - Start error-fixing .... Timecode: 32
11/13/2021 13:46:48 - INFO - __main__ - No debugging at all.
11/13/2021 13:46:48 - INFO - __main__ - Start error-fixing .... Done!
11/13/2021 13:46:52 - INFO - __main__ - EFR=0.0
11/13/2021 13:46:52 - INFO - __main__ - Overall: 0.41607481060606055 from scores=[0.474905303030303, 0.0, 0.490234375, 0.802734375, 0.3125]
11/13/2021 13:46:52 - INFO - __main__ - --------------------------------------------------
11/13/2021 13:46:52 - INFO - __main__ - Evaluating to get errors .... Timecode: 33
11/13/2021 13:46:57 - INFO - __main__ - Before Error Fixing: {'EM': 0.265625, 'QA-F1': 0.3400487464370873}
11/13/2021 13:46:57 - INFO - __main__ - Found 47 errors.
11/13/2021 13:46:57 - INFO - __main__ - Start error-fixing .... Timecode: 33
11/13/2021 13:46:57 - INFO - __main__ - No debugging at all.
11/13/2021 13:46:57 - INFO - __main__ - Start error-fixing .... Done!
11/13/2021 13:47:01 - INFO - __main__ - EFR=0.0
11/13/2021 13:47:01 - INFO - __main__ - Overall: 0.41484375 from scores=[0.46875, 0.0, 0.490234375, 0.802734375, 0.3125]
11/13/2021 13:47:01 - INFO - __main__ - --------------------------------------------------
11/13/2021 13:47:01 - INFO - __main__ - Evaluating to get errors .... Timecode: 34
11/13/2021 13:47:07 - INFO - __main__ - Before Error Fixing: {'EM': 0.34375, 'QA-F1': 0.40371223234591636}
11/13/2021 13:47:07 - INFO - __main__ - Found 42 errors.
11/13/2021 13:47:07 - INFO - __main__ - Start error-fixing .... Timecode: 34
11/13/2021 13:47:07 - INFO - __main__ - No debugging at all.
11/13/2021 13:47:07 - INFO - __main__ - Start error-fixing .... Done!
11/13/2021 13:47:11 - INFO - __main__ - EFR=0.0
11/13/2021 13:47:11 - INFO - __main__ - Overall: 0.4141294642857143 from scores=[0.46517857142857144, 0.0, 0.490234375, 0.802734375, 0.3125]
11/13/2021 13:47:11 - INFO - __main__ - --------------------------------------------------
11/13/2021 13:47:11 - INFO - __main__ - Evaluating to get errors .... Timecode: 35
11/13/2021 13:47:15 - INFO - __main__ - Before Error Fixing: {'EM': 0.265625, 'QA-F1': 0.323994016249451}
11/13/2021 13:47:15 - INFO - __main__ - Found 47 errors.
11/13/2021 13:47:15 - INFO - __main__ - Start error-fixing .... Timecode: 35
11/13/2021 13:47:15 - INFO - __main__ - No debugging at all.
11/13/2021 13:47:15 - INFO - __main__ - Start error-fixing .... Done!
11/13/2021 13:47:19 - INFO - __main__ - EFR=0.0
11/13/2021 13:47:19 - INFO - __main__ - Overall: 0.4130208333333333 from scores=[0.45963541666666663, 0.0, 0.490234375, 0.802734375, 0.3125]
11/13/2021 13:47:19 - INFO - __main__ - --------------------------------------------------
11/13/2021 13:47:19 - INFO - __main__ - Evaluating to get errors .... Timecode: 36
11/13/2021 13:47:24 - INFO - __main__ - Before Error Fixing: {'EM': 0.296875, 'QA-F1': 0.36921492285012525}
11/13/2021 13:47:24 - INFO - __main__ - Found 45 errors.
11/13/2021 13:47:24 - INFO - __main__ - Start error-fixing .... Timecode: 36
11/13/2021 13:47:24 - INFO - __main__ - No debugging at all.
11/13/2021 13:47:24 - INFO - __main__ - Start error-fixing .... Done!
11/13/2021 13:47:28 - INFO - __main__ - EFR=0.0
11/13/2021 13:47:28 - INFO - __main__ - Overall: 0.4121410472972973 from scores=[0.4552364864864865, 0.0, 0.490234375, 0.802734375, 0.3125]
11/13/2021 13:47:28 - INFO - __main__ - --------------------------------------------------
11/13/2021 13:47:28 - INFO - __main__ - Evaluating to get errors .... Timecode: 37
11/13/2021 13:47:33 - INFO - __main__ - Before Error Fixing: {'EM': 0.390625, 'QA-F1': 0.449558003804959}
11/13/2021 13:47:33 - INFO - __main__ - Found 39 errors.
11/13/2021 13:47:33 - INFO - __main__ - Start error-fixing .... Timecode: 37
11/13/2021 13:47:33 - INFO - __main__ - No debugging at all.
11/13/2021 13:47:33 - INFO - __main__ - Start error-fixing .... Done!
11/13/2021 13:47:36 - INFO - __main__ - EFR=0.0
11/13/2021 13:47:36 - INFO - __main__ - Overall: 0.4118009868421053 from scores=[0.4535361842105263, 0.0, 0.490234375, 0.802734375, 0.3125]
11/13/2021 13:47:36 - INFO - __main__ - --------------------------------------------------
11/13/2021 13:47:36 - INFO - __main__ - Evaluating to get errors .... Timecode: 38
11/13/2021 13:47:41 - INFO - __main__ - Before Error Fixing: {'EM': 0.203125, 'QA-F1': 0.3005885556437027}
11/13/2021 13:47:41 - INFO - __main__ - Found 51 errors.
11/13/2021 13:47:42 - INFO - __main__ - Start error-fixing .... Timecode: 38
11/13/2021 13:47:42 - INFO - __main__ - No debugging at all.
11/13/2021 13:47:42 - INFO - __main__ - Start error-fixing .... Done!
11/13/2021 13:47:46 - INFO - __main__ - EFR=0.0
11/13/2021 13:47:46 - INFO - __main__ - Overall: 0.4105168269230769 from scores=[0.4471153846153846, 0.0, 0.490234375, 0.802734375, 0.3125]
11/13/2021 13:47:46 - INFO - __main__ - --------------------------------------------------
11/13/2021 13:47:46 - INFO - __main__ - Evaluating to get errors .... Timecode: 39
11/13/2021 13:47:51 - INFO - __main__ - Before Error Fixing: {'EM': 0.296875, 'QA-F1': 0.33382266171328673}
11/13/2021 13:47:51 - INFO - __main__ - Found 45 errors.
11/13/2021 13:47:51 - INFO - __main__ - Start error-fixing .... Timecode: 39
11/13/2021 13:47:51 - INFO - __main__ - No debugging at all.
11/13/2021 13:47:51 - INFO - __main__ - Start error-fixing .... Done!
11/13/2021 13:47:54 - INFO - __main__ - EFR=0.0
11/13/2021 13:47:54 - INFO - __main__ - Overall: 0.409765625 from scores=[0.443359375, 0.0, 0.490234375, 0.802734375, 0.3125]
11/13/2021 13:47:54 - INFO - __main__ - --------------------------------------------------
11/13/2021 13:47:54 - INFO - __main__ - Start eval_knowledge_retention for UKR @ Timecode=40
11/13/2021 13:48:17 - INFO - __main__ - Upstream Knowledge Retation (UKR@40): 0.8027
11/13/2021 13:48:18 - INFO - __main__ - Start eval_knowledge_retention for OKR @ Timecode=40
11/13/2021 13:48:58 - INFO - __main__ - Online Knowledge Retation (OKR@40): 0.4492
11/13/2021 13:48:58 - INFO - __main__ - Start eval_knowledge_generalization for KG @ Timecode=40
11/13/2021 13:50:29 - INFO - __main__ - Future Knowledge Generalization (KG@40): 0.3125
11/13/2021 13:50:29 - INFO - __main__ - Evaluating to get errors .... Timecode: 40
11/13/2021 13:50:34 - INFO - __main__ - Before Error Fixing: {'EM': 0.296875, 'QA-F1': 0.38149160810852956}
11/13/2021 13:50:34 - INFO - __main__ - Found 45 errors.
11/13/2021 13:50:34 - INFO - __main__ - Start error-fixing .... Timecode: 40
11/13/2021 13:50:34 - INFO - __main__ - No debugging at all.
11/13/2021 13:50:34 - INFO - __main__ - Start error-fixing .... Done!
11/13/2021 13:50:38 - INFO - __main__ - EFR=0.0
11/13/2021 13:50:38 - INFO - __main__ - Overall: 0.40084794207317076 from scores=[0.4397865853658537, 0.0, 0.44921875, 0.802734375, 0.3125]
11/13/2021 13:50:38 - INFO - __main__ - --------------------------------------------------
11/13/2021 13:50:38 - INFO - __main__ - Evaluating to get errors .... Timecode: 41
11/13/2021 13:50:43 - INFO - __main__ - Before Error Fixing: {'EM': 0.265625, 'QA-F1': 0.3203534326896222}
11/13/2021 13:50:43 - INFO - __main__ - Found 47 errors.
11/13/2021 13:50:44 - INFO - __main__ - Start error-fixing .... Timecode: 41
11/13/2021 13:50:44 - INFO - __main__ - No debugging at all.
11/13/2021 13:50:44 - INFO - __main__ - Start error-fixing .... Done!
11/13/2021 13:50:48 - INFO - __main__ - EFR=0.0
11/13/2021 13:50:48 - INFO - __main__ - Overall: 0.40001860119047616 from scores=[0.43563988095238093, 0.0, 0.44921875, 0.802734375, 0.3125]
11/13/2021 13:50:48 - INFO - __main__ - --------------------------------------------------
11/13/2021 13:50:48 - INFO - __main__ - Evaluating to get errors .... Timecode: 42
11/13/2021 13:50:52 - INFO - __main__ - Before Error Fixing: {'EM': 0.453125, 'QA-F1': 0.516918309649288}
11/13/2021 13:50:52 - INFO - __main__ - Found 35 errors.
11/13/2021 13:50:53 - INFO - __main__ - Start error-fixing .... Timecode: 42
11/13/2021 13:50:53 - INFO - __main__ - No debugging at all.
11/13/2021 13:50:53 - INFO - __main__ - Start error-fixing .... Done!
11/13/2021 13:50:55 - INFO - __main__ - EFR=0.0
11/13/2021 13:50:55 - INFO - __main__ - Overall: 0.40009992732558136 from scores=[0.436046511627907, 0.0, 0.44921875, 0.802734375, 0.3125]
11/13/2021 13:50:55 - INFO - __main__ - --------------------------------------------------
11/13/2021 13:50:55 - INFO - __main__ - Evaluating to get errors .... Timecode: 43
11/13/2021 13:51:00 - INFO - __main__ - Before Error Fixing: {'EM': 0.34375, 'QA-F1': 0.41823885486085566}
11/13/2021 13:51:00 - INFO - __main__ - Found 42 errors.
11/13/2021 13:51:00 - INFO - __main__ - Start error-fixing .... Timecode: 43
11/13/2021 13:51:00 - INFO - __main__ - No debugging at all.
11/13/2021 13:51:00 - INFO - __main__ - Start error-fixing .... Done!
11/13/2021 13:51:04 - INFO - __main__ - EFR=0.0
11/13/2021 13:51:04 - INFO - __main__ - Overall: 0.39968039772727276 from scores=[0.43394886363636365, 0.0, 0.44921875, 0.802734375, 0.3125]
11/13/2021 13:51:04 - INFO - __main__ - --------------------------------------------------
11/13/2021 13:51:04 - INFO - __main__ - Evaluating to get errors .... Timecode: 44
11/13/2021 13:51:08 - INFO - __main__ - Before Error Fixing: {'EM': 0.484375, 'QA-F1': 0.523468501984127}
11/13/2021 13:51:08 - INFO - __main__ - Found 33 errors.
11/13/2021 13:51:08 - INFO - __main__ - Start error-fixing .... Timecode: 44
11/13/2021 13:51:08 - INFO - __main__ - No debugging at all.
11/13/2021 13:51:08 - INFO - __main__ - Start error-fixing .... Done!
11/13/2021 13:51:11 - INFO - __main__ - EFR=0.0
11/13/2021 13:51:11 - INFO - __main__ - Overall: 0.39990451388888887 from scores=[0.4350694444444444, 0.0, 0.44921875, 0.802734375, 0.3125]
11/13/2021 13:51:11 - INFO - __main__ - --------------------------------------------------
11/13/2021 13:51:11 - INFO - __main__ - Evaluating to get errors .... Timecode: 45
11/13/2021 13:51:16 - INFO - __main__ - Before Error Fixing: {'EM': 0.484375, 'QA-F1': 0.5350624533087526}
11/13/2021 13:51:16 - INFO - __main__ - Found 33 errors.
11/13/2021 13:51:16 - INFO - __main__ - Start error-fixing .... Timecode: 45
11/13/2021 13:51:16 - INFO - __main__ - No debugging at all.
11/13/2021 13:51:16 - INFO - __main__ - Start error-fixing .... Done!
11/13/2021 13:51:19 - INFO - __main__ - EFR=0.0
11/13/2021 13:51:19 - INFO - __main__ - Overall: 0.40011888586956523 from scores=[0.43614130434782605, 0.0, 0.44921875, 0.802734375, 0.3125]
11/13/2021 13:51:19 - INFO - __main__ - --------------------------------------------------
11/13/2021 13:51:19 - INFO - __main__ - Evaluating to get errors .... Timecode: 46
11/13/2021 13:51:23 - INFO - __main__ - Before Error Fixing: {'EM': 0.453125, 'QA-F1': 0.4977949497930316}
11/13/2021 13:51:23 - INFO - __main__ - Found 35 errors.
11/13/2021 13:51:23 - INFO - __main__ - Start error-fixing .... Timecode: 46
11/13/2021 13:51:23 - INFO - __main__ - No debugging at all.
11/13/2021 13:51:23 - INFO - __main__ - Start error-fixing .... Done!
11/13/2021 13:51:26 - INFO - __main__ - EFR=0.0
11/13/2021 13:51:26 - INFO - __main__ - Overall: 0.4001911569148936 from scores=[0.4365026595744681, 0.0, 0.44921875, 0.802734375, 0.3125]
11/13/2021 13:51:26 - INFO - __main__ - --------------------------------------------------
11/13/2021 13:51:26 - INFO - __main__ - Evaluating to get errors .... Timecode: 47
11/13/2021 13:51:30 - INFO - __main__ - Before Error Fixing: {'EM': 0.28125, 'QA-F1': 0.3408360704268212}
11/13/2021 13:51:30 - INFO - __main__ - Found 46 errors.
11/13/2021 13:51:31 - INFO - __main__ - Start error-fixing .... Timecode: 47
11/13/2021 13:51:31 - INFO - __main__ - No debugging at all.
11/13/2021 13:51:31 - INFO - __main__ - Start error-fixing .... Done!
11/13/2021 13:51:34 - INFO - __main__ - EFR=0.0
11/13/2021 13:51:34 - INFO - __main__ - Overall: 0.3995442708333333 from scores=[0.43326822916666663, 0.0, 0.44921875, 0.802734375, 0.3125]
11/13/2021 13:51:34 - INFO - __main__ - --------------------------------------------------
11/13/2021 13:51:34 - INFO - __main__ - Evaluating to get errors .... Timecode: 48
11/13/2021 13:51:39 - INFO - __main__ - Before Error Fixing: {'EM': 0.203125, 'QA-F1': 0.24237527455937782}
11/13/2021 13:51:39 - INFO - __main__ - Found 51 errors.
11/13/2021 13:51:40 - INFO - __main__ - Start error-fixing .... Timecode: 48
11/13/2021 13:51:40 - INFO - __main__ - No debugging at all.
11/13/2021 13:51:40 - INFO - __main__ - Start error-fixing .... Done!
11/13/2021 13:51:44 - INFO - __main__ - EFR=0.0
11/13/2021 13:51:44 - INFO - __main__ - Overall: 0.3986049107142857 from scores=[0.4285714285714286, 0.0, 0.44921875, 0.802734375, 0.3125]
11/13/2021 13:51:44 - INFO - __main__ - --------------------------------------------------
11/13/2021 13:51:44 - INFO - __main__ - Evaluating to get errors .... Timecode: 49
11/13/2021 13:51:49 - INFO - __main__ - Before Error Fixing: {'EM': 0.265625, 'QA-F1': 0.29542077700645475}
11/13/2021 13:51:49 - INFO - __main__ - Found 47 errors.
11/13/2021 13:51:49 - INFO - __main__ - Start error-fixing .... Timecode: 49
11/13/2021 13:51:49 - INFO - __main__ - No debugging at all.
11/13/2021 13:51:49 - INFO - __main__ - Start error-fixing .... Done!
11/13/2021 13:51:53 - INFO - __main__ - EFR=0.0
11/13/2021 13:51:53 - INFO - __main__ - Overall: 0.397953125 from scores=[0.4253125, 0.0, 0.44921875, 0.802734375, 0.3125]
11/13/2021 13:51:53 - INFO - __main__ - --------------------------------------------------
11/13/2021 13:51:53 - INFO - __main__ - Start eval_knowledge_retention for UKR @ Timecode=50
11/13/2021 13:52:16 - INFO - __main__ - Upstream Knowledge Retation (UKR@50): 0.8027
11/13/2021 13:52:17 - INFO - __main__ - Start eval_knowledge_retention for OKR @ Timecode=50
11/13/2021 13:52:57 - INFO - __main__ - Online Knowledge Retation (OKR@50): 0.3867
11/13/2021 13:52:57 - INFO - __main__ - Start eval_knowledge_generalization for KG @ Timecode=50
11/13/2021 13:54:29 - INFO - __main__ - Future Knowledge Generalization (KG@50): 0.3125
11/13/2021 13:54:29 - INFO - __main__ - Evaluating to get errors .... Timecode: 50
11/13/2021 13:54:34 - INFO - __main__ - Before Error Fixing: {'EM': 0.3125, 'QA-F1': 0.39098139751212035}
11/13/2021 13:54:34 - INFO - __main__ - Found 44 errors.
11/13/2021 13:54:34 - INFO - __main__ - Start error-fixing .... Timecode: 50
11/13/2021 13:54:34 - INFO - __main__ - No debugging at all.
11/13/2021 13:54:34 - INFO - __main__ - Start error-fixing .... Done!
11/13/2021 13:54:38 - INFO - __main__ - EFR=0.0
11/13/2021 13:54:38 - INFO - __main__ - Overall: 0.3850107230392157 from scores=[0.4231004901960784, 0.0, 0.38671875, 0.802734375, 0.3125]
11/13/2021 13:54:38 - INFO - __main__ - --------------------------------------------------
11/13/2021 13:54:38 - INFO - __main__ - Evaluating to get errors .... Timecode: 51
11/13/2021 13:54:43 - INFO - __main__ - Before Error Fixing: {'EM': 0.40625, 'QA-F1': 0.4479919733044733}
11/13/2021 13:54:43 - INFO - __main__ - Found 38 errors.
11/13/2021 13:54:43 - INFO - __main__ - Start error-fixing .... Timecode: 51
11/13/2021 13:54:43 - INFO - __main__ - No debugging at all.
11/13/2021 13:54:43 - INFO - __main__ - Start error-fixing .... Done!
11/13/2021 13:54:46 - INFO - __main__ - EFR=0.0
11/13/2021 13:54:46 - INFO - __main__ - Overall: 0.38494591346153845 from scores=[0.4227764423076923, 0.0, 0.38671875, 0.802734375, 0.3125]
11/13/2021 13:54:46 - INFO - __main__ - --------------------------------------------------
11/13/2021 13:54:46 - INFO - __main__ - Evaluating to get errors .... Timecode: 52
11/13/2021 13:54:50 - INFO - __main__ - Before Error Fixing: {'EM': 0.390625, 'QA-F1': 0.4384424603174603}
11/13/2021 13:54:50 - INFO - __main__ - Found 39 errors.
11/13/2021 13:54:51 - INFO - __main__ - Start error-fixing .... Timecode: 52
11/13/2021 13:54:51 - INFO - __main__ - No debugging at all.
11/13/2021 13:54:51 - INFO - __main__ - Start error-fixing .... Done!
11/13/2021 13:54:53 - INFO - __main__ - EFR=0.0
11/13/2021 13:54:53 - INFO - __main__ - Overall: 0.384824587264151 from scores=[0.4221698113207547, 0.0, 0.38671875, 0.802734375, 0.3125]
11/13/2021 13:54:53 - INFO - __main__ - --------------------------------------------------
11/13/2021 13:54:53 - INFO - __main__ - Evaluating to get errors .... Timecode: 53
11/13/2021 13:54:58 - INFO - __main__ - Before Error Fixing: {'EM': 0.3125, 'QA-F1': 0.381817616260551}
11/13/2021 13:54:58 - INFO - __main__ - Found 44 errors.
11/13/2021 13:54:58 - INFO - __main__ - Start error-fixing .... Timecode: 53
11/13/2021 13:54:58 - INFO - __main__ - No debugging at all.
11/13/2021 13:54:58 - INFO - __main__ - Start error-fixing .... Done!
11/13/2021 13:55:02 - INFO - __main__ - EFR=0.0
11/13/2021 13:55:02 - INFO - __main__ - Overall: 0.3844184027777778 from scores=[0.42013888888888884, 0.0, 0.38671875, 0.802734375, 0.3125]
11/13/2021 13:55:02 - INFO - __main__ - --------------------------------------------------
11/13/2021 13:55:02 - INFO - __main__ - Evaluating to get errors .... Timecode: 54
11/13/2021 13:55:07 - INFO - __main__ - Before Error Fixing: {'EM': 0.28125, 'QA-F1': 0.29721402496338556}
11/13/2021 13:55:07 - INFO - __main__ - Found 46 errors.
11/13/2021 13:55:07 - INFO - __main__ - Start error-fixing .... Timecode: 54
11/13/2021 13:55:07 - INFO - __main__ - No debugging at all.
11/13/2021 13:55:07 - INFO - __main__ - Start error-fixing .... Done!
11/13/2021 13:55:11 - INFO - __main__ - EFR=0.0
11/13/2021 13:55:11 - INFO - __main__ - Overall: 0.38391335227272727 from scores=[0.41761363636363635, 0.0, 0.38671875, 0.802734375, 0.3125]
11/13/2021 13:55:11 - INFO - __main__ - --------------------------------------------------
11/13/2021 13:55:11 - INFO - __main__ - Evaluating to get errors .... Timecode: 55
11/13/2021 13:55:16 - INFO - __main__ - Before Error Fixing: {'EM': 0.25, 'QA-F1': 0.31789181531029354}
11/13/2021 13:55:16 - INFO - __main__ - Found 48 errors.
11/13/2021 13:55:16 - INFO - __main__ - Start error-fixing .... Timecode: 55
11/13/2021 13:55:16 - INFO - __main__ - No debugging at all.
11/13/2021 13:55:16 - INFO - __main__ - Start error-fixing .... Done!
11/13/2021 13:55:20 - INFO - __main__ - EFR=0.0
11/13/2021 13:55:20 - INFO - __main__ - Overall: 0.3833147321428571 from scores=[0.4146205357142857, 0.0, 0.38671875, 0.802734375, 0.3125]
11/13/2021 13:55:20 - INFO - __main__ - --------------------------------------------------
11/13/2021 13:55:20 - INFO - __main__ - Evaluating to get errors .... Timecode: 56
11/13/2021 13:55:25 - INFO - __main__ - Before Error Fixing: {'EM': 0.265625, 'QA-F1': 0.30564096850861555}
11/13/2021 13:55:25 - INFO - __main__ - Found 47 errors.
11/13/2021 13:55:25 - INFO - __main__ - Start error-fixing .... Timecode: 56
11/13/2021 13:55:25 - INFO - __main__ - No debugging at all.
11/13/2021 13:55:25 - INFO - __main__ - Start error-fixing .... Done!
11/13/2021 13:55:29 - INFO - __main__ - EFR=0.0
11/13/2021 13:55:29 - INFO - __main__ - Overall: 0.3827919407894737 from scores=[0.4120065789473685, 0.0, 0.38671875, 0.802734375, 0.3125]
11/13/2021 13:55:29 - INFO - __main__ - --------------------------------------------------
11/13/2021 13:55:29 - INFO - __main__ - Evaluating to get errors .... Timecode: 57
11/13/2021 13:55:34 - INFO - __main__ - Before Error Fixing: {'EM': 0.1875, 'QA-F1': 0.22897080707282913}
11/13/2021 13:55:34 - INFO - __main__ - Found 52 errors.
11/13/2021 13:55:34 - INFO - __main__ - Start error-fixing .... Timecode: 57
11/13/2021 13:55:34 - INFO - __main__ - No debugging at all.
11/13/2021 13:55:34 - INFO - __main__ - Start error-fixing .... Done!
11/13/2021 13:55:38 - INFO - __main__ - EFR=0.0
11/13/2021 13:55:38 - INFO - __main__ - Overall: 0.3820177801724138 from scores=[0.40813577586206895, 0.0, 0.38671875, 0.802734375, 0.3125]
11/13/2021 13:55:38 - INFO - __main__ - --------------------------------------------------
11/13/2021 13:55:38 - INFO - __main__ - Evaluating to get errors .... Timecode: 58
11/13/2021 13:55:43 - INFO - __main__ - Before Error Fixing: {'EM': 0.21875, 'QA-F1': 0.29419347043887484}
11/13/2021 13:55:43 - INFO - __main__ - Found 50 errors.
11/13/2021 13:55:43 - INFO - __main__ - Start error-fixing .... Timecode: 58
11/13/2021 13:55:43 - INFO - __main__ - No debugging at all.
11/13/2021 13:55:43 - INFO - __main__ - Start error-fixing .... Done!
11/13/2021 13:55:46 - INFO - __main__ - EFR=0.0
11/13/2021 13:55:46 - INFO - __main__ - Overall: 0.3813757944915254 from scores=[0.40492584745762716, 0.0, 0.38671875, 0.802734375, 0.3125]
11/13/2021 13:55:46 - INFO - __main__ - --------------------------------------------------
11/13/2021 13:55:46 - INFO - __main__ - Evaluating to get errors .... Timecode: 59
11/13/2021 13:55:51 - INFO - __main__ - Before Error Fixing: {'EM': 0.34375, 'QA-F1': 0.3819405748991347}
11/13/2021 13:55:51 - INFO - __main__ - Found 42 errors.
11/13/2021 13:55:51 - INFO - __main__ - Start error-fixing .... Timecode: 59
11/13/2021 13:55:51 - INFO - __main__ - No debugging at all.
11/13/2021 13:55:51 - INFO - __main__ - Start error-fixing .... Done!
11/13/2021 13:55:54 - INFO - __main__ - EFR=0.0
11/13/2021 13:55:54 - INFO - __main__ - Overall: 0.381171875 from scores=[0.40390625, 0.0, 0.38671875, 0.802734375, 0.3125]
11/13/2021 13:55:54 - INFO - __main__ - --------------------------------------------------
11/13/2021 13:55:54 - INFO - __main__ - Start eval_knowledge_retention for UKR @ Timecode=60
11/13/2021 13:56:17 - INFO - __main__ - Upstream Knowledge Retation (UKR@60): 0.8027
11/13/2021 13:56:18 - INFO - __main__ - Start eval_knowledge_retention for OKR @ Timecode=60
11/13/2021 13:56:56 - INFO - __main__ - Online Knowledge Retation (OKR@60): 0.3730
11/13/2021 13:56:56 - INFO - __main__ - Start eval_knowledge_generalization for KG @ Timecode=60
11/13/2021 13:58:28 - INFO - __main__ - Future Knowledge Generalization (KG@60): 0.3125
11/13/2021 13:58:28 - INFO - __main__ - Evaluating to get errors .... Timecode: 60
11/13/2021 13:58:32 - INFO - __main__ - Before Error Fixing: {'EM': 0.1875, 'QA-F1': 0.28950705110219344}
11/13/2021 13:58:32 - INFO - __main__ - Found 52 errors.
11/13/2021 13:58:33 - INFO - __main__ - Start error-fixing .... Timecode: 60
11/13/2021 13:58:33 - INFO - __main__ - No debugging at all.
11/13/2021 13:58:33 - INFO - __main__ - Start error-fixing .... Done!
11/13/2021 13:58:37 - INFO - __main__ - EFR=0.0
11/13/2021 13:58:37 - INFO - __main__ - Overall: 0.3777279713114754 from scores=[0.4003586065573771, 0.0, 0.373046875, 0.802734375, 0.3125]
11/13/2021 13:58:37 - INFO - __main__ - --------------------------------------------------
11/13/2021 13:58:37 - INFO - __main__ - Evaluating to get errors .... Timecode: 61
11/13/2021 13:58:42 - INFO - __main__ - Before Error Fixing: {'EM': 0.265625, 'QA-F1': 0.3475318399350907}
11/13/2021 13:58:42 - INFO - __main__ - Found 47 errors.
11/13/2021 13:58:42 - INFO - __main__ - Start error-fixing .... Timecode: 61
11/13/2021 13:58:42 - INFO - __main__ - No debugging at all.
11/13/2021 13:58:42 - INFO - __main__ - Start error-fixing .... Done!
11/13/2021 13:58:46 - INFO - __main__ - EFR=0.0
11/13/2021 13:58:46 - INFO - __main__ - Overall: 0.37729334677419357 from scores=[0.39818548387096775, 0.0, 0.373046875, 0.802734375, 0.3125]
11/13/2021 13:58:46 - INFO - __main__ - --------------------------------------------------
11/13/2021 13:58:46 - INFO - __main__ - Evaluating to get errors .... Timecode: 62
11/13/2021 13:58:52 - INFO - __main__ - Before Error Fixing: {'EM': 0.34375, 'QA-F1': 0.41807714752567693}
11/13/2021 13:58:52 - INFO - __main__ - Found 42 errors.
11/13/2021 13:58:52 - INFO - __main__ - Start error-fixing .... Timecode: 62
11/13/2021 13:58:52 - INFO - __main__ - No debugging at all.
11/13/2021 13:58:52 - INFO - __main__ - Start error-fixing .... Done!
11/13/2021 13:58:55 - INFO - __main__ - EFR=0.0
11/13/2021 13:58:55 - INFO - __main__ - Overall: 0.3771205357142857 from scores=[0.3973214285714286, 0.0, 0.373046875, 0.802734375, 0.3125]
11/13/2021 13:58:55 - INFO - __main__ - --------------------------------------------------
11/13/2021 13:58:55 - INFO - __main__ - Evaluating to get errors .... Timecode: 63
11/13/2021 13:59:00 - INFO - __main__ - Before Error Fixing: {'EM': 0.40625, 'QA-F1': 0.4526746184483079}
11/13/2021 13:59:00 - INFO - __main__ - Found 38 errors.
11/13/2021 13:59:00 - INFO - __main__ - Start error-fixing .... Timecode: 63
11/13/2021 13:59:00 - INFO - __main__ - No debugging at all.
11/13/2021 13:59:00 - INFO - __main__ - Start error-fixing .... Done!
11/13/2021 13:59:03 - INFO - __main__ - EFR=0.0
11/13/2021 13:59:03 - INFO - __main__ - Overall: 0.3771484375 from scores=[0.3974609375, 0.0, 0.373046875, 0.802734375, 0.3125]
11/13/2021 13:59:03 - INFO - __main__ - --------------------------------------------------
11/13/2021 13:59:03 - INFO - __main__ - Evaluating to get errors .... Timecode: 64
11/13/2021 13:59:08 - INFO - __main__ - Before Error Fixing: {'EM': 0.21875, 'QA-F1': 0.29277802278856296}
11/13/2021 13:59:08 - INFO - __main__ - Found 50 errors.
11/13/2021 13:59:08 - INFO - __main__ - Start error-fixing .... Timecode: 64
11/13/2021 13:59:08 - INFO - __main__ - No debugging at all.
11/13/2021 13:59:08 - INFO - __main__ - Start error-fixing .... Done!
11/13/2021 13:59:12 - INFO - __main__ - EFR=0.0
11/13/2021 13:59:12 - INFO - __main__ - Overall: 0.3765985576923077 from scores=[0.3947115384615385, 0.0, 0.373046875, 0.802734375, 0.3125]
11/13/2021 13:59:12 - INFO - __main__ - --------------------------------------------------
11/13/2021 13:59:12 - INFO - __main__ - Evaluating to get errors .... Timecode: 65
11/13/2021 13:59:17 - INFO - __main__ - Before Error Fixing: {'EM': 0.421875, 'QA-F1': 0.4715772970309261}
11/13/2021 13:59:17 - INFO - __main__ - Found 37 errors.
11/13/2021 13:59:18 - INFO - __main__ - Start error-fixing .... Timecode: 65
11/13/2021 13:59:18 - INFO - __main__ - No debugging at all.
11/13/2021 13:59:18 - INFO - __main__ - Start error-fixing .... Done!
11/13/2021 13:59:21 - INFO - __main__ - EFR=0.0
11/13/2021 13:59:21 - INFO - __main__ - Overall: 0.3766808712121212 from scores=[0.3951231060606061, 0.0, 0.373046875, 0.802734375, 0.3125]
11/13/2021 13:59:21 - INFO - __main__ - --------------------------------------------------
11/13/2021 13:59:21 - INFO - __main__ - Evaluating to get errors .... Timecode: 66
11/13/2021 13:59:26 - INFO - __main__ - Before Error Fixing: {'EM': 0.375, 'QA-F1': 0.43148176655719755}
11/13/2021 13:59:26 - INFO - __main__ - Found 40 errors.
11/13/2021 13:59:26 - INFO - __main__ - Start error-fixing .... Timecode: 66
11/13/2021 13:59:26 - INFO - __main__ - No debugging at all.
11/13/2021 13:59:26 - INFO - __main__ - Start error-fixing .... Done!
11/13/2021 13:59:29 - INFO - __main__ - EFR=0.0
11/13/2021 13:59:29 - INFO - __main__ - Overall: 0.37662080223880595 from scores=[0.3948227611940298, 0.0, 0.373046875, 0.802734375, 0.3125]
11/13/2021 13:59:29 - INFO - __main__ - --------------------------------------------------
11/13/2021 13:59:29 - INFO - __main__ - Evaluating to get errors .... Timecode: 67
11/13/2021 13:59:34 - INFO - __main__ - Before Error Fixing: {'EM': 0.3125, 'QA-F1': 0.3724064385369532}
11/13/2021 13:59:34 - INFO - __main__ - Found 44 errors.
11/13/2021 13:59:35 - INFO - __main__ - Start error-fixing .... Timecode: 67
11/13/2021 13:59:35 - INFO - __main__ - No debugging at all.
11/13/2021 13:59:35 - INFO - __main__ - Start error-fixing .... Done!
11/13/2021 13:59:38 - INFO - __main__ - EFR=0.0
11/13/2021 13:59:38 - INFO - __main__ - Overall: 0.3763786764705882 from scores=[0.3936121323529411, 0.0, 0.373046875, 0.802734375, 0.3125]
11/13/2021 13:59:38 - INFO - __main__ - --------------------------------------------------
11/13/2021 13:59:38 - INFO - __main__ - Evaluating to get errors .... Timecode: 68
11/13/2021 13:59:44 - INFO - __main__ - Before Error Fixing: {'EM': 0.34375, 'QA-F1': 0.3887098114659888}
11/13/2021 13:59:44 - INFO - __main__ - Found 42 errors.
11/13/2021 13:59:44 - INFO - __main__ - Start error-fixing .... Timecode: 68
11/13/2021 13:59:44 - INFO - __main__ - No debugging at all.
11/13/2021 13:59:44 - INFO - __main__ - Start error-fixing .... Done!
11/13/2021 13:59:48 - INFO - __main__ - EFR=0.0
11/13/2021 13:59:48 - INFO - __main__ - Overall: 0.3762341485507246 from scores=[0.39288949275362317, 0.0, 0.373046875, 0.802734375, 0.3125]
11/13/2021 13:59:48 - INFO - __main__ - --------------------------------------------------
11/13/2021 13:59:48 - INFO - __main__ - Evaluating to get errors .... Timecode: 69
11/13/2021 13:59:53 - INFO - __main__ - Before Error Fixing: {'EM': 0.375, 'QA-F1': 0.44002432412358883}
11/13/2021 13:59:53 - INFO - __main__ - Found 40 errors.
11/13/2021 13:59:53 - INFO - __main__ - Start error-fixing .... Timecode: 69
11/13/2021 13:59:53 - INFO - __main__ - No debugging at all.
11/13/2021 13:59:53 - INFO - __main__ - Start error-fixing .... Done!
11/13/2021 13:59:57 - INFO - __main__ - EFR=0.0
11/13/2021 13:59:57 - INFO - __main__ - Overall: 0.37618303571428574 from scores=[0.39263392857142854, 0.0, 0.373046875, 0.802734375, 0.3125]
11/13/2021 13:59:57 - INFO - __main__ - --------------------------------------------------
11/13/2021 13:59:57 - INFO - __main__ - Start eval_knowledge_retention for UKR @ Timecode=70
11/13/2021 14:00:20 - INFO - __main__ - Upstream Knowledge Retation (UKR@70): 0.8027
11/13/2021 14:00:21 - INFO - __main__ - Start eval_knowledge_retention for OKR @ Timecode=70
11/13/2021 14:01:00 - INFO - __main__ - Online Knowledge Retation (OKR@70): 0.3965
11/13/2021 14:01:00 - INFO - __main__ - Start eval_knowledge_generalization for KG @ Timecode=70
11/13/2021 14:02:32 - INFO - __main__ - Future Knowledge Generalization (KG@70): 0.3125
11/13/2021 14:02:32 - INFO - __main__ - Evaluating to get errors .... Timecode: 70
11/13/2021 14:02:37 - INFO - __main__ - Before Error Fixing: {'EM': 0.28125, 'QA-F1': 0.3509930946225751}
11/13/2021 14:02:37 - INFO - __main__ - Found 46 errors.
11/13/2021 14:02:37 - INFO - __main__ - Start error-fixing .... Timecode: 70
11/13/2021 14:02:37 - INFO - __main__ - No debugging at all.
11/13/2021 14:02:37 - INFO - __main__ - Start error-fixing .... Done!
11/13/2021 14:02:41 - INFO - __main__ - EFR=0.0
11/13/2021 14:02:41 - INFO - __main__ - Overall: 0.3805567781690141 from scores=[0.3910651408450704, 0.0, 0.396484375, 0.802734375, 0.3125]
11/13/2021 14:02:41 - INFO - __main__ - --------------------------------------------------
11/13/2021 14:02:41 - INFO - __main__ - Evaluating to get errors .... Timecode: 71
11/13/2021 14:02:45 - INFO - __main__ - Before Error Fixing: {'EM': 0.21875, 'QA-F1': 0.26076899021871847}
11/13/2021 14:02:45 - INFO - __main__ - Found 50 errors.
11/13/2021 14:02:46 - INFO - __main__ - Start error-fixing .... Timecode: 71
11/13/2021 14:02:46 - INFO - __main__ - No debugging at all.
11/13/2021 14:02:46 - INFO - __main__ - Start error-fixing .... Done!
11/13/2021 14:02:49 - INFO - __main__ - EFR=0.0
11/13/2021 14:02:49 - INFO - __main__ - Overall: 0.380078125 from scores=[0.388671875, 0.0, 0.396484375, 0.802734375, 0.3125]
11/13/2021 14:02:49 - INFO - __main__ - --------------------------------------------------
11/13/2021 14:02:49 - INFO - __main__ - Evaluating to get errors .... Timecode: 72
11/13/2021 14:02:55 - INFO - __main__ - Before Error Fixing: {'EM': 0.21875, 'QA-F1': 0.29111586474867723}
11/13/2021 14:02:55 - INFO - __main__ - Found 50 errors.
11/13/2021 14:02:55 - INFO - __main__ - Start error-fixing .... Timecode: 72
11/13/2021 14:02:55 - INFO - __main__ - No debugging at all.
11/13/2021 14:02:55 - INFO - __main__ - Start error-fixing .... Done!
11/13/2021 14:02:59 - INFO - __main__ - EFR=0.0
11/13/2021 14:02:59 - INFO - __main__ - Overall: 0.3796125856164384 from scores=[0.3863441780821918, 0.0, 0.396484375, 0.802734375, 0.3125]
11/13/2021 14:02:59 - INFO - __main__ - --------------------------------------------------
11/13/2021 14:02:59 - INFO - __main__ - Evaluating to get errors .... Timecode: 73
11/13/2021 14:03:04 - INFO - __main__ - Before Error Fixing: {'EM': 0.265625, 'QA-F1': 0.3074422374950513}
11/13/2021 14:03:04 - INFO - __main__ - Found 47 errors.
11/13/2021 14:03:05 - INFO - __main__ - Start error-fixing .... Timecode: 73
11/13/2021 14:03:05 - INFO - __main__ - No debugging at all.
11/13/2021 14:03:05 - INFO - __main__ - Start error-fixing .... Done!
11/13/2021 14:03:09 - INFO - __main__ - EFR=0.0
11/13/2021 14:03:09 - INFO - __main__ - Overall: 0.37928631756756753 from scores=[0.38471283783783783, 0.0, 0.396484375, 0.802734375, 0.3125]
11/13/2021 14:03:09 - INFO - __main__ - --------------------------------------------------
11/13/2021 14:03:09 - INFO - __main__ - Evaluating to get errors .... Timecode: 74
11/13/2021 14:03:14 - INFO - __main__ - Before Error Fixing: {'EM': 0.28125, 'QA-F1': 0.39994708266038526}
11/13/2021 14:03:14 - INFO - __main__ - Found 46 errors.
11/13/2021 14:03:14 - INFO - __main__ - Start error-fixing .... Timecode: 74
11/13/2021 14:03:14 - INFO - __main__ - No debugging at all.
11/13/2021 14:03:14 - INFO - __main__ - Start error-fixing .... Done!
11/13/2021 14:03:18 - INFO - __main__ - EFR=0.0
11/13/2021 14:03:18 - INFO - __main__ - Overall: 0.3790104166666667 from scores=[0.3833333333333333, 0.0, 0.396484375, 0.802734375, 0.3125]
11/13/2021 14:03:18 - INFO - __main__ - --------------------------------------------------
11/13/2021 14:03:18 - INFO - __main__ - Evaluating to get errors .... Timecode: 75
11/13/2021 14:03:23 - INFO - __main__ - Before Error Fixing: {'EM': 0.265625, 'QA-F1': 0.361931940591747}
11/13/2021 14:03:23 - INFO - __main__ - Found 47 errors.
11/13/2021 14:03:24 - INFO - __main__ - Start error-fixing .... Timecode: 75
11/13/2021 14:03:24 - INFO - __main__ - No debugging at all.
11/13/2021 14:03:24 - INFO - __main__ - Start error-fixing .... Done!
11/13/2021 14:03:28 - INFO - __main__ - EFR=0.0
11/13/2021 14:03:28 - INFO - __main__ - Overall: 0.37870065789473684 from scores=[0.3817845394736842, 0.0, 0.396484375, 0.802734375, 0.3125]
11/13/2021 14:03:28 - INFO - __main__ - --------------------------------------------------
11/13/2021 14:03:28 - INFO - __main__ - Evaluating to get errors .... Timecode: 76
11/13/2021 14:03:32 - INFO - __main__ - Before Error Fixing: {'EM': 0.421875, 'QA-F1': 0.4799359928266178}
11/13/2021 14:03:32 - INFO - __main__ - Found 37 errors.
11/13/2021 14:03:32 - INFO - __main__ - Start error-fixing .... Timecode: 76
11/13/2021 14:03:32 - INFO - __main__ - No debugging at all.
11/13/2021 14:03:32 - INFO - __main__ - Start error-fixing .... Done!
11/13/2021 14:03:35 - INFO - __main__ - EFR=0.0
11/13/2021 14:03:35 - INFO - __main__ - Overall: 0.378804788961039 from scores=[0.38230519480519476, 0.0, 0.396484375, 0.802734375, 0.3125]
11/13/2021 14:03:35 - INFO - __main__ - --------------------------------------------------
11/13/2021 14:03:35 - INFO - __main__ - Evaluating to get errors .... Timecode: 77
11/13/2021 14:03:41 - INFO - __main__ - Before Error Fixing: {'EM': 0.359375, 'QA-F1': 0.4139595329956583}
11/13/2021 14:03:41 - INFO - __main__ - Found 41 errors.
11/13/2021 14:03:41 - INFO - __main__ - Start error-fixing .... Timecode: 77
11/13/2021 14:03:41 - INFO - __main__ - No debugging at all.
11/13/2021 14:03:41 - INFO - __main__ - Start error-fixing .... Done!
11/13/2021 14:03:45 - INFO - __main__ - EFR=0.0
11/13/2021 14:03:45 - INFO - __main__ - Overall: 0.3787459935897436 from scores=[0.38201121794871795, 0.0, 0.396484375, 0.802734375, 0.3125]
11/13/2021 14:03:45 - INFO - __main__ - --------------------------------------------------
11/13/2021 14:03:45 - INFO - __main__ - Evaluating to get errors .... Timecode: 78
11/13/2021 14:03:50 - INFO - __main__ - Before Error Fixing: {'EM': 0.359375, 'QA-F1': 0.4063550420168067}
11/13/2021 14:03:50 - INFO - __main__ - Found 41 errors.
11/13/2021 14:03:50 - INFO - __main__ - Start error-fixing .... Timecode: 78
11/13/2021 14:03:50 - INFO - __main__ - No debugging at all.
11/13/2021 14:03:50 - INFO - __main__ - Start error-fixing .... Done!
11/13/2021 14:03:53 - INFO - __main__ - EFR=0.0
11/13/2021 14:03:53 - INFO - __main__ - Overall: 0.37868868670886074 from scores=[0.3817246835443038, 0.0, 0.396484375, 0.802734375, 0.3125]
11/13/2021 14:03:53 - INFO - __main__ - --------------------------------------------------
11/13/2021 14:03:53 - INFO - __main__ - Evaluating to get errors .... Timecode: 79
11/13/2021 14:03:59 - INFO - __main__ - Before Error Fixing: {'EM': 0.46875, 'QA-F1': 0.5104166666666667}
11/13/2021 14:03:59 - INFO - __main__ - Found 34 errors.
11/13/2021 14:03:59 - INFO - __main__ - Start error-fixing .... Timecode: 79
11/13/2021 14:03:59 - INFO - __main__ - No debugging at all.
11/13/2021 14:03:59 - INFO - __main__ - Start error-fixing .... Done!
11/13/2021 14:04:02 - INFO - __main__ - EFR=0.0
11/13/2021 14:04:02 - INFO - __main__ - Overall: 0.37890625 from scores=[0.3828125, 0.0, 0.396484375, 0.802734375, 0.3125]
11/13/2021 14:04:02 - INFO - __main__ - --------------------------------------------------
11/13/2021 14:04:02 - INFO - __main__ - Start eval_knowledge_retention for UKR @ Timecode=80
11/13/2021 14:04:25 - INFO - __main__ - Upstream Knowledge Retation (UKR@80): 0.8027
11/13/2021 14:04:26 - INFO - __main__ - Start eval_knowledge_retention for OKR @ Timecode=80
11/13/2021 14:05:05 - INFO - __main__ - Online Knowledge Retation (OKR@80): 0.4023
11/13/2021 14:05:05 - INFO - __main__ - Start eval_knowledge_generalization for KG @ Timecode=80
11/13/2021 14:06:36 - INFO - __main__ - Future Knowledge Generalization (KG@80): 0.3125
11/13/2021 14:06:36 - INFO - __main__ - Evaluating to get errors .... Timecode: 80
11/13/2021 14:06:41 - INFO - __main__ - Before Error Fixing: {'EM': 0.359375, 'QA-F1': 0.38387162265838737}
11/13/2021 14:06:41 - INFO - __main__ - Found 41 errors.
11/13/2021 14:06:41 - INFO - __main__ - Start error-fixing .... Timecode: 80
11/13/2021 14:06:41 - INFO - __main__ - No debugging at all.
11/13/2021 14:06:41 - INFO - __main__ - Start error-fixing .... Done!
11/13/2021 14:06:44 - INFO - __main__ - EFR=0.0
11/13/2021 14:06:44 - INFO - __main__ - Overall: 0.38002025462962963 from scores=[0.38252314814814814, 0.0, 0.40234375, 0.802734375, 0.3125]
11/13/2021 14:06:44 - INFO - __main__ - --------------------------------------------------
11/13/2021 14:06:44 - INFO - __main__ - Evaluating to get errors .... Timecode: 81
11/13/2021 14:06:49 - INFO - __main__ - Before Error Fixing: {'EM': 0.4375, 'QA-F1': 0.47713913690476184}
11/13/2021 14:06:49 - INFO - __main__ - Found 36 errors.
11/13/2021 14:06:49 - INFO - __main__ - Start error-fixing .... Timecode: 81
11/13/2021 14:06:49 - INFO - __main__ - No debugging at all.
11/13/2021 14:06:49 - INFO - __main__ - Start error-fixing .... Done!
11/13/2021 14:06:52 - INFO - __main__ - EFR=0.0
11/13/2021 14:06:52 - INFO - __main__ - Overall: 0.38015434451219515 from scores=[0.3831935975609756, 0.0, 0.40234375, 0.802734375, 0.3125]
11/13/2021 14:06:52 - INFO - __main__ - --------------------------------------------------
11/13/2021 14:06:52 - INFO - __main__ - Evaluating to get errors .... Timecode: 82
11/13/2021 14:06:56 - INFO - __main__ - Before Error Fixing: {'EM': 0.296875, 'QA-F1': 0.36221657631584103}
11/13/2021 14:06:56 - INFO - __main__ - Found 45 errors.
11/13/2021 14:06:57 - INFO - __main__ - Start error-fixing .... Timecode: 82
11/13/2021 14:06:57 - INFO - __main__ - No debugging at all.
11/13/2021 14:06:57 - INFO - __main__ - Start error-fixing .... Done!
11/13/2021 14:07:00 - INFO - __main__ - EFR=0.0
11/13/2021 14:07:00 - INFO - __main__ - Overall: 0.3799463478915663 from scores=[0.38215361445783136, 0.0, 0.40234375, 0.802734375, 0.3125]
11/13/2021 14:07:00 - INFO - __main__ - --------------------------------------------------
11/13/2021 14:07:00 - INFO - __main__ - Evaluating to get errors .... Timecode: 83
11/13/2021 14:07:04 - INFO - __main__ - Before Error Fixing: {'EM': 0.390625, 'QA-F1': 0.4506069837603413}
11/13/2021 14:07:04 - INFO - __main__ - Found 39 errors.
11/13/2021 14:07:05 - INFO - __main__ - Start error-fixing .... Timecode: 83
11/13/2021 14:07:05 - INFO - __main__ - No debugging at all.
11/13/2021 14:07:05 - INFO - __main__ - Start error-fixing .... Done!
11/13/2021 14:07:08 - INFO - __main__ - EFR=0.0
11/13/2021 14:07:08 - INFO - __main__ - Overall: 0.37996651785714286 from scores=[0.3822544642857143, 0.0, 0.40234375, 0.802734375, 0.3125]
11/13/2021 14:07:08 - INFO - __main__ - --------------------------------------------------
11/13/2021 14:07:08 - INFO - __main__ - Evaluating to get errors .... Timecode: 84
11/13/2021 14:07:13 - INFO - __main__ - Before Error Fixing: {'EM': 0.4375, 'QA-F1': 0.4945642117388276}
11/13/2021 14:07:13 - INFO - __main__ - Found 36 errors.
11/13/2021 14:07:13 - INFO - __main__ - Start error-fixing .... Timecode: 84
11/13/2021 14:07:13 - INFO - __main__ - No debugging at all.
11/13/2021 14:07:13 - INFO - __main__ - Start error-fixing .... Done!
11/13/2021 14:07:17 - INFO - __main__ - EFR=0.0
11/13/2021 14:07:17 - INFO - __main__ - Overall: 0.38009650735294115 from scores=[0.3829044117647059, 0.0, 0.40234375, 0.802734375, 0.3125]
11/13/2021 14:07:17 - INFO - __main__ - --------------------------------------------------
11/13/2021 14:07:17 - INFO - __main__ - Evaluating to get errors .... Timecode: 85
11/13/2021 14:07:22 - INFO - __main__ - Before Error Fixing: {'EM': 0.25, 'QA-F1': 0.3155616082989108}
11/13/2021 14:07:22 - INFO - __main__ - Found 48 errors.
11/13/2021 14:07:22 - INFO - __main__ - Start error-fixing .... Timecode: 85
11/13/2021 14:07:22 - INFO - __main__ - No debugging at all.
11/13/2021 14:07:22 - INFO - __main__ - Start error-fixing .... Done!
11/13/2021 14:07:26 - INFO - __main__ - EFR=0.0
11/13/2021 14:07:26 - INFO - __main__ - Overall: 0.37978742732558135 from scores=[0.381359011627907, 0.0, 0.40234375, 0.802734375, 0.3125]
11/13/2021 14:07:26 - INFO - __main__ - --------------------------------------------------
11/13/2021 14:07:26 - INFO - __main__ - Evaluating to get errors .... Timecode: 86
11/13/2021 14:07:30 - INFO - __main__ - Before Error Fixing: {'EM': 0.390625, 'QA-F1': 0.42643229166666663}
11/13/2021 14:07:30 - INFO - __main__ - Found 39 errors.
11/13/2021 14:07:31 - INFO - __main__ - Start error-fixing .... Timecode: 86
11/13/2021 14:07:31 - INFO - __main__ - No debugging at all.
11/13/2021 14:07:31 - INFO - __main__ - Start error-fixing .... Done!
11/13/2021 14:07:33 - INFO - __main__ - EFR=0.0
11/13/2021 14:07:33 - INFO - __main__ - Overall: 0.3798087284482759 from scores=[0.38146551724137934, 0.0, 0.40234375, 0.802734375, 0.3125]
11/13/2021 14:07:33 - INFO - __main__ - --------------------------------------------------
11/13/2021 14:07:33 - INFO - __main__ - Evaluating to get errors .... Timecode: 87
11/13/2021 14:07:38 - INFO - __main__ - Before Error Fixing: {'EM': 0.4375, 'QA-F1': 0.48377942545341845}
11/13/2021 14:07:38 - INFO - __main__ - Found 36 errors.
11/13/2021 14:07:39 - INFO - __main__ - Start error-fixing .... Timecode: 87
11/13/2021 14:07:39 - INFO - __main__ - No debugging at all.
11/13/2021 14:07:39 - INFO - __main__ - Start error-fixing .... Done!
11/13/2021 14:07:41 - INFO - __main__ - EFR=0.0
11/13/2021 14:07:41 - INFO - __main__ - Overall: 0.37993607954545455 from scores=[0.3821022727272727, 0.0, 0.40234375, 0.802734375, 0.3125]
11/13/2021 14:07:41 - INFO - __main__ - --------------------------------------------------
11/13/2021 14:07:41 - INFO - __main__ - Evaluating to get errors .... Timecode: 88
11/13/2021 14:07:46 - INFO - __main__ - Before Error Fixing: {'EM': 0.328125, 'QA-F1': 0.3765872422533607}
11/13/2021 14:07:46 - INFO - __main__ - Found 43 errors.
11/13/2021 14:07:46 - INFO - __main__ - Start error-fixing .... Timecode: 88
11/13/2021 14:07:46 - INFO - __main__ - No debugging at all.
11/13/2021 14:07:46 - INFO - __main__ - Start error-fixing .... Done!
11/13/2021 14:07:50 - INFO - __main__ - EFR=0.0
11/13/2021 14:07:50 - INFO - __main__ - Overall: 0.3798147823033708 from scores=[0.3814957865168539, 0.0, 0.40234375, 0.802734375, 0.3125]
11/13/2021 14:07:50 - INFO - __main__ - --------------------------------------------------
11/13/2021 14:07:50 - INFO - __main__ - Evaluating to get errors .... Timecode: 89
11/13/2021 14:07:55 - INFO - __main__ - Before Error Fixing: {'EM': 0.28125, 'QA-F1': 0.32691894223533524}
11/13/2021 14:07:55 - INFO - __main__ - Found 46 errors.
11/13/2021 14:07:55 - INFO - __main__ - Start error-fixing .... Timecode: 89
11/13/2021 14:07:55 - INFO - __main__ - No debugging at all.
11/13/2021 14:07:55 - INFO - __main__ - Start error-fixing .... Done!
11/13/2021 14:07:59 - INFO - __main__ - EFR=0.0
11/13/2021 14:07:59 - INFO - __main__ - Overall: 0.37959201388888886 from scores=[0.3803819444444444, 0.0, 0.40234375, 0.802734375, 0.3125]
11/13/2021 14:07:59 - INFO - __main__ - --------------------------------------------------
11/13/2021 14:07:59 - INFO - __main__ - Start eval_knowledge_retention for UKR @ Timecode=90
11/13/2021 14:08:23 - INFO - __main__ - Upstream Knowledge Retation (UKR@90): 0.8027
11/13/2021 14:08:24 - INFO - __main__ - Start eval_knowledge_retention for OKR @ Timecode=90
11/13/2021 14:09:03 - INFO - __main__ - Online Knowledge Retation (OKR@90): 0.3984
11/13/2021 14:09:03 - INFO - __main__ - Start eval_knowledge_generalization for KG @ Timecode=90
11/13/2021 14:10:35 - INFO - __main__ - Future Knowledge Generalization (KG@90): 0.3125
11/13/2021 14:10:35 - INFO - __main__ - Evaluating to get errors .... Timecode: 90
11/13/2021 14:10:40 - INFO - __main__ - Before Error Fixing: {'EM': 0.328125, 'QA-F1': 0.36551269632827127}
11/13/2021 14:10:40 - INFO - __main__ - Found 43 errors.
11/13/2021 14:10:40 - INFO - __main__ - Start error-fixing .... Timecode: 90
11/13/2021 14:10:40 - INFO - __main__ - No debugging at all.
11/13/2021 14:10:40 - INFO - __main__ - Start error-fixing .... Done!
11/13/2021 14:10:44 - INFO - __main__ - EFR=0.0
11/13/2021 14:10:44 - INFO - __main__ - Overall: 0.37869591346153847 from scores=[0.3798076923076923, 0.0, 0.3984375, 0.802734375, 0.3125]
11/13/2021 14:10:44 - INFO - __main__ - --------------------------------------------------
11/13/2021 14:10:44 - INFO - __main__ - Evaluating to get errors .... Timecode: 91
11/13/2021 14:10:49 - INFO - __main__ - Before Error Fixing: {'EM': 0.125, 'QA-F1': 0.18114794831342734}
11/13/2021 14:10:49 - INFO - __main__ - Found 56 errors.
11/13/2021 14:10:49 - INFO - __main__ - Start error-fixing .... Timecode: 91
11/13/2021 14:10:49 - INFO - __main__ - No debugging at all.
11/13/2021 14:10:49 - INFO - __main__ - Start error-fixing .... Done!
11/13/2021 14:10:53 - INFO - __main__ - EFR=0.0
11/13/2021 14:10:53 - INFO - __main__ - Overall: 0.37814198369565216 from scores=[0.37703804347826086, 0.0, 0.3984375, 0.802734375, 0.3125]
11/13/2021 14:10:53 - INFO - __main__ - --------------------------------------------------
11/13/2021 14:10:53 - INFO - __main__ - Evaluating to get errors .... Timecode: 92
11/13/2021 14:10:58 - INFO - __main__ - Before Error Fixing: {'EM': 0.28125, 'QA-F1': 0.3439010048796233}
11/13/2021 14:10:58 - INFO - __main__ - Found 46 errors.
11/13/2021 14:10:59 - INFO - __main__ - Start error-fixing .... Timecode: 92
11/13/2021 14:10:59 - INFO - __main__ - No debugging at all.
11/13/2021 14:10:59 - INFO - __main__ - Start error-fixing .... Done!
11/13/2021 14:11:03 - INFO - __main__ - EFR=0.0
11/13/2021 14:11:03 - INFO - __main__ - Overall: 0.3779359879032258 from scores=[0.376008064516129, 0.0, 0.3984375, 0.802734375, 0.3125]
11/13/2021 14:11:03 - INFO - __main__ - --------------------------------------------------
11/13/2021 14:11:03 - INFO - __main__ - Evaluating to get errors .... Timecode: 93
11/13/2021 14:11:08 - INFO - __main__ - Before Error Fixing: {'EM': 0.296875, 'QA-F1': 0.35031165483434756}
11/13/2021 14:11:08 - INFO - __main__ - Found 45 errors.
11/13/2021 14:11:08 - INFO - __main__ - Start error-fixing .... Timecode: 93
11/13/2021 14:11:08 - INFO - __main__ - No debugging at all.
11/13/2021 14:11:08 - INFO - __main__ - Start error-fixing .... Done!
11/13/2021 14:11:12 - INFO - __main__ - EFR=0.0
11/13/2021 14:11:12 - INFO - __main__ - Overall: 0.37776761968085104 from scores=[0.3751662234042553, 0.0, 0.3984375, 0.802734375, 0.3125]
11/13/2021 14:11:12 - INFO - __main__ - --------------------------------------------------
11/13/2021 14:11:12 - INFO - __main__ - Evaluating to get errors .... Timecode: 94
11/13/2021 14:11:17 - INFO - __main__ - Before Error Fixing: {'EM': 0.328125, 'QA-F1': 0.4058220374396845}
11/13/2021 14:11:17 - INFO - __main__ - Found 43 errors.
11/13/2021 14:11:17 - INFO - __main__ - Start error-fixing .... Timecode: 94
11/13/2021 14:11:17 - INFO - __main__ - No debugging at all.
11/13/2021 14:11:17 - INFO - __main__ - Start error-fixing .... Done!
11/13/2021 14:11:20 - INFO - __main__ - EFR=0.0
11/13/2021 14:11:20 - INFO - __main__ - Overall: 0.37766858552631577 from scores=[0.37467105263157896, 0.0, 0.3984375, 0.802734375, 0.3125]
11/13/2021 14:11:20 - INFO - __main__ - --------------------------------------------------
11/13/2021 14:11:20 - INFO - __main__ - Evaluating to get errors .... Timecode: 95
11/13/2021 14:11:25 - INFO - __main__ - Before Error Fixing: {'EM': 0.40625, 'QA-F1': 0.4659120227038184}
11/13/2021 14:11:25 - INFO - __main__ - Found 38 errors.
11/13/2021 14:11:25 - INFO - __main__ - Start error-fixing .... Timecode: 95
11/13/2021 14:11:25 - INFO - __main__ - No debugging at all.
11/13/2021 14:11:25 - INFO - __main__ - Start error-fixing .... Done!
11/13/2021 14:11:28 - INFO - __main__ - EFR=0.0
11/13/2021 14:11:28 - INFO - __main__ - Overall: 0.377734375 from scores=[0.375, 0.0, 0.3984375, 0.802734375, 0.3125]
11/13/2021 14:11:28 - INFO - __main__ - --------------------------------------------------
11/13/2021 14:11:28 - INFO - __main__ - Evaluating to get errors .... Timecode: 96
11/13/2021 14:11:33 - INFO - __main__ - Before Error Fixing: {'EM': 0.390625, 'QA-F1': 0.43717324794770446}
11/13/2021 14:11:33 - INFO - __main__ - Found 39 errors.
11/13/2021 14:11:33 - INFO - __main__ - Start error-fixing .... Timecode: 96
11/13/2021 14:11:33 - INFO - __main__ - No debugging at all.
11/13/2021 14:11:33 - INFO - __main__ - Start error-fixing .... Done!
11/13/2021 14:11:37 - INFO - __main__ - EFR=0.0
11/13/2021 14:11:37 - INFO - __main__ - Overall: 0.37776659149484537 from scores=[0.37516108247422686, 0.0, 0.3984375, 0.802734375, 0.3125]
11/13/2021 14:11:37 - INFO - __main__ - --------------------------------------------------
11/13/2021 14:11:37 - INFO - __main__ - Evaluating to get errors .... Timecode: 97
11/13/2021 14:11:42 - INFO - __main__ - Before Error Fixing: {'EM': 0.390625, 'QA-F1': 0.44040674585860884}
11/13/2021 14:11:42 - INFO - __main__ - Found 39 errors.
11/13/2021 14:11:42 - INFO - __main__ - Start error-fixing .... Timecode: 97
11/13/2021 14:11:42 - INFO - __main__ - No debugging at all.
11/13/2021 14:11:42 - INFO - __main__ - Start error-fixing .... Done!
11/13/2021 14:11:45 - INFO - __main__ - EFR=0.0
11/13/2021 14:11:45 - INFO - __main__ - Overall: 0.37779815051020404 from scores=[0.37531887755102045, 0.0, 0.3984375, 0.802734375, 0.3125]
11/13/2021 14:11:45 - INFO - __main__ - --------------------------------------------------
11/13/2021 14:11:45 - INFO - __main__ - Evaluating to get errors .... Timecode: 98
11/13/2021 14:11:50 - INFO - __main__ - Before Error Fixing: {'EM': 0.359375, 'QA-F1': 0.40641414873159293}
11/13/2021 14:11:50 - INFO - __main__ - Found 41 errors.
11/13/2021 14:11:50 - INFO - __main__ - Start error-fixing .... Timecode: 98
11/13/2021 14:11:50 - INFO - __main__ - No debugging at all.
11/13/2021 14:11:50 - INFO - __main__ - Start error-fixing .... Done!
11/13/2021 14:11:54 - INFO - __main__ - EFR=0.0
11/13/2021 14:11:54 - INFO - __main__ - Overall: 0.37776594065656566 from scores=[0.3751578282828283, 0.0, 0.3984375, 0.802734375, 0.3125]
11/13/2021 14:11:54 - INFO - __main__ - --------------------------------------------------
11/13/2021 14:11:54 - INFO - __main__ - Start eval_knowledge_retention for UKR @ Timecode=99
11/13/2021 14:12:17 - INFO - __main__ - Upstream Knowledge Retation (UKR@99): 0.8027
11/13/2021 14:12:18 - INFO - __main__ - Start eval_knowledge_retention for OKR @ Timecode=99
11/13/2021 14:12:57 - INFO - __main__ - Online Knowledge Retation (OKR@99): 0.3926
11/13/2021 14:12:57 - INFO - __main__ - Start eval_knowledge_generalization for KG @ Timecode=99
11/13/2021 14:14:29 - INFO - __main__ - Future Knowledge Generalization (KG@99): 0.3125
11/13/2021 14:14:29 - INFO - __main__ - Evaluating to get errors .... Timecode: 99
11/13/2021 14:14:33 - INFO - __main__ - Before Error Fixing: {'EM': 0.28125, 'QA-F1': 0.3327211257309941}
11/13/2021 14:14:33 - INFO - __main__ - Found 46 errors.
11/13/2021 14:14:33 - INFO - __main__ - Start error-fixing .... Timecode: 99
11/13/2021 14:14:33 - INFO - __main__ - No debugging at all.
11/13/2021 14:14:33 - INFO - __main__ - Start error-fixing .... Done!
11/13/2021 14:14:37 - INFO - __main__ - EFR=0.0
11/13/2021 14:14:37 - INFO - __main__ - Overall: 0.37640625 from scores=[0.37421875000000004, 0.0, 0.392578125, 0.802734375, 0.3125]
11/13/2021 14:14:37 - INFO - __main__ - --------------------------------------------------
11/13/2021 14:14:37 - INFO - __main__ - Start the final evaluation.
11/13/2021 14:14:37 - INFO - __main__ - Nothing here.
11/13/2021 14:14:39 - INFO - __main__ - Model saved to experiments/ckpt_dirs/qa/nonecl/qa_nonecl_T=100,b=64,alpha=0.9,beta=0.5,gamma=0.5_offline=no/model_ckpt_100.pt.
11/13/2021 14:14:39 - INFO - __main__ - Updated result feule: experiments/results/qa/qa_nonecl_T=100,b=64,alpha=0.9,beta=0.5,gamma=0.5_offline=no_result.json at Timecode: 100.
11/13/2021 14:14:39 - INFO - __main__ - Finished. Results saved to experiments/results/qa/qa_nonecl_T=100,b=64,alpha=0.9,beta=0.5,gamma=0.5_offline=no_result.json
