11/10/2021 14:11:54 - INFO - __main__ - Namespace(adam_epsilon=1e-08, adapter_dim=32, append_another_bos=1, base_model_path='out/mrqa_squad_bart-base_1029_upstream_model//best-model.pt', base_model_type='facebook/bart-base', ckpt_dir='experiments/ckpt_dirs/qa/owc/qa_oewc_lr=3e-5_ep=10_lbd=1_gm=-1_T=100,b=64,alpha=0.9,beta=0.5,gamma=0.8', cl_method_name='online_ewc', current_thread_id=None, diff_loss_weight=0, do_lowercase=False, ewc_gamma=-1.0, ewc_lambda=1.0, example_encoder_name='roberta-base', freeze_embeds=False, gradient_accumulation_steps=1, heldout_submission_data='experiments/eval_data/qa/heldout_eval.jsonl', index_rank_method='most_similar', indexing_args_path='exp_results/supervision_data/1012_dm_simple.train_args.json', indexing_method='bart_index', inference_query_size=1, init_memory_cache_path='bug_data/memory_key_cache.pkl', kg_eval_freq=10, kg_eval_mode='metric', kr_eval_freq=10, kr_eval_mode='metric', learning_rate=3e-05, local_adapt_lr=1e-05, max_grad_norm=0.1, max_input_length=888, max_output_length=50, max_timecode=100, memory_key_encoder='facebook/bart-base', memory_path='', memory_store_rate=1.0, mir_abalation_args='none', num_adapt_epochs=1, num_beams=3, num_threads_eval=0, num_train_epochs=10.0, okr_sample_seed=1337, okr_sample_size=512, path_to_thread_result=None, predict_batch_size=48, prefix='qa_oewc_lr=3e-5_ep=10_lbd=1_gm=-1_T=100,b=64,alpha=0.9,beta=0.5,gamma=0.8', replay_candidate_size=8, replay_frequency=1, replay_size=8, result_file='experiments/results/qa/qa_oewc_lr=3e-5_ep=10_lbd=1_gm=-1_T=100,b=64,alpha=0.9,beta=0.5,gamma=0.8_result.json', save_ckpt_freq=10, seed=42, skip_instant_eval=False, submission_stream_data='experiments/eval_data/qa/submission_stream.T=100,b=64,alpha=0.9,beta=0.5,gamma=0.8.json', task_emb_dim=768, task_name='mrqa', train_batch_size=8, upstream_data_path='data/mrqa_squad/mrqa_squad_train.jsonl', upstream_eval_data='experiments/eval_data/qa/upstream_eval.jsonl', upstream_sample_ratio=-1, use_mir=False, use_replay_mix=False, use_wandb=True, weight_decay=0.01)
11/10/2021 14:11:55 - INFO - transformers.tokenization_utils - loading file https://s3.amazonaws.com/models.huggingface.co/bert/roberta-large-vocab.json from cache at /private/home/yuchenlin/.cache/torch/transformers/1ae1f5b6e2b22b25ccc04c000bb79ca847aa226d0761536b011cf7e5868f0655.ef00af9e673c7160b4d41cfda1f48c5f4cba57d5142754525572a846a1ab1b9b
11/10/2021 14:11:55 - INFO - transformers.tokenization_utils - loading file https://s3.amazonaws.com/models.huggingface.co/bert/roberta-large-merges.txt from cache at /private/home/yuchenlin/.cache/torch/transformers/f8f83199a6270d582d6245dc100e99c4155de81c9745c6248077018fe01abcfb.70bec105b4158ed9a1747fea67a43f5dee97855c64d62b6ec3742f4cfdb5feda
11/10/2021 14:12:14 - INFO - __main__ - load_data: len(upstream_eval_examples)=512
11/10/2021 14:12:14 - INFO - __main__ - load_data: len(heldout_eval_examples)=1280
11/10/2021 14:12:18 - INFO - __main__ - Loading checkpoint from out/mrqa_squad_bart-base_1029_upstream_model//best-model.pt for facebook/bart-base .....
11/10/2021 14:12:20 - INFO - transformers.configuration_utils - loading configuration file https://s3.amazonaws.com/models.huggingface.co/bert/facebook/bart-base/config.json from cache at /private/home/yuchenlin/.cache/torch/transformers/09f4fcaeaf785dd3b97b085d6e3510c7081f586ec8e75981683c6299c0f81d9d.e8d516ad807436d395effad8c2326786872659b7dd1210827ac67c761198a0eb
11/10/2021 14:12:20 - INFO - transformers.configuration_utils - Model config BartConfig {
  "activation_dropout": 0.1,
  "activation_function": "gelu",
  "add_bias_logits": false,
  "add_final_layer_norm": false,
  "architectures": [
    "BartModel",
    "BartForConditionalGeneration",
    "BartForSequenceClassification"
  ],
  "attention_dropout": 0.1,
  "bos_token_id": 0,
  "classif_dropout": 0.0,
  "d_model": 768,
  "decoder_attention_heads": 12,
  "decoder_ffn_dim": 3072,
  "decoder_layerdrop": 0.0,
  "decoder_layers": 6,
  "decoder_start_token_id": 2,
  "dropout": 0.1,
  "early_stopping": true,
  "encoder_attention_heads": 12,
  "encoder_ffn_dim": 3072,
  "encoder_layerdrop": 0.0,
  "encoder_layers": 6,
  "eos_token_id": 2,
  "id2label": {
    "0": "LABEL_0",
    "1": "LABEL_1",
    "2": "LABEL_2"
  },
  "init_std": 0.02,
  "is_encoder_decoder": true,
  "label2id": {
    "LABEL_0": 0,
    "LABEL_1": 1,
    "LABEL_2": 2
  },
  "max_position_embeddings": 1024,
  "model_type": "bart",
  "no_repeat_ngram_size": 3,
  "normalize_before": false,
  "normalize_embedding": true,
  "num_beams": 4,
  "num_hidden_layers": 6,
  "pad_token_id": 1,
  "scale_embedding": false,
  "static_position_embeddings": false,
  "task_specific_params": {
    "summarization": {
      "length_penalty": 1.0,
      "max_length": 128,
      "min_length": 12,
      "num_beams": 4
    },
    "summarization_cnn": {
      "length_penalty": 2.0,
      "max_length": 142,
      "min_length": 56,
      "num_beams": 4
    },
    "summarization_xsum": {
      "length_penalty": 1.0,
      "max_length": 62,
      "min_length": 11,
      "num_beams": 6
    }
  },
  "vocab_size": 50265
}

11/10/2021 14:12:20 - INFO - transformers.modeling_utils - loading weights file https://cdn.huggingface.co/facebook/bart-base/pytorch_model.bin from cache at /private/home/yuchenlin/.cache/torch/transformers/566c05fb6983817e8ad7a4fa51e3099fe9caa3b31730f964bc5198d71c677523.0a3d95c18c1e434448941bc25accea7b122882be6526fb67c8e8fb6d5ebc711c
11/10/2021 14:12:24 - INFO - __main__ - Loading checkpoint from out/mrqa_squad_bart-base_1029_upstream_model//best-model.pt for facebook/bart-base ..... Done!
11/10/2021 14:12:29 - INFO - __main__ - Moving to the GPUs.
11/10/2021 14:12:29 - INFO - __main__ - Debugger Setup ......
11/10/2021 14:12:29 - INFO - __main__ - debugger_args: Namespace(adam_epsilon=1e-08, ckpt_dir='experiments/ckpt_dirs/qa/owc/qa_oewc_lr=3e-5_ep=10_lbd=1_gm=-1_T=100,b=64,alpha=0.9,beta=0.5,gamma=0.8', diff_loss_weight=0, ewc_gamma=-1.0, ewc_lambda=1.0, gradient_accumulation_steps=1, kg_eval_freq=10, kg_eval_mode='metric', kr_eval_freq=10, kr_eval_mode='metric', learning_rate=3e-05, max_grad_norm=0.1, num_epochs=10.0, okr_sample_seed=1337, okr_sample_size=512, save_ckpt_freq=10, skip_instant_eval=False, total_steps=10000, warmup_steps=0, weight_decay=0.01) ......
11/10/2021 14:12:29 - INFO - __main__ - optimizer & scheduler Setup ...... Done!
11/10/2021 14:12:29 - INFO - __main__ - Debugger Setup ...... Done!
11/10/2021 14:12:29 - INFO - __main__ - Start Online Debugging with Dynamic Error Mode
11/10/2021 14:12:29 - INFO - __main__ - Number of Batches of Data: 100
11/10/2021 14:12:29 - INFO - __main__ - Data Batch Size: 64;
11/10/2021 14:12:31 - INFO - __main__ - Model saved to experiments/ckpt_dirs/qa/owc/qa_oewc_lr=3e-5_ep=10_lbd=1_gm=-1_T=100,b=64,alpha=0.9,beta=0.5,gamma=0.8/model_ckpt_000.pt.
11/10/2021 14:12:31 - INFO - __main__ - Start eval_knowledge_retention for UKR @ Timecode=0
11/10/2021 14:12:53 - INFO - __main__ - Upstream Knowledge Retation (UKR@0): 0.8027
11/10/2021 14:12:53 - INFO - __main__ - Start eval_knowledge_generalization for KG @ Timecode=0
11/10/2021 14:14:20 - INFO - __main__ - Future Knowledge Generalization (KG@0): 0.3125
11/10/2021 14:14:20 - INFO - __main__ - Evaluating to get errors .... Timecode: 0
11/10/2021 14:14:23 - INFO - __main__ - Before Error Fixing: {'EM': 0.828125, 'QA-F1': 0.8576388888888888}
11/10/2021 14:14:23 - INFO - __main__ - Found 11 errors.
11/10/2021 14:14:23 - INFO - __main__ - Start error-fixing .... Timecode: 0
11/10/2021 14:14:27 - INFO - __main__ - Start error-fixing .... Done!
11/10/2021 14:14:27 - INFO - __main__ - Overall: 0.9140625 from scores=[0.828125, 1.0]
11/10/2021 14:14:29 - INFO - __main__ - Model saved to experiments/ckpt_dirs/qa/owc/qa_oewc_lr=3e-5_ep=10_lbd=1_gm=-1_T=100,b=64,alpha=0.9,beta=0.5,gamma=0.8/model_ckpt_000.pt.
11/10/2021 14:14:29 - INFO - __main__ - Updated result feule: experiments/results/qa/qa_oewc_lr=3e-5_ep=10_lbd=1_gm=-1_T=100,b=64,alpha=0.9,beta=0.5,gamma=0.8_result.json at Timecode: 0.
11/10/2021 14:14:29 - INFO - __main__ - --------------------------------------------------
11/10/2021 14:14:29 - INFO - __main__ - Evaluating to get errors .... Timecode: 1
11/10/2021 14:14:32 - INFO - __main__ - Before Error Fixing: {'EM': 0.78125, 'QA-F1': 0.8189732142857142}
11/10/2021 14:14:32 - INFO - __main__ - Found 14 errors.
11/10/2021 14:14:32 - INFO - __main__ - Start error-fixing .... Timecode: 1
11/10/2021 14:14:38 - INFO - __main__ - Start error-fixing .... Done!
11/10/2021 14:14:39 - INFO - __main__ - Overall: 0.90234375 from scores=[0.8046875, 1.0]
11/10/2021 14:14:39 - INFO - __main__ - --------------------------------------------------
11/10/2021 14:14:39 - INFO - __main__ - Evaluating to get errors .... Timecode: 2
11/10/2021 14:14:42 - INFO - __main__ - Before Error Fixing: {'EM': 0.8125, 'QA-F1': 0.8835985195360195}
11/10/2021 14:14:42 - INFO - __main__ - Found 12 errors.
11/10/2021 14:14:42 - INFO - __main__ - Start error-fixing .... Timecode: 2
11/10/2021 14:14:46 - INFO - __main__ - Start error-fixing .... Done!
11/10/2021 14:14:47 - INFO - __main__ - Overall: 0.9036458333333333 from scores=[0.8072916666666666, 1.0]
11/10/2021 14:14:47 - INFO - __main__ - --------------------------------------------------
11/10/2021 14:14:47 - INFO - __main__ - Evaluating to get errors .... Timecode: 3
11/10/2021 14:14:51 - INFO - __main__ - Before Error Fixing: {'EM': 0.5625, 'QA-F1': 0.6410004058441559}
11/10/2021 14:14:51 - INFO - __main__ - Found 28 errors.
11/10/2021 14:14:51 - INFO - __main__ - Start error-fixing .... Timecode: 3
11/10/2021 14:15:06 - INFO - __main__ - Start error-fixing .... Done!
11/10/2021 14:15:07 - INFO - __main__ - Overall: 0.873046875 from scores=[0.74609375, 1.0]
11/10/2021 14:15:07 - INFO - __main__ - --------------------------------------------------
11/10/2021 14:15:07 - INFO - __main__ - Evaluating to get errors .... Timecode: 4
11/10/2021 14:15:09 - INFO - __main__ - Before Error Fixing: {'EM': 0.65625, 'QA-F1': 0.7313762626262627}
11/10/2021 14:15:09 - INFO - __main__ - Found 22 errors.
11/10/2021 14:15:09 - INFO - __main__ - Start error-fixing .... Timecode: 4
11/10/2021 14:15:19 - INFO - __main__ - Start error-fixing .... Done!
11/10/2021 14:15:20 - INFO - __main__ - Overall: 0.8640625 from scores=[0.728125, 1.0]
11/10/2021 14:15:20 - INFO - __main__ - --------------------------------------------------
11/10/2021 14:15:20 - INFO - __main__ - Evaluating to get errors .... Timecode: 5
11/10/2021 14:15:22 - INFO - __main__ - Before Error Fixing: {'EM': 0.609375, 'QA-F1': 0.6996404184583532}
11/10/2021 14:15:22 - INFO - __main__ - Found 25 errors.
11/10/2021 14:15:22 - INFO - __main__ - Start error-fixing .... Timecode: 5
11/10/2021 14:15:34 - INFO - __main__ - Start error-fixing .... Done!
11/10/2021 14:15:36 - INFO - __main__ - Overall: 0.8541666666666666 from scores=[0.7083333333333333, 1.0]
11/10/2021 14:15:36 - INFO - __main__ - --------------------------------------------------
11/10/2021 14:15:36 - INFO - __main__ - Evaluating to get errors .... Timecode: 6
11/10/2021 14:15:40 - INFO - __main__ - Before Error Fixing: {'EM': 0.5625, 'QA-F1': 0.6694569696607741}
11/10/2021 14:15:40 - INFO - __main__ - Found 28 errors.
11/10/2021 14:15:40 - INFO - __main__ - Start error-fixing .... Timecode: 6
11/10/2021 14:15:52 - INFO - __main__ - Start error-fixing .... Done!
11/10/2021 14:15:54 - INFO - __main__ - Overall: 0.8258928571428572 from scores=[0.6875, 0.9642857142857143]
11/10/2021 14:15:54 - INFO - __main__ - --------------------------------------------------
11/10/2021 14:15:54 - INFO - __main__ - Evaluating to get errors .... Timecode: 7
11/10/2021 14:15:56 - INFO - __main__ - Before Error Fixing: {'EM': 0.640625, 'QA-F1': 0.6892361111111112}
11/10/2021 14:15:56 - INFO - __main__ - Found 23 errors.
11/10/2021 14:15:57 - INFO - __main__ - Start error-fixing .... Timecode: 7
11/10/2021 14:16:06 - INFO - __main__ - Start error-fixing .... Done!
11/10/2021 14:16:07 - INFO - __main__ - Overall: 0.8408203125 from scores=[0.681640625, 1.0]
11/10/2021 14:16:07 - INFO - __main__ - --------------------------------------------------
11/10/2021 14:16:07 - INFO - __main__ - Evaluating to get errors .... Timecode: 8
11/10/2021 14:16:11 - INFO - __main__ - Before Error Fixing: {'EM': 0.609375, 'QA-F1': 0.6561912593984962}
11/10/2021 14:16:11 - INFO - __main__ - Found 25 errors.
11/10/2021 14:16:11 - INFO - __main__ - Start error-fixing .... Timecode: 8
11/10/2021 14:16:24 - INFO - __main__ - Start error-fixing .... Done!
11/10/2021 14:16:25 - INFO - __main__ - Overall: 0.8368055555555556 from scores=[0.6736111111111112, 1.0]
11/10/2021 14:16:25 - INFO - __main__ - --------------------------------------------------
11/10/2021 14:16:25 - INFO - __main__ - Evaluating to get errors .... Timecode: 9
11/10/2021 14:16:30 - INFO - __main__ - Before Error Fixing: {'EM': 0.421875, 'QA-F1': 0.5545297668281539}
11/10/2021 14:16:30 - INFO - __main__ - Found 37 errors.
11/10/2021 14:16:30 - INFO - __main__ - Start error-fixing .... Timecode: 9
11/10/2021 14:16:50 - INFO - __main__ - Start error-fixing .... Done!
11/10/2021 14:16:52 - INFO - __main__ - Overall: 0.82421875 from scores=[0.6484375, 1.0]
11/10/2021 14:16:52 - INFO - __main__ - --------------------------------------------------
11/10/2021 14:16:52 - INFO - __main__ - Start eval_knowledge_retention for UKR @ Timecode=10
11/10/2021 14:17:13 - INFO - __main__ - Upstream Knowledge Retation (UKR@10): 0.7676
11/10/2021 14:17:13 - INFO - __main__ - Start eval_knowledge_retention for OKR @ Timecode=10
11/10/2021 14:17:40 - INFO - __main__ - Online Knowledge Retation (OKR@10): 0.9238
11/10/2021 14:17:40 - INFO - __main__ - Start eval_knowledge_generalization for KG @ Timecode=10
11/10/2021 14:18:40 - INFO - __main__ - Future Knowledge Generalization (KG@10): 0.4258
11/10/2021 14:18:40 - INFO - __main__ - Evaluating to get errors .... Timecode: 10
11/10/2021 14:18:43 - INFO - __main__ - Before Error Fixing: {'EM': 0.546875, 'QA-F1': 0.6169497282608696}
11/10/2021 14:18:43 - INFO - __main__ - Found 29 errors.
11/10/2021 14:18:43 - INFO - __main__ - Start error-fixing .... Timecode: 10
11/10/2021 14:18:59 - INFO - __main__ - Start error-fixing .... Done!
11/10/2021 14:19:01 - INFO - __main__ - Overall: 0.751278409090909 from scores=[0.6392045454545454, 1.0, 0.923828125, 0.767578125, 0.42578125]
11/10/2021 14:19:03 - INFO - __main__ - Model saved to experiments/ckpt_dirs/qa/owc/qa_oewc_lr=3e-5_ep=10_lbd=1_gm=-1_T=100,b=64,alpha=0.9,beta=0.5,gamma=0.8/model_ckpt_010.pt.
11/10/2021 14:19:03 - INFO - __main__ - Updated result feule: experiments/results/qa/qa_oewc_lr=3e-5_ep=10_lbd=1_gm=-1_T=100,b=64,alpha=0.9,beta=0.5,gamma=0.8_result.json at Timecode: 10.
11/10/2021 14:19:03 - INFO - __main__ - --------------------------------------------------
11/10/2021 14:19:03 - INFO - __main__ - Evaluating to get errors .... Timecode: 11
11/10/2021 14:19:06 - INFO - __main__ - Before Error Fixing: {'EM': 0.578125, 'QA-F1': 0.6288961038961038}
11/10/2021 14:19:06 - INFO - __main__ - Found 27 errors.
11/10/2021 14:19:06 - INFO - __main__ - Start error-fixing .... Timecode: 11
11/10/2021 14:19:19 - INFO - __main__ - Start error-fixing .... Done!
11/10/2021 14:19:20 - INFO - __main__ - Overall: 0.7428530092592592 from scores=[0.6341145833333333, 0.9629629629629629, 0.923828125, 0.767578125, 0.42578125]
11/10/2021 14:19:20 - INFO - __main__ - --------------------------------------------------
11/10/2021 14:19:20 - INFO - __main__ - Evaluating to get errors .... Timecode: 12
11/10/2021 14:19:24 - INFO - __main__ - Before Error Fixing: {'EM': 0.453125, 'QA-F1': 0.5469097222222221}
11/10/2021 14:19:24 - INFO - __main__ - Found 35 errors.
11/10/2021 14:19:24 - INFO - __main__ - Start error-fixing .... Timecode: 12
11/10/2021 14:19:42 - INFO - __main__ - Start error-fixing .... Done!
11/10/2021 14:19:45 - INFO - __main__ - Overall: 0.7417616758241758 from scores=[0.6201923076923077, 0.9714285714285714, 0.923828125, 0.767578125, 0.42578125]
11/10/2021 14:19:45 - INFO - __main__ - --------------------------------------------------
11/10/2021 14:19:45 - INFO - __main__ - Evaluating to get errors .... Timecode: 13
11/10/2021 14:19:48 - INFO - __main__ - Before Error Fixing: {'EM': 0.53125, 'QA-F1': 0.598561507936508}
11/10/2021 14:19:48 - INFO - __main__ - Found 30 errors.
11/10/2021 14:19:48 - INFO - __main__ - Start error-fixing .... Timecode: 13
11/10/2021 14:20:01 - INFO - __main__ - Start error-fixing .... Done!
11/10/2021 14:20:03 - INFO - __main__ - Overall: 0.7395386904761905 from scores=[0.6138392857142857, 0.9666666666666667, 0.923828125, 0.767578125, 0.42578125]
11/10/2021 14:20:03 - INFO - __main__ - --------------------------------------------------
11/10/2021 14:20:03 - INFO - __main__ - Evaluating to get errors .... Timecode: 14
11/10/2021 14:20:07 - INFO - __main__ - Before Error Fixing: {'EM': 0.546875, 'QA-F1': 0.6523081793024228}
11/10/2021 14:20:07 - INFO - __main__ - Found 29 errors.
11/10/2021 14:20:07 - INFO - __main__ - Start error-fixing .... Timecode: 14
11/10/2021 14:20:19 - INFO - __main__ - Start error-fixing .... Done!
11/10/2021 14:20:21 - INFO - __main__ - Overall: 0.7453125 from scores=[0.609375, 1.0, 0.923828125, 0.767578125, 0.42578125]
11/10/2021 14:20:21 - INFO - __main__ - --------------------------------------------------
11/10/2021 14:20:21 - INFO - __main__ - Evaluating to get errors .... Timecode: 15
11/10/2021 14:20:25 - INFO - __main__ - Before Error Fixing: {'EM': 0.515625, 'QA-F1': 0.6360863095238094}
11/10/2021 14:20:25 - INFO - __main__ - Found 31 errors.
11/10/2021 14:20:25 - INFO - __main__ - Start error-fixing .... Timecode: 15
11/10/2021 14:20:40 - INFO - __main__ - Start error-fixing .... Done!
11/10/2021 14:20:41 - INFO - __main__ - Overall: 0.744140625 from scores=[0.603515625, 1.0, 0.923828125, 0.767578125, 0.42578125]
11/10/2021 14:20:41 - INFO - __main__ - --------------------------------------------------
11/10/2021 14:20:41 - INFO - __main__ - Evaluating to get errors .... Timecode: 16
11/10/2021 14:20:44 - INFO - __main__ - Before Error Fixing: {'EM': 0.5625, 'QA-F1': 0.6317312895437895}
11/10/2021 14:20:44 - INFO - __main__ - Found 28 errors.
11/10/2021 14:20:45 - INFO - __main__ - Start error-fixing .... Timecode: 16
11/10/2021 14:21:00 - INFO - __main__ - Start error-fixing .... Done!
11/10/2021 14:21:02 - INFO - __main__ - Overall: 0.7436580882352941 from scores=[0.6011029411764706, 1.0, 0.923828125, 0.767578125, 0.42578125]
11/10/2021 14:21:02 - INFO - __main__ - --------------------------------------------------
11/10/2021 14:21:02 - INFO - __main__ - Evaluating to get errors .... Timecode: 17
11/10/2021 14:21:06 - INFO - __main__ - Before Error Fixing: {'EM': 0.40625, 'QA-F1': 0.5360059866711376}
11/10/2021 14:21:06 - INFO - __main__ - Found 38 errors.
11/10/2021 14:21:06 - INFO - __main__ - Start error-fixing .... Timecode: 17
11/10/2021 14:21:26 - INFO - __main__ - Start error-fixing .... Done!
11/10/2021 14:21:29 - INFO - __main__ - Overall: 0.7414930555555556 from scores=[0.5902777777777778, 1.0, 0.923828125, 0.767578125, 0.42578125]
11/10/2021 14:21:29 - INFO - __main__ - --------------------------------------------------
11/10/2021 14:21:29 - INFO - __main__ - Evaluating to get errors .... Timecode: 18
11/10/2021 14:21:32 - INFO - __main__ - Before Error Fixing: {'EM': 0.390625, 'QA-F1': 0.5187796977113444}
11/10/2021 14:21:32 - INFO - __main__ - Found 39 errors.
11/10/2021 14:21:33 - INFO - __main__ - Start error-fixing .... Timecode: 18
11/10/2021 14:21:54 - INFO - __main__ - Start error-fixing .... Done!
11/10/2021 14:21:56 - INFO - __main__ - Overall: 0.7393914473684211 from scores=[0.5797697368421053, 1.0, 0.923828125, 0.767578125, 0.42578125]
11/10/2021 14:21:56 - INFO - __main__ - --------------------------------------------------
11/10/2021 14:21:56 - INFO - __main__ - Evaluating to get errors .... Timecode: 19
11/10/2021 14:22:00 - INFO - __main__ - Before Error Fixing: {'EM': 0.484375, 'QA-F1': 0.5605902777777778}
11/10/2021 14:22:00 - INFO - __main__ - Found 33 errors.
11/10/2021 14:22:00 - INFO - __main__ - Start error-fixing .... Timecode: 19
11/10/2021 14:22:19 - INFO - __main__ - Start error-fixing .... Done!
11/10/2021 14:22:21 - INFO - __main__ - Overall: 0.732376893939394 from scores=[0.575, 0.9696969696969697, 0.923828125, 0.767578125, 0.42578125]
11/10/2021 14:22:21 - INFO - __main__ - --------------------------------------------------
11/10/2021 14:22:21 - INFO - __main__ - Start eval_knowledge_retention for UKR @ Timecode=20
11/10/2021 14:22:42 - INFO - __main__ - Upstream Knowledge Retation (UKR@20): 0.7324
11/10/2021 14:22:42 - INFO - __main__ - Start eval_knowledge_retention for OKR @ Timecode=20
11/10/2021 14:23:11 - INFO - __main__ - Online Knowledge Retation (OKR@20): 0.8672
11/10/2021 14:23:11 - INFO - __main__ - Start eval_knowledge_generalization for KG @ Timecode=20
11/10/2021 14:24:08 - INFO - __main__ - Future Knowledge Generalization (KG@20): 0.4922
11/10/2021 14:24:08 - INFO - __main__ - Evaluating to get errors .... Timecode: 20
11/10/2021 14:24:11 - INFO - __main__ - Before Error Fixing: {'EM': 0.53125, 'QA-F1': 0.6217447916666666}
11/10/2021 14:24:11 - INFO - __main__ - Found 30 errors.
11/10/2021 14:24:11 - INFO - __main__ - Start error-fixing .... Timecode: 20
11/10/2021 14:24:28 - INFO - __main__ - Start error-fixing .... Done!
11/10/2021 14:24:29 - INFO - __main__ - Overall: 0.7329427083333334 from scores=[0.5729166666666667, 1.0, 0.8671875, 0.732421875, 0.4921875]
11/10/2021 14:24:31 - INFO - __main__ - Model saved to experiments/ckpt_dirs/qa/owc/qa_oewc_lr=3e-5_ep=10_lbd=1_gm=-1_T=100,b=64,alpha=0.9,beta=0.5,gamma=0.8/model_ckpt_020.pt.
11/10/2021 14:24:31 - INFO - __main__ - Updated result feule: experiments/results/qa/qa_oewc_lr=3e-5_ep=10_lbd=1_gm=-1_T=100,b=64,alpha=0.9,beta=0.5,gamma=0.8_result.json at Timecode: 20.
11/10/2021 14:24:31 - INFO - __main__ - --------------------------------------------------
11/10/2021 14:24:31 - INFO - __main__ - Evaluating to get errors .... Timecode: 21
11/10/2021 14:24:34 - INFO - __main__ - Before Error Fixing: {'EM': 0.5625, 'QA-F1': 0.6587789763341234}
11/10/2021 14:24:34 - INFO - __main__ - Found 28 errors.
11/10/2021 14:24:34 - INFO - __main__ - Start error-fixing .... Timecode: 21
11/10/2021 14:24:47 - INFO - __main__ - Start error-fixing .... Done!
11/10/2021 14:24:49 - INFO - __main__ - Overall: 0.711419439935065 from scores=[0.5724431818181819, 0.8928571428571429, 0.8671875, 0.732421875, 0.4921875]
11/10/2021 14:24:49 - INFO - __main__ - --------------------------------------------------
11/10/2021 14:24:49 - INFO - __main__ - Evaluating to get errors .... Timecode: 22
11/10/2021 14:24:53 - INFO - __main__ - Before Error Fixing: {'EM': 0.53125, 'QA-F1': 0.7099016994285958}
11/10/2021 14:24:53 - INFO - __main__ - Found 30 errors.
11/10/2021 14:24:53 - INFO - __main__ - Start error-fixing .... Timecode: 22
11/10/2021 14:25:06 - INFO - __main__ - Start error-fixing .... Done!
11/10/2021 14:25:09 - INFO - __main__ - Overall: 0.7191564764492753 from scores=[0.5706521739130435, 0.9333333333333333, 0.8671875, 0.732421875, 0.4921875]
11/10/2021 14:25:09 - INFO - __main__ - --------------------------------------------------
11/10/2021 14:25:09 - INFO - __main__ - Evaluating to get errors .... Timecode: 23
11/10/2021 14:25:11 - INFO - __main__ - Before Error Fixing: {'EM': 0.53125, 'QA-F1': 0.595108695652174}
11/10/2021 14:25:11 - INFO - __main__ - Found 30 errors.
11/10/2021 14:25:12 - INFO - __main__ - Start error-fixing .... Timecode: 23
11/10/2021 14:25:28 - INFO - __main__ - Start error-fixing .... Done!
11/10/2021 14:25:31 - INFO - __main__ - Overall: 0.7121614583333333 from scores=[0.5690104166666667, 0.9, 0.8671875, 0.732421875, 0.4921875]
11/10/2021 14:25:31 - INFO - __main__ - --------------------------------------------------
11/10/2021 14:25:31 - INFO - __main__ - Evaluating to get errors .... Timecode: 24
11/10/2021 14:25:34 - INFO - __main__ - Before Error Fixing: {'EM': 0.375, 'QA-F1': 0.4329427083333333}
11/10/2021 14:25:34 - INFO - __main__ - Found 40 errors.
11/10/2021 14:25:35 - INFO - __main__ - Start error-fixing .... Timecode: 24
11/10/2021 14:25:56 - INFO - __main__ - Start error-fixing .... Done!
11/10/2021 14:25:59 - INFO - __main__ - Overall: 0.730609375 from scores=[0.56125, 1.0, 0.8671875, 0.732421875, 0.4921875]
11/10/2021 14:25:59 - INFO - __main__ - --------------------------------------------------
11/10/2021 14:25:59 - INFO - __main__ - Evaluating to get errors .... Timecode: 25
11/10/2021 14:26:01 - INFO - __main__ - Before Error Fixing: {'EM': 0.46875, 'QA-F1': 0.5540064102564103}
11/10/2021 14:26:01 - INFO - __main__ - Found 34 errors.
11/10/2021 14:26:02 - INFO - __main__ - Start error-fixing .... Timecode: 25
11/10/2021 14:26:21 - INFO - __main__ - Start error-fixing .... Done!
11/10/2021 14:26:22 - INFO - __main__ - Overall: 0.7298978365384615 from scores=[0.5576923076923077, 1.0, 0.8671875, 0.732421875, 0.4921875]
11/10/2021 14:26:22 - INFO - __main__ - --------------------------------------------------
11/10/2021 14:26:22 - INFO - __main__ - Evaluating to get errors .... Timecode: 26
11/10/2021 14:26:26 - INFO - __main__ - Before Error Fixing: {'EM': 0.515625, 'QA-F1': 0.5423177083333333}
11/10/2021 14:26:26 - INFO - __main__ - Found 31 errors.
11/10/2021 14:26:27 - INFO - __main__ - Start error-fixing .... Timecode: 26
11/10/2021 14:26:44 - INFO - __main__ - Start error-fixing .... Done!
11/10/2021 14:26:45 - INFO - __main__ - Overall: 0.7231346139486261 from scores=[0.5561342592592593, 0.967741935483871, 0.8671875, 0.732421875, 0.4921875]
11/10/2021 14:26:45 - INFO - __main__ - --------------------------------------------------
11/10/2021 14:26:45 - INFO - __main__ - Evaluating to get errors .... Timecode: 27
11/10/2021 14:26:49 - INFO - __main__ - Before Error Fixing: {'EM': 0.4375, 'QA-F1': 0.5593547436758644}
11/10/2021 14:26:49 - INFO - __main__ - Found 36 errors.
11/10/2021 14:26:49 - INFO - __main__ - Start error-fixing .... Timecode: 27
11/10/2021 14:27:08 - INFO - __main__ - Start error-fixing .... Done!
11/10/2021 14:27:10 - INFO - __main__ - Overall: 0.7231832837301587 from scores=[0.5518973214285714, 0.9722222222222222, 0.8671875, 0.732421875, 0.4921875]
11/10/2021 14:27:10 - INFO - __main__ - --------------------------------------------------
11/10/2021 14:27:10 - INFO - __main__ - Evaluating to get errors .... Timecode: 28
11/10/2021 14:27:13 - INFO - __main__ - Before Error Fixing: {'EM': 0.453125, 'QA-F1': 0.5704305885033438}
11/10/2021 14:27:13 - INFO - __main__ - Found 35 errors.
11/10/2021 14:27:13 - INFO - __main__ - Start error-fixing .... Timecode: 28
11/10/2021 14:27:30 - INFO - __main__ - Start error-fixing .... Done!
11/10/2021 14:27:32 - INFO - __main__ - Overall: 0.7109147937192117 from scores=[0.5484913793103448, 0.9142857142857143, 0.8671875, 0.732421875, 0.4921875]
11/10/2021 14:27:32 - INFO - __main__ - --------------------------------------------------
11/10/2021 14:27:32 - INFO - __main__ - Evaluating to get errors .... Timecode: 29
11/10/2021 14:27:35 - INFO - __main__ - Before Error Fixing: {'EM': 0.5, 'QA-F1': 0.6575127946650123}
11/10/2021 14:27:35 - INFO - __main__ - Found 32 errors.
11/10/2021 14:27:35 - INFO - __main__ - Start error-fixing .... Timecode: 29
11/10/2021 14:27:52 - INFO - __main__ - Start error-fixing .... Done!
11/10/2021 14:27:54 - INFO - __main__ - Overall: 0.721484375 from scores=[0.546875, 0.96875, 0.8671875, 0.732421875, 0.4921875]
11/10/2021 14:27:54 - INFO - __main__ - --------------------------------------------------
11/10/2021 14:27:54 - INFO - __main__ - Start eval_knowledge_retention for UKR @ Timecode=30
11/10/2021 14:28:20 - INFO - __main__ - Upstream Knowledge Retation (UKR@30): 0.7246
11/10/2021 14:28:21 - INFO - __main__ - Start eval_knowledge_retention for OKR @ Timecode=30
11/10/2021 14:28:54 - INFO - __main__ - Online Knowledge Retation (OKR@30): 0.8105
11/10/2021 14:28:54 - INFO - __main__ - Start eval_knowledge_generalization for KG @ Timecode=30
11/10/2021 14:30:07 - INFO - __main__ - Future Knowledge Generalization (KG@30): 0.4648
11/10/2021 14:30:07 - INFO - __main__ - Evaluating to get errors .... Timecode: 30
11/10/2021 14:30:10 - INFO - __main__ - Before Error Fixing: {'EM': 0.515625, 'QA-F1': 0.6299851190476191}
11/10/2021 14:30:10 - INFO - __main__ - Found 31 errors.
11/10/2021 14:30:10 - INFO - __main__ - Start error-fixing .... Timecode: 30
11/10/2021 14:30:27 - INFO - __main__ - Start error-fixing .... Done!
11/10/2021 14:30:28 - INFO - __main__ - Overall: 0.7091733870967742 from scores=[0.545866935483871, 1.0, 0.810546875, 0.724609375, 0.46484375]
11/10/2021 14:30:30 - INFO - __main__ - Model saved to experiments/ckpt_dirs/qa/owc/qa_oewc_lr=3e-5_ep=10_lbd=1_gm=-1_T=100,b=64,alpha=0.9,beta=0.5,gamma=0.8/model_ckpt_030.pt.
11/10/2021 14:30:30 - INFO - __main__ - Updated result feule: experiments/results/qa/qa_oewc_lr=3e-5_ep=10_lbd=1_gm=-1_T=100,b=64,alpha=0.9,beta=0.5,gamma=0.8_result.json at Timecode: 30.
11/10/2021 14:30:30 - INFO - __main__ - --------------------------------------------------
11/10/2021 14:30:30 - INFO - __main__ - Evaluating to get errors .... Timecode: 31
11/10/2021 14:30:33 - INFO - __main__ - Before Error Fixing: {'EM': 0.546875, 'QA-F1': 0.666396463524221}
11/10/2021 14:30:33 - INFO - __main__ - Found 29 errors.
11/10/2021 14:30:33 - INFO - __main__ - Start error-fixing .... Timecode: 31
11/10/2021 14:30:47 - INFO - __main__ - Start error-fixing .... Done!
11/10/2021 14:30:50 - INFO - __main__ - Overall: 0.6815934806034483 from scores=[0.5458984375, 0.8620689655172413, 0.810546875, 0.724609375, 0.46484375]
11/10/2021 14:30:50 - INFO - __main__ - --------------------------------------------------
11/10/2021 14:30:50 - INFO - __main__ - Evaluating to get errors .... Timecode: 32
11/10/2021 14:30:53 - INFO - __main__ - Before Error Fixing: {'EM': 0.53125, 'QA-F1': 0.6182272588522588}
11/10/2021 14:30:53 - INFO - __main__ - Found 30 errors.
11/10/2021 14:30:53 - INFO - __main__ - Start error-fixing .... Timecode: 32
11/10/2021 14:31:09 - INFO - __main__ - Start error-fixing .... Done!
11/10/2021 14:31:10 - INFO - __main__ - Overall: 0.7090909090909091 from scores=[0.5454545454545454, 1.0, 0.810546875, 0.724609375, 0.46484375]
11/10/2021 14:31:10 - INFO - __main__ - --------------------------------------------------
11/10/2021 14:31:10 - INFO - __main__ - Evaluating to get errors .... Timecode: 33
11/10/2021 14:31:13 - INFO - __main__ - Before Error Fixing: {'EM': 0.640625, 'QA-F1': 0.7161458333333333}
11/10/2021 14:31:13 - INFO - __main__ - Found 23 errors.
11/10/2021 14:31:13 - INFO - __main__ - Start error-fixing .... Timecode: 33
11/10/2021 14:31:25 - INFO - __main__ - Start error-fixing .... Done!
11/10/2021 14:31:27 - INFO - __main__ - Overall: 0.7096507352941177 from scores=[0.5482536764705883, 1.0, 0.810546875, 0.724609375, 0.46484375]
11/10/2021 14:31:27 - INFO - __main__ - --------------------------------------------------
11/10/2021 14:31:27 - INFO - __main__ - Evaluating to get errors .... Timecode: 34
11/10/2021 14:31:30 - INFO - __main__ - Before Error Fixing: {'EM': 0.5625, 'QA-F1': 0.6658680555555556}
11/10/2021 14:31:30 - INFO - __main__ - Found 28 errors.
11/10/2021 14:31:30 - INFO - __main__ - Start error-fixing .... Timecode: 34
11/10/2021 14:31:44 - INFO - __main__ - Start error-fixing .... Done!
11/10/2021 14:31:45 - INFO - __main__ - Overall: 0.7097321428571428 from scores=[0.5486607142857143, 1.0, 0.810546875, 0.724609375, 0.46484375]
11/10/2021 14:31:45 - INFO - __main__ - --------------------------------------------------
11/10/2021 14:31:45 - INFO - __main__ - Evaluating to get errors .... Timecode: 35
11/10/2021 14:31:48 - INFO - __main__ - Before Error Fixing: {'EM': 0.515625, 'QA-F1': 0.644527867965368}
11/10/2021 14:31:48 - INFO - __main__ - Found 31 errors.
11/10/2021 14:31:48 - INFO - __main__ - Start error-fixing .... Timecode: 35
11/10/2021 14:32:03 - INFO - __main__ - Start error-fixing .... Done!
11/10/2021 14:32:05 - INFO - __main__ - Overall: 0.7030969982078853 from scores=[0.5477430555555556, 0.967741935483871, 0.810546875, 0.724609375, 0.46484375]
11/10/2021 14:32:05 - INFO - __main__ - --------------------------------------------------
11/10/2021 14:32:05 - INFO - __main__ - Evaluating to get errors .... Timecode: 36
11/10/2021 14:32:10 - INFO - __main__ - Before Error Fixing: {'EM': 0.515625, 'QA-F1': 0.6210521945715739}
11/10/2021 14:32:10 - INFO - __main__ - Found 31 errors.
11/10/2021 14:32:10 - INFO - __main__ - Start error-fixing .... Timecode: 36
11/10/2021 14:32:26 - INFO - __main__ - Start error-fixing .... Done!
11/10/2021 14:32:28 - INFO - __main__ - Overall: 0.709375 from scores=[0.546875, 1.0, 0.810546875, 0.724609375, 0.46484375]
11/10/2021 14:32:28 - INFO - __main__ - --------------------------------------------------
11/10/2021 14:32:28 - INFO - __main__ - Evaluating to get errors .... Timecode: 37
11/10/2021 14:32:31 - INFO - __main__ - Before Error Fixing: {'EM': 0.4375, 'QA-F1': 0.5956148885836385}
11/10/2021 14:32:31 - INFO - __main__ - Found 36 errors.
11/10/2021 14:32:32 - INFO - __main__ - Start error-fixing .... Timecode: 37
11/10/2021 14:32:51 - INFO - __main__ - Start error-fixing .... Done!
11/10/2021 14:32:53 - INFO - __main__ - Overall: 0.7087993421052632 from scores=[0.5439967105263157, 1.0, 0.810546875, 0.724609375, 0.46484375]
11/10/2021 14:32:53 - INFO - __main__ - --------------------------------------------------
11/10/2021 14:32:53 - INFO - __main__ - Evaluating to get errors .... Timecode: 38
11/10/2021 14:32:57 - INFO - __main__ - Before Error Fixing: {'EM': 0.484375, 'QA-F1': 0.5688785173160174}
11/10/2021 14:32:57 - INFO - __main__ - Found 33 errors.
11/10/2021 14:32:57 - INFO - __main__ - Start error-fixing .... Timecode: 38
11/10/2021 14:33:16 - INFO - __main__ - Start error-fixing .... Done!
11/10/2021 14:33:17 - INFO - __main__ - Overall: 0.7084935897435898 from scores=[0.5424679487179487, 1.0, 0.810546875, 0.724609375, 0.46484375]
11/10/2021 14:33:17 - INFO - __main__ - --------------------------------------------------
11/10/2021 14:33:17 - INFO - __main__ - Evaluating to get errors .... Timecode: 39
11/10/2021 14:33:21 - INFO - __main__ - Before Error Fixing: {'EM': 0.359375, 'QA-F1': 0.4484085111317254}
11/10/2021 14:33:21 - INFO - __main__ - Found 41 errors.
11/10/2021 14:33:21 - INFO - __main__ - Start error-fixing .... Timecode: 39
11/10/2021 14:33:45 - INFO - __main__ - Start error-fixing .... Done!
11/10/2021 14:33:47 - INFO - __main__ - Overall: 0.7075781250000001 from scores=[0.537890625, 1.0, 0.810546875, 0.724609375, 0.46484375]
11/10/2021 14:33:47 - INFO - __main__ - --------------------------------------------------
11/10/2021 14:33:47 - INFO - __main__ - Start eval_knowledge_retention for UKR @ Timecode=40
11/10/2021 14:34:07 - INFO - __main__ - Upstream Knowledge Retation (UKR@40): 0.7285
11/10/2021 14:34:08 - INFO - __main__ - Start eval_knowledge_retention for OKR @ Timecode=40
11/10/2021 14:34:38 - INFO - __main__ - Online Knowledge Retation (OKR@40): 0.8730
11/10/2021 14:34:38 - INFO - __main__ - Start eval_knowledge_generalization for KG @ Timecode=40
11/10/2021 14:35:38 - INFO - __main__ - Future Knowledge Generalization (KG@40): 0.4984
11/10/2021 14:35:38 - INFO - __main__ - Evaluating to get errors .... Timecode: 40
11/10/2021 14:35:42 - INFO - __main__ - Before Error Fixing: {'EM': 0.5625, 'QA-F1': 0.6593749999999999}
11/10/2021 14:35:42 - INFO - __main__ - Found 28 errors.
11/10/2021 14:35:42 - INFO - __main__ - Start error-fixing .... Timecode: 40
11/10/2021 14:35:57 - INFO - __main__ - Start error-fixing .... Done!
11/10/2021 14:35:59 - INFO - __main__ - Overall: 0.7276981707317074 from scores=[0.5384908536585367, 1.0, 0.873046875, 0.728515625, 0.4984375]
11/10/2021 14:36:01 - INFO - __main__ - Model saved to experiments/ckpt_dirs/qa/owc/qa_oewc_lr=3e-5_ep=10_lbd=1_gm=-1_T=100,b=64,alpha=0.9,beta=0.5,gamma=0.8/model_ckpt_040.pt.
11/10/2021 14:36:01 - INFO - __main__ - Updated result feule: experiments/results/qa/qa_oewc_lr=3e-5_ep=10_lbd=1_gm=-1_T=100,b=64,alpha=0.9,beta=0.5,gamma=0.8_result.json at Timecode: 40.
11/10/2021 14:36:01 - INFO - __main__ - --------------------------------------------------
11/10/2021 14:36:01 - INFO - __main__ - Evaluating to get errors .... Timecode: 41
11/10/2021 14:36:06 - INFO - __main__ - Before Error Fixing: {'EM': 0.34375, 'QA-F1': 0.45465191511387165}
11/10/2021 14:36:06 - INFO - __main__ - Found 42 errors.
11/10/2021 14:36:06 - INFO - __main__ - Start error-fixing .... Timecode: 41
11/10/2021 14:36:29 - INFO - __main__ - Start error-fixing .... Done!
11/10/2021 14:36:31 - INFO - __main__ - Overall: 0.7267708333333334 from scores=[0.5338541666666667, 1.0, 0.873046875, 0.728515625, 0.4984375]
11/10/2021 14:36:31 - INFO - __main__ - --------------------------------------------------
11/10/2021 14:36:31 - INFO - __main__ - Evaluating to get errors .... Timecode: 42
11/10/2021 14:36:36 - INFO - __main__ - Before Error Fixing: {'EM': 0.421875, 'QA-F1': 0.5190002705627705}
11/10/2021 14:36:36 - INFO - __main__ - Found 37 errors.
11/10/2021 14:36:36 - INFO - __main__ - Start error-fixing .... Timecode: 42
11/10/2021 14:36:55 - INFO - __main__ - Start error-fixing .... Done!
11/10/2021 14:36:58 - INFO - __main__ - Overall: 0.7262500000000001 from scores=[0.53125, 1.0, 0.873046875, 0.728515625, 0.4984375]
11/10/2021 14:36:58 - INFO - __main__ - --------------------------------------------------
11/10/2021 14:36:58 - INFO - __main__ - Evaluating to get errors .... Timecode: 43
11/10/2021 14:37:03 - INFO - __main__ - Before Error Fixing: {'EM': 0.515625, 'QA-F1': 0.6266522524746209}
11/10/2021 14:37:03 - INFO - __main__ - Found 31 errors.
11/10/2021 14:37:03 - INFO - __main__ - Start error-fixing .... Timecode: 43
11/10/2021 14:37:20 - INFO - __main__ - Start error-fixing .... Done!
11/10/2021 14:37:21 - INFO - __main__ - Overall: 0.7197273643695015 from scores=[0.5308948863636364, 0.967741935483871, 0.873046875, 0.728515625, 0.4984375]
11/10/2021 14:37:21 - INFO - __main__ - --------------------------------------------------
11/10/2021 14:37:21 - INFO - __main__ - Evaluating to get errors .... Timecode: 44
11/10/2021 14:37:24 - INFO - __main__ - Before Error Fixing: {'EM': 0.5, 'QA-F1': 0.5921848299726589}
11/10/2021 14:37:24 - INFO - __main__ - Found 32 errors.
11/10/2021 14:37:25 - INFO - __main__ - Start error-fixing .... Timecode: 44
11/10/2021 14:37:41 - INFO - __main__ - Start error-fixing .... Done!
11/10/2021 14:37:43 - INFO - __main__ - Overall: 0.7197916666666667 from scores=[0.5302083333333334, 0.96875, 0.873046875, 0.728515625, 0.4984375]
11/10/2021 14:37:43 - INFO - __main__ - --------------------------------------------------
11/10/2021 14:37:43 - INFO - __main__ - Evaluating to get errors .... Timecode: 45
11/10/2021 14:37:46 - INFO - __main__ - Before Error Fixing: {'EM': 0.421875, 'QA-F1': 0.5486505571139162}
11/10/2021 14:37:46 - INFO - __main__ - Found 37 errors.
11/10/2021 14:37:47 - INFO - __main__ - Start error-fixing .... Timecode: 45
11/10/2021 14:38:03 - INFO - __main__ - Start error-fixing .... Done!
11/10/2021 14:38:05 - INFO - __main__ - Overall: 0.7201652467685077 from scores=[0.5278532608695652, 0.972972972972973, 0.873046875, 0.728515625, 0.4984375]
11/10/2021 14:38:05 - INFO - __main__ - --------------------------------------------------
11/10/2021 14:38:05 - INFO - __main__ - Evaluating to get errors .... Timecode: 46
11/10/2021 14:38:09 - INFO - __main__ - Before Error Fixing: {'EM': 0.5625, 'QA-F1': 0.670290134932272}
11/10/2021 14:38:09 - INFO - __main__ - Found 28 errors.
11/10/2021 14:38:09 - INFO - __main__ - Start error-fixing .... Timecode: 46
11/10/2021 14:38:23 - INFO - __main__ - Start error-fixing .... Done!
11/10/2021 14:38:25 - INFO - __main__ - Overall: 0.7042895136778116 from scores=[0.5285904255319149, 0.8928571428571429, 0.873046875, 0.728515625, 0.4984375]
11/10/2021 14:38:25 - INFO - __main__ - --------------------------------------------------
11/10/2021 14:38:25 - INFO - __main__ - Evaluating to get errors .... Timecode: 47
11/10/2021 14:38:28 - INFO - __main__ - Before Error Fixing: {'EM': 0.4375, 'QA-F1': 0.5600643713924964}
11/10/2021 14:38:29 - INFO - __main__ - Found 36 errors.
11/10/2021 14:38:29 - INFO - __main__ - Start error-fixing .... Timecode: 47
11/10/2021 14:38:47 - INFO - __main__ - Start error-fixing .... Done!
11/10/2021 14:38:49 - INFO - __main__ - Overall: 0.7253385416666667 from scores=[0.5266927083333333, 1.0, 0.873046875, 0.728515625, 0.4984375]
11/10/2021 14:38:49 - INFO - __main__ - --------------------------------------------------
11/10/2021 14:38:49 - INFO - __main__ - Evaluating to get errors .... Timecode: 48
11/10/2021 14:38:54 - INFO - __main__ - Before Error Fixing: {'EM': 0.46875, 'QA-F1': 0.5356807695714345}
11/10/2021 14:38:54 - INFO - __main__ - Found 34 errors.
11/10/2021 14:38:54 - INFO - __main__ - Start error-fixing .... Timecode: 48
11/10/2021 14:39:13 - INFO - __main__ - Start error-fixing .... Done!
11/10/2021 14:39:15 - INFO - __main__ - Overall: 0.7192196878751501 from scores=[0.5255102040816326, 0.9705882352941176, 0.873046875, 0.728515625, 0.4984375]
11/10/2021 14:39:15 - INFO - __main__ - --------------------------------------------------
11/10/2021 14:39:15 - INFO - __main__ - Evaluating to get errors .... Timecode: 49
11/10/2021 14:39:19 - INFO - __main__ - Before Error Fixing: {'EM': 0.453125, 'QA-F1': 0.5180318813131313}
11/10/2021 14:39:19 - INFO - __main__ - Found 35 errors.
11/10/2021 14:39:19 - INFO - __main__ - Start error-fixing .... Timecode: 49
11/10/2021 14:39:38 - INFO - __main__ - Start error-fixing .... Done!
11/10/2021 14:39:40 - INFO - __main__ - Overall: 0.7133839285714286 from scores=[0.5240625, 0.9428571428571428, 0.873046875, 0.728515625, 0.4984375]
11/10/2021 14:39:40 - INFO - __main__ - --------------------------------------------------
11/10/2021 14:39:40 - INFO - __main__ - Start eval_knowledge_retention for UKR @ Timecode=50
11/10/2021 14:39:59 - INFO - __main__ - Upstream Knowledge Retation (UKR@50): 0.6777
11/10/2021 14:40:00 - INFO - __main__ - Start eval_knowledge_retention for OKR @ Timecode=50
11/10/2021 14:40:31 - INFO - __main__ - Online Knowledge Retation (OKR@50): 0.8574
11/10/2021 14:40:31 - INFO - __main__ - Start eval_knowledge_generalization for KG @ Timecode=50
11/10/2021 14:41:28 - INFO - __main__ - Future Knowledge Generalization (KG@50): 0.4453
11/10/2021 14:41:28 - INFO - __main__ - Evaluating to get errors .... Timecode: 50
11/10/2021 14:41:31 - INFO - __main__ - Before Error Fixing: {'EM': 0.515625, 'QA-F1': 0.5772569444444444}
11/10/2021 14:41:31 - INFO - __main__ - Found 31 errors.
11/10/2021 14:41:31 - INFO - __main__ - Start error-fixing .... Timecode: 50
11/10/2021 14:41:48 - INFO - __main__ - Start error-fixing .... Done!
11/10/2021 14:41:49 - INFO - __main__ - Overall: 0.6944215488614801 from scores=[0.5238970588235294, 0.967741935483871, 0.857421875, 0.677734375, 0.4453125]
11/10/2021 14:41:51 - INFO - __main__ - Model saved to experiments/ckpt_dirs/qa/owc/qa_oewc_lr=3e-5_ep=10_lbd=1_gm=-1_T=100,b=64,alpha=0.9,beta=0.5,gamma=0.8/model_ckpt_050.pt.
11/10/2021 14:41:51 - INFO - __main__ - Updated result feule: experiments/results/qa/qa_oewc_lr=3e-5_ep=10_lbd=1_gm=-1_T=100,b=64,alpha=0.9,beta=0.5,gamma=0.8_result.json at Timecode: 50.
11/10/2021 14:41:51 - INFO - __main__ - --------------------------------------------------
11/10/2021 14:41:51 - INFO - __main__ - Evaluating to get errors .... Timecode: 51
11/10/2021 14:41:54 - INFO - __main__ - Before Error Fixing: {'EM': 0.53125, 'QA-F1': 0.6118303571428572}
11/10/2021 14:41:54 - INFO - __main__ - Found 30 errors.
11/10/2021 14:41:55 - INFO - __main__ - Start error-fixing .... Timecode: 51
11/10/2021 14:42:11 - INFO - __main__ - Start error-fixing .... Done!
11/10/2021 14:42:12 - INFO - __main__ - Overall: 0.7009014423076924 from scores=[0.5240384615384616, 1.0, 0.857421875, 0.677734375, 0.4453125]
11/10/2021 14:42:12 - INFO - __main__ - --------------------------------------------------
11/10/2021 14:42:12 - INFO - __main__ - Evaluating to get errors .... Timecode: 52
11/10/2021 14:42:15 - INFO - __main__ - Before Error Fixing: {'EM': 0.625, 'QA-F1': 0.6688701923076923}
11/10/2021 14:42:15 - INFO - __main__ - Found 24 errors.
11/10/2021 14:42:15 - INFO - __main__ - Start error-fixing .... Timecode: 52
11/10/2021 14:42:26 - INFO - __main__ - Start error-fixing .... Done!
11/10/2021 14:42:28 - INFO - __main__ - Overall: 0.7012824292452831 from scores=[0.5259433962264151, 1.0, 0.857421875, 0.677734375, 0.4453125]
11/10/2021 14:42:28 - INFO - __main__ - --------------------------------------------------
11/10/2021 14:42:28 - INFO - __main__ - Evaluating to get errors .... Timecode: 53
11/10/2021 14:42:31 - INFO - __main__ - Before Error Fixing: {'EM': 0.484375, 'QA-F1': 0.601500496031746}
11/10/2021 14:42:31 - INFO - __main__ - Found 33 errors.
11/10/2021 14:42:31 - INFO - __main__ - Start error-fixing .... Timecode: 53
11/10/2021 14:42:49 - INFO - __main__ - Start error-fixing .... Done!
11/10/2021 14:42:50 - INFO - __main__ - Overall: 0.7011284722222222 from scores=[0.5251736111111112, 1.0, 0.857421875, 0.677734375, 0.4453125]
11/10/2021 14:42:50 - INFO - __main__ - --------------------------------------------------
11/10/2021 14:42:50 - INFO - __main__ - Evaluating to get errors .... Timecode: 54
11/10/2021 14:42:54 - INFO - __main__ - Before Error Fixing: {'EM': 0.546875, 'QA-F1': 0.6815574290421911}
11/10/2021 14:42:54 - INFO - __main__ - Found 29 errors.
11/10/2021 14:42:54 - INFO - __main__ - Start error-fixing .... Timecode: 54
11/10/2021 14:43:08 - INFO - __main__ - Start error-fixing .... Done!
11/10/2021 14:43:11 - INFO - __main__ - Overall: 0.6736211794670847 from scores=[0.5255681818181819, 0.8620689655172413, 0.857421875, 0.677734375, 0.4453125]
11/10/2021 14:43:11 - INFO - __main__ - --------------------------------------------------
11/10/2021 14:43:11 - INFO - __main__ - Evaluating to get errors .... Timecode: 55
11/10/2021 14:43:14 - INFO - __main__ - Before Error Fixing: {'EM': 0.59375, 'QA-F1': 0.7025545634920635}
11/10/2021 14:43:14 - INFO - __main__ - Found 26 errors.
11/10/2021 14:43:14 - INFO - __main__ - Start error-fixing .... Timecode: 55
11/10/2021 14:43:27 - INFO - __main__ - Start error-fixing .... Done!
11/10/2021 14:43:29 - INFO - __main__ - Overall: 0.7014508928571429 from scores=[0.5267857142857143, 1.0, 0.857421875, 0.677734375, 0.4453125]
11/10/2021 14:43:29 - INFO - __main__ - --------------------------------------------------
11/10/2021 14:43:29 - INFO - __main__ - Evaluating to get errors .... Timecode: 56
11/10/2021 14:43:33 - INFO - __main__ - Before Error Fixing: {'EM': 0.578125, 'QA-F1': 0.631374007936508}
11/10/2021 14:43:33 - INFO - __main__ - Found 27 errors.
11/10/2021 14:43:33 - INFO - __main__ - Start error-fixing .... Timecode: 56
11/10/2021 14:43:48 - INFO - __main__ - Start error-fixing .... Done!
11/10/2021 14:43:50 - INFO - __main__ - Overall: 0.7016310307017544 from scores=[0.5276864035087719, 1.0, 0.857421875, 0.677734375, 0.4453125]
11/10/2021 14:43:50 - INFO - __main__ - --------------------------------------------------
11/10/2021 14:43:50 - INFO - __main__ - Evaluating to get errors .... Timecode: 57
11/10/2021 14:43:52 - INFO - __main__ - Before Error Fixing: {'EM': 0.53125, 'QA-F1': 0.5645833333333333}
11/10/2021 14:43:52 - INFO - __main__ - Found 30 errors.
11/10/2021 14:43:52 - INFO - __main__ - Start error-fixing .... Timecode: 57
11/10/2021 14:44:09 - INFO - __main__ - Start error-fixing .... Done!
11/10/2021 14:44:10 - INFO - __main__ - Overall: 0.6883099856321839 from scores=[0.5277478448275862, 0.9333333333333333, 0.857421875, 0.677734375, 0.4453125]
11/10/2021 14:44:10 - INFO - __main__ - --------------------------------------------------
11/10/2021 14:44:10 - INFO - __main__ - Evaluating to get errors .... Timecode: 58
11/10/2021 14:44:13 - INFO - __main__ - Before Error Fixing: {'EM': 0.46875, 'QA-F1': 0.530849358974359}
11/10/2021 14:44:13 - INFO - __main__ - Found 34 errors.
11/10/2021 14:44:13 - INFO - __main__ - Start error-fixing .... Timecode: 58
11/10/2021 14:44:32 - INFO - __main__ - Start error-fixing .... Done!
11/10/2021 14:44:34 - INFO - __main__ - Overall: 0.6896786203888335 from scores=[0.5267478813559322, 0.9411764705882353, 0.857421875, 0.677734375, 0.4453125]
11/10/2021 14:44:34 - INFO - __main__ - --------------------------------------------------
11/10/2021 14:44:34 - INFO - __main__ - Evaluating to get errors .... Timecode: 59
11/10/2021 14:44:38 - INFO - __main__ - Before Error Fixing: {'EM': 0.609375, 'QA-F1': 0.7473708583083583}
11/10/2021 14:44:38 - INFO - __main__ - Found 25 errors.
11/10/2021 14:44:38 - INFO - __main__ - Start error-fixing .... Timecode: 59
11/10/2021 14:44:50 - INFO - __main__ - Start error-fixing .... Done!
11/10/2021 14:44:52 - INFO - __main__ - Overall: 0.7017187500000001 from scores=[0.528125, 1.0, 0.857421875, 0.677734375, 0.4453125]
11/10/2021 14:44:52 - INFO - __main__ - --------------------------------------------------
11/10/2021 14:44:52 - INFO - __main__ - Start eval_knowledge_retention for UKR @ Timecode=60
11/10/2021 14:45:14 - INFO - __main__ - Upstream Knowledge Retation (UKR@60): 0.6758
11/10/2021 14:45:15 - INFO - __main__ - Start eval_knowledge_retention for OKR @ Timecode=60
11/10/2021 14:45:46 - INFO - __main__ - Online Knowledge Retation (OKR@60): 0.8398
11/10/2021 14:45:46 - INFO - __main__ - Start eval_knowledge_generalization for KG @ Timecode=60
11/10/2021 14:46:50 - INFO - __main__ - Future Knowledge Generalization (KG@60): 0.4680
11/10/2021 14:46:50 - INFO - __main__ - Evaluating to get errors .... Timecode: 60
11/10/2021 14:46:54 - INFO - __main__ - Before Error Fixing: {'EM': 0.546875, 'QA-F1': 0.6618934884559884}
11/10/2021 14:46:54 - INFO - __main__ - Found 29 errors.
11/10/2021 14:46:54 - INFO - __main__ - Start error-fixing .... Timecode: 60
11/10/2021 14:47:07 - INFO - __main__ - Start error-fixing .... Done!
11/10/2021 14:47:09 - INFO - __main__ - Overall: 0.7024052254098361 from scores=[0.5284323770491803, 1.0, 0.83984375, 0.67578125, 0.46796875]
11/10/2021 14:47:11 - INFO - __main__ - Model saved to experiments/ckpt_dirs/qa/owc/qa_oewc_lr=3e-5_ep=10_lbd=1_gm=-1_T=100,b=64,alpha=0.9,beta=0.5,gamma=0.8/model_ckpt_060.pt.
11/10/2021 14:47:11 - INFO - __main__ - Updated result feule: experiments/results/qa/qa_oewc_lr=3e-5_ep=10_lbd=1_gm=-1_T=100,b=64,alpha=0.9,beta=0.5,gamma=0.8_result.json at Timecode: 60.
11/10/2021 14:47:11 - INFO - __main__ - --------------------------------------------------
11/10/2021 14:47:11 - INFO - __main__ - Evaluating to get errors .... Timecode: 61
11/10/2021 14:47:14 - INFO - __main__ - Before Error Fixing: {'EM': 0.546875, 'QA-F1': 0.6519339407001046}
11/10/2021 14:47:14 - INFO - __main__ - Found 29 errors.
11/10/2021 14:47:15 - INFO - __main__ - Start error-fixing .... Timecode: 61
11/10/2021 14:47:28 - INFO - __main__ - Start error-fixing .... Done!
11/10/2021 14:47:30 - INFO - __main__ - Overall: 0.6955681660177976 from scores=[0.5287298387096775, 0.9655172413793104, 0.83984375, 0.67578125, 0.46796875]
11/10/2021 14:47:30 - INFO - __main__ - --------------------------------------------------
11/10/2021 14:47:30 - INFO - __main__ - Evaluating to get errors .... Timecode: 62
11/10/2021 14:47:33 - INFO - __main__ - Before Error Fixing: {'EM': 0.609375, 'QA-F1': 0.6467013888888888}
11/10/2021 14:47:33 - INFO - __main__ - Found 25 errors.
11/10/2021 14:47:33 - INFO - __main__ - Start error-fixing .... Timecode: 62
11/10/2021 14:47:47 - INFO - __main__ - Start error-fixing .... Done!
11/10/2021 14:47:48 - INFO - __main__ - Overall: 0.6867207341269841 from scores=[0.5300099206349207, 0.92, 0.83984375, 0.67578125, 0.46796875]
11/10/2021 14:47:48 - INFO - __main__ - --------------------------------------------------
11/10/2021 14:47:48 - INFO - __main__ - Evaluating to get errors .... Timecode: 63
11/10/2021 14:47:52 - INFO - __main__ - Before Error Fixing: {'EM': 0.5625, 'QA-F1': 0.644128068710504}
11/10/2021 14:47:52 - INFO - __main__ - Found 28 errors.
11/10/2021 14:47:52 - INFO - __main__ - Start error-fixing .... Timecode: 63
11/10/2021 14:48:08 - INFO - __main__ - Start error-fixing .... Done!
11/10/2021 14:48:10 - INFO - __main__ - Overall: 0.7028222656249999 from scores=[0.530517578125, 1.0, 0.83984375, 0.67578125, 0.46796875]
11/10/2021 14:48:10 - INFO - __main__ - --------------------------------------------------
11/10/2021 14:48:10 - INFO - __main__ - Evaluating to get errors .... Timecode: 64
11/10/2021 14:48:13 - INFO - __main__ - Before Error Fixing: {'EM': 0.546875, 'QA-F1': 0.6228016774891775}
11/10/2021 14:48:13 - INFO - __main__ - Found 29 errors.
11/10/2021 14:48:13 - INFO - __main__ - Start error-fixing .... Timecode: 64
11/10/2021 14:48:29 - INFO - __main__ - Start error-fixing .... Done!
11/10/2021 14:48:31 - INFO - __main__ - Overall: 0.6959760444297082 from scores=[0.5307692307692308, 0.9655172413793104, 0.83984375, 0.67578125, 0.46796875]
11/10/2021 14:48:31 - INFO - __main__ - --------------------------------------------------
11/10/2021 14:48:31 - INFO - __main__ - Evaluating to get errors .... Timecode: 65
11/10/2021 14:48:34 - INFO - __main__ - Before Error Fixing: {'EM': 0.46875, 'QA-F1': 0.5816840277777777}
11/10/2021 14:48:34 - INFO - __main__ - Found 34 errors.
11/10/2021 14:48:34 - INFO - __main__ - Start error-fixing .... Timecode: 65
11/10/2021 14:48:53 - INFO - __main__ - Start error-fixing .... Done!
11/10/2021 14:48:55 - INFO - __main__ - Overall: 0.6968023061497326 from scores=[0.5298295454545454, 0.9705882352941176, 0.83984375, 0.67578125, 0.46796875]
11/10/2021 14:48:55 - INFO - __main__ - --------------------------------------------------
11/10/2021 14:48:55 - INFO - __main__ - Evaluating to get errors .... Timecode: 66
11/10/2021 14:48:58 - INFO - __main__ - Before Error Fixing: {'EM': 0.625, 'QA-F1': 0.7441912341859821}
11/10/2021 14:48:58 - INFO - __main__ - Found 24 errors.
11/10/2021 14:48:58 - INFO - __main__ - Start error-fixing .... Timecode: 66
11/10/2021 14:49:07 - INFO - __main__ - Start error-fixing .... Done!
11/10/2021 14:49:09 - INFO - __main__ - Overall: 0.6863020833333333 from scores=[0.53125, 0.9166666666666666, 0.83984375, 0.67578125, 0.46796875]
11/10/2021 14:49:09 - INFO - __main__ - --------------------------------------------------
11/10/2021 14:49:09 - INFO - __main__ - Evaluating to get errors .... Timecode: 67
11/10/2021 14:49:12 - INFO - __main__ - Before Error Fixing: {'EM': 0.484375, 'QA-F1': 0.6235001760392385}
11/10/2021 14:49:12 - INFO - __main__ - Found 33 errors.
11/10/2021 14:49:12 - INFO - __main__ - Start error-fixing .... Timecode: 67
11/10/2021 14:49:27 - INFO - __main__ - Start error-fixing .... Done!
11/10/2021 14:49:29 - INFO - __main__ - Overall: 0.696770276292335 from scores=[0.5305606617647058, 0.9696969696969697, 0.83984375, 0.67578125, 0.46796875]
11/10/2021 14:49:29 - INFO - __main__ - --------------------------------------------------
11/10/2021 14:49:29 - INFO - __main__ - Evaluating to get errors .... Timecode: 68
11/10/2021 14:49:32 - INFO - __main__ - Before Error Fixing: {'EM': 0.515625, 'QA-F1': 0.5986742424242424}
11/10/2021 14:49:32 - INFO - __main__ - Found 31 errors.
11/10/2021 14:49:32 - INFO - __main__ - Start error-fixing .... Timecode: 68
11/10/2021 14:49:49 - INFO - __main__ - Start error-fixing .... Done!
11/10/2021 14:49:50 - INFO - __main__ - Overall: 0.7027875905797101 from scores=[0.5303442028985508, 1.0, 0.83984375, 0.67578125, 0.46796875]
11/10/2021 14:49:50 - INFO - __main__ - --------------------------------------------------
11/10/2021 14:49:50 - INFO - __main__ - Evaluating to get errors .... Timecode: 69
11/10/2021 14:49:52 - INFO - __main__ - Before Error Fixing: {'EM': 0.609375, 'QA-F1': 0.7057291666666667}
11/10/2021 14:49:52 - INFO - __main__ - Found 25 errors.
11/10/2021 14:49:53 - INFO - __main__ - Start error-fixing .... Timecode: 69
11/10/2021 14:50:07 - INFO - __main__ - Start error-fixing .... Done!
11/10/2021 14:50:08 - INFO - __main__ - Overall: 0.7030133928571429 from scores=[0.5314732142857144, 1.0, 0.83984375, 0.67578125, 0.46796875]
11/10/2021 14:50:08 - INFO - __main__ - --------------------------------------------------
11/10/2021 14:50:08 - INFO - __main__ - Start eval_knowledge_retention for UKR @ Timecode=70
11/10/2021 14:50:27 - INFO - __main__ - Upstream Knowledge Retation (UKR@70): 0.7227
11/10/2021 14:50:28 - INFO - __main__ - Start eval_knowledge_retention for OKR @ Timecode=70
11/10/2021 14:50:54 - INFO - __main__ - Online Knowledge Retation (OKR@70): 0.8457
11/10/2021 14:50:54 - INFO - __main__ - Start eval_knowledge_generalization for KG @ Timecode=70
11/10/2021 14:51:48 - INFO - __main__ - Future Knowledge Generalization (KG@70): 0.5203
11/10/2021 14:51:48 - INFO - __main__ - Evaluating to get errors .... Timecode: 70
11/10/2021 14:51:50 - INFO - __main__ - Before Error Fixing: {'EM': 0.53125, 'QA-F1': 0.6296387884990826}
11/10/2021 14:51:50 - INFO - __main__ - Found 30 errors.
11/10/2021 14:51:50 - INFO - __main__ - Start error-fixing .... Timecode: 70
11/10/2021 14:52:03 - INFO - __main__ - Start error-fixing .... Done!
11/10/2021 14:52:05 - INFO - __main__ - Overall: 0.7173617224178404 from scores=[0.5314700704225352, 0.9666666666666667, 0.845703125, 0.72265625, 0.5203125]
11/10/2021 14:52:07 - INFO - __main__ - Model saved to experiments/ckpt_dirs/qa/owc/qa_oewc_lr=3e-5_ep=10_lbd=1_gm=-1_T=100,b=64,alpha=0.9,beta=0.5,gamma=0.8/model_ckpt_070.pt.
11/10/2021 14:52:07 - INFO - __main__ - Updated result feule: experiments/results/qa/qa_oewc_lr=3e-5_ep=10_lbd=1_gm=-1_T=100,b=64,alpha=0.9,beta=0.5,gamma=0.8_result.json at Timecode: 70.
11/10/2021 14:52:07 - INFO - __main__ - --------------------------------------------------
11/10/2021 14:52:07 - INFO - __main__ - Evaluating to get errors .... Timecode: 71
11/10/2021 14:52:10 - INFO - __main__ - Before Error Fixing: {'EM': 0.484375, 'QA-F1': 0.570836195054945}
11/10/2021 14:52:10 - INFO - __main__ - Found 33 errors.
11/10/2021 14:52:10 - INFO - __main__ - Start error-fixing .... Timecode: 71
11/10/2021 14:52:29 - INFO - __main__ - Start error-fixing .... Done!
11/10/2021 14:52:31 - INFO - __main__ - Overall: 0.7238975694444445 from scores=[0.5308159722222222, 1.0, 0.845703125, 0.72265625, 0.5203125]
11/10/2021 14:52:31 - INFO - __main__ - --------------------------------------------------
11/10/2021 14:52:31 - INFO - __main__ - Evaluating to get errors .... Timecode: 72
11/10/2021 14:52:33 - INFO - __main__ - Before Error Fixing: {'EM': 0.65625, 'QA-F1': 0.7313244047619047}
11/10/2021 14:52:33 - INFO - __main__ - Found 22 errors.
11/10/2021 14:52:34 - INFO - __main__ - Start error-fixing .... Timecode: 72
11/10/2021 14:52:46 - INFO - __main__ - Start error-fixing .... Done!
11/10/2021 14:52:47 - INFO - __main__ - Overall: 0.7060594061332504 from scores=[0.5325342465753424, 0.9090909090909091, 0.845703125, 0.72265625, 0.5203125]
11/10/2021 14:52:47 - INFO - __main__ - --------------------------------------------------
11/10/2021 14:52:47 - INFO - __main__ - Evaluating to get errors .... Timecode: 73
11/10/2021 14:52:50 - INFO - __main__ - Before Error Fixing: {'EM': 0.5625, 'QA-F1': 0.6052083333333333}
11/10/2021 14:52:50 - INFO - __main__ - Found 28 errors.
11/10/2021 14:52:50 - INFO - __main__ - Start error-fixing .... Timecode: 73
11/10/2021 14:53:06 - INFO - __main__ - Start error-fixing .... Done!
11/10/2021 14:53:07 - INFO - __main__ - Overall: 0.7243222128378379 from scores=[0.5329391891891893, 1.0, 0.845703125, 0.72265625, 0.5203125]
11/10/2021 14:53:07 - INFO - __main__ - --------------------------------------------------
11/10/2021 14:53:07 - INFO - __main__ - Evaluating to get errors .... Timecode: 74
11/10/2021 14:53:10 - INFO - __main__ - Before Error Fixing: {'EM': 0.46875, 'QA-F1': 0.5340672348484848}
11/10/2021 14:53:10 - INFO - __main__ - Found 34 errors.
11/10/2021 14:53:10 - INFO - __main__ - Start error-fixing .... Timecode: 74
11/10/2021 14:53:29 - INFO - __main__ - Start error-fixing .... Done!
11/10/2021 14:53:31 - INFO - __main__ - Overall: 0.7182686887254903 from scores=[0.5320833333333334, 0.9705882352941176, 0.845703125, 0.72265625, 0.5203125]
11/10/2021 14:53:31 - INFO - __main__ - --------------------------------------------------
11/10/2021 14:53:31 - INFO - __main__ - Evaluating to get errors .... Timecode: 75
11/10/2021 14:53:34 - INFO - __main__ - Before Error Fixing: {'EM': 0.546875, 'QA-F1': 0.6166666666666667}
11/10/2021 14:53:34 - INFO - __main__ - Found 29 errors.
11/10/2021 14:53:34 - INFO - __main__ - Start error-fixing .... Timecode: 75
11/10/2021 14:53:50 - INFO - __main__ - Start error-fixing .... Done!
11/10/2021 14:53:51 - INFO - __main__ - Overall: 0.7241899671052632 from scores=[0.5322779605263157, 1.0, 0.845703125, 0.72265625, 0.5203125]
11/10/2021 14:53:51 - INFO - __main__ - --------------------------------------------------
11/10/2021 14:53:51 - INFO - __main__ - Evaluating to get errors .... Timecode: 76
11/10/2021 14:53:55 - INFO - __main__ - Before Error Fixing: {'EM': 0.578125, 'QA-F1': 0.622265551477508}
11/10/2021 14:53:55 - INFO - __main__ - Found 27 errors.
11/10/2021 14:53:55 - INFO - __main__ - Start error-fixing .... Timecode: 76
11/10/2021 14:54:09 - INFO - __main__ - Start error-fixing .... Done!
11/10/2021 14:54:11 - INFO - __main__ - Overall: 0.7169016429172679 from scores=[0.5328733766233766, 0.9629629629629629, 0.845703125, 0.72265625, 0.5203125]
11/10/2021 14:54:11 - INFO - __main__ - --------------------------------------------------
11/10/2021 14:54:11 - INFO - __main__ - Evaluating to get errors .... Timecode: 77
11/10/2021 14:54:14 - INFO - __main__ - Before Error Fixing: {'EM': 0.578125, 'QA-F1': 0.6534970238095238}
11/10/2021 14:54:14 - INFO - __main__ - Found 27 errors.
11/10/2021 14:54:14 - INFO - __main__ - Start error-fixing .... Timecode: 77
11/10/2021 14:54:30 - INFO - __main__ - Start error-fixing .... Done!
11/10/2021 14:54:31 - INFO - __main__ - Overall: 0.7244250801282052 from scores=[0.5334535256410257, 1.0, 0.845703125, 0.72265625, 0.5203125]
11/10/2021 14:54:31 - INFO - __main__ - --------------------------------------------------
11/10/2021 14:54:31 - INFO - __main__ - Evaluating to get errors .... Timecode: 78
11/10/2021 14:54:33 - INFO - __main__ - Before Error Fixing: {'EM': 0.59375, 'QA-F1': 0.7160342261904762}
11/10/2021 14:54:33 - INFO - __main__ - Found 26 errors.
11/10/2021 14:54:34 - INFO - __main__ - Start error-fixing .... Timecode: 78
11/10/2021 14:54:48 - INFO - __main__ - Start error-fixing .... Done!
11/10/2021 14:54:50 - INFO - __main__ - Overall: 0.7168854217380721 from scores=[0.5342167721518987, 0.9615384615384616, 0.845703125, 0.72265625, 0.5203125]
11/10/2021 14:54:50 - INFO - __main__ - --------------------------------------------------
11/10/2021 14:54:50 - INFO - __main__ - Evaluating to get errors .... Timecode: 79
11/10/2021 14:54:53 - INFO - __main__ - Before Error Fixing: {'EM': 0.4375, 'QA-F1': 0.5229166666666666}
11/10/2021 14:54:53 - INFO - __main__ - Found 36 errors.
11/10/2021 14:54:53 - INFO - __main__ - Start error-fixing .... Timecode: 79
11/10/2021 14:55:13 - INFO - __main__ - Start error-fixing .... Done!
11/10/2021 14:55:15 - INFO - __main__ - Overall: 0.7243359375 from scores=[0.5330078125, 1.0, 0.845703125, 0.72265625, 0.5203125]
11/10/2021 14:55:15 - INFO - __main__ - --------------------------------------------------
11/10/2021 14:55:15 - INFO - __main__ - Start eval_knowledge_retention for UKR @ Timecode=80
11/10/2021 14:55:39 - INFO - __main__ - Upstream Knowledge Retation (UKR@80): 0.7070
11/10/2021 14:55:40 - INFO - __main__ - Start eval_knowledge_retention for OKR @ Timecode=80
11/10/2021 14:56:11 - INFO - __main__ - Online Knowledge Retation (OKR@80): 0.8535
11/10/2021 14:56:11 - INFO - __main__ - Start eval_knowledge_generalization for KG @ Timecode=80
11/10/2021 14:57:16 - INFO - __main__ - Future Knowledge Generalization (KG@80): 0.5188
11/10/2021 14:57:16 - INFO - __main__ - Evaluating to get errors .... Timecode: 80
11/10/2021 14:57:19 - INFO - __main__ - Before Error Fixing: {'EM': 0.6875, 'QA-F1': 0.7208333333333333}
11/10/2021 14:57:19 - INFO - __main__ - Found 20 errors.
11/10/2021 14:57:19 - INFO - __main__ - Start error-fixing .... Timecode: 80
11/10/2021 14:57:30 - INFO - __main__ - Start error-fixing .... Done!
11/10/2021 14:57:31 - INFO - __main__ - Overall: 0.7128423996913581 from scores=[0.5349151234567902, 0.95, 0.853515625, 0.70703125, 0.51875]
11/10/2021 14:57:33 - INFO - __main__ - Model saved to experiments/ckpt_dirs/qa/owc/qa_oewc_lr=3e-5_ep=10_lbd=1_gm=-1_T=100,b=64,alpha=0.9,beta=0.5,gamma=0.8/model_ckpt_080.pt.
11/10/2021 14:57:33 - INFO - __main__ - Updated result feule: experiments/results/qa/qa_oewc_lr=3e-5_ep=10_lbd=1_gm=-1_T=100,b=64,alpha=0.9,beta=0.5,gamma=0.8_result.json at Timecode: 80.
11/10/2021 14:57:33 - INFO - __main__ - --------------------------------------------------
11/10/2021 14:57:33 - INFO - __main__ - Evaluating to get errors .... Timecode: 81
11/10/2021 14:57:37 - INFO - __main__ - Before Error Fixing: {'EM': 0.484375, 'QA-F1': 0.6375039401922101}
11/10/2021 14:57:37 - INFO - __main__ - Found 33 errors.
11/10/2021 14:57:37 - INFO - __main__ - Start error-fixing .... Timecode: 81
11/10/2021 14:57:55 - INFO - __main__ - Start error-fixing .... Done!
11/10/2021 14:57:58 - INFO - __main__ - Overall: 0.7105979189763488 from scores=[0.5342987804878049, 0.9393939393939394, 0.853515625, 0.70703125, 0.51875]
11/10/2021 14:57:58 - INFO - __main__ - --------------------------------------------------
11/10/2021 14:57:58 - INFO - __main__ - Evaluating to get errors .... Timecode: 82
11/10/2021 14:58:01 - INFO - __main__ - Before Error Fixing: {'EM': 0.5625, 'QA-F1': 0.643357683982684}
11/10/2021 14:58:01 - INFO - __main__ - Found 28 errors.
11/10/2021 14:58:01 - INFO - __main__ - Start error-fixing .... Timecode: 82
11/10/2021 14:58:17 - INFO - __main__ - Start error-fixing .... Done!
11/10/2021 14:58:18 - INFO - __main__ - Overall: 0.7227870858433734 from scores=[0.5346385542168675, 1.0, 0.853515625, 0.70703125, 0.51875]
11/10/2021 14:58:18 - INFO - __main__ - --------------------------------------------------
11/10/2021 14:58:18 - INFO - __main__ - Evaluating to get errors .... Timecode: 83
11/10/2021 14:58:21 - INFO - __main__ - Before Error Fixing: {'EM': 0.421875, 'QA-F1': 0.5126225490196079}
11/10/2021 14:58:21 - INFO - __main__ - Found 37 errors.
11/10/2021 14:58:21 - INFO - __main__ - Start error-fixing .... Timecode: 83
11/10/2021 14:58:41 - INFO - __main__ - Start error-fixing .... Done!
11/10/2021 14:58:43 - INFO - __main__ - Overall: 0.7171131957850708 from scores=[0.5332961309523809, 0.972972972972973, 0.853515625, 0.70703125, 0.51875]
11/10/2021 14:58:43 - INFO - __main__ - --------------------------------------------------
11/10/2021 14:58:43 - INFO - __main__ - Evaluating to get errors .... Timecode: 84
11/10/2021 14:58:46 - INFO - __main__ - Before Error Fixing: {'EM': 0.546875, 'QA-F1': 0.5918402777777778}
11/10/2021 14:58:46 - INFO - __main__ - Found 29 errors.
11/10/2021 14:58:46 - INFO - __main__ - Start error-fixing .... Timecode: 84
11/10/2021 14:59:02 - INFO - __main__ - Start error-fixing .... Done!
11/10/2021 14:59:03 - INFO - __main__ - Overall: 0.7156539997464503 from scores=[0.5334558823529412, 0.9655172413793104, 0.853515625, 0.70703125, 0.51875]
11/10/2021 14:59:03 - INFO - __main__ - --------------------------------------------------
11/10/2021 14:59:03 - INFO - __main__ - Evaluating to get errors .... Timecode: 85
11/10/2021 14:59:06 - INFO - __main__ - Before Error Fixing: {'EM': 0.546875, 'QA-F1': 0.6195436507936508}
11/10/2021 14:59:06 - INFO - __main__ - Found 29 errors.
11/10/2021 14:59:06 - INFO - __main__ - Start error-fixing .... Timecode: 85
11/10/2021 14:59:22 - INFO - __main__ - Start error-fixing .... Done!
11/10/2021 14:59:24 - INFO - __main__ - Overall: 0.7087886552726543 from scores=[0.5336119186046512, 0.9310344827586207, 0.853515625, 0.70703125, 0.51875]
11/10/2021 14:59:24 - INFO - __main__ - --------------------------------------------------
11/10/2021 14:59:24 - INFO - __main__ - Evaluating to get errors .... Timecode: 86
11/10/2021 14:59:28 - INFO - __main__ - Before Error Fixing: {'EM': 0.5, 'QA-F1': 0.5814882569875777}
11/10/2021 14:59:28 - INFO - __main__ - Found 32 errors.
11/10/2021 14:59:28 - INFO - __main__ - Start error-fixing .... Timecode: 86
11/10/2021 14:59:45 - INFO - __main__ - Start error-fixing .... Done!
11/10/2021 14:59:48 - INFO - __main__ - Overall: 0.7162544899425287 from scores=[0.5332255747126438, 0.96875, 0.853515625, 0.70703125, 0.51875]
11/10/2021 14:59:48 - INFO - __main__ - --------------------------------------------------
11/10/2021 14:59:48 - INFO - __main__ - Evaluating to get errors .... Timecode: 87
11/10/2021 14:59:51 - INFO - __main__ - Before Error Fixing: {'EM': 0.453125, 'QA-F1': 0.5148151327838828}
11/10/2021 14:59:51 - INFO - __main__ - Found 35 errors.
11/10/2021 14:59:51 - INFO - __main__ - Start error-fixing .... Timecode: 87
11/10/2021 15:00:11 - INFO - __main__ - Start error-fixing .... Done!
11/10/2021 15:00:12 - INFO - __main__ - Overall: 0.7223224431818182 from scores=[0.5323153409090908, 1.0, 0.853515625, 0.70703125, 0.51875]
11/10/2021 15:00:12 - INFO - __main__ - --------------------------------------------------
11/10/2021 15:00:12 - INFO - __main__ - Evaluating to get errors .... Timecode: 88
11/10/2021 15:00:16 - INFO - __main__ - Before Error Fixing: {'EM': 0.5625, 'QA-F1': 0.6107278138528138}
11/10/2021 15:00:16 - INFO - __main__ - Found 28 errors.
11/10/2021 15:00:16 - INFO - __main__ - Start error-fixing .... Timecode: 88
11/10/2021 15:00:31 - INFO - __main__ - Start error-fixing .... Done!
11/10/2021 15:00:33 - INFO - __main__ - Overall: 0.7223902738764044 from scores=[0.5326544943820224, 1.0, 0.853515625, 0.70703125, 0.51875]
11/10/2021 15:00:33 - INFO - __main__ - --------------------------------------------------
11/10/2021 15:00:33 - INFO - __main__ - Evaluating to get errors .... Timecode: 89
11/10/2021 15:00:35 - INFO - __main__ - Before Error Fixing: {'EM': 0.5625, 'QA-F1': 0.6253720238095238}
11/10/2021 15:00:35 - INFO - __main__ - Found 28 errors.
11/10/2021 15:00:36 - INFO - __main__ - Start error-fixing .... Timecode: 89
11/10/2021 15:00:51 - INFO - __main__ - Start error-fixing .... Done!
11/10/2021 15:00:52 - INFO - __main__ - Overall: 0.7224565972222223 from scores=[0.5329861111111112, 1.0, 0.853515625, 0.70703125, 0.51875]
11/10/2021 15:00:52 - INFO - __main__ - --------------------------------------------------
11/10/2021 15:00:52 - INFO - __main__ - Start eval_knowledge_retention for UKR @ Timecode=90
11/10/2021 15:01:15 - INFO - __main__ - Upstream Knowledge Retation (UKR@90): 0.7109
11/10/2021 15:01:16 - INFO - __main__ - Start eval_knowledge_retention for OKR @ Timecode=90
11/10/2021 15:01:44 - INFO - __main__ - Online Knowledge Retation (OKR@90): 0.8633
11/10/2021 15:01:44 - INFO - __main__ - Start eval_knowledge_generalization for KG @ Timecode=90
11/10/2021 15:02:43 - INFO - __main__ - Future Knowledge Generalization (KG@90): 0.5062
11/10/2021 15:02:43 - INFO - __main__ - Evaluating to get errors .... Timecode: 90
11/10/2021 15:02:46 - INFO - __main__ - Before Error Fixing: {'EM': 0.6875, 'QA-F1': 0.7105654761904762}
11/10/2021 15:02:46 - INFO - __main__ - Found 20 errors.
11/10/2021 15:02:46 - INFO - __main__ - Start error-fixing .... Timecode: 90
11/10/2021 15:02:58 - INFO - __main__ - Start error-fixing .... Done!
11/10/2021 15:02:59 - INFO - __main__ - Overall: 0.7130305631868132 from scores=[0.5346840659340659, 0.95, 0.86328125, 0.7109375, 0.50625]
11/10/2021 15:03:01 - INFO - __main__ - Model saved to experiments/ckpt_dirs/qa/owc/qa_oewc_lr=3e-5_ep=10_lbd=1_gm=-1_T=100,b=64,alpha=0.9,beta=0.5,gamma=0.8/model_ckpt_090.pt.
11/10/2021 15:03:01 - INFO - __main__ - Updated result feule: experiments/results/qa/qa_oewc_lr=3e-5_ep=10_lbd=1_gm=-1_T=100,b=64,alpha=0.9,beta=0.5,gamma=0.8_result.json at Timecode: 90.
11/10/2021 15:03:01 - INFO - __main__ - --------------------------------------------------
11/10/2021 15:03:01 - INFO - __main__ - Evaluating to get errors .... Timecode: 91
11/10/2021 15:03:03 - INFO - __main__ - Before Error Fixing: {'EM': 0.59375, 'QA-F1': 0.6625248015873015}
11/10/2021 15:03:03 - INFO - __main__ - Found 26 errors.
11/10/2021 15:03:03 - INFO - __main__ - Start error-fixing .... Timecode: 91
11/10/2021 15:03:17 - INFO - __main__ - Start error-fixing .... Done!
11/10/2021 15:03:18 - INFO - __main__ - Overall: 0.7231589673913044 from scores=[0.5353260869565217, 1.0, 0.86328125, 0.7109375, 0.50625]
11/10/2021 15:03:18 - INFO - __main__ - --------------------------------------------------
11/10/2021 15:03:18 - INFO - __main__ - Evaluating to get errors .... Timecode: 92
11/10/2021 15:03:21 - INFO - __main__ - Before Error Fixing: {'EM': 0.515625, 'QA-F1': 0.6822973033910534}
11/10/2021 15:03:21 - INFO - __main__ - Found 31 errors.
11/10/2021 15:03:21 - INFO - __main__ - Start error-fixing .... Timecode: 92
11/10/2021 15:03:37 - INFO - __main__ - Start error-fixing .... Done!
11/10/2021 15:03:39 - INFO - __main__ - Overall: 0.7231165994623656 from scores=[0.535114247311828, 1.0, 0.86328125, 0.7109375, 0.50625]
11/10/2021 15:03:39 - INFO - __main__ - --------------------------------------------------
11/10/2021 15:03:39 - INFO - __main__ - Evaluating to get errors .... Timecode: 93
11/10/2021 15:03:42 - INFO - __main__ - Before Error Fixing: {'EM': 0.671875, 'QA-F1': 0.7595650570834395}
11/10/2021 15:03:42 - INFO - __main__ - Found 21 errors.
11/10/2021 15:03:42 - INFO - __main__ - Start error-fixing .... Timecode: 93
11/10/2021 15:03:50 - INFO - __main__ - Start error-fixing .... Done!
11/10/2021 15:03:52 - INFO - __main__ - Overall: 0.723407579787234 from scores=[0.5365691489361701, 1.0, 0.86328125, 0.7109375, 0.50625]
11/10/2021 15:03:52 - INFO - __main__ - --------------------------------------------------
11/10/2021 15:03:52 - INFO - __main__ - Evaluating to get errors .... Timecode: 94
11/10/2021 15:03:54 - INFO - __main__ - Before Error Fixing: {'EM': 0.609375, 'QA-F1': 0.6464409722222222}
11/10/2021 15:03:54 - INFO - __main__ - Found 25 errors.
11/10/2021 15:03:55 - INFO - __main__ - Start error-fixing .... Timecode: 94
11/10/2021 15:04:09 - INFO - __main__ - Start error-fixing .... Done!
11/10/2021 15:04:11 - INFO - __main__ - Overall: 0.7155608552631579 from scores=[0.5373355263157895, 0.96, 0.86328125, 0.7109375, 0.50625]
11/10/2021 15:04:11 - INFO - __main__ - --------------------------------------------------
11/10/2021 15:04:11 - INFO - __main__ - Evaluating to get errors .... Timecode: 95
11/10/2021 15:04:14 - INFO - __main__ - Before Error Fixing: {'EM': 0.53125, 'QA-F1': 0.6351135690290102}
11/10/2021 15:04:14 - INFO - __main__ - Found 30 errors.
11/10/2021 15:04:14 - INFO - __main__ - Start error-fixing .... Timecode: 95
11/10/2021 15:04:31 - INFO - __main__ - Start error-fixing .... Done!
11/10/2021 15:04:33 - INFO - __main__ - Overall: 0.7168815104166667 from scores=[0.5372721354166667, 0.9666666666666667, 0.86328125, 0.7109375, 0.50625]
11/10/2021 15:04:33 - INFO - __main__ - --------------------------------------------------
11/10/2021 15:04:33 - INFO - __main__ - Evaluating to get errors .... Timecode: 96
11/10/2021 15:04:37 - INFO - __main__ - Before Error Fixing: {'EM': 0.5625, 'QA-F1': 0.6662448142135642}
11/10/2021 15:04:37 - INFO - __main__ - Found 28 errors.
11/10/2021 15:04:37 - INFO - __main__ - Start error-fixing .... Timecode: 96
11/10/2021 15:04:53 - INFO - __main__ - Start error-fixing .... Done!
11/10/2021 15:04:54 - INFO - __main__ - Overall: 0.7236001932989691 from scores=[0.5375322164948453, 1.0, 0.86328125, 0.7109375, 0.50625]
11/10/2021 15:04:54 - INFO - __main__ - --------------------------------------------------
11/10/2021 15:04:54 - INFO - __main__ - Evaluating to get errors .... Timecode: 97
11/10/2021 15:04:59 - INFO - __main__ - Before Error Fixing: {'EM': 0.5, 'QA-F1': 0.6373664633121869}
11/10/2021 15:04:59 - INFO - __main__ - Found 32 errors.
11/10/2021 15:04:59 - INFO - __main__ - Start error-fixing .... Timecode: 97
11/10/2021 15:05:14 - INFO - __main__ - Start error-fixing .... Done!
11/10/2021 15:05:17 - INFO - __main__ - Overall: 0.7047735969387755 from scores=[0.5371492346938775, 0.90625, 0.86328125, 0.7109375, 0.50625]
11/10/2021 15:05:17 - INFO - __main__ - --------------------------------------------------
11/10/2021 15:05:17 - INFO - __main__ - Evaluating to get errors .... Timecode: 98
11/10/2021 15:05:20 - INFO - __main__ - Before Error Fixing: {'EM': 0.5625, 'QA-F1': 0.6357886904761905}
11/10/2021 15:05:20 - INFO - __main__ - Found 28 errors.
11/10/2021 15:05:20 - INFO - __main__ - Start error-fixing .... Timecode: 98
11/10/2021 15:05:36 - INFO - __main__ - Start error-fixing .... Done!
11/10/2021 15:05:38 - INFO - __main__ - Overall: 0.7235748106060605 from scores=[0.537405303030303, 1.0, 0.86328125, 0.7109375, 0.50625]
11/10/2021 15:05:38 - INFO - __main__ - --------------------------------------------------
11/10/2021 15:05:38 - INFO - __main__ - Start eval_knowledge_retention for UKR @ Timecode=99
11/10/2021 15:06:02 - INFO - __main__ - Upstream Knowledge Retation (UKR@99): 0.6738
11/10/2021 15:06:04 - INFO - __main__ - Start eval_knowledge_retention for OKR @ Timecode=99
11/10/2021 15:06:33 - INFO - __main__ - Online Knowledge Retation (OKR@99): 0.8301
11/10/2021 15:06:33 - INFO - __main__ - Start eval_knowledge_generalization for KG @ Timecode=99
11/10/2021 15:07:36 - INFO - __main__ - Future Knowledge Generalization (KG@99): 0.5125
11/10/2021 15:07:36 - INFO - __main__ - Evaluating to get errors .... Timecode: 99
11/10/2021 15:07:39 - INFO - __main__ - Before Error Fixing: {'EM': 0.640625, 'QA-F1': 0.690625}
11/10/2021 15:07:39 - INFO - __main__ - Found 23 errors.
11/10/2021 15:07:39 - INFO - __main__ - Start error-fixing .... Timecode: 99
11/10/2021 15:07:51 - INFO - __main__ - Start error-fixing .... Done!
11/10/2021 15:07:53 - INFO - __main__ - Overall: 0.7022730978260869 from scores=[0.5384375, 0.9565217391304348, 0.830078125, 0.673828125, 0.5125]
11/10/2021 15:07:53 - INFO - __main__ - --------------------------------------------------
11/10/2021 15:07:53 - INFO - __main__ - Start the final evaluation.
11/10/2021 15:07:53 - INFO - __main__ - Nothing here.
11/10/2021 15:07:54 - INFO - __main__ - Model saved to experiments/ckpt_dirs/qa/owc/qa_oewc_lr=3e-5_ep=10_lbd=1_gm=-1_T=100,b=64,alpha=0.9,beta=0.5,gamma=0.8/model_ckpt_100.pt.
11/10/2021 15:07:55 - INFO - __main__ - Updated result feule: experiments/results/qa/qa_oewc_lr=3e-5_ep=10_lbd=1_gm=-1_T=100,b=64,alpha=0.9,beta=0.5,gamma=0.8_result.json at Timecode: 100.
11/10/2021 15:07:55 - INFO - __main__ - Finished. Results saved to experiments/results/qa/qa_oewc_lr=3e-5_ep=10_lbd=1_gm=-1_T=100,b=64,alpha=0.9,beta=0.5,gamma=0.8_result.json
