11/10/2021 14:11:54 - INFO - __main__ - Namespace(adam_epsilon=1e-08, adapter_dim=32, append_another_bos=1, base_model_path='out/mrqa_squad_bart-base_1029_upstream_model//best-model.pt', base_model_type='facebook/bart-base', ckpt_dir='experiments/ckpt_dirs/qa/owc/qa_oewc_lr=3e-5_ep=10_lbd=1_gm=9e-1_T=100,b=64,alpha=0.9,beta=0.5,gamma=0.8', cl_method_name='online_ewc', current_thread_id=None, diff_loss_weight=0, do_lowercase=False, ewc_gamma=0.9, ewc_lambda=1.0, example_encoder_name='roberta-base', freeze_embeds=False, gradient_accumulation_steps=1, heldout_submission_data='experiments/eval_data/qa/heldout_eval.jsonl', index_rank_method='most_similar', indexing_args_path='exp_results/supervision_data/1012_dm_simple.train_args.json', indexing_method='bart_index', inference_query_size=1, init_memory_cache_path='bug_data/memory_key_cache.pkl', kg_eval_freq=10, kg_eval_mode='metric', kr_eval_freq=10, kr_eval_mode='metric', learning_rate=3e-05, local_adapt_lr=1e-05, max_grad_norm=0.1, max_input_length=888, max_output_length=50, max_timecode=100, memory_key_encoder='facebook/bart-base', memory_path='', memory_store_rate=1.0, mir_abalation_args='none', num_adapt_epochs=1, num_beams=3, num_threads_eval=0, num_train_epochs=10.0, okr_sample_seed=1337, okr_sample_size=512, path_to_thread_result=None, predict_batch_size=48, prefix='qa_oewc_lr=3e-5_ep=10_lbd=1_gm=9e-1_T=100,b=64,alpha=0.9,beta=0.5,gamma=0.8', replay_candidate_size=8, replay_frequency=1, replay_size=8, result_file='experiments/results/qa/qa_oewc_lr=3e-5_ep=10_lbd=1_gm=9e-1_T=100,b=64,alpha=0.9,beta=0.5,gamma=0.8_result.json', save_ckpt_freq=10, seed=42, skip_instant_eval=False, submission_stream_data='experiments/eval_data/qa/submission_stream.T=100,b=64,alpha=0.9,beta=0.5,gamma=0.8.json', task_emb_dim=768, task_name='mrqa', train_batch_size=8, upstream_data_path='data/mrqa_squad/mrqa_squad_train.jsonl', upstream_eval_data='experiments/eval_data/qa/upstream_eval.jsonl', upstream_sample_ratio=-1, use_mir=False, use_replay_mix=False, use_wandb=True, weight_decay=0.01)
11/10/2021 14:11:55 - INFO - transformers.tokenization_utils - loading file https://s3.amazonaws.com/models.huggingface.co/bert/roberta-large-vocab.json from cache at /private/home/yuchenlin/.cache/torch/transformers/1ae1f5b6e2b22b25ccc04c000bb79ca847aa226d0761536b011cf7e5868f0655.ef00af9e673c7160b4d41cfda1f48c5f4cba57d5142754525572a846a1ab1b9b
11/10/2021 14:11:55 - INFO - transformers.tokenization_utils - loading file https://s3.amazonaws.com/models.huggingface.co/bert/roberta-large-merges.txt from cache at /private/home/yuchenlin/.cache/torch/transformers/f8f83199a6270d582d6245dc100e99c4155de81c9745c6248077018fe01abcfb.70bec105b4158ed9a1747fea67a43f5dee97855c64d62b6ec3742f4cfdb5feda
11/10/2021 14:12:16 - INFO - __main__ - load_data: len(upstream_eval_examples)=512
11/10/2021 14:12:17 - INFO - __main__ - load_data: len(heldout_eval_examples)=1280
11/10/2021 14:12:20 - INFO - __main__ - Loading checkpoint from out/mrqa_squad_bart-base_1029_upstream_model//best-model.pt for facebook/bart-base .....
11/10/2021 14:12:22 - INFO - transformers.configuration_utils - loading configuration file https://s3.amazonaws.com/models.huggingface.co/bert/facebook/bart-base/config.json from cache at /private/home/yuchenlin/.cache/torch/transformers/09f4fcaeaf785dd3b97b085d6e3510c7081f586ec8e75981683c6299c0f81d9d.e8d516ad807436d395effad8c2326786872659b7dd1210827ac67c761198a0eb
11/10/2021 14:12:22 - INFO - transformers.configuration_utils - Model config BartConfig {
  "activation_dropout": 0.1,
  "activation_function": "gelu",
  "add_bias_logits": false,
  "add_final_layer_norm": false,
  "architectures": [
    "BartModel",
    "BartForConditionalGeneration",
    "BartForSequenceClassification"
  ],
  "attention_dropout": 0.1,
  "bos_token_id": 0,
  "classif_dropout": 0.0,
  "d_model": 768,
  "decoder_attention_heads": 12,
  "decoder_ffn_dim": 3072,
  "decoder_layerdrop": 0.0,
  "decoder_layers": 6,
  "decoder_start_token_id": 2,
  "dropout": 0.1,
  "early_stopping": true,
  "encoder_attention_heads": 12,
  "encoder_ffn_dim": 3072,
  "encoder_layerdrop": 0.0,
  "encoder_layers": 6,
  "eos_token_id": 2,
  "id2label": {
    "0": "LABEL_0",
    "1": "LABEL_1",
    "2": "LABEL_2"
  },
  "init_std": 0.02,
  "is_encoder_decoder": true,
  "label2id": {
    "LABEL_0": 0,
    "LABEL_1": 1,
    "LABEL_2": 2
  },
  "max_position_embeddings": 1024,
  "model_type": "bart",
  "no_repeat_ngram_size": 3,
  "normalize_before": false,
  "normalize_embedding": true,
  "num_beams": 4,
  "num_hidden_layers": 6,
  "pad_token_id": 1,
  "scale_embedding": false,
  "static_position_embeddings": false,
  "task_specific_params": {
    "summarization": {
      "length_penalty": 1.0,
      "max_length": 128,
      "min_length": 12,
      "num_beams": 4
    },
    "summarization_cnn": {
      "length_penalty": 2.0,
      "max_length": 142,
      "min_length": 56,
      "num_beams": 4
    },
    "summarization_xsum": {
      "length_penalty": 1.0,
      "max_length": 62,
      "min_length": 11,
      "num_beams": 6
    }
  },
  "vocab_size": 50265
}

11/10/2021 14:12:22 - INFO - transformers.modeling_utils - loading weights file https://cdn.huggingface.co/facebook/bart-base/pytorch_model.bin from cache at /private/home/yuchenlin/.cache/torch/transformers/566c05fb6983817e8ad7a4fa51e3099fe9caa3b31730f964bc5198d71c677523.0a3d95c18c1e434448941bc25accea7b122882be6526fb67c8e8fb6d5ebc711c
11/10/2021 14:12:26 - INFO - __main__ - Loading checkpoint from out/mrqa_squad_bart-base_1029_upstream_model//best-model.pt for facebook/bart-base ..... Done!
11/10/2021 14:12:31 - INFO - __main__ - Moving to the GPUs.
11/10/2021 14:12:31 - INFO - __main__ - Debugger Setup ......
11/10/2021 14:12:31 - INFO - __main__ - debugger_args: Namespace(adam_epsilon=1e-08, ckpt_dir='experiments/ckpt_dirs/qa/owc/qa_oewc_lr=3e-5_ep=10_lbd=1_gm=9e-1_T=100,b=64,alpha=0.9,beta=0.5,gamma=0.8', diff_loss_weight=0, ewc_gamma=0.9, ewc_lambda=1.0, gradient_accumulation_steps=1, kg_eval_freq=10, kg_eval_mode='metric', kr_eval_freq=10, kr_eval_mode='metric', learning_rate=3e-05, max_grad_norm=0.1, num_epochs=10.0, okr_sample_seed=1337, okr_sample_size=512, save_ckpt_freq=10, skip_instant_eval=False, total_steps=10000, warmup_steps=0, weight_decay=0.01) ......
11/10/2021 14:12:31 - INFO - __main__ - optimizer & scheduler Setup ...... Done!
11/10/2021 14:12:31 - INFO - __main__ - Debugger Setup ...... Done!
11/10/2021 14:12:31 - INFO - __main__ - Start Online Debugging with Dynamic Error Mode
11/10/2021 14:12:31 - INFO - __main__ - Number of Batches of Data: 100
11/10/2021 14:12:31 - INFO - __main__ - Data Batch Size: 64;
11/10/2021 14:12:33 - INFO - __main__ - Model saved to experiments/ckpt_dirs/qa/owc/qa_oewc_lr=3e-5_ep=10_lbd=1_gm=9e-1_T=100,b=64,alpha=0.9,beta=0.5,gamma=0.8/model_ckpt_000.pt.
11/10/2021 14:12:33 - INFO - __main__ - Start eval_knowledge_retention for UKR @ Timecode=0
11/10/2021 14:12:56 - INFO - __main__ - Upstream Knowledge Retation (UKR@0): 0.8027
11/10/2021 14:12:56 - INFO - __main__ - Start eval_knowledge_generalization for KG @ Timecode=0
11/10/2021 14:14:23 - INFO - __main__ - Future Knowledge Generalization (KG@0): 0.3125
11/10/2021 14:14:23 - INFO - __main__ - Evaluating to get errors .... Timecode: 0
11/10/2021 14:14:26 - INFO - __main__ - Before Error Fixing: {'EM': 0.828125, 'QA-F1': 0.8576388888888888}
11/10/2021 14:14:26 - INFO - __main__ - Found 11 errors.
11/10/2021 14:14:26 - INFO - __main__ - Start error-fixing .... Timecode: 0
11/10/2021 14:14:30 - INFO - __main__ - Start error-fixing .... Done!
11/10/2021 14:14:31 - INFO - __main__ - Overall: 0.9140625 from scores=[0.828125, 1.0]
11/10/2021 14:14:32 - INFO - __main__ - Model saved to experiments/ckpt_dirs/qa/owc/qa_oewc_lr=3e-5_ep=10_lbd=1_gm=9e-1_T=100,b=64,alpha=0.9,beta=0.5,gamma=0.8/model_ckpt_000.pt.
11/10/2021 14:14:32 - INFO - __main__ - Updated result feule: experiments/results/qa/qa_oewc_lr=3e-5_ep=10_lbd=1_gm=9e-1_T=100,b=64,alpha=0.9,beta=0.5,gamma=0.8_result.json at Timecode: 0.
11/10/2021 14:14:32 - INFO - __main__ - --------------------------------------------------
11/10/2021 14:14:32 - INFO - __main__ - Evaluating to get errors .... Timecode: 1
11/10/2021 14:14:35 - INFO - __main__ - Before Error Fixing: {'EM': 0.78125, 'QA-F1': 0.8189732142857142}
11/10/2021 14:14:35 - INFO - __main__ - Found 14 errors.
11/10/2021 14:14:35 - INFO - __main__ - Start error-fixing .... Timecode: 1
11/10/2021 14:14:41 - INFO - __main__ - Start error-fixing .... Done!
11/10/2021 14:14:42 - INFO - __main__ - Overall: 0.90234375 from scores=[0.8046875, 1.0]
11/10/2021 14:14:42 - INFO - __main__ - --------------------------------------------------
11/10/2021 14:14:42 - INFO - __main__ - Evaluating to get errors .... Timecode: 2
11/10/2021 14:14:45 - INFO - __main__ - Before Error Fixing: {'EM': 0.8125, 'QA-F1': 0.8835985195360195}
11/10/2021 14:14:45 - INFO - __main__ - Found 12 errors.
11/10/2021 14:14:45 - INFO - __main__ - Start error-fixing .... Timecode: 2
11/10/2021 14:14:50 - INFO - __main__ - Start error-fixing .... Done!
11/10/2021 14:14:51 - INFO - __main__ - Overall: 0.9036458333333333 from scores=[0.8072916666666666, 1.0]
11/10/2021 14:14:51 - INFO - __main__ - --------------------------------------------------
11/10/2021 14:14:51 - INFO - __main__ - Evaluating to get errors .... Timecode: 3
11/10/2021 14:14:55 - INFO - __main__ - Before Error Fixing: {'EM': 0.5625, 'QA-F1': 0.6410004058441559}
11/10/2021 14:14:55 - INFO - __main__ - Found 28 errors.
11/10/2021 14:14:55 - INFO - __main__ - Start error-fixing .... Timecode: 3
11/10/2021 14:15:11 - INFO - __main__ - Start error-fixing .... Done!
11/10/2021 14:15:12 - INFO - __main__ - Overall: 0.873046875 from scores=[0.74609375, 1.0]
11/10/2021 14:15:12 - INFO - __main__ - --------------------------------------------------
11/10/2021 14:15:12 - INFO - __main__ - Evaluating to get errors .... Timecode: 4
11/10/2021 14:15:15 - INFO - __main__ - Before Error Fixing: {'EM': 0.671875, 'QA-F1': 0.7470012626262627}
11/10/2021 14:15:15 - INFO - __main__ - Found 21 errors.
11/10/2021 14:15:15 - INFO - __main__ - Start error-fixing .... Timecode: 4
11/10/2021 14:15:24 - INFO - __main__ - Start error-fixing .... Done!
11/10/2021 14:15:25 - INFO - __main__ - Overall: 0.8418154761904761 from scores=[0.73125, 0.9523809523809523]
11/10/2021 14:15:25 - INFO - __main__ - --------------------------------------------------
11/10/2021 14:15:25 - INFO - __main__ - Evaluating to get errors .... Timecode: 5
11/10/2021 14:15:28 - INFO - __main__ - Before Error Fixing: {'EM': 0.59375, 'QA-F1': 0.6643038799968148}
11/10/2021 14:15:28 - INFO - __main__ - Found 26 errors.
11/10/2021 14:15:28 - INFO - __main__ - Start error-fixing .... Timecode: 5
11/10/2021 14:15:41 - INFO - __main__ - Start error-fixing .... Done!
11/10/2021 14:15:43 - INFO - __main__ - Overall: 0.8541666666666666 from scores=[0.7083333333333333, 1.0]
11/10/2021 14:15:43 - INFO - __main__ - --------------------------------------------------
11/10/2021 14:15:43 - INFO - __main__ - Evaluating to get errors .... Timecode: 6
11/10/2021 14:15:46 - INFO - __main__ - Before Error Fixing: {'EM': 0.53125, 'QA-F1': 0.6743410184586656}
11/10/2021 14:15:46 - INFO - __main__ - Found 30 errors.
11/10/2021 14:15:46 - INFO - __main__ - Start error-fixing .... Timecode: 6
11/10/2021 14:16:00 - INFO - __main__ - Start error-fixing .... Done!
11/10/2021 14:16:02 - INFO - __main__ - Overall: 0.8081845238095238 from scores=[0.6830357142857143, 0.9333333333333333]
11/10/2021 14:16:02 - INFO - __main__ - --------------------------------------------------
11/10/2021 14:16:02 - INFO - __main__ - Evaluating to get errors .... Timecode: 7
11/10/2021 14:16:06 - INFO - __main__ - Before Error Fixing: {'EM': 0.65625, 'QA-F1': 0.711046301533434}
11/10/2021 14:16:06 - INFO - __main__ - Found 22 errors.
11/10/2021 14:16:07 - INFO - __main__ - Start error-fixing .... Timecode: 7
11/10/2021 14:16:16 - INFO - __main__ - Start error-fixing .... Done!
11/10/2021 14:16:18 - INFO - __main__ - Overall: 0.8171164772727273 from scores=[0.6796875, 0.9545454545454546]
11/10/2021 14:16:18 - INFO - __main__ - --------------------------------------------------
11/10/2021 14:16:18 - INFO - __main__ - Evaluating to get errors .... Timecode: 8
11/10/2021 14:16:21 - INFO - __main__ - Before Error Fixing: {'EM': 0.609375, 'QA-F1': 0.6706708176691729}
11/10/2021 14:16:21 - INFO - __main__ - Found 25 errors.
11/10/2021 14:16:21 - INFO - __main__ - Start error-fixing .... Timecode: 8
11/10/2021 14:16:35 - INFO - __main__ - Start error-fixing .... Done!
11/10/2021 14:16:36 - INFO - __main__ - Overall: 0.8359375 from scores=[0.671875, 1.0]
11/10/2021 14:16:36 - INFO - __main__ - --------------------------------------------------
11/10/2021 14:16:36 - INFO - __main__ - Evaluating to get errors .... Timecode: 9
11/10/2021 14:16:40 - INFO - __main__ - Before Error Fixing: {'EM': 0.46875, 'QA-F1': 0.5629593063186813}
11/10/2021 14:16:40 - INFO - __main__ - Found 34 errors.
11/10/2021 14:16:40 - INFO - __main__ - Start error-fixing .... Timecode: 9
11/10/2021 14:17:00 - INFO - __main__ - Start error-fixing .... Done!
11/10/2021 14:17:02 - INFO - __main__ - Overall: 0.8110753676470588 from scores=[0.6515625, 0.9705882352941176]
11/10/2021 14:17:02 - INFO - __main__ - --------------------------------------------------
11/10/2021 14:17:02 - INFO - __main__ - Start eval_knowledge_retention for UKR @ Timecode=10
11/10/2021 14:17:21 - INFO - __main__ - Upstream Knowledge Retation (UKR@10): 0.7539
11/10/2021 14:17:22 - INFO - __main__ - Start eval_knowledge_retention for OKR @ Timecode=10
11/10/2021 14:17:50 - INFO - __main__ - Online Knowledge Retation (OKR@10): 0.9199
11/10/2021 14:17:50 - INFO - __main__ - Start eval_knowledge_generalization for KG @ Timecode=10
11/10/2021 14:18:46 - INFO - __main__ - Future Knowledge Generalization (KG@10): 0.4539
11/10/2021 14:18:46 - INFO - __main__ - Evaluating to get errors .... Timecode: 10
11/10/2021 14:18:49 - INFO - __main__ - Before Error Fixing: {'EM': 0.515625, 'QA-F1': 0.5950520833333334}
11/10/2021 14:18:49 - INFO - __main__ - Found 31 errors.
11/10/2021 14:18:49 - INFO - __main__ - Start error-fixing .... Timecode: 10
11/10/2021 14:19:07 - INFO - __main__ - Start error-fixing .... Done!
11/10/2021 14:19:08 - INFO - __main__ - Overall: 0.7533877840909091 from scores=[0.6392045454545454, 1.0, 0.919921875, 0.75390625, 0.45390625]
11/10/2021 14:19:10 - INFO - __main__ - Model saved to experiments/ckpt_dirs/qa/owc/qa_oewc_lr=3e-5_ep=10_lbd=1_gm=9e-1_T=100,b=64,alpha=0.9,beta=0.5,gamma=0.8/model_ckpt_010.pt.
11/10/2021 14:19:10 - INFO - __main__ - Updated result feule: experiments/results/qa/qa_oewc_lr=3e-5_ep=10_lbd=1_gm=9e-1_T=100,b=64,alpha=0.9,beta=0.5,gamma=0.8_result.json at Timecode: 10.
11/10/2021 14:19:10 - INFO - __main__ - --------------------------------------------------
11/10/2021 14:19:10 - INFO - __main__ - Evaluating to get errors .... Timecode: 11
11/10/2021 14:19:13 - INFO - __main__ - Before Error Fixing: {'EM': 0.609375, 'QA-F1': 0.6480840773809524}
11/10/2021 14:19:13 - INFO - __main__ - Found 25 errors.
11/10/2021 14:19:13 - INFO - __main__ - Start error-fixing .... Timecode: 11
11/10/2021 14:19:27 - INFO - __main__ - Start error-fixing .... Done!
11/10/2021 14:19:28 - INFO - __main__ - Overall: 0.744890625 from scores=[0.63671875, 0.96, 0.919921875, 0.75390625, 0.45390625]
11/10/2021 14:19:28 - INFO - __main__ - --------------------------------------------------
11/10/2021 14:19:28 - INFO - __main__ - Evaluating to get errors .... Timecode: 12
11/10/2021 14:19:31 - INFO - __main__ - Before Error Fixing: {'EM': 0.53125, 'QA-F1': 0.5943700396825397}
11/10/2021 14:19:31 - INFO - __main__ - Found 30 errors.
11/10/2021 14:19:31 - INFO - __main__ - Start error-fixing .... Timecode: 12
11/10/2021 14:19:47 - INFO - __main__ - Start error-fixing .... Done!
11/10/2021 14:19:50 - INFO - __main__ - Overall: 0.7379346955128205 from scores=[0.6286057692307692, 0.9333333333333333, 0.919921875, 0.75390625, 0.45390625]
11/10/2021 14:19:50 - INFO - __main__ - --------------------------------------------------
11/10/2021 14:19:50 - INFO - __main__ - Evaluating to get errors .... Timecode: 13
11/10/2021 14:19:53 - INFO - __main__ - Before Error Fixing: {'EM': 0.5, 'QA-F1': 0.5717490842490842}
11/10/2021 14:19:53 - INFO - __main__ - Found 32 errors.
11/10/2021 14:19:54 - INFO - __main__ - Start error-fixing .... Timecode: 13
11/10/2021 14:20:10 - INFO - __main__ - Start error-fixing .... Done!
11/10/2021 14:20:12 - INFO - __main__ - Overall: 0.7494308035714285 from scores=[0.6194196428571428, 1.0, 0.919921875, 0.75390625, 0.45390625]
11/10/2021 14:20:12 - INFO - __main__ - --------------------------------------------------
11/10/2021 14:20:12 - INFO - __main__ - Evaluating to get errors .... Timecode: 14
11/10/2021 14:20:15 - INFO - __main__ - Before Error Fixing: {'EM': 0.5625, 'QA-F1': 0.6735801091269842}
11/10/2021 14:20:15 - INFO - __main__ - Found 28 errors.
11/10/2021 14:20:15 - INFO - __main__ - Start error-fixing .... Timecode: 14
11/10/2021 14:20:29 - INFO - __main__ - Start error-fixing .... Done!
11/10/2021 14:20:30 - INFO - __main__ - Overall: 0.7486718750000001 from scores=[0.615625, 1.0, 0.919921875, 0.75390625, 0.45390625]
11/10/2021 14:20:30 - INFO - __main__ - --------------------------------------------------
11/10/2021 14:20:30 - INFO - __main__ - Evaluating to get errors .... Timecode: 15
11/10/2021 14:20:34 - INFO - __main__ - Before Error Fixing: {'EM': 0.53125, 'QA-F1': 0.6654964826839826}
11/10/2021 14:20:34 - INFO - __main__ - Found 30 errors.
11/10/2021 14:20:34 - INFO - __main__ - Start error-fixing .... Timecode: 15
11/10/2021 14:20:50 - INFO - __main__ - Start error-fixing .... Done!
11/10/2021 14:20:52 - INFO - __main__ - Overall: 0.7476171875000001 from scores=[0.6103515625, 1.0, 0.919921875, 0.75390625, 0.45390625]
11/10/2021 14:20:52 - INFO - __main__ - --------------------------------------------------
11/10/2021 14:20:52 - INFO - __main__ - Evaluating to get errors .... Timecode: 16
11/10/2021 14:20:55 - INFO - __main__ - Before Error Fixing: {'EM': 0.5625, 'QA-F1': 0.6350456834831835}
11/10/2021 14:20:55 - INFO - __main__ - Found 28 errors.
11/10/2021 14:20:55 - INFO - __main__ - Start error-fixing .... Timecode: 16
11/10/2021 14:21:11 - INFO - __main__ - Start error-fixing .... Done!
11/10/2021 14:21:13 - INFO - __main__ - Overall: 0.7470542279411765 from scores=[0.6075367647058824, 1.0, 0.919921875, 0.75390625, 0.45390625]
11/10/2021 14:21:13 - INFO - __main__ - --------------------------------------------------
11/10/2021 14:21:13 - INFO - __main__ - Evaluating to get errors .... Timecode: 17
11/10/2021 14:21:16 - INFO - __main__ - Before Error Fixing: {'EM': 0.4375, 'QA-F1': 0.5554875797063297}
11/10/2021 14:21:16 - INFO - __main__ - Found 36 errors.
11/10/2021 14:21:16 - INFO - __main__ - Start error-fixing .... Timecode: 17
11/10/2021 14:21:37 - INFO - __main__ - Start error-fixing .... Done!
11/10/2021 14:21:40 - INFO - __main__ - Overall: 0.7451649305555555 from scores=[0.5980902777777778, 1.0, 0.919921875, 0.75390625, 0.45390625]
11/10/2021 14:21:40 - INFO - __main__ - --------------------------------------------------
11/10/2021 14:21:40 - INFO - __main__ - Evaluating to get errors .... Timecode: 18
11/10/2021 14:21:44 - INFO - __main__ - Before Error Fixing: {'EM': 0.4375, 'QA-F1': 0.5825853696741854}
11/10/2021 14:21:44 - INFO - __main__ - Found 36 errors.
11/10/2021 14:21:44 - INFO - __main__ - Start error-fixing .... Timecode: 18
11/10/2021 14:22:05 - INFO - __main__ - Start error-fixing .... Done!
11/10/2021 14:22:07 - INFO - __main__ - Overall: 0.7434745065789474 from scores=[0.5896381578947368, 1.0, 0.919921875, 0.75390625, 0.45390625]
11/10/2021 14:22:07 - INFO - __main__ - --------------------------------------------------
11/10/2021 14:22:07 - INFO - __main__ - Evaluating to get errors .... Timecode: 19
11/10/2021 14:22:10 - INFO - __main__ - Before Error Fixing: {'EM': 0.4375, 'QA-F1': 0.5507597780126849}
11/10/2021 14:22:10 - INFO - __main__ - Found 36 errors.
11/10/2021 14:22:11 - INFO - __main__ - Start error-fixing .... Timecode: 19
11/10/2021 14:22:32 - INFO - __main__ - Start error-fixing .... Done!
11/10/2021 14:22:34 - INFO - __main__ - Overall: 0.7363975694444445 from scores=[0.58203125, 0.9722222222222222, 0.919921875, 0.75390625, 0.45390625]
11/10/2021 14:22:34 - INFO - __main__ - --------------------------------------------------
11/10/2021 14:22:34 - INFO - __main__ - Start eval_knowledge_retention for UKR @ Timecode=20
11/10/2021 14:22:58 - INFO - __main__ - Upstream Knowledge Retation (UKR@20): 0.7363
11/10/2021 14:22:59 - INFO - __main__ - Start eval_knowledge_retention for OKR @ Timecode=20
11/10/2021 14:23:31 - INFO - __main__ - Online Knowledge Retation (OKR@20): 0.8809
11/10/2021 14:23:31 - INFO - __main__ - Start eval_knowledge_generalization for KG @ Timecode=20
11/10/2021 14:24:38 - INFO - __main__ - Future Knowledge Generalization (KG@20): 0.4953
11/10/2021 14:24:38 - INFO - __main__ - Evaluating to get errors .... Timecode: 20
11/10/2021 14:24:40 - INFO - __main__ - Before Error Fixing: {'EM': 0.53125, 'QA-F1': 0.6279947916666666}
11/10/2021 14:24:40 - INFO - __main__ - Found 30 errors.
11/10/2021 14:24:41 - INFO - __main__ - Start error-fixing .... Timecode: 20
11/10/2021 14:24:58 - INFO - __main__ - Start error-fixing .... Done!
11/10/2021 14:25:00 - INFO - __main__ - Overall: 0.7384226190476191 from scores=[0.5796130952380952, 1.0, 0.880859375, 0.736328125, 0.4953125]
11/10/2021 14:25:01 - INFO - __main__ - Model saved to experiments/ckpt_dirs/qa/owc/qa_oewc_lr=3e-5_ep=10_lbd=1_gm=9e-1_T=100,b=64,alpha=0.9,beta=0.5,gamma=0.8/model_ckpt_020.pt.
11/10/2021 14:25:01 - INFO - __main__ - Updated result feule: experiments/results/qa/qa_oewc_lr=3e-5_ep=10_lbd=1_gm=9e-1_T=100,b=64,alpha=0.9,beta=0.5,gamma=0.8_result.json at Timecode: 20.
11/10/2021 14:25:01 - INFO - __main__ - --------------------------------------------------
11/10/2021 14:25:01 - INFO - __main__ - Evaluating to get errors .... Timecode: 21
11/10/2021 14:25:05 - INFO - __main__ - Before Error Fixing: {'EM': 0.53125, 'QA-F1': 0.6524245722243013}
11/10/2021 14:25:05 - INFO - __main__ - Found 30 errors.
11/10/2021 14:25:05 - INFO - __main__ - Start error-fixing .... Timecode: 21
11/10/2021 14:25:19 - INFO - __main__ - Start error-fixing .... Done!
11/10/2021 14:25:22 - INFO - __main__ - Overall: 0.7246496212121212 from scores=[0.5774147727272727, 0.9333333333333333, 0.880859375, 0.736328125, 0.4953125]
11/10/2021 14:25:22 - INFO - __main__ - --------------------------------------------------
11/10/2021 14:25:22 - INFO - __main__ - Evaluating to get errors .... Timecode: 22
11/10/2021 14:25:26 - INFO - __main__ - Before Error Fixing: {'EM': 0.453125, 'QA-F1': 0.6334724246685454}
11/10/2021 14:25:26 - INFO - __main__ - Found 35 errors.
11/10/2021 14:25:26 - INFO - __main__ - Start error-fixing .... Timecode: 22
11/10/2021 14:25:43 - INFO - __main__ - Start error-fixing .... Done!
11/10/2021 14:25:45 - INFO - __main__ - Overall: 0.725473602484472 from scores=[0.5720108695652174, 0.9428571428571428, 0.880859375, 0.736328125, 0.4953125]
11/10/2021 14:25:45 - INFO - __main__ - --------------------------------------------------
11/10/2021 14:25:45 - INFO - __main__ - Evaluating to get errors .... Timecode: 23
11/10/2021 14:25:48 - INFO - __main__ - Before Error Fixing: {'EM': 0.515625, 'QA-F1': 0.5927083333333333}
11/10/2021 14:25:48 - INFO - __main__ - Found 31 errors.
11/10/2021 14:25:49 - INFO - __main__ - Start error-fixing .... Timecode: 23
11/10/2021 14:26:07 - INFO - __main__ - Start error-fixing .... Done!
11/10/2021 14:26:09 - INFO - __main__ - Overall: 0.7235290658602149 from scores=[0.5696614583333333, 0.9354838709677419, 0.880859375, 0.736328125, 0.4953125]
11/10/2021 14:26:09 - INFO - __main__ - --------------------------------------------------
11/10/2021 14:26:09 - INFO - __main__ - Evaluating to get errors .... Timecode: 24
11/10/2021 14:26:12 - INFO - __main__ - Before Error Fixing: {'EM': 0.359375, 'QA-F1': 0.42464657738095235}
11/10/2021 14:26:12 - INFO - __main__ - Found 41 errors.
11/10/2021 14:26:12 - INFO - __main__ - Start error-fixing .... Timecode: 24
11/10/2021 14:26:37 - INFO - __main__ - Start error-fixing .... Done!
11/10/2021 14:26:39 - INFO - __main__ - Overall: 0.73475 from scores=[0.56125, 1.0, 0.880859375, 0.736328125, 0.4953125]
11/10/2021 14:26:39 - INFO - __main__ - --------------------------------------------------
11/10/2021 14:26:39 - INFO - __main__ - Evaluating to get errors .... Timecode: 25
11/10/2021 14:26:42 - INFO - __main__ - Before Error Fixing: {'EM': 0.53125, 'QA-F1': 0.626141826923077}
11/10/2021 14:26:42 - INFO - __main__ - Found 30 errors.
11/10/2021 14:26:43 - INFO - __main__ - Start error-fixing .... Timecode: 25
11/10/2021 14:27:00 - INFO - __main__ - Start error-fixing .... Done!
11/10/2021 14:27:01 - INFO - __main__ - Overall: 0.7345192307692308 from scores=[0.5600961538461539, 1.0, 0.880859375, 0.736328125, 0.4953125]
11/10/2021 14:27:01 - INFO - __main__ - --------------------------------------------------
11/10/2021 14:27:01 - INFO - __main__ - Evaluating to get errors .... Timecode: 26
11/10/2021 14:27:05 - INFO - __main__ - Before Error Fixing: {'EM': 0.453125, 'QA-F1': 0.46940104166666663}
11/10/2021 14:27:05 - INFO - __main__ - Found 35 errors.
11/10/2021 14:27:05 - INFO - __main__ - Start error-fixing .... Timecode: 26
11/10/2021 14:27:26 - INFO - __main__ - Start error-fixing .... Done!
11/10/2021 14:27:27 - INFO - __main__ - Overall: 0.7337268518518518 from scores=[0.5561342592592593, 1.0, 0.880859375, 0.736328125, 0.4953125]
11/10/2021 14:27:27 - INFO - __main__ - --------------------------------------------------
11/10/2021 14:27:27 - INFO - __main__ - Evaluating to get errors .... Timecode: 27
11/10/2021 14:27:31 - INFO - __main__ - Before Error Fixing: {'EM': 0.4375, 'QA-F1': 0.5640271187146186}
11/10/2021 14:27:31 - INFO - __main__ - Found 36 errors.
11/10/2021 14:27:31 - INFO - __main__ - Start error-fixing .... Timecode: 27
11/10/2021 14:27:51 - INFO - __main__ - Start error-fixing .... Done!
11/10/2021 14:27:53 - INFO - __main__ - Overall: 0.7273239087301586 from scores=[0.5518973214285714, 0.9722222222222222, 0.880859375, 0.736328125, 0.4953125]
11/10/2021 14:27:53 - INFO - __main__ - --------------------------------------------------
11/10/2021 14:27:53 - INFO - __main__ - Evaluating to get errors .... Timecode: 28
11/10/2021 14:27:56 - INFO - __main__ - Before Error Fixing: {'EM': 0.46875, 'QA-F1': 0.5786283263305322}
11/10/2021 14:27:56 - INFO - __main__ - Found 34 errors.
11/10/2021 14:27:56 - INFO - __main__ - Start error-fixing .... Timecode: 28
11/10/2021 14:28:15 - INFO - __main__ - Start error-fixing .... Done!
11/10/2021 14:28:17 - INFO - __main__ - Overall: 0.7205413286004057 from scores=[0.5490301724137931, 0.9411764705882353, 0.880859375, 0.736328125, 0.4953125]
11/10/2021 14:28:17 - INFO - __main__ - --------------------------------------------------
11/10/2021 14:28:17 - INFO - __main__ - Evaluating to get errors .... Timecode: 29
11/10/2021 14:28:20 - INFO - __main__ - Before Error Fixing: {'EM': 0.5, 'QA-F1': 0.6740613502760681}
11/10/2021 14:28:20 - INFO - __main__ - Found 32 errors.
11/10/2021 14:28:20 - INFO - __main__ - Start error-fixing .... Timecode: 29
11/10/2021 14:28:37 - INFO - __main__ - Start error-fixing .... Done!
11/10/2021 14:28:39 - INFO - __main__ - Overall: 0.7257291666666666 from scores=[0.5473958333333333, 0.96875, 0.880859375, 0.736328125, 0.4953125]
11/10/2021 14:28:39 - INFO - __main__ - --------------------------------------------------
11/10/2021 14:28:39 - INFO - __main__ - Start eval_knowledge_retention for UKR @ Timecode=30
11/10/2021 14:29:07 - INFO - __main__ - Upstream Knowledge Retation (UKR@30): 0.7070
11/10/2021 14:29:07 - INFO - __main__ - Start eval_knowledge_retention for OKR @ Timecode=30
11/10/2021 14:29:44 - INFO - __main__ - Online Knowledge Retation (OKR@30): 0.8086
11/10/2021 14:29:44 - INFO - __main__ - Start eval_knowledge_generalization for KG @ Timecode=30
11/10/2021 14:31:02 - INFO - __main__ - Future Knowledge Generalization (KG@30): 0.4453
11/10/2021 14:31:02 - INFO - __main__ - Evaluating to get errors .... Timecode: 30
11/10/2021 14:31:06 - INFO - __main__ - Before Error Fixing: {'EM': 0.46875, 'QA-F1': 0.5441678113553113}
11/10/2021 14:31:06 - INFO - __main__ - Found 34 errors.
11/10/2021 14:31:06 - INFO - __main__ - Start error-fixing .... Timecode: 30
11/10/2021 14:31:26 - INFO - __main__ - Start error-fixing .... Done!
11/10/2021 14:31:28 - INFO - __main__ - Overall: 0.7011592741935484 from scores=[0.544858870967742, 1.0, 0.80859375, 0.70703125, 0.4453125]
11/10/2021 14:31:29 - INFO - __main__ - Model saved to experiments/ckpt_dirs/qa/owc/qa_oewc_lr=3e-5_ep=10_lbd=1_gm=9e-1_T=100,b=64,alpha=0.9,beta=0.5,gamma=0.8/model_ckpt_030.pt.
11/10/2021 14:31:29 - INFO - __main__ - Updated result feule: experiments/results/qa/qa_oewc_lr=3e-5_ep=10_lbd=1_gm=9e-1_T=100,b=64,alpha=0.9,beta=0.5,gamma=0.8_result.json at Timecode: 30.
11/10/2021 14:31:29 - INFO - __main__ - --------------------------------------------------
11/10/2021 14:31:29 - INFO - __main__ - Evaluating to get errors .... Timecode: 31
11/10/2021 14:31:33 - INFO - __main__ - Before Error Fixing: {'EM': 0.59375, 'QA-F1': 0.7138362872938319}
11/10/2021 14:31:33 - INFO - __main__ - Found 26 errors.
11/10/2021 14:31:33 - INFO - __main__ - Start error-fixing .... Timecode: 31
11/10/2021 14:31:46 - INFO - __main__ - Start error-fixing .... Done!
11/10/2021 14:31:48 - INFO - __main__ - Overall: 0.6706956129807693 from scores=[0.54638671875, 0.8461538461538461, 0.80859375, 0.70703125, 0.4453125]
11/10/2021 14:31:48 - INFO - __main__ - --------------------------------------------------
11/10/2021 14:31:48 - INFO - __main__ - Evaluating to get errors .... Timecode: 32
11/10/2021 14:31:51 - INFO - __main__ - Before Error Fixing: {'EM': 0.609375, 'QA-F1': 0.6386885683760684}
11/10/2021 14:31:51 - INFO - __main__ - Found 25 errors.
11/10/2021 14:31:51 - INFO - __main__ - Start error-fixing .... Timecode: 32
11/10/2021 14:32:06 - INFO - __main__ - Start error-fixing .... Done!
11/10/2021 14:32:08 - INFO - __main__ - Overall: 0.701846590909091 from scores=[0.5482954545454546, 1.0, 0.80859375, 0.70703125, 0.4453125]
11/10/2021 14:32:08 - INFO - __main__ - --------------------------------------------------
11/10/2021 14:32:08 - INFO - __main__ - Evaluating to get errors .... Timecode: 33
11/10/2021 14:32:11 - INFO - __main__ - Before Error Fixing: {'EM': 0.578125, 'QA-F1': 0.6581597222222222}
11/10/2021 14:32:11 - INFO - __main__ - Found 27 errors.
11/10/2021 14:32:11 - INFO - __main__ - Start error-fixing .... Timecode: 33
11/10/2021 14:32:26 - INFO - __main__ - Start error-fixing .... Done!
11/10/2021 14:32:27 - INFO - __main__ - Overall: 0.694614651416122 from scores=[0.5491727941176471, 0.9629629629629629, 0.80859375, 0.70703125, 0.4453125]
11/10/2021 14:32:27 - INFO - __main__ - --------------------------------------------------
11/10/2021 14:32:27 - INFO - __main__ - Evaluating to get errors .... Timecode: 34
11/10/2021 14:32:30 - INFO - __main__ - Before Error Fixing: {'EM': 0.578125, 'QA-F1': 0.666158234126984}
11/10/2021 14:32:30 - INFO - __main__ - Found 27 errors.
11/10/2021 14:32:30 - INFO - __main__ - Start error-fixing .... Timecode: 34
11/10/2021 14:32:45 - INFO - __main__ - Start error-fixing .... Done!
11/10/2021 14:32:46 - INFO - __main__ - Overall: 0.7021875 from scores=[0.55, 1.0, 0.80859375, 0.70703125, 0.4453125]
11/10/2021 14:32:46 - INFO - __main__ - --------------------------------------------------
11/10/2021 14:32:46 - INFO - __main__ - Evaluating to get errors .... Timecode: 35
11/10/2021 14:32:49 - INFO - __main__ - Before Error Fixing: {'EM': 0.515625, 'QA-F1': 0.5965248293373293}
11/10/2021 14:32:49 - INFO - __main__ - Found 31 errors.
11/10/2021 14:32:49 - INFO - __main__ - Start error-fixing .... Timecode: 35
11/10/2021 14:33:04 - INFO - __main__ - Start error-fixing .... Done!
11/10/2021 14:33:07 - INFO - __main__ - Overall: 0.695544914874552 from scores=[0.5490451388888888, 0.967741935483871, 0.80859375, 0.70703125, 0.4453125]
11/10/2021 14:33:07 - INFO - __main__ - --------------------------------------------------
11/10/2021 14:33:07 - INFO - __main__ - Evaluating to get errors .... Timecode: 36
11/10/2021 14:33:11 - INFO - __main__ - Before Error Fixing: {'EM': 0.484375, 'QA-F1': 0.5999432815279182}
11/10/2021 14:33:11 - INFO - __main__ - Found 33 errors.
11/10/2021 14:33:11 - INFO - __main__ - Start error-fixing .... Timecode: 36
11/10/2021 14:33:31 - INFO - __main__ - Start error-fixing .... Done!
11/10/2021 14:33:32 - INFO - __main__ - Overall: 0.7016469594594594 from scores=[0.5472972972972974, 1.0, 0.80859375, 0.70703125, 0.4453125]
11/10/2021 14:33:32 - INFO - __main__ - --------------------------------------------------
11/10/2021 14:33:32 - INFO - __main__ - Evaluating to get errors .... Timecode: 37
11/10/2021 14:33:36 - INFO - __main__ - Before Error Fixing: {'EM': 0.46875, 'QA-F1': 0.5917210393772894}
11/10/2021 14:33:36 - INFO - __main__ - Found 34 errors.
11/10/2021 14:33:36 - INFO - __main__ - Start error-fixing .... Timecode: 37
11/10/2021 14:33:56 - INFO - __main__ - Start error-fixing .... Done!
11/10/2021 14:33:58 - INFO - __main__ - Overall: 0.7012335526315789 from scores=[0.5452302631578947, 1.0, 0.80859375, 0.70703125, 0.4453125]
11/10/2021 14:33:58 - INFO - __main__ - --------------------------------------------------
11/10/2021 14:33:58 - INFO - __main__ - Evaluating to get errors .... Timecode: 38
11/10/2021 14:34:02 - INFO - __main__ - Before Error Fixing: {'EM': 0.46875, 'QA-F1': 0.6172652867965367}
11/10/2021 14:34:02 - INFO - __main__ - Found 34 errors.
11/10/2021 14:34:02 - INFO - __main__ - Start error-fixing .... Timecode: 38
11/10/2021 14:34:22 - INFO - __main__ - Start error-fixing .... Done!
11/10/2021 14:34:24 - INFO - __main__ - Overall: 0.7008413461538462 from scores=[0.5432692307692308, 1.0, 0.80859375, 0.70703125, 0.4453125]
11/10/2021 14:34:24 - INFO - __main__ - --------------------------------------------------
11/10/2021 14:34:24 - INFO - __main__ - Evaluating to get errors .... Timecode: 39
11/10/2021 14:34:28 - INFO - __main__ - Before Error Fixing: {'EM': 0.453125, 'QA-F1': 0.5009868421052631}
11/10/2021 14:34:28 - INFO - __main__ - Found 35 errors.
11/10/2021 14:34:28 - INFO - __main__ - Start error-fixing .... Timecode: 39
11/10/2021 14:34:49 - INFO - __main__ - Start error-fixing .... Done!
11/10/2021 14:34:51 - INFO - __main__ - Overall: 0.700390625 from scores=[0.541015625, 1.0, 0.80859375, 0.70703125, 0.4453125]
11/10/2021 14:34:51 - INFO - __main__ - --------------------------------------------------
11/10/2021 14:34:51 - INFO - __main__ - Start eval_knowledge_retention for UKR @ Timecode=40
11/10/2021 14:35:12 - INFO - __main__ - Upstream Knowledge Retation (UKR@40): 0.7344
11/10/2021 14:35:13 - INFO - __main__ - Start eval_knowledge_retention for OKR @ Timecode=40
11/10/2021 14:35:43 - INFO - __main__ - Online Knowledge Retation (OKR@40): 0.8789
11/10/2021 14:35:43 - INFO - __main__ - Start eval_knowledge_generalization for KG @ Timecode=40
11/10/2021 14:36:41 - INFO - __main__ - Future Knowledge Generalization (KG@40): 0.4828
11/10/2021 14:36:41 - INFO - __main__ - Evaluating to get errors .... Timecode: 40
11/10/2021 14:36:45 - INFO - __main__ - Before Error Fixing: {'EM': 0.5625, 'QA-F1': 0.6533854166666666}
11/10/2021 14:36:45 - INFO - __main__ - Found 28 errors.
11/10/2021 14:36:45 - INFO - __main__ - Start error-fixing .... Timecode: 40
11/10/2021 14:37:01 - INFO - __main__ - Start error-fixing .... Done!
11/10/2021 14:37:03 - INFO - __main__ - Overall: 0.7203838196864112 from scores=[0.5415396341463414, 0.9642857142857143, 0.87890625, 0.734375, 0.4828125]
11/10/2021 14:37:05 - INFO - __main__ - Model saved to experiments/ckpt_dirs/qa/owc/qa_oewc_lr=3e-5_ep=10_lbd=1_gm=9e-1_T=100,b=64,alpha=0.9,beta=0.5,gamma=0.8/model_ckpt_040.pt.
11/10/2021 14:37:05 - INFO - __main__ - Updated result feule: experiments/results/qa/qa_oewc_lr=3e-5_ep=10_lbd=1_gm=9e-1_T=100,b=64,alpha=0.9,beta=0.5,gamma=0.8_result.json at Timecode: 40.
11/10/2021 14:37:05 - INFO - __main__ - --------------------------------------------------
11/10/2021 14:37:05 - INFO - __main__ - Evaluating to get errors .... Timecode: 41
11/10/2021 14:37:10 - INFO - __main__ - Before Error Fixing: {'EM': 0.390625, 'QA-F1': 0.5055318596334222}
11/10/2021 14:37:10 - INFO - __main__ - Found 39 errors.
11/10/2021 14:37:10 - INFO - __main__ - Start error-fixing .... Timecode: 41
11/10/2021 14:37:32 - INFO - __main__ - Start error-fixing .... Done!
11/10/2021 14:37:34 - INFO - __main__ - Overall: 0.7216798305860805 from scores=[0.5379464285714286, 0.9743589743589743, 0.87890625, 0.734375, 0.4828125]
11/10/2021 14:37:34 - INFO - __main__ - --------------------------------------------------
11/10/2021 14:37:34 - INFO - __main__ - Evaluating to get errors .... Timecode: 42
11/10/2021 14:37:38 - INFO - __main__ - Before Error Fixing: {'EM': 0.421875, 'QA-F1': 0.5439274267399267}
11/10/2021 14:37:38 - INFO - __main__ - Found 37 errors.
11/10/2021 14:37:38 - INFO - __main__ - Start error-fixing .... Timecode: 42
11/10/2021 14:37:59 - INFO - __main__ - Start error-fixing .... Done!
11/10/2021 14:38:02 - INFO - __main__ - Overall: 0.7262681686046512 from scores=[0.5352470930232558, 1.0, 0.87890625, 0.734375, 0.4828125]
11/10/2021 14:38:02 - INFO - __main__ - --------------------------------------------------
11/10/2021 14:38:02 - INFO - __main__ - Evaluating to get errors .... Timecode: 43
11/10/2021 14:38:07 - INFO - __main__ - Before Error Fixing: {'EM': 0.5, 'QA-F1': 0.6355935054367716}
11/10/2021 14:38:07 - INFO - __main__ - Found 32 errors.
11/10/2021 14:38:07 - INFO - __main__ - Start error-fixing .... Timecode: 43
11/10/2021 14:38:25 - INFO - __main__ - Start error-fixing .... Done!
11/10/2021 14:38:26 - INFO - __main__ - Overall: 0.7198579545454545 from scores=[0.5344460227272727, 0.96875, 0.87890625, 0.734375, 0.4828125]
11/10/2021 14:38:26 - INFO - __main__ - --------------------------------------------------
11/10/2021 14:38:26 - INFO - __main__ - Evaluating to get errors .... Timecode: 44
11/10/2021 14:38:29 - INFO - __main__ - Before Error Fixing: {'EM': 0.4375, 'QA-F1': 0.5888036305799463}
11/10/2021 14:38:29 - INFO - __main__ - Found 36 errors.
11/10/2021 14:38:29 - INFO - __main__ - Start error-fixing .... Timecode: 44
11/10/2021 14:38:47 - INFO - __main__ - Start error-fixing .... Done!
11/10/2021 14:38:50 - INFO - __main__ - Overall: 0.7201215277777778 from scores=[0.5322916666666666, 0.9722222222222222, 0.87890625, 0.734375, 0.4828125]
11/10/2021 14:38:50 - INFO - __main__ - --------------------------------------------------
11/10/2021 14:38:50 - INFO - __main__ - Evaluating to get errors .... Timecode: 45
11/10/2021 14:38:53 - INFO - __main__ - Before Error Fixing: {'EM': 0.40625, 'QA-F1': 0.5476084395092986}
11/10/2021 14:38:53 - INFO - __main__ - Found 38 errors.
11/10/2021 14:38:53 - INFO - __main__ - Start error-fixing .... Timecode: 45
11/10/2021 14:39:13 - INFO - __main__ - Start error-fixing .... Done!
11/10/2021 14:39:15 - INFO - __main__ - Overall: 0.7146027602974828 from scores=[0.5295516304347826, 0.9473684210526315, 0.87890625, 0.734375, 0.4828125]
11/10/2021 14:39:15 - INFO - __main__ - --------------------------------------------------
11/10/2021 14:39:15 - INFO - __main__ - Evaluating to get errors .... Timecode: 46
11/10/2021 14:39:18 - INFO - __main__ - Before Error Fixing: {'EM': 0.546875, 'QA-F1': 0.6470206093189964}
11/10/2021 14:39:18 - INFO - __main__ - Found 29 errors.
11/10/2021 14:39:18 - INFO - __main__ - Start error-fixing .... Timecode: 46
11/10/2021 14:39:33 - INFO - __main__ - Start error-fixing .... Done!
11/10/2021 14:39:35 - INFO - __main__ - Overall: 0.7045131373807777 from scores=[0.5299202127659575, 0.896551724137931, 0.87890625, 0.734375, 0.4828125]
11/10/2021 14:39:35 - INFO - __main__ - --------------------------------------------------
11/10/2021 14:39:35 - INFO - __main__ - Evaluating to get errors .... Timecode: 47
11/10/2021 14:39:39 - INFO - __main__ - Before Error Fixing: {'EM': 0.421875, 'QA-F1': 0.5223974508281574}
11/10/2021 14:39:39 - INFO - __main__ - Found 37 errors.
11/10/2021 14:39:39 - INFO - __main__ - Start error-fixing .... Timecode: 47
11/10/2021 14:39:58 - INFO - __main__ - Start error-fixing .... Done!
11/10/2021 14:40:00 - INFO - __main__ - Overall: 0.7247526041666666 from scores=[0.5276692708333333, 1.0, 0.87890625, 0.734375, 0.4828125]
11/10/2021 14:40:00 - INFO - __main__ - --------------------------------------------------
11/10/2021 14:40:00 - INFO - __main__ - Evaluating to get errors .... Timecode: 48
11/10/2021 14:40:05 - INFO - __main__ - Before Error Fixing: {'EM': 0.4375, 'QA-F1': 0.5469635052447552}
11/10/2021 14:40:05 - INFO - __main__ - Found 36 errors.
11/10/2021 14:40:05 - INFO - __main__ - Start error-fixing .... Timecode: 48
11/10/2021 14:40:26 - INFO - __main__ - Start error-fixing .... Done!
11/10/2021 14:40:28 - INFO - __main__ - Overall: 0.718829010770975 from scores=[0.5258290816326531, 0.9722222222222222, 0.87890625, 0.734375, 0.4828125]
11/10/2021 14:40:28 - INFO - __main__ - --------------------------------------------------
11/10/2021 14:40:28 - INFO - __main__ - Evaluating to get errors .... Timecode: 49
11/10/2021 14:40:31 - INFO - __main__ - Before Error Fixing: {'EM': 0.46875, 'QA-F1': 0.548611111111111}
11/10/2021 14:40:31 - INFO - __main__ - Found 34 errors.
11/10/2021 14:40:32 - INFO - __main__ - Start error-fixing .... Timecode: 49
11/10/2021 14:40:52 - INFO - __main__ - Start error-fixing .... Done!
11/10/2021 14:40:53 - INFO - __main__ - Overall: 0.712391544117647 from scores=[0.5246875, 0.9411764705882353, 0.87890625, 0.734375, 0.4828125]
11/10/2021 14:40:53 - INFO - __main__ - --------------------------------------------------
11/10/2021 14:40:53 - INFO - __main__ - Start eval_knowledge_retention for UKR @ Timecode=50
11/10/2021 14:41:13 - INFO - __main__ - Upstream Knowledge Retation (UKR@50): 0.6914
11/10/2021 14:41:14 - INFO - __main__ - Start eval_knowledge_retention for OKR @ Timecode=50
11/10/2021 14:41:44 - INFO - __main__ - Online Knowledge Retation (OKR@50): 0.8652
11/10/2021 14:41:44 - INFO - __main__ - Start eval_knowledge_generalization for KG @ Timecode=50
11/10/2021 14:42:41 - INFO - __main__ - Future Knowledge Generalization (KG@50): 0.4641
11/10/2021 14:42:41 - INFO - __main__ - Evaluating to get errors .... Timecode: 50
11/10/2021 14:42:44 - INFO - __main__ - Before Error Fixing: {'EM': 0.546875, 'QA-F1': 0.5928819444444444}
11/10/2021 14:42:44 - INFO - __main__ - Found 29 errors.
11/10/2021 14:42:44 - INFO - __main__ - Start error-fixing .... Timecode: 50
11/10/2021 14:43:01 - INFO - __main__ - Start error-fixing .... Done!
11/10/2021 14:43:03 - INFO - __main__ - Overall: 0.7022685830797836 from scores=[0.5251225490196079, 0.9655172413793104, 0.865234375, 0.69140625, 0.4640625]
11/10/2021 14:43:04 - INFO - __main__ - Model saved to experiments/ckpt_dirs/qa/owc/qa_oewc_lr=3e-5_ep=10_lbd=1_gm=9e-1_T=100,b=64,alpha=0.9,beta=0.5,gamma=0.8/model_ckpt_050.pt.
11/10/2021 14:43:04 - INFO - __main__ - Updated result feule: experiments/results/qa/qa_oewc_lr=3e-5_ep=10_lbd=1_gm=9e-1_T=100,b=64,alpha=0.9,beta=0.5,gamma=0.8_result.json at Timecode: 50.
11/10/2021 14:43:04 - INFO - __main__ - --------------------------------------------------
11/10/2021 14:43:04 - INFO - __main__ - Evaluating to get errors .... Timecode: 51
11/10/2021 14:43:08 - INFO - __main__ - Before Error Fixing: {'EM': 0.546875, 'QA-F1': 0.5729166666666667}
11/10/2021 14:43:08 - INFO - __main__ - Found 29 errors.
11/10/2021 14:43:08 - INFO - __main__ - Start error-fixing .... Timecode: 51
11/10/2021 14:43:25 - INFO - __main__ - Start error-fixing .... Done!
11/10/2021 14:43:26 - INFO - __main__ - Overall: 0.7023522463527851 from scores=[0.5255408653846154, 0.9655172413793104, 0.865234375, 0.69140625, 0.4640625]
11/10/2021 14:43:26 - INFO - __main__ - --------------------------------------------------
11/10/2021 14:43:26 - INFO - __main__ - Evaluating to get errors .... Timecode: 52
11/10/2021 14:43:29 - INFO - __main__ - Before Error Fixing: {'EM': 0.609375, 'QA-F1': 0.6818824404761905}
11/10/2021 14:43:29 - INFO - __main__ - Found 25 errors.
11/10/2021 14:43:29 - INFO - __main__ - Start error-fixing .... Timecode: 52
11/10/2021 14:43:43 - INFO - __main__ - Start error-fixing .... Done!
11/10/2021 14:43:44 - INFO - __main__ - Overall: 0.7095651533018867 from scores=[0.5271226415094339, 1.0, 0.865234375, 0.69140625, 0.4640625]
11/10/2021 14:43:44 - INFO - __main__ - --------------------------------------------------
11/10/2021 14:43:44 - INFO - __main__ - Evaluating to get errors .... Timecode: 53
11/10/2021 14:43:48 - INFO - __main__ - Before Error Fixing: {'EM': 0.4375, 'QA-F1': 0.5775421626984127}
11/10/2021 14:43:48 - INFO - __main__ - Found 36 errors.
11/10/2021 14:43:48 - INFO - __main__ - Start error-fixing .... Timecode: 53
11/10/2021 14:44:07 - INFO - __main__ - Start error-fixing .... Done!
11/10/2021 14:44:08 - INFO - __main__ - Overall: 0.7092332175925925 from scores=[0.525462962962963, 1.0, 0.865234375, 0.69140625, 0.4640625]
11/10/2021 14:44:08 - INFO - __main__ - --------------------------------------------------
11/10/2021 14:44:08 - INFO - __main__ - Evaluating to get errors .... Timecode: 54
11/10/2021 14:44:12 - INFO - __main__ - Before Error Fixing: {'EM': 0.59375, 'QA-F1': 0.7216630183541948}
11/10/2021 14:44:12 - INFO - __main__ - Found 26 errors.
11/10/2021 14:44:12 - INFO - __main__ - Start error-fixing .... Timecode: 54
11/10/2021 14:44:27 - INFO - __main__ - Start error-fixing .... Done!
11/10/2021 14:44:29 - INFO - __main__ - Overall: 0.6710199956293705 from scores=[0.5267045454545455, 0.8076923076923077, 0.865234375, 0.69140625, 0.4640625]
11/10/2021 14:44:29 - INFO - __main__ - --------------------------------------------------
11/10/2021 14:44:29 - INFO - __main__ - Evaluating to get errors .... Timecode: 55
11/10/2021 14:44:32 - INFO - __main__ - Before Error Fixing: {'EM': 0.5625, 'QA-F1': 0.680829326923077}
11/10/2021 14:44:32 - INFO - __main__ - Found 28 errors.
11/10/2021 14:44:32 - INFO - __main__ - Start error-fixing .... Timecode: 55
11/10/2021 14:44:47 - INFO - __main__ - Start error-fixing .... Done!
11/10/2021 14:44:49 - INFO - __main__ - Overall: 0.709609375 from scores=[0.52734375, 1.0, 0.865234375, 0.69140625, 0.4640625]
11/10/2021 14:44:49 - INFO - __main__ - --------------------------------------------------
11/10/2021 14:44:49 - INFO - __main__ - Evaluating to get errors .... Timecode: 56
11/10/2021 14:44:52 - INFO - __main__ - Before Error Fixing: {'EM': 0.609375, 'QA-F1': 0.6753472222222222}
11/10/2021 14:44:52 - INFO - __main__ - Found 25 errors.
11/10/2021 14:44:52 - INFO - __main__ - Start error-fixing .... Timecode: 56
11/10/2021 14:45:08 - INFO - __main__ - Start error-fixing .... Done!
11/10/2021 14:45:10 - INFO - __main__ - Overall: 0.6938972039473683 from scores=[0.528782894736842, 0.92, 0.865234375, 0.69140625, 0.4640625]
11/10/2021 14:45:10 - INFO - __main__ - --------------------------------------------------
11/10/2021 14:45:10 - INFO - __main__ - Evaluating to get errors .... Timecode: 57
11/10/2021 14:45:13 - INFO - __main__ - Before Error Fixing: {'EM': 0.546875, 'QA-F1': 0.5746527777777778}
11/10/2021 14:45:13 - INFO - __main__ - Found 29 errors.
11/10/2021 14:45:13 - INFO - __main__ - Start error-fixing .... Timecode: 57
11/10/2021 14:45:30 - INFO - __main__ - Start error-fixing .... Done!
11/10/2021 14:45:31 - INFO - __main__ - Overall: 0.6961664870689654 from scores=[0.5290948275862069, 0.9310344827586207, 0.865234375, 0.69140625, 0.4640625]
11/10/2021 14:45:31 - INFO - __main__ - --------------------------------------------------
11/10/2021 14:45:31 - INFO - __main__ - Evaluating to get errors .... Timecode: 58
11/10/2021 14:45:34 - INFO - __main__ - Before Error Fixing: {'EM': 0.5, 'QA-F1': 0.5631410256410256}
11/10/2021 14:45:34 - INFO - __main__ - Found 32 errors.
11/10/2021 14:45:34 - INFO - __main__ - Start error-fixing .... Timecode: 58
11/10/2021 14:45:52 - INFO - __main__ - Start error-fixing .... Done!
11/10/2021 14:45:54 - INFO - __main__ - Overall: 0.7036109639830508 from scores=[0.5286016949152542, 0.96875, 0.865234375, 0.69140625, 0.4640625]
11/10/2021 14:45:54 - INFO - __main__ - --------------------------------------------------
11/10/2021 14:45:54 - INFO - __main__ - Evaluating to get errors .... Timecode: 59
11/10/2021 14:45:57 - INFO - __main__ - Before Error Fixing: {'EM': 0.578125, 'QA-F1': 0.7430925844988345}
11/10/2021 14:45:57 - INFO - __main__ - Found 27 errors.
11/10/2021 14:45:57 - INFO - __main__ - Start error-fixing .... Timecode: 59
11/10/2021 14:46:12 - INFO - __main__ - Start error-fixing .... Done!
11/10/2021 14:46:14 - INFO - __main__ - Overall: 0.7100260416666666 from scores=[0.5294270833333333, 1.0, 0.865234375, 0.69140625, 0.4640625]
11/10/2021 14:46:14 - INFO - __main__ - --------------------------------------------------
11/10/2021 14:46:14 - INFO - __main__ - Start eval_knowledge_retention for UKR @ Timecode=60
11/10/2021 14:46:37 - INFO - __main__ - Upstream Knowledge Retation (UKR@60): 0.6484
11/10/2021 14:46:38 - INFO - __main__ - Start eval_knowledge_retention for OKR @ Timecode=60
11/10/2021 14:47:10 - INFO - __main__ - Online Knowledge Retation (OKR@60): 0.8438
11/10/2021 14:47:10 - INFO - __main__ - Start eval_knowledge_generalization for KG @ Timecode=60
11/10/2021 14:48:13 - INFO - __main__ - Future Knowledge Generalization (KG@60): 0.4617
11/10/2021 14:48:13 - INFO - __main__ - Evaluating to get errors .... Timecode: 60
11/10/2021 14:48:17 - INFO - __main__ - Before Error Fixing: {'EM': 0.546875, 'QA-F1': 0.6823765644078144}
11/10/2021 14:48:17 - INFO - __main__ - Found 29 errors.
11/10/2021 14:48:17 - INFO - __main__ - Start error-fixing .... Timecode: 60
11/10/2021 14:48:31 - INFO - __main__ - Start error-fixing .... Done!
11/10/2021 14:48:34 - INFO - __main__ - Overall: 0.6967238729508197 from scores=[0.5297131147540983, 1.0, 0.84375, 0.6484375, 0.46171875]
11/10/2021 14:48:35 - INFO - __main__ - Model saved to experiments/ckpt_dirs/qa/owc/qa_oewc_lr=3e-5_ep=10_lbd=1_gm=9e-1_T=100,b=64,alpha=0.9,beta=0.5,gamma=0.8/model_ckpt_060.pt.
11/10/2021 14:48:35 - INFO - __main__ - Updated result feule: experiments/results/qa/qa_oewc_lr=3e-5_ep=10_lbd=1_gm=9e-1_T=100,b=64,alpha=0.9,beta=0.5,gamma=0.8_result.json at Timecode: 60.
11/10/2021 14:48:35 - INFO - __main__ - --------------------------------------------------
11/10/2021 14:48:35 - INFO - __main__ - Evaluating to get errors .... Timecode: 61
11/10/2021 14:48:39 - INFO - __main__ - Before Error Fixing: {'EM': 0.578125, 'QA-F1': 0.6919676014345132}
11/10/2021 14:48:39 - INFO - __main__ - Found 27 errors.
11/10/2021 14:48:39 - INFO - __main__ - Start error-fixing .... Timecode: 61
11/10/2021 14:48:54 - INFO - __main__ - Start error-fixing .... Done!
11/10/2021 14:48:55 - INFO - __main__ - Overall: 0.6820652255077658 from scores=[0.5304939516129032, 0.9259259259259259, 0.84375, 0.6484375, 0.46171875]
11/10/2021 14:48:55 - INFO - __main__ - --------------------------------------------------
11/10/2021 14:48:55 - INFO - __main__ - Evaluating to get errors .... Timecode: 62
11/10/2021 14:48:59 - INFO - __main__ - Before Error Fixing: {'EM': 0.65625, 'QA-F1': 0.6822916666666666}
11/10/2021 14:48:59 - INFO - __main__ - Found 22 errors.
11/10/2021 14:48:59 - INFO - __main__ - Start error-fixing .... Timecode: 62
11/10/2021 14:49:11 - INFO - __main__ - Start error-fixing .... Done!
11/10/2021 14:49:13 - INFO - __main__ - Overall: 0.6972792658730158 from scores=[0.5324900793650793, 1.0, 0.84375, 0.6484375, 0.46171875]
11/10/2021 14:49:13 - INFO - __main__ - --------------------------------------------------
11/10/2021 14:49:13 - INFO - __main__ - Evaluating to get errors .... Timecode: 63
11/10/2021 14:49:17 - INFO - __main__ - Before Error Fixing: {'EM': 0.5, 'QA-F1': 0.6157287816497106}
11/10/2021 14:49:17 - INFO - __main__ - Found 32 errors.
11/10/2021 14:49:17 - INFO - __main__ - Start error-fixing .... Timecode: 63
11/10/2021 14:49:35 - INFO - __main__ - Start error-fixing .... Done!
11/10/2021 14:49:37 - INFO - __main__ - Overall: 0.6971777343750001 from scores=[0.531982421875, 1.0, 0.84375, 0.6484375, 0.46171875]
11/10/2021 14:49:37 - INFO - __main__ - --------------------------------------------------
11/10/2021 14:49:37 - INFO - __main__ - Evaluating to get errors .... Timecode: 64
11/10/2021 14:49:40 - INFO - __main__ - Before Error Fixing: {'EM': 0.515625, 'QA-F1': 0.592410193972694}
11/10/2021 14:49:40 - INFO - __main__ - Found 31 errors.
11/10/2021 14:49:41 - INFO - __main__ - Start error-fixing .... Timecode: 64
11/10/2021 14:49:58 - INFO - __main__ - Start error-fixing .... Done!
11/10/2021 14:50:00 - INFO - __main__ - Overall: 0.6842241780397023 from scores=[0.5317307692307692, 0.9354838709677419, 0.84375, 0.6484375, 0.46171875]
11/10/2021 14:50:00 - INFO - __main__ - --------------------------------------------------
11/10/2021 14:50:00 - INFO - __main__ - Evaluating to get errors .... Timecode: 65
11/10/2021 14:50:03 - INFO - __main__ - Before Error Fixing: {'EM': 0.453125, 'QA-F1': 0.5504941239316239}
11/10/2021 14:50:03 - INFO - __main__ - Found 35 errors.
11/10/2021 14:50:04 - INFO - __main__ - Start error-fixing .... Timecode: 65
11/10/2021 14:50:24 - INFO - __main__ - Start error-fixing .... Done!
11/10/2021 14:50:26 - INFO - __main__ - Overall: 0.6911749188311689 from scores=[0.5305397727272727, 0.9714285714285714, 0.84375, 0.6484375, 0.46171875]
11/10/2021 14:50:26 - INFO - __main__ - --------------------------------------------------
11/10/2021 14:50:26 - INFO - __main__ - Evaluating to get errors .... Timecode: 66
11/10/2021 14:50:29 - INFO - __main__ - Before Error Fixing: {'EM': 0.609375, 'QA-F1': 0.7275592973203266}
11/10/2021 14:50:29 - INFO - __main__ - Found 25 errors.
11/10/2021 14:50:29 - INFO - __main__ - Start error-fixing .... Timecode: 66
11/10/2021 14:50:43 - INFO - __main__ - Start error-fixing .... Done!
11/10/2021 14:50:45 - INFO - __main__ - Overall: 0.6891245335820896 from scores=[0.5317164179104478, 0.96, 0.84375, 0.6484375, 0.46171875]
11/10/2021 14:50:45 - INFO - __main__ - --------------------------------------------------
11/10/2021 14:50:45 - INFO - __main__ - Evaluating to get errors .... Timecode: 67
11/10/2021 14:50:48 - INFO - __main__ - Before Error Fixing: {'EM': 0.453125, 'QA-F1': 0.5847987341853231}
11/10/2021 14:50:48 - INFO - __main__ - Found 35 errors.
11/10/2021 14:50:48 - INFO - __main__ - Start error-fixing .... Timecode: 67
11/10/2021 14:51:04 - INFO - __main__ - Start error-fixing .... Done!
11/10/2021 14:51:07 - INFO - __main__ - Overall: 0.6911790966386555 from scores=[0.5305606617647058, 0.9714285714285714, 0.84375, 0.6484375, 0.46171875]
11/10/2021 14:51:07 - INFO - __main__ - --------------------------------------------------
11/10/2021 14:51:07 - INFO - __main__ - Evaluating to get errors .... Timecode: 68
11/10/2021 14:51:10 - INFO - __main__ - Before Error Fixing: {'EM': 0.5625, 'QA-F1': 0.6239583333333333}
11/10/2021 14:51:10 - INFO - __main__ - Found 28 errors.
11/10/2021 14:51:10 - INFO - __main__ - Start error-fixing .... Timecode: 68
11/10/2021 14:51:26 - INFO - __main__ - Start error-fixing .... Done!
11/10/2021 14:51:28 - INFO - __main__ - Overall: 0.6969859601449275 from scores=[0.5310235507246377, 1.0, 0.84375, 0.6484375, 0.46171875]
11/10/2021 14:51:28 - INFO - __main__ - --------------------------------------------------
11/10/2021 14:51:28 - INFO - __main__ - Evaluating to get errors .... Timecode: 69
11/10/2021 14:51:30 - INFO - __main__ - Before Error Fixing: {'EM': 0.484375, 'QA-F1': 0.6182291666666666}
11/10/2021 14:51:30 - INFO - __main__ - Found 33 errors.
11/10/2021 14:51:31 - INFO - __main__ - Start error-fixing .... Timecode: 69
11/10/2021 14:51:50 - INFO - __main__ - Start error-fixing .... Done!
11/10/2021 14:51:52 - INFO - __main__ - Overall: 0.6968526785714286 from scores=[0.5303571428571429, 1.0, 0.84375, 0.6484375, 0.46171875]
11/10/2021 14:51:52 - INFO - __main__ - --------------------------------------------------
11/10/2021 14:51:52 - INFO - __main__ - Start eval_knowledge_retention for UKR @ Timecode=70
11/10/2021 14:52:15 - INFO - __main__ - Upstream Knowledge Retation (UKR@70): 0.7090
11/10/2021 14:52:16 - INFO - __main__ - Start eval_knowledge_retention for OKR @ Timecode=70
11/10/2021 14:52:43 - INFO - __main__ - Online Knowledge Retation (OKR@70): 0.8438
11/10/2021 14:52:43 - INFO - __main__ - Start eval_knowledge_generalization for KG @ Timecode=70
11/10/2021 14:53:43 - INFO - __main__ - Future Knowledge Generalization (KG@70): 0.5039
11/10/2021 14:53:43 - INFO - __main__ - Evaluating to get errors .... Timecode: 70
11/10/2021 14:53:46 - INFO - __main__ - Before Error Fixing: {'EM': 0.578125, 'QA-F1': 0.6968793359418359}
11/10/2021 14:53:46 - INFO - __main__ - Found 27 errors.
11/10/2021 14:53:46 - INFO - __main__ - Start error-fixing .... Timecode: 70
11/10/2021 14:53:59 - INFO - __main__ - Start error-fixing .... Done!
11/10/2021 14:54:01 - INFO - __main__ - Overall: 0.7101267035080856 from scores=[0.5310299295774648, 0.9629629629629629, 0.84375, 0.708984375, 0.50390625]
11/10/2021 14:54:03 - INFO - __main__ - Model saved to experiments/ckpt_dirs/qa/owc/qa_oewc_lr=3e-5_ep=10_lbd=1_gm=9e-1_T=100,b=64,alpha=0.9,beta=0.5,gamma=0.8/model_ckpt_070.pt.
11/10/2021 14:54:03 - INFO - __main__ - Updated result feule: experiments/results/qa/qa_oewc_lr=3e-5_ep=10_lbd=1_gm=9e-1_T=100,b=64,alpha=0.9,beta=0.5,gamma=0.8_result.json at Timecode: 70.
11/10/2021 14:54:03 - INFO - __main__ - --------------------------------------------------
11/10/2021 14:54:03 - INFO - __main__ - Evaluating to get errors .... Timecode: 71
11/10/2021 14:54:06 - INFO - __main__ - Before Error Fixing: {'EM': 0.46875, 'QA-F1': 0.5457341269841269}
11/10/2021 14:54:06 - INFO - __main__ - Found 34 errors.
11/10/2021 14:54:06 - INFO - __main__ - Start error-fixing .... Timecode: 71
11/10/2021 14:54:26 - INFO - __main__ - Start error-fixing .... Done!
11/10/2021 14:54:28 - INFO - __main__ - Overall: 0.7114787581699347 from scores=[0.5301649305555556, 0.9705882352941176, 0.84375, 0.708984375, 0.50390625]
11/10/2021 14:54:28 - INFO - __main__ - --------------------------------------------------
11/10/2021 14:54:28 - INFO - __main__ - Evaluating to get errors .... Timecode: 72
11/10/2021 14:54:32 - INFO - __main__ - Before Error Fixing: {'EM': 0.5625, 'QA-F1': 0.6714285714285715}
11/10/2021 14:54:32 - INFO - __main__ - Found 28 errors.
11/10/2021 14:54:32 - INFO - __main__ - Start error-fixing .... Timecode: 72
11/10/2021 14:54:48 - INFO - __main__ - Start error-fixing .... Done!
11/10/2021 14:54:50 - INFO - __main__ - Overall: 0.7031639860567515 from scores=[0.5306078767123288, 0.9285714285714286, 0.84375, 0.708984375, 0.50390625]
11/10/2021 14:54:50 - INFO - __main__ - --------------------------------------------------
11/10/2021 14:54:50 - INFO - __main__ - Evaluating to get errors .... Timecode: 73
11/10/2021 14:54:53 - INFO - __main__ - Before Error Fixing: {'EM': 0.625, 'QA-F1': 0.6685763888888888}
11/10/2021 14:54:53 - INFO - __main__ - Found 24 errors.
11/10/2021 14:54:53 - INFO - __main__ - Start error-fixing .... Timecode: 73
11/10/2021 14:55:07 - INFO - __main__ - Start error-fixing .... Done!
11/10/2021 14:55:08 - INFO - __main__ - Overall: 0.7177048141891892 from scores=[0.5318834459459459, 1.0, 0.84375, 0.708984375, 0.50390625]
11/10/2021 14:55:08 - INFO - __main__ - --------------------------------------------------
11/10/2021 14:55:08 - INFO - __main__ - Evaluating to get errors .... Timecode: 74
11/10/2021 14:55:11 - INFO - __main__ - Before Error Fixing: {'EM': 0.484375, 'QA-F1': 0.5643973214285714}
11/10/2021 14:55:11 - INFO - __main__ - Found 33 errors.
11/10/2021 14:55:11 - INFO - __main__ - Start error-fixing .... Timecode: 74
11/10/2021 14:55:31 - INFO - __main__ - Start error-fixing .... Done!
11/10/2021 14:55:32 - INFO - __main__ - Overall: 0.6993963068181819 from scores=[0.53125, 0.9090909090909091, 0.84375, 0.708984375, 0.50390625]
11/10/2021 14:55:32 - INFO - __main__ - --------------------------------------------------
11/10/2021 14:55:32 - INFO - __main__ - Evaluating to get errors .... Timecode: 75
11/10/2021 14:55:35 - INFO - __main__ - Before Error Fixing: {'EM': 0.5625, 'QA-F1': 0.6138392857142857}
11/10/2021 14:55:35 - INFO - __main__ - Found 28 errors.
11/10/2021 14:55:35 - INFO - __main__ - Start error-fixing .... Timecode: 75
11/10/2021 14:55:51 - INFO - __main__ - Start error-fixing .... Done!
11/10/2021 14:55:52 - INFO - __main__ - Overall: 0.7105175046992481 from scores=[0.5316611842105263, 0.9642857142857143, 0.84375, 0.708984375, 0.50390625]
11/10/2021 14:55:52 - INFO - __main__ - --------------------------------------------------
11/10/2021 14:55:52 - INFO - __main__ - Evaluating to get errors .... Timecode: 76
11/10/2021 14:55:57 - INFO - __main__ - Before Error Fixing: {'EM': 0.546875, 'QA-F1': 0.6347030573593073}
11/10/2021 14:55:57 - INFO - __main__ - Found 29 errors.
11/10/2021 14:55:57 - INFO - __main__ - Start error-fixing .... Timecode: 76
11/10/2021 14:56:13 - INFO - __main__ - Start error-fixing .... Done!
11/10/2021 14:56:15 - INFO - __main__ - Overall: 0.7108033265226152 from scores=[0.5318587662337662, 0.9655172413793104, 0.84375, 0.708984375, 0.50390625]
11/10/2021 14:56:15 - INFO - __main__ - --------------------------------------------------
11/10/2021 14:56:15 - INFO - __main__ - Evaluating to get errors .... Timecode: 77
11/10/2021 14:56:19 - INFO - __main__ - Before Error Fixing: {'EM': 0.609375, 'QA-F1': 0.6813988095238095}
11/10/2021 14:56:19 - INFO - __main__ - Found 25 errors.
11/10/2021 14:56:19 - INFO - __main__ - Start error-fixing .... Timecode: 77
11/10/2021 14:56:34 - INFO - __main__ - Start error-fixing .... Done!
11/10/2021 14:56:35 - INFO - __main__ - Overall: 0.7178986378205128 from scores=[0.5328525641025641, 1.0, 0.84375, 0.708984375, 0.50390625]
11/10/2021 14:56:35 - INFO - __main__ - --------------------------------------------------
11/10/2021 14:56:35 - INFO - __main__ - Evaluating to get errors .... Timecode: 78
11/10/2021 14:56:38 - INFO - __main__ - Before Error Fixing: {'EM': 0.640625, 'QA-F1': 0.7041666666666667}
11/10/2021 14:56:38 - INFO - __main__ - Found 23 errors.
11/10/2021 14:56:38 - INFO - __main__ - Start error-fixing .... Timecode: 78
11/10/2021 14:56:52 - INFO - __main__ - Start error-fixing .... Done!
11/10/2021 14:56:53 - INFO - __main__ - Overall: 0.7094758272564666 from scores=[0.5342167721518987, 0.9565217391304348, 0.84375, 0.708984375, 0.50390625]
11/10/2021 14:56:53 - INFO - __main__ - --------------------------------------------------
11/10/2021 14:56:53 - INFO - __main__ - Evaluating to get errors .... Timecode: 79
11/10/2021 14:56:56 - INFO - __main__ - Before Error Fixing: {'EM': 0.484375, 'QA-F1': 0.5785984848484849}
11/10/2021 14:56:56 - INFO - __main__ - Found 33 errors.
11/10/2021 14:56:56 - INFO - __main__ - Start error-fixing .... Timecode: 79
11/10/2021 14:57:16 - INFO - __main__ - Start error-fixing .... Done!
11/10/2021 14:57:18 - INFO - __main__ - Overall: 0.711986268939394 from scores=[0.53359375, 0.9696969696969697, 0.84375, 0.708984375, 0.50390625]
11/10/2021 14:57:18 - INFO - __main__ - --------------------------------------------------
11/10/2021 14:57:18 - INFO - __main__ - Start eval_knowledge_retention for UKR @ Timecode=80
11/10/2021 14:57:43 - INFO - __main__ - Upstream Knowledge Retation (UKR@80): 0.7109
11/10/2021 14:57:44 - INFO - __main__ - Start eval_knowledge_retention for OKR @ Timecode=80
11/10/2021 14:58:14 - INFO - __main__ - Online Knowledge Retation (OKR@80): 0.8223
11/10/2021 14:58:14 - INFO - __main__ - Start eval_knowledge_generalization for KG @ Timecode=80
11/10/2021 14:59:17 - INFO - __main__ - Future Knowledge Generalization (KG@80): 0.5008
11/10/2021 14:59:17 - INFO - __main__ - Evaluating to get errors .... Timecode: 80
11/10/2021 14:59:20 - INFO - __main__ - Before Error Fixing: {'EM': 0.734375, 'QA-F1': 0.7555059523809524}
11/10/2021 14:59:20 - INFO - __main__ - Found 17 errors.
11/10/2021 14:59:20 - INFO - __main__ - Start error-fixing .... Timecode: 80
11/10/2021 14:59:31 - INFO - __main__ - Start error-fixing .... Done!
11/10/2021 14:59:32 - INFO - __main__ - Overall: 0.7022466752904866 from scores=[0.5360725308641976, 0.9411764705882353, 0.822265625, 0.7109375, 0.50078125]
11/10/2021 14:59:34 - INFO - __main__ - Model saved to experiments/ckpt_dirs/qa/owc/qa_oewc_lr=3e-5_ep=10_lbd=1_gm=9e-1_T=100,b=64,alpha=0.9,beta=0.5,gamma=0.8/model_ckpt_080.pt.
11/10/2021 14:59:34 - INFO - __main__ - Updated result feule: experiments/results/qa/qa_oewc_lr=3e-5_ep=10_lbd=1_gm=9e-1_T=100,b=64,alpha=0.9,beta=0.5,gamma=0.8_result.json at Timecode: 80.
11/10/2021 14:59:34 - INFO - __main__ - --------------------------------------------------
11/10/2021 14:59:34 - INFO - __main__ - Evaluating to get errors .... Timecode: 81
11/10/2021 14:59:39 - INFO - __main__ - Before Error Fixing: {'EM': 0.515625, 'QA-F1': 0.6413963620509537}
11/10/2021 14:59:39 - INFO - __main__ - Found 31 errors.
11/10/2021 14:59:39 - INFO - __main__ - Start error-fixing .... Timecode: 81
11/10/2021 14:59:53 - INFO - __main__ - Start error-fixing .... Done!
11/10/2021 14:59:56 - INFO - __main__ - Overall: 0.7010582833398897 from scores=[0.5358231707317074, 0.9354838709677419, 0.822265625, 0.7109375, 0.50078125]
11/10/2021 14:59:56 - INFO - __main__ - --------------------------------------------------
11/10/2021 14:59:56 - INFO - __main__ - Evaluating to get errors .... Timecode: 82
11/10/2021 14:59:59 - INFO - __main__ - Before Error Fixing: {'EM': 0.625, 'QA-F1': 0.6773809523809524}
11/10/2021 14:59:59 - INFO - __main__ - Found 24 errors.
11/10/2021 14:59:59 - INFO - __main__ - Start error-fixing .... Timecode: 82
11/10/2021 15:00:13 - INFO - __main__ - Start error-fixing .... Done!
11/10/2021 15:00:14 - INFO - __main__ - Overall: 0.6975097264056226 from scores=[0.5368975903614458, 0.9166666666666666, 0.822265625, 0.7109375, 0.50078125]
11/10/2021 15:00:14 - INFO - __main__ - --------------------------------------------------
11/10/2021 15:00:14 - INFO - __main__ - Evaluating to get errors .... Timecode: 83
11/10/2021 15:00:17 - INFO - __main__ - Before Error Fixing: {'EM': 0.5625, 'QA-F1': 0.6290660014005602}
11/10/2021 15:00:17 - INFO - __main__ - Found 28 errors.
11/10/2021 15:00:17 - INFO - __main__ - Start error-fixing .... Timecode: 83
11/10/2021 15:00:34 - INFO - __main__ - Start error-fixing .... Done!
11/10/2021 15:00:35 - INFO - __main__ - Overall: 0.6999516369047619 from scores=[0.5372023809523809, 0.9285714285714286, 0.822265625, 0.7109375, 0.50078125]
11/10/2021 15:00:35 - INFO - __main__ - --------------------------------------------------
11/10/2021 15:00:35 - INFO - __main__ - Evaluating to get errors .... Timecode: 84
11/10/2021 15:00:38 - INFO - __main__ - Before Error Fixing: {'EM': 0.546875, 'QA-F1': 0.5855902777777777}
11/10/2021 15:00:38 - INFO - __main__ - Found 29 errors.
11/10/2021 15:00:38 - INFO - __main__ - Start error-fixing .... Timecode: 84
11/10/2021 15:00:55 - INFO - __main__ - Start error-fixing .... Done!
11/10/2021 15:00:56 - INFO - __main__ - Overall: 0.7142601102941176 from scores=[0.5373161764705883, 1.0, 0.822265625, 0.7109375, 0.50078125]
11/10/2021 15:00:56 - INFO - __main__ - --------------------------------------------------
11/10/2021 15:00:56 - INFO - __main__ - Evaluating to get errors .... Timecode: 85
11/10/2021 15:00:59 - INFO - __main__ - Before Error Fixing: {'EM': 0.59375, 'QA-F1': 0.6162280701754386}
11/10/2021 15:00:59 - INFO - __main__ - Found 26 errors.
11/10/2021 15:00:59 - INFO - __main__ - Start error-fixing .... Timecode: 85
11/10/2021 15:01:15 - INFO - __main__ - Start error-fixing .... Done!
11/10/2021 15:01:16 - INFO - __main__ - Overall: 0.691314428667263 from scores=[0.5379723837209303, 0.8846153846153846, 0.822265625, 0.7109375, 0.50078125]
11/10/2021 15:01:16 - INFO - __main__ - --------------------------------------------------
11/10/2021 15:01:16 - INFO - __main__ - Evaluating to get errors .... Timecode: 86
11/10/2021 15:01:20 - INFO - __main__ - Before Error Fixing: {'EM': 0.4375, 'QA-F1': 0.5422980288129745}
11/10/2021 15:01:20 - INFO - __main__ - Found 36 errors.
11/10/2021 15:01:20 - INFO - __main__ - Start error-fixing .... Timecode: 86
11/10/2021 15:01:41 - INFO - __main__ - Start error-fixing .... Done!
11/10/2021 15:01:44 - INFO - __main__ - Overall: 0.7141603807471265 from scores=[0.5368175287356323, 1.0, 0.822265625, 0.7109375, 0.50078125]
11/10/2021 15:01:44 - INFO - __main__ - --------------------------------------------------
11/10/2021 15:01:44 - INFO - __main__ - Evaluating to get errors .... Timecode: 87
11/10/2021 15:01:47 - INFO - __main__ - Before Error Fixing: {'EM': 0.546875, 'QA-F1': 0.5797991071428572}
11/10/2021 15:01:47 - INFO - __main__ - Found 29 errors.
11/10/2021 15:01:47 - INFO - __main__ - Start error-fixing .... Timecode: 87
11/10/2021 15:02:04 - INFO - __main__ - Start error-fixing .... Done!
11/10/2021 15:02:06 - INFO - __main__ - Overall: 0.7072866869122256 from scores=[0.5369318181818181, 0.9655172413793104, 0.822265625, 0.7109375, 0.50078125]
11/10/2021 15:02:06 - INFO - __main__ - --------------------------------------------------
11/10/2021 15:02:06 - INFO - __main__ - Evaluating to get errors .... Timecode: 88
11/10/2021 15:02:09 - INFO - __main__ - Before Error Fixing: {'EM': 0.640625, 'QA-F1': 0.6870535714285715}
11/10/2021 15:02:09 - INFO - __main__ - Found 23 errors.
11/10/2021 15:02:09 - INFO - __main__ - Start error-fixing .... Timecode: 88
11/10/2021 15:02:22 - INFO - __main__ - Start error-fixing .... Done!
11/10/2021 15:02:23 - INFO - __main__ - Overall: 0.7144162570224719 from scores=[0.5380969101123596, 1.0, 0.822265625, 0.7109375, 0.50078125]
11/10/2021 15:02:23 - INFO - __main__ - --------------------------------------------------
11/10/2021 15:02:23 - INFO - __main__ - Evaluating to get errors .... Timecode: 89
11/10/2021 15:02:27 - INFO - __main__ - Before Error Fixing: {'EM': 0.53125, 'QA-F1': 0.6293402777777778}
11/10/2021 15:02:27 - INFO - __main__ - Found 30 errors.
11/10/2021 15:02:27 - INFO - __main__ - Start error-fixing .... Timecode: 89
11/10/2021 15:02:44 - INFO - __main__ - Start error-fixing .... Done!
11/10/2021 15:02:45 - INFO - __main__ - Overall: 0.707734375 from scores=[0.5380208333333334, 0.9666666666666667, 0.822265625, 0.7109375, 0.50078125]
11/10/2021 15:02:45 - INFO - __main__ - --------------------------------------------------
11/10/2021 15:02:45 - INFO - __main__ - Start eval_knowledge_retention for UKR @ Timecode=90
11/10/2021 15:03:08 - INFO - __main__ - Upstream Knowledge Retation (UKR@90): 0.7305
11/10/2021 15:03:09 - INFO - __main__ - Start eval_knowledge_retention for OKR @ Timecode=90
11/10/2021 15:03:38 - INFO - __main__ - Online Knowledge Retation (OKR@90): 0.8535
11/10/2021 15:03:38 - INFO - __main__ - Start eval_knowledge_generalization for KG @ Timecode=90
11/10/2021 15:04:34 - INFO - __main__ - Future Knowledge Generalization (KG@90): 0.4820
11/10/2021 15:04:34 - INFO - __main__ - Evaluating to get errors .... Timecode: 90
11/10/2021 15:04:37 - INFO - __main__ - Before Error Fixing: {'EM': 0.640625, 'QA-F1': 0.684375}
11/10/2021 15:04:37 - INFO - __main__ - Found 23 errors.
11/10/2021 15:04:37 - INFO - __main__ - Start error-fixing .... Timecode: 90
11/10/2021 15:04:51 - INFO - __main__ - Start error-fixing .... Done!
11/10/2021 15:04:52 - INFO - __main__ - Overall: 0.7210327953296704 from scores=[0.5391483516483517, 1.0, 0.853515625, 0.73046875, 0.48203125]
11/10/2021 15:04:54 - INFO - __main__ - Model saved to experiments/ckpt_dirs/qa/owc/qa_oewc_lr=3e-5_ep=10_lbd=1_gm=9e-1_T=100,b=64,alpha=0.9,beta=0.5,gamma=0.8/model_ckpt_090.pt.
11/10/2021 15:04:54 - INFO - __main__ - Updated result feule: experiments/results/qa/qa_oewc_lr=3e-5_ep=10_lbd=1_gm=9e-1_T=100,b=64,alpha=0.9,beta=0.5,gamma=0.8_result.json at Timecode: 90.
11/10/2021 15:04:54 - INFO - __main__ - --------------------------------------------------
11/10/2021 15:04:54 - INFO - __main__ - Evaluating to get errors .... Timecode: 91
11/10/2021 15:04:56 - INFO - __main__ - Before Error Fixing: {'EM': 0.6875, 'QA-F1': 0.7244791666666667}
11/10/2021 15:04:56 - INFO - __main__ - Found 20 errors.
11/10/2021 15:04:56 - INFO - __main__ - Start error-fixing .... Timecode: 91
11/10/2021 15:05:08 - INFO - __main__ - Start error-fixing .... Done!
11/10/2021 15:05:09 - INFO - __main__ - Overall: 0.7213552989130434 from scores=[0.5407608695652174, 1.0, 0.853515625, 0.73046875, 0.48203125]
11/10/2021 15:05:09 - INFO - __main__ - --------------------------------------------------
11/10/2021 15:05:09 - INFO - __main__ - Evaluating to get errors .... Timecode: 92
11/10/2021 15:05:12 - INFO - __main__ - Before Error Fixing: {'EM': 0.59375, 'QA-F1': 0.7196820175438596}
11/10/2021 15:05:12 - INFO - __main__ - Found 26 errors.
11/10/2021 15:05:12 - INFO - __main__ - Start error-fixing .... Timecode: 92
11/10/2021 15:05:26 - INFO - __main__ - Start error-fixing .... Done!
11/10/2021 15:05:28 - INFO - __main__ - Overall: 0.721469254032258 from scores=[0.5413306451612903, 1.0, 0.853515625, 0.73046875, 0.48203125]
11/10/2021 15:05:28 - INFO - __main__ - --------------------------------------------------
11/10/2021 15:05:28 - INFO - __main__ - Evaluating to get errors .... Timecode: 93
11/10/2021 15:05:32 - INFO - __main__ - Before Error Fixing: {'EM': 0.65625, 'QA-F1': 0.7396531419968919}
11/10/2021 15:05:32 - INFO - __main__ - Found 22 errors.
11/10/2021 15:05:32 - INFO - __main__ - Start error-fixing .... Timecode: 93
11/10/2021 15:05:42 - INFO - __main__ - Start error-fixing .... Done!
11/10/2021 15:05:44 - INFO - __main__ - Overall: 0.7217137632978724 from scores=[0.5425531914893618, 1.0, 0.853515625, 0.73046875, 0.48203125]
11/10/2021 15:05:44 - INFO - __main__ - --------------------------------------------------
11/10/2021 15:05:44 - INFO - __main__ - Evaluating to get errors .... Timecode: 94
11/10/2021 15:05:47 - INFO - __main__ - Before Error Fixing: {'EM': 0.59375, 'QA-F1': 0.6289930555555556}
11/10/2021 15:05:47 - INFO - __main__ - Found 26 errors.
11/10/2021 15:05:47 - INFO - __main__ - Start error-fixing .... Timecode: 94
11/10/2021 15:06:03 - INFO - __main__ - Start error-fixing .... Done!
11/10/2021 15:06:04 - INFO - __main__ - Overall: 0.7218215460526316 from scores=[0.5430921052631579, 1.0, 0.853515625, 0.73046875, 0.48203125]
11/10/2021 15:06:04 - INFO - __main__ - --------------------------------------------------
11/10/2021 15:06:04 - INFO - __main__ - Evaluating to get errors .... Timecode: 95
11/10/2021 15:06:08 - INFO - __main__ - Before Error Fixing: {'EM': 0.484375, 'QA-F1': 0.6177359027994487}
11/10/2021 15:06:08 - INFO - __main__ - Found 33 errors.
11/10/2021 15:06:08 - INFO - __main__ - Start error-fixing .... Timecode: 95
11/10/2021 15:06:28 - INFO - __main__ - Start error-fixing .... Done!
11/10/2021 15:06:30 - INFO - __main__ - Overall: 0.7156386126893939 from scores=[0.54248046875, 0.9696969696969697, 0.853515625, 0.73046875, 0.48203125]
11/10/2021 15:06:30 - INFO - __main__ - --------------------------------------------------
11/10/2021 15:06:30 - INFO - __main__ - Evaluating to get errors .... Timecode: 96
11/10/2021 15:06:34 - INFO - __main__ - Before Error Fixing: {'EM': 0.53125, 'QA-F1': 0.6445707070707071}
11/10/2021 15:06:34 - INFO - __main__ - Found 30 errors.
11/10/2021 15:06:34 - INFO - __main__ - Start error-fixing .... Timecode: 96
11/10/2021 15:06:51 - INFO - __main__ - Start error-fixing .... Done!
11/10/2021 15:06:53 - INFO - __main__ - Overall: 0.72167606314433 from scores=[0.5423646907216495, 1.0, 0.853515625, 0.73046875, 0.48203125]
11/10/2021 15:06:53 - INFO - __main__ - --------------------------------------------------
11/10/2021 15:06:53 - INFO - __main__ - Evaluating to get errors .... Timecode: 97
11/10/2021 15:06:57 - INFO - __main__ - Before Error Fixing: {'EM': 0.5, 'QA-F1': 0.6088732136223912}
11/10/2021 15:06:57 - INFO - __main__ - Found 32 errors.
11/10/2021 15:06:57 - INFO - __main__ - Start error-fixing .... Timecode: 97
11/10/2021 15:07:14 - INFO - __main__ - Start error-fixing .... Done!
11/10/2021 15:07:17 - INFO - __main__ - Overall: 0.7090896045918368 from scores=[0.5419323979591837, 0.9375, 0.853515625, 0.73046875, 0.48203125]
11/10/2021 15:07:17 - INFO - __main__ - --------------------------------------------------
11/10/2021 15:07:17 - INFO - __main__ - Evaluating to get errors .... Timecode: 98
11/10/2021 15:07:20 - INFO - __main__ - Before Error Fixing: {'EM': 0.65625, 'QA-F1': 0.7076822916666667}
11/10/2021 15:07:20 - INFO - __main__ - Found 22 errors.
11/10/2021 15:07:20 - INFO - __main__ - Start error-fixing .... Timecode: 98
11/10/2021 15:07:33 - INFO - __main__ - Start error-fixing .... Done!
11/10/2021 15:07:35 - INFO - __main__ - Overall: 0.7218205492424242 from scores=[0.5430871212121212, 1.0, 0.853515625, 0.73046875, 0.48203125]
11/10/2021 15:07:35 - INFO - __main__ - --------------------------------------------------
11/10/2021 15:07:35 - INFO - __main__ - Start eval_knowledge_retention for UKR @ Timecode=99
11/10/2021 15:07:58 - INFO - __main__ - Upstream Knowledge Retation (UKR@99): 0.6895
11/10/2021 15:08:00 - INFO - __main__ - Start eval_knowledge_retention for OKR @ Timecode=99
11/10/2021 15:08:30 - INFO - __main__ - Online Knowledge Retation (OKR@99): 0.8281
11/10/2021 15:08:30 - INFO - __main__ - Start eval_knowledge_generalization for KG @ Timecode=99
11/10/2021 15:09:32 - INFO - __main__ - Future Knowledge Generalization (KG@99): 0.5078
11/10/2021 15:09:32 - INFO - __main__ - Evaluating to get errors .... Timecode: 99
11/10/2021 15:09:35 - INFO - __main__ - Before Error Fixing: {'EM': 0.59375, 'QA-F1': 0.6638888888888889}
11/10/2021 15:09:35 - INFO - __main__ - Found 26 errors.
11/10/2021 15:09:35 - INFO - __main__ - Start error-fixing .... Timecode: 99
11/10/2021 15:09:51 - INFO - __main__ - Start error-fixing .... Done!
11/10/2021 15:09:52 - INFO - __main__ - Overall: 0.7061045673076923 from scores=[0.54359375, 0.9615384615384616, 0.828125, 0.689453125, 0.5078125]
11/10/2021 15:09:52 - INFO - __main__ - --------------------------------------------------
11/10/2021 15:09:52 - INFO - __main__ - Start the final evaluation.
11/10/2021 15:09:52 - INFO - __main__ - Nothing here.
11/10/2021 15:09:54 - INFO - __main__ - Model saved to experiments/ckpt_dirs/qa/owc/qa_oewc_lr=3e-5_ep=10_lbd=1_gm=9e-1_T=100,b=64,alpha=0.9,beta=0.5,gamma=0.8/model_ckpt_100.pt.
11/10/2021 15:09:54 - INFO - __main__ - Updated result feule: experiments/results/qa/qa_oewc_lr=3e-5_ep=10_lbd=1_gm=9e-1_T=100,b=64,alpha=0.9,beta=0.5,gamma=0.8_result.json at Timecode: 100.
11/10/2021 15:09:54 - INFO - __main__ - Finished. Results saved to experiments/results/qa/qa_oewc_lr=3e-5_ep=10_lbd=1_gm=9e-1_T=100,b=64,alpha=0.9,beta=0.5,gamma=0.8_result.json
