11/10/2021 14:12:34 - INFO - __main__ - Namespace(adam_epsilon=1e-08, adapter_dim=32, append_another_bos=1, base_model_path='out/mrqa_squad_bart-base_1029_upstream_model//best-model.pt', base_model_type='facebook/bart-base', ckpt_dir='experiments/ckpt_dirs/qa/owc/qa_oewc_lr=3e-5_ep=10_lbd=10_gm=1_T=100,b=64,alpha=0.9,beta=0.5,gamma=0.8', cl_method_name='online_ewc', current_thread_id=None, diff_loss_weight=0, do_lowercase=False, ewc_gamma=1.0, ewc_lambda=10.0, example_encoder_name='roberta-base', freeze_embeds=False, gradient_accumulation_steps=1, heldout_submission_data='experiments/eval_data/qa/heldout_eval.jsonl', index_rank_method='most_similar', indexing_args_path='exp_results/supervision_data/1012_dm_simple.train_args.json', indexing_method='bart_index', inference_query_size=1, init_memory_cache_path='bug_data/memory_key_cache.pkl', kg_eval_freq=10, kg_eval_mode='metric', kr_eval_freq=10, kr_eval_mode='metric', learning_rate=3e-05, local_adapt_lr=1e-05, max_grad_norm=0.1, max_input_length=888, max_output_length=50, max_timecode=100, memory_key_encoder='facebook/bart-base', memory_path='', memory_store_rate=1.0, mir_abalation_args='none', num_adapt_epochs=1, num_beams=3, num_threads_eval=0, num_train_epochs=10.0, okr_sample_seed=1337, okr_sample_size=512, path_to_thread_result=None, predict_batch_size=48, prefix='qa_oewc_lr=3e-5_ep=10_lbd=10_gm=1_T=100,b=64,alpha=0.9,beta=0.5,gamma=0.8', replay_candidate_size=8, replay_frequency=1, replay_size=8, result_file='experiments/results/qa/qa_oewc_lr=3e-5_ep=10_lbd=10_gm=1_T=100,b=64,alpha=0.9,beta=0.5,gamma=0.8_result.json', save_ckpt_freq=10, seed=42, skip_instant_eval=False, submission_stream_data='experiments/eval_data/qa/submission_stream.T=100,b=64,alpha=0.9,beta=0.5,gamma=0.8.json', task_emb_dim=768, task_name='mrqa', train_batch_size=8, upstream_data_path='data/mrqa_squad/mrqa_squad_train.jsonl', upstream_eval_data='experiments/eval_data/qa/upstream_eval.jsonl', upstream_sample_ratio=-1, use_mir=False, use_replay_mix=False, use_wandb=True, weight_decay=0.01)
11/10/2021 14:12:35 - INFO - transformers.tokenization_utils - loading file https://s3.amazonaws.com/models.huggingface.co/bert/roberta-large-vocab.json from cache at /private/home/yuchenlin/.cache/torch/transformers/1ae1f5b6e2b22b25ccc04c000bb79ca847aa226d0761536b011cf7e5868f0655.ef00af9e673c7160b4d41cfda1f48c5f4cba57d5142754525572a846a1ab1b9b
11/10/2021 14:12:35 - INFO - transformers.tokenization_utils - loading file https://s3.amazonaws.com/models.huggingface.co/bert/roberta-large-merges.txt from cache at /private/home/yuchenlin/.cache/torch/transformers/f8f83199a6270d582d6245dc100e99c4155de81c9745c6248077018fe01abcfb.70bec105b4158ed9a1747fea67a43f5dee97855c64d62b6ec3742f4cfdb5feda
11/10/2021 14:12:55 - INFO - __main__ - load_data: len(upstream_eval_examples)=512
11/10/2021 14:12:56 - INFO - __main__ - load_data: len(heldout_eval_examples)=1280
11/10/2021 14:13:00 - INFO - __main__ - Loading checkpoint from out/mrqa_squad_bart-base_1029_upstream_model//best-model.pt for facebook/bart-base .....
11/10/2021 14:13:02 - INFO - transformers.configuration_utils - loading configuration file https://s3.amazonaws.com/models.huggingface.co/bert/facebook/bart-base/config.json from cache at /private/home/yuchenlin/.cache/torch/transformers/09f4fcaeaf785dd3b97b085d6e3510c7081f586ec8e75981683c6299c0f81d9d.e8d516ad807436d395effad8c2326786872659b7dd1210827ac67c761198a0eb
11/10/2021 14:13:02 - INFO - transformers.configuration_utils - Model config BartConfig {
  "activation_dropout": 0.1,
  "activation_function": "gelu",
  "add_bias_logits": false,
  "add_final_layer_norm": false,
  "architectures": [
    "BartModel",
    "BartForConditionalGeneration",
    "BartForSequenceClassification"
  ],
  "attention_dropout": 0.1,
  "bos_token_id": 0,
  "classif_dropout": 0.0,
  "d_model": 768,
  "decoder_attention_heads": 12,
  "decoder_ffn_dim": 3072,
  "decoder_layerdrop": 0.0,
  "decoder_layers": 6,
  "decoder_start_token_id": 2,
  "dropout": 0.1,
  "early_stopping": true,
  "encoder_attention_heads": 12,
  "encoder_ffn_dim": 3072,
  "encoder_layerdrop": 0.0,
  "encoder_layers": 6,
  "eos_token_id": 2,
  "id2label": {
    "0": "LABEL_0",
    "1": "LABEL_1",
    "2": "LABEL_2"
  },
  "init_std": 0.02,
  "is_encoder_decoder": true,
  "label2id": {
    "LABEL_0": 0,
    "LABEL_1": 1,
    "LABEL_2": 2
  },
  "max_position_embeddings": 1024,
  "model_type": "bart",
  "no_repeat_ngram_size": 3,
  "normalize_before": false,
  "normalize_embedding": true,
  "num_beams": 4,
  "num_hidden_layers": 6,
  "pad_token_id": 1,
  "scale_embedding": false,
  "static_position_embeddings": false,
  "task_specific_params": {
    "summarization": {
      "length_penalty": 1.0,
      "max_length": 128,
      "min_length": 12,
      "num_beams": 4
    },
    "summarization_cnn": {
      "length_penalty": 2.0,
      "max_length": 142,
      "min_length": 56,
      "num_beams": 4
    },
    "summarization_xsum": {
      "length_penalty": 1.0,
      "max_length": 62,
      "min_length": 11,
      "num_beams": 6
    }
  },
  "vocab_size": 50265
}

11/10/2021 14:13:02 - INFO - transformers.modeling_utils - loading weights file https://cdn.huggingface.co/facebook/bart-base/pytorch_model.bin from cache at /private/home/yuchenlin/.cache/torch/transformers/566c05fb6983817e8ad7a4fa51e3099fe9caa3b31730f964bc5198d71c677523.0a3d95c18c1e434448941bc25accea7b122882be6526fb67c8e8fb6d5ebc711c
11/10/2021 14:13:05 - INFO - __main__ - Loading checkpoint from out/mrqa_squad_bart-base_1029_upstream_model//best-model.pt for facebook/bart-base ..... Done!
11/10/2021 14:13:11 - INFO - __main__ - Moving to the GPUs.
11/10/2021 14:13:11 - INFO - __main__ - Debugger Setup ......
11/10/2021 14:13:11 - INFO - __main__ - debugger_args: Namespace(adam_epsilon=1e-08, ckpt_dir='experiments/ckpt_dirs/qa/owc/qa_oewc_lr=3e-5_ep=10_lbd=10_gm=1_T=100,b=64,alpha=0.9,beta=0.5,gamma=0.8', diff_loss_weight=0, ewc_gamma=1.0, ewc_lambda=10.0, gradient_accumulation_steps=1, kg_eval_freq=10, kg_eval_mode='metric', kr_eval_freq=10, kr_eval_mode='metric', learning_rate=3e-05, max_grad_norm=0.1, num_epochs=10.0, okr_sample_seed=1337, okr_sample_size=512, save_ckpt_freq=10, skip_instant_eval=False, total_steps=10000, warmup_steps=0, weight_decay=0.01) ......
11/10/2021 14:13:11 - INFO - __main__ - optimizer & scheduler Setup ...... Done!
11/10/2021 14:13:11 - INFO - __main__ - Debugger Setup ...... Done!
11/10/2021 14:13:11 - INFO - __main__ - Start Online Debugging with Dynamic Error Mode
11/10/2021 14:13:11 - INFO - __main__ - Number of Batches of Data: 100
11/10/2021 14:13:11 - INFO - __main__ - Data Batch Size: 64;
11/10/2021 14:13:13 - INFO - __main__ - Model saved to experiments/ckpt_dirs/qa/owc/qa_oewc_lr=3e-5_ep=10_lbd=10_gm=1_T=100,b=64,alpha=0.9,beta=0.5,gamma=0.8/model_ckpt_000.pt.
11/10/2021 14:13:13 - INFO - __main__ - Start eval_knowledge_retention for UKR @ Timecode=0
11/10/2021 14:13:35 - INFO - __main__ - Upstream Knowledge Retation (UKR@0): 0.8027
11/10/2021 14:13:35 - INFO - __main__ - Start eval_knowledge_generalization for KG @ Timecode=0
11/10/2021 14:15:03 - INFO - __main__ - Future Knowledge Generalization (KG@0): 0.3125
11/10/2021 14:15:03 - INFO - __main__ - Evaluating to get errors .... Timecode: 0
11/10/2021 14:15:05 - INFO - __main__ - Before Error Fixing: {'EM': 0.828125, 'QA-F1': 0.8576388888888888}
11/10/2021 14:15:05 - INFO - __main__ - Found 11 errors.
11/10/2021 14:15:05 - INFO - __main__ - Start error-fixing .... Timecode: 0
11/10/2021 14:15:09 - INFO - __main__ - Start error-fixing .... Done!
11/10/2021 14:15:10 - INFO - __main__ - Overall: 0.9140625 from scores=[0.828125, 1.0]
11/10/2021 14:15:12 - INFO - __main__ - Model saved to experiments/ckpt_dirs/qa/owc/qa_oewc_lr=3e-5_ep=10_lbd=10_gm=1_T=100,b=64,alpha=0.9,beta=0.5,gamma=0.8/model_ckpt_000.pt.
11/10/2021 14:15:12 - INFO - __main__ - Updated result feule: experiments/results/qa/qa_oewc_lr=3e-5_ep=10_lbd=10_gm=1_T=100,b=64,alpha=0.9,beta=0.5,gamma=0.8_result.json at Timecode: 0.
11/10/2021 14:15:12 - INFO - __main__ - --------------------------------------------------
11/10/2021 14:15:12 - INFO - __main__ - Evaluating to get errors .... Timecode: 1
11/10/2021 14:15:14 - INFO - __main__ - Before Error Fixing: {'EM': 0.78125, 'QA-F1': 0.8189732142857142}
11/10/2021 14:15:14 - INFO - __main__ - Found 14 errors.
11/10/2021 14:15:14 - INFO - __main__ - Start error-fixing .... Timecode: 1
11/10/2021 14:15:21 - INFO - __main__ - Start error-fixing .... Done!
11/10/2021 14:15:22 - INFO - __main__ - Overall: 0.90234375 from scores=[0.8046875, 1.0]
11/10/2021 14:15:22 - INFO - __main__ - --------------------------------------------------
11/10/2021 14:15:22 - INFO - __main__ - Evaluating to get errors .... Timecode: 2
11/10/2021 14:15:25 - INFO - __main__ - Before Error Fixing: {'EM': 0.8125, 'QA-F1': 0.8835985195360195}
11/10/2021 14:15:25 - INFO - __main__ - Found 12 errors.
11/10/2021 14:15:25 - INFO - __main__ - Start error-fixing .... Timecode: 2
11/10/2021 14:15:30 - INFO - __main__ - Start error-fixing .... Done!
11/10/2021 14:15:31 - INFO - __main__ - Overall: 0.9036458333333333 from scores=[0.8072916666666666, 1.0]
11/10/2021 14:15:31 - INFO - __main__ - --------------------------------------------------
11/10/2021 14:15:31 - INFO - __main__ - Evaluating to get errors .... Timecode: 3
11/10/2021 14:15:34 - INFO - __main__ - Before Error Fixing: {'EM': 0.5625, 'QA-F1': 0.6410004058441559}
11/10/2021 14:15:34 - INFO - __main__ - Found 28 errors.
11/10/2021 14:15:34 - INFO - __main__ - Start error-fixing .... Timecode: 3
11/10/2021 14:15:51 - INFO - __main__ - Start error-fixing .... Done!
11/10/2021 14:15:52 - INFO - __main__ - Overall: 0.873046875 from scores=[0.74609375, 1.0]
11/10/2021 14:15:52 - INFO - __main__ - --------------------------------------------------
11/10/2021 14:15:52 - INFO - __main__ - Evaluating to get errors .... Timecode: 4
11/10/2021 14:15:54 - INFO - __main__ - Before Error Fixing: {'EM': 0.671875, 'QA-F1': 0.7470012626262627}
11/10/2021 14:15:54 - INFO - __main__ - Found 21 errors.
11/10/2021 14:15:54 - INFO - __main__ - Start error-fixing .... Timecode: 4
11/10/2021 14:16:04 - INFO - __main__ - Start error-fixing .... Done!
11/10/2021 14:16:05 - INFO - __main__ - Overall: 0.8418154761904761 from scores=[0.73125, 0.9523809523809523]
11/10/2021 14:16:05 - INFO - __main__ - --------------------------------------------------
11/10/2021 14:16:05 - INFO - __main__ - Evaluating to get errors .... Timecode: 5
11/10/2021 14:16:07 - INFO - __main__ - Before Error Fixing: {'EM': 0.59375, 'QA-F1': 0.6643038799968148}
11/10/2021 14:16:07 - INFO - __main__ - Found 26 errors.
11/10/2021 14:16:07 - INFO - __main__ - Start error-fixing .... Timecode: 5
11/10/2021 14:16:21 - INFO - __main__ - Start error-fixing .... Done!
11/10/2021 14:16:22 - INFO - __main__ - Overall: 0.8541666666666666 from scores=[0.7083333333333333, 1.0]
11/10/2021 14:16:22 - INFO - __main__ - --------------------------------------------------
11/10/2021 14:16:22 - INFO - __main__ - Evaluating to get errors .... Timecode: 6
11/10/2021 14:16:26 - INFO - __main__ - Before Error Fixing: {'EM': 0.53125, 'QA-F1': 0.6743410184586656}
11/10/2021 14:16:26 - INFO - __main__ - Found 30 errors.
11/10/2021 14:16:26 - INFO - __main__ - Start error-fixing .... Timecode: 6
11/10/2021 14:16:40 - INFO - __main__ - Start error-fixing .... Done!
11/10/2021 14:16:42 - INFO - __main__ - Overall: 0.8081845238095238 from scores=[0.6830357142857143, 0.9333333333333333]
11/10/2021 14:16:42 - INFO - __main__ - --------------------------------------------------
11/10/2021 14:16:42 - INFO - __main__ - Evaluating to get errors .... Timecode: 7
11/10/2021 14:16:46 - INFO - __main__ - Before Error Fixing: {'EM': 0.65625, 'QA-F1': 0.711046301533434}
11/10/2021 14:16:46 - INFO - __main__ - Found 22 errors.
11/10/2021 14:16:46 - INFO - __main__ - Start error-fixing .... Timecode: 7
11/10/2021 14:16:56 - INFO - __main__ - Start error-fixing .... Done!
11/10/2021 14:16:58 - INFO - __main__ - Overall: 0.8171164772727273 from scores=[0.6796875, 0.9545454545454546]
11/10/2021 14:16:58 - INFO - __main__ - --------------------------------------------------
11/10/2021 14:16:58 - INFO - __main__ - Evaluating to get errors .... Timecode: 8
11/10/2021 14:17:01 - INFO - __main__ - Before Error Fixing: {'EM': 0.609375, 'QA-F1': 0.6706708176691729}
11/10/2021 14:17:01 - INFO - __main__ - Found 25 errors.
11/10/2021 14:17:01 - INFO - __main__ - Start error-fixing .... Timecode: 8
11/10/2021 14:17:15 - INFO - __main__ - Start error-fixing .... Done!
11/10/2021 14:17:16 - INFO - __main__ - Overall: 0.8359375 from scores=[0.671875, 1.0]
11/10/2021 14:17:16 - INFO - __main__ - --------------------------------------------------
11/10/2021 14:17:16 - INFO - __main__ - Evaluating to get errors .... Timecode: 9
11/10/2021 14:17:19 - INFO - __main__ - Before Error Fixing: {'EM': 0.46875, 'QA-F1': 0.5629593063186813}
11/10/2021 14:17:19 - INFO - __main__ - Found 34 errors.
11/10/2021 14:17:20 - INFO - __main__ - Start error-fixing .... Timecode: 9
11/10/2021 14:17:40 - INFO - __main__ - Start error-fixing .... Done!
11/10/2021 14:17:42 - INFO - __main__ - Overall: 0.8110753676470588 from scores=[0.6515625, 0.9705882352941176]
11/10/2021 14:17:42 - INFO - __main__ - --------------------------------------------------
11/10/2021 14:17:42 - INFO - __main__ - Start eval_knowledge_retention for UKR @ Timecode=10
11/10/2021 14:18:01 - INFO - __main__ - Upstream Knowledge Retation (UKR@10): 0.7559
11/10/2021 14:18:02 - INFO - __main__ - Start eval_knowledge_retention for OKR @ Timecode=10
11/10/2021 14:18:30 - INFO - __main__ - Online Knowledge Retation (OKR@10): 0.9180
11/10/2021 14:18:30 - INFO - __main__ - Start eval_knowledge_generalization for KG @ Timecode=10
11/10/2021 14:19:27 - INFO - __main__ - Future Knowledge Generalization (KG@10): 0.4531
11/10/2021 14:19:27 - INFO - __main__ - Evaluating to get errors .... Timecode: 10
11/10/2021 14:19:29 - INFO - __main__ - Before Error Fixing: {'EM': 0.53125, 'QA-F1': 0.6127604166666667}
11/10/2021 14:19:29 - INFO - __main__ - Found 30 errors.
11/10/2021 14:19:29 - INFO - __main__ - Start error-fixing .... Timecode: 10
11/10/2021 14:19:47 - INFO - __main__ - Start error-fixing .... Done!
11/10/2021 14:19:48 - INFO - __main__ - Overall: 0.753515625 from scores=[0.640625, 1.0, 0.91796875, 0.755859375, 0.453125]
11/10/2021 14:19:50 - INFO - __main__ - Model saved to experiments/ckpt_dirs/qa/owc/qa_oewc_lr=3e-5_ep=10_lbd=10_gm=1_T=100,b=64,alpha=0.9,beta=0.5,gamma=0.8/model_ckpt_010.pt.
11/10/2021 14:19:50 - INFO - __main__ - Updated result feule: experiments/results/qa/qa_oewc_lr=3e-5_ep=10_lbd=10_gm=1_T=100,b=64,alpha=0.9,beta=0.5,gamma=0.8_result.json at Timecode: 10.
11/10/2021 14:19:50 - INFO - __main__ - --------------------------------------------------
11/10/2021 14:19:50 - INFO - __main__ - Evaluating to get errors .... Timecode: 11
11/10/2021 14:19:53 - INFO - __main__ - Before Error Fixing: {'EM': 0.59375, 'QA-F1': 0.6373968479437229}
11/10/2021 14:19:53 - INFO - __main__ - Found 26 errors.
11/10/2021 14:19:53 - INFO - __main__ - Start error-fixing .... Timecode: 11
11/10/2021 14:20:07 - INFO - __main__ - Start error-fixing .... Done!
11/10/2021 14:20:08 - INFO - __main__ - Overall: 0.7450420673076923 from scores=[0.63671875, 0.9615384615384616, 0.91796875, 0.755859375, 0.453125]
11/10/2021 14:20:08 - INFO - __main__ - --------------------------------------------------
11/10/2021 14:20:08 - INFO - __main__ - Evaluating to get errors .... Timecode: 12
11/10/2021 14:20:11 - INFO - __main__ - Before Error Fixing: {'EM': 0.546875, 'QA-F1': 0.621140873015873}
11/10/2021 14:20:11 - INFO - __main__ - Found 29 errors.
11/10/2021 14:20:11 - INFO - __main__ - Start error-fixing .... Timecode: 12
11/10/2021 14:20:27 - INFO - __main__ - Start error-fixing .... Done!
11/10/2021 14:20:29 - INFO - __main__ - Overall: 0.7444556117374005 from scores=[0.6298076923076923, 0.9655172413793104, 0.91796875, 0.755859375, 0.453125]
11/10/2021 14:20:29 - INFO - __main__ - --------------------------------------------------
11/10/2021 14:20:29 - INFO - __main__ - Evaluating to get errors .... Timecode: 13
11/10/2021 14:20:32 - INFO - __main__ - Before Error Fixing: {'EM': 0.515625, 'QA-F1': 0.582383817702214}
11/10/2021 14:20:32 - INFO - __main__ - Found 31 errors.
11/10/2021 14:20:32 - INFO - __main__ - Start error-fixing .... Timecode: 13
11/10/2021 14:20:49 - INFO - __main__ - Start error-fixing .... Done!
11/10/2021 14:20:51 - INFO - __main__ - Overall: 0.7432693692396313 from scores=[0.6216517857142857, 0.967741935483871, 0.91796875, 0.755859375, 0.453125]
11/10/2021 14:20:51 - INFO - __main__ - --------------------------------------------------
11/10/2021 14:20:51 - INFO - __main__ - Evaluating to get errors .... Timecode: 14
11/10/2021 14:20:54 - INFO - __main__ - Before Error Fixing: {'EM': 0.515625, 'QA-F1': 0.6276802031119465}
11/10/2021 14:20:54 - INFO - __main__ - Found 31 errors.
11/10/2021 14:20:54 - INFO - __main__ - Start error-fixing .... Timecode: 14
11/10/2021 14:21:08 - INFO - __main__ - Start error-fixing .... Done!
11/10/2021 14:21:09 - INFO - __main__ - Overall: 0.7483072916666667 from scores=[0.6145833333333333, 1.0, 0.91796875, 0.755859375, 0.453125]
11/10/2021 14:21:09 - INFO - __main__ - --------------------------------------------------
11/10/2021 14:21:09 - INFO - __main__ - Evaluating to get errors .... Timecode: 15
11/10/2021 14:21:13 - INFO - __main__ - Before Error Fixing: {'EM': 0.515625, 'QA-F1': 0.6512851731601732}
11/10/2021 14:21:13 - INFO - __main__ - Found 31 errors.
11/10/2021 14:21:13 - INFO - __main__ - Start error-fixing .... Timecode: 15
11/10/2021 14:21:29 - INFO - __main__ - Start error-fixing .... Done!
11/10/2021 14:21:31 - INFO - __main__ - Overall: 0.7470703125 from scores=[0.6083984375, 1.0, 0.91796875, 0.755859375, 0.453125]
11/10/2021 14:21:31 - INFO - __main__ - --------------------------------------------------
11/10/2021 14:21:31 - INFO - __main__ - Evaluating to get errors .... Timecode: 16
11/10/2021 14:21:34 - INFO - __main__ - Before Error Fixing: {'EM': 0.515625, 'QA-F1': 0.6225299006549008}
11/10/2021 14:21:34 - INFO - __main__ - Found 31 errors.
11/10/2021 14:21:34 - INFO - __main__ - Start error-fixing .... Timecode: 16
11/10/2021 14:21:52 - INFO - __main__ - Start error-fixing .... Done!
11/10/2021 14:21:54 - INFO - __main__ - Overall: 0.7459788602941176 from scores=[0.6029411764705883, 1.0, 0.91796875, 0.755859375, 0.453125]
11/10/2021 14:21:54 - INFO - __main__ - --------------------------------------------------
11/10/2021 14:21:54 - INFO - __main__ - Evaluating to get errors .... Timecode: 17
11/10/2021 14:21:58 - INFO - __main__ - Before Error Fixing: {'EM': 0.453125, 'QA-F1': 0.538719452000702}
11/10/2021 14:21:58 - INFO - __main__ - Found 35 errors.
11/10/2021 14:21:58 - INFO - __main__ - Start error-fixing .... Timecode: 17
11/10/2021 14:22:18 - INFO - __main__ - Start error-fixing .... Done!
11/10/2021 14:22:21 - INFO - __main__ - Overall: 0.7385999503968254 from scores=[0.5946180555555556, 0.9714285714285714, 0.91796875, 0.755859375, 0.453125]
11/10/2021 14:22:21 - INFO - __main__ - --------------------------------------------------
11/10/2021 14:22:21 - INFO - __main__ - Evaluating to get errors .... Timecode: 18
11/10/2021 14:22:25 - INFO - __main__ - Before Error Fixing: {'EM': 0.375, 'QA-F1': 0.510881862496053}
11/10/2021 14:22:25 - INFO - __main__ - Found 40 errors.
11/10/2021 14:22:25 - INFO - __main__ - Start error-fixing .... Timecode: 18
11/10/2021 14:22:47 - INFO - __main__ - Start error-fixing .... Done!
11/10/2021 14:22:50 - INFO - __main__ - Overall: 0.7370024671052631 from scores=[0.5830592105263157, 0.975, 0.91796875, 0.755859375, 0.453125]
11/10/2021 14:22:50 - INFO - __main__ - --------------------------------------------------
11/10/2021 14:22:50 - INFO - __main__ - Evaluating to get errors .... Timecode: 19
11/10/2021 14:22:53 - INFO - __main__ - Before Error Fixing: {'EM': 0.359375, 'QA-F1': 0.512460542929293}
11/10/2021 14:22:53 - INFO - __main__ - Found 41 errors.
11/10/2021 14:22:54 - INFO - __main__ - Start error-fixing .... Timecode: 19
11/10/2021 14:23:18 - INFO - __main__ - Start error-fixing .... Done!
11/10/2021 14:23:21 - INFO - __main__ - Overall: 0.7348875762195122 from scores=[0.571875, 0.975609756097561, 0.91796875, 0.755859375, 0.453125]
11/10/2021 14:23:21 - INFO - __main__ - --------------------------------------------------
11/10/2021 14:23:21 - INFO - __main__ - Start eval_knowledge_retention for UKR @ Timecode=20
11/10/2021 14:23:44 - INFO - __main__ - Upstream Knowledge Retation (UKR@20): 0.7383
11/10/2021 14:23:45 - INFO - __main__ - Start eval_knowledge_retention for OKR @ Timecode=20
11/10/2021 14:24:17 - INFO - __main__ - Online Knowledge Retation (OKR@20): 0.8828
11/10/2021 14:24:17 - INFO - __main__ - Start eval_knowledge_generalization for KG @ Timecode=20
11/10/2021 14:25:23 - INFO - __main__ - Future Knowledge Generalization (KG@20): 0.5000
11/10/2021 14:25:23 - INFO - __main__ - Evaluating to get errors .... Timecode: 20
11/10/2021 14:25:27 - INFO - __main__ - Before Error Fixing: {'EM': 0.578125, 'QA-F1': 0.6555989583333333}
11/10/2021 14:25:27 - INFO - __main__ - Found 27 errors.
11/10/2021 14:25:27 - INFO - __main__ - Start error-fixing .... Timecode: 20
11/10/2021 14:25:44 - INFO - __main__ - Start error-fixing .... Done!
11/10/2021 14:25:45 - INFO - __main__ - Overall: 0.7386532738095238 from scores=[0.5721726190476191, 1.0, 0.8828125, 0.73828125, 0.5]
11/10/2021 14:25:46 - INFO - __main__ - Model saved to experiments/ckpt_dirs/qa/owc/qa_oewc_lr=3e-5_ep=10_lbd=10_gm=1_T=100,b=64,alpha=0.9,beta=0.5,gamma=0.8/model_ckpt_020.pt.
11/10/2021 14:25:46 - INFO - __main__ - Updated result feule: experiments/results/qa/qa_oewc_lr=3e-5_ep=10_lbd=10_gm=1_T=100,b=64,alpha=0.9,beta=0.5,gamma=0.8_result.json at Timecode: 20.
11/10/2021 14:25:46 - INFO - __main__ - --------------------------------------------------
11/10/2021 14:25:46 - INFO - __main__ - Evaluating to get errors .... Timecode: 21
11/10/2021 14:25:50 - INFO - __main__ - Before Error Fixing: {'EM': 0.59375, 'QA-F1': 0.6999042593322284}
11/10/2021 14:25:50 - INFO - __main__ - Found 26 errors.
11/10/2021 14:25:50 - INFO - __main__ - Start error-fixing .... Timecode: 21
11/10/2021 14:26:05 - INFO - __main__ - Start error-fixing .... Done!
11/10/2021 14:26:07 - INFO - __main__ - Overall: 0.7157725087412588 from scores=[0.5731534090909092, 0.8846153846153846, 0.8828125, 0.73828125, 0.5]
11/10/2021 14:26:07 - INFO - __main__ - --------------------------------------------------
11/10/2021 14:26:07 - INFO - __main__ - Evaluating to get errors .... Timecode: 22
11/10/2021 14:26:11 - INFO - __main__ - Before Error Fixing: {'EM': 0.484375, 'QA-F1': 0.6279370221103}
11/10/2021 14:26:11 - INFO - __main__ - Found 33 errors.
11/10/2021 14:26:11 - INFO - __main__ - Start error-fixing .... Timecode: 22
11/10/2021 14:26:28 - INFO - __main__ - Start error-fixing .... Done!
11/10/2021 14:26:31 - INFO - __main__ - Overall: 0.7259562335309618 from scores=[0.5692934782608696, 0.9393939393939394, 0.8828125, 0.73828125, 0.5]
11/10/2021 14:26:31 - INFO - __main__ - --------------------------------------------------
11/10/2021 14:26:31 - INFO - __main__ - Evaluating to get errors .... Timecode: 23
11/10/2021 14:26:34 - INFO - __main__ - Before Error Fixing: {'EM': 0.578125, 'QA-F1': 0.6409420289855072}
11/10/2021 14:26:34 - INFO - __main__ - Found 27 errors.
11/10/2021 14:26:34 - INFO - __main__ - Start error-fixing .... Timecode: 23
11/10/2021 14:26:51 - INFO - __main__ - Start error-fixing .... Done!
11/10/2021 14:26:53 - INFO - __main__ - Overall: 0.7233362268518518 from scores=[0.5696614583333333, 0.9259259259259259, 0.8828125, 0.73828125, 0.5]
11/10/2021 14:26:53 - INFO - __main__ - --------------------------------------------------
11/10/2021 14:26:53 - INFO - __main__ - Evaluating to get errors .... Timecode: 24
11/10/2021 14:26:56 - INFO - __main__ - Before Error Fixing: {'EM': 0.40625, 'QA-F1': 0.5064670138888889}
11/10/2021 14:26:56 - INFO - __main__ - Found 38 errors.
11/10/2021 14:26:56 - INFO - __main__ - Start error-fixing .... Timecode: 24
11/10/2021 14:27:18 - INFO - __main__ - Start error-fixing .... Done!
11/10/2021 14:27:21 - INFO - __main__ - Overall: 0.73684375 from scores=[0.563125, 1.0, 0.8828125, 0.73828125, 0.5]
11/10/2021 14:27:21 - INFO - __main__ - --------------------------------------------------
11/10/2021 14:27:21 - INFO - __main__ - Evaluating to get errors .... Timecode: 25
11/10/2021 14:27:23 - INFO - __main__ - Before Error Fixing: {'EM': 0.515625, 'QA-F1': 0.5881209935897436}
11/10/2021 14:27:23 - INFO - __main__ - Found 31 errors.
11/10/2021 14:27:23 - INFO - __main__ - Start error-fixing .... Timecode: 25
11/10/2021 14:27:41 - INFO - __main__ - Start error-fixing .... Done!
11/10/2021 14:27:42 - INFO - __main__ - Overall: 0.7364783653846153 from scores=[0.5612980769230769, 1.0, 0.8828125, 0.73828125, 0.5]
11/10/2021 14:27:42 - INFO - __main__ - --------------------------------------------------
11/10/2021 14:27:42 - INFO - __main__ - Evaluating to get errors .... Timecode: 26
11/10/2021 14:27:46 - INFO - __main__ - Before Error Fixing: {'EM': 0.515625, 'QA-F1': 0.5579427083333333}
11/10/2021 14:27:46 - INFO - __main__ - Found 31 errors.
11/10/2021 14:27:46 - INFO - __main__ - Start error-fixing .... Timecode: 26
11/10/2021 14:28:04 - INFO - __main__ - Start error-fixing .... Done!
11/10/2021 14:28:05 - INFO - __main__ - Overall: 0.7232368204898447 from scores=[0.5596064814814814, 0.9354838709677419, 0.8828125, 0.73828125, 0.5]
11/10/2021 14:28:05 - INFO - __main__ - --------------------------------------------------
11/10/2021 14:28:05 - INFO - __main__ - Evaluating to get errors .... Timecode: 27
11/10/2021 14:28:10 - INFO - __main__ - Before Error Fixing: {'EM': 0.421875, 'QA-F1': 0.5677493047619305}
11/10/2021 14:28:10 - INFO - __main__ - Found 37 errors.
11/10/2021 14:28:10 - INFO - __main__ - Start error-fixing .... Timecode: 27
11/10/2021 14:28:31 - INFO - __main__ - Start error-fixing .... Done!
11/10/2021 14:28:32 - INFO - __main__ - Overall: 0.7297508445945946 from scores=[0.5546875, 0.972972972972973, 0.8828125, 0.73828125, 0.5]
11/10/2021 14:28:32 - INFO - __main__ - --------------------------------------------------
11/10/2021 14:28:32 - INFO - __main__ - Evaluating to get errors .... Timecode: 28
11/10/2021 14:28:35 - INFO - __main__ - Before Error Fixing: {'EM': 0.453125, 'QA-F1': 0.5632039937186996}
11/10/2021 14:28:35 - INFO - __main__ - Found 35 errors.
11/10/2021 14:28:35 - INFO - __main__ - Start error-fixing .... Timecode: 28
11/10/2021 14:28:55 - INFO - __main__ - Start error-fixing .... Done!
11/10/2021 14:28:57 - INFO - __main__ - Overall: 0.7230272475369458 from scores=[0.5511853448275862, 0.9428571428571428, 0.8828125, 0.73828125, 0.5]
11/10/2021 14:28:57 - INFO - __main__ - --------------------------------------------------
11/10/2021 14:28:57 - INFO - __main__ - Evaluating to get errors .... Timecode: 29
11/10/2021 14:29:01 - INFO - __main__ - Before Error Fixing: {'EM': 0.46875, 'QA-F1': 0.6447210724982902}
11/10/2021 14:29:01 - INFO - __main__ - Found 34 errors.
11/10/2021 14:29:01 - INFO - __main__ - Start error-fixing .... Timecode: 29
11/10/2021 14:29:20 - INFO - __main__ - Start error-fixing .... Done!
11/10/2021 14:29:22 - INFO - __main__ - Overall: 0.7221415441176471 from scores=[0.5484375, 0.9411764705882353, 0.8828125, 0.73828125, 0.5]
11/10/2021 14:29:22 - INFO - __main__ - --------------------------------------------------
11/10/2021 14:29:22 - INFO - __main__ - Start eval_knowledge_retention for UKR @ Timecode=30
11/10/2021 14:29:48 - INFO - __main__ - Upstream Knowledge Retation (UKR@30): 0.7031
11/10/2021 14:29:49 - INFO - __main__ - Start eval_knowledge_retention for OKR @ Timecode=30
11/10/2021 14:30:24 - INFO - __main__ - Online Knowledge Retation (OKR@30): 0.8379
11/10/2021 14:30:24 - INFO - __main__ - Start eval_knowledge_generalization for KG @ Timecode=30
11/10/2021 14:31:41 - INFO - __main__ - Future Knowledge Generalization (KG@30): 0.4539
11/10/2021 14:31:41 - INFO - __main__ - Evaluating to get errors .... Timecode: 30
11/10/2021 14:31:44 - INFO - __main__ - Before Error Fixing: {'EM': 0.390625, 'QA-F1': 0.5113553113553113}
11/10/2021 14:31:44 - INFO - __main__ - Found 39 errors.
11/10/2021 14:31:45 - INFO - __main__ - Start error-fixing .... Timecode: 30
11/10/2021 14:32:07 - INFO - __main__ - Start error-fixing .... Done!
11/10/2021 14:32:09 - INFO - __main__ - Overall: 0.7025255247105046 from scores=[0.5433467741935484, 0.9743589743589743, 0.837890625, 0.703125, 0.45390625]
11/10/2021 14:32:11 - INFO - __main__ - Model saved to experiments/ckpt_dirs/qa/owc/qa_oewc_lr=3e-5_ep=10_lbd=10_gm=1_T=100,b=64,alpha=0.9,beta=0.5,gamma=0.8/model_ckpt_030.pt.
11/10/2021 14:32:11 - INFO - __main__ - Updated result feule: experiments/results/qa/qa_oewc_lr=3e-5_ep=10_lbd=10_gm=1_T=100,b=64,alpha=0.9,beta=0.5,gamma=0.8_result.json at Timecode: 30.
11/10/2021 14:32:11 - INFO - __main__ - --------------------------------------------------
11/10/2021 14:32:11 - INFO - __main__ - Evaluating to get errors .... Timecode: 31
11/10/2021 14:32:14 - INFO - __main__ - Before Error Fixing: {'EM': 0.53125, 'QA-F1': 0.6883321596127303}
11/10/2021 14:32:14 - INFO - __main__ - Found 30 errors.
11/10/2021 14:32:14 - INFO - __main__ - Start error-fixing .... Timecode: 31
11/10/2021 14:32:29 - INFO - __main__ - Start error-fixing .... Done!
11/10/2021 14:32:32 - INFO - __main__ - Overall: 0.6809114583333333 from scores=[0.54296875, 0.8666666666666667, 0.837890625, 0.703125, 0.45390625]
11/10/2021 14:32:32 - INFO - __main__ - --------------------------------------------------
11/10/2021 14:32:32 - INFO - __main__ - Evaluating to get errors .... Timecode: 32
11/10/2021 14:32:35 - INFO - __main__ - Before Error Fixing: {'EM': 0.578125, 'QA-F1': 0.6308760683760684}
11/10/2021 14:32:35 - INFO - __main__ - Found 27 errors.
11/10/2021 14:32:35 - INFO - __main__ - Start error-fixing .... Timecode: 32
11/10/2021 14:32:49 - INFO - __main__ - Start error-fixing .... Done!
11/10/2021 14:32:51 - INFO - __main__ - Overall: 0.7077911931818182 from scores=[0.5440340909090908, 1.0, 0.837890625, 0.703125, 0.45390625]
11/10/2021 14:32:51 - INFO - __main__ - --------------------------------------------------
11/10/2021 14:32:51 - INFO - __main__ - Evaluating to get errors .... Timecode: 33
11/10/2021 14:32:54 - INFO - __main__ - Before Error Fixing: {'EM': 0.671875, 'QA-F1': 0.7380208333333333}
11/10/2021 14:32:54 - INFO - __main__ - Found 21 errors.
11/10/2021 14:32:54 - INFO - __main__ - Start error-fixing .... Timecode: 33
11/10/2021 14:33:06 - INFO - __main__ - Start error-fixing .... Done!
11/10/2021 14:33:08 - INFO - __main__ - Overall: 0.6990193890056023 from scores=[0.5477941176470589, 0.9523809523809523, 0.837890625, 0.703125, 0.45390625]
11/10/2021 14:33:08 - INFO - __main__ - --------------------------------------------------
11/10/2021 14:33:08 - INFO - __main__ - Evaluating to get errors .... Timecode: 34
11/10/2021 14:33:11 - INFO - __main__ - Before Error Fixing: {'EM': 0.609375, 'QA-F1': 0.6882142857142857}
11/10/2021 14:33:11 - INFO - __main__ - Found 25 errors.
11/10/2021 14:33:11 - INFO - __main__ - Start error-fixing .... Timecode: 34
11/10/2021 14:33:25 - INFO - __main__ - Start error-fixing .... Done!
11/10/2021 14:33:26 - INFO - __main__ - Overall: 0.7088950892857143 from scores=[0.5495535714285714, 1.0, 0.837890625, 0.703125, 0.45390625]
11/10/2021 14:33:26 - INFO - __main__ - --------------------------------------------------
11/10/2021 14:33:26 - INFO - __main__ - Evaluating to get errors .... Timecode: 35
11/10/2021 14:33:29 - INFO - __main__ - Before Error Fixing: {'EM': 0.515625, 'QA-F1': 0.6332461316836318}
11/10/2021 14:33:29 - INFO - __main__ - Found 31 errors.
11/10/2021 14:33:29 - INFO - __main__ - Start error-fixing .... Timecode: 35
11/10/2021 14:33:45 - INFO - __main__ - Start error-fixing .... Done!
11/10/2021 14:33:47 - INFO - __main__ - Overall: 0.7087065972222223 from scores=[0.5486111111111112, 1.0, 0.837890625, 0.703125, 0.45390625]
11/10/2021 14:33:47 - INFO - __main__ - --------------------------------------------------
11/10/2021 14:33:48 - INFO - __main__ - Evaluating to get errors .... Timecode: 36
11/10/2021 14:33:52 - INFO - __main__ - Before Error Fixing: {'EM': 0.484375, 'QA-F1': 0.5892050920213463}
11/10/2021 14:33:52 - INFO - __main__ - Found 33 errors.
11/10/2021 14:33:52 - INFO - __main__ - Start error-fixing .... Timecode: 36
11/10/2021 14:34:11 - INFO - __main__ - Start error-fixing .... Done!
11/10/2021 14:34:13 - INFO - __main__ - Overall: 0.708359375 from scores=[0.546875, 1.0, 0.837890625, 0.703125, 0.45390625]
11/10/2021 14:34:13 - INFO - __main__ - --------------------------------------------------
11/10/2021 14:34:13 - INFO - __main__ - Evaluating to get errors .... Timecode: 37
11/10/2021 14:34:17 - INFO - __main__ - Before Error Fixing: {'EM': 0.453125, 'QA-F1': 0.6172905032739591}
11/10/2021 14:34:17 - INFO - __main__ - Found 35 errors.
11/10/2021 14:34:17 - INFO - __main__ - Start error-fixing .... Timecode: 37
11/10/2021 14:34:37 - INFO - __main__ - Start error-fixing .... Done!
11/10/2021 14:34:39 - INFO - __main__ - Overall: 0.7078659539473684 from scores=[0.544407894736842, 1.0, 0.837890625, 0.703125, 0.45390625]
11/10/2021 14:34:39 - INFO - __main__ - --------------------------------------------------
11/10/2021 14:34:39 - INFO - __main__ - Evaluating to get errors .... Timecode: 38
11/10/2021 14:34:43 - INFO - __main__ - Before Error Fixing: {'EM': 0.515625, 'QA-F1': 0.6223124098124098}
11/10/2021 14:34:43 - INFO - __main__ - Found 31 errors.
11/10/2021 14:34:43 - INFO - __main__ - Start error-fixing .... Timecode: 38
11/10/2021 14:35:01 - INFO - __main__ - Start error-fixing .... Done!
11/10/2021 14:35:03 - INFO - __main__ - Overall: 0.7077183493589744 from scores=[0.5436698717948718, 1.0, 0.837890625, 0.703125, 0.45390625]
11/10/2021 14:35:03 - INFO - __main__ - --------------------------------------------------
11/10/2021 14:35:03 - INFO - __main__ - Evaluating to get errors .... Timecode: 39
11/10/2021 14:35:07 - INFO - __main__ - Before Error Fixing: {'EM': 0.40625, 'QA-F1': 0.4557208110516934}
11/10/2021 14:35:07 - INFO - __main__ - Found 38 errors.
11/10/2021 14:35:07 - INFO - __main__ - Start error-fixing .... Timecode: 39
11/10/2021 14:35:29 - INFO - __main__ - Start error-fixing .... Done!
11/10/2021 14:35:31 - INFO - __main__ - Overall: 0.70703125 from scores=[0.540234375, 1.0, 0.837890625, 0.703125, 0.45390625]
11/10/2021 14:35:31 - INFO - __main__ - --------------------------------------------------
11/10/2021 14:35:31 - INFO - __main__ - Start eval_knowledge_retention for UKR @ Timecode=40
11/10/2021 14:35:54 - INFO - __main__ - Upstream Knowledge Retation (UKR@40): 0.7383
11/10/2021 14:35:55 - INFO - __main__ - Start eval_knowledge_retention for OKR @ Timecode=40
11/10/2021 14:36:27 - INFO - __main__ - Online Knowledge Retation (OKR@40): 0.8770
11/10/2021 14:36:27 - INFO - __main__ - Start eval_knowledge_generalization for KG @ Timecode=40
11/10/2021 14:37:31 - INFO - __main__ - Future Knowledge Generalization (KG@40): 0.4711
11/10/2021 14:37:31 - INFO - __main__ - Evaluating to get errors .... Timecode: 40
11/10/2021 14:37:34 - INFO - __main__ - Before Error Fixing: {'EM': 0.46875, 'QA-F1': 0.5743479793233082}
11/10/2021 14:37:34 - INFO - __main__ - Found 34 errors.
11/10/2021 14:37:34 - INFO - __main__ - Start error-fixing .... Timecode: 40
11/10/2021 14:37:55 - INFO - __main__ - Start error-fixing .... Done!
11/10/2021 14:37:56 - INFO - __main__ - Overall: 0.7249637957317073 from scores=[0.5384908536585367, 1.0, 0.876953125, 0.73828125, 0.47109375]
11/10/2021 14:37:58 - INFO - __main__ - Model saved to experiments/ckpt_dirs/qa/owc/qa_oewc_lr=3e-5_ep=10_lbd=10_gm=1_T=100,b=64,alpha=0.9,beta=0.5,gamma=0.8/model_ckpt_040.pt.
11/10/2021 14:37:58 - INFO - __main__ - Updated result feule: experiments/results/qa/qa_oewc_lr=3e-5_ep=10_lbd=10_gm=1_T=100,b=64,alpha=0.9,beta=0.5,gamma=0.8_result.json at Timecode: 40.
11/10/2021 14:37:58 - INFO - __main__ - --------------------------------------------------
11/10/2021 14:37:58 - INFO - __main__ - Evaluating to get errors .... Timecode: 41
11/10/2021 14:38:03 - INFO - __main__ - Before Error Fixing: {'EM': 0.375, 'QA-F1': 0.4743483946608947}
11/10/2021 14:38:03 - INFO - __main__ - Found 40 errors.
11/10/2021 14:38:03 - INFO - __main__ - Start error-fixing .... Timecode: 41
11/10/2021 14:38:25 - INFO - __main__ - Start error-fixing .... Done!
11/10/2021 14:38:28 - INFO - __main__ - Overall: 0.7241852678571429 from scores=[0.5345982142857143, 1.0, 0.876953125, 0.73828125, 0.47109375]
11/10/2021 14:38:28 - INFO - __main__ - --------------------------------------------------
11/10/2021 14:38:28 - INFO - __main__ - Evaluating to get errors .... Timecode: 42
11/10/2021 14:38:32 - INFO - __main__ - Before Error Fixing: {'EM': 0.484375, 'QA-F1': 0.5889566163003663}
11/10/2021 14:38:32 - INFO - __main__ - Found 33 errors.
11/10/2021 14:38:32 - INFO - __main__ - Start error-fixing .... Timecode: 42
11/10/2021 14:38:52 - INFO - __main__ - Start error-fixing .... Done!
11/10/2021 14:38:54 - INFO - __main__ - Overall: 0.7239516715116279 from scores=[0.5334302325581395, 1.0, 0.876953125, 0.73828125, 0.47109375]
11/10/2021 14:38:54 - INFO - __main__ - --------------------------------------------------
11/10/2021 14:38:54 - INFO - __main__ - Evaluating to get errors .... Timecode: 43
11/10/2021 14:38:58 - INFO - __main__ - Before Error Fixing: {'EM': 0.53125, 'QA-F1': 0.6588601530048899}
11/10/2021 14:38:58 - INFO - __main__ - Found 30 errors.
11/10/2021 14:38:58 - INFO - __main__ - Start error-fixing .... Timecode: 43
11/10/2021 14:39:16 - INFO - __main__ - Start error-fixing .... Done!
11/10/2021 14:39:17 - INFO - __main__ - Overall: 0.7239417613636363 from scores=[0.5333806818181819, 1.0, 0.876953125, 0.73828125, 0.47109375]
11/10/2021 14:39:17 - INFO - __main__ - --------------------------------------------------
11/10/2021 14:39:17 - INFO - __main__ - Evaluating to get errors .... Timecode: 44
11/10/2021 14:39:20 - INFO - __main__ - Before Error Fixing: {'EM': 0.46875, 'QA-F1': 0.5837222673160173}
11/10/2021 14:39:20 - INFO - __main__ - Found 34 errors.
11/10/2021 14:39:20 - INFO - __main__ - Start error-fixing .... Timecode: 44
11/10/2021 14:39:38 - INFO - __main__ - Start error-fixing .... Done!
11/10/2021 14:39:40 - INFO - __main__ - Overall: 0.7177721609477123 from scores=[0.5319444444444444, 0.9705882352941176, 0.876953125, 0.73828125, 0.47109375]
11/10/2021 14:39:40 - INFO - __main__ - --------------------------------------------------
11/10/2021 14:39:40 - INFO - __main__ - Evaluating to get errors .... Timecode: 45
11/10/2021 14:39:44 - INFO - __main__ - Before Error Fixing: {'EM': 0.4375, 'QA-F1': 0.5859538501373178}
11/10/2021 14:39:44 - INFO - __main__ - Found 36 errors.
11/10/2021 14:39:44 - INFO - __main__ - Start error-fixing .... Timecode: 45
11/10/2021 14:40:02 - INFO - __main__ - Start error-fixing .... Done!
11/10/2021 14:40:04 - INFO - __main__ - Overall: 0.7176883303140097 from scores=[0.5298913043478262, 0.9722222222222222, 0.876953125, 0.73828125, 0.47109375]
11/10/2021 14:40:04 - INFO - __main__ - --------------------------------------------------
11/10/2021 14:40:04 - INFO - __main__ - Evaluating to get errors .... Timecode: 46
11/10/2021 14:40:08 - INFO - __main__ - Before Error Fixing: {'EM': 0.453125, 'QA-F1': 0.5679220696669209}
11/10/2021 14:40:08 - INFO - __main__ - Found 35 errors.
11/10/2021 14:40:08 - INFO - __main__ - Start error-fixing .... Timecode: 46
11/10/2021 14:40:26 - INFO - __main__ - Start error-fixing .... Done!
11/10/2021 14:40:29 - INFO - __main__ - Overall: 0.7057743636018238 from scores=[0.5282579787234043, 0.9142857142857143, 0.876953125, 0.73828125, 0.47109375]
11/10/2021 14:40:29 - INFO - __main__ - --------------------------------------------------
11/10/2021 14:40:29 - INFO - __main__ - Evaluating to get errors .... Timecode: 47
11/10/2021 14:40:32 - INFO - __main__ - Before Error Fixing: {'EM': 0.421875, 'QA-F1': 0.5361623317805383}
11/10/2021 14:40:32 - INFO - __main__ - Found 37 errors.
11/10/2021 14:40:33 - INFO - __main__ - Start error-fixing .... Timecode: 47
11/10/2021 14:40:51 - INFO - __main__ - Start error-fixing .... Done!
11/10/2021 14:40:54 - INFO - __main__ - Overall: 0.7224739583333334 from scores=[0.5260416666666667, 1.0, 0.876953125, 0.73828125, 0.47109375]
11/10/2021 14:40:54 - INFO - __main__ - --------------------------------------------------
11/10/2021 14:40:54 - INFO - __main__ - Evaluating to get errors .... Timecode: 48
11/10/2021 14:40:58 - INFO - __main__ - Before Error Fixing: {'EM': 0.46875, 'QA-F1': 0.5874217339210945}
11/10/2021 14:40:58 - INFO - __main__ - Found 34 errors.
11/10/2021 14:40:58 - INFO - __main__ - Start error-fixing .... Timecode: 48
11/10/2021 14:41:18 - INFO - __main__ - Start error-fixing .... Done!
11/10/2021 14:41:21 - INFO - __main__ - Overall: 0.7163577618547419 from scores=[0.5248724489795918, 0.9705882352941176, 0.876953125, 0.73828125, 0.47109375]
11/10/2021 14:41:21 - INFO - __main__ - --------------------------------------------------
11/10/2021 14:41:21 - INFO - __main__ - Evaluating to get errors .... Timecode: 49
11/10/2021 14:41:25 - INFO - __main__ - Before Error Fixing: {'EM': 0.421875, 'QA-F1': 0.5044394841269841}
11/10/2021 14:41:25 - INFO - __main__ - Found 37 errors.
11/10/2021 14:41:25 - INFO - __main__ - Start error-fixing .... Timecode: 49
11/10/2021 14:41:46 - INFO - __main__ - Start error-fixing .... Done!
11/10/2021 14:41:48 - INFO - __main__ - Overall: 0.7056119087837838 from scores=[0.5228125, 0.918918918918919, 0.876953125, 0.73828125, 0.47109375]
11/10/2021 14:41:48 - INFO - __main__ - --------------------------------------------------
11/10/2021 14:41:48 - INFO - __main__ - Start eval_knowledge_retention for UKR @ Timecode=50
11/10/2021 14:42:07 - INFO - __main__ - Upstream Knowledge Retation (UKR@50): 0.6816
11/10/2021 14:42:08 - INFO - __main__ - Start eval_knowledge_retention for OKR @ Timecode=50
11/10/2021 14:42:37 - INFO - __main__ - Online Knowledge Retation (OKR@50): 0.8457
11/10/2021 14:42:37 - INFO - __main__ - Start eval_knowledge_generalization for KG @ Timecode=50
11/10/2021 14:43:32 - INFO - __main__ - Future Knowledge Generalization (KG@50): 0.4664
11/10/2021 14:43:32 - INFO - __main__ - Evaluating to get errors .... Timecode: 50
11/10/2021 14:43:35 - INFO - __main__ - Before Error Fixing: {'EM': 0.609375, 'QA-F1': 0.6189236111111112}
11/10/2021 14:43:35 - INFO - __main__ - Found 25 errors.
11/10/2021 14:43:35 - INFO - __main__ - Start error-fixing .... Timecode: 50
11/10/2021 14:43:51 - INFO - __main__ - Start error-fixing .... Done!
11/10/2021 14:43:52 - INFO - __main__ - Overall: 0.6956519607843137 from scores=[0.5245098039215687, 0.96, 0.845703125, 0.681640625, 0.46640625]
11/10/2021 14:43:54 - INFO - __main__ - Model saved to experiments/ckpt_dirs/qa/owc/qa_oewc_lr=3e-5_ep=10_lbd=10_gm=1_T=100,b=64,alpha=0.9,beta=0.5,gamma=0.8/model_ckpt_050.pt.
11/10/2021 14:43:54 - INFO - __main__ - Updated result feule: experiments/results/qa/qa_oewc_lr=3e-5_ep=10_lbd=10_gm=1_T=100,b=64,alpha=0.9,beta=0.5,gamma=0.8_result.json at Timecode: 50.
11/10/2021 14:43:54 - INFO - __main__ - --------------------------------------------------
11/10/2021 14:43:54 - INFO - __main__ - Evaluating to get errors .... Timecode: 51
11/10/2021 14:43:57 - INFO - __main__ - Before Error Fixing: {'EM': 0.546875, 'QA-F1': 0.5757575757575758}
11/10/2021 14:43:57 - INFO - __main__ - Found 29 errors.
11/10/2021 14:43:57 - INFO - __main__ - Start error-fixing .... Timecode: 51
11/10/2021 14:44:14 - INFO - __main__ - Start error-fixing .... Done!
11/10/2021 14:44:15 - INFO - __main__ - Overall: 0.7037379807692308 from scores=[0.5249399038461539, 1.0, 0.845703125, 0.681640625, 0.46640625]
11/10/2021 14:44:15 - INFO - __main__ - --------------------------------------------------
11/10/2021 14:44:15 - INFO - __main__ - Evaluating to get errors .... Timecode: 52
11/10/2021 14:44:18 - INFO - __main__ - Before Error Fixing: {'EM': 0.59375, 'QA-F1': 0.6843463827838828}
11/10/2021 14:44:18 - INFO - __main__ - Found 26 errors.
11/10/2021 14:44:18 - INFO - __main__ - Start error-fixing .... Timecode: 52
11/10/2021 14:44:33 - INFO - __main__ - Start error-fixing .... Done!
11/10/2021 14:44:34 - INFO - __main__ - Overall: 0.703997641509434 from scores=[0.5262382075471699, 1.0, 0.845703125, 0.681640625, 0.46640625]
11/10/2021 14:44:34 - INFO - __main__ - --------------------------------------------------
11/10/2021 14:44:34 - INFO - __main__ - Evaluating to get errors .... Timecode: 53
11/10/2021 14:44:37 - INFO - __main__ - Before Error Fixing: {'EM': 0.484375, 'QA-F1': 0.6310696248196248}
11/10/2021 14:44:37 - INFO - __main__ - Found 33 errors.
11/10/2021 14:44:37 - INFO - __main__ - Start error-fixing .... Timecode: 53
11/10/2021 14:44:56 - INFO - __main__ - Start error-fixing .... Done!
11/10/2021 14:44:58 - INFO - __main__ - Overall: 0.7038425925925925 from scores=[0.525462962962963, 1.0, 0.845703125, 0.681640625, 0.46640625]
11/10/2021 14:44:58 - INFO - __main__ - --------------------------------------------------
11/10/2021 14:44:58 - INFO - __main__ - Evaluating to get errors .... Timecode: 54
11/10/2021 14:45:01 - INFO - __main__ - Before Error Fixing: {'EM': 0.609375, 'QA-F1': 0.7306325734877992}
11/10/2021 14:45:01 - INFO - __main__ - Found 25 errors.
11/10/2021 14:45:01 - INFO - __main__ - Start error-fixing .... Timecode: 54
11/10/2021 14:45:16 - INFO - __main__ - Start error-fixing .... Done!
11/10/2021 14:45:18 - INFO - __main__ - Overall: 0.6641477272727273 from scores=[0.5269886363636364, 0.8, 0.845703125, 0.681640625, 0.46640625]
11/10/2021 14:45:18 - INFO - __main__ - --------------------------------------------------
11/10/2021 14:45:18 - INFO - __main__ - Evaluating to get errors .... Timecode: 55
11/10/2021 14:45:21 - INFO - __main__ - Before Error Fixing: {'EM': 0.53125, 'QA-F1': 0.6678714514652015}
11/10/2021 14:45:21 - INFO - __main__ - Found 30 errors.
11/10/2021 14:45:21 - INFO - __main__ - Start error-fixing .... Timecode: 55
11/10/2021 14:45:36 - INFO - __main__ - Start error-fixing .... Done!
11/10/2021 14:45:38 - INFO - __main__ - Overall: 0.7041629464285715 from scores=[0.5270647321428572, 1.0, 0.845703125, 0.681640625, 0.46640625]
11/10/2021 14:45:38 - INFO - __main__ - --------------------------------------------------
11/10/2021 14:45:38 - INFO - __main__ - Evaluating to get errors .... Timecode: 56
11/10/2021 14:45:41 - INFO - __main__ - Before Error Fixing: {'EM': 0.515625, 'QA-F1': 0.6525318431568431}
11/10/2021 14:45:41 - INFO - __main__ - Found 31 errors.
11/10/2021 14:45:42 - INFO - __main__ - Start error-fixing .... Timecode: 56
11/10/2021 14:45:59 - INFO - __main__ - Start error-fixing .... Done!
11/10/2021 14:46:01 - INFO - __main__ - Overall: 0.7041228070175438 from scores=[0.5268640350877193, 1.0, 0.845703125, 0.681640625, 0.46640625]
11/10/2021 14:46:01 - INFO - __main__ - --------------------------------------------------
11/10/2021 14:46:01 - INFO - __main__ - Evaluating to get errors .... Timecode: 57
11/10/2021 14:46:03 - INFO - __main__ - Before Error Fixing: {'EM': 0.53125, 'QA-F1': 0.6005412581699346}
11/10/2021 14:46:03 - INFO - __main__ - Found 30 errors.
11/10/2021 14:46:04 - INFO - __main__ - Start error-fixing .... Timecode: 57
11/10/2021 14:46:21 - INFO - __main__ - Start error-fixing .... Done!
11/10/2021 14:46:22 - INFO - __main__ - Overall: 0.6908045977011494 from scores=[0.5269396551724138, 0.9333333333333333, 0.845703125, 0.681640625, 0.46640625]
11/10/2021 14:46:22 - INFO - __main__ - --------------------------------------------------
11/10/2021 14:46:22 - INFO - __main__ - Evaluating to get errors .... Timecode: 58
11/10/2021 14:46:25 - INFO - __main__ - Before Error Fixing: {'EM': 0.5, 'QA-F1': 0.5613553113553114}
11/10/2021 14:46:25 - INFO - __main__ - Found 32 errors.
11/10/2021 14:46:25 - INFO - __main__ - Start error-fixing .... Timecode: 58
11/10/2021 14:46:44 - INFO - __main__ - Start error-fixing .... Done!
11/10/2021 14:46:45 - INFO - __main__ - Overall: 0.7040466101694915 from scores=[0.5264830508474576, 1.0, 0.845703125, 0.681640625, 0.46640625]
11/10/2021 14:46:45 - INFO - __main__ - --------------------------------------------------
11/10/2021 14:46:45 - INFO - __main__ - Evaluating to get errors .... Timecode: 59
11/10/2021 14:46:49 - INFO - __main__ - Before Error Fixing: {'EM': 0.578125, 'QA-F1': 0.746068774975025}
11/10/2021 14:46:49 - INFO - __main__ - Found 27 errors.
11/10/2021 14:46:49 - INFO - __main__ - Start error-fixing .... Timecode: 59
11/10/2021 14:47:04 - INFO - __main__ - Start error-fixing .... Done!
11/10/2021 14:47:06 - INFO - __main__ - Overall: 0.6968113425925926 from scores=[0.52734375, 0.9629629629629629, 0.845703125, 0.681640625, 0.46640625]
11/10/2021 14:47:06 - INFO - __main__ - --------------------------------------------------
11/10/2021 14:47:06 - INFO - __main__ - Start eval_knowledge_retention for UKR @ Timecode=60
11/10/2021 14:47:31 - INFO - __main__ - Upstream Knowledge Retation (UKR@60): 0.6738
11/10/2021 14:47:32 - INFO - __main__ - Start eval_knowledge_retention for OKR @ Timecode=60
11/10/2021 14:48:06 - INFO - __main__ - Online Knowledge Retation (OKR@60): 0.8457
11/10/2021 14:48:06 - INFO - __main__ - Start eval_knowledge_generalization for KG @ Timecode=60
11/10/2021 14:49:11 - INFO - __main__ - Future Knowledge Generalization (KG@60): 0.4789
11/10/2021 14:49:11 - INFO - __main__ - Evaluating to get errors .... Timecode: 60
11/10/2021 14:49:14 - INFO - __main__ - Before Error Fixing: {'EM': 0.5, 'QA-F1': 0.6295558659069689}
11/10/2021 14:49:14 - INFO - __main__ - Found 32 errors.
11/10/2021 14:49:14 - INFO - __main__ - Start error-fixing .... Timecode: 60
11/10/2021 14:49:28 - INFO - __main__ - Start error-fixing .... Done!
11/10/2021 14:49:30 - INFO - __main__ - Overall: 0.6925665983606557 from scores=[0.5268954918032787, 0.9375, 0.845703125, 0.673828125, 0.47890625]
11/10/2021 14:49:32 - INFO - __main__ - Model saved to experiments/ckpt_dirs/qa/owc/qa_oewc_lr=3e-5_ep=10_lbd=10_gm=1_T=100,b=64,alpha=0.9,beta=0.5,gamma=0.8/model_ckpt_060.pt.
11/10/2021 14:49:32 - INFO - __main__ - Updated result feule: experiments/results/qa/qa_oewc_lr=3e-5_ep=10_lbd=10_gm=1_T=100,b=64,alpha=0.9,beta=0.5,gamma=0.8_result.json at Timecode: 60.
11/10/2021 14:49:32 - INFO - __main__ - --------------------------------------------------
11/10/2021 14:49:32 - INFO - __main__ - Evaluating to get errors .... Timecode: 61
11/10/2021 14:49:36 - INFO - __main__ - Before Error Fixing: {'EM': 0.5, 'QA-F1': 0.6152882122722239}
11/10/2021 14:49:36 - INFO - __main__ - Found 32 errors.
11/10/2021 14:49:36 - INFO - __main__ - Start error-fixing .... Timecode: 61
11/10/2021 14:49:52 - INFO - __main__ - Start error-fixing .... Done!
11/10/2021 14:49:54 - INFO - __main__ - Overall: 0.6987298387096774 from scores=[0.5264616935483871, 0.96875, 0.845703125, 0.673828125, 0.47890625]
11/10/2021 14:49:54 - INFO - __main__ - --------------------------------------------------
11/10/2021 14:49:54 - INFO - __main__ - Evaluating to get errors .... Timecode: 62
11/10/2021 14:49:57 - INFO - __main__ - Before Error Fixing: {'EM': 0.59375, 'QA-F1': 0.662326388888889}
11/10/2021 14:49:57 - INFO - __main__ - Found 26 errors.
11/10/2021 14:49:57 - INFO - __main__ - Start error-fixing .... Timecode: 62
11/10/2021 14:50:12 - INFO - __main__ - Start error-fixing .... Done!
11/10/2021 14:50:14 - INFO - __main__ - Overall: 0.6975011446886448 from scores=[0.5275297619047619, 0.9615384615384616, 0.845703125, 0.673828125, 0.47890625]
11/10/2021 14:50:14 - INFO - __main__ - --------------------------------------------------
11/10/2021 14:50:14 - INFO - __main__ - Evaluating to get errors .... Timecode: 63
11/10/2021 14:50:19 - INFO - __main__ - Before Error Fixing: {'EM': 0.5625, 'QA-F1': 0.6769772426204353}
11/10/2021 14:50:19 - INFO - __main__ - Found 28 errors.
11/10/2021 14:50:19 - INFO - __main__ - Start error-fixing .... Timecode: 63
11/10/2021 14:50:35 - INFO - __main__ - Start error-fixing .... Done!
11/10/2021 14:50:37 - INFO - __main__ - Overall: 0.705302734375 from scores=[0.528076171875, 1.0, 0.845703125, 0.673828125, 0.47890625]
11/10/2021 14:50:37 - INFO - __main__ - --------------------------------------------------
11/10/2021 14:50:37 - INFO - __main__ - Evaluating to get errors .... Timecode: 64
11/10/2021 14:50:40 - INFO - __main__ - Before Error Fixing: {'EM': 0.484375, 'QA-F1': 0.5731021582584082}
11/10/2021 14:50:40 - INFO - __main__ - Found 33 errors.
11/10/2021 14:50:40 - INFO - __main__ - Start error-fixing .... Timecode: 64
11/10/2021 14:51:00 - INFO - __main__ - Start error-fixing .... Done!
11/10/2021 14:51:01 - INFO - __main__ - Overall: 0.6991076631701632 from scores=[0.5274038461538462, 0.9696969696969697, 0.845703125, 0.673828125, 0.47890625]
11/10/2021 14:51:01 - INFO - __main__ - --------------------------------------------------
11/10/2021 14:51:01 - INFO - __main__ - Evaluating to get errors .... Timecode: 65
11/10/2021 14:51:05 - INFO - __main__ - Before Error Fixing: {'EM': 0.515625, 'QA-F1': 0.5864872685185185}
11/10/2021 14:51:05 - INFO - __main__ - Found 31 errors.
11/10/2021 14:51:05 - INFO - __main__ - Start error-fixing .... Timecode: 65
11/10/2021 14:51:22 - INFO - __main__ - Start error-fixing .... Done!
11/10/2021 14:51:24 - INFO - __main__ - Overall: 0.69868096285435 from scores=[0.5272253787878788, 0.967741935483871, 0.845703125, 0.673828125, 0.47890625]
11/10/2021 14:51:24 - INFO - __main__ - --------------------------------------------------
11/10/2021 14:51:24 - INFO - __main__ - Evaluating to get errors .... Timecode: 66
11/10/2021 14:51:27 - INFO - __main__ - Before Error Fixing: {'EM': 0.53125, 'QA-F1': 0.6847098913866245}
11/10/2021 14:51:27 - INFO - __main__ - Found 30 errors.
11/10/2021 14:51:28 - INFO - __main__ - Start error-fixing .... Timecode: 66
11/10/2021 14:51:40 - INFO - __main__ - Start error-fixing .... Done!
11/10/2021 14:51:43 - INFO - __main__ - Overall: 0.6984779228855722 from scores=[0.527285447761194, 0.9666666666666667, 0.845703125, 0.673828125, 0.47890625]
11/10/2021 14:51:43 - INFO - __main__ - --------------------------------------------------
11/10/2021 14:51:43 - INFO - __main__ - Evaluating to get errors .... Timecode: 67
11/10/2021 14:51:45 - INFO - __main__ - Before Error Fixing: {'EM': 0.546875, 'QA-F1': 0.6902189128818977}
11/10/2021 14:51:45 - INFO - __main__ - Found 29 errors.
11/10/2021 14:51:45 - INFO - __main__ - Start error-fixing .... Timecode: 67
11/10/2021 14:51:58 - INFO - __main__ - Start error-fixing .... Done!
11/10/2021 14:52:00 - INFO - __main__ - Overall: 0.698305654158215 from scores=[0.5275735294117647, 0.9655172413793104, 0.845703125, 0.673828125, 0.47890625]
11/10/2021 14:52:00 - INFO - __main__ - --------------------------------------------------
11/10/2021 14:52:00 - INFO - __main__ - Evaluating to get errors .... Timecode: 68
11/10/2021 14:52:03 - INFO - __main__ - Before Error Fixing: {'EM': 0.46875, 'QA-F1': 0.5852678571428571}
11/10/2021 14:52:03 - INFO - __main__ - Found 34 errors.
11/10/2021 14:52:03 - INFO - __main__ - Start error-fixing .... Timecode: 68
11/10/2021 14:52:23 - INFO - __main__ - Start error-fixing .... Done!
11/10/2021 14:52:24 - INFO - __main__ - Overall: 0.7050317028985508 from scores=[0.5267210144927537, 1.0, 0.845703125, 0.673828125, 0.47890625]
11/10/2021 14:52:24 - INFO - __main__ - --------------------------------------------------
11/10/2021 14:52:24 - INFO - __main__ - Evaluating to get errors .... Timecode: 69
11/10/2021 14:52:26 - INFO - __main__ - Before Error Fixing: {'EM': 0.578125, 'QA-F1': 0.6574337121212122}
11/10/2021 14:52:26 - INFO - __main__ - Found 27 errors.
11/10/2021 14:52:27 - INFO - __main__ - Start error-fixing .... Timecode: 69
11/10/2021 14:52:42 - INFO - __main__ - Start error-fixing .... Done!
11/10/2021 14:52:43 - INFO - __main__ - Overall: 0.7051785714285714 from scores=[0.5274553571428571, 1.0, 0.845703125, 0.673828125, 0.47890625]
11/10/2021 14:52:43 - INFO - __main__ - --------------------------------------------------
11/10/2021 14:52:43 - INFO - __main__ - Start eval_knowledge_retention for UKR @ Timecode=70
11/10/2021 14:53:03 - INFO - __main__ - Upstream Knowledge Retation (UKR@70): 0.7129
11/10/2021 14:53:04 - INFO - __main__ - Start eval_knowledge_retention for OKR @ Timecode=70
11/10/2021 14:53:32 - INFO - __main__ - Online Knowledge Retation (OKR@70): 0.8262
11/10/2021 14:53:32 - INFO - __main__ - Start eval_knowledge_generalization for KG @ Timecode=70
11/10/2021 14:54:26 - INFO - __main__ - Future Knowledge Generalization (KG@70): 0.4953
11/10/2021 14:54:26 - INFO - __main__ - Evaluating to get errors .... Timecode: 70
11/10/2021 14:54:28 - INFO - __main__ - Before Error Fixing: {'EM': 0.53125, 'QA-F1': 0.6388989380717321}
11/10/2021 14:54:28 - INFO - __main__ - Found 30 errors.
11/10/2021 14:54:28 - INFO - __main__ - Start error-fixing .... Timecode: 70
11/10/2021 14:54:42 - INFO - __main__ - Start error-fixing .... Done!
11/10/2021 14:54:44 - INFO - __main__ - Overall: 0.7057100938967136 from scores=[0.5275088028169015, 0.9666666666666667, 0.826171875, 0.712890625, 0.4953125]
11/10/2021 14:54:46 - INFO - __main__ - Model saved to experiments/ckpt_dirs/qa/owc/qa_oewc_lr=3e-5_ep=10_lbd=10_gm=1_T=100,b=64,alpha=0.9,beta=0.5,gamma=0.8/model_ckpt_070.pt.
11/10/2021 14:54:46 - INFO - __main__ - Updated result feule: experiments/results/qa/qa_oewc_lr=3e-5_ep=10_lbd=10_gm=1_T=100,b=64,alpha=0.9,beta=0.5,gamma=0.8_result.json at Timecode: 70.
11/10/2021 14:54:46 - INFO - __main__ - --------------------------------------------------
11/10/2021 14:54:46 - INFO - __main__ - Evaluating to get errors .... Timecode: 71
11/10/2021 14:54:49 - INFO - __main__ - Before Error Fixing: {'EM': 0.4375, 'QA-F1': 0.49093501984126986}
11/10/2021 14:54:49 - INFO - __main__ - Found 36 errors.
11/10/2021 14:54:49 - INFO - __main__ - Start error-fixing .... Timecode: 71
11/10/2021 14:55:09 - INFO - __main__ - Start error-fixing .... Done!
11/10/2021 14:55:11 - INFO - __main__ - Overall: 0.712126736111111 from scores=[0.5262586805555556, 1.0, 0.826171875, 0.712890625, 0.4953125]
11/10/2021 14:55:11 - INFO - __main__ - --------------------------------------------------
11/10/2021 14:55:11 - INFO - __main__ - Evaluating to get errors .... Timecode: 72
11/10/2021 14:55:14 - INFO - __main__ - Before Error Fixing: {'EM': 0.625, 'QA-F1': 0.7078125}
11/10/2021 14:55:14 - INFO - __main__ - Found 24 errors.
11/10/2021 14:55:14 - INFO - __main__ - Start error-fixing .... Timecode: 72
11/10/2021 14:55:28 - INFO - __main__ - Start error-fixing .... Done!
11/10/2021 14:55:30 - INFO - __main__ - Overall: 0.7040639269406392 from scores=[0.527611301369863, 0.9583333333333334, 0.826171875, 0.712890625, 0.4953125]
11/10/2021 14:55:30 - INFO - __main__ - --------------------------------------------------
11/10/2021 14:55:30 - INFO - __main__ - Evaluating to get errors .... Timecode: 73
11/10/2021 14:55:33 - INFO - __main__ - Before Error Fixing: {'EM': 0.609375, 'QA-F1': 0.6484375}
11/10/2021 14:55:33 - INFO - __main__ - Found 25 errors.
11/10/2021 14:55:33 - INFO - __main__ - Start error-fixing .... Timecode: 73
11/10/2021 14:55:48 - INFO - __main__ - Start error-fixing .... Done!
11/10/2021 14:55:49 - INFO - __main__ - Overall: 0.7126182432432432 from scores=[0.5287162162162162, 1.0, 0.826171875, 0.712890625, 0.4953125]
11/10/2021 14:55:49 - INFO - __main__ - --------------------------------------------------
11/10/2021 14:55:49 - INFO - __main__ - Evaluating to get errors .... Timecode: 74
11/10/2021 14:55:52 - INFO - __main__ - Before Error Fixing: {'EM': 0.53125, 'QA-F1': 0.5880208333333333}
11/10/2021 14:55:52 - INFO - __main__ - Found 30 errors.
11/10/2021 14:55:52 - INFO - __main__ - Start error-fixing .... Timecode: 74
11/10/2021 14:56:09 - INFO - __main__ - Start error-fixing .... Done!
11/10/2021 14:56:10 - INFO - __main__ - Overall: 0.6992916666666666 from scores=[0.52875, 0.9333333333333333, 0.826171875, 0.712890625, 0.4953125]
11/10/2021 14:56:10 - INFO - __main__ - --------------------------------------------------
11/10/2021 14:56:10 - INFO - __main__ - Evaluating to get errors .... Timecode: 75
11/10/2021 14:56:13 - INFO - __main__ - Before Error Fixing: {'EM': 0.53125, 'QA-F1': 0.5963541666666667}
11/10/2021 14:56:13 - INFO - __main__ - Found 30 errors.
11/10/2021 14:56:14 - INFO - __main__ - Start error-fixing .... Timecode: 75
11/10/2021 14:56:30 - INFO - __main__ - Start error-fixing .... Done!
11/10/2021 14:56:32 - INFO - __main__ - Overall: 0.7126315789473684 from scores=[0.528782894736842, 1.0, 0.826171875, 0.712890625, 0.4953125]
11/10/2021 14:56:32 - INFO - __main__ - --------------------------------------------------
11/10/2021 14:56:32 - INFO - __main__ - Evaluating to get errors .... Timecode: 76
11/10/2021 14:56:35 - INFO - __main__ - Before Error Fixing: {'EM': 0.578125, 'QA-F1': 0.6444991451784929}
11/10/2021 14:56:35 - INFO - __main__ - Found 27 errors.
11/10/2021 14:56:35 - INFO - __main__ - Start error-fixing .... Timecode: 76
11/10/2021 14:56:50 - INFO - __main__ - Start error-fixing .... Done!
11/10/2021 14:56:52 - INFO - __main__ - Overall: 0.7053523328523328 from scores=[0.5294237012987013, 0.9629629629629629, 0.826171875, 0.712890625, 0.4953125]
11/10/2021 14:56:52 - INFO - __main__ - --------------------------------------------------
11/10/2021 14:56:52 - INFO - __main__ - Evaluating to get errors .... Timecode: 77
11/10/2021 14:56:55 - INFO - __main__ - Before Error Fixing: {'EM': 0.515625, 'QA-F1': 0.6110863095238095}
11/10/2021 14:56:55 - INFO - __main__ - Found 31 errors.
11/10/2021 14:56:55 - INFO - __main__ - Start error-fixing .... Timecode: 77
11/10/2021 14:57:12 - INFO - __main__ - Start error-fixing .... Done!
11/10/2021 14:57:13 - INFO - __main__ - Overall: 0.7127243589743589 from scores=[0.5292467948717949, 1.0, 0.826171875, 0.712890625, 0.4953125]
11/10/2021 14:57:13 - INFO - __main__ - --------------------------------------------------
11/10/2021 14:57:13 - INFO - __main__ - Evaluating to get errors .... Timecode: 78
11/10/2021 14:57:16 - INFO - __main__ - Before Error Fixing: {'EM': 0.59375, 'QA-F1': 0.6990699404761904}
11/10/2021 14:57:16 - INFO - __main__ - Found 26 errors.
11/10/2021 14:57:16 - INFO - __main__ - Start error-fixing .... Timecode: 78
11/10/2021 14:57:32 - INFO - __main__ - Start error-fixing .... Done!
11/10/2021 14:57:33 - INFO - __main__ - Overall: 0.712887658227848 from scores=[0.5300632911392404, 1.0, 0.826171875, 0.712890625, 0.4953125]
11/10/2021 14:57:33 - INFO - __main__ - --------------------------------------------------
11/10/2021 14:57:33 - INFO - __main__ - Evaluating to get errors .... Timecode: 79
11/10/2021 14:57:36 - INFO - __main__ - Before Error Fixing: {'EM': 0.53125, 'QA-F1': 0.5695112179487178}
11/10/2021 14:57:36 - INFO - __main__ - Found 30 errors.
11/10/2021 14:57:36 - INFO - __main__ - Start error-fixing .... Timecode: 79
11/10/2021 14:57:53 - INFO - __main__ - Start error-fixing .... Done!
11/10/2021 14:57:54 - INFO - __main__ - Overall: 0.712890625 from scores=[0.530078125, 1.0, 0.826171875, 0.712890625, 0.4953125]
11/10/2021 14:57:54 - INFO - __main__ - --------------------------------------------------
11/10/2021 14:57:54 - INFO - __main__ - Start eval_knowledge_retention for UKR @ Timecode=80
11/10/2021 14:58:18 - INFO - __main__ - Upstream Knowledge Retation (UKR@80): 0.6875
11/10/2021 14:58:19 - INFO - __main__ - Start eval_knowledge_retention for OKR @ Timecode=80
11/10/2021 14:58:50 - INFO - __main__ - Online Knowledge Retation (OKR@80): 0.8320
11/10/2021 14:58:50 - INFO - __main__ - Start eval_knowledge_generalization for KG @ Timecode=80
11/10/2021 14:59:55 - INFO - __main__ - Future Knowledge Generalization (KG@80): 0.4875
11/10/2021 14:59:55 - INFO - __main__ - Evaluating to get errors .... Timecode: 80
11/10/2021 14:59:58 - INFO - __main__ - Before Error Fixing: {'EM': 0.703125, 'QA-F1': 0.7117559523809524}
11/10/2021 14:59:58 - INFO - __main__ - Found 19 errors.
11/10/2021 14:59:58 - INFO - __main__ - Start error-fixing .... Timecode: 80
11/10/2021 15:00:10 - INFO - __main__ - Start error-fixing .... Done!
11/10/2021 15:00:10 - INFO - __main__ - Overall: 0.6867965196556205 from scores=[0.5322145061728395, 0.8947368421052632, 0.83203125, 0.6875, 0.4875]
11/10/2021 15:00:12 - INFO - __main__ - Model saved to experiments/ckpt_dirs/qa/owc/qa_oewc_lr=3e-5_ep=10_lbd=10_gm=1_T=100,b=64,alpha=0.9,beta=0.5,gamma=0.8/model_ckpt_080.pt.
11/10/2021 15:00:12 - INFO - __main__ - Updated result feule: experiments/results/qa/qa_oewc_lr=3e-5_ep=10_lbd=10_gm=1_T=100,b=64,alpha=0.9,beta=0.5,gamma=0.8_result.json at Timecode: 80.
11/10/2021 15:00:12 - INFO - __main__ - --------------------------------------------------
11/10/2021 15:00:12 - INFO - __main__ - Evaluating to get errors .... Timecode: 81
11/10/2021 15:00:16 - INFO - __main__ - Before Error Fixing: {'EM': 0.484375, 'QA-F1': 0.6497144313357065}
11/10/2021 15:00:16 - INFO - __main__ - Found 33 errors.
11/10/2021 15:00:17 - INFO - __main__ - Start error-fixing .... Timecode: 81
11/10/2021 15:00:34 - INFO - __main__ - Start error-fixing .... Done!
11/10/2021 15:00:37 - INFO - __main__ - Overall: 0.695611257390983 from scores=[0.5316310975609756, 0.9393939393939394, 0.83203125, 0.6875, 0.4875]
11/10/2021 15:00:37 - INFO - __main__ - --------------------------------------------------
11/10/2021 15:00:37 - INFO - __main__ - Evaluating to get errors .... Timecode: 82
11/10/2021 15:00:41 - INFO - __main__ - Before Error Fixing: {'EM': 0.5625, 'QA-F1': 0.6445018796992481}
11/10/2021 15:00:41 - INFO - __main__ - Found 28 errors.
11/10/2021 15:00:41 - INFO - __main__ - Start error-fixing .... Timecode: 82
11/10/2021 15:00:58 - INFO - __main__ - Start error-fixing .... Done!
11/10/2021 15:00:59 - INFO - __main__ - Overall: 0.7006639952667814 from scores=[0.5320030120481928, 0.9642857142857143, 0.83203125, 0.6875, 0.4875]
11/10/2021 15:00:59 - INFO - __main__ - --------------------------------------------------
11/10/2021 15:00:59 - INFO - __main__ - Evaluating to get errors .... Timecode: 83
11/10/2021 15:01:02 - INFO - __main__ - Before Error Fixing: {'EM': 0.515625, 'QA-F1': 0.5923100490196078}
11/10/2021 15:01:02 - INFO - __main__ - Found 31 errors.
11/10/2021 15:01:03 - INFO - __main__ - Start error-fixing .... Timecode: 83
11/10/2021 15:01:20 - INFO - __main__ - Start error-fixing .... Done!
11/10/2021 15:01:22 - INFO - __main__ - Overall: 0.7077678571428571 from scores=[0.5318080357142857, 1.0, 0.83203125, 0.6875, 0.4875]
11/10/2021 15:01:22 - INFO - __main__ - --------------------------------------------------
11/10/2021 15:01:22 - INFO - __main__ - Evaluating to get errors .... Timecode: 84
11/10/2021 15:01:25 - INFO - __main__ - Before Error Fixing: {'EM': 0.53125, 'QA-F1': 0.5922619047619048}
11/10/2021 15:01:25 - INFO - __main__ - Found 30 errors.
11/10/2021 15:01:25 - INFO - __main__ - Start error-fixing .... Timecode: 84
11/10/2021 15:01:42 - INFO - __main__ - Start error-fixing .... Done!
11/10/2021 15:01:43 - INFO - __main__ - Overall: 0.7010998774509803 from scores=[0.5318014705882352, 0.9666666666666667, 0.83203125, 0.6875, 0.4875]
11/10/2021 15:01:43 - INFO - __main__ - --------------------------------------------------
11/10/2021 15:01:43 - INFO - __main__ - Evaluating to get errors .... Timecode: 85
11/10/2021 15:01:46 - INFO - __main__ - Before Error Fixing: {'EM': 0.53125, 'QA-F1': 0.5989557676518884}
11/10/2021 15:01:46 - INFO - __main__ - Found 30 errors.
11/10/2021 15:01:46 - INFO - __main__ - Start error-fixing .... Timecode: 85
11/10/2021 15:02:04 - INFO - __main__ - Start error-fixing .... Done!
11/10/2021 15:02:05 - INFO - __main__ - Overall: 0.6744319282945737 from scores=[0.5317950581395349, 0.8333333333333334, 0.83203125, 0.6875, 0.4875]
11/10/2021 15:02:05 - INFO - __main__ - --------------------------------------------------
11/10/2021 15:02:05 - INFO - __main__ - Evaluating to get errors .... Timecode: 86
11/10/2021 15:02:09 - INFO - __main__ - Before Error Fixing: {'EM': 0.5625, 'QA-F1': 0.6263836675020886}
11/10/2021 15:02:09 - INFO - __main__ - Found 28 errors.
11/10/2021 15:02:09 - INFO - __main__ - Start error-fixing .... Timecode: 86
11/10/2021 15:02:26 - INFO - __main__ - Start error-fixing .... Done!
11/10/2021 15:02:28 - INFO - __main__ - Overall: 0.7078358477011494 from scores=[0.5321479885057472, 1.0, 0.83203125, 0.6875, 0.4875]
11/10/2021 15:02:28 - INFO - __main__ - --------------------------------------------------
11/10/2021 15:02:28 - INFO - __main__ - Evaluating to get errors .... Timecode: 87
11/10/2021 15:02:31 - INFO - __main__ - Before Error Fixing: {'EM': 0.53125, 'QA-F1': 0.5781622023809523}
11/10/2021 15:02:31 - INFO - __main__ - Found 30 errors.
11/10/2021 15:02:31 - INFO - __main__ - Start error-fixing .... Timecode: 87
11/10/2021 15:02:48 - INFO - __main__ - Start error-fixing .... Done!
11/10/2021 15:02:50 - INFO - __main__ - Overall: 0.7078338068181818 from scores=[0.5321377840909092, 1.0, 0.83203125, 0.6875, 0.4875]
11/10/2021 15:02:50 - INFO - __main__ - --------------------------------------------------
11/10/2021 15:02:50 - INFO - __main__ - Evaluating to get errors .... Timecode: 88
11/10/2021 15:02:53 - INFO - __main__ - Before Error Fixing: {'EM': 0.546875, 'QA-F1': 0.6078869047619048}
11/10/2021 15:02:53 - INFO - __main__ - Found 29 errors.
11/10/2021 15:02:53 - INFO - __main__ - Start error-fixing .... Timecode: 88
11/10/2021 15:03:10 - INFO - __main__ - Start error-fixing .... Done!
11/10/2021 15:03:12 - INFO - __main__ - Overall: 0.7078669241573033 from scores=[0.5323033707865168, 1.0, 0.83203125, 0.6875, 0.4875]
11/10/2021 15:03:12 - INFO - __main__ - --------------------------------------------------
11/10/2021 15:03:12 - INFO - __main__ - Evaluating to get errors .... Timecode: 89
11/10/2021 15:03:16 - INFO - __main__ - Before Error Fixing: {'EM': 0.5625, 'QA-F1': 0.627191091954023}
11/10/2021 15:03:16 - INFO - __main__ - Found 28 errors.
11/10/2021 15:03:16 - INFO - __main__ - Start error-fixing .... Timecode: 89
11/10/2021 15:03:32 - INFO - __main__ - Start error-fixing .... Done!
11/10/2021 15:03:34 - INFO - __main__ - Overall: 0.7007911706349206 from scores=[0.5326388888888889, 0.9642857142857143, 0.83203125, 0.6875, 0.4875]
11/10/2021 15:03:34 - INFO - __main__ - --------------------------------------------------
11/10/2021 15:03:34 - INFO - __main__ - Start eval_knowledge_retention for UKR @ Timecode=90
11/10/2021 15:03:57 - INFO - __main__ - Upstream Knowledge Retation (UKR@90): 0.6992
11/10/2021 15:03:58 - INFO - __main__ - Start eval_knowledge_retention for OKR @ Timecode=90
11/10/2021 15:04:29 - INFO - __main__ - Online Knowledge Retation (OKR@90): 0.8320
11/10/2021 15:04:29 - INFO - __main__ - Start eval_knowledge_generalization for KG @ Timecode=90
11/10/2021 15:05:35 - INFO - __main__ - Future Knowledge Generalization (KG@90): 0.4992
11/10/2021 15:05:35 - INFO - __main__ - Evaluating to get errors .... Timecode: 90
11/10/2021 15:05:38 - INFO - __main__ - Before Error Fixing: {'EM': 0.65625, 'QA-F1': 0.701860119047619}
11/10/2021 15:05:38 - INFO - __main__ - Found 22 errors.
11/10/2021 15:05:38 - INFO - __main__ - Start error-fixing .... Timecode: 90
11/10/2021 15:05:52 - INFO - __main__ - Start error-fixing .... Done!
11/10/2021 15:05:53 - INFO - __main__ - Overall: 0.7038022914585415 from scores=[0.5339972527472527, 0.9545454545454546, 0.83203125, 0.69921875, 0.49921875]
11/10/2021 15:05:54 - INFO - __main__ - Model saved to experiments/ckpt_dirs/qa/owc/qa_oewc_lr=3e-5_ep=10_lbd=10_gm=1_T=100,b=64,alpha=0.9,beta=0.5,gamma=0.8/model_ckpt_090.pt.
11/10/2021 15:05:54 - INFO - __main__ - Updated result feule: experiments/results/qa/qa_oewc_lr=3e-5_ep=10_lbd=10_gm=1_T=100,b=64,alpha=0.9,beta=0.5,gamma=0.8_result.json at Timecode: 90.
11/10/2021 15:05:54 - INFO - __main__ - --------------------------------------------------
11/10/2021 15:05:54 - INFO - __main__ - Evaluating to get errors .... Timecode: 91
11/10/2021 15:05:58 - INFO - __main__ - Before Error Fixing: {'EM': 0.578125, 'QA-F1': 0.6316220238095238}
11/10/2021 15:05:58 - INFO - __main__ - Found 27 errors.
11/10/2021 15:05:58 - INFO - __main__ - Start error-fixing .... Timecode: 91
11/10/2021 15:06:14 - INFO - __main__ - Start error-fixing .... Done!
11/10/2021 15:06:15 - INFO - __main__ - Overall: 0.7129891304347826 from scores=[0.5344769021739131, 1.0, 0.83203125, 0.69921875, 0.49921875]
11/10/2021 15:06:15 - INFO - __main__ - --------------------------------------------------
11/10/2021 15:06:15 - INFO - __main__ - Evaluating to get errors .... Timecode: 92
11/10/2021 15:06:18 - INFO - __main__ - Before Error Fixing: {'EM': 0.5625, 'QA-F1': 0.6755988190730837}
11/10/2021 15:06:18 - INFO - __main__ - Found 28 errors.
11/10/2021 15:06:18 - INFO - __main__ - Start error-fixing .... Timecode: 92
11/10/2021 15:06:33 - INFO - __main__ - Start error-fixing .... Done!
11/10/2021 15:06:35 - INFO - __main__ - Overall: 0.7130493951612903 from scores=[0.5347782258064516, 1.0, 0.83203125, 0.69921875, 0.49921875]
11/10/2021 15:06:35 - INFO - __main__ - --------------------------------------------------
11/10/2021 15:06:35 - INFO - __main__ - Evaluating to get errors .... Timecode: 93
11/10/2021 15:06:38 - INFO - __main__ - Before Error Fixing: {'EM': 0.609375, 'QA-F1': 0.7012531054471843}
11/10/2021 15:06:38 - INFO - __main__ - Found 25 errors.
11/10/2021 15:06:38 - INFO - __main__ - Start error-fixing .... Timecode: 93
11/10/2021 15:06:52 - INFO - __main__ - Start error-fixing .... Done!
11/10/2021 15:06:54 - INFO - __main__ - Overall: 0.7132081117021276 from scores=[0.5355718085106382, 1.0, 0.83203125, 0.69921875, 0.49921875]
11/10/2021 15:06:54 - INFO - __main__ - --------------------------------------------------
11/10/2021 15:06:54 - INFO - __main__ - Evaluating to get errors .... Timecode: 94
11/10/2021 15:06:57 - INFO - __main__ - Before Error Fixing: {'EM': 0.59375, 'QA-F1': 0.6452414772727273}
11/10/2021 15:06:57 - INFO - __main__ - Found 26 errors.
11/10/2021 15:06:57 - INFO - __main__ - Start error-fixing .... Timecode: 94
11/10/2021 15:07:13 - INFO - __main__ - Start error-fixing .... Done!
11/10/2021 15:07:15 - INFO - __main__ - Overall: 0.7133305921052632 from scores=[0.5361842105263157, 1.0, 0.83203125, 0.69921875, 0.49921875]
11/10/2021 15:07:15 - INFO - __main__ - --------------------------------------------------
11/10/2021 15:07:15 - INFO - __main__ - Evaluating to get errors .... Timecode: 95
11/10/2021 15:07:19 - INFO - __main__ - Before Error Fixing: {'EM': 0.46875, 'QA-F1': 0.5780147970605454}
11/10/2021 15:07:19 - INFO - __main__ - Found 34 errors.
11/10/2021 15:07:19 - INFO - __main__ - Start error-fixing .... Timecode: 95
11/10/2021 15:07:40 - INFO - __main__ - Start error-fixing .... Done!
11/10/2021 15:07:43 - INFO - __main__ - Overall: 0.7073077512254902 from scores=[0.5354817708333333, 0.9705882352941176, 0.83203125, 0.69921875, 0.49921875]
11/10/2021 15:07:43 - INFO - __main__ - --------------------------------------------------
11/10/2021 15:07:43 - INFO - __main__ - Evaluating to get errors .... Timecode: 96
11/10/2021 15:07:47 - INFO - __main__ - Before Error Fixing: {'EM': 0.421875, 'QA-F1': 0.5749173061627028}
11/10/2021 15:07:47 - INFO - __main__ - Found 37 errors.
11/10/2021 15:07:47 - INFO - __main__ - Start error-fixing .... Timecode: 96
11/10/2021 15:08:09 - INFO - __main__ - Start error-fixing .... Done!
11/10/2021 15:08:11 - INFO - __main__ - Overall: 0.7129558634020619 from scores=[0.5343105670103092, 1.0, 0.83203125, 0.69921875, 0.49921875]
11/10/2021 15:08:11 - INFO - __main__ - --------------------------------------------------
11/10/2021 15:08:11 - INFO - __main__ - Evaluating to get errors .... Timecode: 97
11/10/2021 15:08:15 - INFO - __main__ - Before Error Fixing: {'EM': 0.484375, 'QA-F1': 0.6103375068185426}
11/10/2021 15:08:15 - INFO - __main__ - Found 33 errors.
11/10/2021 15:08:15 - INFO - __main__ - Start error-fixing .... Timecode: 97
11/10/2021 15:08:35 - INFO - __main__ - Start error-fixing .... Done!
11/10/2021 15:08:38 - INFO - __main__ - Overall: 0.7007327419604205 from scores=[0.5338010204081632, 0.9393939393939394, 0.83203125, 0.69921875, 0.49921875]
11/10/2021 15:08:38 - INFO - __main__ - --------------------------------------------------
11/10/2021 15:08:38 - INFO - __main__ - Evaluating to get errors .... Timecode: 98
11/10/2021 15:08:42 - INFO - __main__ - Before Error Fixing: {'EM': 0.609375, 'QA-F1': 0.6644345238095237}
11/10/2021 15:08:42 - INFO - __main__ - Found 25 errors.
11/10/2021 15:08:42 - INFO - __main__ - Start error-fixing .... Timecode: 98
11/10/2021 15:08:58 - INFO - __main__ - Start error-fixing .... Done!
11/10/2021 15:08:59 - INFO - __main__ - Overall: 0.7130066287878788 from scores=[0.5345643939393939, 1.0, 0.83203125, 0.69921875, 0.49921875]
11/10/2021 15:08:59 - INFO - __main__ - --------------------------------------------------
11/10/2021 15:08:59 - INFO - __main__ - Start eval_knowledge_retention for UKR @ Timecode=99
11/10/2021 15:09:24 - INFO - __main__ - Upstream Knowledge Retation (UKR@99): 0.6641
11/10/2021 15:09:25 - INFO - __main__ - Start eval_knowledge_retention for OKR @ Timecode=99
11/10/2021 15:09:55 - INFO - __main__ - Online Knowledge Retation (OKR@99): 0.8418
11/10/2021 15:09:55 - INFO - __main__ - Start eval_knowledge_generalization for KG @ Timecode=99
11/10/2021 15:11:00 - INFO - __main__ - Future Knowledge Generalization (KG@99): 0.5352
11/10/2021 15:11:00 - INFO - __main__ - Evaluating to get errors .... Timecode: 99
11/10/2021 15:11:03 - INFO - __main__ - Before Error Fixing: {'EM': 0.671875, 'QA-F1': 0.7328125}
11/10/2021 15:11:03 - INFO - __main__ - Found 21 errors.
11/10/2021 15:11:03 - INFO - __main__ - Start error-fixing .... Timecode: 99
11/10/2021 15:11:16 - INFO - __main__ - Start error-fixing .... Done!
11/10/2021 15:11:17 - INFO - __main__ - Overall: 0.696343005952381 from scores=[0.5359375, 0.9047619047619048, 0.841796875, 0.6640625, 0.53515625]
11/10/2021 15:11:17 - INFO - __main__ - --------------------------------------------------
11/10/2021 15:11:17 - INFO - __main__ - Start the final evaluation.
11/10/2021 15:11:17 - INFO - __main__ - Nothing here.
11/10/2021 15:11:18 - INFO - __main__ - Model saved to experiments/ckpt_dirs/qa/owc/qa_oewc_lr=3e-5_ep=10_lbd=10_gm=1_T=100,b=64,alpha=0.9,beta=0.5,gamma=0.8/model_ckpt_100.pt.
11/10/2021 15:11:18 - INFO - __main__ - Updated result feule: experiments/results/qa/qa_oewc_lr=3e-5_ep=10_lbd=10_gm=1_T=100,b=64,alpha=0.9,beta=0.5,gamma=0.8_result.json at Timecode: 100.
11/10/2021 15:11:18 - INFO - __main__ - Finished. Results saved to experiments/results/qa/qa_oewc_lr=3e-5_ep=10_lbd=10_gm=1_T=100,b=64,alpha=0.9,beta=0.5,gamma=0.8_result.json
