11/08/2021 03:37:50 - INFO - __main__ - Namespace(adam_epsilon=1e-08, adapter_dim=32, append_another_bos=1, base_model_path='out/mrqa_squad_bart-base_1029_upstream_model//best-model.pt', base_model_type='facebook/bart-base', ckpt_dir='experiments/ckpt_dirs/qa/er/QA_oewc_lr=3e-5_ep=10_lbd=1000_T=100,b=64,alpha=0.9,beta=0.9,gamma=0.8', cl_method_name='online_ewc', current_thread_id=None, do_lowercase=False, ewc_gamma=1.0, ewc_lambda=1000.0, example_encoder_name='roberta-base', freeze_embeds=False, gradient_accumulation_steps=1, heldout_submission_data='experiments/eval_data/qa/heldout_eval.jsonl', index_rank_method='most_similar', indexing_args_path='exp_results/supervision_data/1012_dm_simple.train_args.json', indexing_method='bart_index', inference_query_size=1, init_memory_cache_path='bug_data/memory_key_cache.pkl', kg_eval_freq=10, kg_eval_mode='metric', kr_eval_freq=10, kr_eval_mode='metric', learning_rate=3e-05, local_adapt_lr=1e-05, max_grad_norm=0.1, max_input_length=888, max_output_length=50, max_timecode=100, memory_key_encoder='facebook/bart-base', memory_path='', memory_store_rate=1.0, mir_abalation_args='none', num_adapt_epochs=1, num_beams=3, num_threads_eval=0, num_train_epochs=10.0, okr_sample_seed=1337, okr_sample_size=512, path_to_thread_result=None, predict_batch_size=48, prefix='QA_oewc_lr=3e-5_ep=10_lbd=1000_T=100,b=64,alpha=0.9,beta=0.9,gamma=0.8', replay_candidate_size=8, replay_frequency=1, replay_size=8, result_file='experiments/results/qa/QA_oewc_lr=3e-5_ep=10_lbd=1000_T=100,b=64,alpha=0.9,beta=0.9,gamma=0.8_result.json', save_ckpt_freq=10, seed=42, skip_instant_eval=False, submission_stream_data='experiments/eval_data/qa/submission_stream.T=100,b=64,alpha=0.9,beta=0.9,gamma=0.8.json', task_emb_dim=768, task_name='mrqa', train_batch_size=8, upstream_data_path='data/mrqa_squad/mrqa_squad_train.jsonl', upstream_eval_data='experiments/eval_data/qa/upstream_eval.jsonl', upstream_sample_ratio=-1, use_mir=False, use_replay_mix=False, use_wandb=True, weight_decay=0.01)
11/08/2021 03:37:50 - INFO - transformers.tokenization_utils - loading file https://s3.amazonaws.com/models.huggingface.co/bert/roberta-large-vocab.json from cache at /private/home/yuchenlin/.cache/torch/transformers/1ae1f5b6e2b22b25ccc04c000bb79ca847aa226d0761536b011cf7e5868f0655.ef00af9e673c7160b4d41cfda1f48c5f4cba57d5142754525572a846a1ab1b9b
11/08/2021 03:37:50 - INFO - transformers.tokenization_utils - loading file https://s3.amazonaws.com/models.huggingface.co/bert/roberta-large-merges.txt from cache at /private/home/yuchenlin/.cache/torch/transformers/f8f83199a6270d582d6245dc100e99c4155de81c9745c6248077018fe01abcfb.70bec105b4158ed9a1747fea67a43f5dee97855c64d62b6ec3742f4cfdb5feda
11/08/2021 03:38:10 - INFO - __main__ - load_data: len(upstream_eval_examples)=512
11/08/2021 03:38:11 - INFO - __main__ - load_data: len(heldout_eval_examples)=1280
11/08/2021 03:38:14 - INFO - __main__ - Loading checkpoint from out/mrqa_squad_bart-base_1029_upstream_model//best-model.pt for facebook/bart-base .....
11/08/2021 03:38:15 - INFO - transformers.configuration_utils - loading configuration file https://s3.amazonaws.com/models.huggingface.co/bert/facebook/bart-base/config.json from cache at /private/home/yuchenlin/.cache/torch/transformers/09f4fcaeaf785dd3b97b085d6e3510c7081f586ec8e75981683c6299c0f81d9d.e8d516ad807436d395effad8c2326786872659b7dd1210827ac67c761198a0eb
11/08/2021 03:38:15 - INFO - transformers.configuration_utils - Model config BartConfig {
  "activation_dropout": 0.1,
  "activation_function": "gelu",
  "add_bias_logits": false,
  "add_final_layer_norm": false,
  "architectures": [
    "BartModel",
    "BartForConditionalGeneration",
    "BartForSequenceClassification"
  ],
  "attention_dropout": 0.1,
  "bos_token_id": 0,
  "classif_dropout": 0.0,
  "d_model": 768,
  "decoder_attention_heads": 12,
  "decoder_ffn_dim": 3072,
  "decoder_layerdrop": 0.0,
  "decoder_layers": 6,
  "decoder_start_token_id": 2,
  "dropout": 0.1,
  "early_stopping": true,
  "encoder_attention_heads": 12,
  "encoder_ffn_dim": 3072,
  "encoder_layerdrop": 0.0,
  "encoder_layers": 6,
  "eos_token_id": 2,
  "id2label": {
    "0": "LABEL_0",
    "1": "LABEL_1",
    "2": "LABEL_2"
  },
  "init_std": 0.02,
  "is_encoder_decoder": true,
  "label2id": {
    "LABEL_0": 0,
    "LABEL_1": 1,
    "LABEL_2": 2
  },
  "max_position_embeddings": 1024,
  "model_type": "bart",
  "no_repeat_ngram_size": 3,
  "normalize_before": false,
  "normalize_embedding": true,
  "num_beams": 4,
  "num_hidden_layers": 6,
  "pad_token_id": 1,
  "scale_embedding": false,
  "static_position_embeddings": false,
  "task_specific_params": {
    "summarization": {
      "length_penalty": 1.0,
      "max_length": 128,
      "min_length": 12,
      "num_beams": 4
    },
    "summarization_cnn": {
      "length_penalty": 2.0,
      "max_length": 142,
      "min_length": 56,
      "num_beams": 4
    },
    "summarization_xsum": {
      "length_penalty": 1.0,
      "max_length": 62,
      "min_length": 11,
      "num_beams": 6
    }
  },
  "vocab_size": 50265
}

11/08/2021 03:38:15 - INFO - transformers.modeling_utils - loading weights file https://cdn.huggingface.co/facebook/bart-base/pytorch_model.bin from cache at /private/home/yuchenlin/.cache/torch/transformers/566c05fb6983817e8ad7a4fa51e3099fe9caa3b31730f964bc5198d71c677523.0a3d95c18c1e434448941bc25accea7b122882be6526fb67c8e8fb6d5ebc711c
11/08/2021 03:38:18 - INFO - __main__ - Loading checkpoint from out/mrqa_squad_bart-base_1029_upstream_model//best-model.pt for facebook/bart-base ..... Done!
11/08/2021 03:38:21 - INFO - __main__ - Moving to the GPUs.
11/08/2021 03:38:21 - INFO - __main__ - Debugger Setup ......
11/08/2021 03:38:21 - INFO - __main__ - debugger_args: Namespace(adam_epsilon=1e-08, ckpt_dir='experiments/ckpt_dirs/qa/er/QA_oewc_lr=3e-5_ep=10_lbd=1000_T=100,b=64,alpha=0.9,beta=0.9,gamma=0.8', ewc_gamma=1.0, ewc_lambda=1000.0, gradient_accumulation_steps=1, kg_eval_freq=10, kg_eval_mode='metric', kr_eval_freq=10, kr_eval_mode='metric', learning_rate=3e-05, max_grad_norm=0.1, num_epochs=10.0, okr_sample_seed=1337, okr_sample_size=512, save_ckpt_freq=10, skip_instant_eval=False, total_steps=10000, warmup_steps=0, weight_decay=0.01) ......
11/08/2021 03:38:21 - INFO - __main__ - optimizer & scheduler Setup ...... Done!
11/08/2021 03:38:21 - INFO - __main__ - Debugger Setup ...... Done!
11/08/2021 03:38:21 - INFO - __main__ - Start Online Debugging with Dynamic Error Mode
11/08/2021 03:38:21 - INFO - __main__ - Number of Batches of Data: 100
11/08/2021 03:38:21 - INFO - __main__ - Data Batch Size: 64;
11/08/2021 03:38:23 - INFO - __main__ - Model saved to experiments/ckpt_dirs/qa/er/QA_oewc_lr=3e-5_ep=10_lbd=1000_T=100,b=64,alpha=0.9,beta=0.9,gamma=0.8/model_ckpt_000.pt.
11/08/2021 03:38:23 - INFO - __main__ - Start eval_knowledge_retention for UKR @ Timecode=0
11/08/2021 03:38:44 - INFO - __main__ - Upstream Knowledge Retation (UKR@0): 0.8027
11/08/2021 03:38:44 - INFO - __main__ - Start eval_knowledge_generalization for KG @ Timecode=0
11/08/2021 03:40:10 - INFO - __main__ - Future Knowledge Generalization (KG@0): 0.3125
11/08/2021 03:40:10 - INFO - __main__ - Evaluating to get errors .... Timecode: 0
11/08/2021 03:40:13 - INFO - __main__ - Before Error Fixing: {'EM': 0.84375, 'QA-F1': 0.86171875}
11/08/2021 03:40:13 - INFO - __main__ - Found 10 errors.
11/08/2021 03:40:13 - INFO - __main__ - Start error-fixing .... Timecode: 0
11/08/2021 03:40:16 - INFO - __main__ - Start error-fixing .... Done!
11/08/2021 03:40:17 - INFO - __main__ - Overall: 0.921875 from scores=[0.84375, 1.0]
11/08/2021 03:40:19 - INFO - __main__ - Model saved to experiments/ckpt_dirs/qa/er/QA_oewc_lr=3e-5_ep=10_lbd=1000_T=100,b=64,alpha=0.9,beta=0.9,gamma=0.8/model_ckpt_000.pt.
11/08/2021 03:40:19 - INFO - __main__ - Updated result feule: experiments/results/qa/QA_oewc_lr=3e-5_ep=10_lbd=1000_T=100,b=64,alpha=0.9,beta=0.9,gamma=0.8_result.json at Timecode: 0.
11/08/2021 03:40:19 - INFO - __main__ - --------------------------------------------------
11/08/2021 03:40:19 - INFO - __main__ - Evaluating to get errors .... Timecode: 1
11/08/2021 03:40:22 - INFO - __main__ - Before Error Fixing: {'EM': 0.703125, 'QA-F1': 0.7578004807692308}
11/08/2021 03:40:22 - INFO - __main__ - Found 19 errors.
11/08/2021 03:40:22 - INFO - __main__ - Start error-fixing .... Timecode: 1
11/08/2021 03:40:33 - INFO - __main__ - Start error-fixing .... Done!
11/08/2021 03:40:35 - INFO - __main__ - Overall: 0.8604029605263157 from scores=[0.7734375, 0.9473684210526315]
11/08/2021 03:40:35 - INFO - __main__ - --------------------------------------------------
11/08/2021 03:40:35 - INFO - __main__ - Evaluating to get errors .... Timecode: 2
11/08/2021 03:40:39 - INFO - __main__ - Before Error Fixing: {'EM': 0.71875, 'QA-F1': 0.7825314153439153}
11/08/2021 03:40:39 - INFO - __main__ - Found 18 errors.
11/08/2021 03:40:39 - INFO - __main__ - Start error-fixing .... Timecode: 2
11/08/2021 03:40:49 - INFO - __main__ - Start error-fixing .... Done!
11/08/2021 03:40:51 - INFO - __main__ - Overall: 0.8498263888888888 from scores=[0.7552083333333334, 0.9444444444444444]
11/08/2021 03:40:51 - INFO - __main__ - --------------------------------------------------
11/08/2021 03:40:51 - INFO - __main__ - Evaluating to get errors .... Timecode: 3
11/08/2021 03:40:55 - INFO - __main__ - Before Error Fixing: {'EM': 0.65625, 'QA-F1': 0.6909722222222222}
11/08/2021 03:40:55 - INFO - __main__ - Found 22 errors.
11/08/2021 03:40:55 - INFO - __main__ - Start error-fixing .... Timecode: 3
11/08/2021 03:41:08 - INFO - __main__ - Start error-fixing .... Done!
11/08/2021 03:41:09 - INFO - __main__ - Overall: 0.865234375 from scores=[0.73046875, 1.0]
11/08/2021 03:41:09 - INFO - __main__ - --------------------------------------------------
11/08/2021 03:41:09 - INFO - __main__ - Evaluating to get errors .... Timecode: 4
11/08/2021 03:41:13 - INFO - __main__ - Before Error Fixing: {'EM': 0.671875, 'QA-F1': 0.693029435331825}
11/08/2021 03:41:13 - INFO - __main__ - Found 21 errors.
11/08/2021 03:41:14 - INFO - __main__ - Start error-fixing .... Timecode: 4
11/08/2021 03:41:26 - INFO - __main__ - Start error-fixing .... Done!
11/08/2021 03:41:28 - INFO - __main__ - Overall: 0.8117559523809523 from scores=[0.71875, 0.9047619047619048]
11/08/2021 03:41:28 - INFO - __main__ - --------------------------------------------------
11/08/2021 03:41:28 - INFO - __main__ - Evaluating to get errors .... Timecode: 5
11/08/2021 03:41:32 - INFO - __main__ - Before Error Fixing: {'EM': 0.4375, 'QA-F1': 0.5818190197053456}
11/08/2021 03:41:32 - INFO - __main__ - Found 36 errors.
11/08/2021 03:41:32 - INFO - __main__ - Start error-fixing .... Timecode: 5
11/08/2021 03:41:52 - INFO - __main__ - Start error-fixing .... Done!
11/08/2021 03:41:54 - INFO - __main__ - Overall: 0.8081597222222222 from scores=[0.671875, 0.9444444444444444]
11/08/2021 03:41:54 - INFO - __main__ - --------------------------------------------------
11/08/2021 03:41:54 - INFO - __main__ - Evaluating to get errors .... Timecode: 6
11/08/2021 03:41:59 - INFO - __main__ - Before Error Fixing: {'EM': 0.59375, 'QA-F1': 0.6855721819487983}
11/08/2021 03:41:59 - INFO - __main__ - Found 26 errors.
11/08/2021 03:41:59 - INFO - __main__ - Start error-fixing .... Timecode: 6
11/08/2021 03:42:14 - INFO - __main__ - Start error-fixing .... Done!
11/08/2021 03:42:16 - INFO - __main__ - Overall: 0.8111263736263736 from scores=[0.6607142857142857, 0.9615384615384616]
11/08/2021 03:42:16 - INFO - __main__ - --------------------------------------------------
11/08/2021 03:42:16 - INFO - __main__ - Evaluating to get errors .... Timecode: 7
11/08/2021 03:42:19 - INFO - __main__ - Before Error Fixing: {'EM': 0.5625, 'QA-F1': 0.6060910154660155}
11/08/2021 03:42:19 - INFO - __main__ - Found 28 errors.
11/08/2021 03:42:19 - INFO - __main__ - Start error-fixing .... Timecode: 7
11/08/2021 03:42:35 - INFO - __main__ - Start error-fixing .... Done!
11/08/2021 03:42:37 - INFO - __main__ - Overall: 0.82421875 from scores=[0.6484375, 1.0]
11/08/2021 03:42:37 - INFO - __main__ - --------------------------------------------------
11/08/2021 03:42:37 - INFO - __main__ - Evaluating to get errors .... Timecode: 8
11/08/2021 03:42:40 - INFO - __main__ - Before Error Fixing: {'EM': 0.578125, 'QA-F1': 0.6578869047619048}
11/08/2021 03:42:40 - INFO - __main__ - Found 27 errors.
11/08/2021 03:42:40 - INFO - __main__ - Start error-fixing .... Timecode: 8
11/08/2021 03:42:56 - INFO - __main__ - Start error-fixing .... Done!
11/08/2021 03:42:57 - INFO - __main__ - Overall: 0.8203125 from scores=[0.640625, 1.0]
11/08/2021 03:42:57 - INFO - __main__ - --------------------------------------------------
11/08/2021 03:42:57 - INFO - __main__ - Evaluating to get errors .... Timecode: 9
11/08/2021 03:43:00 - INFO - __main__ - Before Error Fixing: {'EM': 0.53125, 'QA-F1': 0.6247837487267633}
11/08/2021 03:43:00 - INFO - __main__ - Found 30 errors.
11/08/2021 03:43:01 - INFO - __main__ - Start error-fixing .... Timecode: 9
11/08/2021 03:43:17 - INFO - __main__ - Start error-fixing .... Done!
11/08/2021 03:43:19 - INFO - __main__ - Overall: 0.81484375 from scores=[0.6296875, 1.0]
11/08/2021 03:43:19 - INFO - __main__ - --------------------------------------------------
11/08/2021 03:43:19 - INFO - __main__ - Start eval_knowledge_retention for UKR @ Timecode=10
11/08/2021 03:43:43 - INFO - __main__ - Upstream Knowledge Retation (UKR@10): 0.7051
11/08/2021 03:43:44 - INFO - __main__ - Start eval_knowledge_retention for OKR @ Timecode=10
11/08/2021 03:44:18 - INFO - __main__ - Online Knowledge Retation (OKR@10): 0.8828
11/08/2021 03:44:18 - INFO - __main__ - Start eval_knowledge_generalization for KG @ Timecode=10
11/08/2021 03:45:24 - INFO - __main__ - Future Knowledge Generalization (KG@10): 0.4586
11/08/2021 03:45:24 - INFO - __main__ - Evaluating to get errors .... Timecode: 10
11/08/2021 03:45:27 - INFO - __main__ - Before Error Fixing: {'EM': 0.453125, 'QA-F1': 0.5591068363844394}
11/08/2021 03:45:27 - INFO - __main__ - Found 35 errors.
11/08/2021 03:45:27 - INFO - __main__ - Start error-fixing .... Timecode: 10
11/08/2021 03:45:47 - INFO - __main__ - Start error-fixing .... Done!
11/08/2021 03:45:49 - INFO - __main__ - Overall: 0.726309862012987 from scores=[0.6136363636363636, 0.9714285714285714, 0.8828125, 0.705078125, 0.45859375]
11/08/2021 03:45:51 - INFO - __main__ - Model saved to experiments/ckpt_dirs/qa/er/QA_oewc_lr=3e-5_ep=10_lbd=1000_T=100,b=64,alpha=0.9,beta=0.9,gamma=0.8/model_ckpt_010.pt.
11/08/2021 03:45:51 - INFO - __main__ - Updated result feule: experiments/results/qa/QA_oewc_lr=3e-5_ep=10_lbd=1000_T=100,b=64,alpha=0.9,beta=0.9,gamma=0.8_result.json at Timecode: 10.
11/08/2021 03:45:51 - INFO - __main__ - --------------------------------------------------
11/08/2021 03:45:51 - INFO - __main__ - Evaluating to get errors .... Timecode: 11
11/08/2021 03:45:55 - INFO - __main__ - Before Error Fixing: {'EM': 0.484375, 'QA-F1': 0.5764023154603025}
11/08/2021 03:45:55 - INFO - __main__ - Found 33 errors.
11/08/2021 03:45:56 - INFO - __main__ - Start error-fixing .... Timecode: 11
11/08/2021 03:46:15 - INFO - __main__ - Start error-fixing .... Done!
11/08/2021 03:46:18 - INFO - __main__ - Overall: 0.7298697916666665 from scores=[0.6028645833333333, 1.0, 0.8828125, 0.705078125, 0.45859375]
11/08/2021 03:46:18 - INFO - __main__ - --------------------------------------------------
11/08/2021 03:46:18 - INFO - __main__ - Evaluating to get errors .... Timecode: 12
11/08/2021 03:46:22 - INFO - __main__ - Before Error Fixing: {'EM': 0.609375, 'QA-F1': 0.6617432001478054}
11/08/2021 03:46:22 - INFO - __main__ - Found 25 errors.
11/08/2021 03:46:23 - INFO - __main__ - Start error-fixing .... Timecode: 12
11/08/2021 03:46:38 - INFO - __main__ - Start error-fixing .... Done!
11/08/2021 03:46:39 - INFO - __main__ - Overall: 0.7219699519230769 from scores=[0.6033653846153846, 0.96, 0.8828125, 0.705078125, 0.45859375]
11/08/2021 03:46:39 - INFO - __main__ - --------------------------------------------------
11/08/2021 03:46:39 - INFO - __main__ - Evaluating to get errors .... Timecode: 13
11/08/2021 03:46:43 - INFO - __main__ - Before Error Fixing: {'EM': 0.4375, 'QA-F1': 0.5927346380471381}
11/08/2021 03:46:43 - INFO - __main__ - Found 36 errors.
11/08/2021 03:46:44 - INFO - __main__ - Start error-fixing .... Timecode: 13
11/08/2021 03:47:03 - INFO - __main__ - Start error-fixing .... Done!
11/08/2021 03:47:06 - INFO - __main__ - Overall: 0.7220448908730159 from scores=[0.5915178571428572, 0.9722222222222222, 0.8828125, 0.705078125, 0.45859375]
11/08/2021 03:47:06 - INFO - __main__ - --------------------------------------------------
11/08/2021 03:47:06 - INFO - __main__ - Evaluating to get errors .... Timecode: 14
11/08/2021 03:47:10 - INFO - __main__ - Before Error Fixing: {'EM': 0.4375, 'QA-F1': 0.5061461975524475}
11/08/2021 03:47:10 - INFO - __main__ - Found 36 errors.
11/08/2021 03:47:10 - INFO - __main__ - Start error-fixing .... Timecode: 14
11/08/2021 03:47:30 - INFO - __main__ - Start error-fixing .... Done!
11/08/2021 03:47:32 - INFO - __main__ - Overall: 0.7255468749999999 from scores=[0.58125, 1.0, 0.8828125, 0.705078125, 0.45859375]
11/08/2021 03:47:32 - INFO - __main__ - --------------------------------------------------
11/08/2021 03:47:32 - INFO - __main__ - Evaluating to get errors .... Timecode: 15
11/08/2021 03:47:37 - INFO - __main__ - Before Error Fixing: {'EM': 0.53125, 'QA-F1': 0.6445928188526873}
11/08/2021 03:47:37 - INFO - __main__ - Found 30 errors.
11/08/2021 03:47:37 - INFO - __main__ - Start error-fixing .... Timecode: 15
11/08/2021 03:47:54 - INFO - __main__ - Start error-fixing .... Done!
11/08/2021 03:47:56 - INFO - __main__ - Overall: 0.7249218749999999 from scores=[0.578125, 1.0, 0.8828125, 0.705078125, 0.45859375]
11/08/2021 03:47:56 - INFO - __main__ - --------------------------------------------------
11/08/2021 03:47:56 - INFO - __main__ - Evaluating to get errors .... Timecode: 16
11/08/2021 03:48:00 - INFO - __main__ - Before Error Fixing: {'EM': 0.53125, 'QA-F1': 0.6243635111233796}
11/08/2021 03:48:00 - INFO - __main__ - Found 30 errors.
11/08/2021 03:48:00 - INFO - __main__ - Start error-fixing .... Timecode: 16
11/08/2021 03:48:16 - INFO - __main__ - Start error-fixing .... Done!
11/08/2021 03:48:18 - INFO - __main__ - Overall: 0.7243704044117647 from scores=[0.5753676470588236, 1.0, 0.8828125, 0.705078125, 0.45859375]
11/08/2021 03:48:18 - INFO - __main__ - --------------------------------------------------
11/08/2021 03:48:18 - INFO - __main__ - Evaluating to get errors .... Timecode: 17
11/08/2021 03:48:21 - INFO - __main__ - Before Error Fixing: {'EM': 0.609375, 'QA-F1': 0.7127356150793651}
11/08/2021 03:48:21 - INFO - __main__ - Found 25 errors.
11/08/2021 03:48:22 - INFO - __main__ - Start error-fixing .... Timecode: 17
11/08/2021 03:48:37 - INFO - __main__ - Start error-fixing .... Done!
11/08/2021 03:48:38 - INFO - __main__ - Overall: 0.7247482638888889 from scores=[0.5772569444444444, 1.0, 0.8828125, 0.705078125, 0.45859375]
11/08/2021 03:48:38 - INFO - __main__ - --------------------------------------------------
11/08/2021 03:48:38 - INFO - __main__ - Evaluating to get errors .... Timecode: 18
11/08/2021 03:48:41 - INFO - __main__ - Before Error Fixing: {'EM': 0.59375, 'QA-F1': 0.6354166666666666}
11/08/2021 03:48:41 - INFO - __main__ - Found 26 errors.
11/08/2021 03:48:41 - INFO - __main__ - Start error-fixing .... Timecode: 18
11/08/2021 03:48:56 - INFO - __main__ - Start error-fixing .... Done!
11/08/2021 03:48:57 - INFO - __main__ - Overall: 0.7095372596153846 from scores=[0.578125, 0.9230769230769231, 0.8828125, 0.705078125, 0.45859375]
11/08/2021 03:48:57 - INFO - __main__ - --------------------------------------------------
11/08/2021 03:48:57 - INFO - __main__ - Evaluating to get errors .... Timecode: 19
11/08/2021 03:49:00 - INFO - __main__ - Before Error Fixing: {'EM': 0.46875, 'QA-F1': 0.5254734848484849}
11/08/2021 03:49:00 - INFO - __main__ - Found 34 errors.
11/08/2021 03:49:00 - INFO - __main__ - Start error-fixing .... Timecode: 19
11/08/2021 03:49:20 - INFO - __main__ - Start error-fixing .... Done!
11/08/2021 03:49:21 - INFO - __main__ - Overall: 0.723828125 from scores=[0.57265625, 1.0, 0.8828125, 0.705078125, 0.45859375]
11/08/2021 03:49:21 - INFO - __main__ - --------------------------------------------------
11/08/2021 03:49:21 - INFO - __main__ - Start eval_knowledge_retention for UKR @ Timecode=20
11/08/2021 03:49:40 - INFO - __main__ - Upstream Knowledge Retation (UKR@20): 0.7676
11/08/2021 03:49:41 - INFO - __main__ - Start eval_knowledge_retention for OKR @ Timecode=20
11/08/2021 03:50:07 - INFO - __main__ - Online Knowledge Retation (OKR@20): 0.8848
11/08/2021 03:50:07 - INFO - __main__ - Start eval_knowledge_generalization for KG @ Timecode=20
11/08/2021 03:50:59 - INFO - __main__ - Future Knowledge Generalization (KG@20): 0.4437
11/08/2021 03:50:59 - INFO - __main__ - Evaluating to get errors .... Timecode: 20
11/08/2021 03:51:02 - INFO - __main__ - Before Error Fixing: {'EM': 0.5625, 'QA-F1': 0.6131944444444444}
11/08/2021 03:51:02 - INFO - __main__ - Found 28 errors.
11/08/2021 03:51:02 - INFO - __main__ - Start error-fixing .... Timecode: 20
11/08/2021 03:51:18 - INFO - __main__ - Start error-fixing .... Done!
11/08/2021 03:51:19 - INFO - __main__ - Overall: 0.7336532738095238 from scores=[0.5721726190476191, 1.0, 0.884765625, 0.767578125, 0.44375]
11/08/2021 03:51:21 - INFO - __main__ - Model saved to experiments/ckpt_dirs/qa/er/QA_oewc_lr=3e-5_ep=10_lbd=1000_T=100,b=64,alpha=0.9,beta=0.9,gamma=0.8/model_ckpt_020.pt.
11/08/2021 03:51:21 - INFO - __main__ - Updated result feule: experiments/results/qa/QA_oewc_lr=3e-5_ep=10_lbd=1000_T=100,b=64,alpha=0.9,beta=0.9,gamma=0.8_result.json at Timecode: 20.
11/08/2021 03:51:21 - INFO - __main__ - --------------------------------------------------
11/08/2021 03:51:21 - INFO - __main__ - Evaluating to get errors .... Timecode: 21
11/08/2021 03:51:23 - INFO - __main__ - Before Error Fixing: {'EM': 0.4375, 'QA-F1': 0.5095486111111112}
11/08/2021 03:51:23 - INFO - __main__ - Found 36 errors.
11/08/2021 03:51:24 - INFO - __main__ - Start error-fixing .... Timecode: 21
11/08/2021 03:51:44 - INFO - __main__ - Start error-fixing .... Done!
11/08/2021 03:51:45 - INFO - __main__ - Overall: 0.7324289772727273 from scores=[0.5660511363636364, 1.0, 0.884765625, 0.767578125, 0.44375]
11/08/2021 03:51:45 - INFO - __main__ - --------------------------------------------------
11/08/2021 03:51:45 - INFO - __main__ - Evaluating to get errors .... Timecode: 22
11/08/2021 03:51:48 - INFO - __main__ - Before Error Fixing: {'EM': 0.5, 'QA-F1': 0.5437995304426756}
11/08/2021 03:51:48 - INFO - __main__ - Found 32 errors.
11/08/2021 03:51:48 - INFO - __main__ - Start error-fixing .... Timecode: 22
11/08/2021 03:52:04 - INFO - __main__ - Start error-fixing .... Done!
11/08/2021 03:52:06 - INFO - __main__ - Overall: 0.7318546195652174 from scores=[0.5631793478260869, 1.0, 0.884765625, 0.767578125, 0.44375]
11/08/2021 03:52:06 - INFO - __main__ - --------------------------------------------------
11/08/2021 03:52:06 - INFO - __main__ - Evaluating to get errors .... Timecode: 23
11/08/2021 03:52:10 - INFO - __main__ - Before Error Fixing: {'EM': 0.5, 'QA-F1': 0.5989882224257224}
11/08/2021 03:52:10 - INFO - __main__ - Found 32 errors.
11/08/2021 03:52:10 - INFO - __main__ - Start error-fixing .... Timecode: 23
11/08/2021 03:52:26 - INFO - __main__ - Start error-fixing .... Done!
11/08/2021 03:52:28 - INFO - __main__ - Overall: 0.718828125 from scores=[0.560546875, 0.9375, 0.884765625, 0.767578125, 0.44375]
11/08/2021 03:52:28 - INFO - __main__ - --------------------------------------------------
11/08/2021 03:52:28 - INFO - __main__ - Evaluating to get errors .... Timecode: 24
11/08/2021 03:52:33 - INFO - __main__ - Before Error Fixing: {'EM': 0.484375, 'QA-F1': 0.5986094144508007}
11/08/2021 03:52:33 - INFO - __main__ - Found 33 errors.
11/08/2021 03:52:33 - INFO - __main__ - Start error-fixing .... Timecode: 24
11/08/2021 03:52:51 - INFO - __main__ - Start error-fixing .... Done!
11/08/2021 03:52:53 - INFO - __main__ - Overall: 0.724658143939394 from scores=[0.5575, 0.9696969696969697, 0.884765625, 0.767578125, 0.44375]
11/08/2021 03:52:53 - INFO - __main__ - --------------------------------------------------
11/08/2021 03:52:53 - INFO - __main__ - Evaluating to get errors .... Timecode: 25
11/08/2021 03:52:58 - INFO - __main__ - Before Error Fixing: {'EM': 0.453125, 'QA-F1': 0.5735170595675156}
11/08/2021 03:52:58 - INFO - __main__ - Found 35 errors.
11/08/2021 03:52:58 - INFO - __main__ - Start error-fixing .... Timecode: 25
11/08/2021 03:53:16 - INFO - __main__ - Start error-fixing .... Done!
11/08/2021 03:53:18 - INFO - __main__ - Overall: 0.7242015796703296 from scores=[0.5534855769230769, 0.9714285714285714, 0.884765625, 0.767578125, 0.44375]
11/08/2021 03:53:18 - INFO - __main__ - --------------------------------------------------
11/08/2021 03:53:18 - INFO - __main__ - Evaluating to get errors .... Timecode: 26
11/08/2021 03:53:22 - INFO - __main__ - Before Error Fixing: {'EM': 0.453125, 'QA-F1': 0.5599780271429959}
11/08/2021 03:53:22 - INFO - __main__ - Found 35 errors.
11/08/2021 03:53:22 - INFO - __main__ - Start error-fixing .... Timecode: 26
11/08/2021 03:53:40 - INFO - __main__ - Start error-fixing .... Done!
11/08/2021 03:53:43 - INFO - __main__ - Overall: 0.7063153108465609 from scores=[0.5497685185185186, 0.8857142857142857, 0.884765625, 0.767578125, 0.44375]
11/08/2021 03:53:43 - INFO - __main__ - --------------------------------------------------
11/08/2021 03:53:43 - INFO - __main__ - Evaluating to get errors .... Timecode: 27
11/08/2021 03:53:47 - INFO - __main__ - Before Error Fixing: {'EM': 0.484375, 'QA-F1': 0.5944908120340757}
11/08/2021 03:53:47 - INFO - __main__ - Found 33 errors.
11/08/2021 03:53:48 - INFO - __main__ - Start error-fixing .... Timecode: 27
11/08/2021 03:54:07 - INFO - __main__ - Start error-fixing .... Done!
11/08/2021 03:54:09 - INFO - __main__ - Overall: 0.7287053571428571 from scores=[0.5474330357142857, 1.0, 0.884765625, 0.767578125, 0.44375]
11/08/2021 03:54:09 - INFO - __main__ - --------------------------------------------------
11/08/2021 03:54:09 - INFO - __main__ - Evaluating to get errors .... Timecode: 28
11/08/2021 03:54:13 - INFO - __main__ - Before Error Fixing: {'EM': 0.484375, 'QA-F1': 0.5978441697191696}
11/08/2021 03:54:13 - INFO - __main__ - Found 33 errors.
11/08/2021 03:54:13 - INFO - __main__ - Start error-fixing .... Timecode: 28
11/08/2021 03:54:32 - INFO - __main__ - Start error-fixing .... Done!
11/08/2021 03:54:34 - INFO - __main__ - Overall: 0.722209868077325 from scores=[0.5452586206896552, 0.9696969696969697, 0.884765625, 0.767578125, 0.44375]
11/08/2021 03:54:34 - INFO - __main__ - --------------------------------------------------
11/08/2021 03:54:34 - INFO - __main__ - Evaluating to get errors .... Timecode: 29
11/08/2021 03:54:39 - INFO - __main__ - Before Error Fixing: {'EM': 0.4375, 'QA-F1': 0.5631425522695903}
11/08/2021 03:54:39 - INFO - __main__ - Found 36 errors.
11/08/2021 03:54:39 - INFO - __main__ - Start error-fixing .... Timecode: 29
11/08/2021 03:54:59 - INFO - __main__ - Start error-fixing .... Done!
11/08/2021 03:55:01 - INFO - __main__ - Overall: 0.7219965277777778 from scores=[0.5416666666666667, 0.9722222222222222, 0.884765625, 0.767578125, 0.44375]
11/08/2021 03:55:01 - INFO - __main__ - --------------------------------------------------
11/08/2021 03:55:01 - INFO - __main__ - Start eval_knowledge_retention for UKR @ Timecode=30
11/08/2021 03:55:25 - INFO - __main__ - Upstream Knowledge Retation (UKR@30): 0.7227
11/08/2021 03:55:26 - INFO - __main__ - Start eval_knowledge_retention for OKR @ Timecode=30
11/08/2021 03:55:53 - INFO - __main__ - Online Knowledge Retation (OKR@30): 0.8516
11/08/2021 03:55:53 - INFO - __main__ - Start eval_knowledge_generalization for KG @ Timecode=30
11/08/2021 03:56:54 - INFO - __main__ - Future Knowledge Generalization (KG@30): 0.5008
11/08/2021 03:56:54 - INFO - __main__ - Evaluating to get errors .... Timecode: 30
11/08/2021 03:56:57 - INFO - __main__ - Before Error Fixing: {'EM': 0.578125, 'QA-F1': 0.6700892857142857}
11/08/2021 03:56:57 - INFO - __main__ - Found 27 errors.
11/08/2021 03:56:57 - INFO - __main__ - Start error-fixing .... Timecode: 30
11/08/2021 03:57:13 - INFO - __main__ - Start error-fixing .... Done!
11/08/2021 03:57:14 - INFO - __main__ - Overall: 0.7235685483870968 from scores=[0.5428427419354839, 1.0, 0.8515625, 0.72265625, 0.50078125]
11/08/2021 03:57:16 - INFO - __main__ - Model saved to experiments/ckpt_dirs/qa/er/QA_oewc_lr=3e-5_ep=10_lbd=1000_T=100,b=64,alpha=0.9,beta=0.9,gamma=0.8/model_ckpt_030.pt.
11/08/2021 03:57:16 - INFO - __main__ - Updated result feule: experiments/results/qa/QA_oewc_lr=3e-5_ep=10_lbd=1000_T=100,b=64,alpha=0.9,beta=0.9,gamma=0.8_result.json at Timecode: 30.
11/08/2021 03:57:16 - INFO - __main__ - --------------------------------------------------
11/08/2021 03:57:16 - INFO - __main__ - Evaluating to get errors .... Timecode: 31
11/08/2021 03:57:19 - INFO - __main__ - Before Error Fixing: {'EM': 0.5, 'QA-F1': 0.603720238095238}
11/08/2021 03:57:19 - INFO - __main__ - Found 32 errors.
11/08/2021 03:57:20 - INFO - __main__ - Start error-fixing .... Timecode: 31
11/08/2021 03:57:37 - INFO - __main__ - Start error-fixing .... Done!
11/08/2021 03:57:39 - INFO - __main__ - Overall: 0.7233007812500001 from scores=[0.54150390625, 1.0, 0.8515625, 0.72265625, 0.50078125]
11/08/2021 03:57:39 - INFO - __main__ - --------------------------------------------------
11/08/2021 03:57:39 - INFO - __main__ - Evaluating to get errors .... Timecode: 32
11/08/2021 03:57:43 - INFO - __main__ - Before Error Fixing: {'EM': 0.453125, 'QA-F1': 0.5425121753246753}
11/08/2021 03:57:43 - INFO - __main__ - Found 35 errors.
11/08/2021 03:57:43 - INFO - __main__ - Start error-fixing .... Timecode: 32
11/08/2021 03:58:03 - INFO - __main__ - Start error-fixing .... Done!
11/08/2021 03:58:04 - INFO - __main__ - Overall: 0.7227651515151516 from scores=[0.5388257575757576, 1.0, 0.8515625, 0.72265625, 0.50078125]
11/08/2021 03:58:04 - INFO - __main__ - --------------------------------------------------
11/08/2021 03:58:04 - INFO - __main__ - Evaluating to get errors .... Timecode: 33
11/08/2021 03:58:07 - INFO - __main__ - Before Error Fixing: {'EM': 0.546875, 'QA-F1': 0.6302083333333333}
11/08/2021 03:58:07 - INFO - __main__ - Found 29 errors.
11/08/2021 03:58:08 - INFO - __main__ - Start error-fixing .... Timecode: 33
11/08/2021 03:58:24 - INFO - __main__ - Start error-fixing .... Done!
11/08/2021 03:58:25 - INFO - __main__ - Overall: 0.7228125000000001 from scores=[0.5390625, 1.0, 0.8515625, 0.72265625, 0.50078125]
11/08/2021 03:58:25 - INFO - __main__ - --------------------------------------------------
11/08/2021 03:58:25 - INFO - __main__ - Evaluating to get errors .... Timecode: 34
11/08/2021 03:58:28 - INFO - __main__ - Before Error Fixing: {'EM': 0.515625, 'QA-F1': 0.6031498015873016}
11/08/2021 03:58:28 - INFO - __main__ - Found 31 errors.
11/08/2021 03:58:28 - INFO - __main__ - Start error-fixing .... Timecode: 34
11/08/2021 03:58:45 - INFO - __main__ - Start error-fixing .... Done!
11/08/2021 03:58:47 - INFO - __main__ - Overall: 0.7162269585253457 from scores=[0.5383928571428571, 0.967741935483871, 0.8515625, 0.72265625, 0.50078125]
11/08/2021 03:58:47 - INFO - __main__ - --------------------------------------------------
11/08/2021 03:58:47 - INFO - __main__ - Evaluating to get errors .... Timecode: 35
11/08/2021 03:58:51 - INFO - __main__ - Before Error Fixing: {'EM': 0.484375, 'QA-F1': 0.5660511363636364}
11/08/2021 03:58:51 - INFO - __main__ - Found 33 errors.
11/08/2021 03:58:51 - INFO - __main__ - Start error-fixing .... Timecode: 35
11/08/2021 03:59:10 - INFO - __main__ - Start error-fixing .... Done!
11/08/2021 03:59:12 - INFO - __main__ - Overall: 0.7223784722222222 from scores=[0.5368923611111112, 1.0, 0.8515625, 0.72265625, 0.50078125]
11/08/2021 03:59:12 - INFO - __main__ - --------------------------------------------------
11/08/2021 03:59:12 - INFO - __main__ - Evaluating to get errors .... Timecode: 36
11/08/2021 03:59:16 - INFO - __main__ - Before Error Fixing: {'EM': 0.46875, 'QA-F1': 0.6151522435897436}
11/08/2021 03:59:16 - INFO - __main__ - Found 34 errors.
11/08/2021 03:59:16 - INFO - __main__ - Start error-fixing .... Timecode: 36
11/08/2021 03:59:36 - INFO - __main__ - Start error-fixing .... Done!
11/08/2021 03:59:38 - INFO - __main__ - Overall: 0.7220101351351351 from scores=[0.5350506756756757, 1.0, 0.8515625, 0.72265625, 0.50078125]
11/08/2021 03:59:38 - INFO - __main__ - --------------------------------------------------
11/08/2021 03:59:38 - INFO - __main__ - Evaluating to get errors .... Timecode: 37
11/08/2021 03:59:42 - INFO - __main__ - Before Error Fixing: {'EM': 0.453125, 'QA-F1': 0.5951851177680697}
11/08/2021 03:59:42 - INFO - __main__ - Found 35 errors.
11/08/2021 03:59:43 - INFO - __main__ - Start error-fixing .... Timecode: 37
11/08/2021 04:00:03 - INFO - __main__ - Start error-fixing .... Done!
11/08/2021 04:00:05 - INFO - __main__ - Overall: 0.7101503759398498 from scores=[0.5328947368421053, 0.9428571428571428, 0.8515625, 0.72265625, 0.50078125]
11/08/2021 04:00:05 - INFO - __main__ - --------------------------------------------------
11/08/2021 04:00:05 - INFO - __main__ - Evaluating to get errors .... Timecode: 38
11/08/2021 04:00:10 - INFO - __main__ - Before Error Fixing: {'EM': 0.546875, 'QA-F1': 0.6583783677944862}
11/08/2021 04:00:10 - INFO - __main__ - Found 29 errors.
11/08/2021 04:00:10 - INFO - __main__ - Start error-fixing .... Timecode: 38
11/08/2021 04:00:27 - INFO - __main__ - Start error-fixing .... Done!
11/08/2021 04:00:29 - INFO - __main__ - Overall: 0.7078575375773651 from scores=[0.5332532051282051, 0.9310344827586207, 0.8515625, 0.72265625, 0.50078125]
11/08/2021 04:00:29 - INFO - __main__ - --------------------------------------------------
11/08/2021 04:00:29 - INFO - __main__ - Evaluating to get errors .... Timecode: 39
11/08/2021 04:00:34 - INFO - __main__ - Before Error Fixing: {'EM': 0.546875, 'QA-F1': 0.6473914742664743}
11/08/2021 04:00:34 - INFO - __main__ - Found 29 errors.
11/08/2021 04:00:34 - INFO - __main__ - Start error-fixing .... Timecode: 39
11/08/2021 04:00:50 - INFO - __main__ - Start error-fixing .... Done!
11/08/2021 04:00:52 - INFO - __main__ - Overall: 0.72171875 from scores=[0.53359375, 1.0, 0.8515625, 0.72265625, 0.50078125]
11/08/2021 04:00:52 - INFO - __main__ - --------------------------------------------------
11/08/2021 04:00:52 - INFO - __main__ - Start eval_knowledge_retention for UKR @ Timecode=40
11/08/2021 04:01:20 - INFO - __main__ - Upstream Knowledge Retation (UKR@40): 0.7012
11/08/2021 04:01:21 - INFO - __main__ - Start eval_knowledge_retention for OKR @ Timecode=40
11/08/2021 04:01:57 - INFO - __main__ - Online Knowledge Retation (OKR@40): 0.8047
11/08/2021 04:01:57 - INFO - __main__ - Start eval_knowledge_generalization for KG @ Timecode=40
11/08/2021 04:03:04 - INFO - __main__ - Future Knowledge Generalization (KG@40): 0.4883
11/08/2021 04:03:04 - INFO - __main__ - Evaluating to get errors .... Timecode: 40
11/08/2021 04:03:08 - INFO - __main__ - Before Error Fixing: {'EM': 0.46875, 'QA-F1': 0.6062043708436171}
11/08/2021 04:03:08 - INFO - __main__ - Found 34 errors.
11/08/2021 04:03:08 - INFO - __main__ - Start error-fixing .... Timecode: 40
11/08/2021 04:03:28 - INFO - __main__ - Start error-fixing .... Done!
11/08/2021 04:03:30 - INFO - __main__ - Overall: 0.7052305640243903 from scores=[0.5320121951219512, 1.0, 0.8046875, 0.701171875, 0.48828125]
11/08/2021 04:03:31 - INFO - __main__ - Model saved to experiments/ckpt_dirs/qa/er/QA_oewc_lr=3e-5_ep=10_lbd=1000_T=100,b=64,alpha=0.9,beta=0.9,gamma=0.8/model_ckpt_040.pt.
11/08/2021 04:03:32 - INFO - __main__ - Updated result feule: experiments/results/qa/QA_oewc_lr=3e-5_ep=10_lbd=1000_T=100,b=64,alpha=0.9,beta=0.9,gamma=0.8_result.json at Timecode: 40.
11/08/2021 04:03:32 - INFO - __main__ - --------------------------------------------------
11/08/2021 04:03:32 - INFO - __main__ - Evaluating to get errors .... Timecode: 41
11/08/2021 04:03:36 - INFO - __main__ - Before Error Fixing: {'EM': 0.359375, 'QA-F1': 0.480849765072326}
11/08/2021 04:03:36 - INFO - __main__ - Found 41 errors.
11/08/2021 04:03:36 - INFO - __main__ - Start error-fixing .... Timecode: 41
11/08/2021 04:04:00 - INFO - __main__ - Start error-fixing .... Done!
11/08/2021 04:04:03 - INFO - __main__ - Overall: 0.7044084821428571 from scores=[0.5279017857142857, 1.0, 0.8046875, 0.701171875, 0.48828125]
11/08/2021 04:04:03 - INFO - __main__ - --------------------------------------------------
11/08/2021 04:04:03 - INFO - __main__ - Evaluating to get errors .... Timecode: 42
11/08/2021 04:04:07 - INFO - __main__ - Before Error Fixing: {'EM': 0.4375, 'QA-F1': 0.5518340490026828}
11/08/2021 04:04:07 - INFO - __main__ - Found 36 errors.
11/08/2021 04:04:08 - INFO - __main__ - Start error-fixing .... Timecode: 42
11/08/2021 04:04:25 - INFO - __main__ - Start error-fixing .... Done!
11/08/2021 04:04:28 - INFO - __main__ - Overall: 0.7039880087209303 from scores=[0.5257994186046512, 1.0, 0.8046875, 0.701171875, 0.48828125]
11/08/2021 04:04:28 - INFO - __main__ - --------------------------------------------------
11/08/2021 04:04:28 - INFO - __main__ - Evaluating to get errors .... Timecode: 43
11/08/2021 04:04:32 - INFO - __main__ - Before Error Fixing: {'EM': 0.453125, 'QA-F1': 0.555847038480729}
11/08/2021 04:04:32 - INFO - __main__ - Found 35 errors.
11/08/2021 04:04:32 - INFO - __main__ - Start error-fixing .... Timecode: 43
11/08/2021 04:04:52 - INFO - __main__ - Start error-fixing .... Done!
11/08/2021 04:04:55 - INFO - __main__ - Overall: 0.6979433847402597 from scores=[0.5241477272727273, 0.9714285714285714, 0.8046875, 0.701171875, 0.48828125]
11/08/2021 04:04:55 - INFO - __main__ - --------------------------------------------------
11/08/2021 04:04:55 - INFO - __main__ - Evaluating to get errors .... Timecode: 44
11/08/2021 04:04:59 - INFO - __main__ - Before Error Fixing: {'EM': 0.625, 'QA-F1': 0.7161702624066755}
11/08/2021 04:04:59 - INFO - __main__ - Found 24 errors.
11/08/2021 04:04:59 - INFO - __main__ - Start error-fixing .... Timecode: 44
11/08/2021 04:05:13 - INFO - __main__ - Start error-fixing .... Done!
11/08/2021 04:05:14 - INFO - __main__ - Overall: 0.7041059027777778 from scores=[0.5263888888888889, 1.0, 0.8046875, 0.701171875, 0.48828125]
11/08/2021 04:05:14 - INFO - __main__ - --------------------------------------------------
11/08/2021 04:05:14 - INFO - __main__ - Evaluating to get errors .... Timecode: 45
11/08/2021 04:05:19 - INFO - __main__ - Before Error Fixing: {'EM': 0.53125, 'QA-F1': 0.6363065175565176}
11/08/2021 04:05:19 - INFO - __main__ - Found 30 errors.
11/08/2021 04:05:19 - INFO - __main__ - Start error-fixing .... Timecode: 45
11/08/2021 04:05:36 - INFO - __main__ - Start error-fixing .... Done!
11/08/2021 04:05:39 - INFO - __main__ - Overall: 0.6974603713768116 from scores=[0.5264945652173914, 0.9666666666666667, 0.8046875, 0.701171875, 0.48828125]
11/08/2021 04:05:39 - INFO - __main__ - --------------------------------------------------
11/08/2021 04:05:39 - INFO - __main__ - Evaluating to get errors .... Timecode: 46
11/08/2021 04:05:43 - INFO - __main__ - Before Error Fixing: {'EM': 0.53125, 'QA-F1': 0.6410207055927164}
11/08/2021 04:05:43 - INFO - __main__ - Found 30 errors.
11/08/2021 04:05:43 - INFO - __main__ - Start error-fixing .... Timecode: 46
11/08/2021 04:05:59 - INFO - __main__ - Start error-fixing .... Done!
11/08/2021 04:06:01 - INFO - __main__ - Overall: 0.7041472739361703 from scores=[0.5265957446808511, 1.0, 0.8046875, 0.701171875, 0.48828125]
11/08/2021 04:06:01 - INFO - __main__ - --------------------------------------------------
11/08/2021 04:06:01 - INFO - __main__ - Evaluating to get errors .... Timecode: 47
11/08/2021 04:06:06 - INFO - __main__ - Before Error Fixing: {'EM': 0.5, 'QA-F1': 0.6477679897716662}
11/08/2021 04:06:06 - INFO - __main__ - Found 32 errors.
11/08/2021 04:06:06 - INFO - __main__ - Start error-fixing .... Timecode: 47
11/08/2021 04:06:23 - INFO - __main__ - Start error-fixing .... Done!
11/08/2021 04:06:26 - INFO - __main__ - Overall: 0.6915364583333334 from scores=[0.5260416666666667, 0.9375, 0.8046875, 0.701171875, 0.48828125]
11/08/2021 04:06:26 - INFO - __main__ - --------------------------------------------------
11/08/2021 04:06:26 - INFO - __main__ - Evaluating to get errors .... Timecode: 48
11/08/2021 04:06:30 - INFO - __main__ - Before Error Fixing: {'EM': 0.5, 'QA-F1': 0.6316758442580811}
11/08/2021 04:06:30 - INFO - __main__ - Found 32 errors.
11/08/2021 04:06:30 - INFO - __main__ - Start error-fixing .... Timecode: 48
11/08/2021 04:06:48 - INFO - __main__ - Start error-fixing .... Done!
11/08/2021 04:06:50 - INFO - __main__ - Overall: 0.6976801658163265 from scores=[0.5255102040816326, 0.96875, 0.8046875, 0.701171875, 0.48828125]
11/08/2021 04:06:50 - INFO - __main__ - --------------------------------------------------
11/08/2021 04:06:50 - INFO - __main__ - Evaluating to get errors .... Timecode: 49
11/08/2021 04:06:53 - INFO - __main__ - Before Error Fixing: {'EM': 0.59375, 'QA-F1': 0.7455915178571428}
11/08/2021 04:06:53 - INFO - __main__ - Found 26 errors.
11/08/2021 04:06:54 - INFO - __main__ - Start error-fixing .... Timecode: 49
11/08/2021 04:07:08 - INFO - __main__ - Start error-fixing .... Done!
11/08/2021 04:07:10 - INFO - __main__ - Overall: 0.704203125 from scores=[0.526875, 1.0, 0.8046875, 0.701171875, 0.48828125]
11/08/2021 04:07:10 - INFO - __main__ - --------------------------------------------------
11/08/2021 04:07:10 - INFO - __main__ - Start eval_knowledge_retention for UKR @ Timecode=50
11/08/2021 04:07:32 - INFO - __main__ - Upstream Knowledge Retation (UKR@50): 0.7441
11/08/2021 04:07:33 - INFO - __main__ - Start eval_knowledge_retention for OKR @ Timecode=50
11/08/2021 04:08:02 - INFO - __main__ - Online Knowledge Retation (OKR@50): 0.8281
11/08/2021 04:08:02 - INFO - __main__ - Start eval_knowledge_generalization for KG @ Timecode=50
11/08/2021 04:08:58 - INFO - __main__ - Future Knowledge Generalization (KG@50): 0.5117
11/08/2021 04:08:58 - INFO - __main__ - Evaluating to get errors .... Timecode: 50
11/08/2021 04:09:02 - INFO - __main__ - Before Error Fixing: {'EM': 0.5625, 'QA-F1': 0.7006360653235653}
11/08/2021 04:09:02 - INFO - __main__ - Found 28 errors.
11/08/2021 04:09:02 - INFO - __main__ - Start error-fixing .... Timecode: 50
11/08/2021 04:09:18 - INFO - __main__ - Start error-fixing .... Done!
11/08/2021 04:09:20 - INFO - __main__ - Overall: 0.7151687237394958 from scores=[0.5275735294117647, 0.9642857142857143, 0.828125, 0.744140625, 0.51171875]
11/08/2021 04:09:21 - INFO - __main__ - Model saved to experiments/ckpt_dirs/qa/er/QA_oewc_lr=3e-5_ep=10_lbd=1000_T=100,b=64,alpha=0.9,beta=0.9,gamma=0.8/model_ckpt_050.pt.
11/08/2021 04:09:21 - INFO - __main__ - Updated result feule: experiments/results/qa/QA_oewc_lr=3e-5_ep=10_lbd=1000_T=100,b=64,alpha=0.9,beta=0.9,gamma=0.8_result.json at Timecode: 50.
11/08/2021 04:09:21 - INFO - __main__ - --------------------------------------------------
11/08/2021 04:09:21 - INFO - __main__ - Evaluating to get errors .... Timecode: 51
11/08/2021 04:09:26 - INFO - __main__ - Before Error Fixing: {'EM': 0.609375, 'QA-F1': 0.7276357017165841}
11/08/2021 04:09:26 - INFO - __main__ - Found 25 errors.
11/08/2021 04:09:26 - INFO - __main__ - Start error-fixing .... Timecode: 51
11/08/2021 04:09:41 - INFO - __main__ - Start error-fixing .... Done!
11/08/2021 04:09:43 - INFO - __main__ - Overall: 0.7226262019230769 from scores=[0.5291466346153846, 1.0, 0.828125, 0.744140625, 0.51171875]
11/08/2021 04:09:43 - INFO - __main__ - --------------------------------------------------
11/08/2021 04:09:43 - INFO - __main__ - Evaluating to get errors .... Timecode: 52
11/08/2021 04:09:47 - INFO - __main__ - Before Error Fixing: {'EM': 0.46875, 'QA-F1': 0.5474736201298701}
11/08/2021 04:09:47 - INFO - __main__ - Found 34 errors.
11/08/2021 04:09:47 - INFO - __main__ - Start error-fixing .... Timecode: 52
11/08/2021 04:10:07 - INFO - __main__ - Start error-fixing .... Done!
11/08/2021 04:10:08 - INFO - __main__ - Overall: 0.7223982900943395 from scores=[0.5280070754716981, 1.0, 0.828125, 0.744140625, 0.51171875]
11/08/2021 04:10:08 - INFO - __main__ - --------------------------------------------------
11/08/2021 04:10:08 - INFO - __main__ - Evaluating to get errors .... Timecode: 53
11/08/2021 04:10:12 - INFO - __main__ - Before Error Fixing: {'EM': 0.65625, 'QA-F1': 0.7586126207729469}
11/08/2021 04:10:12 - INFO - __main__ - Found 22 errors.
11/08/2021 04:10:12 - INFO - __main__ - Start error-fixing .... Timecode: 53
11/08/2021 04:10:24 - INFO - __main__ - Start error-fixing .... Done!
11/08/2021 04:10:26 - INFO - __main__ - Overall: 0.722873263888889 from scores=[0.5303819444444444, 1.0, 0.828125, 0.744140625, 0.51171875]
11/08/2021 04:10:26 - INFO - __main__ - --------------------------------------------------
11/08/2021 04:10:26 - INFO - __main__ - Evaluating to get errors .... Timecode: 54
11/08/2021 04:10:29 - INFO - __main__ - Before Error Fixing: {'EM': 0.53125, 'QA-F1': 0.614103835978836}
11/08/2021 04:10:29 - INFO - __main__ - Found 30 errors.
11/08/2021 04:10:29 - INFO - __main__ - Start error-fixing .... Timecode: 54
11/08/2021 04:10:46 - INFO - __main__ - Start error-fixing .... Done!
11/08/2021 04:10:48 - INFO - __main__ - Overall: 0.7228764204545455 from scores=[0.5303977272727273, 1.0, 0.828125, 0.744140625, 0.51171875]
11/08/2021 04:10:48 - INFO - __main__ - --------------------------------------------------
11/08/2021 04:10:48 - INFO - __main__ - Evaluating to get errors .... Timecode: 55
11/08/2021 04:10:52 - INFO - __main__ - Before Error Fixing: {'EM': 0.46875, 'QA-F1': 0.528314393939394}
11/08/2021 04:10:52 - INFO - __main__ - Found 34 errors.
11/08/2021 04:10:52 - INFO - __main__ - Start error-fixing .... Timecode: 55
11/08/2021 04:11:11 - INFO - __main__ - Start error-fixing .... Done!
11/08/2021 04:11:13 - INFO - __main__ - Overall: 0.72265625 from scores=[0.529296875, 1.0, 0.828125, 0.744140625, 0.51171875]
11/08/2021 04:11:13 - INFO - __main__ - --------------------------------------------------
11/08/2021 04:11:13 - INFO - __main__ - Evaluating to get errors .... Timecode: 56
11/08/2021 04:11:17 - INFO - __main__ - Before Error Fixing: {'EM': 0.625, 'QA-F1': 0.7272343336721534}
11/08/2021 04:11:17 - INFO - __main__ - Found 24 errors.
11/08/2021 04:11:17 - INFO - __main__ - Start error-fixing .... Timecode: 56
11/08/2021 04:11:31 - INFO - __main__ - Start error-fixing .... Done!
11/08/2021 04:11:32 - INFO - __main__ - Overall: 0.7146587171052632 from scores=[0.5309758771929824, 0.9583333333333334, 0.828125, 0.744140625, 0.51171875]
11/08/2021 04:11:32 - INFO - __main__ - --------------------------------------------------
11/08/2021 04:11:32 - INFO - __main__ - Evaluating to get errors .... Timecode: 57
11/08/2021 04:11:36 - INFO - __main__ - Before Error Fixing: {'EM': 0.609375, 'QA-F1': 0.7179755140692641}
11/08/2021 04:11:36 - INFO - __main__ - Found 25 errors.
11/08/2021 04:11:36 - INFO - __main__ - Start error-fixing .... Timecode: 57
11/08/2021 04:11:51 - INFO - __main__ - Start error-fixing .... Done!
11/08/2021 04:11:53 - INFO - __main__ - Overall: 0.7152623922413793 from scores=[0.5323275862068966, 0.96, 0.828125, 0.744140625, 0.51171875]
11/08/2021 04:11:53 - INFO - __main__ - --------------------------------------------------
11/08/2021 04:11:53 - INFO - __main__ - Evaluating to get errors .... Timecode: 58
11/08/2021 04:11:58 - INFO - __main__ - Before Error Fixing: {'EM': 0.546875, 'QA-F1': 0.6960724559070148}
11/08/2021 04:11:58 - INFO - __main__ - Found 29 errors.
11/08/2021 04:11:58 - INFO - __main__ - Start error-fixing .... Timecode: 58
11/08/2021 04:12:15 - INFO - __main__ - Start error-fixing .... Done!
11/08/2021 04:12:17 - INFO - __main__ - Overall: 0.7233117055084746 from scores=[0.5325741525423728, 1.0, 0.828125, 0.744140625, 0.51171875]
11/08/2021 04:12:17 - INFO - __main__ - --------------------------------------------------
11/08/2021 04:12:17 - INFO - __main__ - Evaluating to get errors .... Timecode: 59
11/08/2021 04:12:20 - INFO - __main__ - Before Error Fixing: {'EM': 0.578125, 'QA-F1': 0.6747977716727717}
11/08/2021 04:12:20 - INFO - __main__ - Found 27 errors.
11/08/2021 04:12:21 - INFO - __main__ - Start error-fixing .... Timecode: 59
11/08/2021 04:12:36 - INFO - __main__ - Start error-fixing .... Done!
11/08/2021 04:12:38 - INFO - __main__ - Overall: 0.7234635416666666 from scores=[0.5333333333333333, 1.0, 0.828125, 0.744140625, 0.51171875]
11/08/2021 04:12:38 - INFO - __main__ - --------------------------------------------------
11/08/2021 04:12:38 - INFO - __main__ - Start eval_knowledge_retention for UKR @ Timecode=60
11/08/2021 04:13:03 - INFO - __main__ - Upstream Knowledge Retation (UKR@60): 0.7129
11/08/2021 04:13:04 - INFO - __main__ - Start eval_knowledge_retention for OKR @ Timecode=60
11/08/2021 04:13:37 - INFO - __main__ - Online Knowledge Retation (OKR@60): 0.8418
11/08/2021 04:13:37 - INFO - __main__ - Start eval_knowledge_generalization for KG @ Timecode=60
11/08/2021 04:14:49 - INFO - __main__ - Future Knowledge Generalization (KG@60): 0.4898
11/08/2021 04:14:49 - INFO - __main__ - Evaluating to get errors .... Timecode: 60
11/08/2021 04:14:52 - INFO - __main__ - Before Error Fixing: {'EM': 0.625, 'QA-F1': 0.7129712301587302}
11/08/2021 04:14:52 - INFO - __main__ - Found 24 errors.
11/08/2021 04:14:53 - INFO - __main__ - Start error-fixing .... Timecode: 60
11/08/2021 04:15:06 - INFO - __main__ - Start error-fixing .... Done!
11/08/2021 04:15:08 - INFO - __main__ - Overall: 0.7158734631147541 from scores=[0.5348360655737705, 1.0, 0.841796875, 0.712890625, 0.48984375]
11/08/2021 04:15:09 - INFO - __main__ - Model saved to experiments/ckpt_dirs/qa/er/QA_oewc_lr=3e-5_ep=10_lbd=1000_T=100,b=64,alpha=0.9,beta=0.9,gamma=0.8/model_ckpt_060.pt.
11/08/2021 04:15:09 - INFO - __main__ - Updated result feule: experiments/results/qa/QA_oewc_lr=3e-5_ep=10_lbd=1000_T=100,b=64,alpha=0.9,beta=0.9,gamma=0.8_result.json at Timecode: 60.
11/08/2021 04:15:09 - INFO - __main__ - --------------------------------------------------
11/08/2021 04:15:09 - INFO - __main__ - Evaluating to get errors .... Timecode: 61
11/08/2021 04:15:14 - INFO - __main__ - Before Error Fixing: {'EM': 0.578125, 'QA-F1': 0.6584412931839403}
11/08/2021 04:15:14 - INFO - __main__ - Found 27 errors.
11/08/2021 04:15:14 - INFO - __main__ - Start error-fixing .... Timecode: 61
11/08/2021 04:15:29 - INFO - __main__ - Start error-fixing .... Done!
11/08/2021 04:15:31 - INFO - __main__ - Overall: 0.7160131048387097 from scores=[0.5355342741935484, 1.0, 0.841796875, 0.712890625, 0.48984375]
11/08/2021 04:15:31 - INFO - __main__ - --------------------------------------------------
11/08/2021 04:15:31 - INFO - __main__ - Evaluating to get errors .... Timecode: 62
11/08/2021 04:15:35 - INFO - __main__ - Before Error Fixing: {'EM': 0.515625, 'QA-F1': 0.6345710330866581}
11/08/2021 04:15:35 - INFO - __main__ - Found 31 errors.
11/08/2021 04:15:35 - INFO - __main__ - Start error-fixing .... Timecode: 62
11/08/2021 04:15:47 - INFO - __main__ - Start error-fixing .... Done!
11/08/2021 04:15:49 - INFO - __main__ - Overall: 0.7159499007936507 from scores=[0.535218253968254, 1.0, 0.841796875, 0.712890625, 0.48984375]
11/08/2021 04:15:49 - INFO - __main__ - --------------------------------------------------
11/08/2021 04:15:49 - INFO - __main__ - Evaluating to get errors .... Timecode: 63
11/08/2021 04:15:52 - INFO - __main__ - Before Error Fixing: {'EM': 0.46875, 'QA-F1': 0.5840860774427707}
11/08/2021 04:15:52 - INFO - __main__ - Found 34 errors.
11/08/2021 04:15:52 - INFO - __main__ - Start error-fixing .... Timecode: 63
11/08/2021 04:16:10 - INFO - __main__ - Start error-fixing .... Done!
11/08/2021 04:16:13 - INFO - __main__ - Overall: 0.7039774816176471 from scores=[0.5341796875, 0.9411764705882353, 0.841796875, 0.712890625, 0.48984375]
11/08/2021 04:16:13 - INFO - __main__ - --------------------------------------------------
11/08/2021 04:16:13 - INFO - __main__ - Evaluating to get errors .... Timecode: 64
11/08/2021 04:16:16 - INFO - __main__ - Before Error Fixing: {'EM': 0.59375, 'QA-F1': 0.6620757682015467}
11/08/2021 04:16:16 - INFO - __main__ - Found 26 errors.
11/08/2021 04:16:16 - INFO - __main__ - Start error-fixing .... Timecode: 64
11/08/2021 04:16:30 - INFO - __main__ - Start error-fixing .... Done!
11/08/2021 04:16:32 - INFO - __main__ - Overall: 0.7159254807692308 from scores=[0.5350961538461538, 1.0, 0.841796875, 0.712890625, 0.48984375]
11/08/2021 04:16:32 - INFO - __main__ - --------------------------------------------------
11/08/2021 04:16:32 - INFO - __main__ - Evaluating to get errors .... Timecode: 65
11/08/2021 04:16:35 - INFO - __main__ - Before Error Fixing: {'EM': 0.5, 'QA-F1': 0.6421186259212264}
11/08/2021 04:16:35 - INFO - __main__ - Found 32 errors.
11/08/2021 04:16:36 - INFO - __main__ - Start error-fixing .... Timecode: 65
11/08/2021 04:16:49 - INFO - __main__ - Start error-fixing .... Done!
11/08/2021 04:16:52 - INFO - __main__ - Overall: 0.6970691287878787 from scores=[0.5345643939393939, 0.90625, 0.841796875, 0.712890625, 0.48984375]
11/08/2021 04:16:52 - INFO - __main__ - --------------------------------------------------
11/08/2021 04:16:52 - INFO - __main__ - Evaluating to get errors .... Timecode: 66
11/08/2021 04:16:55 - INFO - __main__ - Before Error Fixing: {'EM': 0.453125, 'QA-F1': 0.584524357787246}
11/08/2021 04:16:55 - INFO - __main__ - Found 35 errors.
11/08/2021 04:16:55 - INFO - __main__ - Start error-fixing .... Timecode: 66
11/08/2021 04:17:12 - INFO - __main__ - Start error-fixing .... Done!
11/08/2021 04:17:15 - INFO - __main__ - Overall: 0.7098617404051173 from scores=[0.5333488805970149, 0.9714285714285714, 0.841796875, 0.712890625, 0.48984375]
11/08/2021 04:17:15 - INFO - __main__ - --------------------------------------------------
11/08/2021 04:17:15 - INFO - __main__ - Evaluating to get errors .... Timecode: 67
11/08/2021 04:17:20 - INFO - __main__ - Before Error Fixing: {'EM': 0.53125, 'QA-F1': 0.6721478423496756}
11/08/2021 04:17:20 - INFO - __main__ - Found 30 errors.
11/08/2021 04:17:20 - INFO - __main__ - Start error-fixing .... Timecode: 67
11/08/2021 04:17:31 - INFO - __main__ - Start error-fixing .... Done!
11/08/2021 04:17:34 - INFO - __main__ - Overall: 0.7089031862745098 from scores=[0.5333180147058824, 0.9666666666666667, 0.841796875, 0.712890625, 0.48984375]
11/08/2021 04:17:34 - INFO - __main__ - --------------------------------------------------
11/08/2021 04:17:34 - INFO - __main__ - Evaluating to get errors .... Timecode: 68
11/08/2021 04:17:37 - INFO - __main__ - Before Error Fixing: {'EM': 0.453125, 'QA-F1': 0.5925754913866327}
11/08/2021 04:17:37 - INFO - __main__ - Found 35 errors.
11/08/2021 04:17:37 - INFO - __main__ - Start error-fixing .... Timecode: 68
11/08/2021 04:17:55 - INFO - __main__ - Start error-fixing .... Done!
11/08/2021 04:17:58 - INFO - __main__ - Overall: 0.7096231237060041 from scores=[0.5321557971014492, 0.9714285714285714, 0.841796875, 0.712890625, 0.48984375]
11/08/2021 04:17:58 - INFO - __main__ - --------------------------------------------------
11/08/2021 04:17:58 - INFO - __main__ - Evaluating to get errors .... Timecode: 69
11/08/2021 04:18:02 - INFO - __main__ - Before Error Fixing: {'EM': 0.53125, 'QA-F1': 0.6219017258483853}
11/08/2021 04:18:02 - INFO - __main__ - Found 30 errors.
11/08/2021 04:18:02 - INFO - __main__ - Start error-fixing .... Timecode: 69
11/08/2021 04:18:17 - INFO - __main__ - Start error-fixing .... Done!
11/08/2021 04:18:19 - INFO - __main__ - Overall: 0.7086681547619047 from scores=[0.5321428571428571, 0.9666666666666667, 0.841796875, 0.712890625, 0.48984375]
11/08/2021 04:18:19 - INFO - __main__ - --------------------------------------------------
11/08/2021 04:18:19 - INFO - __main__ - Start eval_knowledge_retention for UKR @ Timecode=70
11/08/2021 04:18:45 - INFO - __main__ - Upstream Knowledge Retation (UKR@70): 0.6973
11/08/2021 04:18:46 - INFO - __main__ - Start eval_knowledge_retention for OKR @ Timecode=70
11/08/2021 04:19:18 - INFO - __main__ - Online Knowledge Retation (OKR@70): 0.8457
11/08/2021 04:19:18 - INFO - __main__ - Start eval_knowledge_generalization for KG @ Timecode=70
11/08/2021 04:20:22 - INFO - __main__ - Future Knowledge Generalization (KG@70): 0.4922
11/08/2021 04:20:22 - INFO - __main__ - Evaluating to get errors .... Timecode: 70
11/08/2021 04:20:25 - INFO - __main__ - Before Error Fixing: {'EM': 0.453125, 'QA-F1': 0.6031361965815858}
11/08/2021 04:20:25 - INFO - __main__ - Found 35 errors.
11/08/2021 04:20:26 - INFO - __main__ - Start error-fixing .... Timecode: 70
11/08/2021 04:20:43 - INFO - __main__ - Start error-fixing .... Done!
11/08/2021 04:20:46 - INFO - __main__ - Overall: 0.673237235915493 from scores=[0.5310299295774648, 0.8, 0.845703125, 0.697265625, 0.4921875]
11/08/2021 04:20:47 - INFO - __main__ - Model saved to experiments/ckpt_dirs/qa/er/QA_oewc_lr=3e-5_ep=10_lbd=1000_T=100,b=64,alpha=0.9,beta=0.9,gamma=0.8/model_ckpt_070.pt.
11/08/2021 04:20:47 - INFO - __main__ - Updated result feule: experiments/results/qa/QA_oewc_lr=3e-5_ep=10_lbd=1000_T=100,b=64,alpha=0.9,beta=0.9,gamma=0.8_result.json at Timecode: 70.
11/08/2021 04:20:47 - INFO - __main__ - --------------------------------------------------
11/08/2021 04:20:47 - INFO - __main__ - Evaluating to get errors .... Timecode: 71
11/08/2021 04:20:51 - INFO - __main__ - Before Error Fixing: {'EM': 0.5625, 'QA-F1': 0.6760764363560416}
11/08/2021 04:20:51 - INFO - __main__ - Found 28 errors.
11/08/2021 04:20:51 - INFO - __main__ - Start error-fixing .... Timecode: 71
11/08/2021 04:21:06 - INFO - __main__ - Start error-fixing .... Done!
11/08/2021 04:21:08 - INFO - __main__ - Overall: 0.7061817956349207 from scores=[0.5314670138888888, 0.9642857142857143, 0.845703125, 0.697265625, 0.4921875]
11/08/2021 04:21:08 - INFO - __main__ - --------------------------------------------------
11/08/2021 04:21:08 - INFO - __main__ - Evaluating to get errors .... Timecode: 72
11/08/2021 04:21:13 - INFO - __main__ - Before Error Fixing: {'EM': 0.640625, 'QA-F1': 0.7117939711150918}
11/08/2021 04:21:13 - INFO - __main__ - Found 23 errors.
11/08/2021 04:21:13 - INFO - __main__ - Start error-fixing .... Timecode: 72
11/08/2021 04:21:24 - INFO - __main__ - Start error-fixing .... Done!
11/08/2021 04:21:25 - INFO - __main__ - Overall: 0.6962324114055986 from scores=[0.5329623287671232, 0.9130434782608695, 0.845703125, 0.697265625, 0.4921875]
11/08/2021 04:21:25 - INFO - __main__ - --------------------------------------------------
11/08/2021 04:21:25 - INFO - __main__ - Evaluating to get errors .... Timecode: 73
11/08/2021 04:21:29 - INFO - __main__ - Before Error Fixing: {'EM': 0.515625, 'QA-F1': 0.6470204274891775}
11/08/2021 04:21:29 - INFO - __main__ - Found 31 errors.
11/08/2021 04:21:29 - INFO - __main__ - Start error-fixing .... Timecode: 73
11/08/2021 04:21:45 - INFO - __main__ - Start error-fixing .... Done!
11/08/2021 04:21:48 - INFO - __main__ - Overall: 0.7006736323016565 from scores=[0.5327280405405406, 0.9354838709677419, 0.845703125, 0.697265625, 0.4921875]
11/08/2021 04:21:48 - INFO - __main__ - --------------------------------------------------
11/08/2021 04:21:48 - INFO - __main__ - Evaluating to get errors .... Timecode: 74
11/08/2021 04:21:51 - INFO - __main__ - Before Error Fixing: {'EM': 0.421875, 'QA-F1': 0.4799515168970814}
11/08/2021 04:21:51 - INFO - __main__ - Found 37 errors.
11/08/2021 04:21:51 - INFO - __main__ - Start error-fixing .... Timecode: 74
11/08/2021 04:22:12 - INFO - __main__ - Start error-fixing .... Done!
11/08/2021 04:22:15 - INFO - __main__ - Overall: 0.71328125 from scores=[0.53125, 1.0, 0.845703125, 0.697265625, 0.4921875]
11/08/2021 04:22:15 - INFO - __main__ - --------------------------------------------------
11/08/2021 04:22:15 - INFO - __main__ - Evaluating to get errors .... Timecode: 75
11/08/2021 04:22:18 - INFO - __main__ - Before Error Fixing: {'EM': 0.53125, 'QA-F1': 0.6225117330586081}
11/08/2021 04:22:18 - INFO - __main__ - Found 30 errors.
11/08/2021 04:22:18 - INFO - __main__ - Start error-fixing .... Timecode: 75
11/08/2021 04:22:35 - INFO - __main__ - Start error-fixing .... Done!
11/08/2021 04:22:37 - INFO - __main__ - Overall: 0.6999479166666667 from scores=[0.53125, 0.9333333333333333, 0.845703125, 0.697265625, 0.4921875]
11/08/2021 04:22:37 - INFO - __main__ - --------------------------------------------------
11/08/2021 04:22:37 - INFO - __main__ - Evaluating to get errors .... Timecode: 76
11/08/2021 04:22:40 - INFO - __main__ - Before Error Fixing: {'EM': 0.6875, 'QA-F1': 0.7302083333333333}
11/08/2021 04:22:40 - INFO - __main__ - Found 20 errors.
11/08/2021 04:22:40 - INFO - __main__ - Start error-fixing .... Timecode: 76
11/08/2021 04:22:52 - INFO - __main__ - Start error-fixing .... Done!
11/08/2021 04:22:53 - INFO - __main__ - Overall: 0.7136870941558442 from scores=[0.5332792207792207, 1.0, 0.845703125, 0.697265625, 0.4921875]
11/08/2021 04:22:53 - INFO - __main__ - --------------------------------------------------
11/08/2021 04:22:53 - INFO - __main__ - Evaluating to get errors .... Timecode: 77
11/08/2021 04:22:55 - INFO - __main__ - Before Error Fixing: {'EM': 0.53125, 'QA-F1': 0.6551339285714286}
11/08/2021 04:22:55 - INFO - __main__ - Found 30 errors.
11/08/2021 04:22:55 - INFO - __main__ - Start error-fixing .... Timecode: 77
11/08/2021 04:23:12 - INFO - __main__ - Start error-fixing .... Done!
11/08/2021 04:23:13 - INFO - __main__ - Overall: 0.7136818910256411 from scores=[0.5332532051282051, 1.0, 0.845703125, 0.697265625, 0.4921875]
11/08/2021 04:23:14 - INFO - __main__ - --------------------------------------------------
11/08/2021 04:23:14 - INFO - __main__ - Evaluating to get errors .... Timecode: 78
11/08/2021 04:23:17 - INFO - __main__ - Before Error Fixing: {'EM': 0.609375, 'QA-F1': 0.6907738095238095}
11/08/2021 04:23:17 - INFO - __main__ - Found 25 errors.
11/08/2021 04:23:17 - INFO - __main__ - Start error-fixing .... Timecode: 78
11/08/2021 04:23:33 - INFO - __main__ - Start error-fixing .... Done!
11/08/2021 04:23:34 - INFO - __main__ - Overall: 0.7058746044303797 from scores=[0.5342167721518987, 0.96, 0.845703125, 0.697265625, 0.4921875]
11/08/2021 04:23:34 - INFO - __main__ - --------------------------------------------------
11/08/2021 04:23:34 - INFO - __main__ - Evaluating to get errors .... Timecode: 79
11/08/2021 04:23:37 - INFO - __main__ - Before Error Fixing: {'EM': 0.5, 'QA-F1': 0.6342075892857142}
11/08/2021 04:23:37 - INFO - __main__ - Found 32 errors.
11/08/2021 04:23:37 - INFO - __main__ - Start error-fixing .... Timecode: 79
11/08/2021 04:23:55 - INFO - __main__ - Start error-fixing .... Done!
11/08/2021 04:23:57 - INFO - __main__ - Overall: 0.7075390625 from scores=[0.5337890625, 0.96875, 0.845703125, 0.697265625, 0.4921875]
11/08/2021 04:23:57 - INFO - __main__ - --------------------------------------------------
11/08/2021 04:23:57 - INFO - __main__ - Start eval_knowledge_retention for UKR @ Timecode=80
11/08/2021 04:24:21 - INFO - __main__ - Upstream Knowledge Retation (UKR@80): 0.7129
11/08/2021 04:24:22 - INFO - __main__ - Start eval_knowledge_retention for OKR @ Timecode=80
11/08/2021 04:24:54 - INFO - __main__ - Online Knowledge Retation (OKR@80): 0.8418
11/08/2021 04:24:54 - INFO - __main__ - Start eval_knowledge_generalization for KG @ Timecode=80
11/08/2021 04:26:03 - INFO - __main__ - Future Knowledge Generalization (KG@80): 0.4891
11/08/2021 04:26:03 - INFO - __main__ - Evaluating to get errors .... Timecode: 80
11/08/2021 04:26:07 - INFO - __main__ - Before Error Fixing: {'EM': 0.578125, 'QA-F1': 0.6637133699633699}
11/08/2021 04:26:07 - INFO - __main__ - Found 27 errors.
11/08/2021 04:26:07 - INFO - __main__ - Start error-fixing .... Timecode: 80
11/08/2021 04:26:23 - INFO - __main__ - Start error-fixing .... Done!
11/08/2021 04:26:24 - INFO - __main__ - Overall: 0.7156172839506173 from scores=[0.5343364197530864, 1.0, 0.841796875, 0.712890625, 0.4890625]
11/08/2021 04:26:26 - INFO - __main__ - Model saved to experiments/ckpt_dirs/qa/er/QA_oewc_lr=3e-5_ep=10_lbd=1000_T=100,b=64,alpha=0.9,beta=0.9,gamma=0.8/model_ckpt_080.pt.
11/08/2021 04:26:26 - INFO - __main__ - Updated result feule: experiments/results/qa/QA_oewc_lr=3e-5_ep=10_lbd=1000_T=100,b=64,alpha=0.9,beta=0.9,gamma=0.8_result.json at Timecode: 80.
11/08/2021 04:26:26 - INFO - __main__ - --------------------------------------------------
11/08/2021 04:26:26 - INFO - __main__ - Evaluating to get errors .... Timecode: 81
11/08/2021 04:26:28 - INFO - __main__ - Before Error Fixing: {'EM': 0.5, 'QA-F1': 0.627732683982684}
11/08/2021 04:26:28 - INFO - __main__ - Found 32 errors.
11/08/2021 04:26:28 - INFO - __main__ - Start error-fixing .... Timecode: 81
11/08/2021 04:26:47 - INFO - __main__ - Start error-fixing .... Done!
11/08/2021 04:26:49 - INFO - __main__ - Overall: 0.7092835365853659 from scores=[0.5339176829268293, 0.96875, 0.841796875, 0.712890625, 0.4890625]
11/08/2021 04:26:49 - INFO - __main__ - --------------------------------------------------
11/08/2021 04:26:49 - INFO - __main__ - Evaluating to get errors .... Timecode: 82
11/08/2021 04:26:51 - INFO - __main__ - Before Error Fixing: {'EM': 0.59375, 'QA-F1': 0.7018871753246753}
11/08/2021 04:26:51 - INFO - __main__ - Found 26 errors.
11/08/2021 04:26:51 - INFO - __main__ - Start error-fixing .... Timecode: 82
11/08/2021 04:27:07 - INFO - __main__ - Start error-fixing .... Done!
11/08/2021 04:27:08 - INFO - __main__ - Overall: 0.7156777108433735 from scores=[0.5346385542168675, 1.0, 0.841796875, 0.712890625, 0.4890625]
11/08/2021 04:27:08 - INFO - __main__ - --------------------------------------------------
11/08/2021 04:27:08 - INFO - __main__ - Evaluating to get errors .... Timecode: 83
11/08/2021 04:27:11 - INFO - __main__ - Before Error Fixing: {'EM': 0.65625, 'QA-F1': 0.7356770833333333}
11/08/2021 04:27:11 - INFO - __main__ - Found 22 errors.
11/08/2021 04:27:11 - INFO - __main__ - Start error-fixing .... Timecode: 83
11/08/2021 04:27:24 - INFO - __main__ - Start error-fixing .... Done!
11/08/2021 04:27:25 - INFO - __main__ - Overall: 0.7159672619047619 from scores=[0.5360863095238095, 1.0, 0.841796875, 0.712890625, 0.4890625]
11/08/2021 04:27:25 - INFO - __main__ - --------------------------------------------------
11/08/2021 04:27:25 - INFO - __main__ - Evaluating to get errors .... Timecode: 84
11/08/2021 04:27:28 - INFO - __main__ - Before Error Fixing: {'EM': 0.703125, 'QA-F1': 0.7682291666666666}
11/08/2021 04:27:28 - INFO - __main__ - Found 19 errors.
11/08/2021 04:27:28 - INFO - __main__ - Start error-fixing .... Timecode: 84
11/08/2021 04:27:39 - INFO - __main__ - Start error-fixing .... Done!
11/08/2021 04:27:40 - INFO - __main__ - Overall: 0.7163602941176471 from scores=[0.5380514705882353, 1.0, 0.841796875, 0.712890625, 0.4890625]
11/08/2021 04:27:40 - INFO - __main__ - --------------------------------------------------
11/08/2021 04:27:40 - INFO - __main__ - Evaluating to get errors .... Timecode: 85
11/08/2021 04:27:43 - INFO - __main__ - Before Error Fixing: {'EM': 0.640625, 'QA-F1': 0.7432692307692308}
11/08/2021 04:27:43 - INFO - __main__ - Found 23 errors.
11/08/2021 04:27:43 - INFO - __main__ - Start error-fixing .... Timecode: 85
11/08/2021 04:27:56 - INFO - __main__ - Start error-fixing .... Done!
11/08/2021 04:27:57 - INFO - __main__ - Overall: 0.7165988372093024 from scores=[0.5392441860465116, 1.0, 0.841796875, 0.712890625, 0.4890625]
11/08/2021 04:27:57 - INFO - __main__ - --------------------------------------------------
11/08/2021 04:27:57 - INFO - __main__ - Evaluating to get errors .... Timecode: 86
11/08/2021 04:28:00 - INFO - __main__ - Before Error Fixing: {'EM': 0.6875, 'QA-F1': 0.7401194852941175}
11/08/2021 04:28:00 - INFO - __main__ - Found 20 errors.
11/08/2021 04:28:00 - INFO - __main__ - Start error-fixing .... Timecode: 86
11/08/2021 04:28:12 - INFO - __main__ - Start error-fixing .... Done!
11/08/2021 04:28:13 - INFO - __main__ - Overall: 0.6969396551724139 from scores=[0.540948275862069, 0.9, 0.841796875, 0.712890625, 0.4890625]
11/08/2021 04:28:13 - INFO - __main__ - --------------------------------------------------
11/08/2021 04:28:13 - INFO - __main__ - Evaluating to get errors .... Timecode: 87
11/08/2021 04:28:16 - INFO - __main__ - Before Error Fixing: {'EM': 0.46875, 'QA-F1': 0.5761589105339104}
11/08/2021 04:28:16 - INFO - __main__ - Found 34 errors.
11/08/2021 04:28:16 - INFO - __main__ - Start error-fixing .... Timecode: 87
11/08/2021 04:28:36 - INFO - __main__ - Start error-fixing .... Done!
11/08/2021 04:28:37 - INFO - __main__ - Overall: 0.7167755681818182 from scores=[0.5401278409090908, 1.0, 0.841796875, 0.712890625, 0.4890625]
11/08/2021 04:28:37 - INFO - __main__ - --------------------------------------------------
11/08/2021 04:28:37 - INFO - __main__ - Evaluating to get errors .... Timecode: 88
11/08/2021 04:28:40 - INFO - __main__ - Before Error Fixing: {'EM': 0.5625, 'QA-F1': 0.6226562499999999}
11/08/2021 04:28:40 - INFO - __main__ - Found 28 errors.
11/08/2021 04:28:40 - INFO - __main__ - Start error-fixing .... Timecode: 88
11/08/2021 04:28:56 - INFO - __main__ - Start error-fixing .... Done!
11/08/2021 04:28:57 - INFO - __main__ - Overall: 0.7168258426966292 from scores=[0.540379213483146, 1.0, 0.841796875, 0.712890625, 0.4890625]
11/08/2021 04:28:57 - INFO - __main__ - --------------------------------------------------
11/08/2021 04:28:57 - INFO - __main__ - Evaluating to get errors .... Timecode: 89
11/08/2021 04:29:00 - INFO - __main__ - Before Error Fixing: {'EM': 0.6875, 'QA-F1': 0.7476934523809523}
11/08/2021 04:29:00 - INFO - __main__ - Found 20 errors.
11/08/2021 04:29:00 - INFO - __main__ - Start error-fixing .... Timecode: 89
11/08/2021 04:29:12 - INFO - __main__ - Start error-fixing .... Done!
11/08/2021 04:29:13 - INFO - __main__ - Overall: 0.7171527777777779 from scores=[0.5420138888888889, 1.0, 0.841796875, 0.712890625, 0.4890625]
11/08/2021 04:29:13 - INFO - __main__ - --------------------------------------------------
11/08/2021 04:29:13 - INFO - __main__ - Start eval_knowledge_retention for UKR @ Timecode=90
11/08/2021 04:29:33 - INFO - __main__ - Upstream Knowledge Retation (UKR@90): 0.6738
11/08/2021 04:29:35 - INFO - __main__ - Start eval_knowledge_retention for OKR @ Timecode=90
11/08/2021 04:30:04 - INFO - __main__ - Online Knowledge Retation (OKR@90): 0.8008
11/08/2021 04:30:04 - INFO - __main__ - Start eval_knowledge_generalization for KG @ Timecode=90
11/08/2021 04:31:01 - INFO - __main__ - Future Knowledge Generalization (KG@90): 0.4961
11/08/2021 04:31:01 - INFO - __main__ - Evaluating to get errors .... Timecode: 90
11/08/2021 04:31:04 - INFO - __main__ - Before Error Fixing: {'EM': 0.71875, 'QA-F1': 0.7694940476190476}
11/08/2021 04:31:04 - INFO - __main__ - Found 18 errors.
11/08/2021 04:31:04 - INFO - __main__ - Start error-fixing .... Timecode: 90
11/08/2021 04:31:15 - INFO - __main__ - Start error-fixing .... Done!
11/08/2021 04:31:16 - INFO - __main__ - Overall: 0.6918207226800976 from scores=[0.543956043956044, 0.9444444444444444, 0.80078125, 0.673828125, 0.49609375]
11/08/2021 04:31:17 - INFO - __main__ - Model saved to experiments/ckpt_dirs/qa/er/QA_oewc_lr=3e-5_ep=10_lbd=1000_T=100,b=64,alpha=0.9,beta=0.9,gamma=0.8/model_ckpt_090.pt.
11/08/2021 04:31:18 - INFO - __main__ - Updated result feule: experiments/results/qa/QA_oewc_lr=3e-5_ep=10_lbd=1000_T=100,b=64,alpha=0.9,beta=0.9,gamma=0.8_result.json at Timecode: 90.
11/08/2021 04:31:18 - INFO - __main__ - --------------------------------------------------
11/08/2021 04:31:18 - INFO - __main__ - Evaluating to get errors .... Timecode: 91
11/08/2021 04:31:20 - INFO - __main__ - Before Error Fixing: {'EM': 0.546875, 'QA-F1': 0.6266369047619047}
11/08/2021 04:31:20 - INFO - __main__ - Found 29 errors.
11/08/2021 04:31:20 - INFO - __main__ - Start error-fixing .... Timecode: 91
11/08/2021 04:31:37 - INFO - __main__ - Start error-fixing .... Done!
11/08/2021 04:31:38 - INFO - __main__ - Overall: 0.7029381793478261 from scores=[0.5439877717391304, 1.0, 0.80078125, 0.673828125, 0.49609375]
11/08/2021 04:31:38 - INFO - __main__ - --------------------------------------------------
11/08/2021 04:31:38 - INFO - __main__ - Evaluating to get errors .... Timecode: 92
11/08/2021 04:31:40 - INFO - __main__ - Before Error Fixing: {'EM': 0.703125, 'QA-F1': 0.7317708333333333}
11/08/2021 04:31:40 - INFO - __main__ - Found 19 errors.
11/08/2021 04:31:41 - INFO - __main__ - Start error-fixing .... Timecode: 92
11/08/2021 04:31:52 - INFO - __main__ - Start error-fixing .... Done!
11/08/2021 04:31:53 - INFO - __main__ - Overall: 0.6927540941567629 from scores=[0.5456989247311828, 0.9473684210526315, 0.80078125, 0.673828125, 0.49609375]
11/08/2021 04:31:53 - INFO - __main__ - --------------------------------------------------
11/08/2021 04:31:53 - INFO - __main__ - Evaluating to get errors .... Timecode: 93
11/08/2021 04:31:55 - INFO - __main__ - Before Error Fixing: {'EM': 0.59375, 'QA-F1': 0.6541666666666667}
11/08/2021 04:31:55 - INFO - __main__ - Found 26 errors.
11/08/2021 04:31:55 - INFO - __main__ - Start error-fixing .... Timecode: 93
11/08/2021 04:32:11 - INFO - __main__ - Start error-fixing .... Done!
11/08/2021 04:32:12 - INFO - __main__ - Overall: 0.7033826462765957 from scores=[0.5462101063829787, 1.0, 0.80078125, 0.673828125, 0.49609375]
11/08/2021 04:32:12 - INFO - __main__ - --------------------------------------------------
11/08/2021 04:32:12 - INFO - __main__ - Evaluating to get errors .... Timecode: 94
11/08/2021 04:32:14 - INFO - __main__ - Before Error Fixing: {'EM': 0.578125, 'QA-F1': 0.6833333333333333}
11/08/2021 04:32:14 - INFO - __main__ - Found 27 errors.
11/08/2021 04:32:15 - INFO - __main__ - Start error-fixing .... Timecode: 94
11/08/2021 04:32:30 - INFO - __main__ - Start error-fixing .... Done!
11/08/2021 04:32:32 - INFO - __main__ - Overall: 0.7034498355263158 from scores=[0.546546052631579, 1.0, 0.80078125, 0.673828125, 0.49609375]
11/08/2021 04:32:32 - INFO - __main__ - --------------------------------------------------
11/08/2021 04:32:32 - INFO - __main__ - Evaluating to get errors .... Timecode: 95
11/08/2021 04:32:34 - INFO - __main__ - Before Error Fixing: {'EM': 0.484375, 'QA-F1': 0.5380208333333333}
11/08/2021 04:32:34 - INFO - __main__ - Found 33 errors.
11/08/2021 04:32:34 - INFO - __main__ - Start error-fixing .... Timecode: 95
11/08/2021 04:32:54 - INFO - __main__ - Start error-fixing .... Done!
11/08/2021 04:32:55 - INFO - __main__ - Overall: 0.7033203125 from scores=[0.5458984375, 1.0, 0.80078125, 0.673828125, 0.49609375]
11/08/2021 04:32:55 - INFO - __main__ - --------------------------------------------------
11/08/2021 04:32:55 - INFO - __main__ - Evaluating to get errors .... Timecode: 96
11/08/2021 04:32:58 - INFO - __main__ - Before Error Fixing: {'EM': 0.53125, 'QA-F1': 0.6215029761904762}
11/08/2021 04:32:58 - INFO - __main__ - Found 30 errors.
11/08/2021 04:32:58 - INFO - __main__ - Start error-fixing .... Timecode: 96
11/08/2021 04:33:15 - INFO - __main__ - Start error-fixing .... Done!
11/08/2021 04:33:16 - INFO - __main__ - Overall: 0.7032901095360825 from scores=[0.5457474226804124, 1.0, 0.80078125, 0.673828125, 0.49609375]
11/08/2021 04:33:16 - INFO - __main__ - --------------------------------------------------
11/08/2021 04:33:16 - INFO - __main__ - Evaluating to get errors .... Timecode: 97
11/08/2021 04:33:19 - INFO - __main__ - Before Error Fixing: {'EM': 0.65625, 'QA-F1': 0.6867559523809523}
11/08/2021 04:33:19 - INFO - __main__ - Found 22 errors.
11/08/2021 04:33:19 - INFO - __main__ - Start error-fixing .... Timecode: 97
11/08/2021 04:33:32 - INFO - __main__ - Start error-fixing .... Done!
11/08/2021 04:33:33 - INFO - __main__ - Overall: 0.703515625 from scores=[0.546875, 1.0, 0.80078125, 0.673828125, 0.49609375]
11/08/2021 04:33:33 - INFO - __main__ - --------------------------------------------------
11/08/2021 04:33:33 - INFO - __main__ - Evaluating to get errors .... Timecode: 98
11/08/2021 04:33:36 - INFO - __main__ - Before Error Fixing: {'EM': 0.515625, 'QA-F1': 0.6373251748251748}
11/08/2021 04:33:36 - INFO - __main__ - Found 31 errors.
11/08/2021 04:33:37 - INFO - __main__ - Start error-fixing .... Timecode: 98
11/08/2021 04:33:54 - INFO - __main__ - Start error-fixing .... Done!
11/08/2021 04:33:57 - INFO - __main__ - Overall: 0.7034524936868687 from scores=[0.5465593434343434, 1.0, 0.80078125, 0.673828125, 0.49609375]
11/08/2021 04:33:57 - INFO - __main__ - --------------------------------------------------
11/08/2021 04:33:57 - INFO - __main__ - Start eval_knowledge_retention for UKR @ Timecode=99
11/08/2021 04:34:19 - INFO - __main__ - Upstream Knowledge Retation (UKR@99): 0.7031
11/08/2021 04:34:20 - INFO - __main__ - Start eval_knowledge_retention for OKR @ Timecode=99
11/08/2021 04:34:51 - INFO - __main__ - Online Knowledge Retation (OKR@99): 0.8438
11/08/2021 04:34:51 - INFO - __main__ - Start eval_knowledge_generalization for KG @ Timecode=99
11/08/2021 04:35:58 - INFO - __main__ - Future Knowledge Generalization (KG@99): 0.5125
11/08/2021 04:35:58 - INFO - __main__ - Evaluating to get errors .... Timecode: 99
11/08/2021 04:36:01 - INFO - __main__ - Before Error Fixing: {'EM': 0.640625, 'QA-F1': 0.6921875}
11/08/2021 04:36:01 - INFO - __main__ - Found 23 errors.
11/08/2021 04:36:01 - INFO - __main__ - Start error-fixing .... Timecode: 99
11/08/2021 04:36:14 - INFO - __main__ - Start error-fixing .... Done!
11/08/2021 04:36:15 - INFO - __main__ - Overall: 0.7213749999999999 from scores=[0.5475, 1.0, 0.84375, 0.703125, 0.5125]
11/08/2021 04:36:15 - INFO - __main__ - --------------------------------------------------
11/08/2021 04:36:15 - INFO - __main__ - Start the final evaluation.
11/08/2021 04:36:15 - INFO - __main__ - Nothing here.
11/08/2021 04:36:17 - INFO - __main__ - Model saved to experiments/ckpt_dirs/qa/er/QA_oewc_lr=3e-5_ep=10_lbd=1000_T=100,b=64,alpha=0.9,beta=0.9,gamma=0.8/model_ckpt_100.pt.
11/08/2021 04:36:17 - INFO - __main__ - Updated result feule: experiments/results/qa/QA_oewc_lr=3e-5_ep=10_lbd=1000_T=100,b=64,alpha=0.9,beta=0.9,gamma=0.8_result.json at Timecode: 100.
11/08/2021 04:36:17 - INFO - __main__ - Finished. Results saved to experiments/results/qa/QA_oewc_lr=3e-5_ep=10_lbd=1000_T=100,b=64,alpha=0.9,beta=0.9,gamma=0.8_result.json
