11/08/2021 01:02:14 - INFO - __main__ - Namespace(adam_epsilon=1e-08, adapter_dim=32, append_another_bos=1, base_model_path='out/mrqa_squad_bart-base_1029_upstream_model//best-model.pt', base_model_type='facebook/bart-base', ckpt_dir='experiments/ckpt_dirs/qa/er/QA_oewc_lr=3e-5_ep=10_lbd=1000_T=100,b=64,alpha=0.9,beta=0.5,gamma=0.8', cl_method_name='online_ewc', current_thread_id=None, do_lowercase=False, ewc_gamma=1.0, ewc_lambda=1000.0, example_encoder_name='roberta-base', freeze_embeds=False, gradient_accumulation_steps=1, heldout_submission_data='experiments/eval_data/qa/heldout_eval.jsonl', index_rank_method='most_similar', indexing_args_path='exp_results/supervision_data/1012_dm_simple.train_args.json', indexing_method='bart_index', inference_query_size=1, init_memory_cache_path='bug_data/memory_key_cache.pkl', kg_eval_freq=10, kg_eval_mode='metric', kr_eval_freq=10, kr_eval_mode='metric', learning_rate=3e-05, local_adapt_lr=1e-05, max_grad_norm=0.1, max_input_length=888, max_output_length=50, max_timecode=100, memory_key_encoder='facebook/bart-base', memory_path='', memory_store_rate=1.0, mir_abalation_args='none', num_adapt_epochs=1, num_beams=3, num_threads_eval=0, num_train_epochs=10.0, okr_sample_seed=1337, okr_sample_size=512, path_to_thread_result=None, predict_batch_size=48, prefix='QA_oewc_lr=3e-5_ep=10_lbd=1000_T=100,b=64,alpha=0.9,beta=0.5,gamma=0.8', replay_candidate_size=8, replay_frequency=1, replay_size=8, result_file='experiments/results/qa/QA_oewc_lr=3e-5_ep=10_lbd=1000_T=100,b=64,alpha=0.9,beta=0.5,gamma=0.8_result.json', save_ckpt_freq=10, seed=42, skip_instant_eval=False, submission_stream_data='experiments/eval_data/qa/submission_stream.T=100,b=64,alpha=0.9,beta=0.5,gamma=0.8.json', task_emb_dim=768, task_name='mrqa', train_batch_size=8, upstream_data_path='data/mrqa_squad/mrqa_squad_train.jsonl', upstream_eval_data='experiments/eval_data/qa/upstream_eval.jsonl', upstream_sample_ratio=-1, use_mir=False, use_replay_mix=False, use_wandb=True, weight_decay=0.01)
11/08/2021 01:02:15 - INFO - transformers.tokenization_utils - loading file https://s3.amazonaws.com/models.huggingface.co/bert/roberta-large-vocab.json from cache at /private/home/yuchenlin/.cache/torch/transformers/1ae1f5b6e2b22b25ccc04c000bb79ca847aa226d0761536b011cf7e5868f0655.ef00af9e673c7160b4d41cfda1f48c5f4cba57d5142754525572a846a1ab1b9b
11/08/2021 01:02:15 - INFO - transformers.tokenization_utils - loading file https://s3.amazonaws.com/models.huggingface.co/bert/roberta-large-merges.txt from cache at /private/home/yuchenlin/.cache/torch/transformers/f8f83199a6270d582d6245dc100e99c4155de81c9745c6248077018fe01abcfb.70bec105b4158ed9a1747fea67a43f5dee97855c64d62b6ec3742f4cfdb5feda
11/08/2021 01:02:41 - INFO - __main__ - load_data: len(upstream_eval_examples)=512
11/08/2021 01:02:42 - INFO - __main__ - load_data: len(heldout_eval_examples)=1280
11/08/2021 01:02:47 - INFO - __main__ - Loading checkpoint from out/mrqa_squad_bart-base_1029_upstream_model//best-model.pt for facebook/bart-base .....
11/08/2021 01:02:49 - INFO - transformers.configuration_utils - loading configuration file https://s3.amazonaws.com/models.huggingface.co/bert/facebook/bart-base/config.json from cache at /private/home/yuchenlin/.cache/torch/transformers/09f4fcaeaf785dd3b97b085d6e3510c7081f586ec8e75981683c6299c0f81d9d.e8d516ad807436d395effad8c2326786872659b7dd1210827ac67c761198a0eb
11/08/2021 01:02:49 - INFO - transformers.configuration_utils - Model config BartConfig {
  "activation_dropout": 0.1,
  "activation_function": "gelu",
  "add_bias_logits": false,
  "add_final_layer_norm": false,
  "architectures": [
    "BartModel",
    "BartForConditionalGeneration",
    "BartForSequenceClassification"
  ],
  "attention_dropout": 0.1,
  "bos_token_id": 0,
  "classif_dropout": 0.0,
  "d_model": 768,
  "decoder_attention_heads": 12,
  "decoder_ffn_dim": 3072,
  "decoder_layerdrop": 0.0,
  "decoder_layers": 6,
  "decoder_start_token_id": 2,
  "dropout": 0.1,
  "early_stopping": true,
  "encoder_attention_heads": 12,
  "encoder_ffn_dim": 3072,
  "encoder_layerdrop": 0.0,
  "encoder_layers": 6,
  "eos_token_id": 2,
  "id2label": {
    "0": "LABEL_0",
    "1": "LABEL_1",
    "2": "LABEL_2"
  },
  "init_std": 0.02,
  "is_encoder_decoder": true,
  "label2id": {
    "LABEL_0": 0,
    "LABEL_1": 1,
    "LABEL_2": 2
  },
  "max_position_embeddings": 1024,
  "model_type": "bart",
  "no_repeat_ngram_size": 3,
  "normalize_before": false,
  "normalize_embedding": true,
  "num_beams": 4,
  "num_hidden_layers": 6,
  "pad_token_id": 1,
  "scale_embedding": false,
  "static_position_embeddings": false,
  "task_specific_params": {
    "summarization": {
      "length_penalty": 1.0,
      "max_length": 128,
      "min_length": 12,
      "num_beams": 4
    },
    "summarization_cnn": {
      "length_penalty": 2.0,
      "max_length": 142,
      "min_length": 56,
      "num_beams": 4
    },
    "summarization_xsum": {
      "length_penalty": 1.0,
      "max_length": 62,
      "min_length": 11,
      "num_beams": 6
    }
  },
  "vocab_size": 50265
}

11/08/2021 01:02:49 - INFO - transformers.modeling_utils - loading weights file https://cdn.huggingface.co/facebook/bart-base/pytorch_model.bin from cache at /private/home/yuchenlin/.cache/torch/transformers/566c05fb6983817e8ad7a4fa51e3099fe9caa3b31730f964bc5198d71c677523.0a3d95c18c1e434448941bc25accea7b122882be6526fb67c8e8fb6d5ebc711c
11/08/2021 01:02:53 - INFO - __main__ - Loading checkpoint from out/mrqa_squad_bart-base_1029_upstream_model//best-model.pt for facebook/bart-base ..... Done!
11/08/2021 01:03:00 - INFO - __main__ - Moving to the GPUs.
11/08/2021 01:03:00 - INFO - __main__ - Debugger Setup ......
11/08/2021 01:03:00 - INFO - __main__ - debugger_args: Namespace(adam_epsilon=1e-08, ckpt_dir='experiments/ckpt_dirs/qa/er/QA_oewc_lr=3e-5_ep=10_lbd=1000_T=100,b=64,alpha=0.9,beta=0.5,gamma=0.8', ewc_gamma=1.0, ewc_lambda=1000.0, gradient_accumulation_steps=1, kg_eval_freq=10, kg_eval_mode='metric', kr_eval_freq=10, kr_eval_mode='metric', learning_rate=3e-05, max_grad_norm=0.1, num_epochs=10.0, okr_sample_seed=1337, okr_sample_size=512, save_ckpt_freq=10, skip_instant_eval=False, total_steps=10000, warmup_steps=0, weight_decay=0.01) ......
11/08/2021 01:03:00 - INFO - __main__ - optimizer & scheduler Setup ...... Done!
11/08/2021 01:03:00 - INFO - __main__ - Debugger Setup ...... Done!
11/08/2021 01:03:00 - INFO - __main__ - Start Online Debugging with Dynamic Error Mode
11/08/2021 01:03:00 - INFO - __main__ - Number of Batches of Data: 100
11/08/2021 01:03:00 - INFO - __main__ - Data Batch Size: 64;
11/08/2021 01:03:02 - INFO - __main__ - Model saved to experiments/ckpt_dirs/qa/er/QA_oewc_lr=3e-5_ep=10_lbd=1000_T=100,b=64,alpha=0.9,beta=0.5,gamma=0.8/model_ckpt_000.pt.
11/08/2021 01:03:02 - INFO - __main__ - Start eval_knowledge_retention for UKR @ Timecode=0
11/08/2021 01:03:27 - INFO - __main__ - Upstream Knowledge Retation (UKR@0): 0.8027
11/08/2021 01:03:27 - INFO - __main__ - Start eval_knowledge_generalization for KG @ Timecode=0
11/08/2021 01:05:03 - INFO - __main__ - Future Knowledge Generalization (KG@0): 0.3125
11/08/2021 01:05:03 - INFO - __main__ - Evaluating to get errors .... Timecode: 0
11/08/2021 01:05:06 - INFO - __main__ - Before Error Fixing: {'EM': 0.828125, 'QA-F1': 0.8576388888888888}
11/08/2021 01:05:06 - INFO - __main__ - Found 11 errors.
11/08/2021 01:05:06 - INFO - __main__ - Start error-fixing .... Timecode: 0
11/08/2021 01:05:10 - INFO - __main__ - Start error-fixing .... Done!
11/08/2021 01:05:11 - INFO - __main__ - Overall: 0.9140625 from scores=[0.828125, 1.0]
11/08/2021 01:05:13 - INFO - __main__ - Model saved to experiments/ckpt_dirs/qa/er/QA_oewc_lr=3e-5_ep=10_lbd=1000_T=100,b=64,alpha=0.9,beta=0.5,gamma=0.8/model_ckpt_000.pt.
11/08/2021 01:05:13 - INFO - __main__ - Updated result feule: experiments/results/qa/QA_oewc_lr=3e-5_ep=10_lbd=1000_T=100,b=64,alpha=0.9,beta=0.5,gamma=0.8_result.json at Timecode: 0.
11/08/2021 01:05:13 - INFO - __main__ - --------------------------------------------------
11/08/2021 01:05:13 - INFO - __main__ - Evaluating to get errors .... Timecode: 1
11/08/2021 01:05:16 - INFO - __main__ - Before Error Fixing: {'EM': 0.78125, 'QA-F1': 0.8189732142857142}
11/08/2021 01:05:16 - INFO - __main__ - Found 14 errors.
11/08/2021 01:05:16 - INFO - __main__ - Start error-fixing .... Timecode: 1
11/08/2021 01:05:24 - INFO - __main__ - Start error-fixing .... Done!
11/08/2021 01:05:24 - INFO - __main__ - Overall: 0.90234375 from scores=[0.8046875, 1.0]
11/08/2021 01:05:24 - INFO - __main__ - --------------------------------------------------
11/08/2021 01:05:25 - INFO - __main__ - Evaluating to get errors .... Timecode: 2
11/08/2021 01:05:28 - INFO - __main__ - Before Error Fixing: {'EM': 0.8125, 'QA-F1': 0.8835985195360195}
11/08/2021 01:05:28 - INFO - __main__ - Found 12 errors.
11/08/2021 01:05:28 - INFO - __main__ - Start error-fixing .... Timecode: 2
11/08/2021 01:05:34 - INFO - __main__ - Start error-fixing .... Done!
11/08/2021 01:05:35 - INFO - __main__ - Overall: 0.9036458333333333 from scores=[0.8072916666666666, 1.0]
11/08/2021 01:05:35 - INFO - __main__ - --------------------------------------------------
11/08/2021 01:05:35 - INFO - __main__ - Evaluating to get errors .... Timecode: 3
11/08/2021 01:05:39 - INFO - __main__ - Before Error Fixing: {'EM': 0.5625, 'QA-F1': 0.6410004058441559}
11/08/2021 01:05:39 - INFO - __main__ - Found 28 errors.
11/08/2021 01:05:39 - INFO - __main__ - Start error-fixing .... Timecode: 3
11/08/2021 01:05:57 - INFO - __main__ - Start error-fixing .... Done!
11/08/2021 01:05:58 - INFO - __main__ - Overall: 0.873046875 from scores=[0.74609375, 1.0]
11/08/2021 01:05:58 - INFO - __main__ - --------------------------------------------------
11/08/2021 01:05:58 - INFO - __main__ - Evaluating to get errors .... Timecode: 4
11/08/2021 01:06:01 - INFO - __main__ - Before Error Fixing: {'EM': 0.6875, 'QA-F1': 0.7626262626262627}
11/08/2021 01:06:01 - INFO - __main__ - Found 20 errors.
11/08/2021 01:06:01 - INFO - __main__ - Start error-fixing .... Timecode: 4
11/08/2021 01:06:11 - INFO - __main__ - Start error-fixing .... Done!
11/08/2021 01:06:12 - INFO - __main__ - Overall: 0.8671875 from scores=[0.734375, 1.0]
11/08/2021 01:06:12 - INFO - __main__ - --------------------------------------------------
11/08/2021 01:06:12 - INFO - __main__ - Evaluating to get errors .... Timecode: 5
11/08/2021 01:06:15 - INFO - __main__ - Before Error Fixing: {'EM': 0.59375, 'QA-F1': 0.6747205466634815}
11/08/2021 01:06:15 - INFO - __main__ - Found 26 errors.
11/08/2021 01:06:15 - INFO - __main__ - Start error-fixing .... Timecode: 5
11/08/2021 01:06:30 - INFO - __main__ - Start error-fixing .... Done!
11/08/2021 01:06:31 - INFO - __main__ - Overall: 0.85546875 from scores=[0.7109375, 1.0]
11/08/2021 01:06:31 - INFO - __main__ - --------------------------------------------------
11/08/2021 01:06:31 - INFO - __main__ - Evaluating to get errors .... Timecode: 6
11/08/2021 01:06:34 - INFO - __main__ - Before Error Fixing: {'EM': 0.546875, 'QA-F1': 0.6640164522977023}
11/08/2021 01:06:34 - INFO - __main__ - Found 29 errors.
11/08/2021 01:06:34 - INFO - __main__ - Start error-fixing .... Timecode: 6
11/08/2021 01:06:49 - INFO - __main__ - Start error-fixing .... Done!
11/08/2021 01:06:51 - INFO - __main__ - Overall: 0.8265086206896552 from scores=[0.6875, 0.9655172413793104]
11/08/2021 01:06:51 - INFO - __main__ - --------------------------------------------------
11/08/2021 01:06:51 - INFO - __main__ - Evaluating to get errors .... Timecode: 7
11/08/2021 01:06:55 - INFO - __main__ - Before Error Fixing: {'EM': 0.671875, 'QA-F1': 0.7201522435897436}
11/08/2021 01:06:55 - INFO - __main__ - Found 21 errors.
11/08/2021 01:06:55 - INFO - __main__ - Start error-fixing .... Timecode: 7
11/08/2021 01:07:06 - INFO - __main__ - Start error-fixing .... Done!
11/08/2021 01:07:07 - INFO - __main__ - Overall: 0.8427734375 from scores=[0.685546875, 1.0]
11/08/2021 01:07:07 - INFO - __main__ - --------------------------------------------------
11/08/2021 01:07:07 - INFO - __main__ - Evaluating to get errors .... Timecode: 8
11/08/2021 01:07:11 - INFO - __main__ - Before Error Fixing: {'EM': 0.5, 'QA-F1': 0.575117027070152}
11/08/2021 01:07:11 - INFO - __main__ - Found 32 errors.
11/08/2021 01:07:11 - INFO - __main__ - Start error-fixing .... Timecode: 8
11/08/2021 01:07:28 - INFO - __main__ - Start error-fixing .... Done!
11/08/2021 01:07:30 - INFO - __main__ - Overall: 0.8324652777777778 from scores=[0.6649305555555556, 1.0]
11/08/2021 01:07:30 - INFO - __main__ - --------------------------------------------------
11/08/2021 01:07:30 - INFO - __main__ - Evaluating to get errors .... Timecode: 9
11/08/2021 01:07:33 - INFO - __main__ - Before Error Fixing: {'EM': 0.515625, 'QA-F1': 0.6087311126373627}
11/08/2021 01:07:33 - INFO - __main__ - Found 31 errors.
11/08/2021 01:07:34 - INFO - __main__ - Start error-fixing .... Timecode: 9
11/08/2021 01:07:53 - INFO - __main__ - Start error-fixing .... Done!
11/08/2021 01:07:54 - INFO - __main__ - Overall: 0.825 from scores=[0.65, 1.0]
11/08/2021 01:07:54 - INFO - __main__ - --------------------------------------------------
11/08/2021 01:07:54 - INFO - __main__ - Start eval_knowledge_retention for UKR @ Timecode=10
11/08/2021 01:08:16 - INFO - __main__ - Upstream Knowledge Retation (UKR@10): 0.7637
11/08/2021 01:08:17 - INFO - __main__ - Start eval_knowledge_retention for OKR @ Timecode=10
11/08/2021 01:08:48 - INFO - __main__ - Online Knowledge Retation (OKR@10): 0.9238
11/08/2021 01:08:48 - INFO - __main__ - Start eval_knowledge_generalization for KG @ Timecode=10
11/08/2021 01:09:49 - INFO - __main__ - Future Knowledge Generalization (KG@10): 0.4414
11/08/2021 01:09:49 - INFO - __main__ - Evaluating to get errors .... Timecode: 10
11/08/2021 01:09:52 - INFO - __main__ - Before Error Fixing: {'EM': 0.578125, 'QA-F1': 0.6549005681818182}
11/08/2021 01:09:52 - INFO - __main__ - Found 27 errors.
11/08/2021 01:09:52 - INFO - __main__ - Start error-fixing .... Timecode: 10
11/08/2021 01:10:10 - INFO - __main__ - Start error-fixing .... Done!
11/08/2021 01:10:11 - INFO - __main__ - Overall: 0.7544744318181819 from scores=[0.6434659090909092, 1.0, 0.923828125, 0.763671875, 0.44140625]
11/08/2021 01:10:13 - INFO - __main__ - Model saved to experiments/ckpt_dirs/qa/er/QA_oewc_lr=3e-5_ep=10_lbd=1000_T=100,b=64,alpha=0.9,beta=0.5,gamma=0.8/model_ckpt_010.pt.
11/08/2021 01:10:13 - INFO - __main__ - Updated result feule: experiments/results/qa/QA_oewc_lr=3e-5_ep=10_lbd=1000_T=100,b=64,alpha=0.9,beta=0.5,gamma=0.8_result.json at Timecode: 10.
11/08/2021 01:10:13 - INFO - __main__ - --------------------------------------------------
11/08/2021 01:10:13 - INFO - __main__ - Evaluating to get errors .... Timecode: 11
11/08/2021 01:10:17 - INFO - __main__ - Before Error Fixing: {'EM': 0.578125, 'QA-F1': 0.6252976190476189}
11/08/2021 01:10:17 - INFO - __main__ - Found 27 errors.
11/08/2021 01:10:17 - INFO - __main__ - Start error-fixing .... Timecode: 11
11/08/2021 01:10:33 - INFO - __main__ - Start error-fixing .... Done!
11/08/2021 01:10:35 - INFO - __main__ - Overall: 0.7385706018518519 from scores=[0.6380208333333333, 0.9259259259259259, 0.923828125, 0.763671875, 0.44140625]
11/08/2021 01:10:35 - INFO - __main__ - --------------------------------------------------
11/08/2021 01:10:35 - INFO - __main__ - Evaluating to get errors .... Timecode: 12
11/08/2021 01:10:38 - INFO - __main__ - Before Error Fixing: {'EM': 0.515625, 'QA-F1': 0.6224950396825397}
11/08/2021 01:10:38 - INFO - __main__ - Found 31 errors.
11/08/2021 01:10:38 - INFO - __main__ - Start error-fixing .... Timecode: 12
11/08/2021 01:10:56 - INFO - __main__ - Start error-fixing .... Done!
11/08/2021 01:10:58 - INFO - __main__ - Overall: 0.7385991780397022 from scores=[0.6286057692307692, 0.9354838709677419, 0.923828125, 0.763671875, 0.44140625]
11/08/2021 01:10:58 - INFO - __main__ - --------------------------------------------------
11/08/2021 01:10:58 - INFO - __main__ - Evaluating to get errors .... Timecode: 13
11/08/2021 01:11:03 - INFO - __main__ - Before Error Fixing: {'EM': 0.53125, 'QA-F1': 0.5830853174603174}
11/08/2021 01:11:03 - INFO - __main__ - Found 30 errors.
11/08/2021 01:11:03 - INFO - __main__ - Start error-fixing .... Timecode: 13
11/08/2021 01:11:19 - INFO - __main__ - Start error-fixing .... Done!
11/08/2021 01:11:21 - INFO - __main__ - Overall: 0.7501116071428571 from scores=[0.6216517857142857, 1.0, 0.923828125, 0.763671875, 0.44140625]
11/08/2021 01:11:21 - INFO - __main__ - --------------------------------------------------
11/08/2021 01:11:21 - INFO - __main__ - Evaluating to get errors .... Timecode: 14
11/08/2021 01:11:25 - INFO - __main__ - Before Error Fixing: {'EM': 0.546875, 'QA-F1': 0.6415600732418166}
11/08/2021 01:11:25 - INFO - __main__ - Found 29 errors.
11/08/2021 01:11:25 - INFO - __main__ - Start error-fixing .... Timecode: 14
11/08/2021 01:11:39 - INFO - __main__ - Start error-fixing .... Done!
11/08/2021 01:11:41 - INFO - __main__ - Overall: 0.7491145833333334 from scores=[0.6166666666666667, 1.0, 0.923828125, 0.763671875, 0.44140625]
11/08/2021 01:11:41 - INFO - __main__ - --------------------------------------------------
11/08/2021 01:11:41 - INFO - __main__ - Evaluating to get errors .... Timecode: 15
11/08/2021 01:11:46 - INFO - __main__ - Before Error Fixing: {'EM': 0.453125, 'QA-F1': 0.5815679112554112}
11/08/2021 01:11:46 - INFO - __main__ - Found 35 errors.
11/08/2021 01:11:46 - INFO - __main__ - Start error-fixing .... Timecode: 15
11/08/2021 01:12:06 - INFO - __main__ - Start error-fixing .... Done!
11/08/2021 01:12:08 - INFO - __main__ - Overall: 0.7470703125 from scores=[0.6064453125, 1.0, 0.923828125, 0.763671875, 0.44140625]
11/08/2021 01:12:08 - INFO - __main__ - --------------------------------------------------
11/08/2021 01:12:08 - INFO - __main__ - Evaluating to get errors .... Timecode: 16
11/08/2021 01:12:11 - INFO - __main__ - Before Error Fixing: {'EM': 0.5, 'QA-F1': 0.5724273122710622}
11/08/2021 01:12:11 - INFO - __main__ - Found 32 errors.
11/08/2021 01:12:12 - INFO - __main__ - Start error-fixing .... Timecode: 16
11/08/2021 01:12:31 - INFO - __main__ - Start error-fixing .... Done!
11/08/2021 01:12:33 - INFO - __main__ - Overall: 0.7395680147058823 from scores=[0.6001838235294117, 0.96875, 0.923828125, 0.763671875, 0.44140625]
11/08/2021 01:12:33 - INFO - __main__ - --------------------------------------------------
11/08/2021 01:12:33 - INFO - __main__ - Evaluating to get errors .... Timecode: 17
11/08/2021 01:12:37 - INFO - __main__ - Before Error Fixing: {'EM': 0.4375, 'QA-F1': 0.5287570459856644}
11/08/2021 01:12:37 - INFO - __main__ - Found 36 errors.
11/08/2021 01:12:37 - INFO - __main__ - Start error-fixing .... Timecode: 17
11/08/2021 01:12:59 - INFO - __main__ - Start error-fixing .... Done!
11/08/2021 01:13:02 - INFO - __main__ - Overall: 0.7440104166666666 from scores=[0.5911458333333333, 1.0, 0.923828125, 0.763671875, 0.44140625]
11/08/2021 01:13:02 - INFO - __main__ - --------------------------------------------------
11/08/2021 01:13:02 - INFO - __main__ - Evaluating to get errors .... Timecode: 18
11/08/2021 01:13:06 - INFO - __main__ - Before Error Fixing: {'EM': 0.375, 'QA-F1': 0.5377232228900451}
11/08/2021 01:13:06 - INFO - __main__ - Found 40 errors.
11/08/2021 01:13:07 - INFO - __main__ - Start error-fixing .... Timecode: 18
11/08/2021 01:13:31 - INFO - __main__ - Start error-fixing .... Done!
11/08/2021 01:13:33 - INFO - __main__ - Overall: 0.7417351973684211 from scores=[0.5797697368421053, 1.0, 0.923828125, 0.763671875, 0.44140625]
11/08/2021 01:13:33 - INFO - __main__ - --------------------------------------------------
11/08/2021 01:13:33 - INFO - __main__ - Evaluating to get errors .... Timecode: 19
11/08/2021 01:13:37 - INFO - __main__ - Before Error Fixing: {'EM': 0.5, 'QA-F1': 0.6125552398989899}
11/08/2021 01:13:37 - INFO - __main__ - Found 32 errors.
11/08/2021 01:13:38 - INFO - __main__ - Start error-fixing .... Timecode: 19
11/08/2021 01:13:57 - INFO - __main__ - Start error-fixing .... Done!
11/08/2021 01:13:59 - INFO - __main__ - Overall: 0.7346874999999999 from scores=[0.57578125, 0.96875, 0.923828125, 0.763671875, 0.44140625]
11/08/2021 01:13:59 - INFO - __main__ - --------------------------------------------------
11/08/2021 01:13:59 - INFO - __main__ - Start eval_knowledge_retention for UKR @ Timecode=20
11/08/2021 01:14:28 - INFO - __main__ - Upstream Knowledge Retation (UKR@20): 0.7598
11/08/2021 01:14:29 - INFO - __main__ - Start eval_knowledge_retention for OKR @ Timecode=20
11/08/2021 01:15:02 - INFO - __main__ - Online Knowledge Retation (OKR@20): 0.8887
11/08/2021 01:15:02 - INFO - __main__ - Start eval_knowledge_generalization for KG @ Timecode=20
11/08/2021 01:16:11 - INFO - __main__ - Future Knowledge Generalization (KG@20): 0.4922
11/08/2021 01:16:11 - INFO - __main__ - Evaluating to get errors .... Timecode: 20
11/08/2021 01:16:15 - INFO - __main__ - Before Error Fixing: {'EM': 0.546875, 'QA-F1': 0.6384114583333333}
11/08/2021 01:16:15 - INFO - __main__ - Found 29 errors.
11/08/2021 01:16:15 - INFO - __main__ - Start error-fixing .... Timecode: 20
11/08/2021 01:16:33 - INFO - __main__ - Start error-fixing .... Done!
11/08/2021 01:16:35 - INFO - __main__ - Overall: 0.7430059523809524 from scores=[0.5744047619047619, 1.0, 0.888671875, 0.759765625, 0.4921875]
11/08/2021 01:16:37 - INFO - __main__ - Model saved to experiments/ckpt_dirs/qa/er/QA_oewc_lr=3e-5_ep=10_lbd=1000_T=100,b=64,alpha=0.9,beta=0.5,gamma=0.8/model_ckpt_020.pt.
11/08/2021 01:16:37 - INFO - __main__ - Updated result feule: experiments/results/qa/QA_oewc_lr=3e-5_ep=10_lbd=1000_T=100,b=64,alpha=0.9,beta=0.5,gamma=0.8_result.json at Timecode: 20.
11/08/2021 01:16:37 - INFO - __main__ - --------------------------------------------------
11/08/2021 01:16:37 - INFO - __main__ - Evaluating to get errors .... Timecode: 21
11/08/2021 01:16:41 - INFO - __main__ - Before Error Fixing: {'EM': 0.609375, 'QA-F1': 0.7083597341180061}
11/08/2021 01:16:41 - INFO - __main__ - Found 25 errors.
11/08/2021 01:16:41 - INFO - __main__ - Start error-fixing .... Timecode: 21
11/08/2021 01:16:57 - INFO - __main__ - Start error-fixing .... Done!
11/08/2021 01:16:59 - INFO - __main__ - Overall: 0.7193238636363637 from scores=[0.5759943181818181, 0.88, 0.888671875, 0.759765625, 0.4921875]
11/08/2021 01:16:59 - INFO - __main__ - --------------------------------------------------
11/08/2021 01:16:59 - INFO - __main__ - Evaluating to get errors .... Timecode: 22
11/08/2021 01:17:04 - INFO - __main__ - Before Error Fixing: {'EM': 0.421875, 'QA-F1': 0.615734641157919}
11/08/2021 01:17:04 - INFO - __main__ - Found 37 errors.
11/08/2021 01:17:04 - INFO - __main__ - Start error-fixing .... Timecode: 22
11/08/2021 01:17:24 - INFO - __main__ - Start error-fixing .... Done!
11/08/2021 01:17:27 - INFO - __main__ - Overall: 0.7311728848413631 from scores=[0.5692934782608696, 0.9459459459459459, 0.888671875, 0.759765625, 0.4921875]
11/08/2021 01:17:27 - INFO - __main__ - --------------------------------------------------
11/08/2021 01:17:27 - INFO - __main__ - Evaluating to get errors .... Timecode: 23
11/08/2021 01:17:30 - INFO - __main__ - Before Error Fixing: {'EM': 0.546875, 'QA-F1': 0.6401041666666667}
11/08/2021 01:17:30 - INFO - __main__ - Found 29 errors.
11/08/2021 01:17:30 - INFO - __main__ - Start error-fixing .... Timecode: 23
11/08/2021 01:17:49 - INFO - __main__ - Start error-fixing .... Done!
11/08/2021 01:17:51 - INFO - __main__ - Overall: 0.741796875 from scores=[0.568359375, 1.0, 0.888671875, 0.759765625, 0.4921875]
11/08/2021 01:17:51 - INFO - __main__ - --------------------------------------------------
11/08/2021 01:17:51 - INFO - __main__ - Evaluating to get errors .... Timecode: 24
11/08/2021 01:17:55 - INFO - __main__ - Before Error Fixing: {'EM': 0.484375, 'QA-F1': 0.582421875}
11/08/2021 01:17:55 - INFO - __main__ - Found 33 errors.
11/08/2021 01:17:55 - INFO - __main__ - Start error-fixing .... Timecode: 24
11/08/2021 01:18:17 - INFO - __main__ - Start error-fixing .... Done!
11/08/2021 01:18:19 - INFO - __main__ - Overall: 0.7350643939393939 from scores=[0.565, 0.9696969696969697, 0.888671875, 0.759765625, 0.4921875]
11/08/2021 01:18:19 - INFO - __main__ - --------------------------------------------------
11/08/2021 01:18:19 - INFO - __main__ - Evaluating to get errors .... Timecode: 25
11/08/2021 01:18:22 - INFO - __main__ - Before Error Fixing: {'EM': 0.546875, 'QA-F1': 0.6579126602564103}
11/08/2021 01:18:22 - INFO - __main__ - Found 29 errors.
11/08/2021 01:18:22 - INFO - __main__ - Start error-fixing .... Timecode: 25
11/08/2021 01:18:40 - INFO - __main__ - Start error-fixing .... Done!
11/08/2021 01:18:42 - INFO - __main__ - Overall: 0.7409855769230769 from scores=[0.5643028846153846, 1.0, 0.888671875, 0.759765625, 0.4921875]
11/08/2021 01:18:42 - INFO - __main__ - --------------------------------------------------
11/08/2021 01:18:42 - INFO - __main__ - Evaluating to get errors .... Timecode: 26
11/08/2021 01:18:46 - INFO - __main__ - Before Error Fixing: {'EM': 0.53125, 'QA-F1': 0.5702194940476191}
11/08/2021 01:18:46 - INFO - __main__ - Found 30 errors.
11/08/2021 01:18:46 - INFO - __main__ - Start error-fixing .... Timecode: 26
11/08/2021 01:19:05 - INFO - __main__ - Start error-fixing .... Done!
11/08/2021 01:19:06 - INFO - __main__ - Overall: 0.7407407407407407 from scores=[0.5630787037037037, 1.0, 0.888671875, 0.759765625, 0.4921875]
11/08/2021 01:19:06 - INFO - __main__ - --------------------------------------------------
11/08/2021 01:19:06 - INFO - __main__ - Evaluating to get errors .... Timecode: 27
11/08/2021 01:19:11 - INFO - __main__ - Before Error Fixing: {'EM': 0.421875, 'QA-F1': 0.5170942571099455}
11/08/2021 01:19:11 - INFO - __main__ - Found 37 errors.
11/08/2021 01:19:11 - INFO - __main__ - Start error-fixing .... Timecode: 27
11/08/2021 01:19:34 - INFO - __main__ - Start error-fixing .... Done!
11/08/2021 01:19:35 - INFO - __main__ - Overall: 0.7343267374517375 from scores=[0.5580357142857143, 0.972972972972973, 0.888671875, 0.759765625, 0.4921875]
11/08/2021 01:19:35 - INFO - __main__ - --------------------------------------------------
11/08/2021 01:19:35 - INFO - __main__ - Evaluating to get errors .... Timecode: 28
11/08/2021 01:19:38 - INFO - __main__ - Before Error Fixing: {'EM': 0.453125, 'QA-F1': 0.5512480859568708}
11/08/2021 01:19:38 - INFO - __main__ - Found 35 errors.
11/08/2021 01:19:39 - INFO - __main__ - Start error-fixing .... Timecode: 28
11/08/2021 01:19:59 - INFO - __main__ - Start error-fixing .... Done!
11/08/2021 01:20:01 - INFO - __main__ - Overall: 0.7275800492610838 from scores=[0.5544181034482758, 0.9428571428571428, 0.888671875, 0.759765625, 0.4921875]
11/08/2021 01:20:01 - INFO - __main__ - --------------------------------------------------
11/08/2021 01:20:01 - INFO - __main__ - Evaluating to get errors .... Timecode: 29
11/08/2021 01:20:05 - INFO - __main__ - Before Error Fixing: {'EM': 0.53125, 'QA-F1': 0.6894518474600435}
11/08/2021 01:20:05 - INFO - __main__ - Found 30 errors.
11/08/2021 01:20:05 - INFO - __main__ - Start error-fixing .... Timecode: 29
11/08/2021 01:20:23 - INFO - __main__ - Start error-fixing .... Done!
11/08/2021 01:20:25 - INFO - __main__ - Overall: 0.7321875 from scores=[0.5536458333333334, 0.9666666666666667, 0.888671875, 0.759765625, 0.4921875]
11/08/2021 01:20:25 - INFO - __main__ - --------------------------------------------------
11/08/2021 01:20:25 - INFO - __main__ - Start eval_knowledge_retention for UKR @ Timecode=30
11/08/2021 01:20:56 - INFO - __main__ - Upstream Knowledge Retation (UKR@30): 0.6875
11/08/2021 01:20:58 - INFO - __main__ - Start eval_knowledge_retention for OKR @ Timecode=30
11/08/2021 01:21:37 - INFO - __main__ - Online Knowledge Retation (OKR@30): 0.8066
11/08/2021 01:21:37 - INFO - __main__ - Start eval_knowledge_generalization for KG @ Timecode=30
11/08/2021 01:22:59 - INFO - __main__ - Future Knowledge Generalization (KG@30): 0.4516
11/08/2021 01:22:59 - INFO - __main__ - Evaluating to get errors .... Timecode: 30
11/08/2021 01:23:03 - INFO - __main__ - Before Error Fixing: {'EM': 0.453125, 'QA-F1': 0.551459478021978}
11/08/2021 01:23:03 - INFO - __main__ - Found 35 errors.
11/08/2021 01:23:03 - INFO - __main__ - Start error-fixing .... Timecode: 30
11/08/2021 01:23:25 - INFO - __main__ - Start error-fixing .... Done!
11/08/2021 01:23:26 - INFO - __main__ - Overall: 0.6992212701612903 from scores=[0.5504032258064516, 1.0, 0.806640625, 0.6875, 0.4515625]
11/08/2021 01:23:28 - INFO - __main__ - Model saved to experiments/ckpt_dirs/qa/er/QA_oewc_lr=3e-5_ep=10_lbd=1000_T=100,b=64,alpha=0.9,beta=0.5,gamma=0.8/model_ckpt_030.pt.
11/08/2021 01:23:28 - INFO - __main__ - Updated result feule: experiments/results/qa/QA_oewc_lr=3e-5_ep=10_lbd=1000_T=100,b=64,alpha=0.9,beta=0.5,gamma=0.8_result.json at Timecode: 30.
11/08/2021 01:23:28 - INFO - __main__ - --------------------------------------------------
11/08/2021 01:23:28 - INFO - __main__ - Evaluating to get errors .... Timecode: 31
11/08/2021 01:23:33 - INFO - __main__ - Before Error Fixing: {'EM': 0.53125, 'QA-F1': 0.6622984781762355}
11/08/2021 01:23:33 - INFO - __main__ - Found 30 errors.
11/08/2021 01:23:33 - INFO - __main__ - Start error-fixing .... Timecode: 31
11/08/2021 01:23:48 - INFO - __main__ - Start error-fixing .... Done!
11/08/2021 01:23:51 - INFO - __main__ - Overall: 0.6724348958333334 from scores=[0.5498046875, 0.8666666666666667, 0.806640625, 0.6875, 0.4515625]
11/08/2021 01:23:51 - INFO - __main__ - --------------------------------------------------
11/08/2021 01:23:51 - INFO - __main__ - Evaluating to get errors .... Timecode: 32
11/08/2021 01:23:54 - INFO - __main__ - Before Error Fixing: {'EM': 0.671875, 'QA-F1': 0.7090010683760684}
11/08/2021 01:23:54 - INFO - __main__ - Found 21 errors.
11/08/2021 01:23:55 - INFO - __main__ - Start error-fixing .... Timecode: 32
11/08/2021 01:24:07 - INFO - __main__ - Start error-fixing .... Done!
11/08/2021 01:24:08 - INFO - __main__ - Overall: 0.6998413825757577 from scores=[0.5535037878787878, 1.0, 0.806640625, 0.6875, 0.4515625]
11/08/2021 01:24:08 - INFO - __main__ - --------------------------------------------------
11/08/2021 01:24:08 - INFO - __main__ - Evaluating to get errors .... Timecode: 33
11/08/2021 01:24:13 - INFO - __main__ - Before Error Fixing: {'EM': 0.546875, 'QA-F1': 0.6930555555555555}
11/08/2021 01:24:13 - INFO - __main__ - Found 29 errors.
11/08/2021 01:24:13 - INFO - __main__ - Start error-fixing .... Timecode: 33
11/08/2021 01:24:29 - INFO - __main__ - Start error-fixing .... Done!
11/08/2021 01:24:31 - INFO - __main__ - Overall: 0.6929058379817444 from scores=[0.5533088235294117, 0.9655172413793104, 0.806640625, 0.6875, 0.4515625]
11/08/2021 01:24:31 - INFO - __main__ - --------------------------------------------------
11/08/2021 01:24:31 - INFO - __main__ - Evaluating to get errors .... Timecode: 34
11/08/2021 01:24:34 - INFO - __main__ - Before Error Fixing: {'EM': 0.59375, 'QA-F1': 0.688219246031746}
11/08/2021 01:24:34 - INFO - __main__ - Found 26 errors.
11/08/2021 01:24:34 - INFO - __main__ - Start error-fixing .... Timecode: 34
11/08/2021 01:24:50 - INFO - __main__ - Start error-fixing .... Done!
11/08/2021 01:24:51 - INFO - __main__ - Overall: 0.7000334821428571 from scores=[0.5544642857142856, 1.0, 0.806640625, 0.6875, 0.4515625]
11/08/2021 01:24:51 - INFO - __main__ - --------------------------------------------------
11/08/2021 01:24:51 - INFO - __main__ - Evaluating to get errors .... Timecode: 35
11/08/2021 01:24:54 - INFO - __main__ - Before Error Fixing: {'EM': 0.59375, 'QA-F1': 0.669825487012987}
11/08/2021 01:24:54 - INFO - __main__ - Found 26 errors.
11/08/2021 01:24:55 - INFO - __main__ - Start error-fixing .... Timecode: 35
11/08/2021 01:25:10 - INFO - __main__ - Start error-fixing .... Done!
11/08/2021 01:25:12 - INFO - __main__ - Overall: 0.6925594284188035 from scores=[0.5555555555555556, 0.9615384615384616, 0.806640625, 0.6875, 0.4515625]
11/08/2021 01:25:12 - INFO - __main__ - --------------------------------------------------
11/08/2021 01:25:12 - INFO - __main__ - Evaluating to get errors .... Timecode: 36
11/08/2021 01:25:18 - INFO - __main__ - Before Error Fixing: {'EM': 0.46875, 'QA-F1': 0.5923962434122259}
11/08/2021 01:25:18 - INFO - __main__ - Found 34 errors.
11/08/2021 01:25:18 - INFO - __main__ - Start error-fixing .... Timecode: 36
11/08/2021 01:25:39 - INFO - __main__ - Start error-fixing .... Done!
11/08/2021 01:25:41 - INFO - __main__ - Overall: 0.699782516891892 from scores=[0.5532094594594594, 1.0, 0.806640625, 0.6875, 0.4515625]
11/08/2021 01:25:41 - INFO - __main__ - --------------------------------------------------
11/08/2021 01:25:41 - INFO - __main__ - Evaluating to get errors .... Timecode: 37
11/08/2021 01:25:45 - INFO - __main__ - Before Error Fixing: {'EM': 0.484375, 'QA-F1': 0.6223338293650793}
11/08/2021 01:25:45 - INFO - __main__ - Found 33 errors.
11/08/2021 01:25:46 - INFO - __main__ - Start error-fixing .... Timecode: 37
11/08/2021 01:26:07 - INFO - __main__ - Start error-fixing .... Done!
11/08/2021 01:26:09 - INFO - __main__ - Overall: 0.6994202302631579 from scores=[0.5513980263157895, 1.0, 0.806640625, 0.6875, 0.4515625]
11/08/2021 01:26:09 - INFO - __main__ - --------------------------------------------------
11/08/2021 01:26:09 - INFO - __main__ - Evaluating to get errors .... Timecode: 38
11/08/2021 01:26:13 - INFO - __main__ - Before Error Fixing: {'EM': 0.46875, 'QA-F1': 0.6117235195360196}
11/08/2021 01:26:13 - INFO - __main__ - Found 34 errors.
11/08/2021 01:26:13 - INFO - __main__ - Start error-fixing .... Timecode: 38
11/08/2021 01:26:34 - INFO - __main__ - Start error-fixing .... Done!
11/08/2021 01:26:36 - INFO - __main__ - Overall: 0.6989963942307693 from scores=[0.5492788461538461, 1.0, 0.806640625, 0.6875, 0.4515625]
11/08/2021 01:26:36 - INFO - __main__ - --------------------------------------------------
11/08/2021 01:26:36 - INFO - __main__ - Evaluating to get errors .... Timecode: 39
11/08/2021 01:26:41 - INFO - __main__ - Before Error Fixing: {'EM': 0.453125, 'QA-F1': 0.5132575757575758}
11/08/2021 01:26:41 - INFO - __main__ - Found 35 errors.
11/08/2021 01:26:41 - INFO - __main__ - Start error-fixing .... Timecode: 39
11/08/2021 01:27:03 - INFO - __main__ - Start error-fixing .... Done!
11/08/2021 01:27:05 - INFO - __main__ - Overall: 0.698515625 from scores=[0.546875, 1.0, 0.806640625, 0.6875, 0.4515625]
11/08/2021 01:27:05 - INFO - __main__ - --------------------------------------------------
11/08/2021 01:27:05 - INFO - __main__ - Start eval_knowledge_retention for UKR @ Timecode=40
11/08/2021 01:27:31 - INFO - __main__ - Upstream Knowledge Retation (UKR@40): 0.7461
11/08/2021 01:27:32 - INFO - __main__ - Start eval_knowledge_retention for OKR @ Timecode=40
11/08/2021 01:28:09 - INFO - __main__ - Online Knowledge Retation (OKR@40): 0.8789
11/08/2021 01:28:09 - INFO - __main__ - Start eval_knowledge_generalization for KG @ Timecode=40
11/08/2021 01:29:11 - INFO - __main__ - Future Knowledge Generalization (KG@40): 0.4742
11/08/2021 01:29:11 - INFO - __main__ - Evaluating to get errors .... Timecode: 40
11/08/2021 01:29:15 - INFO - __main__ - Before Error Fixing: {'EM': 0.46875, 'QA-F1': 0.5695312499999999}
11/08/2021 01:29:15 - INFO - __main__ - Found 34 errors.
11/08/2021 01:29:16 - INFO - __main__ - Start error-fixing .... Timecode: 40
11/08/2021 01:29:38 - INFO - __main__ - Start error-fixing .... Done!
11/08/2021 01:29:40 - INFO - __main__ - Overall: 0.7288376524390243 from scores=[0.5449695121951219, 1.0, 0.87890625, 0.74609375, 0.47421875]
11/08/2021 01:29:42 - INFO - __main__ - Model saved to experiments/ckpt_dirs/qa/er/QA_oewc_lr=3e-5_ep=10_lbd=1000_T=100,b=64,alpha=0.9,beta=0.5,gamma=0.8/model_ckpt_040.pt.
11/08/2021 01:29:42 - INFO - __main__ - Updated result feule: experiments/results/qa/QA_oewc_lr=3e-5_ep=10_lbd=1000_T=100,b=64,alpha=0.9,beta=0.5,gamma=0.8_result.json at Timecode: 40.
11/08/2021 01:29:42 - INFO - __main__ - --------------------------------------------------
11/08/2021 01:29:42 - INFO - __main__ - Evaluating to get errors .... Timecode: 41
11/08/2021 01:29:46 - INFO - __main__ - Before Error Fixing: {'EM': 0.4375, 'QA-F1': 0.530729448502886}
11/08/2021 01:29:46 - INFO - __main__ - Found 36 errors.
11/08/2021 01:29:47 - INFO - __main__ - Start error-fixing .... Timecode: 41
11/08/2021 01:30:09 - INFO - __main__ - Start error-fixing .... Done!
11/08/2021 01:30:11 - INFO - __main__ - Overall: 0.7283258928571429 from scores=[0.5424107142857143, 1.0, 0.87890625, 0.74609375, 0.47421875]
11/08/2021 01:30:11 - INFO - __main__ - --------------------------------------------------
11/08/2021 01:30:11 - INFO - __main__ - Evaluating to get errors .... Timecode: 42
11/08/2021 01:30:16 - INFO - __main__ - Before Error Fixing: {'EM': 0.4375, 'QA-F1': 0.5194482600732601}
11/08/2021 01:30:16 - INFO - __main__ - Found 36 errors.
11/08/2021 01:30:16 - INFO - __main__ - Start error-fixing .... Timecode: 42
11/08/2021 01:30:38 - INFO - __main__ - Start error-fixing .... Done!
11/08/2021 01:30:41 - INFO - __main__ - Overall: 0.7278379360465116 from scores=[0.5399709302325582, 1.0, 0.87890625, 0.74609375, 0.47421875]
11/08/2021 01:30:41 - INFO - __main__ - --------------------------------------------------
11/08/2021 01:30:41 - INFO - __main__ - Evaluating to get errors .... Timecode: 43
11/08/2021 01:30:46 - INFO - __main__ - Before Error Fixing: {'EM': 0.5625, 'QA-F1': 0.6584411202832255}
11/08/2021 01:30:46 - INFO - __main__ - Found 28 errors.
11/08/2021 01:30:47 - INFO - __main__ - Start error-fixing .... Timecode: 43
11/08/2021 01:31:04 - INFO - __main__ - Start error-fixing .... Done!
11/08/2021 01:31:06 - INFO - __main__ - Overall: 0.7279403409090909 from scores=[0.5404829545454546, 1.0, 0.87890625, 0.74609375, 0.47421875]
11/08/2021 01:31:06 - INFO - __main__ - --------------------------------------------------
11/08/2021 01:31:06 - INFO - __main__ - Evaluating to get errors .... Timecode: 44
11/08/2021 01:31:10 - INFO - __main__ - Before Error Fixing: {'EM': 0.546875, 'QA-F1': 0.6581893277780226}
11/08/2021 01:31:10 - INFO - __main__ - Found 29 errors.
11/08/2021 01:31:10 - INFO - __main__ - Start error-fixing .... Timecode: 44
11/08/2021 01:31:26 - INFO - __main__ - Start error-fixing .... Done!
11/08/2021 01:31:28 - INFO - __main__ - Overall: 0.7210721982758621 from scores=[0.540625, 0.9655172413793104, 0.87890625, 0.74609375, 0.47421875]
11/08/2021 01:31:28 - INFO - __main__ - --------------------------------------------------
11/08/2021 01:31:28 - INFO - __main__ - Evaluating to get errors .... Timecode: 45
11/08/2021 01:31:31 - INFO - __main__ - Before Error Fixing: {'EM': 0.5, 'QA-F1': 0.6009323031456622}
11/08/2021 01:31:31 - INFO - __main__ - Found 32 errors.
11/08/2021 01:31:31 - INFO - __main__ - Start error-fixing .... Timecode: 45
11/08/2021 01:31:49 - INFO - __main__ - Start error-fixing .... Done!
11/08/2021 01:31:51 - INFO - __main__ - Overall: 0.7215421195652174 from scores=[0.5397418478260869, 0.96875, 0.87890625, 0.74609375, 0.47421875]
11/08/2021 01:31:51 - INFO - __main__ - --------------------------------------------------
11/08/2021 01:31:51 - INFO - __main__ - Evaluating to get errors .... Timecode: 46
11/08/2021 01:31:55 - INFO - __main__ - Before Error Fixing: {'EM': 0.515625, 'QA-F1': 0.6059137100563909}
11/08/2021 01:31:55 - INFO - __main__ - Found 31 errors.
11/08/2021 01:31:55 - INFO - __main__ - Start error-fixing .... Timecode: 46
11/08/2021 01:32:11 - INFO - __main__ - Start error-fixing .... Done!
11/08/2021 01:32:14 - INFO - __main__ - Overall: 0.7083346559711736 from scores=[0.5392287234042553, 0.9032258064516129, 0.87890625, 0.74609375, 0.47421875]
11/08/2021 01:32:14 - INFO - __main__ - --------------------------------------------------
11/08/2021 01:32:14 - INFO - __main__ - Evaluating to get errors .... Timecode: 47
11/08/2021 01:32:18 - INFO - __main__ - Before Error Fixing: {'EM': 0.53125, 'QA-F1': 0.6325520098108413}
11/08/2021 01:32:18 - INFO - __main__ - Found 30 errors.
11/08/2021 01:32:18 - INFO - __main__ - Start error-fixing .... Timecode: 47
11/08/2021 01:32:34 - INFO - __main__ - Start error-fixing .... Done!
11/08/2021 01:32:37 - INFO - __main__ - Overall: 0.72765625 from scores=[0.5390625, 1.0, 0.87890625, 0.74609375, 0.47421875]
11/08/2021 01:32:37 - INFO - __main__ - --------------------------------------------------
11/08/2021 01:32:37 - INFO - __main__ - Evaluating to get errors .... Timecode: 48
11/08/2021 01:32:42 - INFO - __main__ - Before Error Fixing: {'EM': 0.453125, 'QA-F1': 0.538586868605251}
11/08/2021 01:32:42 - INFO - __main__ - Found 35 errors.
11/08/2021 01:32:42 - INFO - __main__ - Start error-fixing .... Timecode: 48
11/08/2021 01:33:04 - INFO - __main__ - Start error-fixing .... Done!
11/08/2021 01:33:06 - INFO - __main__ - Overall: 0.7215911989795918 from scores=[0.5373086734693877, 0.9714285714285714, 0.87890625, 0.74609375, 0.47421875]
11/08/2021 01:33:06 - INFO - __main__ - --------------------------------------------------
11/08/2021 01:33:06 - INFO - __main__ - Evaluating to get errors .... Timecode: 49
11/08/2021 01:33:11 - INFO - __main__ - Before Error Fixing: {'EM': 0.4375, 'QA-F1': 0.520636047979798}
11/08/2021 01:33:11 - INFO - __main__ - Found 36 errors.
11/08/2021 01:33:11 - INFO - __main__ - Start error-fixing .... Timecode: 49
11/08/2021 01:33:34 - INFO - __main__ - Start error-fixing .... Done!
11/08/2021 01:33:35 - INFO - __main__ - Overall: 0.7102395833333334 from scores=[0.5353125000000001, 0.9166666666666666, 0.87890625, 0.74609375, 0.47421875]
11/08/2021 01:33:35 - INFO - __main__ - --------------------------------------------------
11/08/2021 01:33:35 - INFO - __main__ - Start eval_knowledge_retention for UKR @ Timecode=50
11/08/2021 01:34:01 - INFO - __main__ - Upstream Knowledge Retation (UKR@50): 0.7070
11/08/2021 01:34:03 - INFO - __main__ - Start eval_knowledge_retention for OKR @ Timecode=50
11/08/2021 01:34:39 - INFO - __main__ - Online Knowledge Retation (OKR@50): 0.8535
11/08/2021 01:34:39 - INFO - __main__ - Start eval_knowledge_generalization for KG @ Timecode=50
11/08/2021 01:35:45 - INFO - __main__ - Future Knowledge Generalization (KG@50): 0.4602
11/08/2021 01:35:45 - INFO - __main__ - Evaluating to get errors .... Timecode: 50
11/08/2021 01:35:48 - INFO - __main__ - Before Error Fixing: {'EM': 0.546875, 'QA-F1': 0.5986742424242424}
11/08/2021 01:35:48 - INFO - __main__ - Found 29 errors.
11/08/2021 01:35:49 - INFO - __main__ - Start error-fixing .... Timecode: 50
11/08/2021 01:36:07 - INFO - __main__ - Start error-fixing .... Done!
11/08/2021 01:36:08 - INFO - __main__ - Overall: 0.7112484681372548 from scores=[0.5355392156862745, 1.0, 0.853515625, 0.70703125, 0.46015625]
11/08/2021 01:36:10 - INFO - __main__ - Model saved to experiments/ckpt_dirs/qa/er/QA_oewc_lr=3e-5_ep=10_lbd=1000_T=100,b=64,alpha=0.9,beta=0.5,gamma=0.8/model_ckpt_050.pt.
11/08/2021 01:36:10 - INFO - __main__ - Updated result feule: experiments/results/qa/QA_oewc_lr=3e-5_ep=10_lbd=1000_T=100,b=64,alpha=0.9,beta=0.5,gamma=0.8_result.json at Timecode: 50.
11/08/2021 01:36:10 - INFO - __main__ - --------------------------------------------------
11/08/2021 01:36:10 - INFO - __main__ - Evaluating to get errors .... Timecode: 51
11/08/2021 01:36:14 - INFO - __main__ - Before Error Fixing: {'EM': 0.546875, 'QA-F1': 0.5765625}
11/08/2021 01:36:14 - INFO - __main__ - Found 29 errors.
11/08/2021 01:36:14 - INFO - __main__ - Start error-fixing .... Timecode: 51
11/08/2021 01:36:32 - INFO - __main__ - Start error-fixing .... Done!
11/08/2021 01:36:33 - INFO - __main__ - Overall: 0.7112920673076923 from scores=[0.5357572115384616, 1.0, 0.853515625, 0.70703125, 0.46015625]
11/08/2021 01:36:33 - INFO - __main__ - --------------------------------------------------
11/08/2021 01:36:33 - INFO - __main__ - Evaluating to get errors .... Timecode: 52
11/08/2021 01:36:37 - INFO - __main__ - Before Error Fixing: {'EM': 0.625, 'QA-F1': 0.6869208916083916}
11/08/2021 01:36:37 - INFO - __main__ - Found 24 errors.
11/08/2021 01:36:38 - INFO - __main__ - Start error-fixing .... Timecode: 52
11/08/2021 01:36:51 - INFO - __main__ - Start error-fixing .... Done!
11/08/2021 01:36:52 - INFO - __main__ - Overall: 0.7116288325471698 from scores=[0.5374410377358491, 1.0, 0.853515625, 0.70703125, 0.46015625]
11/08/2021 01:36:52 - INFO - __main__ - --------------------------------------------------
11/08/2021 01:36:52 - INFO - __main__ - Evaluating to get errors .... Timecode: 53
11/08/2021 01:36:55 - INFO - __main__ - Before Error Fixing: {'EM': 0.4375, 'QA-F1': 0.5925989808802309}
11/08/2021 01:36:55 - INFO - __main__ - Found 36 errors.
11/08/2021 01:36:56 - INFO - __main__ - Start error-fixing .... Timecode: 53
11/08/2021 01:37:17 - INFO - __main__ - Start error-fixing .... Done!
11/08/2021 01:37:18 - INFO - __main__ - Overall: 0.7112586805555555 from scores=[0.5355902777777778, 1.0, 0.853515625, 0.70703125, 0.46015625]
11/08/2021 01:37:18 - INFO - __main__ - --------------------------------------------------
11/08/2021 01:37:18 - INFO - __main__ - Evaluating to get errors .... Timecode: 54
11/08/2021 01:37:23 - INFO - __main__ - Before Error Fixing: {'EM': 0.546875, 'QA-F1': 0.67572088644296}
11/08/2021 01:37:23 - INFO - __main__ - Found 29 errors.
11/08/2021 01:37:23 - INFO - __main__ - Start error-fixing .... Timecode: 54
11/08/2021 01:37:40 - INFO - __main__ - Start error-fixing .... Done!
11/08/2021 01:37:42 - INFO - __main__ - Overall: 0.6837135090125391 from scores=[0.5357954545454545, 0.8620689655172413, 0.853515625, 0.70703125, 0.46015625]
11/08/2021 01:37:42 - INFO - __main__ - --------------------------------------------------
11/08/2021 01:37:42 - INFO - __main__ - Evaluating to get errors .... Timecode: 55
11/08/2021 01:37:46 - INFO - __main__ - Before Error Fixing: {'EM': 0.671875, 'QA-F1': 0.7600512334887335}
11/08/2021 01:37:46 - INFO - __main__ - Found 21 errors.
11/08/2021 01:37:46 - INFO - __main__ - Start error-fixing .... Timecode: 55
11/08/2021 01:37:58 - INFO - __main__ - Start error-fixing .... Done!
11/08/2021 01:38:00 - INFO - __main__ - Overall: 0.7117857142857142 from scores=[0.5382254464285714, 1.0, 0.853515625, 0.70703125, 0.46015625]
11/08/2021 01:38:00 - INFO - __main__ - --------------------------------------------------
11/08/2021 01:38:00 - INFO - __main__ - Evaluating to get errors .... Timecode: 56
11/08/2021 01:38:05 - INFO - __main__ - Before Error Fixing: {'EM': 0.59375, 'QA-F1': 0.6820684523809524}
11/08/2021 01:38:05 - INFO - __main__ - Found 26 errors.
11/08/2021 01:38:05 - INFO - __main__ - Start error-fixing .... Timecode: 56
11/08/2021 01:38:22 - INFO - __main__ - Start error-fixing .... Done!
11/08/2021 01:38:23 - INFO - __main__ - Overall: 0.7119805372807017 from scores=[0.5391995614035088, 1.0, 0.853515625, 0.70703125, 0.46015625]
11/08/2021 01:38:23 - INFO - __main__ - --------------------------------------------------
11/08/2021 01:38:23 - INFO - __main__ - Evaluating to get errors .... Timecode: 57
11/08/2021 01:38:26 - INFO - __main__ - Before Error Fixing: {'EM': 0.546875, 'QA-F1': 0.5916170634920634}
11/08/2021 01:38:26 - INFO - __main__ - Found 29 errors.
11/08/2021 01:38:27 - INFO - __main__ - Start error-fixing .... Timecode: 57
11/08/2021 01:38:45 - INFO - __main__ - Start error-fixing .... Done!
11/08/2021 01:38:46 - INFO - __main__ - Overall: 0.6982139008620689 from scores=[0.5393318965517242, 0.9310344827586207, 0.853515625, 0.70703125, 0.46015625]
11/08/2021 01:38:46 - INFO - __main__ - --------------------------------------------------
11/08/2021 01:38:46 - INFO - __main__ - Evaluating to get errors .... Timecode: 58
11/08/2021 01:38:49 - INFO - __main__ - Before Error Fixing: {'EM': 0.53125, 'QA-F1': 0.6046875}
11/08/2021 01:38:49 - INFO - __main__ - Found 30 errors.
11/08/2021 01:38:49 - INFO - __main__ - Start error-fixing .... Timecode: 58
11/08/2021 01:39:08 - INFO - __main__ - Start error-fixing .... Done!
11/08/2021 01:39:09 - INFO - __main__ - Overall: 0.7119796080508474 from scores=[0.5391949152542372, 1.0, 0.853515625, 0.70703125, 0.46015625]
11/08/2021 01:39:09 - INFO - __main__ - --------------------------------------------------
11/08/2021 01:39:09 - INFO - __main__ - Evaluating to get errors .... Timecode: 59
11/08/2021 01:39:13 - INFO - __main__ - Before Error Fixing: {'EM': 0.578125, 'QA-F1': 0.7188738344988345}
11/08/2021 01:39:13 - INFO - __main__ - Found 27 errors.
11/08/2021 01:39:13 - INFO - __main__ - Start error-fixing .... Timecode: 59
11/08/2021 01:39:29 - INFO - __main__ - Start error-fixing .... Done!
11/08/2021 01:39:32 - INFO - __main__ - Overall: 0.712109375 from scores=[0.53984375, 1.0, 0.853515625, 0.70703125, 0.46015625]
11/08/2021 01:39:32 - INFO - __main__ - --------------------------------------------------
11/08/2021 01:39:32 - INFO - __main__ - Start eval_knowledge_retention for UKR @ Timecode=60
11/08/2021 01:39:58 - INFO - __main__ - Upstream Knowledge Retation (UKR@60): 0.6953
11/08/2021 01:39:59 - INFO - __main__ - Start eval_knowledge_retention for OKR @ Timecode=60
11/08/2021 01:40:33 - INFO - __main__ - Online Knowledge Retation (OKR@60): 0.8438
11/08/2021 01:40:33 - INFO - __main__ - Start eval_knowledge_generalization for KG @ Timecode=60
11/08/2021 01:41:44 - INFO - __main__ - Future Knowledge Generalization (KG@60): 0.4727
11/08/2021 01:41:44 - INFO - __main__ - Evaluating to get errors .... Timecode: 60
11/08/2021 01:41:48 - INFO - __main__ - Before Error Fixing: {'EM': 0.5625, 'QA-F1': 0.6784149877899879}
11/08/2021 01:41:48 - INFO - __main__ - Found 28 errors.
11/08/2021 01:41:48 - INFO - __main__ - Start error-fixing .... Timecode: 60
11/08/2021 01:42:03 - INFO - __main__ - Start error-fixing .... Done!
11/08/2021 01:42:05 - INFO - __main__ - Overall: 0.7103867827868853 from scores=[0.5402151639344263, 1.0, 0.84375, 0.6953125, 0.47265625]
11/08/2021 01:42:07 - INFO - __main__ - Model saved to experiments/ckpt_dirs/qa/er/QA_oewc_lr=3e-5_ep=10_lbd=1000_T=100,b=64,alpha=0.9,beta=0.5,gamma=0.8/model_ckpt_060.pt.
11/08/2021 01:42:07 - INFO - __main__ - Updated result feule: experiments/results/qa/QA_oewc_lr=3e-5_ep=10_lbd=1000_T=100,b=64,alpha=0.9,beta=0.5,gamma=0.8_result.json at Timecode: 60.
11/08/2021 01:42:07 - INFO - __main__ - --------------------------------------------------
11/08/2021 01:42:07 - INFO - __main__ - Evaluating to get errors .... Timecode: 61
11/08/2021 01:42:11 - INFO - __main__ - Before Error Fixing: {'EM': 0.59375, 'QA-F1': 0.6884635482981071}
11/08/2021 01:42:11 - INFO - __main__ - Found 26 errors.
11/08/2021 01:42:11 - INFO - __main__ - Start error-fixing .... Timecode: 61
11/08/2021 01:42:26 - INFO - __main__ - Start error-fixing .... Done!
11/08/2021 01:42:28 - INFO - __main__ - Overall: 0.6951748604218363 from scores=[0.541078629032258, 0.9230769230769231, 0.84375, 0.6953125, 0.47265625]
11/08/2021 01:42:28 - INFO - __main__ - --------------------------------------------------
11/08/2021 01:42:28 - INFO - __main__ - Evaluating to get errors .... Timecode: 62
11/08/2021 01:42:31 - INFO - __main__ - Before Error Fixing: {'EM': 0.65625, 'QA-F1': 0.6947916666666667}
11/08/2021 01:42:31 - INFO - __main__ - Found 22 errors.
11/08/2021 01:42:31 - INFO - __main__ - Start error-fixing .... Timecode: 62
11/08/2021 01:42:45 - INFO - __main__ - Start error-fixing .... Done!
11/08/2021 01:42:46 - INFO - __main__ - Overall: 0.6927432810245311 from scores=[0.542906746031746, 0.9090909090909091, 0.84375, 0.6953125, 0.47265625]
11/08/2021 01:42:46 - INFO - __main__ - --------------------------------------------------
11/08/2021 01:42:46 - INFO - __main__ - Evaluating to get errors .... Timecode: 63
11/08/2021 01:42:51 - INFO - __main__ - Before Error Fixing: {'EM': 0.515625, 'QA-F1': 0.6031044571076385}
11/08/2021 01:42:51 - INFO - __main__ - Found 31 errors.
11/08/2021 01:42:51 - INFO - __main__ - Start error-fixing .... Timecode: 63
11/08/2021 01:43:10 - INFO - __main__ - Start error-fixing .... Done!
11/08/2021 01:43:12 - INFO - __main__ - Overall: 0.71083984375 from scores=[0.54248046875, 1.0, 0.84375, 0.6953125, 0.47265625]
11/08/2021 01:43:12 - INFO - __main__ - --------------------------------------------------
11/08/2021 01:43:12 - INFO - __main__ - Evaluating to get errors .... Timecode: 64
11/08/2021 01:43:16 - INFO - __main__ - Before Error Fixing: {'EM': 0.4375, 'QA-F1': 0.5228079212454212}
11/08/2021 01:43:16 - INFO - __main__ - Found 36 errors.
11/08/2021 01:43:16 - INFO - __main__ - Start error-fixing .... Timecode: 64
11/08/2021 01:43:38 - INFO - __main__ - Start error-fixing .... Done!
11/08/2021 01:43:41 - INFO - __main__ - Overall: 0.7049612713675214 from scores=[0.5408653846153846, 0.9722222222222222, 0.84375, 0.6953125, 0.47265625]
11/08/2021 01:43:41 - INFO - __main__ - --------------------------------------------------
11/08/2021 01:43:41 - INFO - __main__ - Evaluating to get errors .... Timecode: 65
11/08/2021 01:43:44 - INFO - __main__ - Before Error Fixing: {'EM': 0.5, 'QA-F1': 0.584952445652174}
11/08/2021 01:43:44 - INFO - __main__ - Found 32 errors.
11/08/2021 01:43:44 - INFO - __main__ - Start error-fixing .... Timecode: 65
11/08/2021 01:44:04 - INFO - __main__ - Start error-fixing .... Done!
11/08/2021 01:44:06 - INFO - __main__ - Overall: 0.7041429924242424 from scores=[0.5402462121212122, 0.96875, 0.84375, 0.6953125, 0.47265625]
11/08/2021 01:44:06 - INFO - __main__ - --------------------------------------------------
11/08/2021 01:44:06 - INFO - __main__ - Evaluating to get errors .... Timecode: 66
11/08/2021 01:44:10 - INFO - __main__ - Before Error Fixing: {'EM': 0.609375, 'QA-F1': 0.7137735592061557}
11/08/2021 01:44:10 - INFO - __main__ - Found 25 errors.
11/08/2021 01:44:10 - INFO - __main__ - Start error-fixing .... Timecode: 66
11/08/2021 01:44:24 - INFO - __main__ - Start error-fixing .... Done!
11/08/2021 01:44:26 - INFO - __main__ - Overall: 0.7025993470149253 from scores=[0.5412779850746269, 0.96, 0.84375, 0.6953125, 0.47265625]
11/08/2021 01:44:26 - INFO - __main__ - --------------------------------------------------
11/08/2021 01:44:26 - INFO - __main__ - Evaluating to get errors .... Timecode: 67
11/08/2021 01:44:30 - INFO - __main__ - Before Error Fixing: {'EM': 0.453125, 'QA-F1': 0.6082571635880459}
11/08/2021 01:44:30 - INFO - __main__ - Found 35 errors.
11/08/2021 01:44:30 - INFO - __main__ - Start error-fixing .... Timecode: 67
11/08/2021 01:44:49 - INFO - __main__ - Start error-fixing .... Done!
11/08/2021 01:44:51 - INFO - __main__ - Overall: 0.6989115021008404 from scores=[0.5399816176470589, 0.9428571428571428, 0.84375, 0.6953125, 0.47265625]
11/08/2021 01:44:51 - INFO - __main__ - --------------------------------------------------
11/08/2021 01:44:51 - INFO - __main__ - Evaluating to get errors .... Timecode: 68
11/08/2021 01:44:55 - INFO - __main__ - Before Error Fixing: {'EM': 0.453125, 'QA-F1': 0.5947115384615385}
11/08/2021 01:44:55 - INFO - __main__ - Found 35 errors.
11/08/2021 01:44:55 - INFO - __main__ - Start error-fixing .... Timecode: 68
11/08/2021 01:45:17 - INFO - __main__ - Start error-fixing .... Done!
11/08/2021 01:45:18 - INFO - __main__ - Overall: 0.7100883152173914 from scores=[0.5387228260869565, 1.0, 0.84375, 0.6953125, 0.47265625]
11/08/2021 01:45:18 - INFO - __main__ - --------------------------------------------------
11/08/2021 01:45:18 - INFO - __main__ - Evaluating to get errors .... Timecode: 69
11/08/2021 01:45:21 - INFO - __main__ - Before Error Fixing: {'EM': 0.546875, 'QA-F1': 0.6265625}
11/08/2021 01:45:21 - INFO - __main__ - Found 29 errors.
11/08/2021 01:45:21 - INFO - __main__ - Start error-fixing .... Timecode: 69
11/08/2021 01:45:40 - INFO - __main__ - Start error-fixing .... Done!
11/08/2021 01:45:41 - INFO - __main__ - Overall: 0.710111607142857 from scores=[0.5388392857142856, 1.0, 0.84375, 0.6953125, 0.47265625]
11/08/2021 01:45:41 - INFO - __main__ - --------------------------------------------------
11/08/2021 01:45:41 - INFO - __main__ - Start eval_knowledge_retention for UKR @ Timecode=70
11/08/2021 01:46:04 - INFO - __main__ - Upstream Knowledge Retation (UKR@70): 0.7188
11/08/2021 01:46:06 - INFO - __main__ - Start eval_knowledge_retention for OKR @ Timecode=70
11/08/2021 01:46:34 - INFO - __main__ - Online Knowledge Retation (OKR@70): 0.8613
11/08/2021 01:46:34 - INFO - __main__ - Start eval_knowledge_generalization for KG @ Timecode=70
11/08/2021 01:47:33 - INFO - __main__ - Future Knowledge Generalization (KG@70): 0.5039
11/08/2021 01:47:33 - INFO - __main__ - Evaluating to get errors .... Timecode: 70
11/08/2021 01:47:36 - INFO - __main__ - Before Error Fixing: {'EM': 0.609375, 'QA-F1': 0.7052031200009141}
11/08/2021 01:47:36 - INFO - __main__ - Found 25 errors.
11/08/2021 01:47:36 - INFO - __main__ - Start error-fixing .... Timecode: 70
11/08/2021 01:47:50 - INFO - __main__ - Start error-fixing .... Done!
11/08/2021 01:47:52 - INFO - __main__ - Overall: 0.7167634242957746 from scores=[0.5398327464788732, 0.96, 0.861328125, 0.71875, 0.50390625]
11/08/2021 01:47:53 - INFO - __main__ - Model saved to experiments/ckpt_dirs/qa/er/QA_oewc_lr=3e-5_ep=10_lbd=1000_T=100,b=64,alpha=0.9,beta=0.5,gamma=0.8/model_ckpt_070.pt.
11/08/2021 01:47:53 - INFO - __main__ - Updated result feule: experiments/results/qa/QA_oewc_lr=3e-5_ep=10_lbd=1000_T=100,b=64,alpha=0.9,beta=0.5,gamma=0.8_result.json at Timecode: 70.
11/08/2021 01:47:53 - INFO - __main__ - --------------------------------------------------
11/08/2021 01:47:53 - INFO - __main__ - Evaluating to get errors .... Timecode: 71
11/08/2021 01:47:57 - INFO - __main__ - Before Error Fixing: {'EM': 0.484375, 'QA-F1': 0.5462549603174602}
11/08/2021 01:47:57 - INFO - __main__ - Found 33 errors.
11/08/2021 01:47:57 - INFO - __main__ - Start error-fixing .... Timecode: 71
11/08/2021 01:48:19 - INFO - __main__ - Start error-fixing .... Done!
11/08/2021 01:48:21 - INFO - __main__ - Overall: 0.724609375 from scores=[0.5390625, 1.0, 0.861328125, 0.71875, 0.50390625]
11/08/2021 01:48:21 - INFO - __main__ - --------------------------------------------------
11/08/2021 01:48:21 - INFO - __main__ - Evaluating to get errors .... Timecode: 72
11/08/2021 01:48:24 - INFO - __main__ - Before Error Fixing: {'EM': 0.625, 'QA-F1': 0.7384985902255639}
11/08/2021 01:48:24 - INFO - __main__ - Found 24 errors.
11/08/2021 01:48:24 - INFO - __main__ - Start error-fixing .... Timecode: 72
11/08/2021 01:48:39 - INFO - __main__ - Start error-fixing .... Done!
11/08/2021 01:48:41 - INFO - __main__ - Overall: 0.716511486872146 from scores=[0.5402397260273972, 0.9583333333333334, 0.861328125, 0.71875, 0.50390625]
11/08/2021 01:48:41 - INFO - __main__ - --------------------------------------------------
11/08/2021 01:48:41 - INFO - __main__ - Evaluating to get errors .... Timecode: 73
11/08/2021 01:48:44 - INFO - __main__ - Before Error Fixing: {'EM': 0.640625, 'QA-F1': 0.6826388888888888}
11/08/2021 01:48:44 - INFO - __main__ - Found 23 errors.
11/08/2021 01:48:44 - INFO - __main__ - Start error-fixing .... Timecode: 73
11/08/2021 01:48:59 - INFO - __main__ - Start error-fixing .... Done!
11/08/2021 01:49:00 - INFO - __main__ - Overall: 0.7251161317567567 from scores=[0.5415962837837838, 1.0, 0.861328125, 0.71875, 0.50390625]
11/08/2021 01:49:00 - INFO - __main__ - --------------------------------------------------
11/08/2021 01:49:00 - INFO - __main__ - Evaluating to get errors .... Timecode: 74
11/08/2021 01:49:03 - INFO - __main__ - Before Error Fixing: {'EM': 0.4375, 'QA-F1': 0.496875}
11/08/2021 01:49:03 - INFO - __main__ - Found 36 errors.
11/08/2021 01:49:03 - INFO - __main__ - Start error-fixing .... Timecode: 74
11/08/2021 01:49:26 - INFO - __main__ - Start error-fixing .... Done!
11/08/2021 01:49:27 - INFO - __main__ - Overall: 0.7137274305555555 from scores=[0.5402083333333334, 0.9444444444444444, 0.861328125, 0.71875, 0.50390625]
11/08/2021 01:49:27 - INFO - __main__ - --------------------------------------------------
11/08/2021 01:49:27 - INFO - __main__ - Evaluating to get errors .... Timecode: 75
11/08/2021 01:49:30 - INFO - __main__ - Before Error Fixing: {'EM': 0.484375, 'QA-F1': 0.5520833333333333}
11/08/2021 01:49:30 - INFO - __main__ - Found 33 errors.
11/08/2021 01:49:30 - INFO - __main__ - Start error-fixing .... Timecode: 75
11/08/2021 01:49:52 - INFO - __main__ - Start error-fixing .... Done!
11/08/2021 01:49:53 - INFO - __main__ - Overall: 0.7246916118421053 from scores=[0.5394736842105263, 1.0, 0.861328125, 0.71875, 0.50390625]
11/08/2021 01:49:53 - INFO - __main__ - --------------------------------------------------
11/08/2021 01:49:53 - INFO - __main__ - Evaluating to get errors .... Timecode: 76
11/08/2021 01:49:58 - INFO - __main__ - Before Error Fixing: {'EM': 0.5625, 'QA-F1': 0.6264926046176047}
11/08/2021 01:49:58 - INFO - __main__ - Found 28 errors.
11/08/2021 01:49:58 - INFO - __main__ - Start error-fixing .... Timecode: 76
11/08/2021 01:50:16 - INFO - __main__ - Start error-fixing .... Done!
11/08/2021 01:50:18 - INFO - __main__ - Overall: 0.7247514204545455 from scores=[0.5397727272727273, 1.0, 0.861328125, 0.71875, 0.50390625]
11/08/2021 01:50:18 - INFO - __main__ - --------------------------------------------------
11/08/2021 01:50:18 - INFO - __main__ - Evaluating to get errors .... Timecode: 77
11/08/2021 01:50:22 - INFO - __main__ - Before Error Fixing: {'EM': 0.65625, 'QA-F1': 0.703125}
11/08/2021 01:50:22 - INFO - __main__ - Found 22 errors.
11/08/2021 01:50:22 - INFO - __main__ - Start error-fixing .... Timecode: 77
11/08/2021 01:50:36 - INFO - __main__ - Start error-fixing .... Done!
11/08/2021 01:50:37 - INFO - __main__ - Overall: 0.7250500801282052 from scores=[0.5412660256410257, 1.0, 0.861328125, 0.71875, 0.50390625]
11/08/2021 01:50:37 - INFO - __main__ - --------------------------------------------------
11/08/2021 01:50:37 - INFO - __main__ - Evaluating to get errors .... Timecode: 78
11/08/2021 01:50:41 - INFO - __main__ - Before Error Fixing: {'EM': 0.625, 'QA-F1': 0.7072916666666667}
11/08/2021 01:50:41 - INFO - __main__ - Found 24 errors.
11/08/2021 01:50:41 - INFO - __main__ - Start error-fixing .... Timecode: 78
11/08/2021 01:50:56 - INFO - __main__ - Start error-fixing .... Done!
11/08/2021 01:50:57 - INFO - __main__ - Overall: 0.7169287315400844 from scores=[0.5423259493670887, 0.9583333333333334, 0.861328125, 0.71875, 0.50390625]
11/08/2021 01:50:57 - INFO - __main__ - --------------------------------------------------
11/08/2021 01:50:57 - INFO - __main__ - Evaluating to get errors .... Timecode: 79
11/08/2021 01:51:00 - INFO - __main__ - Before Error Fixing: {'EM': 0.546875, 'QA-F1': 0.6227430555555555}
11/08/2021 01:51:00 - INFO - __main__ - Found 29 errors.
11/08/2021 01:51:00 - INFO - __main__ - Start error-fixing .... Timecode: 79
11/08/2021 01:51:18 - INFO - __main__ - Start error-fixing .... Done!
11/08/2021 01:51:20 - INFO - __main__ - Overall: 0.7252734375000001 from scores=[0.5423828125, 1.0, 0.861328125, 0.71875, 0.50390625]
11/08/2021 01:51:20 - INFO - __main__ - --------------------------------------------------
11/08/2021 01:51:20 - INFO - __main__ - Start eval_knowledge_retention for UKR @ Timecode=80
11/08/2021 01:51:50 - INFO - __main__ - Upstream Knowledge Retation (UKR@80): 0.7051
11/08/2021 01:51:52 - INFO - __main__ - Start eval_knowledge_retention for OKR @ Timecode=80
11/08/2021 01:52:27 - INFO - __main__ - Online Knowledge Retation (OKR@80): 0.7969
11/08/2021 01:52:27 - INFO - __main__ - Start eval_knowledge_generalization for KG @ Timecode=80
11/08/2021 01:53:46 - INFO - __main__ - Future Knowledge Generalization (KG@80): 0.4719
11/08/2021 01:53:46 - INFO - __main__ - Evaluating to get errors .... Timecode: 80
11/08/2021 01:53:50 - INFO - __main__ - Before Error Fixing: {'EM': 0.65625, 'QA-F1': 0.6890151515151515}
11/08/2021 01:53:50 - INFO - __main__ - Found 22 errors.
11/08/2021 01:53:50 - INFO - __main__ - Start error-fixing .... Timecode: 80
11/08/2021 01:54:04 - INFO - __main__ - Start error-fixing .... Done!
11/08/2021 01:54:05 - INFO - __main__ - Overall: 0.6944324319584736 from scores=[0.5437885802469136, 0.9545454545454546, 0.796875, 0.705078125, 0.471875]
11/08/2021 01:54:07 - INFO - __main__ - Model saved to experiments/ckpt_dirs/qa/er/QA_oewc_lr=3e-5_ep=10_lbd=1000_T=100,b=64,alpha=0.9,beta=0.5,gamma=0.8/model_ckpt_080.pt.
11/08/2021 01:54:07 - INFO - __main__ - Updated result feule: experiments/results/qa/QA_oewc_lr=3e-5_ep=10_lbd=1000_T=100,b=64,alpha=0.9,beta=0.5,gamma=0.8_result.json at Timecode: 80.
11/08/2021 01:54:07 - INFO - __main__ - --------------------------------------------------
11/08/2021 01:54:07 - INFO - __main__ - Evaluating to get errors .... Timecode: 81
11/08/2021 01:54:12 - INFO - __main__ - Before Error Fixing: {'EM': 0.515625, 'QA-F1': 0.6159199246781484}
11/08/2021 01:54:12 - INFO - __main__ - Found 31 errors.
11/08/2021 01:54:12 - INFO - __main__ - Start error-fixing .... Timecode: 81
11/08/2021 01:54:28 - INFO - __main__ - Start error-fixing .... Done!
11/08/2021 01:54:31 - INFO - __main__ - Overall: 0.6905514235837923 from scores=[0.5434451219512195, 0.9354838709677419, 0.796875, 0.705078125, 0.471875]
11/08/2021 01:54:31 - INFO - __main__ - --------------------------------------------------
11/08/2021 01:54:31 - INFO - __main__ - Evaluating to get errors .... Timecode: 82
11/08/2021 01:54:35 - INFO - __main__ - Before Error Fixing: {'EM': 0.625, 'QA-F1': 0.6993303571428571}
11/08/2021 01:54:35 - INFO - __main__ - Found 24 errors.
11/08/2021 01:54:35 - INFO - __main__ - Start error-fixing .... Timecode: 82
11/08/2021 01:54:50 - INFO - __main__ - Start error-fixing .... Done!
11/08/2021 01:54:51 - INFO - __main__ - Overall: 0.6953178338353413 from scores=[0.5444277108433735, 0.9583333333333334, 0.796875, 0.705078125, 0.471875]
11/08/2021 01:54:51 - INFO - __main__ - --------------------------------------------------
11/08/2021 01:54:51 - INFO - __main__ - Evaluating to get errors .... Timecode: 83
11/08/2021 01:54:54 - INFO - __main__ - Before Error Fixing: {'EM': 0.484375, 'QA-F1': 0.5647058823529412}
11/08/2021 01:54:54 - INFO - __main__ - Found 33 errors.
11/08/2021 01:54:55 - INFO - __main__ - Start error-fixing .... Timecode: 83
11/08/2021 01:55:16 - INFO - __main__ - Start error-fixing .... Done!
11/08/2021 01:55:18 - INFO - __main__ - Overall: 0.6974475784632034 from scores=[0.5437127976190477, 0.9696969696969697, 0.796875, 0.705078125, 0.471875]
11/08/2021 01:55:18 - INFO - __main__ - --------------------------------------------------
11/08/2021 01:55:18 - INFO - __main__ - Evaluating to get errors .... Timecode: 84
11/08/2021 01:55:20 - INFO - __main__ - Before Error Fixing: {'EM': 0.59375, 'QA-F1': 0.6565104166666667}
11/08/2021 01:55:20 - INFO - __main__ - Found 26 errors.
11/08/2021 01:55:21 - INFO - __main__ - Start error-fixing .... Timecode: 84
11/08/2021 01:55:38 - INFO - __main__ - Start error-fixing .... Done!
11/08/2021 01:55:39 - INFO - __main__ - Overall: 0.6959336114253393 from scores=[0.5443014705882353, 0.9615384615384616, 0.796875, 0.705078125, 0.471875]
11/08/2021 01:55:39 - INFO - __main__ - --------------------------------------------------
11/08/2021 01:55:39 - INFO - __main__ - Evaluating to get errors .... Timecode: 85
11/08/2021 01:55:42 - INFO - __main__ - Before Error Fixing: {'EM': 0.578125, 'QA-F1': 0.6206597222222223}
11/08/2021 01:55:42 - INFO - __main__ - Found 27 errors.
11/08/2021 01:55:43 - INFO - __main__ - Start error-fixing .... Timecode: 85
11/08/2021 01:56:00 - INFO - __main__ - Start error-fixing .... Done!
11/08/2021 01:56:02 - INFO - __main__ - Overall: 0.6888897636735573 from scores=[0.5446947674418605, 0.9259259259259259, 0.796875, 0.705078125, 0.471875]
11/08/2021 01:56:02 - INFO - __main__ - --------------------------------------------------
11/08/2021 01:56:02 - INFO - __main__ - Evaluating to get errors .... Timecode: 86
11/08/2021 01:56:06 - INFO - __main__ - Before Error Fixing: {'EM': 0.546875, 'QA-F1': 0.5912770970533603}
11/08/2021 01:56:06 - INFO - __main__ - Found 29 errors.
11/08/2021 01:56:06 - INFO - __main__ - Start error-fixing .... Timecode: 86
11/08/2021 01:56:24 - INFO - __main__ - Start error-fixing .... Done!
11/08/2021 01:56:27 - INFO - __main__ - Overall: 0.7037095905172414 from scores=[0.5447198275862069, 1.0, 0.796875, 0.705078125, 0.471875]
11/08/2021 01:56:27 - INFO - __main__ - --------------------------------------------------
11/08/2021 01:56:27 - INFO - __main__ - Evaluating to get errors .... Timecode: 87
11/08/2021 01:56:30 - INFO - __main__ - Before Error Fixing: {'EM': 0.578125, 'QA-F1': 0.6430803571428572}
11/08/2021 01:56:30 - INFO - __main__ - Found 27 errors.
11/08/2021 01:56:31 - INFO - __main__ - Start error-fixing .... Timecode: 87
11/08/2021 01:56:48 - INFO - __main__ - Start error-fixing .... Done!
11/08/2021 01:56:49 - INFO - __main__ - Overall: 0.6889706965488215 from scores=[0.5450994318181819, 0.9259259259259259, 0.796875, 0.705078125, 0.471875]
11/08/2021 01:56:49 - INFO - __main__ - --------------------------------------------------
11/08/2021 01:56:49 - INFO - __main__ - Evaluating to get errors .... Timecode: 88
11/08/2021 01:56:52 - INFO - __main__ - Before Error Fixing: {'EM': 0.625, 'QA-F1': 0.6763528138528139}
11/08/2021 01:56:52 - INFO - __main__ - Found 24 errors.
11/08/2021 01:56:52 - INFO - __main__ - Start error-fixing .... Timecode: 88
11/08/2021 01:57:07 - INFO - __main__ - Start error-fixing .... Done!
11/08/2021 01:57:08 - INFO - __main__ - Overall: 0.7039650632022472 from scores=[0.545997191011236, 1.0, 0.796875, 0.705078125, 0.471875]
11/08/2021 01:57:08 - INFO - __main__ - --------------------------------------------------
11/08/2021 01:57:08 - INFO - __main__ - Evaluating to get errors .... Timecode: 89
11/08/2021 01:57:12 - INFO - __main__ - Before Error Fixing: {'EM': 0.609375, 'QA-F1': 0.6744791666666666}
11/08/2021 01:57:12 - INFO - __main__ - Found 25 errors.
11/08/2021 01:57:12 - INFO - __main__ - Start error-fixing .... Timecode: 89
11/08/2021 01:57:29 - INFO - __main__ - Start error-fixing .... Done!
11/08/2021 01:57:30 - INFO - __main__ - Overall: 0.7041059027777777 from scores=[0.5467013888888889, 1.0, 0.796875, 0.705078125, 0.471875]
11/08/2021 01:57:30 - INFO - __main__ - --------------------------------------------------
11/08/2021 01:57:30 - INFO - __main__ - Start eval_knowledge_retention for UKR @ Timecode=90
11/08/2021 01:57:58 - INFO - __main__ - Upstream Knowledge Retation (UKR@90): 0.7207
11/08/2021 01:57:59 - INFO - __main__ - Start eval_knowledge_retention for OKR @ Timecode=90
11/08/2021 01:58:32 - INFO - __main__ - Online Knowledge Retation (OKR@90): 0.8438
11/08/2021 01:58:32 - INFO - __main__ - Start eval_knowledge_generalization for KG @ Timecode=90
11/08/2021 01:59:38 - INFO - __main__ - Future Knowledge Generalization (KG@90): 0.4844
11/08/2021 01:59:38 - INFO - __main__ - Evaluating to get errors .... Timecode: 90
11/08/2021 01:59:41 - INFO - __main__ - Before Error Fixing: {'EM': 0.609375, 'QA-F1': 0.6197916666666666}
11/08/2021 01:59:41 - INFO - __main__ - Found 25 errors.
11/08/2021 01:59:42 - INFO - __main__ - Start error-fixing .... Timecode: 90
11/08/2021 01:59:59 - INFO - __main__ - Start error-fixing .... Done!
11/08/2021 02:00:00 - INFO - __main__ - Overall: 0.711243646978022 from scores=[0.5473901098901099, 0.96, 0.84375, 0.720703125, 0.484375]
11/08/2021 02:00:01 - INFO - __main__ - Model saved to experiments/ckpt_dirs/qa/er/QA_oewc_lr=3e-5_ep=10_lbd=1000_T=100,b=64,alpha=0.9,beta=0.5,gamma=0.8/model_ckpt_090.pt.
11/08/2021 02:00:02 - INFO - __main__ - Updated result feule: experiments/results/qa/QA_oewc_lr=3e-5_ep=10_lbd=1000_T=100,b=64,alpha=0.9,beta=0.5,gamma=0.8_result.json at Timecode: 90.
11/08/2021 02:00:02 - INFO - __main__ - --------------------------------------------------
11/08/2021 02:00:02 - INFO - __main__ - Evaluating to get errors .... Timecode: 91
11/08/2021 02:00:04 - INFO - __main__ - Before Error Fixing: {'EM': 0.734375, 'QA-F1': 0.7712673611111112}
11/08/2021 02:00:04 - INFO - __main__ - Found 17 errors.
11/08/2021 02:00:04 - INFO - __main__ - Start error-fixing .... Timecode: 91
11/08/2021 02:00:16 - INFO - __main__ - Start error-fixing .... Done!
11/08/2021 02:00:17 - INFO - __main__ - Overall: 0.7196501358695653 from scores=[0.5494225543478262, 1.0, 0.84375, 0.720703125, 0.484375]
11/08/2021 02:00:17 - INFO - __main__ - --------------------------------------------------
11/08/2021 02:00:17 - INFO - __main__ - Evaluating to get errors .... Timecode: 92
11/08/2021 02:00:21 - INFO - __main__ - Before Error Fixing: {'EM': 0.578125, 'QA-F1': 0.6878359487734488}
11/08/2021 02:00:21 - INFO - __main__ - Found 27 errors.
11/08/2021 02:00:21 - INFO - __main__ - Start error-fixing .... Timecode: 92
11/08/2021 02:00:37 - INFO - __main__ - Start error-fixing .... Done!
11/08/2021 02:00:38 - INFO - __main__ - Overall: 0.7197118615591398 from scores=[0.549731182795699, 1.0, 0.84375, 0.720703125, 0.484375]
11/08/2021 02:00:38 - INFO - __main__ - --------------------------------------------------
11/08/2021 02:00:38 - INFO - __main__ - Evaluating to get errors .... Timecode: 93
11/08/2021 02:00:41 - INFO - __main__ - Before Error Fixing: {'EM': 0.703125, 'QA-F1': 0.7767496392496392}
11/08/2021 02:00:41 - INFO - __main__ - Found 19 errors.
11/08/2021 02:00:41 - INFO - __main__ - Start error-fixing .... Timecode: 93
11/08/2021 02:00:52 - INFO - __main__ - Start error-fixing .... Done!
11/08/2021 02:00:54 - INFO - __main__ - Overall: 0.7200382313829787 from scores=[0.5513630319148937, 1.0, 0.84375, 0.720703125, 0.484375]
11/08/2021 02:00:54 - INFO - __main__ - --------------------------------------------------
11/08/2021 02:00:54 - INFO - __main__ - Evaluating to get errors .... Timecode: 94
11/08/2021 02:00:57 - INFO - __main__ - Before Error Fixing: {'EM': 0.515625, 'QA-F1': 0.5834155701754387}
11/08/2021 02:00:57 - INFO - __main__ - Found 31 errors.
11/08/2021 02:00:58 - INFO - __main__ - Start error-fixing .... Timecode: 94
11/08/2021 02:01:17 - INFO - __main__ - Start error-fixing .... Done!
11/08/2021 02:01:19 - INFO - __main__ - Overall: 0.707059767614601 from scores=[0.5509868421052632, 0.9354838709677419, 0.84375, 0.720703125, 0.484375]
11/08/2021 02:01:19 - INFO - __main__ - --------------------------------------------------
11/08/2021 02:01:19 - INFO - __main__ - Evaluating to get errors .... Timecode: 95
11/08/2021 02:01:23 - INFO - __main__ - Before Error Fixing: {'EM': 0.5, 'QA-F1': 0.650278778854553}
11/08/2021 02:01:23 - INFO - __main__ - Found 32 errors.
11/08/2021 02:01:23 - INFO - __main__ - Start error-fixing .... Timecode: 95
11/08/2021 02:01:42 - INFO - __main__ - Start error-fixing .... Done!
11/08/2021 02:01:45 - INFO - __main__ - Overall: 0.7136067708333333 from scores=[0.5504557291666667, 0.96875, 0.84375, 0.720703125, 0.484375]
11/08/2021 02:01:45 - INFO - __main__ - --------------------------------------------------
11/08/2021 02:01:45 - INFO - __main__ - Evaluating to get errors .... Timecode: 96
11/08/2021 02:01:50 - INFO - __main__ - Before Error Fixing: {'EM': 0.546875, 'QA-F1': 0.6852611517363356}
11/08/2021 02:01:50 - INFO - __main__ - Found 29 errors.
11/08/2021 02:01:50 - INFO - __main__ - Start error-fixing .... Timecode: 96
11/08/2021 02:02:08 - INFO - __main__ - Start error-fixing .... Done!
11/08/2021 02:02:10 - INFO - __main__ - Overall: 0.7198493878865979 from scores=[0.5504188144329897, 1.0, 0.84375, 0.720703125, 0.484375]
11/08/2021 02:02:10 - INFO - __main__ - --------------------------------------------------
11/08/2021 02:02:10 - INFO - __main__ - Evaluating to get errors .... Timecode: 97
11/08/2021 02:02:14 - INFO - __main__ - Before Error Fixing: {'EM': 0.515625, 'QA-F1': 0.6386462564673845}
11/08/2021 02:02:14 - INFO - __main__ - Found 31 errors.
11/08/2021 02:02:15 - INFO - __main__ - Start error-fixing .... Timecode: 97
11/08/2021 02:02:32 - INFO - __main__ - Start error-fixing .... Done!
11/08/2021 02:02:35 - INFO - __main__ - Overall: 0.6939719284891376 from scores=[0.550063775510204, 0.8709677419354839, 0.84375, 0.720703125, 0.484375]
11/08/2021 02:02:35 - INFO - __main__ - --------------------------------------------------
11/08/2021 02:02:35 - INFO - __main__ - Evaluating to get errors .... Timecode: 98
11/08/2021 02:02:39 - INFO - __main__ - Before Error Fixing: {'EM': 0.484375, 'QA-F1': 0.5651041666666667}
11/08/2021 02:02:39 - INFO - __main__ - Found 33 errors.
11/08/2021 02:02:40 - INFO - __main__ - Start error-fixing .... Timecode: 98
11/08/2021 02:03:01 - INFO - __main__ - Start error-fixing .... Done!
11/08/2021 02:03:03 - INFO - __main__ - Overall: 0.7196456755050505 from scores=[0.5494002525252526, 1.0, 0.84375, 0.720703125, 0.484375]
11/08/2021 02:03:03 - INFO - __main__ - --------------------------------------------------
11/08/2021 02:03:03 - INFO - __main__ - Start eval_knowledge_retention for UKR @ Timecode=99
11/08/2021 02:03:31 - INFO - __main__ - Upstream Knowledge Retation (UKR@99): 0.6973
11/08/2021 02:03:32 - INFO - __main__ - Start eval_knowledge_retention for OKR @ Timecode=99
11/08/2021 02:04:08 - INFO - __main__ - Online Knowledge Retation (OKR@99): 0.8379
11/08/2021 02:04:08 - INFO - __main__ - Start eval_knowledge_generalization for KG @ Timecode=99
11/08/2021 02:05:20 - INFO - __main__ - Future Knowledge Generalization (KG@99): 0.5086
11/08/2021 02:05:20 - INFO - __main__ - Evaluating to get errors .... Timecode: 99
11/08/2021 02:05:24 - INFO - __main__ - Before Error Fixing: {'EM': 0.65625, 'QA-F1': 0.7427083333333333}
11/08/2021 02:05:24 - INFO - __main__ - Found 22 errors.
11/08/2021 02:05:24 - INFO - __main__ - Start error-fixing .... Timecode: 99
11/08/2021 02:05:38 - INFO - __main__ - Start error-fixing .... Done!
11/08/2021 02:05:39 - INFO - __main__ - Overall: 0.709752840909091 from scores=[0.5504687500000001, 0.9545454545454546, 0.837890625, 0.697265625, 0.50859375]
11/08/2021 02:05:39 - INFO - __main__ - --------------------------------------------------
11/08/2021 02:05:39 - INFO - __main__ - Start the final evaluation.
11/08/2021 02:05:39 - INFO - __main__ - Nothing here.
11/08/2021 02:05:41 - INFO - __main__ - Model saved to experiments/ckpt_dirs/qa/er/QA_oewc_lr=3e-5_ep=10_lbd=1000_T=100,b=64,alpha=0.9,beta=0.5,gamma=0.8/model_ckpt_100.pt.
11/08/2021 02:05:41 - INFO - __main__ - Updated result feule: experiments/results/qa/QA_oewc_lr=3e-5_ep=10_lbd=1000_T=100,b=64,alpha=0.9,beta=0.5,gamma=0.8_result.json at Timecode: 100.
11/08/2021 02:05:41 - INFO - __main__ - Finished. Results saved to experiments/results/qa/QA_oewc_lr=3e-5_ep=10_lbd=1000_T=100,b=64,alpha=0.9,beta=0.5,gamma=0.8_result.json
