11/07/2021 00:49:01 - INFO - __main__ - Namespace(adam_epsilon=1e-08, adapter_dim=32, append_another_bos=1, base_model_path='out/mrqa_squad_bart-base_1029_upstream_model//best-model.pt', base_model_type='facebook/bart-base', ckpt_dir='experiments/ckpt_dirs/qa/er/QA_simplecl_lr=5e-5_ep=12_T=100,b=64,alpha=0.9,beta=0.5,gamma=0.8', cl_method_name='simple_cl', current_thread_id=None, do_lowercase=False, ewc_gamma=1, ewc_lambda=0.5, example_encoder_name='roberta-base', freeze_embeds=False, gradient_accumulation_steps=1, heldout_submission_data='experiments/eval_data/qa/heldout_eval.jsonl', index_rank_method='most_similar', indexing_args_path='exp_results/supervision_data/1012_dm_simple.train_args.json', indexing_method='bart_index', inference_query_size=1, init_memory_cache_path='bug_data/memory_key_cache.pkl', kg_eval_freq=10, kg_eval_mode='metric', kr_eval_freq=5, kr_eval_mode='metric', learning_rate=5e-05, local_adapt_lr=1e-05, max_grad_norm=0.1, max_input_length=888, max_output_length=50, max_timecode=100, memory_key_encoder='facebook/bart-base', memory_path='', memory_store_rate=1.0, mir_abalation_args='none', num_adapt_epochs=1, num_beams=3, num_threads_eval=0, num_train_epochs=12.0, okr_sample_seed=1337, okr_sample_size=512, path_to_thread_result=None, predict_batch_size=48, prefix='QA_simplecl_lr=5e-5_ep=12_T=100,b=64,alpha=0.9,beta=0.5,gamma=0.8', replay_candidate_size=8, replay_frequency=1, replay_size=8, result_file='experiments/results/qa/QA_simplecl_lr=5e-5_ep=12_T=100,b=64,alpha=0.9,beta=0.5,gamma=0.8_result.json', save_ckpt_freq=10, seed=42, skip_instant_eval=False, submission_stream_data='experiments/eval_data/qa/submission_stream.T=100,b=64,alpha=0.9,beta=0.5,gamma=0.8.json', task_emb_dim=768, task_name='mrqa', train_batch_size=8, upstream_data_path='data/mrqa_squad/mrqa_squad_train.jsonl', upstream_eval_data='experiments/eval_data/qa/upstream_eval.jsonl', upstream_sample_ratio=-1, use_mir=False, use_replay_mix=False, use_wandb=True, weight_decay=0.01)
11/07/2021 00:49:02 - INFO - transformers.tokenization_utils - loading file https://s3.amazonaws.com/models.huggingface.co/bert/roberta-large-vocab.json from cache at /private/home/yuchenlin/.cache/torch/transformers/1ae1f5b6e2b22b25ccc04c000bb79ca847aa226d0761536b011cf7e5868f0655.ef00af9e673c7160b4d41cfda1f48c5f4cba57d5142754525572a846a1ab1b9b
11/07/2021 00:49:02 - INFO - transformers.tokenization_utils - loading file https://s3.amazonaws.com/models.huggingface.co/bert/roberta-large-merges.txt from cache at /private/home/yuchenlin/.cache/torch/transformers/f8f83199a6270d582d6245dc100e99c4155de81c9745c6248077018fe01abcfb.70bec105b4158ed9a1747fea67a43f5dee97855c64d62b6ec3742f4cfdb5feda
11/07/2021 00:49:24 - INFO - __main__ - load_data: len(upstream_eval_examples)=512
11/07/2021 00:49:25 - INFO - __main__ - load_data: len(heldout_eval_examples)=1280
11/07/2021 00:49:29 - INFO - __main__ - Loading checkpoint from out/mrqa_squad_bart-base_1029_upstream_model//best-model.pt for facebook/bart-base .....
11/07/2021 00:49:30 - INFO - transformers.configuration_utils - loading configuration file https://s3.amazonaws.com/models.huggingface.co/bert/facebook/bart-base/config.json from cache at /private/home/yuchenlin/.cache/torch/transformers/09f4fcaeaf785dd3b97b085d6e3510c7081f586ec8e75981683c6299c0f81d9d.e8d516ad807436d395effad8c2326786872659b7dd1210827ac67c761198a0eb
11/07/2021 00:49:30 - INFO - transformers.configuration_utils - Model config BartConfig {
  "activation_dropout": 0.1,
  "activation_function": "gelu",
  "add_bias_logits": false,
  "add_final_layer_norm": false,
  "architectures": [
    "BartModel",
    "BartForConditionalGeneration",
    "BartForSequenceClassification"
  ],
  "attention_dropout": 0.1,
  "bos_token_id": 0,
  "classif_dropout": 0.0,
  "d_model": 768,
  "decoder_attention_heads": 12,
  "decoder_ffn_dim": 3072,
  "decoder_layerdrop": 0.0,
  "decoder_layers": 6,
  "decoder_start_token_id": 2,
  "dropout": 0.1,
  "early_stopping": true,
  "encoder_attention_heads": 12,
  "encoder_ffn_dim": 3072,
  "encoder_layerdrop": 0.0,
  "encoder_layers": 6,
  "eos_token_id": 2,
  "id2label": {
    "0": "LABEL_0",
    "1": "LABEL_1",
    "2": "LABEL_2"
  },
  "init_std": 0.02,
  "is_encoder_decoder": true,
  "label2id": {
    "LABEL_0": 0,
    "LABEL_1": 1,
    "LABEL_2": 2
  },
  "max_position_embeddings": 1024,
  "model_type": "bart",
  "no_repeat_ngram_size": 3,
  "normalize_before": false,
  "normalize_embedding": true,
  "num_beams": 4,
  "num_hidden_layers": 6,
  "pad_token_id": 1,
  "scale_embedding": false,
  "static_position_embeddings": false,
  "task_specific_params": {
    "summarization": {
      "length_penalty": 1.0,
      "max_length": 128,
      "min_length": 12,
      "num_beams": 4
    },
    "summarization_cnn": {
      "length_penalty": 2.0,
      "max_length": 142,
      "min_length": 56,
      "num_beams": 4
    },
    "summarization_xsum": {
      "length_penalty": 1.0,
      "max_length": 62,
      "min_length": 11,
      "num_beams": 6
    }
  },
  "vocab_size": 50265
}

11/07/2021 00:49:30 - INFO - transformers.modeling_utils - loading weights file https://cdn.huggingface.co/facebook/bart-base/pytorch_model.bin from cache at /private/home/yuchenlin/.cache/torch/transformers/566c05fb6983817e8ad7a4fa51e3099fe9caa3b31730f964bc5198d71c677523.0a3d95c18c1e434448941bc25accea7b122882be6526fb67c8e8fb6d5ebc711c
11/07/2021 00:49:34 - INFO - __main__ - Loading checkpoint from out/mrqa_squad_bart-base_1029_upstream_model//best-model.pt for facebook/bart-base ..... Done!
11/07/2021 00:49:38 - INFO - __main__ - Moving to the GPUs.
11/07/2021 00:49:38 - INFO - __main__ - Debugger Setup ......
11/07/2021 00:49:38 - INFO - __main__ - debugger_args: Namespace(adam_epsilon=1e-08, ckpt_dir='experiments/ckpt_dirs/qa/er/QA_simplecl_lr=5e-5_ep=12_T=100,b=64,alpha=0.9,beta=0.5,gamma=0.8', gradient_accumulation_steps=1, kg_eval_freq=10, kg_eval_mode='metric', kr_eval_freq=5, kr_eval_mode='metric', learning_rate=5e-05, max_grad_norm=0.1, num_epochs=12.0, okr_sample_seed=1337, okr_sample_size=512, save_ckpt_freq=10, skip_instant_eval=False, total_steps=10000, warmup_steps=0, weight_decay=0.01) ......
11/07/2021 00:49:38 - INFO - __main__ - optimizer & scheduler Setup ...... Done!
11/07/2021 00:49:38 - INFO - __main__ - Debugger Setup ...... Done!
11/07/2021 00:49:38 - INFO - __main__ - Start Online Debugging with Dynamic Error Mode
11/07/2021 00:49:38 - INFO - __main__ - Number of Batches of Data: 100
11/07/2021 00:49:38 - INFO - __main__ - Data Batch Size: 64;
11/07/2021 00:49:40 - INFO - __main__ - Model saved to experiments/ckpt_dirs/qa/er/QA_simplecl_lr=5e-5_ep=12_T=100,b=64,alpha=0.9,beta=0.5,gamma=0.8/model_ckpt_000.pt.
11/07/2021 00:49:41 - INFO - __main__ - Start eval_knowledge_retention for UKR @ Timecode=0
11/07/2021 00:50:03 - INFO - __main__ - Upstream Knowledge Retation (UKR@0): 0.8027
11/07/2021 00:50:03 - INFO - __main__ - Start eval_knowledge_generalization for KG @ Timecode=0
11/07/2021 00:51:30 - INFO - __main__ - Future Knowledge Generalization (KG@0): 0.3125
11/07/2021 00:51:30 - INFO - __main__ - Evaluating to get errors .... Timecode: 0
11/07/2021 00:51:33 - INFO - __main__ - Before Error Fixing: {'EM': 0.84375, 'QA-F1': 0.8675595238095237}
11/07/2021 00:51:33 - INFO - __main__ - Found 10 errors.
11/07/2021 00:51:33 - INFO - __main__ - Start error-fixing .... Timecode: 0
11/07/2021 00:51:36 - INFO - __main__ - Start error-fixing .... Done!
11/07/2021 00:51:37 - INFO - __main__ - Overall: 0.871875 from scores=[0.84375, 0.9]
11/07/2021 00:51:39 - INFO - __main__ - Model saved to experiments/ckpt_dirs/qa/er/QA_simplecl_lr=5e-5_ep=12_T=100,b=64,alpha=0.9,beta=0.5,gamma=0.8/model_ckpt_000.pt.
11/07/2021 00:51:39 - INFO - __main__ - Updated result feule: experiments/results/qa/QA_simplecl_lr=5e-5_ep=12_T=100,b=64,alpha=0.9,beta=0.5,gamma=0.8_result.json at Timecode: 0.
11/07/2021 00:51:39 - INFO - __main__ - --------------------------------------------------
11/07/2021 00:51:39 - INFO - __main__ - Evaluating to get errors .... Timecode: 1
11/07/2021 00:51:41 - INFO - __main__ - Before Error Fixing: {'EM': 0.65625, 'QA-F1': 0.7040065836940836}
11/07/2021 00:51:41 - INFO - __main__ - Found 22 errors.
11/07/2021 00:51:41 - INFO - __main__ - Start error-fixing .... Timecode: 1
11/07/2021 00:51:46 - INFO - __main__ - Start error-fixing .... Done!
11/07/2021 00:51:47 - INFO - __main__ - Overall: 0.875 from scores=[0.75, 1.0]
11/07/2021 00:51:47 - INFO - __main__ - --------------------------------------------------
11/07/2021 00:51:47 - INFO - __main__ - Evaluating to get errors .... Timecode: 2
11/07/2021 00:51:51 - INFO - __main__ - Before Error Fixing: {'EM': 0.6875, 'QA-F1': 0.7776648127199598}
11/07/2021 00:51:51 - INFO - __main__ - Found 20 errors.
11/07/2021 00:51:51 - INFO - __main__ - Start error-fixing .... Timecode: 2
11/07/2021 00:51:59 - INFO - __main__ - Start error-fixing .... Done!
11/07/2021 00:52:00 - INFO - __main__ - Overall: 0.8395833333333333 from scores=[0.7291666666666667, 0.95]
11/07/2021 00:52:00 - INFO - __main__ - --------------------------------------------------
11/07/2021 00:52:00 - INFO - __main__ - Evaluating to get errors .... Timecode: 3
11/07/2021 00:52:04 - INFO - __main__ - Before Error Fixing: {'EM': 0.515625, 'QA-F1': 0.6435914528636568}
11/07/2021 00:52:04 - INFO - __main__ - Found 31 errors.
11/07/2021 00:52:04 - INFO - __main__ - Start error-fixing .... Timecode: 3
11/07/2021 00:52:18 - INFO - __main__ - Start error-fixing .... Done!
11/07/2021 00:52:19 - INFO - __main__ - Overall: 0.837890625 from scores=[0.67578125, 1.0]
11/07/2021 00:52:19 - INFO - __main__ - --------------------------------------------------
11/07/2021 00:52:19 - INFO - __main__ - Evaluating to get errors .... Timecode: 4
11/07/2021 00:52:22 - INFO - __main__ - Before Error Fixing: {'EM': 0.65625, 'QA-F1': 0.7203955314009662}
11/07/2021 00:52:22 - INFO - __main__ - Found 22 errors.
11/07/2021 00:52:23 - INFO - __main__ - Start error-fixing .... Timecode: 4
11/07/2021 00:52:33 - INFO - __main__ - Start error-fixing .... Done!
11/07/2021 00:52:35 - INFO - __main__ - Overall: 0.8132102272727273 from scores=[0.671875, 0.9545454545454546]
11/07/2021 00:52:35 - INFO - __main__ - --------------------------------------------------
11/07/2021 00:52:35 - INFO - __main__ - Start eval_knowledge_retention for UKR @ Timecode=5
11/07/2021 00:52:57 - INFO - __main__ - Upstream Knowledge Retation (UKR@5): 0.7363
11/07/2021 00:52:57 - INFO - __main__ - len(self.past_submissions) = 320                 < self.debugger_args.okr_sample_size = 512
11/07/2021 00:52:57 - INFO - __main__ - Evaluating to get errors .... Timecode: 5
11/07/2021 00:53:01 - INFO - __main__ - Before Error Fixing: {'EM': 0.625, 'QA-F1': 0.6947088068181818}
11/07/2021 00:53:01 - INFO - __main__ - Found 24 errors.
11/07/2021 00:53:01 - INFO - __main__ - Start error-fixing .... Timecode: 5
11/07/2021 00:53:13 - INFO - __main__ - Start error-fixing .... Done!
11/07/2021 00:53:14 - INFO - __main__ - Overall: 0.83203125 from scores=[0.6640625, 1.0]
11/07/2021 00:53:14 - INFO - __main__ - --------------------------------------------------
11/07/2021 00:53:14 - INFO - __main__ - Evaluating to get errors .... Timecode: 6
11/07/2021 00:53:18 - INFO - __main__ - Before Error Fixing: {'EM': 0.625, 'QA-F1': 0.712196534062343}
11/07/2021 00:53:18 - INFO - __main__ - Found 24 errors.
11/07/2021 00:53:18 - INFO - __main__ - Start error-fixing .... Timecode: 6
11/07/2021 00:53:30 - INFO - __main__ - Start error-fixing .... Done!
11/07/2021 00:53:32 - INFO - __main__ - Overall: 0.8084077380952381 from scores=[0.6584821428571428, 0.9583333333333334]
11/07/2021 00:53:32 - INFO - __main__ - --------------------------------------------------
11/07/2021 00:53:32 - INFO - __main__ - Evaluating to get errors .... Timecode: 7
11/07/2021 00:53:36 - INFO - __main__ - Before Error Fixing: {'EM': 0.546875, 'QA-F1': 0.6248790922619047}
11/07/2021 00:53:36 - INFO - __main__ - Found 29 errors.
11/07/2021 00:53:37 - INFO - __main__ - Start error-fixing .... Timecode: 7
11/07/2021 00:53:51 - INFO - __main__ - Start error-fixing .... Done!
11/07/2021 00:53:52 - INFO - __main__ - Overall: 0.822265625 from scores=[0.64453125, 1.0]
11/07/2021 00:53:52 - INFO - __main__ - --------------------------------------------------
11/07/2021 00:53:52 - INFO - __main__ - Evaluating to get errors .... Timecode: 8
11/07/2021 00:53:56 - INFO - __main__ - Before Error Fixing: {'EM': 0.5625, 'QA-F1': 0.690116623572506}
11/07/2021 00:53:56 - INFO - __main__ - Found 28 errors.
11/07/2021 00:53:56 - INFO - __main__ - Start error-fixing .... Timecode: 8
11/07/2021 00:54:10 - INFO - __main__ - Start error-fixing .... Done!
11/07/2021 00:54:12 - INFO - __main__ - Overall: 0.8177083333333334 from scores=[0.6354166666666667, 1.0]
11/07/2021 00:54:12 - INFO - __main__ - --------------------------------------------------
11/07/2021 00:54:12 - INFO - __main__ - Evaluating to get errors .... Timecode: 9
11/07/2021 00:54:16 - INFO - __main__ - Before Error Fixing: {'EM': 0.5, 'QA-F1': 0.6374663220551378}
11/07/2021 00:54:16 - INFO - __main__ - Found 32 errors.
11/07/2021 00:54:17 - INFO - __main__ - Start error-fixing .... Timecode: 9
11/07/2021 00:54:32 - INFO - __main__ - Start error-fixing .... Done!
11/07/2021 00:54:34 - INFO - __main__ - Overall: 0.8109375 from scores=[0.621875, 1.0]
11/07/2021 00:54:34 - INFO - __main__ - --------------------------------------------------
11/07/2021 00:54:34 - INFO - __main__ - Start eval_knowledge_retention for UKR @ Timecode=10
11/07/2021 00:54:52 - INFO - __main__ - Upstream Knowledge Retation (UKR@10): 0.7188
11/07/2021 00:54:53 - INFO - __main__ - Start eval_knowledge_retention for OKR @ Timecode=10
11/07/2021 00:55:18 - INFO - __main__ - Online Knowledge Retation (OKR@10): 0.8555
11/07/2021 00:55:18 - INFO - __main__ - Start eval_knowledge_generalization for KG @ Timecode=10
11/07/2021 00:56:17 - INFO - __main__ - Future Knowledge Generalization (KG@10): 0.3375
11/07/2021 00:56:17 - INFO - __main__ - Evaluating to get errors .... Timecode: 10
11/07/2021 00:56:20 - INFO - __main__ - Before Error Fixing: {'EM': 0.5625, 'QA-F1': 0.6364200367647059}
11/07/2021 00:56:20 - INFO - __main__ - Found 28 errors.
11/07/2021 00:56:20 - INFO - __main__ - Start error-fixing .... Timecode: 10
11/07/2021 00:56:35 - INFO - __main__ - Start error-fixing .... Done!
11/07/2021 00:56:37 - INFO - __main__ - Overall: 0.7056392045454545 from scores=[0.6164772727272727, 1.0, 0.85546875, 0.71875, 0.3375]
11/07/2021 00:56:38 - INFO - __main__ - Model saved to experiments/ckpt_dirs/qa/er/QA_simplecl_lr=5e-5_ep=12_T=100,b=64,alpha=0.9,beta=0.5,gamma=0.8/model_ckpt_010.pt.
11/07/2021 00:56:38 - INFO - __main__ - Updated result feule: experiments/results/qa/QA_simplecl_lr=5e-5_ep=12_T=100,b=64,alpha=0.9,beta=0.5,gamma=0.8_result.json at Timecode: 10.
11/07/2021 00:56:38 - INFO - __main__ - --------------------------------------------------
11/07/2021 00:56:38 - INFO - __main__ - Evaluating to get errors .... Timecode: 11
11/07/2021 00:56:42 - INFO - __main__ - Before Error Fixing: {'EM': 0.53125, 'QA-F1': 0.6156917735042735}
11/07/2021 00:56:42 - INFO - __main__ - Found 30 errors.
11/07/2021 00:56:42 - INFO - __main__ - Start error-fixing .... Timecode: 11
11/07/2021 00:56:57 - INFO - __main__ - Start error-fixing .... Done!
11/07/2021 00:56:59 - INFO - __main__ - Overall: 0.70421875 from scores=[0.609375, 1.0, 0.85546875, 0.71875, 0.3375]
11/07/2021 00:56:59 - INFO - __main__ - --------------------------------------------------
11/07/2021 00:56:59 - INFO - __main__ - Evaluating to get errors .... Timecode: 12
11/07/2021 00:57:02 - INFO - __main__ - Before Error Fixing: {'EM': 0.46875, 'QA-F1': 0.6106831611926721}
11/07/2021 00:57:02 - INFO - __main__ - Found 34 errors.
11/07/2021 00:57:02 - INFO - __main__ - Start error-fixing .... Timecode: 12
11/07/2021 00:57:17 - INFO - __main__ - Start error-fixing .... Done!
11/07/2021 00:57:19 - INFO - __main__ - Overall: 0.696172935520362 from scores=[0.5985576923076923, 0.9705882352941176, 0.85546875, 0.71875, 0.3375]
11/07/2021 00:57:19 - INFO - __main__ - --------------------------------------------------
11/07/2021 00:57:19 - INFO - __main__ - Evaluating to get errors .... Timecode: 13
11/07/2021 00:57:23 - INFO - __main__ - Before Error Fixing: {'EM': 0.4375, 'QA-F1': 0.5606216916763791}
11/07/2021 00:57:23 - INFO - __main__ - Found 36 errors.
11/07/2021 00:57:23 - INFO - __main__ - Start error-fixing .... Timecode: 13
11/07/2021 00:57:40 - INFO - __main__ - Start error-fixing .... Done!
11/07/2021 00:57:42 - INFO - __main__ - Overall: 0.6941989087301587 from scores=[0.5870535714285714, 0.9722222222222222, 0.85546875, 0.71875, 0.3375]
11/07/2021 00:57:42 - INFO - __main__ - --------------------------------------------------
11/07/2021 00:57:42 - INFO - __main__ - Evaluating to get errors .... Timecode: 14
11/07/2021 00:57:45 - INFO - __main__ - Before Error Fixing: {'EM': 0.453125, 'QA-F1': 0.5327796191077441}
11/07/2021 00:57:45 - INFO - __main__ - Found 35 errors.
11/07/2021 00:57:45 - INFO - __main__ - Start error-fixing .... Timecode: 14
11/07/2021 00:57:59 - INFO - __main__ - Start error-fixing .... Done!
11/07/2021 00:58:02 - INFO - __main__ - Overall: 0.6865401785714286 from scores=[0.578125, 0.9428571428571428, 0.85546875, 0.71875, 0.3375]
11/07/2021 00:58:02 - INFO - __main__ - --------------------------------------------------
11/07/2021 00:58:02 - INFO - __main__ - Start eval_knowledge_retention for UKR @ Timecode=15
11/07/2021 00:58:25 - INFO - __main__ - Upstream Knowledge Retation (UKR@15): 0.6660
11/07/2021 00:58:26 - INFO - __main__ - Start eval_knowledge_retention for OKR @ Timecode=15
11/07/2021 00:58:58 - INFO - __main__ - Online Knowledge Retation (OKR@15): 0.8242
11/07/2021 00:58:58 - INFO - __main__ - Evaluating to get errors .... Timecode: 15
11/07/2021 00:59:02 - INFO - __main__ - Before Error Fixing: {'EM': 0.40625, 'QA-F1': 0.5255558881478}
11/07/2021 00:59:02 - INFO - __main__ - Found 38 errors.
11/07/2021 00:59:02 - INFO - __main__ - Start error-fixing .... Timecode: 15
11/07/2021 00:59:17 - INFO - __main__ - Start error-fixing .... Done!
11/07/2021 00:59:20 - INFO - __main__ - Overall: 0.6790234374999999 from scores=[0.5673828125, 1.0, 0.82421875, 0.666015625, 0.3375]
11/07/2021 00:59:20 - INFO - __main__ - --------------------------------------------------
11/07/2021 00:59:20 - INFO - __main__ - Evaluating to get errors .... Timecode: 16
11/07/2021 00:59:24 - INFO - __main__ - Before Error Fixing: {'EM': 0.375, 'QA-F1': 0.5407280278845681}
11/07/2021 00:59:24 - INFO - __main__ - Found 40 errors.
11/07/2021 00:59:24 - INFO - __main__ - Start error-fixing .... Timecode: 16
11/07/2021 00:59:41 - INFO - __main__ - Start error-fixing .... Done!
11/07/2021 00:59:44 - INFO - __main__ - Overall: 0.6517601102941176 from scores=[0.5560661764705883, 0.875, 0.82421875, 0.666015625, 0.3375]
11/07/2021 00:59:44 - INFO - __main__ - --------------------------------------------------
11/07/2021 00:59:44 - INFO - __main__ - Evaluating to get errors .... Timecode: 17
11/07/2021 00:59:48 - INFO - __main__ - Before Error Fixing: {'EM': 0.484375, 'QA-F1': 0.5876139919108669}
11/07/2021 00:59:48 - INFO - __main__ - Found 33 errors.
11/07/2021 00:59:48 - INFO - __main__ - Start error-fixing .... Timecode: 17
11/07/2021 01:00:03 - INFO - __main__ - Start error-fixing .... Done!
11/07/2021 01:00:05 - INFO - __main__ - Overall: 0.6638423295454545 from scores=[0.5520833333333333, 0.9393939393939394, 0.82421875, 0.666015625, 0.3375]
11/07/2021 01:00:05 - INFO - __main__ - --------------------------------------------------
11/07/2021 01:00:05 - INFO - __main__ - Evaluating to get errors .... Timecode: 18
11/07/2021 01:00:09 - INFO - __main__ - Before Error Fixing: {'EM': 0.40625, 'QA-F1': 0.5638774599442703}
11/07/2021 01:00:09 - INFO - __main__ - Found 38 errors.
11/07/2021 01:00:10 - INFO - __main__ - Start error-fixing .... Timecode: 18
11/07/2021 01:00:28 - INFO - __main__ - Start error-fixing .... Done!
11/07/2021 01:00:31 - INFO - __main__ - Overall: 0.6744284539473684 from scores=[0.544407894736842, 1.0, 0.82421875, 0.666015625, 0.3375]
11/07/2021 01:00:31 - INFO - __main__ - --------------------------------------------------
11/07/2021 01:00:31 - INFO - __main__ - Evaluating to get errors .... Timecode: 19
11/07/2021 01:00:35 - INFO - __main__ - Before Error Fixing: {'EM': 0.390625, 'QA-F1': 0.5103670634920635}
11/07/2021 01:00:35 - INFO - __main__ - Found 39 errors.
11/07/2021 01:00:35 - INFO - __main__ - Start error-fixing .... Timecode: 19
11/07/2021 01:00:54 - INFO - __main__ - Start error-fixing .... Done!
11/07/2021 01:00:56 - INFO - __main__ - Overall: 0.6677624198717949 from scores=[0.53671875, 0.9743589743589743, 0.82421875, 0.666015625, 0.3375]
11/07/2021 01:00:56 - INFO - __main__ - --------------------------------------------------
11/07/2021 01:00:56 - INFO - __main__ - Start eval_knowledge_retention for UKR @ Timecode=20
11/07/2021 01:01:18 - INFO - __main__ - Upstream Knowledge Retation (UKR@20): 0.7344
11/07/2021 01:01:19 - INFO - __main__ - Start eval_knowledge_retention for OKR @ Timecode=20
11/07/2021 01:01:47 - INFO - __main__ - Online Knowledge Retation (OKR@20): 0.8594
11/07/2021 01:01:47 - INFO - __main__ - Start eval_knowledge_generalization for KG @ Timecode=20
11/07/2021 01:02:45 - INFO - __main__ - Future Knowledge Generalization (KG@20): 0.4523
11/07/2021 01:02:45 - INFO - __main__ - Evaluating to get errors .... Timecode: 20
11/07/2021 01:02:49 - INFO - __main__ - Before Error Fixing: {'EM': 0.484375, 'QA-F1': 0.6186936327561328}
11/07/2021 01:02:49 - INFO - __main__ - Found 33 errors.
11/07/2021 01:02:49 - INFO - __main__ - Start error-fixing .... Timecode: 20
11/07/2021 01:03:06 - INFO - __main__ - Start error-fixing .... Done!
11/07/2021 01:03:08 - INFO - __main__ - Overall: 0.7100033820346321 from scores=[0.5342261904761905, 0.9696969696969697, 0.859375, 0.734375, 0.45234375]
11/07/2021 01:03:10 - INFO - __main__ - Model saved to experiments/ckpt_dirs/qa/er/QA_simplecl_lr=5e-5_ep=12_T=100,b=64,alpha=0.9,beta=0.5,gamma=0.8/model_ckpt_020.pt.
11/07/2021 01:03:10 - INFO - __main__ - Updated result feule: experiments/results/qa/QA_simplecl_lr=5e-5_ep=12_T=100,b=64,alpha=0.9,beta=0.5,gamma=0.8_result.json at Timecode: 20.
11/07/2021 01:03:10 - INFO - __main__ - --------------------------------------------------
11/07/2021 01:03:10 - INFO - __main__ - Evaluating to get errors .... Timecode: 21
11/07/2021 01:03:13 - INFO - __main__ - Before Error Fixing: {'EM': 0.4375, 'QA-F1': 0.5428077692324016}
11/07/2021 01:03:13 - INFO - __main__ - Found 36 errors.
11/07/2021 01:03:13 - INFO - __main__ - Start error-fixing .... Timecode: 21
11/07/2021 01:03:29 - INFO - __main__ - Start error-fixing .... Done!
11/07/2021 01:03:32 - INFO - __main__ - Overall: 0.7040735479797979 from scores=[0.5298295454545454, 0.9444444444444444, 0.859375, 0.734375, 0.45234375]
11/07/2021 01:03:32 - INFO - __main__ - --------------------------------------------------
11/07/2021 01:03:32 - INFO - __main__ - Evaluating to get errors .... Timecode: 22
11/07/2021 01:03:36 - INFO - __main__ - Before Error Fixing: {'EM': 0.390625, 'QA-F1': 0.545719168387512}
11/07/2021 01:03:36 - INFO - __main__ - Found 39 errors.
11/07/2021 01:03:36 - INFO - __main__ - Start error-fixing .... Timecode: 22
11/07/2021 01:03:54 - INFO - __main__ - Start error-fixing .... Done!
11/07/2021 01:03:57 - INFO - __main__ - Overall: 0.7037177745261983 from scores=[0.5237771739130435, 0.9487179487179487, 0.859375, 0.734375, 0.45234375]
11/07/2021 01:03:57 - INFO - __main__ - --------------------------------------------------
11/07/2021 01:03:57 - INFO - __main__ - Evaluating to get errors .... Timecode: 23
11/07/2021 01:04:02 - INFO - __main__ - Before Error Fixing: {'EM': 0.46875, 'QA-F1': 0.5959388399945466}
11/07/2021 01:04:02 - INFO - __main__ - Found 34 errors.
11/07/2021 01:04:02 - INFO - __main__ - Start error-fixing .... Timecode: 23
11/07/2021 01:04:20 - INFO - __main__ - Start error-fixing .... Done!
11/07/2021 01:04:21 - INFO - __main__ - Overall: 0.713515625 from scores=[0.521484375, 1.0, 0.859375, 0.734375, 0.45234375]
11/07/2021 01:04:21 - INFO - __main__ - --------------------------------------------------
11/07/2021 01:04:21 - INFO - __main__ - Evaluating to get errors .... Timecode: 24
11/07/2021 01:04:25 - INFO - __main__ - Before Error Fixing: {'EM': 0.484375, 'QA-F1': 0.6129898747086246}
11/07/2021 01:04:25 - INFO - __main__ - Found 33 errors.
11/07/2021 01:04:25 - INFO - __main__ - Start error-fixing .... Timecode: 24
11/07/2021 01:04:43 - INFO - __main__ - Start error-fixing .... Done!
11/07/2021 01:04:45 - INFO - __main__ - Overall: 0.71321875 from scores=[0.52, 1.0, 0.859375, 0.734375, 0.45234375]
11/07/2021 01:04:45 - INFO - __main__ - --------------------------------------------------
11/07/2021 01:04:45 - INFO - __main__ - Start eval_knowledge_retention for UKR @ Timecode=25
11/07/2021 01:05:05 - INFO - __main__ - Upstream Knowledge Retation (UKR@25): 0.7051
11/07/2021 01:05:06 - INFO - __main__ - Start eval_knowledge_retention for OKR @ Timecode=25
11/07/2021 01:05:39 - INFO - __main__ - Online Knowledge Retation (OKR@25): 0.8164
11/07/2021 01:05:39 - INFO - __main__ - Evaluating to get errors .... Timecode: 25
11/07/2021 01:05:42 - INFO - __main__ - Before Error Fixing: {'EM': 0.421875, 'QA-F1': 0.47760416666666666}
11/07/2021 01:05:42 - INFO - __main__ - Found 37 errors.
11/07/2021 01:05:42 - INFO - __main__ - Start error-fixing .... Timecode: 25
11/07/2021 01:06:01 - INFO - __main__ - Start error-fixing .... Done!
11/07/2021 01:06:02 - INFO - __main__ - Overall: 0.6980108173076923 from scores=[0.5162259615384616, 1.0, 0.81640625, 0.705078125, 0.45234375]
11/07/2021 01:06:02 - INFO - __main__ - --------------------------------------------------
11/07/2021 01:06:02 - INFO - __main__ - Evaluating to get errors .... Timecode: 26
11/07/2021 01:06:07 - INFO - __main__ - Before Error Fixing: {'EM': 0.390625, 'QA-F1': 0.5238937717798011}
11/07/2021 01:06:07 - INFO - __main__ - Found 39 errors.
11/07/2021 01:06:07 - INFO - __main__ - Start error-fixing .... Timecode: 26
11/07/2021 01:06:25 - INFO - __main__ - Start error-fixing .... Done!
11/07/2021 01:06:27 - INFO - __main__ - Overall: 0.6919522346866096 from scores=[0.5115740740740741, 0.9743589743589743, 0.81640625, 0.705078125, 0.45234375]
11/07/2021 01:06:27 - INFO - __main__ - --------------------------------------------------
11/07/2021 01:06:27 - INFO - __main__ - Evaluating to get errors .... Timecode: 27
11/07/2021 01:06:31 - INFO - __main__ - Before Error Fixing: {'EM': 0.46875, 'QA-F1': 0.5525595274926239}
11/07/2021 01:06:31 - INFO - __main__ - Found 34 errors.
11/07/2021 01:06:32 - INFO - __main__ - Start error-fixing .... Timecode: 27
11/07/2021 01:06:47 - INFO - __main__ - Start error-fixing .... Done!
11/07/2021 01:06:50 - INFO - __main__ - Overall: 0.6850098476890756 from scores=[0.5100446428571428, 0.9411764705882353, 0.81640625, 0.705078125, 0.45234375]
11/07/2021 01:06:50 - INFO - __main__ - --------------------------------------------------
11/07/2021 01:06:50 - INFO - __main__ - Evaluating to get errors .... Timecode: 28
11/07/2021 01:06:53 - INFO - __main__ - Before Error Fixing: {'EM': 0.328125, 'QA-F1': 0.3800080128205128}
11/07/2021 01:06:53 - INFO - __main__ - Found 43 errors.
11/07/2021 01:06:54 - INFO - __main__ - Start error-fixing .... Timecode: 28
11/07/2021 01:07:16 - INFO - __main__ - Start error-fixing .... Done!
11/07/2021 01:07:18 - INFO - __main__ - Overall: 0.6955199353448276 from scores=[0.5037715517241379, 1.0, 0.81640625, 0.705078125, 0.45234375]
11/07/2021 01:07:18 - INFO - __main__ - --------------------------------------------------
11/07/2021 01:07:18 - INFO - __main__ - Evaluating to get errors .... Timecode: 29
11/07/2021 01:07:21 - INFO - __main__ - Before Error Fixing: {'EM': 0.53125, 'QA-F1': 0.6023189484126984}
11/07/2021 01:07:21 - INFO - __main__ - Found 30 errors.
11/07/2021 01:07:21 - INFO - __main__ - Start error-fixing .... Timecode: 29
11/07/2021 01:07:35 - INFO - __main__ - Start error-fixing .... Done!
11/07/2021 01:07:37 - INFO - __main__ - Overall: 0.6890364583333333 from scores=[0.5046875, 0.9666666666666667, 0.81640625, 0.705078125, 0.45234375]
11/07/2021 01:07:37 - INFO - __main__ - --------------------------------------------------
11/07/2021 01:07:37 - INFO - __main__ - Start eval_knowledge_retention for UKR @ Timecode=30
11/07/2021 01:08:00 - INFO - __main__ - Upstream Knowledge Retation (UKR@30): 0.7051
11/07/2021 01:08:01 - INFO - __main__ - Start eval_knowledge_retention for OKR @ Timecode=30
11/07/2021 01:08:30 - INFO - __main__ - Online Knowledge Retation (OKR@30): 0.8184
11/07/2021 01:08:30 - INFO - __main__ - Start eval_knowledge_generalization for KG @ Timecode=30
11/07/2021 01:09:33 - INFO - __main__ - Future Knowledge Generalization (KG@30): 0.4281
11/07/2021 01:09:33 - INFO - __main__ - Evaluating to get errors .... Timecode: 30
11/07/2021 01:09:36 - INFO - __main__ - Before Error Fixing: {'EM': 0.484375, 'QA-F1': 0.5684126586240557}
11/07/2021 01:09:36 - INFO - __main__ - Found 33 errors.
11/07/2021 01:09:37 - INFO - __main__ - Start error-fixing .... Timecode: 30
11/07/2021 01:09:54 - INFO - __main__ - Start error-fixing .... Done!
11/07/2021 01:09:56 - INFO - __main__ - Overall: 0.6911189516129033 from scores=[0.5040322580645161, 1.0, 0.818359375, 0.705078125, 0.428125]
11/07/2021 01:09:58 - INFO - __main__ - Model saved to experiments/ckpt_dirs/qa/er/QA_simplecl_lr=5e-5_ep=12_T=100,b=64,alpha=0.9,beta=0.5,gamma=0.8/model_ckpt_030.pt.
11/07/2021 01:09:58 - INFO - __main__ - Updated result feule: experiments/results/qa/QA_simplecl_lr=5e-5_ep=12_T=100,b=64,alpha=0.9,beta=0.5,gamma=0.8_result.json at Timecode: 30.
11/07/2021 01:09:58 - INFO - __main__ - --------------------------------------------------
11/07/2021 01:09:58 - INFO - __main__ - Evaluating to get errors .... Timecode: 31
11/07/2021 01:10:02 - INFO - __main__ - Before Error Fixing: {'EM': 0.5, 'QA-F1': 0.5991187431038332}
11/07/2021 01:10:02 - INFO - __main__ - Found 32 errors.
11/07/2021 01:10:02 - INFO - __main__ - Start error-fixing .... Timecode: 31
11/07/2021 01:10:15 - INFO - __main__ - Start error-fixing .... Done!
11/07/2021 01:10:18 - INFO - __main__ - Overall: 0.67234375 from scores=[0.50390625, 0.90625, 0.818359375, 0.705078125, 0.428125]
11/07/2021 01:10:18 - INFO - __main__ - --------------------------------------------------
11/07/2021 01:10:18 - INFO - __main__ - Evaluating to get errors .... Timecode: 32
11/07/2021 01:10:22 - INFO - __main__ - Before Error Fixing: {'EM': 0.46875, 'QA-F1': 0.5247519841269841}
11/07/2021 01:10:22 - INFO - __main__ - Found 34 errors.
11/07/2021 01:10:22 - INFO - __main__ - Start error-fixing .... Timecode: 32
11/07/2021 01:10:40 - INFO - __main__ - Start error-fixing .... Done!
11/07/2021 01:10:41 - INFO - __main__ - Overall: 0.679115975935829 from scores=[0.5028409090909092, 0.9411764705882353, 0.818359375, 0.705078125, 0.428125]
11/07/2021 01:10:41 - INFO - __main__ - --------------------------------------------------
11/07/2021 01:10:41 - INFO - __main__ - Evaluating to get errors .... Timecode: 33
11/07/2021 01:10:45 - INFO - __main__ - Before Error Fixing: {'EM': 0.421875, 'QA-F1': 0.498036858974359}
11/07/2021 01:10:45 - INFO - __main__ - Found 37 errors.
11/07/2021 01:10:45 - INFO - __main__ - Start error-fixing .... Timecode: 33
11/07/2021 01:11:04 - INFO - __main__ - Start error-fixing .... Done!
11/07/2021 01:11:06 - INFO - __main__ - Overall: 0.6849990063593006 from scores=[0.5004595588235294, 0.972972972972973, 0.818359375, 0.705078125, 0.428125]
11/07/2021 01:11:06 - INFO - __main__ - --------------------------------------------------
11/07/2021 01:11:06 - INFO - __main__ - Evaluating to get errors .... Timecode: 34
11/07/2021 01:11:10 - INFO - __main__ - Before Error Fixing: {'EM': 0.421875, 'QA-F1': 0.6162102656049158}
11/07/2021 01:11:10 - INFO - __main__ - Found 37 errors.
11/07/2021 01:11:10 - INFO - __main__ - Start error-fixing .... Timecode: 34
11/07/2021 01:11:26 - INFO - __main__ - Start error-fixing .... Done!
11/07/2021 01:11:28 - INFO - __main__ - Overall: 0.673739140926641 from scores=[0.4982142857142857, 0.918918918918919, 0.818359375, 0.705078125, 0.428125]
11/07/2021 01:11:28 - INFO - __main__ - --------------------------------------------------
11/07/2021 01:11:28 - INFO - __main__ - Start eval_knowledge_retention for UKR @ Timecode=35
11/07/2021 01:11:58 - INFO - __main__ - Upstream Knowledge Retation (UKR@35): 0.6465
11/07/2021 01:11:59 - INFO - __main__ - Start eval_knowledge_retention for OKR @ Timecode=35
11/07/2021 01:12:34 - INFO - __main__ - Online Knowledge Retation (OKR@35): 0.7656
11/07/2021 01:12:34 - INFO - __main__ - Evaluating to get errors .... Timecode: 35
11/07/2021 01:12:38 - INFO - __main__ - Before Error Fixing: {'EM': 0.3125, 'QA-F1': 0.4644357232858587}
11/07/2021 01:12:38 - INFO - __main__ - Found 44 errors.
11/07/2021 01:12:38 - INFO - __main__ - Start error-fixing .... Timecode: 35
11/07/2021 01:12:58 - INFO - __main__ - Start error-fixing .... Done!
11/07/2021 01:13:01 - INFO - __main__ - Overall: 0.6575670770202021 from scores=[0.4930555555555556, 0.9545454545454546, 0.765625, 0.646484375, 0.428125]
11/07/2021 01:13:01 - INFO - __main__ - --------------------------------------------------
11/07/2021 01:13:01 - INFO - __main__ - Evaluating to get errors .... Timecode: 36
11/07/2021 01:13:05 - INFO - __main__ - Before Error Fixing: {'EM': 0.375, 'QA-F1': 0.5528396469893967}
11/07/2021 01:13:05 - INFO - __main__ - Found 40 errors.
11/07/2021 01:13:05 - INFO - __main__ - Start error-fixing .... Timecode: 36
11/07/2021 01:13:23 - INFO - __main__ - Start error-fixing .... Done!
11/07/2021 01:13:26 - INFO - __main__ - Overall: 0.666019847972973 from scores=[0.4898648648648649, 1.0, 0.765625, 0.646484375, 0.428125]
11/07/2021 01:13:26 - INFO - __main__ - --------------------------------------------------
11/07/2021 01:13:26 - INFO - __main__ - Evaluating to get errors .... Timecode: 37
11/07/2021 01:13:29 - INFO - __main__ - Before Error Fixing: {'EM': 0.390625, 'QA-F1': 0.4557291666666667}
11/07/2021 01:13:29 - INFO - __main__ - Found 39 errors.
11/07/2021 01:13:29 - INFO - __main__ - Start error-fixing .... Timecode: 37
11/07/2021 01:13:49 - INFO - __main__ - Start error-fixing .... Done!
11/07/2021 01:13:51 - INFO - __main__ - Overall: 0.6654975328947368 from scores=[0.4872532894736842, 1.0, 0.765625, 0.646484375, 0.428125]
11/07/2021 01:13:51 - INFO - __main__ - --------------------------------------------------
11/07/2021 01:13:51 - INFO - __main__ - Evaluating to get errors .... Timecode: 38
11/07/2021 01:13:54 - INFO - __main__ - Before Error Fixing: {'EM': 0.5625, 'QA-F1': 0.6536830357142858}
11/07/2021 01:13:54 - INFO - __main__ - Found 28 errors.
11/07/2021 01:13:54 - INFO - __main__ - Start error-fixing .... Timecode: 38
11/07/2021 01:14:09 - INFO - __main__ - Start error-fixing .... Done!
11/07/2021 01:14:10 - INFO - __main__ - Overall: 0.6658834134615386 from scores=[0.4891826923076923, 1.0, 0.765625, 0.646484375, 0.428125]
11/07/2021 01:14:10 - INFO - __main__ - --------------------------------------------------
11/07/2021 01:14:10 - INFO - __main__ - Evaluating to get errors .... Timecode: 39
11/07/2021 01:14:14 - INFO - __main__ - Before Error Fixing: {'EM': 0.546875, 'QA-F1': 0.5990980691056911}
11/07/2021 01:14:14 - INFO - __main__ - Found 29 errors.
11/07/2021 01:14:14 - INFO - __main__ - Start error-fixing .... Timecode: 39
11/07/2021 01:14:29 - INFO - __main__ - Start error-fixing .... Done!
11/07/2021 01:14:31 - INFO - __main__ - Overall: 0.6661718750000001 from scores=[0.490625, 1.0, 0.765625, 0.646484375, 0.428125]
11/07/2021 01:14:31 - INFO - __main__ - --------------------------------------------------
11/07/2021 01:14:31 - INFO - __main__ - Start eval_knowledge_retention for UKR @ Timecode=40
11/07/2021 01:14:55 - INFO - __main__ - Upstream Knowledge Retation (UKR@40): 0.6855
11/07/2021 01:14:56 - INFO - __main__ - Start eval_knowledge_retention for OKR @ Timecode=40
11/07/2021 01:15:26 - INFO - __main__ - Online Knowledge Retation (OKR@40): 0.8633
11/07/2021 01:15:26 - INFO - __main__ - Start eval_knowledge_generalization for KG @ Timecode=40
11/07/2021 01:16:30 - INFO - __main__ - Future Knowledge Generalization (KG@40): 0.4695
11/07/2021 01:16:30 - INFO - __main__ - Evaluating to get errors .... Timecode: 40
11/07/2021 01:16:33 - INFO - __main__ - Before Error Fixing: {'EM': 0.515625, 'QA-F1': 0.6021598193473194}
11/07/2021 01:16:33 - INFO - __main__ - Found 31 errors.
11/07/2021 01:16:33 - INFO - __main__ - Start error-fixing .... Timecode: 40
11/07/2021 01:16:49 - INFO - __main__ - Start error-fixing .... Done!
11/07/2021 01:16:50 - INFO - __main__ - Overall: 0.7019188262195122 from scores=[0.49123475609756095, 1.0, 0.86328125, 0.685546875, 0.46953125]
11/07/2021 01:16:52 - INFO - __main__ - Model saved to experiments/ckpt_dirs/qa/er/QA_simplecl_lr=5e-5_ep=12_T=100,b=64,alpha=0.9,beta=0.5,gamma=0.8/model_ckpt_040.pt.
11/07/2021 01:16:52 - INFO - __main__ - Updated result feule: experiments/results/qa/QA_simplecl_lr=5e-5_ep=12_T=100,b=64,alpha=0.9,beta=0.5,gamma=0.8_result.json at Timecode: 40.
11/07/2021 01:16:52 - INFO - __main__ - --------------------------------------------------
11/07/2021 01:16:52 - INFO - __main__ - Evaluating to get errors .... Timecode: 41
11/07/2021 01:16:55 - INFO - __main__ - Before Error Fixing: {'EM': 0.453125, 'QA-F1': 0.509156162464986}
11/07/2021 01:16:55 - INFO - __main__ - Found 35 errors.
11/07/2021 01:16:55 - INFO - __main__ - Start error-fixing .... Timecode: 41
11/07/2021 01:17:13 - INFO - __main__ - Start error-fixing .... Done!
11/07/2021 01:17:16 - INFO - __main__ - Overall: 0.6903087797619047 from scores=[0.49032738095238093, 0.9428571428571428, 0.86328125, 0.685546875, 0.46953125]
11/07/2021 01:17:16 - INFO - __main__ - --------------------------------------------------
11/07/2021 01:17:16 - INFO - __main__ - Evaluating to get errors .... Timecode: 42
11/07/2021 01:17:18 - INFO - __main__ - Before Error Fixing: {'EM': 0.484375, 'QA-F1': 0.5060369318181819}
11/07/2021 01:17:18 - INFO - __main__ - Found 33 errors.
11/07/2021 01:17:19 - INFO - __main__ - Start error-fixing .... Timecode: 42
11/07/2021 01:17:37 - INFO - __main__ - Start error-fixing .... Done!
11/07/2021 01:17:39 - INFO - __main__ - Overall: 0.6956490596370684 from scores=[0.4901889534883721, 0.9696969696969697, 0.86328125, 0.685546875, 0.46953125]
11/07/2021 01:17:39 - INFO - __main__ - --------------------------------------------------
11/07/2021 01:17:39 - INFO - __main__ - Evaluating to get errors .... Timecode: 43
11/07/2021 01:17:42 - INFO - __main__ - Before Error Fixing: {'EM': 0.359375, 'QA-F1': 0.45347222222222217}
11/07/2021 01:17:42 - INFO - __main__ - Found 41 errors.
11/07/2021 01:17:42 - INFO - __main__ - Start error-fixing .... Timecode: 43
11/07/2021 01:18:04 - INFO - __main__ - Start error-fixing .... Done!
11/07/2021 01:18:06 - INFO - __main__ - Overall: 0.6962370080376941 from scores=[0.48721590909090906, 0.975609756097561, 0.86328125, 0.685546875, 0.46953125]
11/07/2021 01:18:06 - INFO - __main__ - --------------------------------------------------
11/07/2021 01:18:06 - INFO - __main__ - Evaluating to get errors .... Timecode: 44
11/07/2021 01:18:09 - INFO - __main__ - Before Error Fixing: {'EM': 0.421875, 'QA-F1': 0.5193204365079365}
11/07/2021 01:18:09 - INFO - __main__ - Found 37 errors.
11/07/2021 01:18:09 - INFO - __main__ - Start error-fixing .... Timecode: 44
11/07/2021 01:18:28 - INFO - __main__ - Start error-fixing .... Done!
11/07/2021 01:18:29 - INFO - __main__ - Overall: 0.6954192473723724 from scores=[0.4857638888888889, 0.972972972972973, 0.86328125, 0.685546875, 0.46953125]
11/07/2021 01:18:29 - INFO - __main__ - --------------------------------------------------
11/07/2021 01:18:29 - INFO - __main__ - Start eval_knowledge_retention for UKR @ Timecode=45
11/07/2021 01:18:54 - INFO - __main__ - Upstream Knowledge Retation (UKR@45): 0.6445
11/07/2021 01:18:55 - INFO - __main__ - Start eval_knowledge_retention for OKR @ Timecode=45
11/07/2021 01:19:23 - INFO - __main__ - Online Knowledge Retation (OKR@45): 0.8184
11/07/2021 01:19:23 - INFO - __main__ - Evaluating to get errors .... Timecode: 45
11/07/2021 01:19:26 - INFO - __main__ - Before Error Fixing: {'EM': 0.453125, 'QA-F1': 0.5828373015873015}
11/07/2021 01:19:26 - INFO - __main__ - Found 35 errors.
11/07/2021 01:19:27 - INFO - __main__ - Start error-fixing .... Timecode: 45
11/07/2021 01:19:45 - INFO - __main__ - Start error-fixing .... Done!
11/07/2021 01:19:47 - INFO - __main__ - Overall: 0.6777809588509317 from scores=[0.4850543478260869, 0.9714285714285714, 0.818359375, 0.64453125, 0.46953125]
11/07/2021 01:19:47 - INFO - __main__ - --------------------------------------------------
11/07/2021 01:19:47 - INFO - __main__ - Evaluating to get errors .... Timecode: 46
11/07/2021 01:19:50 - INFO - __main__ - Before Error Fixing: {'EM': 0.53125, 'QA-F1': 0.6286780621339445}
11/07/2021 01:19:50 - INFO - __main__ - Found 30 errors.
11/07/2021 01:19:50 - INFO - __main__ - Start error-fixing .... Timecode: 46
11/07/2021 01:20:06 - INFO - __main__ - Start error-fixing .... Done!
11/07/2021 01:20:07 - INFO - __main__ - Overall: 0.6836918218085106 from scores=[0.48603723404255317, 1.0, 0.818359375, 0.64453125, 0.46953125]
11/07/2021 01:20:07 - INFO - __main__ - --------------------------------------------------
11/07/2021 01:20:07 - INFO - __main__ - Evaluating to get errors .... Timecode: 47
11/07/2021 01:20:11 - INFO - __main__ - Before Error Fixing: {'EM': 0.46875, 'QA-F1': 0.622504698519724}
11/07/2021 01:20:11 - INFO - __main__ - Found 34 errors.
11/07/2021 01:20:11 - INFO - __main__ - Start error-fixing .... Timecode: 47
11/07/2021 01:20:29 - INFO - __main__ - Start error-fixing .... Done!
11/07/2021 01:20:31 - INFO - __main__ - Overall: 0.6777374387254902 from scores=[0.48567708333333337, 0.9705882352941176, 0.818359375, 0.64453125, 0.46953125]
11/07/2021 01:20:31 - INFO - __main__ - --------------------------------------------------
11/07/2021 01:20:31 - INFO - __main__ - Evaluating to get errors .... Timecode: 48
11/07/2021 01:20:35 - INFO - __main__ - Before Error Fixing: {'EM': 0.390625, 'QA-F1': 0.4846241432178932}
11/07/2021 01:20:35 - INFO - __main__ - Found 39 errors.
11/07/2021 01:20:35 - INFO - __main__ - Start error-fixing .... Timecode: 48
11/07/2021 01:20:54 - INFO - __main__ - Start error-fixing .... Done!
11/07/2021 01:20:57 - INFO - __main__ - Overall: 0.6781036188513868 from scores=[0.4837372448979592, 0.9743589743589743, 0.818359375, 0.64453125, 0.46953125]
11/07/2021 01:20:57 - INFO - __main__ - --------------------------------------------------
11/07/2021 01:20:57 - INFO - __main__ - Evaluating to get errors .... Timecode: 49
11/07/2021 01:21:00 - INFO - __main__ - Before Error Fixing: {'EM': 0.46875, 'QA-F1': 0.534375}
11/07/2021 01:21:00 - INFO - __main__ - Found 34 errors.
11/07/2021 01:21:00 - INFO - __main__ - Start error-fixing .... Timecode: 49
11/07/2021 01:21:18 - INFO - __main__ - Start error-fixing .... Done!
11/07/2021 01:21:19 - INFO - __main__ - Overall: 0.683171875 from scores=[0.48343749999999996, 1.0, 0.818359375, 0.64453125, 0.46953125]
11/07/2021 01:21:19 - INFO - __main__ - --------------------------------------------------
11/07/2021 01:21:19 - INFO - __main__ - Start eval_knowledge_retention for UKR @ Timecode=50
11/07/2021 01:21:40 - INFO - __main__ - Upstream Knowledge Retation (UKR@50): 0.6602
11/07/2021 01:21:41 - INFO - __main__ - Start eval_knowledge_retention for OKR @ Timecode=50
11/07/2021 01:22:06 - INFO - __main__ - Online Knowledge Retation (OKR@50): 0.8223
11/07/2021 01:22:06 - INFO - __main__ - Start eval_knowledge_generalization for KG @ Timecode=50
11/07/2021 01:22:59 - INFO - __main__ - Future Knowledge Generalization (KG@50): 0.4633
11/07/2021 01:22:59 - INFO - __main__ - Evaluating to get errors .... Timecode: 50
11/07/2021 01:23:02 - INFO - __main__ - Before Error Fixing: {'EM': 0.625, 'QA-F1': 0.6557291666666667}
11/07/2021 01:23:02 - INFO - __main__ - Found 24 errors.
11/07/2021 01:23:02 - INFO - __main__ - Start error-fixing .... Timecode: 50
11/07/2021 01:23:14 - INFO - __main__ - Start error-fixing .... Done!
11/07/2021 01:23:15 - INFO - __main__ - Overall: 0.6863832720588235 from scores=[0.48621323529411764, 1.0, 0.822265625, 0.66015625, 0.46328125]
11/07/2021 01:23:17 - INFO - __main__ - Model saved to experiments/ckpt_dirs/qa/er/QA_simplecl_lr=5e-5_ep=12_T=100,b=64,alpha=0.9,beta=0.5,gamma=0.8/model_ckpt_050.pt.
11/07/2021 01:23:17 - INFO - __main__ - Updated result feule: experiments/results/qa/QA_simplecl_lr=5e-5_ep=12_T=100,b=64,alpha=0.9,beta=0.5,gamma=0.8_result.json at Timecode: 50.
11/07/2021 01:23:17 - INFO - __main__ - --------------------------------------------------
11/07/2021 01:23:17 - INFO - __main__ - Evaluating to get errors .... Timecode: 51
11/07/2021 01:23:19 - INFO - __main__ - Before Error Fixing: {'EM': 0.390625, 'QA-F1': 0.4898361354775828}
11/07/2021 01:23:19 - INFO - __main__ - Found 39 errors.
11/07/2021 01:23:20 - INFO - __main__ - Start error-fixing .... Timecode: 51
11/07/2021 01:23:39 - INFO - __main__ - Start error-fixing .... Done!
11/07/2021 01:23:41 - INFO - __main__ - Overall: 0.686015625 from scores=[0.484375, 1.0, 0.822265625, 0.66015625, 0.46328125]
11/07/2021 01:23:41 - INFO - __main__ - --------------------------------------------------
11/07/2021 01:23:41 - INFO - __main__ - Evaluating to get errors .... Timecode: 52
11/07/2021 01:23:45 - INFO - __main__ - Before Error Fixing: {'EM': 0.453125, 'QA-F1': 0.584171559914277}
11/07/2021 01:23:45 - INFO - __main__ - Found 35 errors.
11/07/2021 01:23:45 - INFO - __main__ - Start error-fixing .... Timecode: 52
11/07/2021 01:24:03 - INFO - __main__ - Start error-fixing .... Done!
11/07/2021 01:24:05 - INFO - __main__ - Overall: 0.6858977004716981 from scores=[0.4837853773584906, 1.0, 0.822265625, 0.66015625, 0.46328125]
11/07/2021 01:24:05 - INFO - __main__ - --------------------------------------------------
11/07/2021 01:24:05 - INFO - __main__ - Evaluating to get errors .... Timecode: 53
11/07/2021 01:24:09 - INFO - __main__ - Before Error Fixing: {'EM': 0.515625, 'QA-F1': 0.578587962962963}
11/07/2021 01:24:09 - INFO - __main__ - Found 31 errors.
11/07/2021 01:24:09 - INFO - __main__ - Start error-fixing .... Timecode: 53
11/07/2021 01:24:25 - INFO - __main__ - Start error-fixing .... Done!
11/07/2021 01:24:26 - INFO - __main__ - Overall: 0.6731123991935484 from scores=[0.484375, 0.9354838709677419, 0.822265625, 0.66015625, 0.46328125]
11/07/2021 01:24:26 - INFO - __main__ - --------------------------------------------------
11/07/2021 01:24:26 - INFO - __main__ - Evaluating to get errors .... Timecode: 54
11/07/2021 01:24:30 - INFO - __main__ - Before Error Fixing: {'EM': 0.515625, 'QA-F1': 0.5938244047619048}
11/07/2021 01:24:30 - INFO - __main__ - Found 31 errors.
11/07/2021 01:24:30 - INFO - __main__ - Start error-fixing .... Timecode: 54
11/07/2021 01:24:46 - INFO - __main__ - Start error-fixing .... Done!
11/07/2021 01:24:47 - INFO - __main__ - Overall: 0.6861292613636364 from scores=[0.48494318181818186, 1.0, 0.822265625, 0.66015625, 0.46328125]
11/07/2021 01:24:47 - INFO - __main__ - --------------------------------------------------
11/07/2021 01:24:47 - INFO - __main__ - Start eval_knowledge_retention for UKR @ Timecode=55
11/07/2021 01:25:10 - INFO - __main__ - Upstream Knowledge Retation (UKR@55): 0.6797
11/07/2021 01:25:11 - INFO - __main__ - Start eval_knowledge_retention for OKR @ Timecode=55
11/07/2021 01:25:42 - INFO - __main__ - Online Knowledge Retation (OKR@55): 0.7871
11/07/2021 01:25:42 - INFO - __main__ - Evaluating to get errors .... Timecode: 55
11/07/2021 01:25:45 - INFO - __main__ - Before Error Fixing: {'EM': 0.59375, 'QA-F1': 0.6567460317460317}
11/07/2021 01:25:45 - INFO - __main__ - Found 26 errors.
11/07/2021 01:25:45 - INFO - __main__ - Start error-fixing .... Timecode: 55
11/07/2021 01:25:59 - INFO - __main__ - Start error-fixing .... Done!
11/07/2021 01:26:00 - INFO - __main__ - Overall: 0.6833928571428571 from scores=[0.4868861607142857, 1.0, 0.787109375, 0.6796875, 0.46328125]
11/07/2021 01:26:00 - INFO - __main__ - --------------------------------------------------
11/07/2021 01:26:00 - INFO - __main__ - Evaluating to get errors .... Timecode: 56
11/07/2021 01:26:03 - INFO - __main__ - Before Error Fixing: {'EM': 0.484375, 'QA-F1': 0.5872395833333333}
11/07/2021 01:26:03 - INFO - __main__ - Found 33 errors.
11/07/2021 01:26:03 - INFO - __main__ - Start error-fixing .... Timecode: 56
11/07/2021 01:26:20 - INFO - __main__ - Start error-fixing .... Done!
11/07/2021 01:26:22 - INFO - __main__ - Overall: 0.6833840460526316 from scores=[0.48684210526315785, 1.0, 0.787109375, 0.6796875, 0.46328125]
11/07/2021 01:26:22 - INFO - __main__ - --------------------------------------------------
11/07/2021 01:26:22 - INFO - __main__ - Evaluating to get errors .... Timecode: 57
11/07/2021 01:26:25 - INFO - __main__ - Before Error Fixing: {'EM': 0.5, 'QA-F1': 0.5767780172413793}
11/07/2021 01:26:25 - INFO - __main__ - Found 32 errors.
11/07/2021 01:26:25 - INFO - __main__ - Start error-fixing .... Timecode: 57
11/07/2021 01:26:41 - INFO - __main__ - Start error-fixing .... Done!
11/07/2021 01:26:42 - INFO - __main__ - Overall: 0.6834294181034483 from scores=[0.4870689655172413, 1.0, 0.787109375, 0.6796875, 0.46328125]
11/07/2021 01:26:42 - INFO - __main__ - --------------------------------------------------
11/07/2021 01:26:42 - INFO - __main__ - Evaluating to get errors .... Timecode: 58
11/07/2021 01:26:45 - INFO - __main__ - Before Error Fixing: {'EM': 0.4375, 'QA-F1': 0.4927083333333333}
11/07/2021 01:26:45 - INFO - __main__ - Found 36 errors.
11/07/2021 01:26:45 - INFO - __main__ - Start error-fixing .... Timecode: 58
11/07/2021 01:27:04 - INFO - __main__ - Start error-fixing .... Done!
11/07/2021 01:27:05 - INFO - __main__ - Overall: 0.6832613877118644 from scores=[0.486228813559322, 1.0, 0.787109375, 0.6796875, 0.46328125]
11/07/2021 01:27:05 - INFO - __main__ - --------------------------------------------------
11/07/2021 01:27:05 - INFO - __main__ - Evaluating to get errors .... Timecode: 59
11/07/2021 01:27:08 - INFO - __main__ - Before Error Fixing: {'EM': 0.421875, 'QA-F1': 0.5271701388888889}
11/07/2021 01:27:08 - INFO - __main__ - Found 37 errors.
11/07/2021 01:27:08 - INFO - __main__ - Start error-fixing .... Timecode: 59
11/07/2021 01:27:27 - INFO - __main__ - Start error-fixing .... Done!
11/07/2021 01:27:29 - INFO - __main__ - Overall: 0.6722360641891891 from scores=[0.48515624999999996, 0.9459459459459459, 0.787109375, 0.6796875, 0.46328125]
11/07/2021 01:27:29 - INFO - __main__ - --------------------------------------------------
11/07/2021 01:27:29 - INFO - __main__ - Start eval_knowledge_retention for UKR @ Timecode=60
11/07/2021 01:27:50 - INFO - __main__ - Upstream Knowledge Retation (UKR@60): 0.6367
11/07/2021 01:27:51 - INFO - __main__ - Start eval_knowledge_retention for OKR @ Timecode=60
11/07/2021 01:28:18 - INFO - __main__ - Online Knowledge Retation (OKR@60): 0.8164
11/07/2021 01:28:18 - INFO - __main__ - Start eval_knowledge_generalization for KG @ Timecode=60
11/07/2021 01:29:16 - INFO - __main__ - Future Knowledge Generalization (KG@60): 0.4250
11/07/2021 01:29:16 - INFO - __main__ - Evaluating to get errors .... Timecode: 60
11/07/2021 01:29:19 - INFO - __main__ - Before Error Fixing: {'EM': 0.390625, 'QA-F1': 0.42135416666666664}
11/07/2021 01:29:19 - INFO - __main__ - Found 39 errors.
11/07/2021 01:29:19 - INFO - __main__ - Start error-fixing .... Timecode: 60
11/07/2021 01:29:39 - INFO - __main__ - Start error-fixing .... Done!
11/07/2021 01:29:41 - INFO - __main__ - Overall: 0.6672181063472047 from scores=[0.48360655737704916, 0.9743589743589743, 0.81640625, 0.63671875, 0.425]
11/07/2021 01:29:43 - INFO - __main__ - Model saved to experiments/ckpt_dirs/qa/er/QA_simplecl_lr=5e-5_ep=12_T=100,b=64,alpha=0.9,beta=0.5,gamma=0.8/model_ckpt_060.pt.
11/07/2021 01:29:43 - INFO - __main__ - Updated result feule: experiments/results/qa/QA_simplecl_lr=5e-5_ep=12_T=100,b=64,alpha=0.9,beta=0.5,gamma=0.8_result.json at Timecode: 60.
11/07/2021 01:29:43 - INFO - __main__ - --------------------------------------------------
11/07/2021 01:29:43 - INFO - __main__ - Evaluating to get errors .... Timecode: 61
11/07/2021 01:29:46 - INFO - __main__ - Before Error Fixing: {'EM': 0.640625, 'QA-F1': 0.7050223214285714}
11/07/2021 01:29:46 - INFO - __main__ - Found 23 errors.
11/07/2021 01:29:46 - INFO - __main__ - Start error-fixing .... Timecode: 61
11/07/2021 01:29:56 - INFO - __main__ - Start error-fixing .... Done!
11/07/2021 01:29:57 - INFO - __main__ - Overall: 0.6728528225806452 from scores=[0.48613911290322576, 1.0, 0.81640625, 0.63671875, 0.425]
11/07/2021 01:29:57 - INFO - __main__ - --------------------------------------------------
11/07/2021 01:29:57 - INFO - __main__ - Evaluating to get errors .... Timecode: 62
11/07/2021 01:30:00 - INFO - __main__ - Before Error Fixing: {'EM': 0.421875, 'QA-F1': 0.519828869047619}
11/07/2021 01:30:00 - INFO - __main__ - Found 37 errors.
11/07/2021 01:30:00 - INFO - __main__ - Start error-fixing .... Timecode: 62
11/07/2021 01:30:20 - INFO - __main__ - Start error-fixing .... Done!
11/07/2021 01:30:21 - INFO - __main__ - Overall: 0.6726488095238095 from scores=[0.48511904761904767, 1.0, 0.81640625, 0.63671875, 0.425]
11/07/2021 01:30:21 - INFO - __main__ - --------------------------------------------------
11/07/2021 01:30:21 - INFO - __main__ - Evaluating to get errors .... Timecode: 63
11/07/2021 01:30:24 - INFO - __main__ - Before Error Fixing: {'EM': 0.484375, 'QA-F1': 0.5692708333333334}
11/07/2021 01:30:24 - INFO - __main__ - Found 33 errors.
11/07/2021 01:30:24 - INFO - __main__ - Start error-fixing .... Timecode: 63
11/07/2021 01:30:42 - INFO - __main__ - Start error-fixing .... Done!
11/07/2021 01:30:43 - INFO - __main__ - Overall: 0.6665858783143939 from scores=[0.485107421875, 0.9696969696969697, 0.81640625, 0.63671875, 0.425]
11/07/2021 01:30:43 - INFO - __main__ - --------------------------------------------------
11/07/2021 01:30:43 - INFO - __main__ - Evaluating to get errors .... Timecode: 64
11/07/2021 01:30:46 - INFO - __main__ - Before Error Fixing: {'EM': 0.609375, 'QA-F1': 0.6583333333333334}
11/07/2021 01:30:46 - INFO - __main__ - Found 25 errors.
11/07/2021 01:30:46 - INFO - __main__ - Start error-fixing .... Timecode: 64
11/07/2021 01:31:00 - INFO - __main__ - Start error-fixing .... Done!
11/07/2021 01:31:01 - INFO - __main__ - Overall: 0.6730288461538462 from scores=[0.4870192307692308, 1.0, 0.81640625, 0.63671875, 0.425]
11/07/2021 01:31:01 - INFO - __main__ - --------------------------------------------------
11/07/2021 01:31:01 - INFO - __main__ - Start eval_knowledge_retention for UKR @ Timecode=65
11/07/2021 01:31:20 - INFO - __main__ - Upstream Knowledge Retation (UKR@65): 0.6777
11/07/2021 01:31:22 - INFO - __main__ - Start eval_knowledge_retention for OKR @ Timecode=65
11/07/2021 01:31:48 - INFO - __main__ - Online Knowledge Retation (OKR@65): 0.7988
11/07/2021 01:31:48 - INFO - __main__ - Evaluating to get errors .... Timecode: 65
11/07/2021 01:31:50 - INFO - __main__ - Before Error Fixing: {'EM': 0.609375, 'QA-F1': 0.7109375}
11/07/2021 01:31:50 - INFO - __main__ - Found 25 errors.
11/07/2021 01:31:51 - INFO - __main__ - Start error-fixing .... Timecode: 65
11/07/2021 01:32:04 - INFO - __main__ - Start error-fixing .... Done!
11/07/2021 01:32:05 - INFO - __main__ - Overall: 0.6780871212121211 from scores=[0.4888731060606061, 1.0, 0.798828125, 0.677734375, 0.425]
11/07/2021 01:32:05 - INFO - __main__ - --------------------------------------------------
11/07/2021 01:32:05 - INFO - __main__ - Evaluating to get errors .... Timecode: 66
11/07/2021 01:32:08 - INFO - __main__ - Before Error Fixing: {'EM': 0.609375, 'QA-F1': 0.6730368589743589}
11/07/2021 01:32:08 - INFO - __main__ - Found 25 errors.
11/07/2021 01:32:08 - INFO - __main__ - Start error-fixing .... Timecode: 66
11/07/2021 01:32:22 - INFO - __main__ - Start error-fixing .... Done!
11/07/2021 01:32:23 - INFO - __main__ - Overall: 0.6784468283582089 from scores=[0.4906716417910447, 1.0, 0.798828125, 0.677734375, 0.425]
11/07/2021 01:32:23 - INFO - __main__ - --------------------------------------------------
11/07/2021 01:32:23 - INFO - __main__ - Evaluating to get errors .... Timecode: 67
11/07/2021 01:32:26 - INFO - __main__ - Before Error Fixing: {'EM': 0.515625, 'QA-F1': 0.5951636904761906}
11/07/2021 01:32:26 - INFO - __main__ - Found 31 errors.
11/07/2021 01:32:26 - INFO - __main__ - Start error-fixing .... Timecode: 67
11/07/2021 01:32:40 - INFO - __main__ - Start error-fixing .... Done!
11/07/2021 01:32:42 - INFO - __main__ - Overall: 0.6785202205882352 from scores=[0.4910386029411765, 1.0, 0.798828125, 0.677734375, 0.425]
11/07/2021 01:32:42 - INFO - __main__ - --------------------------------------------------
11/07/2021 01:32:42 - INFO - __main__ - Evaluating to get errors .... Timecode: 68
11/07/2021 01:32:45 - INFO - __main__ - Before Error Fixing: {'EM': 0.46875, 'QA-F1': 0.6352201900605433}
11/07/2021 01:32:45 - INFO - __main__ - Found 34 errors.
11/07/2021 01:32:45 - INFO - __main__ - Start error-fixing .... Timecode: 68
11/07/2021 01:33:02 - INFO - __main__ - Start error-fixing .... Done!
11/07/2021 01:33:04 - INFO - __main__ - Overall: 0.6608085571184995 from scores=[0.4907155797101449, 0.9117647058823529, 0.798828125, 0.677734375, 0.425]
11/07/2021 01:33:04 - INFO - __main__ - --------------------------------------------------
11/07/2021 01:33:04 - INFO - __main__ - Evaluating to get errors .... Timecode: 69
11/07/2021 01:33:07 - INFO - __main__ - Before Error Fixing: {'EM': 0.5, 'QA-F1': 0.5983379289215687}
11/07/2021 01:33:07 - INFO - __main__ - Found 32 errors.
11/07/2021 01:33:07 - INFO - __main__ - Start error-fixing .... Timecode: 69
11/07/2021 01:33:22 - INFO - __main__ - Start error-fixing .... Done!
11/07/2021 01:33:24 - INFO - __main__ - Overall: 0.6722321428571428 from scores=[0.49084821428571423, 0.96875, 0.798828125, 0.677734375, 0.425]
11/07/2021 01:33:24 - INFO - __main__ - --------------------------------------------------
11/07/2021 01:33:24 - INFO - __main__ - Start eval_knowledge_retention for UKR @ Timecode=70
11/07/2021 01:33:48 - INFO - __main__ - Upstream Knowledge Retation (UKR@70): 0.6055
11/07/2021 01:33:49 - INFO - __main__ - Start eval_knowledge_retention for OKR @ Timecode=70
11/07/2021 01:34:16 - INFO - __main__ - Online Knowledge Retation (OKR@70): 0.7949
11/07/2021 01:34:16 - INFO - __main__ - Start eval_knowledge_generalization for KG @ Timecode=70
11/07/2021 01:35:16 - INFO - __main__ - Future Knowledge Generalization (KG@70): 0.4758
11/07/2021 01:35:16 - INFO - __main__ - Evaluating to get errors .... Timecode: 70
11/07/2021 01:35:20 - INFO - __main__ - Before Error Fixing: {'EM': 0.5625, 'QA-F1': 0.6552123552123552}
11/07/2021 01:35:20 - INFO - __main__ - Found 28 errors.
11/07/2021 01:35:20 - INFO - __main__ - Start error-fixing .... Timecode: 70
11/07/2021 01:35:34 - INFO - __main__ - Start error-fixing .... Done!
11/07/2021 01:35:36 - INFO - __main__ - Overall: 0.6664629967303822 from scores=[0.49185739436619713, 0.9642857142857143, 0.794921875, 0.60546875, 0.47578125]
11/07/2021 01:35:37 - INFO - __main__ - Model saved to experiments/ckpt_dirs/qa/er/QA_simplecl_lr=5e-5_ep=12_T=100,b=64,alpha=0.9,beta=0.5,gamma=0.8/model_ckpt_070.pt.
11/07/2021 01:35:37 - INFO - __main__ - Updated result feule: experiments/results/qa/QA_simplecl_lr=5e-5_ep=12_T=100,b=64,alpha=0.9,beta=0.5,gamma=0.8_result.json at Timecode: 70.
11/07/2021 01:35:37 - INFO - __main__ - --------------------------------------------------
11/07/2021 01:35:37 - INFO - __main__ - Evaluating to get errors .... Timecode: 71
11/07/2021 01:35:41 - INFO - __main__ - Before Error Fixing: {'EM': 0.453125, 'QA-F1': 0.49505208333333334}
11/07/2021 01:35:41 - INFO - __main__ - Found 35 errors.
11/07/2021 01:35:41 - INFO - __main__ - Start error-fixing .... Timecode: 71
11/07/2021 01:35:59 - INFO - __main__ - Start error-fixing .... Done!
11/07/2021 01:36:01 - INFO - __main__ - Overall: 0.6620696924603174 from scores=[0.4913194444444444, 0.9428571428571428, 0.794921875, 0.60546875, 0.47578125]
11/07/2021 01:36:01 - INFO - __main__ - --------------------------------------------------
11/07/2021 01:36:01 - INFO - __main__ - Evaluating to get errors .... Timecode: 72
11/07/2021 01:36:04 - INFO - __main__ - Before Error Fixing: {'EM': 0.59375, 'QA-F1': 0.6427083333333333}
11/07/2021 01:36:04 - INFO - __main__ - Found 26 errors.
11/07/2021 01:36:04 - INFO - __main__ - Start error-fixing .... Timecode: 72
11/07/2021 01:36:18 - INFO - __main__ - Start error-fixing .... Done!
11/07/2021 01:36:19 - INFO - __main__ - Overall: 0.6737788955479452 from scores=[0.492722602739726, 1.0, 0.794921875, 0.60546875, 0.47578125]
11/07/2021 01:36:19 - INFO - __main__ - --------------------------------------------------
11/07/2021 01:36:19 - INFO - __main__ - Evaluating to get errors .... Timecode: 73
11/07/2021 01:36:22 - INFO - __main__ - Before Error Fixing: {'EM': 0.453125, 'QA-F1': 0.6244380185786436}
11/07/2021 01:36:22 - INFO - __main__ - Found 35 errors.
11/07/2021 01:36:22 - INFO - __main__ - Start error-fixing .... Timecode: 73
11/07/2021 01:36:36 - INFO - __main__ - Start error-fixing .... Done!
11/07/2021 01:36:39 - INFO - __main__ - Overall: 0.6622433035714286 from scores=[0.4921875, 0.9428571428571428, 0.794921875, 0.60546875, 0.47578125]
11/07/2021 01:36:39 - INFO - __main__ - --------------------------------------------------
11/07/2021 01:36:39 - INFO - __main__ - Evaluating to get errors .... Timecode: 74
11/07/2021 01:36:42 - INFO - __main__ - Before Error Fixing: {'EM': 0.453125, 'QA-F1': 0.5213020833333333}
11/07/2021 01:36:42 - INFO - __main__ - Found 35 errors.
11/07/2021 01:36:43 - INFO - __main__ - Start error-fixing .... Timecode: 74
11/07/2021 01:37:01 - INFO - __main__ - Start error-fixing .... Done!
11/07/2021 01:37:03 - INFO - __main__ - Overall: 0.6735677083333333 from scores=[0.4916666666666667, 1.0, 0.794921875, 0.60546875, 0.47578125]
11/07/2021 01:37:03 - INFO - __main__ - --------------------------------------------------
11/07/2021 01:37:03 - INFO - __main__ - Start eval_knowledge_retention for UKR @ Timecode=75
11/07/2021 01:37:29 - INFO - __main__ - Upstream Knowledge Retation (UKR@75): 0.6094
11/07/2021 01:37:30 - INFO - __main__ - Start eval_knowledge_retention for OKR @ Timecode=75
11/07/2021 01:38:02 - INFO - __main__ - Online Knowledge Retation (OKR@75): 0.7891
11/07/2021 01:38:02 - INFO - __main__ - Evaluating to get errors .... Timecode: 75
11/07/2021 01:38:05 - INFO - __main__ - Before Error Fixing: {'EM': 0.515625, 'QA-F1': 0.5786458333333333}
11/07/2021 01:38:05 - INFO - __main__ - Found 31 errors.
11/07/2021 01:38:05 - INFO - __main__ - Start error-fixing .... Timecode: 75
11/07/2021 01:38:21 - INFO - __main__ - Start error-fixing .... Done!
11/07/2021 01:38:22 - INFO - __main__ - Overall: 0.6732401315789474 from scores=[0.49198190789473684, 1.0, 0.7890625, 0.609375, 0.47578125]
11/07/2021 01:38:22 - INFO - __main__ - --------------------------------------------------
11/07/2021 01:38:22 - INFO - __main__ - Evaluating to get errors .... Timecode: 76
11/07/2021 01:38:25 - INFO - __main__ - Before Error Fixing: {'EM': 0.390625, 'QA-F1': 0.5628314393939393}
11/07/2021 01:38:25 - INFO - __main__ - Found 39 errors.
11/07/2021 01:38:25 - INFO - __main__ - Start error-fixing .... Timecode: 76
11/07/2021 01:38:43 - INFO - __main__ - Start error-fixing .... Done!
11/07/2021 01:38:45 - INFO - __main__ - Overall: 0.6678486617549118 from scores=[0.4906655844155844, 0.9743589743589743, 0.7890625, 0.609375, 0.47578125]
11/07/2021 01:38:45 - INFO - __main__ - --------------------------------------------------
11/07/2021 01:38:45 - INFO - __main__ - Evaluating to get errors .... Timecode: 77
11/07/2021 01:38:49 - INFO - __main__ - Before Error Fixing: {'EM': 0.515625, 'QA-F1': 0.6142670048934227}
11/07/2021 01:38:49 - INFO - __main__ - Found 31 errors.
11/07/2021 01:38:49 - INFO - __main__ - Start error-fixing .... Timecode: 77
11/07/2021 01:39:02 - INFO - __main__ - Start error-fixing .... Done!
11/07/2021 01:39:04 - INFO - __main__ - Overall: 0.6730408653846153 from scores=[0.49098557692307687, 1.0, 0.7890625, 0.609375, 0.47578125]
11/07/2021 01:39:04 - INFO - __main__ - --------------------------------------------------
11/07/2021 01:39:04 - INFO - __main__ - Evaluating to get errors .... Timecode: 78
11/07/2021 01:39:09 - INFO - __main__ - Before Error Fixing: {'EM': 0.453125, 'QA-F1': 0.5453275841736596}
11/07/2021 01:39:09 - INFO - __main__ - Found 35 errors.
11/07/2021 01:39:09 - INFO - __main__ - Start error-fixing .... Timecode: 78
11/07/2021 01:39:27 - INFO - __main__ - Start error-fixing .... Done!
11/07/2021 01:39:30 - INFO - __main__ - Overall: 0.6672307301084991 from scores=[0.490506329113924, 0.9714285714285714, 0.7890625, 0.609375, 0.47578125]
11/07/2021 01:39:30 - INFO - __main__ - --------------------------------------------------
11/07/2021 01:39:30 - INFO - __main__ - Evaluating to get errors .... Timecode: 79
11/07/2021 01:39:34 - INFO - __main__ - Before Error Fixing: {'EM': 0.484375, 'QA-F1': 0.6033927699139097}
11/07/2021 01:39:34 - INFO - __main__ - Found 33 errors.
11/07/2021 01:39:34 - INFO - __main__ - Start error-fixing .... Timecode: 79
11/07/2021 01:39:49 - INFO - __main__ - Start error-fixing .... Done!
11/07/2021 01:39:51 - INFO - __main__ - Overall: 0.6668690814393938 from scores=[0.49042968750000004, 0.9696969696969697, 0.7890625, 0.609375, 0.47578125]
11/07/2021 01:39:51 - INFO - __main__ - --------------------------------------------------
11/07/2021 01:39:51 - INFO - __main__ - Start eval_knowledge_retention for UKR @ Timecode=80
11/07/2021 01:40:17 - INFO - __main__ - Upstream Knowledge Retation (UKR@80): 0.6406
11/07/2021 01:40:18 - INFO - __main__ - Start eval_knowledge_retention for OKR @ Timecode=80
11/07/2021 01:40:48 - INFO - __main__ - Online Knowledge Retation (OKR@80): 0.8066
11/07/2021 01:40:48 - INFO - __main__ - Start eval_knowledge_generalization for KG @ Timecode=80
11/07/2021 01:41:59 - INFO - __main__ - Future Knowledge Generalization (KG@80): 0.4758
11/07/2021 01:41:59 - INFO - __main__ - Evaluating to get errors .... Timecode: 80
11/07/2021 01:42:03 - INFO - __main__ - Before Error Fixing: {'EM': 0.546875, 'QA-F1': 0.6360595407881593}
11/07/2021 01:42:03 - INFO - __main__ - Found 29 errors.
11/07/2021 01:42:03 - INFO - __main__ - Start error-fixing .... Timecode: 80
11/07/2021 01:42:16 - INFO - __main__ - Start error-fixing .... Done!
11/07/2021 01:42:18 - INFO - __main__ - Overall: 0.6759381319178374 from scores=[0.4911265432098766, 0.9655172413793104, 0.806640625, 0.640625, 0.47578125]
11/07/2021 01:42:20 - INFO - __main__ - Model saved to experiments/ckpt_dirs/qa/er/QA_simplecl_lr=5e-5_ep=12_T=100,b=64,alpha=0.9,beta=0.5,gamma=0.8/model_ckpt_080.pt.
11/07/2021 01:42:20 - INFO - __main__ - Updated result feule: experiments/results/qa/QA_simplecl_lr=5e-5_ep=12_T=100,b=64,alpha=0.9,beta=0.5,gamma=0.8_result.json at Timecode: 80.
11/07/2021 01:42:20 - INFO - __main__ - --------------------------------------------------
11/07/2021 01:42:20 - INFO - __main__ - Evaluating to get errors .... Timecode: 81
11/07/2021 01:42:24 - INFO - __main__ - Before Error Fixing: {'EM': 0.4375, 'QA-F1': 0.5883565938758953}
11/07/2021 01:42:24 - INFO - __main__ - Found 36 errors.
11/07/2021 01:42:24 - INFO - __main__ - Start error-fixing .... Timecode: 81
11/07/2021 01:42:43 - INFO - __main__ - Start error-fixing .... Done!
11/07/2021 01:42:45 - INFO - __main__ - Overall: 0.6771483316395663 from scores=[0.49047256097560976, 0.9722222222222222, 0.806640625, 0.640625, 0.47578125]
11/07/2021 01:42:45 - INFO - __main__ - --------------------------------------------------
11/07/2021 01:42:45 - INFO - __main__ - Evaluating to get errors .... Timecode: 82
11/07/2021 01:42:49 - INFO - __main__ - Before Error Fixing: {'EM': 0.65625, 'QA-F1': 0.7318466970121382}
11/07/2021 01:42:49 - INFO - __main__ - Found 22 errors.
11/07/2021 01:42:49 - INFO - __main__ - Start error-fixing .... Timecode: 82
11/07/2021 01:43:00 - INFO - __main__ - Start error-fixing .... Done!
11/07/2021 01:43:01 - INFO - __main__ - Overall: 0.6831033509036144 from scores=[0.4924698795180723, 1.0, 0.806640625, 0.640625, 0.47578125]
11/07/2021 01:43:01 - INFO - __main__ - --------------------------------------------------
11/07/2021 01:43:01 - INFO - __main__ - Evaluating to get errors .... Timecode: 83
11/07/2021 01:43:05 - INFO - __main__ - Before Error Fixing: {'EM': 0.453125, 'QA-F1': 0.5658110119047619}
11/07/2021 01:43:05 - INFO - __main__ - Found 35 errors.
11/07/2021 01:43:05 - INFO - __main__ - Start error-fixing .... Timecode: 83
11/07/2021 01:43:20 - INFO - __main__ - Start error-fixing .... Done!
11/07/2021 01:43:22 - INFO - __main__ - Overall: 0.6772953869047619 from scores=[0.49200148809523814, 0.9714285714285714, 0.806640625, 0.640625, 0.47578125]
11/07/2021 01:43:22 - INFO - __main__ - --------------------------------------------------
11/07/2021 01:43:22 - INFO - __main__ - Evaluating to get errors .... Timecode: 84
11/07/2021 01:43:26 - INFO - __main__ - Before Error Fixing: {'EM': 0.390625, 'QA-F1': 0.5400681666897529}
11/07/2021 01:43:26 - INFO - __main__ - Found 39 errors.
11/07/2021 01:43:26 - INFO - __main__ - Start error-fixing .... Timecode: 84
11/07/2021 01:43:44 - INFO - __main__ - Start error-fixing .... Done!
11/07/2021 01:43:46 - INFO - __main__ - Overall: 0.667386524321267 from scores=[0.4908088235294118, 0.9230769230769231, 0.806640625, 0.640625, 0.47578125]
11/07/2021 01:43:46 - INFO - __main__ - --------------------------------------------------
11/07/2021 01:43:46 - INFO - __main__ - Start eval_knowledge_retention for UKR @ Timecode=85
11/07/2021 01:44:11 - INFO - __main__ - Upstream Knowledge Retation (UKR@85): 0.5996
11/07/2021 01:44:12 - INFO - __main__ - Start eval_knowledge_retention for OKR @ Timecode=85
11/07/2021 01:44:44 - INFO - __main__ - Online Knowledge Retation (OKR@85): 0.8164
11/07/2021 01:44:44 - INFO - __main__ - Evaluating to get errors .... Timecode: 85
11/07/2021 01:44:47 - INFO - __main__ - Before Error Fixing: {'EM': 0.453125, 'QA-F1': 0.5793859649122808}
11/07/2021 01:44:47 - INFO - __main__ - Found 35 errors.
11/07/2021 01:44:47 - INFO - __main__ - Start error-fixing .... Timecode: 85
11/07/2021 01:45:06 - INFO - __main__ - Start error-fixing .... Done!
11/07/2021 01:45:08 - INFO - __main__ - Overall: 0.6764335029069767 from scores=[0.4903706395348837, 1.0, 0.81640625, 0.599609375, 0.47578125]
11/07/2021 01:45:08 - INFO - __main__ - --------------------------------------------------
11/07/2021 01:45:08 - INFO - __main__ - Evaluating to get errors .... Timecode: 86
11/07/2021 01:45:12 - INFO - __main__ - Before Error Fixing: {'EM': 0.359375, 'QA-F1': 0.5015669430651049}
11/07/2021 01:45:12 - INFO - __main__ - Found 41 errors.
11/07/2021 01:45:13 - INFO - __main__ - Start error-fixing .... Timecode: 86
11/07/2021 01:45:34 - INFO - __main__ - Start error-fixing .... Done!
11/07/2021 01:45:36 - INFO - __main__ - Overall: 0.676132363505747 from scores=[0.4888649425287356, 1.0, 0.81640625, 0.599609375, 0.47578125]
11/07/2021 01:45:36 - INFO - __main__ - --------------------------------------------------
11/07/2021 01:45:36 - INFO - __main__ - Evaluating to get errors .... Timecode: 87
11/07/2021 01:45:40 - INFO - __main__ - Before Error Fixing: {'EM': 0.53125, 'QA-F1': 0.6436598306664096}
11/07/2021 01:45:40 - INFO - __main__ - Found 30 errors.
11/07/2021 01:45:40 - INFO - __main__ - Start error-fixing .... Timecode: 87
11/07/2021 01:45:56 - INFO - __main__ - Start error-fixing .... Done!
11/07/2021 01:45:57 - INFO - __main__ - Overall: 0.6762286931818181 from scores=[0.48934659090909094, 1.0, 0.81640625, 0.599609375, 0.47578125]
11/07/2021 01:45:57 - INFO - __main__ - --------------------------------------------------
11/07/2021 01:45:57 - INFO - __main__ - Evaluating to get errors .... Timecode: 88
11/07/2021 01:46:02 - INFO - __main__ - Before Error Fixing: {'EM': 0.46875, 'QA-F1': 0.5416136709314692}
11/07/2021 01:46:02 - INFO - __main__ - Found 34 errors.
11/07/2021 01:46:02 - INFO - __main__ - Start error-fixing .... Timecode: 88
11/07/2021 01:46:20 - INFO - __main__ - Start error-fixing .... Done!
11/07/2021 01:46:22 - INFO - __main__ - Overall: 0.6703000557666886 from scores=[0.4891151685393258, 0.9705882352941176, 0.81640625, 0.599609375, 0.47578125]
11/07/2021 01:46:22 - INFO - __main__ - --------------------------------------------------
11/07/2021 01:46:22 - INFO - __main__ - Evaluating to get errors .... Timecode: 89
11/07/2021 01:46:26 - INFO - __main__ - Before Error Fixing: {'EM': 0.453125, 'QA-F1': 0.5790456567242281}
11/07/2021 01:46:26 - INFO - __main__ - Found 35 errors.
11/07/2021 01:46:26 - INFO - __main__ - Start error-fixing .... Timecode: 89
11/07/2021 01:46:43 - INFO - __main__ - Start error-fixing .... Done!
11/07/2021 01:46:46 - INFO - __main__ - Overall: 0.6703881448412699 from scores=[0.4887152777777778, 0.9714285714285714, 0.81640625, 0.599609375, 0.47578125]
11/07/2021 01:46:46 - INFO - __main__ - --------------------------------------------------
11/07/2021 01:46:46 - INFO - __main__ - Start eval_knowledge_retention for UKR @ Timecode=90
11/07/2021 01:47:13 - INFO - __main__ - Upstream Knowledge Retation (UKR@90): 0.6289
11/07/2021 01:47:14 - INFO - __main__ - Start eval_knowledge_retention for OKR @ Timecode=90
11/07/2021 01:47:48 - INFO - __main__ - Online Knowledge Retation (OKR@90): 0.7988
11/07/2021 01:47:48 - INFO - __main__ - Start eval_knowledge_generalization for KG @ Timecode=90
11/07/2021 01:48:58 - INFO - __main__ - Future Knowledge Generalization (KG@90): 0.4695
11/07/2021 01:48:58 - INFO - __main__ - Evaluating to get errors .... Timecode: 90
11/07/2021 01:49:03 - INFO - __main__ - Before Error Fixing: {'EM': 0.65625, 'QA-F1': 0.7352058313872489}
11/07/2021 01:49:03 - INFO - __main__ - Found 22 errors.
11/07/2021 01:49:03 - INFO - __main__ - Start error-fixing .... Timecode: 90
11/07/2021 01:49:14 - INFO - __main__ - Start error-fixing .... Done!
11/07/2021 01:49:16 - INFO - __main__ - Overall: 0.6502916614635365 from scores=[0.49055631868131866, 0.8636363636363636, 0.798828125, 0.62890625, 0.46953125]
11/07/2021 01:49:18 - INFO - __main__ - Model saved to experiments/ckpt_dirs/qa/er/QA_simplecl_lr=5e-5_ep=12_T=100,b=64,alpha=0.9,beta=0.5,gamma=0.8/model_ckpt_090.pt.
11/07/2021 01:49:18 - INFO - __main__ - Updated result feule: experiments/results/qa/QA_simplecl_lr=5e-5_ep=12_T=100,b=64,alpha=0.9,beta=0.5,gamma=0.8_result.json at Timecode: 90.
11/07/2021 01:49:18 - INFO - __main__ - --------------------------------------------------
11/07/2021 01:49:18 - INFO - __main__ - Evaluating to get errors .... Timecode: 91
11/07/2021 01:49:22 - INFO - __main__ - Before Error Fixing: {'EM': 0.59375, 'QA-F1': 0.645912910618793}
11/07/2021 01:49:22 - INFO - __main__ - Found 26 errors.
11/07/2021 01:49:22 - INFO - __main__ - Start error-fixing .... Timecode: 91
11/07/2021 01:49:33 - INFO - __main__ - Start error-fixing .... Done!
11/07/2021 01:49:35 - INFO - __main__ - Overall: 0.6624041074414716 from scores=[0.4916779891304348, 0.9230769230769231, 0.798828125, 0.62890625, 0.46953125]
11/07/2021 01:49:35 - INFO - __main__ - --------------------------------------------------
11/07/2021 01:49:35 - INFO - __main__ - Evaluating to get errors .... Timecode: 92
11/07/2021 01:49:38 - INFO - __main__ - Before Error Fixing: {'EM': 0.53125, 'QA-F1': 0.640602453102453}
11/07/2021 01:49:38 - INFO - __main__ - Found 30 errors.
11/07/2021 01:49:38 - INFO - __main__ - Start error-fixing .... Timecode: 92
11/07/2021 01:49:54 - INFO - __main__ - Start error-fixing .... Done!
11/07/2021 01:49:55 - INFO - __main__ - Overall: 0.6778738239247313 from scores=[0.4921034946236559, 1.0, 0.798828125, 0.62890625, 0.46953125]
11/07/2021 01:49:55 - INFO - __main__ - --------------------------------------------------
11/07/2021 01:49:55 - INFO - __main__ - Evaluating to get errors .... Timecode: 93
11/07/2021 01:49:59 - INFO - __main__ - Before Error Fixing: {'EM': 0.59375, 'QA-F1': 0.6791382177871148}
11/07/2021 01:49:59 - INFO - __main__ - Found 26 errors.
11/07/2021 01:49:59 - INFO - __main__ - Start error-fixing .... Timecode: 93
11/07/2021 01:50:12 - INFO - __main__ - Start error-fixing .... Done!
11/07/2021 01:50:13 - INFO - __main__ - Overall: 0.6780900930851065 from scores=[0.4931848404255319, 1.0, 0.798828125, 0.62890625, 0.46953125]
11/07/2021 01:50:13 - INFO - __main__ - --------------------------------------------------
11/07/2021 01:50:13 - INFO - __main__ - Evaluating to get errors .... Timecode: 94
11/07/2021 01:50:17 - INFO - __main__ - Before Error Fixing: {'EM': 0.65625, 'QA-F1': 0.7229166666666667}
11/07/2021 01:50:17 - INFO - __main__ - Found 22 errors.
11/07/2021 01:50:17 - INFO - __main__ - Start error-fixing .... Timecode: 94
11/07/2021 01:50:28 - INFO - __main__ - Start error-fixing .... Done!
11/07/2021 01:50:29 - INFO - __main__ - Overall: 0.6784333881578948 from scores=[0.4949013157894737, 1.0, 0.798828125, 0.62890625, 0.46953125]
11/07/2021 01:50:29 - INFO - __main__ - --------------------------------------------------
11/07/2021 01:50:29 - INFO - __main__ - Start eval_knowledge_retention for UKR @ Timecode=95
11/07/2021 01:50:50 - INFO - __main__ - Upstream Knowledge Retation (UKR@95): 0.6543
11/07/2021 01:50:52 - INFO - __main__ - Start eval_knowledge_retention for OKR @ Timecode=95
11/07/2021 01:51:18 - INFO - __main__ - Online Knowledge Retation (OKR@95): 0.8223
11/07/2021 01:51:18 - INFO - __main__ - Evaluating to get errors .... Timecode: 95
11/07/2021 01:51:21 - INFO - __main__ - Before Error Fixing: {'EM': 0.5625, 'QA-F1': 0.5965909090909091}
11/07/2021 01:51:21 - INFO - __main__ - Found 28 errors.
11/07/2021 01:51:21 - INFO - __main__ - Start error-fixing .... Timecode: 95
11/07/2021 01:51:35 - INFO - __main__ - Start error-fixing .... Done!
11/07/2021 01:51:37 - INFO - __main__ - Overall: 0.68833984375 from scores=[0.49560546875, 1.0, 0.822265625, 0.654296875, 0.46953125]
11/07/2021 01:51:37 - INFO - __main__ - --------------------------------------------------
11/07/2021 01:51:37 - INFO - __main__ - Evaluating to get errors .... Timecode: 96
11/07/2021 01:51:39 - INFO - __main__ - Before Error Fixing: {'EM': 0.65625, 'QA-F1': 0.6640625}
11/07/2021 01:51:39 - INFO - __main__ - Found 22 errors.
11/07/2021 01:51:39 - INFO - __main__ - Start error-fixing .... Timecode: 96
11/07/2021 01:51:51 - INFO - __main__ - Start error-fixing .... Done!
11/07/2021 01:51:52 - INFO - __main__ - Overall: 0.6886710695876289 from scores=[0.4972615979381443, 1.0, 0.822265625, 0.654296875, 0.46953125]
11/07/2021 01:51:52 - INFO - __main__ - --------------------------------------------------
11/07/2021 01:51:52 - INFO - __main__ - Evaluating to get errors .... Timecode: 97
11/07/2021 01:51:56 - INFO - __main__ - Before Error Fixing: {'EM': 0.53125, 'QA-F1': 0.6432868867243867}
11/07/2021 01:51:56 - INFO - __main__ - Found 30 errors.
11/07/2021 01:51:56 - INFO - __main__ - Start error-fixing .... Timecode: 97
11/07/2021 01:52:10 - INFO - __main__ - Start error-fixing .... Done!
11/07/2021 01:52:13 - INFO - __main__ - Overall: 0.6620737670068028 from scores=[0.4976084183673469, 0.8666666666666667, 0.822265625, 0.654296875, 0.46953125]
11/07/2021 01:52:13 - INFO - __main__ - --------------------------------------------------
11/07/2021 01:52:13 - INFO - __main__ - Evaluating to get errors .... Timecode: 98
11/07/2021 01:52:18 - INFO - __main__ - Before Error Fixing: {'EM': 0.515625, 'QA-F1': 0.6422609508547008}
11/07/2021 01:52:18 - INFO - __main__ - Found 31 errors.
11/07/2021 01:52:18 - INFO - __main__ - Start error-fixing .... Timecode: 98
11/07/2021 01:52:34 - INFO - __main__ - Start error-fixing .... Done!
11/07/2021 01:52:36 - INFO - __main__ - Overall: 0.6887768308080808 from scores=[0.4977904040404041, 1.0, 0.822265625, 0.654296875, 0.46953125]
11/07/2021 01:52:36 - INFO - __main__ - --------------------------------------------------
11/07/2021 01:52:36 - INFO - __main__ - Start eval_knowledge_retention for UKR @ Timecode=99
11/07/2021 01:53:05 - INFO - __main__ - Upstream Knowledge Retation (UKR@99): 0.6543
11/07/2021 01:53:06 - INFO - __main__ - Start eval_knowledge_retention for OKR @ Timecode=99
11/07/2021 01:53:44 - INFO - __main__ - Online Knowledge Retation (OKR@99): 0.8223
11/07/2021 01:53:44 - INFO - __main__ - Start eval_knowledge_generalization for KG @ Timecode=99
11/07/2021 01:55:03 - INFO - __main__ - Future Knowledge Generalization (KG@99): 0.4633
11/07/2021 01:55:03 - INFO - __main__ - Evaluating to get errors .... Timecode: 99
11/07/2021 01:55:08 - INFO - __main__ - Before Error Fixing: {'EM': 0.59375, 'QA-F1': 0.6829055948402021}
11/07/2021 01:55:08 - INFO - __main__ - Found 26 errors.
11/07/2021 01:55:08 - INFO - __main__ - Start error-fixing .... Timecode: 99
11/07/2021 01:55:17 - INFO - __main__ - Start error-fixing .... Done!
11/07/2021 01:55:19 - INFO - __main__ - Overall: 0.68771875 from scores=[0.49875, 1.0, 0.822265625, 0.654296875, 0.46328125]
11/07/2021 01:55:19 - INFO - __main__ - --------------------------------------------------
11/07/2021 01:55:19 - INFO - __main__ - Start the final evaluation.
11/07/2021 01:55:19 - INFO - __main__ - Nothing here.
11/07/2021 01:55:20 - INFO - __main__ - Model saved to experiments/ckpt_dirs/qa/er/QA_simplecl_lr=5e-5_ep=12_T=100,b=64,alpha=0.9,beta=0.5,gamma=0.8/model_ckpt_100.pt.
11/07/2021 01:55:20 - INFO - __main__ - Updated result feule: experiments/results/qa/QA_simplecl_lr=5e-5_ep=12_T=100,b=64,alpha=0.9,beta=0.5,gamma=0.8_result.json at Timecode: 100.
11/07/2021 01:55:20 - INFO - __main__ - Finished. Results saved to experiments/results/qa/QA_simplecl_lr=5e-5_ep=12_T=100,b=64,alpha=0.9,beta=0.5,gamma=0.8_result.json
