11/13/2021 13:31:25 - INFO - __main__ - Namespace(adam_epsilon=1e-08, adapter_dim=32, append_another_bos=1, base_model_path='out/mrqa_squad_bart-base_1029_upstream_model//best-model.pt', base_model_type='facebook/bart-base', ckpt_dir='experiments/ckpt_dirs/qa/er/qa_simplecl_lr=3e-5_ep=10_l2w=0_T=100,b=64,alpha=0.1,beta=0.5,gamma=0.8', cl_method_name='simple_cl', current_thread_id=None, diff_loss_weight=0.0, do_lowercase=False, ewc_gamma=1, ewc_lambda=0.5, example_encoder_name='roberta-base', freeze_embeds=False, gradient_accumulation_steps=1, heldout_submission_data='experiments/eval_data/qa/heldout_eval.jsonl', index_rank_method='most_similar', indexing_args_path='exp_results/supervision_data/1012_dm_simple.train_args.json', indexing_method='bart_index', inference_query_size=1, init_memory_cache_path='bug_data/memory_key_cache.pkl', kg_eval_freq=10, kg_eval_mode='metric', kr_eval_freq=10, kr_eval_mode='metric', learning_rate=3e-05, local_adapt_lr=1e-05, max_grad_norm=0.1, max_input_length=888, max_output_length=50, max_timecode=100, memory_key_encoder='facebook/bart-base', memory_path='', memory_store_rate=1.0, mir_abalation_args='none', num_adapt_epochs=1, num_beams=3, num_threads_eval=0, num_train_epochs=10.0, offline_retrain_upstream=False, okr_sample_seed=1337, okr_sample_size=512, path_to_thread_result=None, predict_batch_size=48, prefix='qa_simplecl_lr=3e-5_ep=10_l2w=0_T=100,b=64,alpha=0.1,beta=0.5,gamma=0.8', replay_candidate_size=8, replay_frequency=1, replay_size=8, result_file='experiments/results/qa/qa_simplecl_lr=3e-5_ep=10_l2w=0_T=100,b=64,alpha=0.1,beta=0.5,gamma=0.8_result.json', save_ckpt_freq=10, seed=42, skip_instant_eval=False, submission_stream_data='experiments/eval_data/qa/submission_stream.T=100,b=64,alpha=0.1,beta=0.5,gamma=0.8.json', task_emb_dim=768, task_name='mrqa', train_batch_size=8, upstream_data_path='data/mrqa_squad/mrqa_squad_train.jsonl', upstream_eval_data='experiments/eval_data/qa/upstream_eval.jsonl', upstream_sample_ratio=-1, use_mir=False, use_replay_mix=False, use_wandb=True, weight_decay=0.01)
11/13/2021 13:31:25 - INFO - transformers.tokenization_utils - loading file https://s3.amazonaws.com/models.huggingface.co/bert/roberta-large-vocab.json from cache at /private/home/yuchenlin/.cache/torch/transformers/1ae1f5b6e2b22b25ccc04c000bb79ca847aa226d0761536b011cf7e5868f0655.ef00af9e673c7160b4d41cfda1f48c5f4cba57d5142754525572a846a1ab1b9b
11/13/2021 13:31:25 - INFO - transformers.tokenization_utils - loading file https://s3.amazonaws.com/models.huggingface.co/bert/roberta-large-merges.txt from cache at /private/home/yuchenlin/.cache/torch/transformers/f8f83199a6270d582d6245dc100e99c4155de81c9745c6248077018fe01abcfb.70bec105b4158ed9a1747fea67a43f5dee97855c64d62b6ec3742f4cfdb5feda
11/13/2021 13:32:36 - INFO - __main__ - Namespace(adam_epsilon=1e-08, adapter_dim=32, append_another_bos=1, base_model_path='out/mrqa_squad_bart-base_1029_upstream_model//best-model.pt', base_model_type='facebook/bart-base', ckpt_dir='experiments/ckpt_dirs/qa/er/qa_simplecl_lr=3e-5_ep=10_l2w=0_T=100,b=64,alpha=0.1,beta=0.5,gamma=0.8', cl_method_name='simple_cl', current_thread_id=None, diff_loss_weight=0.0, do_lowercase=False, ewc_gamma=1, ewc_lambda=0.5, example_encoder_name='roberta-base', freeze_embeds=False, gradient_accumulation_steps=1, heldout_submission_data='experiments/eval_data/qa/heldout_eval.jsonl', index_rank_method='most_similar', indexing_args_path='exp_results/supervision_data/1012_dm_simple.train_args.json', indexing_method='bart_index', inference_query_size=1, init_memory_cache_path='bug_data/memory_key_cache.pkl', kg_eval_freq=10, kg_eval_mode='metric', kr_eval_freq=10, kr_eval_mode='metric', learning_rate=3e-05, local_adapt_lr=1e-05, max_grad_norm=0.1, max_input_length=888, max_output_length=50, max_timecode=100, memory_key_encoder='facebook/bart-base', memory_path='', memory_store_rate=1.0, mir_abalation_args='none', num_adapt_epochs=1, num_beams=3, num_threads_eval=0, num_train_epochs=10.0, offline_retrain_upstream=False, okr_sample_seed=1337, okr_sample_size=512, path_to_thread_result=None, predict_batch_size=48, prefix='qa_simplecl_lr=3e-5_ep=10_l2w=0_T=100,b=64,alpha=0.1,beta=0.5,gamma=0.8', replay_candidate_size=8, replay_frequency=1, replay_size=8, result_file='experiments/results/qa/qa_simplecl_lr=3e-5_ep=10_l2w=0_T=100,b=64,alpha=0.1,beta=0.5,gamma=0.8_result.json', save_ckpt_freq=10, seed=42, skip_instant_eval=False, submission_stream_data='experiments/eval_data/qa/submission_stream.T=100,b=64,alpha=0.1,beta=0.5,gamma=0.8.json', task_emb_dim=768, task_name='mrqa', train_batch_size=8, upstream_data_path='data/mrqa_squad/mrqa_squad_train.jsonl', upstream_eval_data='experiments/eval_data/qa/upstream_eval.jsonl', upstream_sample_ratio=-1, use_mir=False, use_replay_mix=False, use_wandb=True, weight_decay=0.01)
11/13/2021 13:32:37 - INFO - transformers.tokenization_utils - loading file https://s3.amazonaws.com/models.huggingface.co/bert/roberta-large-vocab.json from cache at /private/home/yuchenlin/.cache/torch/transformers/1ae1f5b6e2b22b25ccc04c000bb79ca847aa226d0761536b011cf7e5868f0655.ef00af9e673c7160b4d41cfda1f48c5f4cba57d5142754525572a846a1ab1b9b
11/13/2021 13:32:37 - INFO - transformers.tokenization_utils - loading file https://s3.amazonaws.com/models.huggingface.co/bert/roberta-large-merges.txt from cache at /private/home/yuchenlin/.cache/torch/transformers/f8f83199a6270d582d6245dc100e99c4155de81c9745c6248077018fe01abcfb.70bec105b4158ed9a1747fea67a43f5dee97855c64d62b6ec3742f4cfdb5feda
11/13/2021 13:33:01 - INFO - __main__ - load_data: len(upstream_eval_examples)=512
11/13/2021 13:33:02 - INFO - __main__ - load_data: len(heldout_eval_examples)=1280
11/13/2021 13:33:06 - INFO - __main__ - Loading checkpoint from out/mrqa_squad_bart-base_1029_upstream_model//best-model.pt for facebook/bart-base .....
11/13/2021 13:33:07 - INFO - transformers.configuration_utils - loading configuration file https://s3.amazonaws.com/models.huggingface.co/bert/facebook/bart-base/config.json from cache at /private/home/yuchenlin/.cache/torch/transformers/09f4fcaeaf785dd3b97b085d6e3510c7081f586ec8e75981683c6299c0f81d9d.e8d516ad807436d395effad8c2326786872659b7dd1210827ac67c761198a0eb
11/13/2021 13:33:07 - INFO - transformers.configuration_utils - Model config BartConfig {
  "activation_dropout": 0.1,
  "activation_function": "gelu",
  "add_bias_logits": false,
  "add_final_layer_norm": false,
  "architectures": [
    "BartModel",
    "BartForConditionalGeneration",
    "BartForSequenceClassification"
  ],
  "attention_dropout": 0.1,
  "bos_token_id": 0,
  "classif_dropout": 0.0,
  "d_model": 768,
  "decoder_attention_heads": 12,
  "decoder_ffn_dim": 3072,
  "decoder_layerdrop": 0.0,
  "decoder_layers": 6,
  "decoder_start_token_id": 2,
  "dropout": 0.1,
  "early_stopping": true,
  "encoder_attention_heads": 12,
  "encoder_ffn_dim": 3072,
  "encoder_layerdrop": 0.0,
  "encoder_layers": 6,
  "eos_token_id": 2,
  "id2label": {
    "0": "LABEL_0",
    "1": "LABEL_1",
    "2": "LABEL_2"
  },
  "init_std": 0.02,
  "is_encoder_decoder": true,
  "label2id": {
    "LABEL_0": 0,
    "LABEL_1": 1,
    "LABEL_2": 2
  },
  "max_position_embeddings": 1024,
  "model_type": "bart",
  "no_repeat_ngram_size": 3,
  "normalize_before": false,
  "normalize_embedding": true,
  "num_beams": 4,
  "num_hidden_layers": 6,
  "pad_token_id": 1,
  "scale_embedding": false,
  "static_position_embeddings": false,
  "task_specific_params": {
    "summarization": {
      "length_penalty": 1.0,
      "max_length": 128,
      "min_length": 12,
      "num_beams": 4
    },
    "summarization_cnn": {
      "length_penalty": 2.0,
      "max_length": 142,
      "min_length": 56,
      "num_beams": 4
    },
    "summarization_xsum": {
      "length_penalty": 1.0,
      "max_length": 62,
      "min_length": 11,
      "num_beams": 6
    }
  },
  "vocab_size": 50265
}

11/13/2021 13:33:07 - INFO - transformers.modeling_utils - loading weights file https://cdn.huggingface.co/facebook/bart-base/pytorch_model.bin from cache at /private/home/yuchenlin/.cache/torch/transformers/566c05fb6983817e8ad7a4fa51e3099fe9caa3b31730f964bc5198d71c677523.0a3d95c18c1e434448941bc25accea7b122882be6526fb67c8e8fb6d5ebc711c
11/13/2021 13:33:11 - INFO - __main__ - Loading checkpoint from out/mrqa_squad_bart-base_1029_upstream_model//best-model.pt for facebook/bart-base ..... Done!
11/13/2021 13:33:15 - INFO - __main__ - Moving to the GPUs.
11/13/2021 13:33:15 - INFO - __main__ - Debugger Setup ......
11/13/2021 13:33:15 - INFO - __main__ - debugger_args: Namespace(adam_epsilon=1e-08, ckpt_dir='experiments/ckpt_dirs/qa/er/qa_simplecl_lr=3e-5_ep=10_l2w=0_T=100,b=64,alpha=0.1,beta=0.5,gamma=0.8', diff_loss_weight=0.0, gradient_accumulation_steps=1, kg_eval_freq=10, kg_eval_mode='metric', kr_eval_freq=10, kr_eval_mode='metric', learning_rate=3e-05, max_grad_norm=0.1, num_epochs=10.0, okr_sample_seed=1337, okr_sample_size=512, save_ckpt_freq=10, skip_instant_eval=False, total_steps=10000, warmup_steps=0, weight_decay=0.01) ......
11/13/2021 13:33:15 - INFO - __main__ - optimizer & scheduler Setup ...... Done!
11/13/2021 13:33:15 - INFO - __main__ - Debugger Setup ...... Done!
11/13/2021 13:33:15 - INFO - __main__ - Start Online Debugging with Dynamic Error Mode
11/13/2021 13:33:15 - INFO - __main__ - Number of Batches of Data: 100
11/13/2021 13:33:15 - INFO - __main__ - Data Batch Size: 64;
11/13/2021 13:33:17 - INFO - __main__ - Model saved to experiments/ckpt_dirs/qa/er/qa_simplecl_lr=3e-5_ep=10_l2w=0_T=100,b=64,alpha=0.1,beta=0.5,gamma=0.8/model_ckpt_000.pt.
11/13/2021 13:33:17 - INFO - __main__ - Start eval_knowledge_retention for UKR @ Timecode=0
11/13/2021 13:33:41 - INFO - __main__ - Upstream Knowledge Retation (UKR@0): 0.8027
11/13/2021 13:33:41 - INFO - __main__ - Start eval_knowledge_generalization for KG @ Timecode=0
11/13/2021 13:35:16 - INFO - __main__ - Future Knowledge Generalization (KG@0): 0.3125
11/13/2021 13:35:16 - INFO - __main__ - Evaluating to get errors .... Timecode: 0
11/13/2021 13:35:20 - INFO - __main__ - Before Error Fixing: {'EM': 0.90625, 'QA-F1': 0.9189338235294118}
11/13/2021 13:35:20 - INFO - __main__ - Found 6 errors.
11/13/2021 13:35:20 - INFO - __main__ - Start error-fixing .... Timecode: 0
11/13/2021 13:35:21 - INFO - __main__ - Start error-fixing .... Done!
11/13/2021 13:35:22 - INFO - __main__ - EFR=1.0
11/13/2021 13:35:22 - INFO - __main__ - Overall: 0.953125 from scores=[0.90625, 1.0]
11/13/2021 13:35:24 - INFO - __main__ - Model saved to experiments/ckpt_dirs/qa/er/qa_simplecl_lr=3e-5_ep=10_l2w=0_T=100,b=64,alpha=0.1,beta=0.5,gamma=0.8/model_ckpt_000.pt.
11/13/2021 13:35:24 - INFO - __main__ - Updated result feule: experiments/results/qa/qa_simplecl_lr=3e-5_ep=10_l2w=0_T=100,b=64,alpha=0.1,beta=0.5,gamma=0.8_result.json at Timecode: 0.
11/13/2021 13:35:24 - INFO - __main__ - --------------------------------------------------
11/13/2021 13:35:24 - INFO - __main__ - Evaluating to get errors .... Timecode: 1
11/13/2021 13:35:29 - INFO - __main__ - Before Error Fixing: {'EM': 0.34375, 'QA-F1': 0.4559287094484462}
11/13/2021 13:35:29 - INFO - __main__ - Found 42 errors.
11/13/2021 13:35:29 - INFO - __main__ - Start error-fixing .... Timecode: 1
11/13/2021 13:35:47 - INFO - __main__ - Start error-fixing .... Done!
11/13/2021 13:35:49 - INFO - __main__ - EFR=0.9285714285714286
11/13/2021 13:35:49 - INFO - __main__ - Overall: 0.7767857142857143 from scores=[0.625, 0.9285714285714286]
11/13/2021 13:35:49 - INFO - __main__ - --------------------------------------------------
11/13/2021 13:35:49 - INFO - __main__ - Evaluating to get errors .... Timecode: 2
11/13/2021 13:35:52 - INFO - __main__ - Before Error Fixing: {'EM': 0.46875, 'QA-F1': 0.5424727182539683}
11/13/2021 13:35:52 - INFO - __main__ - Found 34 errors.
11/13/2021 13:35:52 - INFO - __main__ - Start error-fixing .... Timecode: 2
11/13/2021 13:36:06 - INFO - __main__ - Start error-fixing .... Done!
11/13/2021 13:36:08 - INFO - __main__ - EFR=1.0
11/13/2021 13:36:08 - INFO - __main__ - Overall: 0.7864583333333334 from scores=[0.5729166666666667, 1.0]
11/13/2021 13:36:08 - INFO - __main__ - --------------------------------------------------
11/13/2021 13:36:08 - INFO - __main__ - Evaluating to get errors .... Timecode: 3
11/13/2021 13:36:12 - INFO - __main__ - Before Error Fixing: {'EM': 0.265625, 'QA-F1': 0.29407051282051283}
11/13/2021 13:36:12 - INFO - __main__ - Found 47 errors.
11/13/2021 13:36:13 - INFO - __main__ - Start error-fixing .... Timecode: 3
11/13/2021 13:36:33 - INFO - __main__ - Start error-fixing .... Done!
11/13/2021 13:36:35 - INFO - __main__ - EFR=1.0
11/13/2021 13:36:35 - INFO - __main__ - Overall: 0.748046875 from scores=[0.49609375, 1.0]
11/13/2021 13:36:35 - INFO - __main__ - --------------------------------------------------
11/13/2021 13:36:35 - INFO - __main__ - Evaluating to get errors .... Timecode: 4
11/13/2021 13:36:38 - INFO - __main__ - Before Error Fixing: {'EM': 0.578125, 'QA-F1': 0.631671626984127}
11/13/2021 13:36:38 - INFO - __main__ - Found 27 errors.
11/13/2021 13:36:38 - INFO - __main__ - Start error-fixing .... Timecode: 4
11/13/2021 13:36:50 - INFO - __main__ - Start error-fixing .... Done!
11/13/2021 13:36:52 - INFO - __main__ - EFR=0.9259259259259259
11/13/2021 13:36:52 - INFO - __main__ - Overall: 0.7192129629629629 from scores=[0.5125, 0.9259259259259259]
11/13/2021 13:36:52 - INFO - __main__ - --------------------------------------------------
11/13/2021 13:36:52 - INFO - __main__ - Evaluating to get errors .... Timecode: 5
11/13/2021 13:36:55 - INFO - __main__ - Before Error Fixing: {'EM': 0.5, 'QA-F1': 0.6039421695402298}
11/13/2021 13:36:55 - INFO - __main__ - Found 32 errors.
11/13/2021 13:36:55 - INFO - __main__ - Start error-fixing .... Timecode: 5
11/13/2021 13:37:07 - INFO - __main__ - Start error-fixing .... Done!
11/13/2021 13:37:10 - INFO - __main__ - EFR=0.9375
11/13/2021 13:37:10 - INFO - __main__ - Overall: 0.7239583333333334 from scores=[0.5104166666666667, 0.9375]
11/13/2021 13:37:10 - INFO - __main__ - --------------------------------------------------
11/13/2021 13:37:10 - INFO - __main__ - Evaluating to get errors .... Timecode: 6
11/13/2021 13:37:14 - INFO - __main__ - Before Error Fixing: {'EM': 0.34375, 'QA-F1': 0.42309027777777775}
11/13/2021 13:37:14 - INFO - __main__ - Found 42 errors.
11/13/2021 13:37:14 - INFO - __main__ - Start error-fixing .... Timecode: 6
11/13/2021 13:37:33 - INFO - __main__ - Start error-fixing .... Done!
11/13/2021 13:37:35 - INFO - __main__ - EFR=0.9523809523809523
11/13/2021 13:37:35 - INFO - __main__ - Overall: 0.7194940476190477 from scores=[0.4866071428571429, 0.9523809523809523]
11/13/2021 13:37:35 - INFO - __main__ - --------------------------------------------------
11/13/2021 13:37:35 - INFO - __main__ - Evaluating to get errors .... Timecode: 7
11/13/2021 13:37:37 - INFO - __main__ - Before Error Fixing: {'EM': 0.453125, 'QA-F1': 0.5104166666666667}
11/13/2021 13:37:37 - INFO - __main__ - Found 35 errors.
11/13/2021 13:37:38 - INFO - __main__ - Start error-fixing .... Timecode: 7
11/13/2021 13:37:53 - INFO - __main__ - Start error-fixing .... Done!
11/13/2021 13:37:55 - INFO - __main__ - EFR=1.0
11/13/2021 13:37:55 - INFO - __main__ - Overall: 0.7412109375 from scores=[0.482421875, 1.0]
11/13/2021 13:37:55 - INFO - __main__ - --------------------------------------------------
11/13/2021 13:37:55 - INFO - __main__ - Evaluating to get errors .... Timecode: 8
11/13/2021 13:37:57 - INFO - __main__ - Before Error Fixing: {'EM': 0.53125, 'QA-F1': 0.5869791666666666}
11/13/2021 13:37:57 - INFO - __main__ - Found 30 errors.
11/13/2021 13:37:58 - INFO - __main__ - Start error-fixing .... Timecode: 8
11/13/2021 13:38:11 - INFO - __main__ - Start error-fixing .... Done!
11/13/2021 13:38:12 - INFO - __main__ - EFR=1.0
11/13/2021 13:38:12 - INFO - __main__ - Overall: 0.7439236111111112 from scores=[0.4878472222222222, 1.0]
11/13/2021 13:38:12 - INFO - __main__ - --------------------------------------------------
11/13/2021 13:38:12 - INFO - __main__ - Evaluating to get errors .... Timecode: 9
11/13/2021 13:38:16 - INFO - __main__ - Before Error Fixing: {'EM': 0.515625, 'QA-F1': 0.5932990385816707}
11/13/2021 13:38:16 - INFO - __main__ - Found 31 errors.
11/13/2021 13:38:17 - INFO - __main__ - Start error-fixing .... Timecode: 9
11/13/2021 13:38:30 - INFO - __main__ - Start error-fixing .... Done!
11/13/2021 13:38:33 - INFO - __main__ - EFR=1.0
11/13/2021 13:38:33 - INFO - __main__ - Overall: 0.7453125 from scores=[0.490625, 1.0]
11/13/2021 13:38:33 - INFO - __main__ - --------------------------------------------------
11/13/2021 13:38:33 - INFO - __main__ - Start eval_knowledge_retention for UKR @ Timecode=10
11/13/2021 13:39:00 - INFO - __main__ - Upstream Knowledge Retation (UKR@10): 0.7285
11/13/2021 13:39:02 - INFO - __main__ - Start eval_knowledge_retention for OKR @ Timecode=10
11/13/2021 13:39:31 - INFO - __main__ - Online Knowledge Retation (OKR@10): 0.8789
11/13/2021 13:39:31 - INFO - __main__ - Start eval_knowledge_generalization for KG @ Timecode=10
11/13/2021 13:40:39 - INFO - __main__ - Future Knowledge Generalization (KG@10): 0.4594
11/13/2021 13:40:39 - INFO - __main__ - Evaluating to get errors .... Timecode: 10
11/13/2021 13:40:44 - INFO - __main__ - Before Error Fixing: {'EM': 0.390625, 'QA-F1': 0.4591543872793873}
11/13/2021 13:40:44 - INFO - __main__ - Found 39 errors.
11/13/2021 13:40:44 - INFO - __main__ - Start error-fixing .... Timecode: 10
11/13/2021 13:41:01 - INFO - __main__ - Start error-fixing .... Done!
11/13/2021 13:41:04 - INFO - __main__ - EFR=1.0
11/13/2021 13:41:04 - INFO - __main__ - Overall: 0.7096661931818182 from scores=[0.48153409090909094, 1.0, 0.87890625, 0.728515625, 0.459375]
11/13/2021 13:41:06 - INFO - __main__ - Model saved to experiments/ckpt_dirs/qa/er/qa_simplecl_lr=3e-5_ep=10_l2w=0_T=100,b=64,alpha=0.1,beta=0.5,gamma=0.8/model_ckpt_010.pt.
11/13/2021 13:41:06 - INFO - __main__ - Updated result feule: experiments/results/qa/qa_simplecl_lr=3e-5_ep=10_l2w=0_T=100,b=64,alpha=0.1,beta=0.5,gamma=0.8_result.json at Timecode: 10.
11/13/2021 13:41:06 - INFO - __main__ - --------------------------------------------------
11/13/2021 13:41:06 - INFO - __main__ - Evaluating to get errors .... Timecode: 11
11/13/2021 13:41:11 - INFO - __main__ - Before Error Fixing: {'EM': 0.5, 'QA-F1': 0.5692302489177489}
11/13/2021 13:41:11 - INFO - __main__ - Found 32 errors.
11/13/2021 13:41:11 - INFO - __main__ - Start error-fixing .... Timecode: 11
11/13/2021 13:41:25 - INFO - __main__ - Start error-fixing .... Done!
11/13/2021 13:41:27 - INFO - __main__ - EFR=1.0
11/13/2021 13:41:27 - INFO - __main__ - Overall: 0.7099739583333333 from scores=[0.48307291666666663, 1.0, 0.87890625, 0.728515625, 0.459375]
11/13/2021 13:41:27 - INFO - __main__ - --------------------------------------------------
11/13/2021 13:41:27 - INFO - __main__ - Evaluating to get errors .... Timecode: 12
11/13/2021 13:41:30 - INFO - __main__ - Before Error Fixing: {'EM': 0.46875, 'QA-F1': 0.49911858974358975}
11/13/2021 13:41:30 - INFO - __main__ - Found 34 errors.
11/13/2021 13:41:30 - INFO - __main__ - Start error-fixing .... Timecode: 12
11/13/2021 13:41:45 - INFO - __main__ - Start error-fixing .... Done!
11/13/2021 13:41:47 - INFO - __main__ - EFR=0.9411764705882353
11/13/2021 13:41:47 - INFO - __main__ - Overall: 0.6979888998868778 from scores=[0.48197115384615385, 0.9411764705882353, 0.87890625, 0.728515625, 0.459375]
11/13/2021 13:41:47 - INFO - __main__ - --------------------------------------------------
11/13/2021 13:41:47 - INFO - __main__ - Evaluating to get errors .... Timecode: 13
11/13/2021 13:41:50 - INFO - __main__ - Before Error Fixing: {'EM': 0.40625, 'QA-F1': 0.5250915750915751}
11/13/2021 13:41:50 - INFO - __main__ - Found 38 errors.
11/13/2021 13:41:50 - INFO - __main__ - Start error-fixing .... Timecode: 13
11/13/2021 13:42:05 - INFO - __main__ - Start error-fixing .... Done!
11/13/2021 13:42:08 - INFO - __main__ - EFR=0.9736842105263158
11/13/2021 13:42:08 - INFO - __main__ - Overall: 0.7034087171052632 from scores=[0.4765625, 0.9736842105263158, 0.87890625, 0.728515625, 0.459375]
11/13/2021 13:42:08 - INFO - __main__ - --------------------------------------------------
11/13/2021 13:42:08 - INFO - __main__ - Evaluating to get errors .... Timecode: 14
11/13/2021 13:42:13 - INFO - __main__ - Before Error Fixing: {'EM': 0.328125, 'QA-F1': 0.42546121012507565}
11/13/2021 13:42:13 - INFO - __main__ - Found 43 errors.
11/13/2021 13:42:13 - INFO - __main__ - Start error-fixing .... Timecode: 14
11/13/2021 13:42:26 - INFO - __main__ - Start error-fixing .... Done!
11/13/2021 13:42:29 - INFO - __main__ - EFR=1.0
11/13/2021 13:42:29 - INFO - __main__ - Overall: 0.7066927083333334 from scores=[0.4666666666666667, 1.0, 0.87890625, 0.728515625, 0.459375]
11/13/2021 13:42:29 - INFO - __main__ - --------------------------------------------------
11/13/2021 13:42:29 - INFO - __main__ - Evaluating to get errors .... Timecode: 15
11/13/2021 13:42:33 - INFO - __main__ - Before Error Fixing: {'EM': 0.453125, 'QA-F1': 0.5699404761904762}
11/13/2021 13:42:33 - INFO - __main__ - Found 35 errors.
11/13/2021 13:42:33 - INFO - __main__ - Start error-fixing .... Timecode: 15
11/13/2021 13:42:49 - INFO - __main__ - Start error-fixing .... Done!
11/13/2021 13:42:51 - INFO - __main__ - EFR=1.0
11/13/2021 13:42:51 - INFO - __main__ - Overall: 0.7065234375 from scores=[0.4658203125, 1.0, 0.87890625, 0.728515625, 0.459375]
11/13/2021 13:42:51 - INFO - __main__ - --------------------------------------------------
11/13/2021 13:42:51 - INFO - __main__ - Evaluating to get errors .... Timecode: 16
11/13/2021 13:42:54 - INFO - __main__ - Before Error Fixing: {'EM': 0.375, 'QA-F1': 0.4984088827838828}
11/13/2021 13:42:54 - INFO - __main__ - Found 40 errors.
11/13/2021 13:42:55 - INFO - __main__ - Start error-fixing .... Timecode: 16
11/13/2021 13:43:12 - INFO - __main__ - Start error-fixing .... Done!
11/13/2021 13:43:14 - INFO - __main__ - EFR=1.0
11/13/2021 13:43:14 - INFO - __main__ - Overall: 0.7054549632352941 from scores=[0.46047794117647056, 1.0, 0.87890625, 0.728515625, 0.459375]
11/13/2021 13:43:14 - INFO - __main__ - --------------------------------------------------
11/13/2021 13:43:14 - INFO - __main__ - Evaluating to get errors .... Timecode: 17
11/13/2021 13:43:18 - INFO - __main__ - Before Error Fixing: {'EM': 0.5, 'QA-F1': 0.595390561015561}
11/13/2021 13:43:18 - INFO - __main__ - Found 32 errors.
11/13/2021 13:43:18 - INFO - __main__ - Start error-fixing .... Timecode: 17
11/13/2021 13:43:31 - INFO - __main__ - Start error-fixing .... Done!
11/13/2021 13:43:34 - INFO - __main__ - EFR=0.96875
11/13/2021 13:43:34 - INFO - __main__ - Overall: 0.6996440972222222 from scores=[0.46267361111111116, 0.96875, 0.87890625, 0.728515625, 0.459375]
11/13/2021 13:43:34 - INFO - __main__ - --------------------------------------------------
11/13/2021 13:43:34 - INFO - __main__ - Evaluating to get errors .... Timecode: 18
11/13/2021 13:43:38 - INFO - __main__ - Before Error Fixing: {'EM': 0.34375, 'QA-F1': 0.45665763282611105}
11/13/2021 13:43:38 - INFO - __main__ - Found 42 errors.
11/13/2021 13:43:38 - INFO - __main__ - Start error-fixing .... Timecode: 18
11/13/2021 13:43:55 - INFO - __main__ - Start error-fixing .... Done!
11/13/2021 13:43:58 - INFO - __main__ - EFR=0.9285714285714286
11/13/2021 13:43:58 - INFO - __main__ - Overall: 0.6903565554511278 from scores=[0.4564144736842105, 0.9285714285714286, 0.87890625, 0.728515625, 0.459375]
11/13/2021 13:43:58 - INFO - __main__ - --------------------------------------------------
11/13/2021 13:43:58 - INFO - __main__ - Evaluating to get errors .... Timecode: 19
11/13/2021 13:44:02 - INFO - __main__ - Before Error Fixing: {'EM': 0.5, 'QA-F1': 0.6068271138583639}
11/13/2021 13:44:02 - INFO - __main__ - Found 32 errors.
11/13/2021 13:44:02 - INFO - __main__ - Start error-fixing .... Timecode: 19
11/13/2021 13:44:15 - INFO - __main__ - Start error-fixing .... Done!
11/13/2021 13:44:17 - INFO - __main__ - EFR=0.96875
11/13/2021 13:44:17 - INFO - __main__ - Overall: 0.698828125 from scores=[0.45859375, 0.96875, 0.87890625, 0.728515625, 0.459375]
11/13/2021 13:44:17 - INFO - __main__ - --------------------------------------------------
11/13/2021 13:44:17 - INFO - __main__ - Start eval_knowledge_retention for UKR @ Timecode=20
11/13/2021 13:44:46 - INFO - __main__ - Upstream Knowledge Retation (UKR@20): 0.6914
11/13/2021 13:44:47 - INFO - __main__ - Start eval_knowledge_retention for OKR @ Timecode=20
11/13/2021 13:45:21 - INFO - __main__ - Online Knowledge Retation (OKR@20): 0.8457
11/13/2021 13:45:21 - INFO - __main__ - Start eval_knowledge_generalization for KG @ Timecode=20
11/13/2021 13:46:37 - INFO - __main__ - Future Knowledge Generalization (KG@20): 0.4711
11/13/2021 13:46:37 - INFO - __main__ - Evaluating to get errors .... Timecode: 20
11/13/2021 13:46:41 - INFO - __main__ - Before Error Fixing: {'EM': 0.421875, 'QA-F1': 0.5234880570818071}
11/13/2021 13:46:41 - INFO - __main__ - Found 37 errors.
11/13/2021 13:46:41 - INFO - __main__ - Start error-fixing .... Timecode: 20
11/13/2021 13:46:57 - INFO - __main__ - Start error-fixing .... Done!
11/13/2021 13:46:59 - INFO - __main__ - EFR=1.0
11/13/2021 13:46:59 - INFO - __main__ - Overall: 0.6930096726190477 from scores=[0.45684523809523814, 1.0, 0.845703125, 0.69140625, 0.47109375]
11/13/2021 13:47:01 - INFO - __main__ - Model saved to experiments/ckpt_dirs/qa/er/qa_simplecl_lr=3e-5_ep=10_l2w=0_T=100,b=64,alpha=0.1,beta=0.5,gamma=0.8/model_ckpt_020.pt.
11/13/2021 13:47:01 - INFO - __main__ - Updated result feule: experiments/results/qa/qa_simplecl_lr=3e-5_ep=10_l2w=0_T=100,b=64,alpha=0.1,beta=0.5,gamma=0.8_result.json at Timecode: 20.
11/13/2021 13:47:01 - INFO - __main__ - --------------------------------------------------
11/13/2021 13:47:01 - INFO - __main__ - Evaluating to get errors .... Timecode: 21
11/13/2021 13:47:05 - INFO - __main__ - Before Error Fixing: {'EM': 0.453125, 'QA-F1': 0.5228174603174602}
11/13/2021 13:47:05 - INFO - __main__ - Found 35 errors.
11/13/2021 13:47:05 - INFO - __main__ - Start error-fixing .... Timecode: 21
11/13/2021 13:47:20 - INFO - __main__ - Start error-fixing .... Done!
11/13/2021 13:47:22 - INFO - __main__ - EFR=1.0
11/13/2021 13:47:22 - INFO - __main__ - Overall: 0.6929758522727273 from scores=[0.45667613636363635, 1.0, 0.845703125, 0.69140625, 0.47109375]
11/13/2021 13:47:22 - INFO - __main__ - --------------------------------------------------
11/13/2021 13:47:22 - INFO - __main__ - Evaluating to get errors .... Timecode: 22
11/13/2021 13:47:26 - INFO - __main__ - Before Error Fixing: {'EM': 0.4375, 'QA-F1': 0.5883201433982683}
11/13/2021 13:47:26 - INFO - __main__ - Found 36 errors.
11/13/2021 13:47:26 - INFO - __main__ - Start error-fixing .... Timecode: 22
11/13/2021 13:47:39 - INFO - __main__ - Start error-fixing .... Done!
11/13/2021 13:47:41 - INFO - __main__ - EFR=0.9166666666666666
11/13/2021 13:47:41 - INFO - __main__ - Overall: 0.6761424365942029 from scores=[0.4558423913043478, 0.9166666666666666, 0.845703125, 0.69140625, 0.47109375]
11/13/2021 13:47:41 - INFO - __main__ - --------------------------------------------------
11/13/2021 13:47:41 - INFO - __main__ - Evaluating to get errors .... Timecode: 23
11/13/2021 13:47:45 - INFO - __main__ - Before Error Fixing: {'EM': 0.453125, 'QA-F1': 0.5478350987133983}
11/13/2021 13:47:45 - INFO - __main__ - Found 35 errors.
11/13/2021 13:47:45 - INFO - __main__ - Start error-fixing .... Timecode: 23
11/13/2021 13:47:59 - INFO - __main__ - Start error-fixing .... Done!
11/13/2021 13:48:02 - INFO - __main__ - EFR=0.9714285714285714
11/13/2021 13:48:02 - INFO - __main__ - Overall: 0.6870721726190476 from scores=[0.45572916666666663, 0.9714285714285714, 0.845703125, 0.69140625, 0.47109375]
11/13/2021 13:48:02 - INFO - __main__ - --------------------------------------------------
11/13/2021 13:48:02 - INFO - __main__ - Evaluating to get errors .... Timecode: 24
11/13/2021 13:48:06 - INFO - __main__ - Before Error Fixing: {'EM': 0.578125, 'QA-F1': 0.6458962912087911}
11/13/2021 13:48:06 - INFO - __main__ - Found 27 errors.
11/13/2021 13:48:06 - INFO - __main__ - Start error-fixing .... Timecode: 24
11/13/2021 13:48:16 - INFO - __main__ - Start error-fixing .... Done!
11/13/2021 13:48:18 - INFO - __main__ - EFR=0.9259259259259259
11/13/2021 13:48:18 - INFO - __main__ - Overall: 0.6789508101851852 from scores=[0.46062499999999995, 0.9259259259259259, 0.845703125, 0.69140625, 0.47109375]
11/13/2021 13:48:18 - INFO - __main__ - --------------------------------------------------
11/13/2021 13:48:18 - INFO - __main__ - Evaluating to get errors .... Timecode: 25
11/13/2021 13:48:23 - INFO - __main__ - Before Error Fixing: {'EM': 0.484375, 'QA-F1': 0.5359375}
11/13/2021 13:48:23 - INFO - __main__ - Found 33 errors.
11/13/2021 13:48:23 - INFO - __main__ - Start error-fixing .... Timecode: 25
11/13/2021 13:48:38 - INFO - __main__ - Start error-fixing .... Done!
11/13/2021 13:48:39 - INFO - __main__ - EFR=0.9696969696969697
11/13/2021 13:48:39 - INFO - __main__ - Overall: 0.6878877112470863 from scores=[0.46153846153846156, 0.9696969696969697, 0.845703125, 0.69140625, 0.47109375]
11/13/2021 13:48:39 - INFO - __main__ - --------------------------------------------------
11/13/2021 13:48:39 - INFO - __main__ - Evaluating to get errors .... Timecode: 26
11/13/2021 13:48:43 - INFO - __main__ - Before Error Fixing: {'EM': 0.421875, 'QA-F1': 0.5911871982184482}
11/13/2021 13:48:43 - INFO - __main__ - Found 37 errors.
11/13/2021 13:48:43 - INFO - __main__ - Start error-fixing .... Timecode: 26
11/13/2021 13:48:58 - INFO - __main__ - Start error-fixing .... Done!
11/13/2021 13:49:01 - INFO - __main__ - EFR=0.918918918918919
11/13/2021 13:49:01 - INFO - __main__ - Overall: 0.6774382976726727 from scores=[0.4600694444444444, 0.918918918918919, 0.845703125, 0.69140625, 0.47109375]
11/13/2021 13:49:01 - INFO - __main__ - --------------------------------------------------
11/13/2021 13:49:01 - INFO - __main__ - Evaluating to get errors .... Timecode: 27
11/13/2021 13:49:04 - INFO - __main__ - Before Error Fixing: {'EM': 0.46875, 'QA-F1': 0.5421875}
11/13/2021 13:49:04 - INFO - __main__ - Found 34 errors.
11/13/2021 13:49:04 - INFO - __main__ - Start error-fixing .... Timecode: 27
11/13/2021 13:49:19 - INFO - __main__ - Start error-fixing .... Done!
11/13/2021 13:49:21 - INFO - __main__ - EFR=0.9705882352941176
11/13/2021 13:49:21 - INFO - __main__ - Overall: 0.6878341649159665 from scores=[0.4603794642857143, 0.9705882352941176, 0.845703125, 0.69140625, 0.47109375]
11/13/2021 13:49:21 - INFO - __main__ - --------------------------------------------------
11/13/2021 13:49:21 - INFO - __main__ - Evaluating to get errors .... Timecode: 28
11/13/2021 13:49:24 - INFO - __main__ - Before Error Fixing: {'EM': 0.5625, 'QA-F1': 0.5973958333333333}
11/13/2021 13:49:24 - INFO - __main__ - Found 28 errors.
11/13/2021 13:49:24 - INFO - __main__ - Start error-fixing .... Timecode: 28
11/13/2021 13:49:37 - INFO - __main__ - Start error-fixing .... Done!
11/13/2021 13:49:39 - INFO - __main__ - EFR=0.9285714285714286
11/13/2021 13:49:39 - INFO - __main__ - Overall: 0.6801350831280788 from scores=[0.4639008620689655, 0.9285714285714286, 0.845703125, 0.69140625, 0.47109375]
11/13/2021 13:49:39 - INFO - __main__ - --------------------------------------------------
11/13/2021 13:49:39 - INFO - __main__ - Evaluating to get errors .... Timecode: 29
11/13/2021 13:49:44 - INFO - __main__ - Before Error Fixing: {'EM': 0.46875, 'QA-F1': 0.5984369624300397}
11/13/2021 13:49:44 - INFO - __main__ - Found 34 errors.
11/13/2021 13:49:44 - INFO - __main__ - Start error-fixing .... Timecode: 29
11/13/2021 13:49:59 - INFO - __main__ - Start error-fixing .... Done!
11/13/2021 13:50:02 - INFO - __main__ - EFR=0.9705882352941176
11/13/2021 13:50:02 - INFO - __main__ - Overall: 0.6885707720588236 from scores=[0.46406250000000004, 0.9705882352941176, 0.845703125, 0.69140625, 0.47109375]
11/13/2021 13:50:02 - INFO - __main__ - --------------------------------------------------
11/13/2021 13:50:02 - INFO - __main__ - Start eval_knowledge_retention for UKR @ Timecode=30
11/13/2021 13:50:30 - INFO - __main__ - Upstream Knowledge Retation (UKR@30): 0.7012
11/13/2021 13:50:31 - INFO - __main__ - Start eval_knowledge_retention for OKR @ Timecode=30
11/13/2021 13:51:05 - INFO - __main__ - Online Knowledge Retation (OKR@30): 0.7988
11/13/2021 13:51:05 - INFO - __main__ - Start eval_knowledge_generalization for KG @ Timecode=30
11/13/2021 13:52:21 - INFO - __main__ - Future Knowledge Generalization (KG@30): 0.4367
11/13/2021 13:52:21 - INFO - __main__ - Evaluating to get errors .... Timecode: 30
11/13/2021 13:52:25 - INFO - __main__ - Before Error Fixing: {'EM': 0.46875, 'QA-F1': 0.5731623237873238}
11/13/2021 13:52:25 - INFO - __main__ - Found 34 errors.
11/13/2021 13:52:25 - INFO - __main__ - Start error-fixing .... Timecode: 30
11/13/2021 13:52:41 - INFO - __main__ - Start error-fixing .... Done!
11/13/2021 13:52:44 - INFO - __main__ - EFR=0.9705882352941176
11/13/2021 13:52:44 - INFO - __main__ - Overall: 0.6743041389943073 from scores=[0.4642137096774194, 0.9705882352941176, 0.798828125, 0.701171875, 0.43671875]
11/13/2021 13:52:46 - INFO - __main__ - Model saved to experiments/ckpt_dirs/qa/er/qa_simplecl_lr=3e-5_ep=10_l2w=0_T=100,b=64,alpha=0.1,beta=0.5,gamma=0.8/model_ckpt_030.pt.
11/13/2021 13:52:46 - INFO - __main__ - Updated result feule: experiments/results/qa/qa_simplecl_lr=3e-5_ep=10_l2w=0_T=100,b=64,alpha=0.1,beta=0.5,gamma=0.8_result.json at Timecode: 30.
11/13/2021 13:52:46 - INFO - __main__ - --------------------------------------------------
11/13/2021 13:52:46 - INFO - __main__ - Evaluating to get errors .... Timecode: 31
11/13/2021 13:52:51 - INFO - __main__ - Before Error Fixing: {'EM': 0.40625, 'QA-F1': 0.49912789875565605}
11/13/2021 13:52:51 - INFO - __main__ - Found 38 errors.
11/13/2021 13:52:51 - INFO - __main__ - Start error-fixing .... Timecode: 31
11/13/2021 13:53:08 - INFO - __main__ - Start error-fixing .... Done!
11/13/2021 13:53:10 - INFO - __main__ - EFR=1.0
11/13/2021 13:53:10 - INFO - __main__ - Overall: 0.67982421875 from scores=[0.46240234375, 1.0, 0.798828125, 0.701171875, 0.43671875]
11/13/2021 13:53:10 - INFO - __main__ - --------------------------------------------------
11/13/2021 13:53:10 - INFO - __main__ - Evaluating to get errors .... Timecode: 32
11/13/2021 13:53:15 - INFO - __main__ - Before Error Fixing: {'EM': 0.4375, 'QA-F1': 0.559530009920635}
11/13/2021 13:53:15 - INFO - __main__ - Found 36 errors.
11/13/2021 13:53:15 - INFO - __main__ - Start error-fixing .... Timecode: 32
11/13/2021 13:53:31 - INFO - __main__ - Start error-fixing .... Done!
11/13/2021 13:53:33 - INFO - __main__ - EFR=1.0
11/13/2021 13:53:33 - INFO - __main__ - Overall: 0.6796732954545455 from scores=[0.4616477272727273, 1.0, 0.798828125, 0.701171875, 0.43671875]
11/13/2021 13:53:33 - INFO - __main__ - --------------------------------------------------
11/13/2021 13:53:33 - INFO - __main__ - Evaluating to get errors .... Timecode: 33
11/13/2021 13:53:37 - INFO - __main__ - Before Error Fixing: {'EM': 0.578125, 'QA-F1': 0.6209441600066601}
11/13/2021 13:53:37 - INFO - __main__ - Found 27 errors.
11/13/2021 13:53:37 - INFO - __main__ - Start error-fixing .... Timecode: 33
11/13/2021 13:53:49 - INFO - __main__ - Start error-fixing .... Done!
11/13/2021 13:53:51 - INFO - __main__ - EFR=0.9629629629629629
11/13/2021 13:53:51 - INFO - __main__ - Overall: 0.6729510484749455 from scores=[0.4650735294117647, 0.9629629629629629, 0.798828125, 0.701171875, 0.43671875]
11/13/2021 13:53:51 - INFO - __main__ - --------------------------------------------------
11/13/2021 13:53:51 - INFO - __main__ - Evaluating to get errors .... Timecode: 34
11/13/2021 13:53:56 - INFO - __main__ - Before Error Fixing: {'EM': 0.40625, 'QA-F1': 0.5304404677924415}
11/13/2021 13:53:56 - INFO - __main__ - Found 38 errors.
11/13/2021 13:53:56 - INFO - __main__ - Start error-fixing .... Timecode: 34
11/13/2021 13:54:13 - INFO - __main__ - Start error-fixing .... Done!
11/13/2021 13:54:15 - INFO - __main__ - EFR=0.9736842105263158
11/13/2021 13:54:15 - INFO - __main__ - Overall: 0.6747591635338346 from scores=[0.46339285714285716, 0.9736842105263158, 0.798828125, 0.701171875, 0.43671875]
11/13/2021 13:54:15 - INFO - __main__ - --------------------------------------------------
11/13/2021 13:54:15 - INFO - __main__ - Evaluating to get errors .... Timecode: 35
11/13/2021 13:54:19 - INFO - __main__ - Before Error Fixing: {'EM': 0.4375, 'QA-F1': 0.6222841522244096}
11/13/2021 13:54:19 - INFO - __main__ - Found 36 errors.
11/13/2021 13:54:19 - INFO - __main__ - Start error-fixing .... Timecode: 35
11/13/2021 13:54:32 - INFO - __main__ - Start error-fixing .... Done!
11/13/2021 13:54:35 - INFO - __main__ - EFR=1.0
11/13/2021 13:54:35 - INFO - __main__ - Overall: 0.6798784722222222 from scores=[0.46267361111111116, 1.0, 0.798828125, 0.701171875, 0.43671875]
11/13/2021 13:54:35 - INFO - __main__ - --------------------------------------------------
11/13/2021 13:54:35 - INFO - __main__ - Evaluating to get errors .... Timecode: 36
11/13/2021 13:54:39 - INFO - __main__ - Before Error Fixing: {'EM': 0.5625, 'QA-F1': 0.7098076387550072}
11/13/2021 13:54:39 - INFO - __main__ - Found 28 errors.
11/13/2021 13:54:39 - INFO - __main__ - Start error-fixing .... Timecode: 36
11/13/2021 13:54:52 - INFO - __main__ - Start error-fixing .... Done!
11/13/2021 13:54:53 - INFO - __main__ - EFR=0.9642857142857143
11/13/2021 13:54:53 - INFO - __main__ - Overall: 0.6732752171814671 from scores=[0.4653716216216216, 0.9642857142857143, 0.798828125, 0.701171875, 0.43671875]
11/13/2021 13:54:53 - INFO - __main__ - --------------------------------------------------
11/13/2021 13:54:53 - INFO - __main__ - Evaluating to get errors .... Timecode: 37
11/13/2021 13:54:58 - INFO - __main__ - Before Error Fixing: {'EM': 0.484375, 'QA-F1': 0.5910884492685964}
11/13/2021 13:54:58 - INFO - __main__ - Found 33 errors.
11/13/2021 13:54:58 - INFO - __main__ - Start error-fixing .... Timecode: 37
11/13/2021 13:55:13 - INFO - __main__ - Start error-fixing .... Done!
11/13/2021 13:55:15 - INFO - __main__ - EFR=1.0
11/13/2021 13:55:15 - INFO - __main__ - Overall: 0.6805180921052632 from scores=[0.4658717105263158, 1.0, 0.798828125, 0.701171875, 0.43671875]
11/13/2021 13:55:15 - INFO - __main__ - --------------------------------------------------
11/13/2021 13:55:15 - INFO - __main__ - Evaluating to get errors .... Timecode: 38
11/13/2021 13:55:19 - INFO - __main__ - Before Error Fixing: {'EM': 0.578125, 'QA-F1': 0.6982458023558568}
11/13/2021 13:55:19 - INFO - __main__ - Found 27 errors.
11/13/2021 13:55:19 - INFO - __main__ - Start error-fixing .... Timecode: 38
11/13/2021 13:55:31 - INFO - __main__ - Start error-fixing .... Done!
11/13/2021 13:55:32 - INFO - __main__ - EFR=1.0
11/13/2021 13:55:32 - INFO - __main__ - Overall: 0.6810937499999999 from scores=[0.46875, 1.0, 0.798828125, 0.701171875, 0.43671875]
11/13/2021 13:55:32 - INFO - __main__ - --------------------------------------------------
11/13/2021 13:55:32 - INFO - __main__ - Evaluating to get errors .... Timecode: 39
11/13/2021 13:55:36 - INFO - __main__ - Before Error Fixing: {'EM': 0.640625, 'QA-F1': 0.7088867079101454}
11/13/2021 13:55:36 - INFO - __main__ - Found 23 errors.
11/13/2021 13:55:37 - INFO - __main__ - Start error-fixing .... Timecode: 39
11/13/2021 13:55:46 - INFO - __main__ - Start error-fixing .... Done!
11/13/2021 13:55:48 - INFO - __main__ - EFR=1.0
11/13/2021 13:55:48 - INFO - __main__ - Overall: 0.6819531249999999 from scores=[0.473046875, 1.0, 0.798828125, 0.701171875, 0.43671875]
11/13/2021 13:55:48 - INFO - __main__ - --------------------------------------------------
11/13/2021 13:55:48 - INFO - __main__ - Start eval_knowledge_retention for UKR @ Timecode=40
11/13/2021 13:56:11 - INFO - __main__ - Upstream Knowledge Retation (UKR@40): 0.7012
11/13/2021 13:56:13 - INFO - __main__ - Start eval_knowledge_retention for OKR @ Timecode=40
11/13/2021 13:56:40 - INFO - __main__ - Online Knowledge Retation (OKR@40): 0.7930
11/13/2021 13:56:40 - INFO - __main__ - Start eval_knowledge_generalization for KG @ Timecode=40
11/13/2021 13:57:42 - INFO - __main__ - Future Knowledge Generalization (KG@40): 0.4883
11/13/2021 13:57:42 - INFO - __main__ - Evaluating to get errors .... Timecode: 40
11/13/2021 13:57:46 - INFO - __main__ - Before Error Fixing: {'EM': 0.484375, 'QA-F1': 0.6021949404761904}
11/13/2021 13:57:46 - INFO - __main__ - Found 33 errors.
11/13/2021 13:57:46 - INFO - __main__ - Start error-fixing .... Timecode: 40
11/13/2021 13:58:01 - INFO - __main__ - Start error-fixing .... Done!
11/13/2021 13:58:03 - INFO - __main__ - EFR=1.0
11/13/2021 13:58:03 - INFO - __main__ - Overall: 0.6911490091463415 from scores=[0.47332317073170727, 1.0, 0.79296875, 0.701171875, 0.48828125]
11/13/2021 13:58:05 - INFO - __main__ - Model saved to experiments/ckpt_dirs/qa/er/qa_simplecl_lr=3e-5_ep=10_l2w=0_T=100,b=64,alpha=0.1,beta=0.5,gamma=0.8/model_ckpt_040.pt.
11/13/2021 13:58:05 - INFO - __main__ - Updated result feule: experiments/results/qa/qa_simplecl_lr=3e-5_ep=10_l2w=0_T=100,b=64,alpha=0.1,beta=0.5,gamma=0.8_result.json at Timecode: 40.
11/13/2021 13:58:05 - INFO - __main__ - --------------------------------------------------
11/13/2021 13:58:05 - INFO - __main__ - Evaluating to get errors .... Timecode: 41
11/13/2021 13:58:08 - INFO - __main__ - Before Error Fixing: {'EM': 0.546875, 'QA-F1': 0.6380208333333333}
11/13/2021 13:58:08 - INFO - __main__ - Found 29 errors.
11/13/2021 13:58:09 - INFO - __main__ - Start error-fixing .... Timecode: 41
11/13/2021 13:58:21 - INFO - __main__ - Start error-fixing .... Done!
11/13/2021 13:58:23 - INFO - __main__ - EFR=1.0
11/13/2021 13:58:23 - INFO - __main__ - Overall: 0.6914992559523809 from scores=[0.47507440476190477, 1.0, 0.79296875, 0.701171875, 0.48828125]
11/13/2021 13:58:23 - INFO - __main__ - --------------------------------------------------
11/13/2021 13:58:23 - INFO - __main__ - Evaluating to get errors .... Timecode: 42
11/13/2021 13:58:26 - INFO - __main__ - Before Error Fixing: {'EM': 0.515625, 'QA-F1': 0.575647095959596}
11/13/2021 13:58:26 - INFO - __main__ - Found 31 errors.
11/13/2021 13:58:26 - INFO - __main__ - Start error-fixing .... Timecode: 42
11/13/2021 13:58:38 - INFO - __main__ - Start error-fixing .... Done!
11/13/2021 13:58:40 - INFO - __main__ - EFR=1.0
11/13/2021 13:58:40 - INFO - __main__ - Overall: 0.6916878633720931 from scores=[0.47601744186046513, 1.0, 0.79296875, 0.701171875, 0.48828125]
11/13/2021 13:58:40 - INFO - __main__ - --------------------------------------------------
11/13/2021 13:58:40 - INFO - __main__ - Evaluating to get errors .... Timecode: 43
11/13/2021 13:58:44 - INFO - __main__ - Before Error Fixing: {'EM': 0.546875, 'QA-F1': 0.6189553093964858}
11/13/2021 13:58:44 - INFO - __main__ - Found 29 errors.
11/13/2021 13:58:44 - INFO - __main__ - Start error-fixing .... Timecode: 43
11/13/2021 13:58:57 - INFO - __main__ - Start error-fixing .... Done!
11/13/2021 13:58:58 - INFO - __main__ - EFR=0.9655172413793104
11/13/2021 13:58:58 - INFO - __main__ - Overall: 0.6851133914576802 from scores=[0.47762784090909094, 0.9655172413793104, 0.79296875, 0.701171875, 0.48828125]
11/13/2021 13:58:58 - INFO - __main__ - --------------------------------------------------
11/13/2021 13:58:58 - INFO - __main__ - Evaluating to get errors .... Timecode: 44
11/13/2021 13:59:01 - INFO - __main__ - Before Error Fixing: {'EM': 0.34375, 'QA-F1': 0.41968984962406014}
11/13/2021 13:59:01 - INFO - __main__ - Found 42 errors.
11/13/2021 13:59:02 - INFO - __main__ - Start error-fixing .... Timecode: 44
11/13/2021 13:59:20 - INFO - __main__ - Start error-fixing .... Done!
11/13/2021 13:59:23 - INFO - __main__ - EFR=0.9523809523809523
11/13/2021 13:59:23 - INFO - __main__ - Overall: 0.681891121031746 from scores=[0.4746527777777778, 0.9523809523809523, 0.79296875, 0.701171875, 0.48828125]
11/13/2021 13:59:23 - INFO - __main__ - --------------------------------------------------
11/13/2021 13:59:23 - INFO - __main__ - Evaluating to get errors .... Timecode: 45
11/13/2021 13:59:26 - INFO - __main__ - Before Error Fixing: {'EM': 0.46875, 'QA-F1': 0.5433517156862745}
11/13/2021 13:59:26 - INFO - __main__ - Found 34 errors.
11/13/2021 13:59:26 - INFO - __main__ - Start error-fixing .... Timecode: 45
11/13/2021 13:59:41 - INFO - __main__ - Start error-fixing .... Done!
11/13/2021 13:59:43 - INFO - __main__ - EFR=1.0
11/13/2021 13:59:43 - INFO - __main__ - Overall: 0.6913892663043478 from scores=[0.47452445652173914, 1.0, 0.79296875, 0.701171875, 0.48828125]
11/13/2021 13:59:43 - INFO - __main__ - --------------------------------------------------
11/13/2021 13:59:43 - INFO - __main__ - Evaluating to get errors .... Timecode: 46
11/13/2021 13:59:46 - INFO - __main__ - Before Error Fixing: {'EM': 0.484375, 'QA-F1': 0.5744791666666667}
11/13/2021 13:59:46 - INFO - __main__ - Found 33 errors.
11/13/2021 13:59:46 - INFO - __main__ - Start error-fixing .... Timecode: 46
11/13/2021 14:00:01 - INFO - __main__ - Start error-fixing .... Done!
11/13/2021 14:00:03 - INFO - __main__ - EFR=0.9696969696969697
11/13/2021 14:00:03 - INFO - __main__ - Overall: 0.6853705774500323 from scores=[0.4747340425531915, 0.9696969696969697, 0.79296875, 0.701171875, 0.48828125]
11/13/2021 14:00:03 - INFO - __main__ - --------------------------------------------------
11/13/2021 14:00:03 - INFO - __main__ - Evaluating to get errors .... Timecode: 47
11/13/2021 14:00:06 - INFO - __main__ - Before Error Fixing: {'EM': 0.4375, 'QA-F1': 0.48958333333333326}
11/13/2021 14:00:06 - INFO - __main__ - Found 36 errors.
11/13/2021 14:00:06 - INFO - __main__ - Start error-fixing .... Timecode: 47
11/13/2021 14:00:22 - INFO - __main__ - Start error-fixing .... Done!
11/13/2021 14:00:24 - INFO - __main__ - EFR=0.9722222222222222
11/13/2021 14:00:24 - INFO - __main__ - Overall: 0.685720486111111 from scores=[0.47395833333333337, 0.9722222222222222, 0.79296875, 0.701171875, 0.48828125]
11/13/2021 14:00:24 - INFO - __main__ - --------------------------------------------------
11/13/2021 14:00:24 - INFO - __main__ - Evaluating to get errors .... Timecode: 48
11/13/2021 14:00:26 - INFO - __main__ - Before Error Fixing: {'EM': 0.40625, 'QA-F1': 0.475}
11/13/2021 14:00:26 - INFO - __main__ - Found 38 errors.
11/13/2021 14:00:27 - INFO - __main__ - Start error-fixing .... Timecode: 48
11/13/2021 14:00:43 - INFO - __main__ - Start error-fixing .... Done!
11/13/2021 14:00:44 - INFO - __main__ - EFR=1.0
11/13/2021 14:00:44 - INFO - __main__ - Overall: 0.690999681122449 from scores=[0.4725765306122449, 1.0, 0.79296875, 0.701171875, 0.48828125]
11/13/2021 14:00:44 - INFO - __main__ - --------------------------------------------------
11/13/2021 14:00:44 - INFO - __main__ - Evaluating to get errors .... Timecode: 49
11/13/2021 14:00:47 - INFO - __main__ - Before Error Fixing: {'EM': 0.5, 'QA-F1': 0.5876420454545455}
11/13/2021 14:00:47 - INFO - __main__ - Found 32 errors.
11/13/2021 14:00:48 - INFO - __main__ - Start error-fixing .... Timecode: 49
11/13/2021 14:01:01 - INFO - __main__ - Start error-fixing .... Done!
11/13/2021 14:01:03 - INFO - __main__ - EFR=1.0
11/13/2021 14:01:03 - INFO - __main__ - Overall: 0.691109375 from scores=[0.473125, 1.0, 0.79296875, 0.701171875, 0.48828125]
11/13/2021 14:01:03 - INFO - __main__ - --------------------------------------------------
11/13/2021 14:01:03 - INFO - __main__ - Start eval_knowledge_retention for UKR @ Timecode=50
11/13/2021 14:01:28 - INFO - __main__ - Upstream Knowledge Retation (UKR@50): 0.7383
11/13/2021 14:01:30 - INFO - __main__ - Start eval_knowledge_retention for OKR @ Timecode=50
11/13/2021 14:01:57 - INFO - __main__ - Online Knowledge Retation (OKR@50): 0.8086
11/13/2021 14:01:57 - INFO - __main__ - Start eval_knowledge_generalization for KG @ Timecode=50
11/13/2021 14:02:59 - INFO - __main__ - Future Knowledge Generalization (KG@50): 0.5156
11/13/2021 14:02:59 - INFO - __main__ - Evaluating to get errors .... Timecode: 50
11/13/2021 14:03:02 - INFO - __main__ - Before Error Fixing: {'EM': 0.609375, 'QA-F1': 0.6638392857142856}
11/13/2021 14:03:02 - INFO - __main__ - Found 25 errors.
11/13/2021 14:03:02 - INFO - __main__ - Start error-fixing .... Timecode: 50
11/13/2021 14:03:14 - INFO - __main__ - Start error-fixing .... Done!
11/13/2021 14:03:15 - INFO - __main__ - EFR=1.0
11/13/2021 14:03:15 - INFO - __main__ - Overall: 0.7076593137254902 from scores=[0.475796568627451, 1.0, 0.80859375, 0.73828125, 0.515625]
11/13/2021 14:03:17 - INFO - __main__ - Model saved to experiments/ckpt_dirs/qa/er/qa_simplecl_lr=3e-5_ep=10_l2w=0_T=100,b=64,alpha=0.1,beta=0.5,gamma=0.8/model_ckpt_050.pt.
11/13/2021 14:03:17 - INFO - __main__ - Updated result feule: experiments/results/qa/qa_simplecl_lr=3e-5_ep=10_l2w=0_T=100,b=64,alpha=0.1,beta=0.5,gamma=0.8_result.json at Timecode: 50.
11/13/2021 14:03:17 - INFO - __main__ - --------------------------------------------------
11/13/2021 14:03:17 - INFO - __main__ - Evaluating to get errors .... Timecode: 51
11/13/2021 14:03:19 - INFO - __main__ - Before Error Fixing: {'EM': 0.546875, 'QA-F1': 0.5733901515151515}
11/13/2021 14:03:19 - INFO - __main__ - Found 29 errors.
11/13/2021 14:03:20 - INFO - __main__ - Start error-fixing .... Timecode: 51
11/13/2021 14:03:32 - INFO - __main__ - Start error-fixing .... Done!
11/13/2021 14:03:34 - INFO - __main__ - EFR=1.0
11/13/2021 14:03:34 - INFO - __main__ - Overall: 0.7079326923076923 from scores=[0.47716346153846156, 1.0, 0.80859375, 0.73828125, 0.515625]
11/13/2021 14:03:34 - INFO - __main__ - --------------------------------------------------
11/13/2021 14:03:34 - INFO - __main__ - Evaluating to get errors .... Timecode: 52
11/13/2021 14:03:37 - INFO - __main__ - Before Error Fixing: {'EM': 0.34375, 'QA-F1': 0.4932892628205128}
11/13/2021 14:03:37 - INFO - __main__ - Found 42 errors.
11/13/2021 14:03:37 - INFO - __main__ - Start error-fixing .... Timecode: 52
11/13/2021 14:03:54 - INFO - __main__ - Start error-fixing .... Done!
11/13/2021 14:03:56 - INFO - __main__ - EFR=1.0
11/13/2021 14:03:56 - INFO - __main__ - Overall: 0.7074292452830189 from scores=[0.47464622641509435, 1.0, 0.80859375, 0.73828125, 0.515625]
11/13/2021 14:03:56 - INFO - __main__ - --------------------------------------------------
11/13/2021 14:03:56 - INFO - __main__ - Evaluating to get errors .... Timecode: 53
11/13/2021 14:04:00 - INFO - __main__ - Before Error Fixing: {'EM': 0.484375, 'QA-F1': 0.5712292609351433}
11/13/2021 14:04:00 - INFO - __main__ - Found 33 errors.
11/13/2021 14:04:00 - INFO - __main__ - Start error-fixing .... Timecode: 53
11/13/2021 14:04:12 - INFO - __main__ - Start error-fixing .... Done!
11/13/2021 14:04:15 - INFO - __main__ - EFR=1.0
11/13/2021 14:04:15 - INFO - __main__ - Overall: 0.7074652777777778 from scores=[0.47482638888888884, 1.0, 0.80859375, 0.73828125, 0.515625]
11/13/2021 14:04:15 - INFO - __main__ - --------------------------------------------------
11/13/2021 14:04:15 - INFO - __main__ - Evaluating to get errors .... Timecode: 54
11/13/2021 14:04:18 - INFO - __main__ - Before Error Fixing: {'EM': 0.46875, 'QA-F1': 0.61973079004329}
11/13/2021 14:04:18 - INFO - __main__ - Found 34 errors.
11/13/2021 14:04:19 - INFO - __main__ - Start error-fixing .... Timecode: 54
11/13/2021 14:04:32 - INFO - __main__ - Start error-fixing .... Done!
11/13/2021 14:04:33 - INFO - __main__ - EFR=1.0
11/13/2021 14:04:33 - INFO - __main__ - Overall: 0.7074431818181818 from scores=[0.4747159090909091, 1.0, 0.80859375, 0.73828125, 0.515625]
11/13/2021 14:04:33 - INFO - __main__ - --------------------------------------------------
11/13/2021 14:04:33 - INFO - __main__ - Evaluating to get errors .... Timecode: 55
11/13/2021 14:04:36 - INFO - __main__ - Before Error Fixing: {'EM': 0.515625, 'QA-F1': 0.5971503539862915}
11/13/2021 14:04:36 - INFO - __main__ - Found 31 errors.
11/13/2021 14:04:37 - INFO - __main__ - Start error-fixing .... Timecode: 55
11/13/2021 14:04:49 - INFO - __main__ - Start error-fixing .... Done!
11/13/2021 14:04:51 - INFO - __main__ - EFR=1.0
11/13/2021 14:04:51 - INFO - __main__ - Overall: 0.7075892857142858 from scores=[0.4754464285714286, 1.0, 0.80859375, 0.73828125, 0.515625]
11/13/2021 14:04:51 - INFO - __main__ - --------------------------------------------------
11/13/2021 14:04:51 - INFO - __main__ - Evaluating to get errors .... Timecode: 56
11/13/2021 14:04:56 - INFO - __main__ - Before Error Fixing: {'EM': 0.390625, 'QA-F1': 0.5305617171793643}
11/13/2021 14:04:56 - INFO - __main__ - Found 39 errors.
11/13/2021 14:04:56 - INFO - __main__ - Start error-fixing .... Timecode: 56
11/13/2021 14:05:13 - INFO - __main__ - Start error-fixing .... Done!
11/13/2021 14:05:16 - INFO - __main__ - EFR=1.0
11/13/2021 14:05:16 - INFO - __main__ - Overall: 0.7072916666666667 from scores=[0.47395833333333337, 1.0, 0.80859375, 0.73828125, 0.515625]
11/13/2021 14:05:16 - INFO - __main__ - --------------------------------------------------
11/13/2021 14:05:16 - INFO - __main__ - Evaluating to get errors .... Timecode: 57
11/13/2021 14:05:21 - INFO - __main__ - Before Error Fixing: {'EM': 0.5, 'QA-F1': 0.634577922077922}
11/13/2021 14:05:21 - INFO - __main__ - Found 32 errors.
11/13/2021 14:05:21 - INFO - __main__ - Start error-fixing .... Timecode: 57
11/13/2021 14:05:35 - INFO - __main__ - Start error-fixing .... Done!
11/13/2021 14:05:37 - INFO - __main__ - EFR=1.0
11/13/2021 14:05:37 - INFO - __main__ - Overall: 0.7073814655172413 from scores=[0.47440732758620685, 1.0, 0.80859375, 0.73828125, 0.515625]
11/13/2021 14:05:37 - INFO - __main__ - --------------------------------------------------
11/13/2021 14:05:37 - INFO - __main__ - Evaluating to get errors .... Timecode: 58
11/13/2021 14:05:42 - INFO - __main__ - Before Error Fixing: {'EM': 0.65625, 'QA-F1': 0.7465104337917003}
11/13/2021 14:05:42 - INFO - __main__ - Found 22 errors.
11/13/2021 14:05:42 - INFO - __main__ - Start error-fixing .... Timecode: 58
11/13/2021 14:05:52 - INFO - __main__ - Start error-fixing .... Done!
11/13/2021 14:05:54 - INFO - __main__ - EFR=1.0
11/13/2021 14:05:54 - INFO - __main__ - Overall: 0.7079978813559322 from scores=[0.477489406779661, 1.0, 0.80859375, 0.73828125, 0.515625]
11/13/2021 14:05:54 - INFO - __main__ - --------------------------------------------------
11/13/2021 14:05:54 - INFO - __main__ - Evaluating to get errors .... Timecode: 59
11/13/2021 14:05:58 - INFO - __main__ - Before Error Fixing: {'EM': 0.5625, 'QA-F1': 0.657986111111111}
11/13/2021 14:05:58 - INFO - __main__ - Found 28 errors.
11/13/2021 14:05:58 - INFO - __main__ - Start error-fixing .... Timecode: 59
11/13/2021 14:06:10 - INFO - __main__ - Start error-fixing .... Done!
11/13/2021 14:06:12 - INFO - __main__ - EFR=1.0
11/13/2021 14:06:12 - INFO - __main__ - Overall: 0.70828125 from scores=[0.47890625, 1.0, 0.80859375, 0.73828125, 0.515625]
11/13/2021 14:06:12 - INFO - __main__ - --------------------------------------------------
11/13/2021 14:06:12 - INFO - __main__ - Start eval_knowledge_retention for UKR @ Timecode=60
11/13/2021 14:06:36 - INFO - __main__ - Upstream Knowledge Retation (UKR@60): 0.7383
11/13/2021 14:06:38 - INFO - __main__ - Start eval_knowledge_retention for OKR @ Timecode=60
11/13/2021 14:07:07 - INFO - __main__ - Online Knowledge Retation (OKR@60): 0.8145
11/13/2021 14:07:07 - INFO - __main__ - Start eval_knowledge_generalization for KG @ Timecode=60
11/13/2021 14:08:15 - INFO - __main__ - Future Knowledge Generalization (KG@60): 0.4727
11/13/2021 14:08:15 - INFO - __main__ - Evaluating to get errors .... Timecode: 60
11/13/2021 14:08:18 - INFO - __main__ - Before Error Fixing: {'EM': 0.546875, 'QA-F1': 0.6628472222222221}
11/13/2021 14:08:18 - INFO - __main__ - Found 29 errors.
11/13/2021 14:08:18 - INFO - __main__ - Start error-fixing .... Timecode: 60
11/13/2021 14:08:28 - INFO - __main__ - Start error-fixing .... Done!
11/13/2021 14:08:30 - INFO - __main__ - EFR=1.0
11/13/2021 14:08:30 - INFO - __main__ - Overall: 0.7010822233606557 from scores=[0.48002049180327866, 1.0, 0.814453125, 0.73828125, 0.47265625]
11/13/2021 14:08:32 - INFO - __main__ - Model saved to experiments/ckpt_dirs/qa/er/qa_simplecl_lr=3e-5_ep=10_l2w=0_T=100,b=64,alpha=0.1,beta=0.5,gamma=0.8/model_ckpt_060.pt.
11/13/2021 14:08:32 - INFO - __main__ - Updated result feule: experiments/results/qa/qa_simplecl_lr=3e-5_ep=10_l2w=0_T=100,b=64,alpha=0.1,beta=0.5,gamma=0.8_result.json at Timecode: 60.
11/13/2021 14:08:32 - INFO - __main__ - --------------------------------------------------
11/13/2021 14:08:32 - INFO - __main__ - Evaluating to get errors .... Timecode: 61
11/13/2021 14:08:37 - INFO - __main__ - Before Error Fixing: {'EM': 0.5, 'QA-F1': 0.6423076923076922}
11/13/2021 14:08:37 - INFO - __main__ - Found 32 errors.
11/13/2021 14:08:37 - INFO - __main__ - Start error-fixing .... Timecode: 61
11/13/2021 14:08:51 - INFO - __main__ - Start error-fixing .... Done!
11/13/2021 14:08:54 - INFO - __main__ - EFR=1.0
11/13/2021 14:08:54 - INFO - __main__ - Overall: 0.7011466733870968 from scores=[0.4803427419354839, 1.0, 0.814453125, 0.73828125, 0.47265625]
11/13/2021 14:08:54 - INFO - __main__ - --------------------------------------------------
11/13/2021 14:08:54 - INFO - __main__ - Evaluating to get errors .... Timecode: 62
11/13/2021 14:08:59 - INFO - __main__ - Before Error Fixing: {'EM': 0.421875, 'QA-F1': 0.5564267113095238}
11/13/2021 14:08:59 - INFO - __main__ - Found 37 errors.
11/13/2021 14:08:59 - INFO - __main__ - Start error-fixing .... Timecode: 62
11/13/2021 14:09:15 - INFO - __main__ - Start error-fixing .... Done!
11/13/2021 14:09:17 - INFO - __main__ - EFR=0.972972972972973
11/13/2021 14:09:17 - INFO - __main__ - Overall: 0.6955556561025311 from scores=[0.47941468253968256, 0.972972972972973, 0.814453125, 0.73828125, 0.47265625]
11/13/2021 14:09:17 - INFO - __main__ - --------------------------------------------------
11/13/2021 14:09:17 - INFO - __main__ - Evaluating to get errors .... Timecode: 63
11/13/2021 14:09:20 - INFO - __main__ - Before Error Fixing: {'EM': 0.5, 'QA-F1': 0.6441220238095238}
11/13/2021 14:09:20 - INFO - __main__ - Found 32 errors.
11/13/2021 14:09:21 - INFO - __main__ - Start error-fixing .... Timecode: 63
11/13/2021 14:09:34 - INFO - __main__ - Start error-fixing .... Done!
11/13/2021 14:09:36 - INFO - __main__ - EFR=1.0
11/13/2021 14:09:36 - INFO - __main__ - Overall: 0.701025390625 from scores=[0.479736328125, 1.0, 0.814453125, 0.73828125, 0.47265625]
11/13/2021 14:09:36 - INFO - __main__ - --------------------------------------------------
11/13/2021 14:09:36 - INFO - __main__ - Evaluating to get errors .... Timecode: 64
11/13/2021 14:09:39 - INFO - __main__ - Before Error Fixing: {'EM': 0.609375, 'QA-F1': 0.7189236111111111}
11/13/2021 14:09:39 - INFO - __main__ - Found 25 errors.
11/13/2021 14:09:39 - INFO - __main__ - Start error-fixing .... Timecode: 64
11/13/2021 14:09:49 - INFO - __main__ - Start error-fixing .... Done!
11/13/2021 14:09:51 - INFO - __main__ - EFR=1.0
11/13/2021 14:09:51 - INFO - __main__ - Overall: 0.7014242788461538 from scores=[0.4817307692307692, 1.0, 0.814453125, 0.73828125, 0.47265625]
11/13/2021 14:09:51 - INFO - __main__ - --------------------------------------------------
11/13/2021 14:09:51 - INFO - __main__ - Evaluating to get errors .... Timecode: 65
11/13/2021 14:09:55 - INFO - __main__ - Before Error Fixing: {'EM': 0.53125, 'QA-F1': 0.6659616425241426}
11/13/2021 14:09:55 - INFO - __main__ - Found 30 errors.
11/13/2021 14:09:56 - INFO - __main__ - Start error-fixing .... Timecode: 65
11/13/2021 14:10:08 - INFO - __main__ - Start error-fixing .... Done!
11/13/2021 14:10:10 - INFO - __main__ - EFR=1.0
11/13/2021 14:10:10 - INFO - __main__ - Overall: 0.7015743371212121 from scores=[0.48248106060606055, 1.0, 0.814453125, 0.73828125, 0.47265625]
11/13/2021 14:10:10 - INFO - __main__ - --------------------------------------------------
11/13/2021 14:10:10 - INFO - __main__ - Evaluating to get errors .... Timecode: 66
11/13/2021 14:10:13 - INFO - __main__ - Before Error Fixing: {'EM': 0.546875, 'QA-F1': 0.6453431984681984}
11/13/2021 14:10:13 - INFO - __main__ - Found 29 errors.
11/13/2021 14:10:14 - INFO - __main__ - Start error-fixing .... Timecode: 66
11/13/2021 14:10:25 - INFO - __main__ - Start error-fixing .... Done!
11/13/2021 14:10:27 - INFO - __main__ - EFR=1.0
11/13/2021 14:10:27 - INFO - __main__ - Overall: 0.7017665578358209 from scores=[0.48344216417910446, 1.0, 0.814453125, 0.73828125, 0.47265625]
11/13/2021 14:10:27 - INFO - __main__ - --------------------------------------------------
11/13/2021 14:10:27 - INFO - __main__ - Evaluating to get errors .... Timecode: 67
11/13/2021 14:10:32 - INFO - __main__ - Before Error Fixing: {'EM': 0.359375, 'QA-F1': 0.5231706421863871}
11/13/2021 14:10:32 - INFO - __main__ - Found 41 errors.
11/13/2021 14:10:32 - INFO - __main__ - Start error-fixing .... Timecode: 67
11/13/2021 14:10:48 - INFO - __main__ - Start error-fixing .... Done!
11/13/2021 14:10:51 - INFO - __main__ - EFR=0.975609756097561
11/13/2021 14:10:51 - INFO - __main__ - Overall: 0.6965236056312769 from scores=[0.4816176470588235, 0.975609756097561, 0.814453125, 0.73828125, 0.47265625]
11/13/2021 14:10:51 - INFO - __main__ - --------------------------------------------------
11/13/2021 14:10:51 - INFO - __main__ - Evaluating to get errors .... Timecode: 68
11/13/2021 14:10:55 - INFO - __main__ - Before Error Fixing: {'EM': 0.546875, 'QA-F1': 0.6611263736263737}
11/13/2021 14:10:55 - INFO - __main__ - Found 29 errors.
11/13/2021 14:10:55 - INFO - __main__ - Start error-fixing .... Timecode: 68
11/13/2021 14:11:08 - INFO - __main__ - Start error-fixing .... Done!
11/13/2021 14:11:10 - INFO - __main__ - EFR=0.9655172413793104
11/13/2021 14:11:10 - INFO - __main__ - Overall: 0.6946942544352824 from scores=[0.48256340579710144, 0.9655172413793104, 0.814453125, 0.73828125, 0.47265625]
11/13/2021 14:11:10 - INFO - __main__ - --------------------------------------------------
11/13/2021 14:11:10 - INFO - __main__ - Evaluating to get errors .... Timecode: 69
11/13/2021 14:11:15 - INFO - __main__ - Before Error Fixing: {'EM': 0.578125, 'QA-F1': 0.676165110930736}
11/13/2021 14:11:15 - INFO - __main__ - Found 27 errors.
11/13/2021 14:11:15 - INFO - __main__ - Start error-fixing .... Timecode: 69
11/13/2021 14:11:27 - INFO - __main__ - Start error-fixing .... Done!
11/13/2021 14:11:29 - INFO - __main__ - EFR=0.9629629629629629
11/13/2021 14:11:29 - INFO - __main__ - Overall: 0.6944564318783069 from scores=[0.4839285714285714, 0.9629629629629629, 0.814453125, 0.73828125, 0.47265625]
11/13/2021 14:11:29 - INFO - __main__ - --------------------------------------------------
11/13/2021 14:11:29 - INFO - __main__ - Start eval_knowledge_retention for UKR @ Timecode=70
11/13/2021 14:11:54 - INFO - __main__ - Upstream Knowledge Retation (UKR@70): 0.7422
11/13/2021 14:11:55 - INFO - __main__ - Start eval_knowledge_retention for OKR @ Timecode=70
11/13/2021 14:12:27 - INFO - __main__ - Online Knowledge Retation (OKR@70): 0.8086
11/13/2021 14:12:27 - INFO - __main__ - Start eval_knowledge_generalization for KG @ Timecode=70
11/13/2021 14:13:35 - INFO - __main__ - Future Knowledge Generalization (KG@70): 0.4547
11/13/2021 14:13:35 - INFO - __main__ - Evaluating to get errors .... Timecode: 70
11/13/2021 14:13:38 - INFO - __main__ - Before Error Fixing: {'EM': 0.40625, 'QA-F1': 0.4918518981018981}
11/13/2021 14:13:38 - INFO - __main__ - Found 38 errors.
11/13/2021 14:13:39 - INFO - __main__ - Start error-fixing .... Timecode: 70
11/13/2021 14:13:55 - INFO - __main__ - Start error-fixing .... Done!
11/13/2021 14:13:58 - INFO - __main__ - EFR=1.0
11/13/2021 14:13:58 - INFO - __main__ - Overall: 0.6976606514084507 from scores=[0.4828345070422535, 1.0, 0.80859375, 0.7421875, 0.4546875]
11/13/2021 14:14:00 - INFO - __main__ - Model saved to experiments/ckpt_dirs/qa/er/qa_simplecl_lr=3e-5_ep=10_l2w=0_T=100,b=64,alpha=0.1,beta=0.5,gamma=0.8/model_ckpt_070.pt.
11/13/2021 14:14:00 - INFO - __main__ - Updated result feule: experiments/results/qa/qa_simplecl_lr=3e-5_ep=10_l2w=0_T=100,b=64,alpha=0.1,beta=0.5,gamma=0.8_result.json at Timecode: 70.
11/13/2021 14:14:00 - INFO - __main__ - --------------------------------------------------
11/13/2021 14:14:00 - INFO - __main__ - Evaluating to get errors .... Timecode: 71
11/13/2021 14:14:04 - INFO - __main__ - Before Error Fixing: {'EM': 0.578125, 'QA-F1': 0.6696165966386554}
11/13/2021 14:14:04 - INFO - __main__ - Found 27 errors.
11/13/2021 14:14:04 - INFO - __main__ - Start error-fixing .... Timecode: 71
11/13/2021 14:14:15 - INFO - __main__ - Start error-fixing .... Done!
11/13/2021 14:14:16 - INFO - __main__ - EFR=1.0
11/13/2021 14:14:16 - INFO - __main__ - Overall: 0.6979253472222222 from scores=[0.48415798611111116, 1.0, 0.80859375, 0.7421875, 0.4546875]
11/13/2021 14:14:16 - INFO - __main__ - --------------------------------------------------
11/13/2021 14:14:16 - INFO - __main__ - Evaluating to get errors .... Timecode: 72
11/13/2021 14:14:19 - INFO - __main__ - Before Error Fixing: {'EM': 0.625, 'QA-F1': 0.6709449404761905}
11/13/2021 14:14:19 - INFO - __main__ - Found 24 errors.
11/13/2021 14:14:19 - INFO - __main__ - Start error-fixing .... Timecode: 72
11/13/2021 14:14:30 - INFO - __main__ - Start error-fixing .... Done!
11/13/2021 14:14:31 - INFO - __main__ - EFR=1.0
11/13/2021 14:14:31 - INFO - __main__ - Overall: 0.6983112157534246 from scores=[0.48608732876712324, 1.0, 0.80859375, 0.7421875, 0.4546875]
11/13/2021 14:14:31 - INFO - __main__ - --------------------------------------------------
11/13/2021 14:14:31 - INFO - __main__ - Evaluating to get errors .... Timecode: 73
11/13/2021 14:14:34 - INFO - __main__ - Before Error Fixing: {'EM': 0.4375, 'QA-F1': 0.6151324803668554}
11/13/2021 14:14:34 - INFO - __main__ - Found 36 errors.
11/13/2021 14:14:34 - INFO - __main__ - Start error-fixing .... Timecode: 73
11/13/2021 14:14:49 - INFO - __main__ - Start error-fixing .... Done!
11/13/2021 14:14:51 - INFO - __main__ - EFR=1.0
11/13/2021 14:14:51 - INFO - __main__ - Overall: 0.6981798986486486 from scores=[0.4854307432432432, 1.0, 0.80859375, 0.7421875, 0.4546875]
11/13/2021 14:14:51 - INFO - __main__ - --------------------------------------------------
11/13/2021 14:14:51 - INFO - __main__ - Evaluating to get errors .... Timecode: 74
11/13/2021 14:14:55 - INFO - __main__ - Before Error Fixing: {'EM': 0.515625, 'QA-F1': 0.6629218871406372}
11/13/2021 14:14:55 - INFO - __main__ - Found 31 errors.
11/13/2021 14:14:55 - INFO - __main__ - Start error-fixing .... Timecode: 74
11/13/2021 14:15:07 - INFO - __main__ - Start error-fixing .... Done!
11/13/2021 14:15:09 - INFO - __main__ - EFR=1.0
11/13/2021 14:15:09 - INFO - __main__ - Overall: 0.6982604166666666 from scores=[0.48583333333333334, 1.0, 0.80859375, 0.7421875, 0.4546875]
11/13/2021 14:15:09 - INFO - __main__ - --------------------------------------------------
11/13/2021 14:15:09 - INFO - __main__ - Evaluating to get errors .... Timecode: 75
11/13/2021 14:15:14 - INFO - __main__ - Before Error Fixing: {'EM': 0.53125, 'QA-F1': 0.6976495726495726}
11/13/2021 14:15:14 - INFO - __main__ - Found 30 errors.
11/13/2021 14:15:14 - INFO - __main__ - Start error-fixing .... Timecode: 75
11/13/2021 14:15:24 - INFO - __main__ - Start error-fixing .... Done!
11/13/2021 14:15:26 - INFO - __main__ - EFR=1.0
11/13/2021 14:15:26 - INFO - __main__ - Overall: 0.6983799342105262 from scores=[0.4864309210526315, 1.0, 0.80859375, 0.7421875, 0.4546875]
11/13/2021 14:15:26 - INFO - __main__ - --------------------------------------------------
11/13/2021 14:15:26 - INFO - __main__ - Evaluating to get errors .... Timecode: 76
11/13/2021 14:15:30 - INFO - __main__ - Before Error Fixing: {'EM': 0.578125, 'QA-F1': 0.6594426406926407}
11/13/2021 14:15:30 - INFO - __main__ - Found 27 errors.
11/13/2021 14:15:30 - INFO - __main__ - Start error-fixing .... Timecode: 76
11/13/2021 14:15:41 - INFO - __main__ - Start error-fixing .... Done!
11/13/2021 14:15:42 - INFO - __main__ - EFR=1.0
11/13/2021 14:15:42 - INFO - __main__ - Overall: 0.6986181006493506 from scores=[0.4876217532467533, 1.0, 0.80859375, 0.7421875, 0.4546875]
11/13/2021 14:15:42 - INFO - __main__ - --------------------------------------------------
11/13/2021 14:15:42 - INFO - __main__ - Evaluating to get errors .... Timecode: 77
11/13/2021 14:15:46 - INFO - __main__ - Before Error Fixing: {'EM': 0.640625, 'QA-F1': 0.7405763507326008}
11/13/2021 14:15:46 - INFO - __main__ - Found 23 errors.
11/13/2021 14:15:46 - INFO - __main__ - Start error-fixing .... Timecode: 77
11/13/2021 14:15:55 - INFO - __main__ - Start error-fixing .... Done!
11/13/2021 14:15:56 - INFO - __main__ - EFR=0.9130434782608695
11/13/2021 14:15:56 - INFO - __main__ - Overall: 0.6816191123188406 from scores=[0.48958333333333337, 0.9130434782608695, 0.80859375, 0.7421875, 0.4546875]
11/13/2021 14:15:56 - INFO - __main__ - --------------------------------------------------
11/13/2021 14:15:56 - INFO - __main__ - Evaluating to get errors .... Timecode: 78
11/13/2021 14:16:00 - INFO - __main__ - Before Error Fixing: {'EM': 0.53125, 'QA-F1': 0.6576664977256725}
11/13/2021 14:16:00 - INFO - __main__ - Found 30 errors.
11/13/2021 14:16:00 - INFO - __main__ - Start error-fixing .... Timecode: 78
11/13/2021 14:16:12 - INFO - __main__ - Start error-fixing .... Done!
11/13/2021 14:16:14 - INFO - __main__ - EFR=0.9666666666666667
11/13/2021 14:16:14 - INFO - __main__ - Overall: 0.6924492352320675 from scores=[0.4901107594936709, 0.9666666666666667, 0.80859375, 0.7421875, 0.4546875]
11/13/2021 14:16:14 - INFO - __main__ - --------------------------------------------------
11/13/2021 14:16:14 - INFO - __main__ - Evaluating to get errors .... Timecode: 79
11/13/2021 14:16:17 - INFO - __main__ - Before Error Fixing: {'EM': 0.546875, 'QA-F1': 0.6675686612364243}
11/13/2021 14:16:17 - INFO - __main__ - Found 29 errors.
11/13/2021 14:16:18 - INFO - __main__ - Start error-fixing .... Timecode: 79
11/13/2021 14:16:27 - INFO - __main__ - Start error-fixing .... Done!
11/13/2021 14:16:29 - INFO - __main__ - EFR=0.9310344827586207
11/13/2021 14:16:29 - INFO - __main__ - Overall: 0.6854647090517241 from scores=[0.4908203125, 0.9310344827586207, 0.80859375, 0.7421875, 0.4546875]
11/13/2021 14:16:29 - INFO - __main__ - --------------------------------------------------
11/13/2021 14:16:29 - INFO - __main__ - Start eval_knowledge_retention for UKR @ Timecode=80
11/13/2021 14:16:55 - INFO - __main__ - Upstream Knowledge Retation (UKR@80): 0.7012
11/13/2021 14:16:57 - INFO - __main__ - Start eval_knowledge_retention for OKR @ Timecode=80
11/13/2021 14:17:29 - INFO - __main__ - Online Knowledge Retation (OKR@80): 0.8223
11/13/2021 14:17:29 - INFO - __main__ - Start eval_knowledge_generalization for KG @ Timecode=80
11/13/2021 14:18:41 - INFO - __main__ - Future Knowledge Generalization (KG@80): 0.4875
11/13/2021 14:18:41 - INFO - __main__ - Evaluating to get errors .... Timecode: 80
11/13/2021 14:18:45 - INFO - __main__ - Before Error Fixing: {'EM': 0.703125, 'QA-F1': 0.7339130096483037}
11/13/2021 14:18:45 - INFO - __main__ - Found 19 errors.
11/13/2021 14:18:45 - INFO - __main__ - Start error-fixing .... Timecode: 80
11/13/2021 14:18:54 - INFO - __main__ - Start error-fixing .... Done!
11/13/2021 14:18:56 - INFO - __main__ - EFR=1.0
11/13/2021 14:18:56 - INFO - __main__ - Overall: 0.7008757716049383 from scores=[0.49344135802469136, 1.0, 0.822265625, 0.701171875, 0.4875]
11/13/2021 14:18:57 - INFO - __main__ - Model saved to experiments/ckpt_dirs/qa/er/qa_simplecl_lr=3e-5_ep=10_l2w=0_T=100,b=64,alpha=0.1,beta=0.5,gamma=0.8/model_ckpt_080.pt.
11/13/2021 14:18:58 - INFO - __main__ - Updated result feule: experiments/results/qa/qa_simplecl_lr=3e-5_ep=10_l2w=0_T=100,b=64,alpha=0.1,beta=0.5,gamma=0.8_result.json at Timecode: 80.
11/13/2021 14:18:58 - INFO - __main__ - --------------------------------------------------
11/13/2021 14:18:58 - INFO - __main__ - Evaluating to get errors .... Timecode: 81
11/13/2021 14:19:02 - INFO - __main__ - Before Error Fixing: {'EM': 0.578125, 'QA-F1': 0.662054061578518}
11/13/2021 14:19:02 - INFO - __main__ - Found 27 errors.
11/13/2021 14:19:02 - INFO - __main__ - Start error-fixing .... Timecode: 81
11/13/2021 14:19:12 - INFO - __main__ - Start error-fixing .... Done!
11/13/2021 14:19:14 - INFO - __main__ - EFR=0.9259259259259259
11/13/2021 14:19:14 - INFO - __main__ - Overall: 0.686267502258356 from scores=[0.4944740853658537, 0.9259259259259259, 0.822265625, 0.701171875, 0.4875]
11/13/2021 14:19:14 - INFO - __main__ - --------------------------------------------------
11/13/2021 14:19:14 - INFO - __main__ - Evaluating to get errors .... Timecode: 82
11/13/2021 14:19:17 - INFO - __main__ - Before Error Fixing: {'EM': 0.484375, 'QA-F1': 0.5959077380952381}
11/13/2021 14:19:17 - INFO - __main__ - Found 33 errors.
11/13/2021 14:19:17 - INFO - __main__ - Start error-fixing .... Timecode: 82
11/13/2021 14:19:32 - INFO - __main__ - Start error-fixing .... Done!
11/13/2021 14:19:34 - INFO - __main__ - EFR=1.0
11/13/2021 14:19:34 - INFO - __main__ - Overall: 0.7010579819277108 from scores=[0.4943524096385542, 1.0, 0.822265625, 0.701171875, 0.4875]
11/13/2021 14:19:34 - INFO - __main__ - --------------------------------------------------
11/13/2021 14:19:34 - INFO - __main__ - Evaluating to get errors .... Timecode: 83
11/13/2021 14:19:38 - INFO - __main__ - Before Error Fixing: {'EM': 0.578125, 'QA-F1': 0.6240214646464646}
11/13/2021 14:19:38 - INFO - __main__ - Found 27 errors.
11/13/2021 14:19:38 - INFO - __main__ - Start error-fixing .... Timecode: 83
11/13/2021 14:19:50 - INFO - __main__ - Start error-fixing .... Done!
11/13/2021 14:19:52 - INFO - __main__ - EFR=0.9629629629629629
11/13/2021 14:19:52 - INFO - __main__ - Overall: 0.693850033068783 from scores=[0.49534970238095233, 0.9629629629629629, 0.822265625, 0.701171875, 0.4875]
11/13/2021 14:19:52 - INFO - __main__ - --------------------------------------------------
11/13/2021 14:19:52 - INFO - __main__ - Evaluating to get errors .... Timecode: 84
11/13/2021 14:19:57 - INFO - __main__ - Before Error Fixing: {'EM': 0.53125, 'QA-F1': 0.605591804029304}
11/13/2021 14:19:57 - INFO - __main__ - Found 30 errors.
11/13/2021 14:19:57 - INFO - __main__ - Start error-fixing .... Timecode: 84
11/13/2021 14:20:10 - INFO - __main__ - Start error-fixing .... Done!
11/13/2021 14:20:12 - INFO - __main__ - EFR=1.0
11/13/2021 14:20:12 - INFO - __main__ - Overall: 0.7013419117647058 from scores=[0.49577205882352937, 1.0, 0.822265625, 0.701171875, 0.4875]
11/13/2021 14:20:12 - INFO - __main__ - --------------------------------------------------
11/13/2021 14:20:12 - INFO - __main__ - Evaluating to get errors .... Timecode: 85
11/13/2021 14:20:17 - INFO - __main__ - Before Error Fixing: {'EM': 0.53125, 'QA-F1': 0.6268663194444444}
11/13/2021 14:20:17 - INFO - __main__ - Found 30 errors.
11/13/2021 14:20:18 - INFO - __main__ - Start error-fixing .... Timecode: 85
11/13/2021 14:20:30 - INFO - __main__ - Start error-fixing .... Done!
11/13/2021 14:20:32 - INFO - __main__ - EFR=1.0
11/13/2021 14:20:32 - INFO - __main__ - Overall: 0.7014244186046511 from scores=[0.4961845930232558, 1.0, 0.822265625, 0.701171875, 0.4875]
11/13/2021 14:20:32 - INFO - __main__ - --------------------------------------------------
11/13/2021 14:20:32 - INFO - __main__ - Evaluating to get errors .... Timecode: 86
11/13/2021 14:20:35 - INFO - __main__ - Before Error Fixing: {'EM': 0.625, 'QA-F1': 0.6877095211698869}
11/13/2021 14:20:35 - INFO - __main__ - Found 24 errors.
11/13/2021 14:20:36 - INFO - __main__ - Start error-fixing .... Timecode: 86
11/13/2021 14:20:46 - INFO - __main__ - Start error-fixing .... Done!
11/13/2021 14:20:48 - INFO - __main__ - EFR=1.0
11/13/2021 14:20:48 - INFO - __main__ - Overall: 0.7017205459770114 from scores=[0.49766522988505746, 1.0, 0.822265625, 0.701171875, 0.4875]
11/13/2021 14:20:48 - INFO - __main__ - --------------------------------------------------
11/13/2021 14:20:48 - INFO - __main__ - Evaluating to get errors .... Timecode: 87
11/13/2021 14:20:52 - INFO - __main__ - Before Error Fixing: {'EM': 0.5625, 'QA-F1': 0.6946831597222223}
11/13/2021 14:20:52 - INFO - __main__ - Found 28 errors.
11/13/2021 14:20:52 - INFO - __main__ - Start error-fixing .... Timecode: 87
11/13/2021 14:21:05 - INFO - __main__ - Start error-fixing .... Done!
11/13/2021 14:21:07 - INFO - __main__ - EFR=0.9642857142857143
11/13/2021 14:21:07 - INFO - __main__ - Overall: 0.6947250405844155 from scores=[0.49840198863636365, 0.9642857142857143, 0.822265625, 0.701171875, 0.4875]
11/13/2021 14:21:07 - INFO - __main__ - --------------------------------------------------
11/13/2021 14:21:07 - INFO - __main__ - Evaluating to get errors .... Timecode: 88
11/13/2021 14:21:12 - INFO - __main__ - Before Error Fixing: {'EM': 0.625, 'QA-F1': 0.7440953497169529}
11/13/2021 14:21:12 - INFO - __main__ - Found 24 errors.
11/13/2021 14:21:12 - INFO - __main__ - Start error-fixing .... Timecode: 88
11/13/2021 14:21:22 - INFO - __main__ - Start error-fixing .... Done!
11/13/2021 14:21:25 - INFO - __main__ - EFR=0.9583333333333334
11/13/2021 14:21:25 - INFO - __main__ - Overall: 0.6938190543071161 from scores=[0.4998244382022472, 0.9583333333333334, 0.822265625, 0.701171875, 0.4875]
11/13/2021 14:21:25 - INFO - __main__ - --------------------------------------------------
11/13/2021 14:21:25 - INFO - __main__ - Evaluating to get errors .... Timecode: 89
11/13/2021 14:21:28 - INFO - __main__ - Before Error Fixing: {'EM': 0.59375, 'QA-F1': 0.695610119047619}
11/13/2021 14:21:28 - INFO - __main__ - Found 26 errors.
11/13/2021 14:21:28 - INFO - __main__ - Start error-fixing .... Timecode: 89
11/13/2021 14:21:40 - INFO - __main__ - Start error-fixing .... Done!
11/13/2021 14:21:42 - INFO - __main__ - EFR=1.0
11/13/2021 14:21:42 - INFO - __main__ - Overall: 0.702361111111111 from scores=[0.5008680555555556, 1.0, 0.822265625, 0.701171875, 0.4875]
11/13/2021 14:21:42 - INFO - __main__ - --------------------------------------------------
11/13/2021 14:21:42 - INFO - __main__ - Start eval_knowledge_retention for UKR @ Timecode=90
11/13/2021 14:22:09 - INFO - __main__ - Upstream Knowledge Retation (UKR@90): 0.7012
11/13/2021 14:22:11 - INFO - __main__ - Start eval_knowledge_retention for OKR @ Timecode=90
11/13/2021 14:22:47 - INFO - __main__ - Online Knowledge Retation (OKR@90): 0.7852
11/13/2021 14:22:47 - INFO - __main__ - Start eval_knowledge_generalization for KG @ Timecode=90
11/13/2021 14:23:57 - INFO - __main__ - Future Knowledge Generalization (KG@90): 0.4703
11/13/2021 14:23:57 - INFO - __main__ - Evaluating to get errors .... Timecode: 90
11/13/2021 14:24:01 - INFO - __main__ - Before Error Fixing: {'EM': 0.53125, 'QA-F1': 0.6931961614774115}
11/13/2021 14:24:01 - INFO - __main__ - Found 30 errors.
11/13/2021 14:24:01 - INFO - __main__ - Start error-fixing .... Timecode: 90
11/13/2021 14:24:11 - INFO - __main__ - Start error-fixing .... Done!
11/13/2021 14:24:13 - INFO - __main__ - EFR=0.9
11/13/2021 14:24:13 - INFO - __main__ - Overall: 0.6715685096153846 from scores=[0.5012019230769231, 0.9, 0.78515625, 0.701171875, 0.4703125]
11/13/2021 14:24:15 - INFO - __main__ - Model saved to experiments/ckpt_dirs/qa/er/qa_simplecl_lr=3e-5_ep=10_l2w=0_T=100,b=64,alpha=0.1,beta=0.5,gamma=0.8/model_ckpt_090.pt.
11/13/2021 14:24:15 - INFO - __main__ - Updated result feule: experiments/results/qa/qa_simplecl_lr=3e-5_ep=10_l2w=0_T=100,b=64,alpha=0.1,beta=0.5,gamma=0.8_result.json at Timecode: 90.
11/13/2021 14:24:15 - INFO - __main__ - --------------------------------------------------
11/13/2021 14:24:15 - INFO - __main__ - Evaluating to get errors .... Timecode: 91
11/13/2021 14:24:21 - INFO - __main__ - Before Error Fixing: {'EM': 0.515625, 'QA-F1': 0.6815252302844215}
11/13/2021 14:24:21 - INFO - __main__ - Found 31 errors.
11/13/2021 14:24:21 - INFO - __main__ - Start error-fixing .... Timecode: 91
11/13/2021 14:24:32 - INFO - __main__ - Start error-fixing .... Done!
11/13/2021 14:24:34 - INFO - __main__ - EFR=0.9354838709677419
11/13/2021 14:24:34 - INFO - __main__ - Overall: 0.6786966383239832 from scores=[0.5013586956521738, 0.9354838709677419, 0.78515625, 0.701171875, 0.4703125]
11/13/2021 14:24:34 - INFO - __main__ - --------------------------------------------------
11/13/2021 14:24:34 - INFO - __main__ - Evaluating to get errors .... Timecode: 92
11/13/2021 14:24:37 - INFO - __main__ - Before Error Fixing: {'EM': 0.5625, 'QA-F1': 0.6763392857142858}
11/13/2021 14:24:37 - INFO - __main__ - Found 28 errors.
11/13/2021 14:24:37 - INFO - __main__ - Start error-fixing .... Timecode: 92
11/13/2021 14:24:50 - INFO - __main__ - Start error-fixing .... Done!
11/13/2021 14:24:51 - INFO - __main__ - EFR=0.9642857142857143
11/13/2021 14:24:51 - INFO - __main__ - Overall: 0.6845884936635944 from scores=[0.502016129032258, 0.9642857142857143, 0.78515625, 0.701171875, 0.4703125]
11/13/2021 14:24:51 - INFO - __main__ - --------------------------------------------------
11/13/2021 14:24:51 - INFO - __main__ - Evaluating to get errors .... Timecode: 93
11/13/2021 14:24:55 - INFO - __main__ - Before Error Fixing: {'EM': 0.46875, 'QA-F1': 0.6145143995098039}
11/13/2021 14:24:55 - INFO - __main__ - Found 34 errors.
11/13/2021 14:24:55 - INFO - __main__ - Start error-fixing .... Timecode: 93
11/13/2021 14:25:08 - INFO - __main__ - Start error-fixing .... Done!
11/13/2021 14:25:10 - INFO - __main__ - EFR=0.9705882352941176
11/13/2021 14:25:10 - INFO - __main__ - Overall: 0.6857782188673341 from scores=[0.5016622340425532, 0.9705882352941176, 0.78515625, 0.701171875, 0.4703125]
11/13/2021 14:25:10 - INFO - __main__ - --------------------------------------------------
11/13/2021 14:25:10 - INFO - __main__ - Evaluating to get errors .... Timecode: 94
11/13/2021 14:25:15 - INFO - __main__ - Before Error Fixing: {'EM': 0.4375, 'QA-F1': 0.5633681303718068}
11/13/2021 14:25:15 - INFO - __main__ - Found 36 errors.
11/13/2021 14:25:15 - INFO - __main__ - Start error-fixing .... Timecode: 94
11/13/2021 14:25:29 - INFO - __main__ - Start error-fixing .... Done!
11/13/2021 14:25:32 - INFO - __main__ - EFR=0.9444444444444444
11/13/2021 14:25:32 - INFO - __main__ - Overall: 0.6804143823099416 from scores=[0.5009868421052632, 0.9444444444444444, 0.78515625, 0.701171875, 0.4703125]
11/13/2021 14:25:32 - INFO - __main__ - --------------------------------------------------
11/13/2021 14:25:32 - INFO - __main__ - Evaluating to get errors .... Timecode: 95
11/13/2021 14:25:36 - INFO - __main__ - Before Error Fixing: {'EM': 0.5, 'QA-F1': 0.621577380952381}
11/13/2021 14:25:36 - INFO - __main__ - Found 32 errors.
11/13/2021 14:25:36 - INFO - __main__ - Start error-fixing .... Timecode: 95
11/13/2021 14:25:50 - INFO - __main__ - Start error-fixing .... Done!
11/13/2021 14:25:52 - INFO - __main__ - EFR=1.0
11/13/2021 14:25:52 - INFO - __main__ - Overall: 0.6915234375 from scores=[0.5009765625, 1.0, 0.78515625, 0.701171875, 0.4703125]
11/13/2021 14:25:52 - INFO - __main__ - --------------------------------------------------
11/13/2021 14:25:52 - INFO - __main__ - Evaluating to get errors .... Timecode: 96
11/13/2021 14:25:55 - INFO - __main__ - Before Error Fixing: {'EM': 0.578125, 'QA-F1': 0.6295833333333333}
11/13/2021 14:25:55 - INFO - __main__ - Found 27 errors.
11/13/2021 14:25:55 - INFO - __main__ - Start error-fixing .... Timecode: 96
11/13/2021 14:26:08 - INFO - __main__ - Start error-fixing .... Done!
11/13/2021 14:26:09 - INFO - __main__ - EFR=1.0
11/13/2021 14:26:09 - INFO - __main__ - Overall: 0.6916825064432989 from scores=[0.5017719072164948, 1.0, 0.78515625, 0.701171875, 0.4703125]
11/13/2021 14:26:09 - INFO - __main__ - --------------------------------------------------
11/13/2021 14:26:09 - INFO - __main__ - Evaluating to get errors .... Timecode: 97
11/13/2021 14:26:13 - INFO - __main__ - Before Error Fixing: {'EM': 0.625, 'QA-F1': 0.6934895833333333}
11/13/2021 14:26:13 - INFO - __main__ - Found 24 errors.
11/13/2021 14:26:13 - INFO - __main__ - Start error-fixing .... Timecode: 97
11/13/2021 14:26:23 - INFO - __main__ - Start error-fixing .... Done!
11/13/2021 14:26:24 - INFO - __main__ - EFR=1.0
11/13/2021 14:26:24 - INFO - __main__ - Overall: 0.6919339923469388 from scores=[0.5030293367346939, 1.0, 0.78515625, 0.701171875, 0.4703125]
11/13/2021 14:26:24 - INFO - __main__ - --------------------------------------------------
11/13/2021 14:26:24 - INFO - __main__ - Evaluating to get errors .... Timecode: 98
11/13/2021 14:26:29 - INFO - __main__ - Before Error Fixing: {'EM': 0.53125, 'QA-F1': 0.6827768891647568}
11/13/2021 14:26:29 - INFO - __main__ - Found 30 errors.
11/13/2021 14:26:29 - INFO - __main__ - Start error-fixing .... Timecode: 98
11/13/2021 14:26:39 - INFO - __main__ - Start error-fixing .... Done!
11/13/2021 14:26:41 - INFO - __main__ - EFR=0.8666666666666667
11/13/2021 14:26:41 - INFO - __main__ - Overall: 0.6653243371212121 from scores=[0.5033143939393939, 0.8666666666666667, 0.78515625, 0.701171875, 0.4703125]
11/13/2021 14:26:41 - INFO - __main__ - --------------------------------------------------
11/13/2021 14:26:41 - INFO - __main__ - Start eval_knowledge_retention for UKR @ Timecode=99
11/13/2021 14:27:09 - INFO - __main__ - Upstream Knowledge Retation (UKR@99): 0.7109
11/13/2021 14:27:10 - INFO - __main__ - Start eval_knowledge_retention for OKR @ Timecode=99
11/13/2021 14:27:47 - INFO - __main__ - Online Knowledge Retation (OKR@99): 0.8340
11/13/2021 14:27:47 - INFO - __main__ - Start eval_knowledge_generalization for KG @ Timecode=99
11/13/2021 14:29:04 - INFO - __main__ - Future Knowledge Generalization (KG@99): 0.5312
11/13/2021 14:29:04 - INFO - __main__ - Evaluating to get errors .... Timecode: 99
11/13/2021 14:29:07 - INFO - __main__ - Before Error Fixing: {'EM': 0.671875, 'QA-F1': 0.7474788232600732}
11/13/2021 14:29:07 - INFO - __main__ - Found 21 errors.
11/13/2021 14:29:08 - INFO - __main__ - Start error-fixing .... Timecode: 99
11/13/2021 14:29:16 - INFO - __main__ - Start error-fixing .... Done!
11/13/2021 14:29:17 - INFO - __main__ - EFR=0.8571428571428571
11/13/2021 14:29:17 - INFO - __main__ - Overall: 0.6876629464285714 from scores=[0.505, 0.8571428571428571, 0.833984375, 0.7109375, 0.53125]
11/13/2021 14:29:17 - INFO - __main__ - --------------------------------------------------
11/13/2021 14:29:17 - INFO - __main__ - Start the final evaluation.
11/13/2021 14:29:17 - INFO - __main__ - Nothing here.
11/13/2021 14:29:19 - INFO - __main__ - Model saved to experiments/ckpt_dirs/qa/er/qa_simplecl_lr=3e-5_ep=10_l2w=0_T=100,b=64,alpha=0.1,beta=0.5,gamma=0.8/model_ckpt_100.pt.
11/13/2021 14:29:19 - INFO - __main__ - Updated result feule: experiments/results/qa/qa_simplecl_lr=3e-5_ep=10_l2w=0_T=100,b=64,alpha=0.1,beta=0.5,gamma=0.8_result.json at Timecode: 100.
11/13/2021 14:29:19 - INFO - __main__ - Finished. Results saved to experiments/results/qa/qa_simplecl_lr=3e-5_ep=10_l2w=0_T=100,b=64,alpha=0.1,beta=0.5,gamma=0.8_result.json
