11/03/2021 16:31:54 - INFO - __main__ - Namespace(adam_epsilon=1e-08, adapter_dim=32, append_another_bos=1, base_model_path='out/mrqa_squad_bart-base_1029_upstream_model//best-model.pt', base_model_type='facebook/bart-base', ckpt_dir='experiments/ckpt_dirs/qa/er/QA_simplecl_lr=5e-5_ep=6_T=100,b=64,alpha=0.98,beta=1,gamma=1', cl_method_name='simple_cl', current_thread_id=None, do_lowercase=False, ewc_gamma=1, ewc_lambda=0.5, example_encoder_name='roberta-base', freeze_embeds=False, gradient_accumulation_steps=1, heldout_submission_data='experiments/eval_data/qa/heldout_eval.jsonl', index_rank_method='most_similar', indexing_args_path='exp_results/supervision_data/1012_dm_simple.train_args.json', indexing_method='bart_index', inference_query_size=1, init_memory_cache_path='bug_data/memory_key_cache.pkl', kg_eval_freq=10, kg_eval_mode='metric', kr_eval_freq=5, kr_eval_mode='metric', learning_rate=5e-05, local_adapt_lr=1e-05, max_grad_norm=0.1, max_input_length=888, max_output_length=50, max_timecode=100, memory_key_encoder='facebook/bart-base', memory_path='', memory_store_rate=1.0, mir_abalation_args='none', num_adapt_epochs=1, num_beams=3, num_threads_eval=0, num_train_epochs=6.0, okr_sample_seed=1337, okr_sample_size=512, path_to_thread_result=None, predict_batch_size=48, prefix='QA_simplecl_lr=5e-5_ep=6_T=100,b=64,alpha=0.98,beta=1,gamma=1', replay_candidate_size=8, replay_frequency=1, replay_size=8, result_file='experiments/results/qa/QA_simplecl_lr=5e-5_ep=6_T=100,b=64,alpha=0.98,beta=1,gamma=1_result.json', save_ckpt_freq=10, seed=42, skip_instant_eval=False, submission_stream_data='experiments/eval_data/qa/submission_stream.T=100,b=64,alpha=0.98,beta=0.7,gamma=0.5.json', task_emb_dim=768, task_name='mrqa', train_batch_size=8, upstream_data_path='data/mrqa_squad/mrqa_squad_train.jsonl', upstream_eval_data='experiments/eval_data/qa/upstream_eval.jsonl', upstream_sample_ratio=-1, use_mir=False, use_replay_mix=False, use_wandb=True, weight_decay=0.01)
11/03/2021 16:31:54 - INFO - transformers.tokenization_utils - loading file https://s3.amazonaws.com/models.huggingface.co/bert/roberta-large-vocab.json from cache at /private/home/yuchenlin/.cache/torch/transformers/1ae1f5b6e2b22b25ccc04c000bb79ca847aa226d0761536b011cf7e5868f0655.ef00af9e673c7160b4d41cfda1f48c5f4cba57d5142754525572a846a1ab1b9b
11/03/2021 16:31:54 - INFO - transformers.tokenization_utils - loading file https://s3.amazonaws.com/models.huggingface.co/bert/roberta-large-merges.txt from cache at /private/home/yuchenlin/.cache/torch/transformers/f8f83199a6270d582d6245dc100e99c4155de81c9745c6248077018fe01abcfb.70bec105b4158ed9a1747fea67a43f5dee97855c64d62b6ec3742f4cfdb5feda
11/03/2021 16:32:08 - INFO - __main__ - load_data: len(upstream_eval_examples)=512
11/03/2021 16:32:08 - INFO - __main__ - load_data: len(heldout_eval_examples)=1280
11/03/2021 16:32:11 - INFO - __main__ - Loading checkpoint from out/mrqa_squad_bart-base_1029_upstream_model//best-model.pt for facebook/bart-base .....
11/03/2021 16:32:12 - INFO - transformers.configuration_utils - loading configuration file https://s3.amazonaws.com/models.huggingface.co/bert/facebook/bart-base/config.json from cache at /private/home/yuchenlin/.cache/torch/transformers/09f4fcaeaf785dd3b97b085d6e3510c7081f586ec8e75981683c6299c0f81d9d.e8d516ad807436d395effad8c2326786872659b7dd1210827ac67c761198a0eb
11/03/2021 16:32:12 - INFO - transformers.configuration_utils - Model config BartConfig {
  "activation_dropout": 0.1,
  "activation_function": "gelu",
  "add_bias_logits": false,
  "add_final_layer_norm": false,
  "architectures": [
    "BartModel",
    "BartForConditionalGeneration",
    "BartForSequenceClassification"
  ],
  "attention_dropout": 0.1,
  "bos_token_id": 0,
  "classif_dropout": 0.0,
  "d_model": 768,
  "decoder_attention_heads": 12,
  "decoder_ffn_dim": 3072,
  "decoder_layerdrop": 0.0,
  "decoder_layers": 6,
  "decoder_start_token_id": 2,
  "dropout": 0.1,
  "early_stopping": true,
  "encoder_attention_heads": 12,
  "encoder_ffn_dim": 3072,
  "encoder_layerdrop": 0.0,
  "encoder_layers": 6,
  "eos_token_id": 2,
  "id2label": {
    "0": "LABEL_0",
    "1": "LABEL_1",
    "2": "LABEL_2"
  },
  "init_std": 0.02,
  "is_encoder_decoder": true,
  "label2id": {
    "LABEL_0": 0,
    "LABEL_1": 1,
    "LABEL_2": 2
  },
  "max_position_embeddings": 1024,
  "model_type": "bart",
  "no_repeat_ngram_size": 3,
  "normalize_before": false,
  "normalize_embedding": true,
  "num_beams": 4,
  "num_hidden_layers": 6,
  "pad_token_id": 1,
  "scale_embedding": false,
  "static_position_embeddings": false,
  "task_specific_params": {
    "summarization": {
      "length_penalty": 1.0,
      "max_length": 128,
      "min_length": 12,
      "num_beams": 4
    },
    "summarization_cnn": {
      "length_penalty": 2.0,
      "max_length": 142,
      "min_length": 56,
      "num_beams": 4
    },
    "summarization_xsum": {
      "length_penalty": 1.0,
      "max_length": 62,
      "min_length": 11,
      "num_beams": 6
    }
  },
  "vocab_size": 50265
}

11/03/2021 16:32:12 - INFO - transformers.modeling_utils - loading weights file https://cdn.huggingface.co/facebook/bart-base/pytorch_model.bin from cache at /private/home/yuchenlin/.cache/torch/transformers/566c05fb6983817e8ad7a4fa51e3099fe9caa3b31730f964bc5198d71c677523.0a3d95c18c1e434448941bc25accea7b122882be6526fb67c8e8fb6d5ebc711c
11/03/2021 16:32:15 - INFO - __main__ - Loading checkpoint from out/mrqa_squad_bart-base_1029_upstream_model//best-model.pt for facebook/bart-base ..... Done!
11/03/2021 16:32:18 - INFO - __main__ - Moving to the GPUs.
11/03/2021 16:32:18 - INFO - __main__ - Debugger Setup ......
11/03/2021 16:32:18 - INFO - __main__ - debugger_args: Namespace(adam_epsilon=1e-08, ckpt_dir='experiments/ckpt_dirs/qa/er/QA_simplecl_lr=5e-5_ep=6_T=100,b=64,alpha=0.98,beta=1,gamma=1', gradient_accumulation_steps=1, kg_eval_freq=10, kg_eval_mode='metric', kr_eval_freq=5, kr_eval_mode='metric', learning_rate=5e-05, max_grad_norm=0.1, num_epochs=6.0, okr_sample_seed=1337, okr_sample_size=512, save_ckpt_freq=10, skip_instant_eval=False, total_steps=10000, warmup_steps=0, weight_decay=0.01) ......
11/03/2021 16:32:18 - INFO - __main__ - optimizer & scheduler Setup ...... Done!
11/03/2021 16:32:18 - INFO - __main__ - Debugger Setup ...... Done!
11/03/2021 16:32:18 - INFO - __main__ - Start Online Debugging with Dynamic Error Mode
11/03/2021 16:32:18 - INFO - __main__ - Number of Batches of Data: 100
11/03/2021 16:32:18 - INFO - __main__ - Data Batch Size: 64;
11/03/2021 16:32:20 - INFO - __main__ - Model saved to experiments/ckpt_dirs/qa/er/QA_simplecl_lr=5e-5_ep=6_T=100,b=64,alpha=0.98,beta=1,gamma=1/model_ckpt_000.pt.
11/03/2021 16:32:20 - INFO - __main__ - Start eval_knowledge_retention for UKR @ Timecode=0
11/03/2021 16:32:40 - INFO - __main__ - Upstream Knowledge Retation (UKR@0): 0.8027
11/03/2021 16:32:40 - INFO - __main__ - Start eval_knowledge_generalization for KG @ Timecode=0
11/03/2021 16:34:02 - INFO - __main__ - Future Knowledge Generalization (KG@0): 0.3125
11/03/2021 16:34:02 - INFO - __main__ - Evaluating to get errors .... Timecode: 0
11/03/2021 16:34:04 - INFO - __main__ - Before Error Fixing: {'EM': 0.703125, 'QA-F1': 0.7337141106442577}
11/03/2021 16:34:04 - INFO - __main__ - Found 19 errors.
11/03/2021 16:34:04 - INFO - __main__ - Start error-fixing .... Timecode: 0
11/03/2021 16:34:07 - INFO - __main__ - Start error-fixing .... Done!
11/03/2021 16:34:08 - INFO - __main__ - Overall: 0.8515625 from scores=[0.703125, 1.0]
11/03/2021 16:34:09 - INFO - __main__ - Model saved to experiments/ckpt_dirs/qa/er/QA_simplecl_lr=5e-5_ep=6_T=100,b=64,alpha=0.98,beta=1,gamma=1/model_ckpt_000.pt.
11/03/2021 16:34:09 - INFO - __main__ - Updated result feule: experiments/results/qa/QA_simplecl_lr=5e-5_ep=6_T=100,b=64,alpha=0.98,beta=1,gamma=1_result.json at Timecode: 0.
11/03/2021 16:34:09 - INFO - __main__ - --------------------------------------------------
11/03/2021 16:34:09 - INFO - __main__ - Evaluating to get errors .... Timecode: 1
11/03/2021 16:34:12 - INFO - __main__ - Before Error Fixing: {'EM': 0.71875, 'QA-F1': 0.7779806998556998}
11/03/2021 16:34:12 - INFO - __main__ - Found 18 errors.
11/03/2021 16:34:12 - INFO - __main__ - Start error-fixing .... Timecode: 1
11/03/2021 16:34:15 - INFO - __main__ - Start error-fixing .... Done!
11/03/2021 16:34:16 - INFO - __main__ - Overall: 0.7999131944444444 from scores=[0.7109375, 0.8888888888888888]
11/03/2021 16:34:16 - INFO - __main__ - --------------------------------------------------
11/03/2021 16:34:16 - INFO - __main__ - Evaluating to get errors .... Timecode: 2
11/03/2021 16:34:19 - INFO - __main__ - Before Error Fixing: {'EM': 0.78125, 'QA-F1': 0.862510492979243}
11/03/2021 16:34:19 - INFO - __main__ - Found 14 errors.
11/03/2021 16:34:19 - INFO - __main__ - Start error-fixing .... Timecode: 2
11/03/2021 16:34:21 - INFO - __main__ - Start error-fixing .... Done!
11/03/2021 16:34:22 - INFO - __main__ - Overall: 0.8671875 from scores=[0.734375, 1.0]
11/03/2021 16:34:22 - INFO - __main__ - --------------------------------------------------
11/03/2021 16:34:22 - INFO - __main__ - Evaluating to get errors .... Timecode: 3
11/03/2021 16:34:25 - INFO - __main__ - Before Error Fixing: {'EM': 0.75, 'QA-F1': 0.8208750450937952}
11/03/2021 16:34:25 - INFO - __main__ - Found 16 errors.
11/03/2021 16:34:25 - INFO - __main__ - Start error-fixing .... Timecode: 3
11/03/2021 16:34:29 - INFO - __main__ - Start error-fixing .... Done!
11/03/2021 16:34:30 - INFO - __main__ - Overall: 0.650390625 from scores=[0.73828125, 0.5625]
11/03/2021 16:34:30 - INFO - __main__ - --------------------------------------------------
11/03/2021 16:34:30 - INFO - __main__ - Evaluating to get errors .... Timecode: 4
11/03/2021 16:34:33 - INFO - __main__ - Before Error Fixing: {'EM': 0.75, 'QA-F1': 0.810185691045066}
11/03/2021 16:34:33 - INFO - __main__ - Found 16 errors.
11/03/2021 16:34:33 - INFO - __main__ - Start error-fixing .... Timecode: 4
11/03/2021 16:34:37 - INFO - __main__ - Start error-fixing .... Done!
11/03/2021 16:34:38 - INFO - __main__ - Overall: 0.8390625 from scores=[0.740625, 0.9375]
11/03/2021 16:34:38 - INFO - __main__ - --------------------------------------------------
11/03/2021 16:34:38 - INFO - __main__ - Start eval_knowledge_retention for UKR @ Timecode=5
11/03/2021 16:35:02 - INFO - __main__ - Upstream Knowledge Retation (UKR@5): 0.7637
11/03/2021 16:35:02 - INFO - __main__ - len(self.past_submissions) = 320                 < self.debugger_args.okr_sample_size = 512
11/03/2021 16:35:02 - INFO - __main__ - Evaluating to get errors .... Timecode: 5
11/03/2021 16:35:05 - INFO - __main__ - Before Error Fixing: {'EM': 0.71875, 'QA-F1': 0.7935577876984128}
11/03/2021 16:35:05 - INFO - __main__ - Found 18 errors.
11/03/2021 16:35:05 - INFO - __main__ - Start error-fixing .... Timecode: 5
11/03/2021 16:35:09 - INFO - __main__ - Start error-fixing .... Done!
11/03/2021 16:35:10 - INFO - __main__ - Overall: 0.8129340277777778 from scores=[0.7369791666666667, 0.8888888888888888]
11/03/2021 16:35:10 - INFO - __main__ - --------------------------------------------------
11/03/2021 16:35:10 - INFO - __main__ - Evaluating to get errors .... Timecode: 6
11/03/2021 16:35:13 - INFO - __main__ - Before Error Fixing: {'EM': 0.703125, 'QA-F1': 0.7787698412698414}
11/03/2021 16:35:13 - INFO - __main__ - Found 19 errors.
11/03/2021 16:35:13 - INFO - __main__ - Start error-fixing .... Timecode: 6
11/03/2021 16:35:16 - INFO - __main__ - Start error-fixing .... Done!
11/03/2021 16:35:17 - INFO - __main__ - Overall: 0.8660714285714286 from scores=[0.7321428571428572, 1.0]
11/03/2021 16:35:17 - INFO - __main__ - --------------------------------------------------
11/03/2021 16:35:17 - INFO - __main__ - Evaluating to get errors .... Timecode: 7
11/03/2021 16:35:20 - INFO - __main__ - Before Error Fixing: {'EM': 0.796875, 'QA-F1': 0.8256392045454545}
11/03/2021 16:35:20 - INFO - __main__ - Found 13 errors.
11/03/2021 16:35:20 - INFO - __main__ - Start error-fixing .... Timecode: 7
11/03/2021 16:35:22 - INFO - __main__ - Start error-fixing .... Done!
11/03/2021 16:35:23 - INFO - __main__ - Overall: 0.7931941105769231 from scores=[0.740234375, 0.8461538461538461]
11/03/2021 16:35:23 - INFO - __main__ - --------------------------------------------------
11/03/2021 16:35:23 - INFO - __main__ - Evaluating to get errors .... Timecode: 8
11/03/2021 16:35:26 - INFO - __main__ - Before Error Fixing: {'EM': 0.59375, 'QA-F1': 0.7460078065317035}
11/03/2021 16:35:26 - INFO - __main__ - Found 26 errors.
11/03/2021 16:35:26 - INFO - __main__ - Start error-fixing .... Timecode: 8
11/03/2021 16:35:32 - INFO - __main__ - Start error-fixing .... Done!
11/03/2021 16:35:33 - INFO - __main__ - Overall: 0.8619791666666666 from scores=[0.7239583333333333, 1.0]
11/03/2021 16:35:33 - INFO - __main__ - --------------------------------------------------
11/03/2021 16:35:33 - INFO - __main__ - Evaluating to get errors .... Timecode: 9
11/03/2021 16:35:36 - INFO - __main__ - Before Error Fixing: {'EM': 0.765625, 'QA-F1': 0.8018679511278195}
11/03/2021 16:35:36 - INFO - __main__ - Found 15 errors.
11/03/2021 16:35:36 - INFO - __main__ - Start error-fixing .... Timecode: 9
11/03/2021 16:35:39 - INFO - __main__ - Start error-fixing .... Done!
11/03/2021 16:35:40 - INFO - __main__ - Overall: 0.8640625 from scores=[0.728125, 1.0]
11/03/2021 16:35:40 - INFO - __main__ - --------------------------------------------------
11/03/2021 16:35:40 - INFO - __main__ - Start eval_knowledge_retention for UKR @ Timecode=10
11/03/2021 16:36:01 - INFO - __main__ - Upstream Knowledge Retation (UKR@10): 0.7773
11/03/2021 16:36:01 - INFO - __main__ - Start eval_knowledge_retention for OKR @ Timecode=10
11/03/2021 16:36:26 - INFO - __main__ - Online Knowledge Retation (OKR@10): 0.9121
11/03/2021 16:36:26 - INFO - __main__ - Start eval_knowledge_generalization for KG @ Timecode=10
11/03/2021 16:37:29 - INFO - __main__ - Future Knowledge Generalization (KG@10): 0.3961
11/03/2021 16:37:29 - INFO - __main__ - Evaluating to get errors .... Timecode: 10
11/03/2021 16:37:33 - INFO - __main__ - Before Error Fixing: {'EM': 0.5625, 'QA-F1': 0.6871802098364599}
11/03/2021 16:37:33 - INFO - __main__ - Found 28 errors.
11/03/2021 16:37:33 - INFO - __main__ - Start error-fixing .... Timecode: 10
11/03/2021 16:37:40 - INFO - __main__ - Start error-fixing .... Done!
11/03/2021 16:37:41 - INFO - __main__ - Overall: 0.7525801542207792 from scores=[0.7130681818181819, 0.9642857142857143, 0.912109375, 0.77734375, 0.39609375]
11/03/2021 16:37:44 - INFO - __main__ - Model saved to experiments/ckpt_dirs/qa/er/QA_simplecl_lr=5e-5_ep=6_T=100,b=64,alpha=0.98,beta=1,gamma=1/model_ckpt_010.pt.
11/03/2021 16:37:44 - INFO - __main__ - Updated result feule: experiments/results/qa/QA_simplecl_lr=5e-5_ep=6_T=100,b=64,alpha=0.98,beta=1,gamma=1_result.json at Timecode: 10.
11/03/2021 16:37:44 - INFO - __main__ - --------------------------------------------------
11/03/2021 16:37:44 - INFO - __main__ - Evaluating to get errors .... Timecode: 11
11/03/2021 16:37:47 - INFO - __main__ - Before Error Fixing: {'EM': 0.640625, 'QA-F1': 0.735707546152519}
11/03/2021 16:37:47 - INFO - __main__ - Found 23 errors.
11/03/2021 16:37:47 - INFO - __main__ - Start error-fixing .... Timecode: 11
11/03/2021 16:37:53 - INFO - __main__ - Start error-fixing .... Done!
11/03/2021 16:37:54 - INFO - __main__ - Overall: 0.758515625 from scores=[0.70703125, 1.0, 0.912109375, 0.77734375, 0.39609375]
11/03/2021 16:37:54 - INFO - __main__ - --------------------------------------------------
11/03/2021 16:37:54 - INFO - __main__ - Evaluating to get errors .... Timecode: 12
11/03/2021 16:37:58 - INFO - __main__ - Before Error Fixing: {'EM': 0.65625, 'QA-F1': 0.7170645254629631}
11/03/2021 16:37:58 - INFO - __main__ - Found 22 errors.
11/03/2021 16:37:58 - INFO - __main__ - Start error-fixing .... Timecode: 12
11/03/2021 16:38:03 - INFO - __main__ - Start error-fixing .... Done!
11/03/2021 16:38:04 - INFO - __main__ - Overall: 0.7486434659090909 from scores=[0.703125, 0.9545454545454546, 0.912109375, 0.77734375, 0.39609375]
11/03/2021 16:38:04 - INFO - __main__ - --------------------------------------------------
11/03/2021 16:38:04 - INFO - __main__ - Evaluating to get errors .... Timecode: 13
11/03/2021 16:38:07 - INFO - __main__ - Before Error Fixing: {'EM': 0.765625, 'QA-F1': 0.7875}
11/03/2021 16:38:07 - INFO - __main__ - Found 15 errors.
11/03/2021 16:38:07 - INFO - __main__ - Start error-fixing .... Timecode: 13
11/03/2021 16:38:10 - INFO - __main__ - Start error-fixing .... Done!
11/03/2021 16:38:11 - INFO - __main__ - Overall: 0.7452938988095238 from scores=[0.7075892857142857, 0.9333333333333333, 0.912109375, 0.77734375, 0.39609375]
11/03/2021 16:38:11 - INFO - __main__ - --------------------------------------------------
11/03/2021 16:38:11 - INFO - __main__ - Evaluating to get errors .... Timecode: 14
11/03/2021 16:38:14 - INFO - __main__ - Before Error Fixing: {'EM': 0.625, 'QA-F1': 0.7213245635943004}
11/03/2021 16:38:14 - INFO - __main__ - Found 24 errors.
11/03/2021 16:38:14 - INFO - __main__ - Start error-fixing .... Timecode: 14
11/03/2021 16:38:19 - INFO - __main__ - Start error-fixing .... Done!
11/03/2021 16:38:20 - INFO - __main__ - Overall: 0.7575260416666667 from scores=[0.7020833333333334, 1.0, 0.912109375, 0.77734375, 0.39609375]
11/03/2021 16:38:20 - INFO - __main__ - --------------------------------------------------
11/03/2021 16:38:20 - INFO - __main__ - Start eval_knowledge_retention for UKR @ Timecode=15
11/03/2021 16:38:38 - INFO - __main__ - Upstream Knowledge Retation (UKR@15): 0.7832
11/03/2021 16:38:38 - INFO - __main__ - Start eval_knowledge_retention for OKR @ Timecode=15
11/03/2021 16:39:01 - INFO - __main__ - Online Knowledge Retation (OKR@15): 0.8945
11/03/2021 16:39:01 - INFO - __main__ - Evaluating to get errors .... Timecode: 15
11/03/2021 16:39:04 - INFO - __main__ - Before Error Fixing: {'EM': 0.671875, 'QA-F1': 0.7153159340659341}
11/03/2021 16:39:04 - INFO - __main__ - Found 21 errors.
11/03/2021 16:39:04 - INFO - __main__ - Start error-fixing .... Timecode: 15
11/03/2021 16:39:09 - INFO - __main__ - Start error-fixing .... Done!
11/03/2021 16:39:11 - INFO - __main__ - Overall: 0.7548046875 from scores=[0.7001953125, 1.0, 0.89453125, 0.783203125, 0.39609375]
11/03/2021 16:39:11 - INFO - __main__ - --------------------------------------------------
11/03/2021 16:39:11 - INFO - __main__ - Evaluating to get errors .... Timecode: 16
11/03/2021 16:39:14 - INFO - __main__ - Before Error Fixing: {'EM': 0.75, 'QA-F1': 0.77296875}
11/03/2021 16:39:14 - INFO - __main__ - Found 16 errors.
11/03/2021 16:39:14 - INFO - __main__ - Start error-fixing .... Timecode: 16
11/03/2021 16:39:18 - INFO - __main__ - Start error-fixing .... Done!
11/03/2021 16:39:19 - INFO - __main__ - Overall: 0.755390625 from scores=[0.703125, 1.0, 0.89453125, 0.783203125, 0.39609375]
11/03/2021 16:39:19 - INFO - __main__ - --------------------------------------------------
11/03/2021 16:39:19 - INFO - __main__ - Evaluating to get errors .... Timecode: 17
11/03/2021 16:39:22 - INFO - __main__ - Before Error Fixing: {'EM': 0.71875, 'QA-F1': 0.7630208333333334}
11/03/2021 16:39:22 - INFO - __main__ - Found 18 errors.
11/03/2021 16:39:22 - INFO - __main__ - Start error-fixing .... Timecode: 17
11/03/2021 16:39:27 - INFO - __main__ - Start error-fixing .... Done!
11/03/2021 16:39:28 - INFO - __main__ - Overall: 0.755564236111111 from scores=[0.7039930555555556, 1.0, 0.89453125, 0.783203125, 0.39609375]
11/03/2021 16:39:28 - INFO - __main__ - --------------------------------------------------
11/03/2021 16:39:28 - INFO - __main__ - Evaluating to get errors .... Timecode: 18
11/03/2021 16:39:31 - INFO - __main__ - Before Error Fixing: {'EM': 0.75, 'QA-F1': 0.8061930394167236}
11/03/2021 16:39:31 - INFO - __main__ - Found 16 errors.
11/03/2021 16:39:31 - INFO - __main__ - Start error-fixing .... Timecode: 18
11/03/2021 16:39:35 - INFO - __main__ - Start error-fixing .... Done!
11/03/2021 16:39:37 - INFO - __main__ - Overall: 0.7435485197368421 from scores=[0.7064144736842105, 0.9375, 0.89453125, 0.783203125, 0.39609375]
11/03/2021 16:39:37 - INFO - __main__ - --------------------------------------------------
11/03/2021 16:39:37 - INFO - __main__ - Evaluating to get errors .... Timecode: 19
11/03/2021 16:39:41 - INFO - __main__ - Before Error Fixing: {'EM': 0.640625, 'QA-F1': 0.6891407203907203}
11/03/2021 16:39:41 - INFO - __main__ - Found 23 errors.
11/03/2021 16:39:41 - INFO - __main__ - Start error-fixing .... Timecode: 19
11/03/2021 16:39:47 - INFO - __main__ - Start error-fixing .... Done!
11/03/2021 16:39:48 - INFO - __main__ - Overall: 0.7466949728260869 from scores=[0.703125, 0.9565217391304348, 0.89453125, 0.783203125, 0.39609375]
11/03/2021 16:39:48 - INFO - __main__ - --------------------------------------------------
11/03/2021 16:39:48 - INFO - __main__ - Start eval_knowledge_retention for UKR @ Timecode=20
11/03/2021 16:40:07 - INFO - __main__ - Upstream Knowledge Retation (UKR@20): 0.7812
11/03/2021 16:40:07 - INFO - __main__ - Start eval_knowledge_retention for OKR @ Timecode=20
11/03/2021 16:40:35 - INFO - __main__ - Online Knowledge Retation (OKR@20): 0.8984
11/03/2021 16:40:35 - INFO - __main__ - Start eval_knowledge_generalization for KG @ Timecode=20
11/03/2021 16:41:32 - INFO - __main__ - Future Knowledge Generalization (KG@20): 0.4344
11/03/2021 16:41:32 - INFO - __main__ - Evaluating to get errors .... Timecode: 20
11/03/2021 16:41:35 - INFO - __main__ - Before Error Fixing: {'EM': 0.765625, 'QA-F1': 0.8324425574425575}
11/03/2021 16:41:35 - INFO - __main__ - Found 15 errors.
11/03/2021 16:41:35 - INFO - __main__ - Start error-fixing .... Timecode: 20
11/03/2021 16:41:39 - INFO - __main__ - Start error-fixing .... Done!
11/03/2021 16:41:40 - INFO - __main__ - Overall: 0.7640327380952382 from scores=[0.7061011904761905, 1.0, 0.8984375, 0.78125, 0.434375]
11/03/2021 16:41:42 - INFO - __main__ - Model saved to experiments/ckpt_dirs/qa/er/QA_simplecl_lr=5e-5_ep=6_T=100,b=64,alpha=0.98,beta=1,gamma=1/model_ckpt_020.pt.
11/03/2021 16:41:42 - INFO - __main__ - Updated result feule: experiments/results/qa/QA_simplecl_lr=5e-5_ep=6_T=100,b=64,alpha=0.98,beta=1,gamma=1_result.json at Timecode: 20.
11/03/2021 16:41:42 - INFO - __main__ - --------------------------------------------------
11/03/2021 16:41:42 - INFO - __main__ - Evaluating to get errors .... Timecode: 21
11/03/2021 16:41:45 - INFO - __main__ - Before Error Fixing: {'EM': 0.6875, 'QA-F1': 0.7555145069391394}
11/03/2021 16:41:45 - INFO - __main__ - Found 20 errors.
11/03/2021 16:41:45 - INFO - __main__ - Start error-fixing .... Timecode: 21
11/03/2021 16:41:50 - INFO - __main__ - Start error-fixing .... Done!
11/03/2021 16:41:52 - INFO - __main__ - Overall: 0.7538636363636364 from scores=[0.7052556818181819, 0.95, 0.8984375, 0.78125, 0.434375]
11/03/2021 16:41:52 - INFO - __main__ - --------------------------------------------------
11/03/2021 16:41:52 - INFO - __main__ - Evaluating to get errors .... Timecode: 22
11/03/2021 16:41:54 - INFO - __main__ - Before Error Fixing: {'EM': 0.703125, 'QA-F1': 0.7468978937728937}
11/03/2021 16:41:54 - INFO - __main__ - Found 19 errors.
11/03/2021 16:41:54 - INFO - __main__ - Start error-fixing .... Timecode: 22
11/03/2021 16:41:58 - INFO - __main__ - Start error-fixing .... Done!
11/03/2021 16:42:00 - INFO - __main__ - Overall: 0.7322661613272311 from scores=[0.7051630434782609, 0.8421052631578947, 0.8984375, 0.78125, 0.434375]
11/03/2021 16:42:00 - INFO - __main__ - --------------------------------------------------
11/03/2021 16:42:00 - INFO - __main__ - Evaluating to get errors .... Timecode: 23
11/03/2021 16:42:03 - INFO - __main__ - Before Error Fixing: {'EM': 0.5625, 'QA-F1': 0.6694545038295039}
11/03/2021 16:42:03 - INFO - __main__ - Found 28 errors.
11/03/2021 16:42:03 - INFO - __main__ - Start error-fixing .... Timecode: 23
11/03/2021 16:42:09 - INFO - __main__ - Start error-fixing .... Done!
11/03/2021 16:42:11 - INFO - __main__ - Overall: 0.7483705357142858 from scores=[0.69921875, 0.9285714285714286, 0.8984375, 0.78125, 0.434375]
11/03/2021 16:42:11 - INFO - __main__ - --------------------------------------------------
11/03/2021 16:42:11 - INFO - __main__ - Evaluating to get errors .... Timecode: 24
11/03/2021 16:42:14 - INFO - __main__ - Before Error Fixing: {'EM': 0.703125, 'QA-F1': 0.7590029761904762}
11/03/2021 16:42:14 - INFO - __main__ - Found 19 errors.
11/03/2021 16:42:15 - INFO - __main__ - Start error-fixing .... Timecode: 24
11/03/2021 16:42:20 - INFO - __main__ - Start error-fixing .... Done!
11/03/2021 16:42:21 - INFO - __main__ - Overall: 0.7416348684210526 from scores=[0.6993750000000001, 0.8947368421052632, 0.8984375, 0.78125, 0.434375]
11/03/2021 16:42:21 - INFO - __main__ - --------------------------------------------------
11/03/2021 16:42:21 - INFO - __main__ - Start eval_knowledge_retention for UKR @ Timecode=25
11/03/2021 16:42:41 - INFO - __main__ - Upstream Knowledge Retation (UKR@25): 0.7734
11/03/2021 16:42:41 - INFO - __main__ - Start eval_knowledge_retention for OKR @ Timecode=25
11/03/2021 16:43:06 - INFO - __main__ - Online Knowledge Retation (OKR@25): 0.9102
11/03/2021 16:43:06 - INFO - __main__ - Evaluating to get errors .... Timecode: 25
11/03/2021 16:43:09 - INFO - __main__ - Before Error Fixing: {'EM': 0.609375, 'QA-F1': 0.7156622023809525}
11/03/2021 16:43:09 - INFO - __main__ - Found 25 errors.
11/03/2021 16:43:10 - INFO - __main__ - Start error-fixing .... Timecode: 25
11/03/2021 16:43:16 - INFO - __main__ - Start error-fixing .... Done!
11/03/2021 16:43:17 - INFO - __main__ - Overall: 0.7627764423076924 from scores=[0.6959134615384616, 1.0, 0.91015625, 0.7734375, 0.434375]
11/03/2021 16:43:17 - INFO - __main__ - --------------------------------------------------
11/03/2021 16:43:17 - INFO - __main__ - Evaluating to get errors .... Timecode: 26
11/03/2021 16:43:20 - INFO - __main__ - Before Error Fixing: {'EM': 0.546875, 'QA-F1': 0.6211309523809524}
11/03/2021 16:43:20 - INFO - __main__ - Found 29 errors.
11/03/2021 16:43:20 - INFO - __main__ - Start error-fixing .... Timecode: 26
11/03/2021 16:43:28 - INFO - __main__ - Start error-fixing .... Done!
11/03/2021 16:43:29 - INFO - __main__ - Overall: 0.7478793502554278 from scores=[0.6903935185185186, 0.9310344827586207, 0.91015625, 0.7734375, 0.434375]
11/03/2021 16:43:29 - INFO - __main__ - --------------------------------------------------
11/03/2021 16:43:29 - INFO - __main__ - Evaluating to get errors .... Timecode: 27
11/03/2021 16:43:32 - INFO - __main__ - Before Error Fixing: {'EM': 0.671875, 'QA-F1': 0.7546006944444446}
11/03/2021 16:43:32 - INFO - __main__ - Found 21 errors.
11/03/2021 16:43:32 - INFO - __main__ - Start error-fixing .... Timecode: 27
11/03/2021 16:43:38 - INFO - __main__ - Start error-fixing .... Done!
11/03/2021 16:43:39 - INFO - __main__ - Overall: 0.7234449404761906 from scores=[0.6897321428571428, 0.8095238095238095, 0.91015625, 0.7734375, 0.434375]
11/03/2021 16:43:39 - INFO - __main__ - --------------------------------------------------
11/03/2021 16:43:39 - INFO - __main__ - Evaluating to get errors .... Timecode: 28
11/03/2021 16:43:42 - INFO - __main__ - Before Error Fixing: {'EM': 0.625, 'QA-F1': 0.7218152507215008}
11/03/2021 16:43:42 - INFO - __main__ - Found 24 errors.
11/03/2021 16:43:42 - INFO - __main__ - Start error-fixing .... Timecode: 28
11/03/2021 16:43:48 - INFO - __main__ - Start error-fixing .... Done!
11/03/2021 16:43:49 - INFO - __main__ - Overall: 0.7444270833333333 from scores=[0.6875, 0.9166666666666666, 0.91015625, 0.7734375, 0.434375]
11/03/2021 16:43:49 - INFO - __main__ - --------------------------------------------------
11/03/2021 16:43:49 - INFO - __main__ - Evaluating to get errors .... Timecode: 29
11/03/2021 16:43:52 - INFO - __main__ - Before Error Fixing: {'EM': 0.609375, 'QA-F1': 0.6909455128205129}
11/03/2021 16:43:52 - INFO - __main__ - Found 25 errors.
11/03/2021 16:43:52 - INFO - __main__ - Start error-fixing .... Timecode: 29
11/03/2021 16:43:59 - INFO - __main__ - Start error-fixing .... Done!
11/03/2021 16:44:00 - INFO - __main__ - Overall: 0.7605729166666666 from scores=[0.6848958333333333, 1.0, 0.91015625, 0.7734375, 0.434375]
11/03/2021 16:44:00 - INFO - __main__ - --------------------------------------------------
11/03/2021 16:44:00 - INFO - __main__ - Start eval_knowledge_retention for UKR @ Timecode=30
11/03/2021 16:44:19 - INFO - __main__ - Upstream Knowledge Retation (UKR@30): 0.7559
11/03/2021 16:44:20 - INFO - __main__ - Start eval_knowledge_retention for OKR @ Timecode=30
11/03/2021 16:44:44 - INFO - __main__ - Online Knowledge Retation (OKR@30): 0.8301
11/03/2021 16:44:44 - INFO - __main__ - Start eval_knowledge_generalization for KG @ Timecode=30
11/03/2021 16:45:35 - INFO - __main__ - Future Knowledge Generalization (KG@30): 0.3734
11/03/2021 16:45:35 - INFO - __main__ - Evaluating to get errors .... Timecode: 30
11/03/2021 16:45:37 - INFO - __main__ - Before Error Fixing: {'EM': 0.609375, 'QA-F1': 0.6346432487468672}
11/03/2021 16:45:37 - INFO - __main__ - Found 25 errors.
11/03/2021 16:45:37 - INFO - __main__ - Start error-fixing .... Timecode: 30
11/03/2021 16:45:44 - INFO - __main__ - Start error-fixing .... Done!
11/03/2021 16:45:45 - INFO - __main__ - Overall: 0.728366935483871 from scores=[0.6824596774193548, 1.0, 0.830078125, 0.755859375, 0.3734375]
11/03/2021 16:45:47 - INFO - __main__ - Model saved to experiments/ckpt_dirs/qa/er/QA_simplecl_lr=5e-5_ep=6_T=100,b=64,alpha=0.98,beta=1,gamma=1/model_ckpt_030.pt.
11/03/2021 16:45:47 - INFO - __main__ - Updated result feule: experiments/results/qa/QA_simplecl_lr=5e-5_ep=6_T=100,b=64,alpha=0.98,beta=1,gamma=1_result.json at Timecode: 30.
11/03/2021 16:45:47 - INFO - __main__ - --------------------------------------------------
11/03/2021 16:45:47 - INFO - __main__ - Evaluating to get errors .... Timecode: 31
11/03/2021 16:45:49 - INFO - __main__ - Before Error Fixing: {'EM': 0.5625, 'QA-F1': 0.6399925595238096}
11/03/2021 16:45:49 - INFO - __main__ - Found 28 errors.
11/03/2021 16:45:49 - INFO - __main__ - Start error-fixing .... Timecode: 31
11/03/2021 16:45:56 - INFO - __main__ - Start error-fixing .... Done!
11/03/2021 16:45:58 - INFO - __main__ - Overall: 0.7133314732142858 from scores=[0.6787109375, 0.9285714285714286, 0.830078125, 0.755859375, 0.3734375]
11/03/2021 16:45:58 - INFO - __main__ - --------------------------------------------------
11/03/2021 16:45:58 - INFO - __main__ - Evaluating to get errors .... Timecode: 32
11/03/2021 16:46:01 - INFO - __main__ - Before Error Fixing: {'EM': 0.625, 'QA-F1': 0.7172409188034188}
11/03/2021 16:46:01 - INFO - __main__ - Found 24 errors.
11/03/2021 16:46:01 - INFO - __main__ - Start error-fixing .... Timecode: 32
11/03/2021 16:46:08 - INFO - __main__ - Start error-fixing .... Done!
11/03/2021 16:46:09 - INFO - __main__ - Overall: 0.7189583333333334 from scores=[0.6770833333333333, 0.9583333333333334, 0.830078125, 0.755859375, 0.3734375]
11/03/2021 16:46:09 - INFO - __main__ - --------------------------------------------------
11/03/2021 16:46:09 - INFO - __main__ - Evaluating to get errors .... Timecode: 33
11/03/2021 16:46:12 - INFO - __main__ - Before Error Fixing: {'EM': 0.59375, 'QA-F1': 0.683813048245614}
11/03/2021 16:46:12 - INFO - __main__ - Found 26 errors.
11/03/2021 16:46:12 - INFO - __main__ - Start error-fixing .... Timecode: 33
11/03/2021 16:46:18 - INFO - __main__ - Start error-fixing .... Done!
11/03/2021 16:46:19 - INFO - __main__ - Overall: 0.71141685520362 from scores=[0.6746323529411764, 0.9230769230769231, 0.830078125, 0.755859375, 0.3734375]
11/03/2021 16:46:19 - INFO - __main__ - --------------------------------------------------
11/03/2021 16:46:19 - INFO - __main__ - Evaluating to get errors .... Timecode: 34
11/03/2021 16:46:22 - INFO - __main__ - Before Error Fixing: {'EM': 0.546875, 'QA-F1': 0.6214015151515151}
11/03/2021 16:46:22 - INFO - __main__ - Found 29 errors.
11/03/2021 16:46:23 - INFO - __main__ - Start error-fixing .... Timecode: 34
11/03/2021 16:46:29 - INFO - __main__ - Start error-fixing .... Done!
11/03/2021 16:46:31 - INFO - __main__ - Overall: 0.7122783251231527 from scores=[0.6709821428571429, 0.9310344827586207, 0.830078125, 0.755859375, 0.3734375]
11/03/2021 16:46:31 - INFO - __main__ - --------------------------------------------------
11/03/2021 16:46:31 - INFO - __main__ - Start eval_knowledge_retention for UKR @ Timecode=35
11/03/2021 16:46:52 - INFO - __main__ - Upstream Knowledge Retation (UKR@35): 0.7266
11/03/2021 16:46:52 - INFO - __main__ - Start eval_knowledge_retention for OKR @ Timecode=35
11/03/2021 16:47:18 - INFO - __main__ - Online Knowledge Retation (OKR@35): 0.8379
11/03/2021 16:47:18 - INFO - __main__ - Evaluating to get errors .... Timecode: 35
11/03/2021 16:47:21 - INFO - __main__ - Before Error Fixing: {'EM': 0.5625, 'QA-F1': 0.6418274493705529}
11/03/2021 16:47:21 - INFO - __main__ - Found 28 errors.
11/03/2021 16:47:21 - INFO - __main__ - Start error-fixing .... Timecode: 35
11/03/2021 16:47:28 - INFO - __main__ - Start error-fixing .... Done!
11/03/2021 16:47:30 - INFO - __main__ - Overall: 0.7068861607142858 from scores=[0.66796875, 0.9285714285714286, 0.837890625, 0.7265625, 0.3734375]
11/03/2021 16:47:30 - INFO - __main__ - --------------------------------------------------
11/03/2021 16:47:30 - INFO - __main__ - Evaluating to get errors .... Timecode: 36
11/03/2021 16:47:35 - INFO - __main__ - Before Error Fixing: {'EM': 0.609375, 'QA-F1': 0.6676722922608245}
11/03/2021 16:47:35 - INFO - __main__ - Found 25 errors.
11/03/2021 16:47:35 - INFO - __main__ - Start error-fixing .... Timecode: 36
11/03/2021 16:47:42 - INFO - __main__ - Start error-fixing .... Done!
11/03/2021 16:47:44 - INFO - __main__ - Overall: 0.712855152027027 from scores=[0.6663851351351351, 0.96, 0.837890625, 0.7265625, 0.3734375]
11/03/2021 16:47:44 - INFO - __main__ - --------------------------------------------------
11/03/2021 16:47:44 - INFO - __main__ - Evaluating to get errors .... Timecode: 37
11/03/2021 16:47:48 - INFO - __main__ - Before Error Fixing: {'EM': 0.53125, 'QA-F1': 0.6188331582633053}
11/03/2021 16:47:48 - INFO - __main__ - Found 30 errors.
11/03/2021 16:47:48 - INFO - __main__ - Start error-fixing .... Timecode: 37
11/03/2021 16:47:55 - INFO - __main__ - Start error-fixing .... Done!
11/03/2021 16:47:58 - INFO - __main__ - Overall: 0.7134772478070175 from scores=[0.662828947368421, 0.9666666666666667, 0.837890625, 0.7265625, 0.3734375]
11/03/2021 16:47:58 - INFO - __main__ - --------------------------------------------------
11/03/2021 16:47:58 - INFO - __main__ - Evaluating to get errors .... Timecode: 38
11/03/2021 16:48:02 - INFO - __main__ - Before Error Fixing: {'EM': 0.71875, 'QA-F1': 0.7714420995670996}
11/03/2021 16:48:02 - INFO - __main__ - Found 18 errors.
11/03/2021 16:48:03 - INFO - __main__ - Start error-fixing .... Timecode: 38
11/03/2021 16:48:07 - INFO - __main__ - Start error-fixing .... Done!
11/03/2021 16:48:09 - INFO - __main__ - Overall: 0.720430689102564 from scores=[0.6642628205128205, 1.0, 0.837890625, 0.7265625, 0.3734375]
11/03/2021 16:48:09 - INFO - __main__ - --------------------------------------------------
11/03/2021 16:48:09 - INFO - __main__ - Evaluating to get errors .... Timecode: 39
11/03/2021 16:48:13 - INFO - __main__ - Before Error Fixing: {'EM': 0.515625, 'QA-F1': 0.6592719606782107}
11/03/2021 16:48:13 - INFO - __main__ - Found 31 errors.
11/03/2021 16:48:13 - INFO - __main__ - Start error-fixing .... Timecode: 39
11/03/2021 16:48:21 - INFO - __main__ - Start error-fixing .... Done!
11/03/2021 16:48:23 - INFO - __main__ - Overall: 0.7132358870967742 from scores=[0.660546875, 0.967741935483871, 0.837890625, 0.7265625, 0.3734375]
11/03/2021 16:48:23 - INFO - __main__ - --------------------------------------------------
11/03/2021 16:48:23 - INFO - __main__ - Start eval_knowledge_retention for UKR @ Timecode=40
11/03/2021 16:48:47 - INFO - __main__ - Upstream Knowledge Retation (UKR@40): 0.6934
11/03/2021 16:48:48 - INFO - __main__ - Start eval_knowledge_retention for OKR @ Timecode=40
11/03/2021 16:49:20 - INFO - __main__ - Online Knowledge Retation (OKR@40): 0.8262
11/03/2021 16:49:20 - INFO - __main__ - Start eval_knowledge_generalization for KG @ Timecode=40
11/03/2021 16:50:32 - INFO - __main__ - Future Knowledge Generalization (KG@40): 0.4117
11/03/2021 16:50:32 - INFO - __main__ - Evaluating to get errors .... Timecode: 40
11/03/2021 16:50:37 - INFO - __main__ - Before Error Fixing: {'EM': 0.453125, 'QA-F1': 0.5895580351467437}
11/03/2021 16:50:37 - INFO - __main__ - Found 35 errors.
11/03/2021 16:50:37 - INFO - __main__ - Start error-fixing .... Timecode: 40
11/03/2021 16:50:46 - INFO - __main__ - Start error-fixing .... Done!
11/03/2021 16:50:48 - INFO - __main__ - Overall: 0.711633275261324 from scores=[0.6554878048780488, 0.9714285714285714, 0.826171875, 0.693359375, 0.41171875]
11/03/2021 16:50:50 - INFO - __main__ - Model saved to experiments/ckpt_dirs/qa/er/QA_simplecl_lr=5e-5_ep=6_T=100,b=64,alpha=0.98,beta=1,gamma=1/model_ckpt_040.pt.
11/03/2021 16:50:50 - INFO - __main__ - Updated result feule: experiments/results/qa/QA_simplecl_lr=5e-5_ep=6_T=100,b=64,alpha=0.98,beta=1,gamma=1_result.json at Timecode: 40.
11/03/2021 16:50:50 - INFO - __main__ - --------------------------------------------------
11/03/2021 16:50:50 - INFO - __main__ - Evaluating to get errors .... Timecode: 41
11/03/2021 16:50:54 - INFO - __main__ - Before Error Fixing: {'EM': 0.59375, 'QA-F1': 0.7162861821149864}
11/03/2021 16:50:54 - INFO - __main__ - Found 26 errors.
11/03/2021 16:50:54 - INFO - __main__ - Start error-fixing .... Timecode: 41
11/03/2021 16:50:59 - INFO - __main__ - Start error-fixing .... Done!
11/03/2021 16:51:01 - INFO - __main__ - Overall: 0.701668956043956 from scores=[0.6540178571428572, 0.9230769230769231, 0.826171875, 0.693359375, 0.41171875]
11/03/2021 16:51:01 - INFO - __main__ - --------------------------------------------------
11/03/2021 16:51:01 - INFO - __main__ - Evaluating to get errors .... Timecode: 42
11/03/2021 16:51:05 - INFO - __main__ - Before Error Fixing: {'EM': 0.53125, 'QA-F1': 0.6359375}
11/03/2021 16:51:05 - INFO - __main__ - Found 30 errors.
11/03/2021 16:51:05 - INFO - __main__ - Start error-fixing .... Timecode: 42
11/03/2021 16:51:13 - INFO - __main__ - Start error-fixing .... Done!
11/03/2021 16:51:14 - INFO - __main__ - Overall: 0.7164825581395349 from scores=[0.6511627906976745, 1.0, 0.826171875, 0.693359375, 0.41171875]
11/03/2021 16:51:14 - INFO - __main__ - --------------------------------------------------
11/03/2021 16:51:14 - INFO - __main__ - Evaluating to get errors .... Timecode: 43
11/03/2021 16:51:18 - INFO - __main__ - Before Error Fixing: {'EM': 0.59375, 'QA-F1': 0.6464415922619048}
11/03/2021 16:51:18 - INFO - __main__ - Found 26 errors.
11/03/2021 16:51:18 - INFO - __main__ - Start error-fixing .... Timecode: 43
11/03/2021 16:51:25 - INFO - __main__ - Start error-fixing .... Done!
11/03/2021 16:51:27 - INFO - __main__ - Overall: 0.7008369755244754 from scores=[0.6498579545454546, 0.9230769230769231, 0.826171875, 0.693359375, 0.41171875]
11/03/2021 16:51:27 - INFO - __main__ - --------------------------------------------------
11/03/2021 16:51:27 - INFO - __main__ - Evaluating to get errors .... Timecode: 44
11/03/2021 16:51:31 - INFO - __main__ - Before Error Fixing: {'EM': 0.5, 'QA-F1': 0.5947798295454545}
11/03/2021 16:51:31 - INFO - __main__ - Found 32 errors.
11/03/2021 16:51:31 - INFO - __main__ - Start error-fixing .... Timecode: 44
11/03/2021 16:51:39 - INFO - __main__ - Start error-fixing .... Done!
11/03/2021 16:51:40 - INFO - __main__ - Overall: 0.7155555555555556 from scores=[0.6465277777777778, 1.0, 0.826171875, 0.693359375, 0.41171875]
11/03/2021 16:51:40 - INFO - __main__ - --------------------------------------------------
11/03/2021 16:51:40 - INFO - __main__ - Start eval_knowledge_retention for UKR @ Timecode=45
11/03/2021 16:51:58 - INFO - __main__ - Upstream Knowledge Retation (UKR@45): 0.7324
11/03/2021 16:51:58 - INFO - __main__ - Start eval_knowledge_retention for OKR @ Timecode=45
11/03/2021 16:52:24 - INFO - __main__ - Online Knowledge Retation (OKR@45): 0.8555
11/03/2021 16:52:24 - INFO - __main__ - Evaluating to get errors .... Timecode: 45
11/03/2021 16:52:27 - INFO - __main__ - Before Error Fixing: {'EM': 0.59375, 'QA-F1': 0.6921130952380952}
11/03/2021 16:52:27 - INFO - __main__ - Found 26 errors.
11/03/2021 16:52:27 - INFO - __main__ - Start error-fixing .... Timecode: 45
11/03/2021 16:52:34 - INFO - __main__ - Start error-fixing .... Done!
11/03/2021 16:52:36 - INFO - __main__ - Overall: 0.7289979619565217 from scores=[0.6453804347826086, 1.0, 0.85546875, 0.732421875, 0.41171875]
11/03/2021 16:52:36 - INFO - __main__ - --------------------------------------------------
11/03/2021 16:52:36 - INFO - __main__ - Evaluating to get errors .... Timecode: 46
11/03/2021 16:52:39 - INFO - __main__ - Before Error Fixing: {'EM': 0.671875, 'QA-F1': 0.743647613960114}
11/03/2021 16:52:39 - INFO - __main__ - Found 21 errors.
11/03/2021 16:52:39 - INFO - __main__ - Start error-fixing .... Timecode: 46
11/03/2021 16:52:45 - INFO - __main__ - Start error-fixing .... Done!
11/03/2021 16:52:47 - INFO - __main__ - Overall: 0.7005392762158055 from scores=[0.6459441489361701, 0.8571428571428571, 0.85546875, 0.732421875, 0.41171875]
11/03/2021 16:52:47 - INFO - __main__ - --------------------------------------------------
11/03/2021 16:52:47 - INFO - __main__ - Evaluating to get errors .... Timecode: 47
11/03/2021 16:52:51 - INFO - __main__ - Before Error Fixing: {'EM': 0.546875, 'QA-F1': 0.6429071460573477}
11/03/2021 16:52:51 - INFO - __main__ - Found 29 errors.
11/03/2021 16:52:51 - INFO - __main__ - Start error-fixing .... Timecode: 47
11/03/2021 16:52:58 - INFO - __main__ - Start error-fixing .... Done!
11/03/2021 16:53:00 - INFO - __main__ - Overall: 0.7218013649425287 from scores=[0.6438802083333333, 0.9655172413793104, 0.85546875, 0.732421875, 0.41171875]
11/03/2021 16:53:00 - INFO - __main__ - --------------------------------------------------
11/03/2021 16:53:00 - INFO - __main__ - Evaluating to get errors .... Timecode: 48
11/03/2021 16:53:05 - INFO - __main__ - Before Error Fixing: {'EM': 0.609375, 'QA-F1': 0.6810355392156863}
11/03/2021 16:53:05 - INFO - __main__ - Found 25 errors.
11/03/2021 16:53:05 - INFO - __main__ - Start error-fixing .... Timecode: 48
11/03/2021 16:53:11 - INFO - __main__ - Start error-fixing .... Done!
11/03/2021 16:53:13 - INFO - __main__ - Overall: 0.7285570790816326 from scores=[0.6431760204081632, 1.0, 0.85546875, 0.732421875, 0.41171875]
11/03/2021 16:53:13 - INFO - __main__ - --------------------------------------------------
11/03/2021 16:53:13 - INFO - __main__ - Evaluating to get errors .... Timecode: 49
11/03/2021 16:53:16 - INFO - __main__ - Before Error Fixing: {'EM': 0.53125, 'QA-F1': 0.591939484126984}
11/03/2021 16:53:16 - INFO - __main__ - Found 30 errors.
11/03/2021 16:53:16 - INFO - __main__ - Start error-fixing .... Timecode: 49
11/03/2021 16:53:24 - INFO - __main__ - Start error-fixing .... Done!
11/03/2021 16:53:26 - INFO - __main__ - Overall: 0.7214427083333332 from scores=[0.6409374999999999, 0.9666666666666667, 0.85546875, 0.732421875, 0.41171875]
11/03/2021 16:53:26 - INFO - __main__ - --------------------------------------------------
11/03/2021 16:53:26 - INFO - __main__ - Start eval_knowledge_retention for UKR @ Timecode=50
11/03/2021 16:53:58 - INFO - __main__ - Upstream Knowledge Retation (UKR@50): 0.6992
11/03/2021 16:53:58 - INFO - __main__ - Start eval_knowledge_retention for OKR @ Timecode=50
11/03/2021 16:54:38 - INFO - __main__ - Online Knowledge Retation (OKR@50): 0.8145
11/03/2021 16:54:38 - INFO - __main__ - Start eval_knowledge_generalization for KG @ Timecode=50
11/03/2021 16:55:53 - INFO - __main__ - Future Knowledge Generalization (KG@50): 0.3984
11/03/2021 16:55:53 - INFO - __main__ - Evaluating to get errors .... Timecode: 50
11/03/2021 16:55:56 - INFO - __main__ - Before Error Fixing: {'EM': 0.5, 'QA-F1': 0.5959397375218876}
11/03/2021 16:55:56 - INFO - __main__ - Found 32 errors.
11/03/2021 16:55:57 - INFO - __main__ - Start error-fixing .... Timecode: 50
11/03/2021 16:56:04 - INFO - __main__ - Start error-fixing .... Done!
11/03/2021 16:56:07 - INFO - __main__ - Overall: 0.7100566789215687 from scores=[0.6381740196078431, 1.0, 0.814453125, 0.69921875, 0.3984375]
11/03/2021 16:56:09 - INFO - __main__ - Model saved to experiments/ckpt_dirs/qa/er/QA_simplecl_lr=5e-5_ep=6_T=100,b=64,alpha=0.98,beta=1,gamma=1/model_ckpt_050.pt.
11/03/2021 16:56:09 - INFO - __main__ - Updated result feule: experiments/results/qa/QA_simplecl_lr=5e-5_ep=6_T=100,b=64,alpha=0.98,beta=1,gamma=1_result.json at Timecode: 50.
11/03/2021 16:56:09 - INFO - __main__ - --------------------------------------------------
11/03/2021 16:56:09 - INFO - __main__ - Evaluating to get errors .... Timecode: 51
11/03/2021 16:56:13 - INFO - __main__ - Before Error Fixing: {'EM': 0.625, 'QA-F1': 0.691125541125541}
11/03/2021 16:56:13 - INFO - __main__ - Found 24 errors.
11/03/2021 16:56:13 - INFO - __main__ - Start error-fixing .... Timecode: 51
11/03/2021 16:56:20 - INFO - __main__ - Start error-fixing .... Done!
11/03/2021 16:56:21 - INFO - __main__ - Overall: 0.7100060096153846 from scores=[0.6379206730769231, 1.0, 0.814453125, 0.69921875, 0.3984375]
11/03/2021 16:56:21 - INFO - __main__ - --------------------------------------------------
11/03/2021 16:56:21 - INFO - __main__ - Evaluating to get errors .... Timecode: 52
11/03/2021 16:56:26 - INFO - __main__ - Before Error Fixing: {'EM': 0.4375, 'QA-F1': 0.5091221555216121}
11/03/2021 16:56:26 - INFO - __main__ - Found 36 errors.
11/03/2021 16:56:26 - INFO - __main__ - Start error-fixing .... Timecode: 52
11/03/2021 16:56:35 - INFO - __main__ - Start error-fixing .... Done!
11/03/2021 16:56:38 - INFO - __main__ - Overall: 0.7036941496331237 from scores=[0.6341391509433962, 0.9722222222222222, 0.814453125, 0.69921875, 0.3984375]
11/03/2021 16:56:38 - INFO - __main__ - --------------------------------------------------
11/03/2021 16:56:38 - INFO - __main__ - Evaluating to get errors .... Timecode: 53
11/03/2021 16:56:41 - INFO - __main__ - Before Error Fixing: {'EM': 0.5625, 'QA-F1': 0.6281249999999999}
11/03/2021 16:56:41 - INFO - __main__ - Found 28 errors.
11/03/2021 16:56:41 - INFO - __main__ - Start error-fixing .... Timecode: 53
11/03/2021 16:56:48 - INFO - __main__ - Start error-fixing .... Done!
11/03/2021 16:56:49 - INFO - __main__ - Overall: 0.7018415178571429 from scores=[0.6328125, 0.9642857142857143, 0.814453125, 0.69921875, 0.3984375]
11/03/2021 16:56:49 - INFO - __main__ - --------------------------------------------------
11/03/2021 16:56:49 - INFO - __main__ - Evaluating to get errors .... Timecode: 54
11/03/2021 16:56:54 - INFO - __main__ - Before Error Fixing: {'EM': 0.59375, 'QA-F1': 0.6942841880341881}
11/03/2021 16:56:54 - INFO - __main__ - Found 26 errors.
11/03/2021 16:56:54 - INFO - __main__ - Start error-fixing .... Timecode: 54
11/03/2021 16:57:01 - INFO - __main__ - Start error-fixing .... Done!
11/03/2021 16:57:03 - INFO - __main__ - Overall: 0.7088423295454545 from scores=[0.6321022727272727, 1.0, 0.814453125, 0.69921875, 0.3984375]
11/03/2021 16:57:03 - INFO - __main__ - --------------------------------------------------
11/03/2021 16:57:03 - INFO - __main__ - Start eval_knowledge_retention for UKR @ Timecode=55
11/03/2021 16:57:22 - INFO - __main__ - Upstream Knowledge Retation (UKR@55): 0.7090
11/03/2021 16:57:23 - INFO - __main__ - Start eval_knowledge_retention for OKR @ Timecode=55
11/03/2021 16:57:47 - INFO - __main__ - Online Knowledge Retation (OKR@55): 0.8223
11/03/2021 16:57:47 - INFO - __main__ - Evaluating to get errors .... Timecode: 55
11/03/2021 16:57:50 - INFO - __main__ - Before Error Fixing: {'EM': 0.53125, 'QA-F1': 0.5896929824561404}
11/03/2021 16:57:50 - INFO - __main__ - Found 30 errors.
11/03/2021 16:57:50 - INFO - __main__ - Start error-fixing .... Timecode: 55
11/03/2021 16:57:58 - INFO - __main__ - Start error-fixing .... Done!
11/03/2021 16:58:00 - INFO - __main__ - Overall: 0.7119977678571429 from scores=[0.6303013392857143, 1.0, 0.822265625, 0.708984375, 0.3984375]
11/03/2021 16:58:00 - INFO - __main__ - --------------------------------------------------
11/03/2021 16:58:00 - INFO - __main__ - Evaluating to get errors .... Timecode: 56
11/03/2021 16:58:03 - INFO - __main__ - Before Error Fixing: {'EM': 0.546875, 'QA-F1': 0.6132972855090312}
11/03/2021 16:58:03 - INFO - __main__ - Found 29 errors.
11/03/2021 16:58:03 - INFO - __main__ - Start error-fixing .... Timecode: 56
11/03/2021 16:58:11 - INFO - __main__ - Start error-fixing .... Done!
11/03/2021 16:58:12 - INFO - __main__ - Overall: 0.6979119404113733 from scores=[0.6288377192982456, 0.9310344827586207, 0.822265625, 0.708984375, 0.3984375]
11/03/2021 16:58:12 - INFO - __main__ - --------------------------------------------------
11/03/2021 16:58:12 - INFO - __main__ - Evaluating to get errors .... Timecode: 57
11/03/2021 16:58:16 - INFO - __main__ - Before Error Fixing: {'EM': 0.578125, 'QA-F1': 0.651159254187505}
11/03/2021 16:58:16 - INFO - __main__ - Found 27 errors.
11/03/2021 16:58:17 - INFO - __main__ - Start error-fixing .... Timecode: 57
11/03/2021 16:58:23 - INFO - __main__ - Start error-fixing .... Done!
11/03/2021 16:58:25 - INFO - __main__ - Overall: 0.6967153575989783 from scores=[0.6279633620689655, 0.9259259259259259, 0.822265625, 0.708984375, 0.3984375]
11/03/2021 16:58:25 - INFO - __main__ - --------------------------------------------------
11/03/2021 16:58:25 - INFO - __main__ - Evaluating to get errors .... Timecode: 58
11/03/2021 16:58:30 - INFO - __main__ - Before Error Fixing: {'EM': 0.65625, 'QA-F1': 0.7240379106187931}
11/03/2021 16:58:30 - INFO - __main__ - Found 22 errors.
11/03/2021 16:58:30 - INFO - __main__ - Start error-fixing .... Timecode: 58
11/03/2021 16:58:35 - INFO - __main__ - Start error-fixing .... Done!
11/03/2021 16:58:36 - INFO - __main__ - Overall: 0.6843533320493067 from scores=[0.6284427966101696, 0.8636363636363636, 0.822265625, 0.708984375, 0.3984375]
11/03/2021 16:58:36 - INFO - __main__ - --------------------------------------------------
11/03/2021 16:58:36 - INFO - __main__ - Evaluating to get errors .... Timecode: 59
11/03/2021 16:58:41 - INFO - __main__ - Before Error Fixing: {'EM': 0.515625, 'QA-F1': 0.6301463293650794}
11/03/2021 16:58:41 - INFO - __main__ - Found 31 errors.
11/03/2021 16:58:41 - INFO - __main__ - Start error-fixing .... Timecode: 59
11/03/2021 16:58:49 - INFO - __main__ - Start error-fixing .... Done!
11/03/2021 16:58:51 - INFO - __main__ - Overall: 0.6983467741935484 from scores=[0.6265625, 0.9354838709677419, 0.822265625, 0.708984375, 0.3984375]
11/03/2021 16:58:51 - INFO - __main__ - --------------------------------------------------
11/03/2021 16:58:51 - INFO - __main__ - Start eval_knowledge_retention for UKR @ Timecode=60
11/03/2021 16:59:13 - INFO - __main__ - Upstream Knowledge Retation (UKR@60): 0.6934
11/03/2021 16:59:14 - INFO - __main__ - Start eval_knowledge_retention for OKR @ Timecode=60
11/03/2021 16:59:46 - INFO - __main__ - Online Knowledge Retation (OKR@60): 0.8203
11/03/2021 16:59:46 - INFO - __main__ - Start eval_knowledge_generalization for KG @ Timecode=60
11/03/2021 17:00:50 - INFO - __main__ - Future Knowledge Generalization (KG@60): 0.4266
11/03/2021 17:00:50 - INFO - __main__ - Evaluating to get errors .... Timecode: 60
11/03/2021 17:00:54 - INFO - __main__ - Before Error Fixing: {'EM': 0.53125, 'QA-F1': 0.6296307406361754}
11/03/2021 17:00:54 - INFO - __main__ - Found 30 errors.
11/03/2021 17:00:54 - INFO - __main__ - Start error-fixing .... Timecode: 60
11/03/2021 17:01:02 - INFO - __main__ - Start error-fixing .... Done!
11/03/2021 17:01:03 - INFO - __main__ - Overall: 0.7063802083333334 from scores=[0.625, 0.9666666666666667, 0.8203125, 0.693359375, 0.4265625]
11/03/2021 17:01:05 - INFO - __main__ - Model saved to experiments/ckpt_dirs/qa/er/QA_simplecl_lr=5e-5_ep=6_T=100,b=64,alpha=0.98,beta=1,gamma=1/model_ckpt_060.pt.
11/03/2021 17:01:05 - INFO - __main__ - Updated result feule: experiments/results/qa/QA_simplecl_lr=5e-5_ep=6_T=100,b=64,alpha=0.98,beta=1,gamma=1_result.json at Timecode: 60.
11/03/2021 17:01:05 - INFO - __main__ - --------------------------------------------------
11/03/2021 17:01:05 - INFO - __main__ - Evaluating to get errors .... Timecode: 61
11/03/2021 17:01:09 - INFO - __main__ - Before Error Fixing: {'EM': 0.515625, 'QA-F1': 0.5655051979270729}
11/03/2021 17:01:09 - INFO - __main__ - Found 31 errors.
11/03/2021 17:01:09 - INFO - __main__ - Start error-fixing .... Timecode: 61
11/03/2021 17:01:17 - INFO - __main__ - Start error-fixing .... Done!
11/03/2021 17:01:19 - INFO - __main__ - Overall: 0.7062424395161291 from scores=[0.6232358870967742, 0.967741935483871, 0.8203125, 0.693359375, 0.4265625]
11/03/2021 17:01:19 - INFO - __main__ - --------------------------------------------------
11/03/2021 17:01:19 - INFO - __main__ - Evaluating to get errors .... Timecode: 62
11/03/2021 17:01:24 - INFO - __main__ - Before Error Fixing: {'EM': 0.5, 'QA-F1': 0.5834098294016772}
11/03/2021 17:01:24 - INFO - __main__ - Found 32 errors.
11/03/2021 17:01:24 - INFO - __main__ - Start error-fixing .... Timecode: 62
11/03/2021 17:01:32 - INFO - __main__ - Start error-fixing .... Done!
11/03/2021 17:01:34 - INFO - __main__ - Overall: 0.7123028273809524 from scores=[0.6212797619047619, 1.0, 0.8203125, 0.693359375, 0.4265625]
11/03/2021 17:01:34 - INFO - __main__ - --------------------------------------------------
11/03/2021 17:01:34 - INFO - __main__ - Evaluating to get errors .... Timecode: 63
11/03/2021 17:01:38 - INFO - __main__ - Before Error Fixing: {'EM': 0.5, 'QA-F1': 0.5918180777555778}
11/03/2021 17:01:38 - INFO - __main__ - Found 32 errors.
11/03/2021 17:01:38 - INFO - __main__ - Start error-fixing .... Timecode: 63
11/03/2021 17:01:46 - INFO - __main__ - Start error-fixing .... Done!
11/03/2021 17:01:47 - INFO - __main__ - Overall: 0.6869238281250001 from scores=[0.619384765625, 0.875, 0.8203125, 0.693359375, 0.4265625]
11/03/2021 17:01:47 - INFO - __main__ - --------------------------------------------------
11/03/2021 17:01:47 - INFO - __main__ - Evaluating to get errors .... Timecode: 64
11/03/2021 17:01:50 - INFO - __main__ - Before Error Fixing: {'EM': 0.453125, 'QA-F1': 0.5417534722222223}
11/03/2021 17:01:50 - INFO - __main__ - Found 35 errors.
11/03/2021 17:01:51 - INFO - __main__ - Start error-fixing .... Timecode: 64
11/03/2021 17:01:59 - INFO - __main__ - Start error-fixing .... Done!
11/03/2021 17:02:01 - INFO - __main__ - Overall: 0.7114122596153847 from scores=[0.616826923076923, 1.0, 0.8203125, 0.693359375, 0.4265625]
11/03/2021 17:02:01 - INFO - __main__ - --------------------------------------------------
11/03/2021 17:02:01 - INFO - __main__ - Start eval_knowledge_retention for UKR @ Timecode=65
11/03/2021 17:02:20 - INFO - __main__ - Upstream Knowledge Retation (UKR@65): 0.7070
11/03/2021 17:02:21 - INFO - __main__ - Start eval_knowledge_retention for OKR @ Timecode=65
11/03/2021 17:02:47 - INFO - __main__ - Online Knowledge Retation (OKR@65): 0.8398
11/03/2021 17:02:47 - INFO - __main__ - Evaluating to get errors .... Timecode: 65
11/03/2021 17:02:50 - INFO - __main__ - Before Error Fixing: {'EM': 0.515625, 'QA-F1': 0.6559714795008913}
11/03/2021 17:02:50 - INFO - __main__ - Found 31 errors.
11/03/2021 17:02:50 - INFO - __main__ - Start error-fixing .... Timecode: 65
11/03/2021 17:02:58 - INFO - __main__ - Start error-fixing .... Done!
11/03/2021 17:02:59 - INFO - __main__ - Overall: 0.7177462121212121 from scores=[0.6152935606060606, 1.0, 0.83984375, 0.70703125, 0.4265625]
11/03/2021 17:02:59 - INFO - __main__ - --------------------------------------------------
11/03/2021 17:02:59 - INFO - __main__ - Evaluating to get errors .... Timecode: 66
11/03/2021 17:03:02 - INFO - __main__ - Before Error Fixing: {'EM': 0.53125, 'QA-F1': 0.6463141025641026}
11/03/2021 17:03:02 - INFO - __main__ - Found 30 errors.
11/03/2021 17:03:02 - INFO - __main__ - Start error-fixing .... Timecode: 66
11/03/2021 17:03:10 - INFO - __main__ - Start error-fixing .... Done!
11/03/2021 17:03:12 - INFO - __main__ - Overall: 0.7108286691542289 from scores=[0.6140391791044777, 0.9666666666666667, 0.83984375, 0.70703125, 0.4265625]
11/03/2021 17:03:12 - INFO - __main__ - --------------------------------------------------
11/03/2021 17:03:12 - INFO - __main__ - Evaluating to get errors .... Timecode: 67
11/03/2021 17:03:15 - INFO - __main__ - Before Error Fixing: {'EM': 0.609375, 'QA-F1': 0.7104189736095107}
11/03/2021 17:03:15 - INFO - __main__ - Found 25 errors.
11/03/2021 17:03:16 - INFO - __main__ - Start error-fixing .... Timecode: 67
11/03/2021 17:03:22 - INFO - __main__ - Start error-fixing .... Done!
11/03/2021 17:03:24 - INFO - __main__ - Overall: 0.7094816176470589 from scores=[0.6139705882352942, 0.96, 0.83984375, 0.70703125, 0.4265625]
11/03/2021 17:03:24 - INFO - __main__ - --------------------------------------------------
11/03/2021 17:03:24 - INFO - __main__ - Evaluating to get errors .... Timecode: 68
11/03/2021 17:03:27 - INFO - __main__ - Before Error Fixing: {'EM': 0.453125, 'QA-F1': 0.5710318237796685}
11/03/2021 17:03:27 - INFO - __main__ - Found 35 errors.
11/03/2021 17:03:28 - INFO - __main__ - Start error-fixing .... Timecode: 68
11/03/2021 17:03:37 - INFO - __main__ - Start error-fixing .... Done!
11/03/2021 17:03:38 - INFO - __main__ - Overall: 0.7055868271221533 from scores=[0.6116394927536232, 0.9428571428571428, 0.83984375, 0.70703125, 0.4265625]
11/03/2021 17:03:38 - INFO - __main__ - --------------------------------------------------
11/03/2021 17:03:38 - INFO - __main__ - Evaluating to get errors .... Timecode: 69
11/03/2021 17:03:41 - INFO - __main__ - Before Error Fixing: {'EM': 0.5, 'QA-F1': 0.6188616071428572}
11/03/2021 17:03:41 - INFO - __main__ - Found 32 errors.
11/03/2021 17:03:41 - INFO - __main__ - Start error-fixing .... Timecode: 69
11/03/2021 17:03:49 - INFO - __main__ - Start error-fixing .... Done!
11/03/2021 17:03:50 - INFO - __main__ - Overall: 0.7041964285714286 from scores=[0.6100446428571429, 0.9375, 0.83984375, 0.70703125, 0.4265625]
11/03/2021 17:03:50 - INFO - __main__ - --------------------------------------------------
11/03/2021 17:03:50 - INFO - __main__ - Start eval_knowledge_retention for UKR @ Timecode=70
11/03/2021 17:04:12 - INFO - __main__ - Upstream Knowledge Retation (UKR@70): 0.7188
11/03/2021 17:04:13 - INFO - __main__ - Start eval_knowledge_retention for OKR @ Timecode=70
11/03/2021 17:04:42 - INFO - __main__ - Online Knowledge Retation (OKR@70): 0.8223
11/03/2021 17:04:42 - INFO - __main__ - Start eval_knowledge_generalization for KG @ Timecode=70
11/03/2021 17:05:45 - INFO - __main__ - Future Knowledge Generalization (KG@70): 0.4523
11/03/2021 17:05:45 - INFO - __main__ - Evaluating to get errors .... Timecode: 70
11/03/2021 17:05:48 - INFO - __main__ - Before Error Fixing: {'EM': 0.453125, 'QA-F1': 0.5580234895682411}
11/03/2021 17:05:48 - INFO - __main__ - Found 35 errors.
11/03/2021 17:05:48 - INFO - __main__ - Start error-fixing .... Timecode: 70
11/03/2021 17:05:58 - INFO - __main__ - Start error-fixing .... Done!
11/03/2021 17:06:00 - INFO - __main__ - Overall: 0.7202387764084507 from scores=[0.6078345070422535, 1.0, 0.822265625, 0.71875, 0.45234375]
11/03/2021 17:06:02 - INFO - __main__ - Model saved to experiments/ckpt_dirs/qa/er/QA_simplecl_lr=5e-5_ep=6_T=100,b=64,alpha=0.98,beta=1,gamma=1/model_ckpt_070.pt.
11/03/2021 17:06:02 - INFO - __main__ - Updated result feule: experiments/results/qa/QA_simplecl_lr=5e-5_ep=6_T=100,b=64,alpha=0.98,beta=1,gamma=1_result.json at Timecode: 70.
11/03/2021 17:06:02 - INFO - __main__ - --------------------------------------------------
11/03/2021 17:06:02 - INFO - __main__ - Evaluating to get errors .... Timecode: 71
11/03/2021 17:06:07 - INFO - __main__ - Before Error Fixing: {'EM': 0.609375, 'QA-F1': 0.6824654160251986}
11/03/2021 17:06:07 - INFO - __main__ - Found 25 errors.
11/03/2021 17:06:07 - INFO - __main__ - Start error-fixing .... Timecode: 71
11/03/2021 17:06:15 - INFO - __main__ - Start error-fixing .... Done!
11/03/2021 17:06:17 - INFO - __main__ - Overall: 0.7202430555555555 from scores=[0.6078559027777778, 1.0, 0.822265625, 0.71875, 0.45234375]
11/03/2021 17:06:17 - INFO - __main__ - --------------------------------------------------
11/03/2021 17:06:17 - INFO - __main__ - Evaluating to get errors .... Timecode: 72
11/03/2021 17:06:21 - INFO - __main__ - Before Error Fixing: {'EM': 0.578125, 'QA-F1': 0.6667811355311355}
11/03/2021 17:06:21 - INFO - __main__ - Found 27 errors.
11/03/2021 17:06:21 - INFO - __main__ - Start error-fixing .... Timecode: 72
11/03/2021 17:06:28 - INFO - __main__ - Start error-fixing .... Done!
11/03/2021 17:06:29 - INFO - __main__ - Overall: 0.7053467862125824 from scores=[0.6074486301369864, 0.9259259259259259, 0.822265625, 0.71875, 0.45234375]
11/03/2021 17:06:29 - INFO - __main__ - --------------------------------------------------
11/03/2021 17:06:29 - INFO - __main__ - Evaluating to get errors .... Timecode: 73
11/03/2021 17:06:33 - INFO - __main__ - Before Error Fixing: {'EM': 0.515625, 'QA-F1': 0.5712008120555915}
11/03/2021 17:06:33 - INFO - __main__ - Found 31 errors.
11/03/2021 17:06:33 - INFO - __main__ - Start error-fixing .... Timecode: 73
11/03/2021 17:06:41 - INFO - __main__ - Start error-fixing .... Done!
11/03/2021 17:06:43 - INFO - __main__ - Overall: 0.7070102032476024 from scores=[0.6062077702702703, 0.9354838709677419, 0.822265625, 0.71875, 0.45234375]
11/03/2021 17:06:43 - INFO - __main__ - --------------------------------------------------
11/03/2021 17:06:43 - INFO - __main__ - Evaluating to get errors .... Timecode: 74
11/03/2021 17:06:47 - INFO - __main__ - Before Error Fixing: {'EM': 0.5625, 'QA-F1': 0.6346642634326458}
11/03/2021 17:06:47 - INFO - __main__ - Found 28 errors.
11/03/2021 17:06:47 - INFO - __main__ - Start error-fixing .... Timecode: 74
11/03/2021 17:06:54 - INFO - __main__ - Start error-fixing .... Done!
11/03/2021 17:06:56 - INFO - __main__ - Overall: 0.7055111607142857 from scores=[0.6056250000000001, 0.9285714285714286, 0.822265625, 0.71875, 0.45234375]
11/03/2021 17:06:56 - INFO - __main__ - --------------------------------------------------
11/03/2021 17:06:56 - INFO - __main__ - Start eval_knowledge_retention for UKR @ Timecode=75
11/03/2021 17:07:18 - INFO - __main__ - Upstream Knowledge Retation (UKR@75): 0.7578
11/03/2021 17:07:19 - INFO - __main__ - Start eval_knowledge_retention for OKR @ Timecode=75
11/03/2021 17:07:48 - INFO - __main__ - Online Knowledge Retation (OKR@75): 0.8477
11/03/2021 17:07:48 - INFO - __main__ - Evaluating to get errors .... Timecode: 75
11/03/2021 17:07:52 - INFO - __main__ - Before Error Fixing: {'EM': 0.421875, 'QA-F1': 0.4827448593073593}
11/03/2021 17:07:52 - INFO - __main__ - Found 37 errors.
11/03/2021 17:07:53 - INFO - __main__ - Start error-fixing .... Timecode: 75
11/03/2021 17:08:02 - INFO - __main__ - Start error-fixing .... Done!
11/03/2021 17:08:04 - INFO - __main__ - Overall: 0.732203947368421 from scores=[0.6032072368421053, 1.0, 0.84765625, 0.7578125, 0.45234375]
11/03/2021 17:08:04 - INFO - __main__ - --------------------------------------------------
11/03/2021 17:08:04 - INFO - __main__ - Evaluating to get errors .... Timecode: 76
11/03/2021 17:08:08 - INFO - __main__ - Before Error Fixing: {'EM': 0.46875, 'QA-F1': 0.549529790300139}
11/03/2021 17:08:08 - INFO - __main__ - Found 34 errors.
11/03/2021 17:08:08 - INFO - __main__ - Start error-fixing .... Timecode: 76
11/03/2021 17:08:17 - INFO - __main__ - Start error-fixing .... Done!
11/03/2021 17:08:19 - INFO - __main__ - Overall: 0.7318547077922077 from scores=[0.601461038961039, 1.0, 0.84765625, 0.7578125, 0.45234375]
11/03/2021 17:08:19 - INFO - __main__ - --------------------------------------------------
11/03/2021 17:08:19 - INFO - __main__ - Evaluating to get errors .... Timecode: 77
11/03/2021 17:08:22 - INFO - __main__ - Before Error Fixing: {'EM': 0.46875, 'QA-F1': 0.514709595959596}
11/03/2021 17:08:22 - INFO - __main__ - Found 34 errors.
11/03/2021 17:08:23 - INFO - __main__ - Start error-fixing .... Timecode: 77
11/03/2021 17:08:32 - INFO - __main__ - Start error-fixing .... Done!
11/03/2021 17:08:34 - INFO - __main__ - Overall: 0.7256320701357466 from scores=[0.5997596153846154, 0.9705882352941176, 0.84765625, 0.7578125, 0.45234375]
11/03/2021 17:08:34 - INFO - __main__ - --------------------------------------------------
11/03/2021 17:08:34 - INFO - __main__ - Evaluating to get errors .... Timecode: 78
11/03/2021 17:08:39 - INFO - __main__ - Before Error Fixing: {'EM': 0.515625, 'QA-F1': 0.5961488344031447}
11/03/2021 17:08:39 - INFO - __main__ - Found 31 errors.
11/03/2021 17:08:40 - INFO - __main__ - Start error-fixing .... Timecode: 78
11/03/2021 17:08:48 - INFO - __main__ - Start error-fixing .... Done!
11/03/2021 17:08:49 - INFO - __main__ - Overall: 0.7248498111474071 from scores=[0.5986946202531646, 0.967741935483871, 0.84765625, 0.7578125, 0.45234375]
11/03/2021 17:08:49 - INFO - __main__ - --------------------------------------------------
11/03/2021 17:08:49 - INFO - __main__ - Evaluating to get errors .... Timecode: 79
11/03/2021 17:08:53 - INFO - __main__ - Before Error Fixing: {'EM': 0.515625, 'QA-F1': 0.6457602557466688}
11/03/2021 17:08:53 - INFO - __main__ - Found 31 errors.
11/03/2021 17:08:53 - INFO - __main__ - Start error-fixing .... Timecode: 79
11/03/2021 17:09:01 - INFO - __main__ - Start error-fixing .... Done!
11/03/2021 17:09:03 - INFO - __main__ - Overall: 0.7246421370967742 from scores=[0.59765625, 0.967741935483871, 0.84765625, 0.7578125, 0.45234375]
11/03/2021 17:09:03 - INFO - __main__ - --------------------------------------------------
11/03/2021 17:09:03 - INFO - __main__ - Start eval_knowledge_retention for UKR @ Timecode=80
11/03/2021 17:09:23 - INFO - __main__ - Upstream Knowledge Retation (UKR@80): 0.6875
11/03/2021 17:09:24 - INFO - __main__ - Start eval_knowledge_retention for OKR @ Timecode=80
11/03/2021 17:09:52 - INFO - __main__ - Online Knowledge Retation (OKR@80): 0.7461
11/03/2021 17:09:52 - INFO - __main__ - Start eval_knowledge_generalization for KG @ Timecode=80
11/03/2021 17:10:51 - INFO - __main__ - Future Knowledge Generalization (KG@80): 0.3953
11/03/2021 17:10:51 - INFO - __main__ - Evaluating to get errors .... Timecode: 80
11/03/2021 17:10:55 - INFO - __main__ - Before Error Fixing: {'EM': 0.59375, 'QA-F1': 0.6305469396195202}
11/03/2021 17:10:55 - INFO - __main__ - Found 26 errors.
11/03/2021 17:10:55 - INFO - __main__ - Start error-fixing .... Timecode: 80
11/03/2021 17:11:02 - INFO - __main__ - Start error-fixing .... Done!
11/03/2021 17:11:04 - INFO - __main__ - Overall: 0.6776105472459639 from scores=[0.597608024691358, 0.9615384615384616, 0.74609375, 0.6875, 0.3953125]
11/03/2021 17:11:05 - INFO - __main__ - Model saved to experiments/ckpt_dirs/qa/er/QA_simplecl_lr=5e-5_ep=6_T=100,b=64,alpha=0.98,beta=1,gamma=1/model_ckpt_080.pt.
11/03/2021 17:11:05 - INFO - __main__ - Updated result feule: experiments/results/qa/QA_simplecl_lr=5e-5_ep=6_T=100,b=64,alpha=0.98,beta=1,gamma=1_result.json at Timecode: 80.
11/03/2021 17:11:05 - INFO - __main__ - --------------------------------------------------
11/03/2021 17:11:05 - INFO - __main__ - Evaluating to get errors .... Timecode: 81
11/03/2021 17:11:09 - INFO - __main__ - Before Error Fixing: {'EM': 0.40625, 'QA-F1': 0.49135110962891104}
11/03/2021 17:11:09 - INFO - __main__ - Found 38 errors.
11/03/2021 17:11:09 - INFO - __main__ - Start error-fixing .... Timecode: 81
11/03/2021 17:11:18 - INFO - __main__ - Start error-fixing .... Done!
11/03/2021 17:11:20 - INFO - __main__ - Overall: 0.6795729701540437 from scores=[0.5952743902439024, 0.9736842105263158, 0.74609375, 0.6875, 0.3953125]
11/03/2021 17:11:20 - INFO - __main__ - --------------------------------------------------
11/03/2021 17:11:20 - INFO - __main__ - Evaluating to get errors .... Timecode: 82
11/03/2021 17:11:24 - INFO - __main__ - Before Error Fixing: {'EM': 0.5625, 'QA-F1': 0.7000106766191325}
11/03/2021 17:11:24 - INFO - __main__ - Found 28 errors.
11/03/2021 17:11:24 - INFO - __main__ - Start error-fixing .... Timecode: 82
11/03/2021 17:11:31 - INFO - __main__ - Start error-fixing .... Done!
11/03/2021 17:11:33 - INFO - __main__ - Overall: 0.6847571536144579 from scores=[0.5948795180722892, 1.0, 0.74609375, 0.6875, 0.3953125]
11/03/2021 17:11:33 - INFO - __main__ - --------------------------------------------------
11/03/2021 17:11:33 - INFO - __main__ - Evaluating to get errors .... Timecode: 83
11/03/2021 17:11:37 - INFO - __main__ - Before Error Fixing: {'EM': 0.484375, 'QA-F1': 0.5793030753968254}
11/03/2021 17:11:37 - INFO - __main__ - Found 33 errors.
11/03/2021 17:11:37 - INFO - __main__ - Start error-fixing .... Timecode: 83
11/03/2021 17:11:46 - INFO - __main__ - Start error-fixing .... Done!
11/03/2021 17:11:48 - INFO - __main__ - Overall: 0.6844940476190476 from scores=[0.5935639880952381, 1.0, 0.74609375, 0.6875, 0.3953125]
11/03/2021 17:11:48 - INFO - __main__ - --------------------------------------------------
11/03/2021 17:11:48 - INFO - __main__ - Evaluating to get errors .... Timecode: 84
11/03/2021 17:11:52 - INFO - __main__ - Before Error Fixing: {'EM': 0.484375, 'QA-F1': 0.6019430034036013}
11/03/2021 17:11:52 - INFO - __main__ - Found 33 errors.
11/03/2021 17:11:52 - INFO - __main__ - Start error-fixing .... Timecode: 84
11/03/2021 17:12:01 - INFO - __main__ - Start error-fixing .... Done!
11/03/2021 17:12:03 - INFO - __main__ - Overall: 0.6842371323529413 from scores=[0.5922794117647059, 1.0, 0.74609375, 0.6875, 0.3953125]
11/03/2021 17:12:03 - INFO - __main__ - --------------------------------------------------
11/03/2021 17:12:03 - INFO - __main__ - Start eval_knowledge_retention for UKR @ Timecode=85
11/03/2021 17:12:27 - INFO - __main__ - Upstream Knowledge Retation (UKR@85): 0.6992
11/03/2021 17:12:27 - INFO - __main__ - Start eval_knowledge_retention for OKR @ Timecode=85
11/03/2021 17:12:57 - INFO - __main__ - Online Knowledge Retation (OKR@85): 0.7832
11/03/2021 17:12:57 - INFO - __main__ - Evaluating to get errors .... Timecode: 85
11/03/2021 17:13:02 - INFO - __main__ - Before Error Fixing: {'EM': 0.453125, 'QA-F1': 0.5890613423169537}
11/03/2021 17:13:02 - INFO - __main__ - Found 35 errors.
11/03/2021 17:13:02 - INFO - __main__ - Start error-fixing .... Timecode: 85
11/03/2021 17:13:12 - INFO - __main__ - Start error-fixing .... Done!
11/03/2021 17:13:15 - INFO - __main__ - Overall: 0.6822505710132891 from scores=[0.5906613372093024, 0.9428571428571428, 0.783203125, 0.69921875, 0.3953125]
11/03/2021 17:13:15 - INFO - __main__ - --------------------------------------------------
11/03/2021 17:13:15 - INFO - __main__ - Evaluating to get errors .... Timecode: 86
11/03/2021 17:13:20 - INFO - __main__ - Before Error Fixing: {'EM': 0.390625, 'QA-F1': 0.5194786405723906}
11/03/2021 17:13:20 - INFO - __main__ - Found 39 errors.
11/03/2021 17:13:20 - INFO - __main__ - Start error-fixing .... Timecode: 86
11/03/2021 17:13:30 - INFO - __main__ - Start error-fixing .... Done!
11/03/2021 17:13:32 - INFO - __main__ - Overall: 0.6880910836648984 from scores=[0.5883620689655172, 0.9743589743589743, 0.783203125, 0.69921875, 0.3953125]
11/03/2021 17:13:32 - INFO - __main__ - --------------------------------------------------
11/03/2021 17:13:32 - INFO - __main__ - Evaluating to get errors .... Timecode: 87
11/03/2021 17:13:36 - INFO - __main__ - Before Error Fixing: {'EM': 0.5625, 'QA-F1': 0.6901878700801115}
11/03/2021 17:13:36 - INFO - __main__ - Found 28 errors.
11/03/2021 17:13:36 - INFO - __main__ - Start error-fixing .... Timecode: 87
11/03/2021 17:13:44 - INFO - __main__ - Start error-fixing .... Done!
11/03/2021 17:13:45 - INFO - __main__ - Overall: 0.6931605113636363 from scores=[0.5880681818181819, 1.0, 0.783203125, 0.69921875, 0.3953125]
11/03/2021 17:13:45 - INFO - __main__ - --------------------------------------------------
11/03/2021 17:13:45 - INFO - __main__ - Evaluating to get errors .... Timecode: 88
11/03/2021 17:13:50 - INFO - __main__ - Before Error Fixing: {'EM': 0.515625, 'QA-F1': 0.6340436016729121}
11/03/2021 17:13:50 - INFO - __main__ - Found 31 errors.
11/03/2021 17:13:50 - INFO - __main__ - Start error-fixing .... Timecode: 88
11/03/2021 17:13:58 - INFO - __main__ - Start error-fixing .... Done!
11/03/2021 17:14:00 - INFO - __main__ - Overall: 0.6736428789869519 from scores=[0.587254213483146, 0.9032258064516129, 0.783203125, 0.69921875, 0.3953125]
11/03/2021 17:14:00 - INFO - __main__ - --------------------------------------------------
11/03/2021 17:14:00 - INFO - __main__ - Evaluating to get errors .... Timecode: 89
11/03/2021 17:14:05 - INFO - __main__ - Before Error Fixing: {'EM': 0.578125, 'QA-F1': 0.6566179593353506}
11/03/2021 17:14:05 - INFO - __main__ - Found 27 errors.
11/03/2021 17:14:05 - INFO - __main__ - Start error-fixing .... Timecode: 89
11/03/2021 17:14:12 - INFO - __main__ - Start error-fixing .... Done!
11/03/2021 17:14:13 - INFO - __main__ - Overall: 0.6929774305555556 from scores=[0.5871527777777779, 1.0, 0.783203125, 0.69921875, 0.3953125]
11/03/2021 17:14:13 - INFO - __main__ - --------------------------------------------------
11/03/2021 17:14:13 - INFO - __main__ - Start eval_knowledge_retention for UKR @ Timecode=90
11/03/2021 17:14:38 - INFO - __main__ - Upstream Knowledge Retation (UKR@90): 0.7207
11/03/2021 17:14:39 - INFO - __main__ - Start eval_knowledge_retention for OKR @ Timecode=90
11/03/2021 17:15:12 - INFO - __main__ - Online Knowledge Retation (OKR@90): 0.8496
11/03/2021 17:15:12 - INFO - __main__ - Start eval_knowledge_generalization for KG @ Timecode=90
11/03/2021 17:16:18 - INFO - __main__ - Future Knowledge Generalization (KG@90): 0.4766
11/03/2021 17:16:18 - INFO - __main__ - Evaluating to get errors .... Timecode: 90
11/03/2021 17:16:23 - INFO - __main__ - Before Error Fixing: {'EM': 0.5625, 'QA-F1': 0.6614715893541324}
11/03/2021 17:16:23 - INFO - __main__ - Found 28 errors.
11/03/2021 17:16:23 - INFO - __main__ - Start error-fixing .... Timecode: 90
11/03/2021 17:16:30 - INFO - __main__ - Start error-fixing .... Done!
11/03/2021 17:16:32 - INFO - __main__ - Overall: 0.7196085164835165 from scores=[0.5868818681318682, 0.9642857142857143, 0.849609375, 0.720703125, 0.4765625]
11/03/2021 17:16:34 - INFO - __main__ - Model saved to experiments/ckpt_dirs/qa/er/QA_simplecl_lr=5e-5_ep=6_T=100,b=64,alpha=0.98,beta=1,gamma=1/model_ckpt_090.pt.
11/03/2021 17:16:34 - INFO - __main__ - Updated result feule: experiments/results/qa/QA_simplecl_lr=5e-5_ep=6_T=100,b=64,alpha=0.98,beta=1,gamma=1_result.json at Timecode: 90.
11/03/2021 17:16:34 - INFO - __main__ - --------------------------------------------------
11/03/2021 17:16:34 - INFO - __main__ - Evaluating to get errors .... Timecode: 91
11/03/2021 17:16:38 - INFO - __main__ - Before Error Fixing: {'EM': 0.546875, 'QA-F1': 0.703896038172354}
11/03/2021 17:16:38 - INFO - __main__ - Found 29 errors.
11/03/2021 17:16:39 - INFO - __main__ - Start error-fixing .... Timecode: 91
11/03/2021 17:16:45 - INFO - __main__ - Start error-fixing .... Done!
11/03/2021 17:16:47 - INFO - __main__ - Overall: 0.7128712987256371 from scores=[0.5864470108695652, 0.9310344827586207, 0.849609375, 0.720703125, 0.4765625]
11/03/2021 17:16:47 - INFO - __main__ - --------------------------------------------------
11/03/2021 17:16:47 - INFO - __main__ - Evaluating to get errors .... Timecode: 92
11/03/2021 17:16:51 - INFO - __main__ - Before Error Fixing: {'EM': 0.53125, 'QA-F1': 0.6391183035714285}
11/03/2021 17:16:51 - INFO - __main__ - Found 30 errors.
11/03/2021 17:16:51 - INFO - __main__ - Start error-fixing .... Timecode: 92
11/03/2021 17:16:58 - INFO - __main__ - Start error-fixing .... Done!
11/03/2021 17:17:00 - INFO - __main__ - Overall: 0.7132123655913979 from scores=[0.585853494623656, 0.9333333333333333, 0.849609375, 0.720703125, 0.4765625]
11/03/2021 17:17:00 - INFO - __main__ - --------------------------------------------------
11/03/2021 17:17:00 - INFO - __main__ - Evaluating to get errors .... Timecode: 93
11/03/2021 17:17:04 - INFO - __main__ - Before Error Fixing: {'EM': 0.46875, 'QA-F1': 0.5943249048101021}
11/03/2021 17:17:04 - INFO - __main__ - Found 34 errors.
11/03/2021 17:17:04 - INFO - __main__ - Start error-fixing .... Timecode: 93
11/03/2021 17:17:13 - INFO - __main__ - Start error-fixing .... Done!
11/03/2021 17:17:16 - INFO - __main__ - Overall: 0.7027671307884856 from scores=[0.5846077127659575, 0.8823529411764706, 0.849609375, 0.720703125, 0.4765625]
11/03/2021 17:17:16 - INFO - __main__ - --------------------------------------------------
11/03/2021 17:17:16 - INFO - __main__ - Evaluating to get errors .... Timecode: 94
11/03/2021 17:17:20 - INFO - __main__ - Before Error Fixing: {'EM': 0.609375, 'QA-F1': 0.6964688740079366}
11/03/2021 17:17:20 - INFO - __main__ - Found 25 errors.
11/03/2021 17:17:20 - INFO - __main__ - Start error-fixing .... Timecode: 94
11/03/2021 17:17:26 - INFO - __main__ - Start error-fixing .... Done!
11/03/2021 17:17:28 - INFO - __main__ - Overall: 0.7263486842105263 from scores=[0.5848684210526316, 1.0, 0.849609375, 0.720703125, 0.4765625]
11/03/2021 17:17:28 - INFO - __main__ - --------------------------------------------------
11/03/2021 17:17:28 - INFO - __main__ - Start eval_knowledge_retention for UKR @ Timecode=95
11/03/2021 17:17:50 - INFO - __main__ - Upstream Knowledge Retation (UKR@95): 0.7070
11/03/2021 17:17:50 - INFO - __main__ - Start eval_knowledge_retention for OKR @ Timecode=95
11/03/2021 17:18:21 - INFO - __main__ - Online Knowledge Retation (OKR@95): 0.8242
11/03/2021 17:18:21 - INFO - __main__ - Evaluating to get errors .... Timecode: 95
11/03/2021 17:18:24 - INFO - __main__ - Before Error Fixing: {'EM': 0.5625, 'QA-F1': 0.700516264619883}
11/03/2021 17:18:24 - INFO - __main__ - Found 28 errors.
11/03/2021 17:18:24 - INFO - __main__ - Start error-fixing .... Timecode: 95
11/03/2021 17:18:31 - INFO - __main__ - Start error-fixing .... Done!
11/03/2021 17:18:33 - INFO - __main__ - Overall: 0.7184895833333333 from scores=[0.5846354166666667, 1.0, 0.82421875, 0.70703125, 0.4765625]
11/03/2021 17:18:33 - INFO - __main__ - --------------------------------------------------
11/03/2021 17:18:33 - INFO - __main__ - Evaluating to get errors .... Timecode: 96
11/03/2021 17:18:37 - INFO - __main__ - Before Error Fixing: {'EM': 0.546875, 'QA-F1': 0.6377910539215687}
11/03/2021 17:18:37 - INFO - __main__ - Found 29 errors.
11/03/2021 17:18:37 - INFO - __main__ - Start error-fixing .... Timecode: 96
11/03/2021 17:18:44 - INFO - __main__ - Start error-fixing .... Done!
11/03/2021 17:18:46 - INFO - __main__ - Overall: 0.7115151750799857 from scores=[0.5842461340206185, 0.9655172413793104, 0.82421875, 0.70703125, 0.4765625]
11/03/2021 17:18:46 - INFO - __main__ - --------------------------------------------------
11/03/2021 17:18:46 - INFO - __main__ - Evaluating to get errors .... Timecode: 97
11/03/2021 17:18:51 - INFO - __main__ - Before Error Fixing: {'EM': 0.484375, 'QA-F1': 0.5628570930880714}
11/03/2021 17:18:51 - INFO - __main__ - Found 33 errors.
11/03/2021 17:18:51 - INFO - __main__ - Start error-fixing .... Timecode: 97
11/03/2021 17:19:00 - INFO - __main__ - Start error-fixing .... Done!
11/03/2021 17:19:01 - INFO - __main__ - Overall: 0.693965483920841 from scores=[0.5832270408163265, 0.8787878787878788, 0.82421875, 0.70703125, 0.4765625]
11/03/2021 17:19:01 - INFO - __main__ - --------------------------------------------------
11/03/2021 17:19:01 - INFO - __main__ - Evaluating to get errors .... Timecode: 98
11/03/2021 17:19:04 - INFO - __main__ - Before Error Fixing: {'EM': 0.40625, 'QA-F1': 0.4661052489177489}
11/03/2021 17:19:04 - INFO - __main__ - Found 38 errors.
11/03/2021 17:19:04 - INFO - __main__ - Start error-fixing .... Timecode: 98
11/03/2021 17:19:14 - INFO - __main__ - Start error-fixing .... Done!
11/03/2021 17:19:16 - INFO - __main__ - Overall: 0.7178503787878788 from scores=[0.5814393939393939, 1.0, 0.82421875, 0.70703125, 0.4765625]
11/03/2021 17:19:16 - INFO - __main__ - --------------------------------------------------
11/03/2021 17:19:16 - INFO - __main__ - Evaluating to get errors .... Timecode: 99
11/03/2021 17:19:21 - INFO - __main__ - Before Error Fixing: {'EM': 0.53125, 'QA-F1': 0.6064508955956324}
11/03/2021 17:19:21 - INFO - __main__ - Found 30 errors.
11/03/2021 17:19:21 - INFO - __main__ - Start error-fixing .... Timecode: 99
11/03/2021 17:19:29 - INFO - __main__ - Start error-fixing .... Done!
11/03/2021 17:19:31 - INFO - __main__ - Overall: 0.6910833333333334 from scores=[0.5809375, 0.8666666666666667, 0.82421875, 0.70703125, 0.4765625]
11/03/2021 17:19:31 - INFO - __main__ - --------------------------------------------------
11/03/2021 17:19:31 - INFO - __main__ - Start the final evaluation.
11/03/2021 17:19:31 - INFO - __main__ - Nothing here.
11/03/2021 17:19:33 - INFO - __main__ - Model saved to experiments/ckpt_dirs/qa/er/QA_simplecl_lr=5e-5_ep=6_T=100,b=64,alpha=0.98,beta=1,gamma=1/model_ckpt_100.pt.
11/03/2021 17:19:33 - INFO - __main__ - Updated result feule: experiments/results/qa/QA_simplecl_lr=5e-5_ep=6_T=100,b=64,alpha=0.98,beta=1,gamma=1_result.json at Timecode: 100.
11/03/2021 17:19:33 - INFO - __main__ - Finished. Results saved to experiments/results/qa/QA_simplecl_lr=5e-5_ep=6_T=100,b=64,alpha=0.98,beta=1,gamma=1_result.json
