11/08/2021 01:03:29 - INFO - __main__ - Namespace(adam_epsilon=1e-08, adapter_dim=32, append_another_bos=1, base_model_path='out/mrqa_squad_bart-base_1029_upstream_model//best-model.pt', base_model_type='facebook/bart-base', ckpt_dir='experiments/ckpt_dirs/qa/er/QA_simplecl_lr=3e-5_ep=5_T=100,b=64,alpha=0.9,beta=0.5,gamma=0.8', cl_method_name='simple_cl', current_thread_id=None, do_lowercase=False, ewc_gamma=1, ewc_lambda=0.5, example_encoder_name='roberta-base', freeze_embeds=False, gradient_accumulation_steps=1, heldout_submission_data='experiments/eval_data/qa/heldout_eval.jsonl', index_rank_method='most_similar', indexing_args_path='exp_results/supervision_data/1012_dm_simple.train_args.json', indexing_method='bart_index', inference_query_size=1, init_memory_cache_path='bug_data/memory_key_cache.pkl', kg_eval_freq=10, kg_eval_mode='metric', kr_eval_freq=10, kr_eval_mode='metric', learning_rate=3e-05, local_adapt_lr=1e-05, max_grad_norm=0.1, max_input_length=888, max_output_length=50, max_timecode=100, memory_key_encoder='facebook/bart-base', memory_path='', memory_store_rate=1.0, mir_abalation_args='none', num_adapt_epochs=1, num_beams=3, num_threads_eval=0, num_train_epochs=5.0, okr_sample_seed=1337, okr_sample_size=512, path_to_thread_result=None, predict_batch_size=48, prefix='QA_simplecl_lr=3e-5_ep=5_T=100,b=64,alpha=0.9,beta=0.5,gamma=0.8', replay_candidate_size=8, replay_frequency=1, replay_size=8, result_file='experiments/results/qa/QA_simplecl_lr=3e-5_ep=5_T=100,b=64,alpha=0.9,beta=0.5,gamma=0.8_result.json', save_ckpt_freq=10, seed=42, skip_instant_eval=False, submission_stream_data='experiments/eval_data/qa/submission_stream.T=100,b=64,alpha=0.9,beta=0.5,gamma=0.8.json', task_emb_dim=768, task_name='mrqa', train_batch_size=8, upstream_data_path='data/mrqa_squad/mrqa_squad_train.jsonl', upstream_eval_data='experiments/eval_data/qa/upstream_eval.jsonl', upstream_sample_ratio=-1, use_mir=False, use_replay_mix=False, use_wandb=True, weight_decay=0.01)
11/08/2021 01:03:30 - INFO - transformers.tokenization_utils - loading file https://s3.amazonaws.com/models.huggingface.co/bert/roberta-large-vocab.json from cache at /private/home/yuchenlin/.cache/torch/transformers/1ae1f5b6e2b22b25ccc04c000bb79ca847aa226d0761536b011cf7e5868f0655.ef00af9e673c7160b4d41cfda1f48c5f4cba57d5142754525572a846a1ab1b9b
11/08/2021 01:03:30 - INFO - transformers.tokenization_utils - loading file https://s3.amazonaws.com/models.huggingface.co/bert/roberta-large-merges.txt from cache at /private/home/yuchenlin/.cache/torch/transformers/f8f83199a6270d582d6245dc100e99c4155de81c9745c6248077018fe01abcfb.70bec105b4158ed9a1747fea67a43f5dee97855c64d62b6ec3742f4cfdb5feda
11/08/2021 01:03:49 - INFO - __main__ - load_data: len(upstream_eval_examples)=512
11/08/2021 01:03:50 - INFO - __main__ - load_data: len(heldout_eval_examples)=1280
11/08/2021 01:03:53 - INFO - __main__ - Loading checkpoint from out/mrqa_squad_bart-base_1029_upstream_model//best-model.pt for facebook/bart-base .....
11/08/2021 01:03:54 - INFO - transformers.configuration_utils - loading configuration file https://s3.amazonaws.com/models.huggingface.co/bert/facebook/bart-base/config.json from cache at /private/home/yuchenlin/.cache/torch/transformers/09f4fcaeaf785dd3b97b085d6e3510c7081f586ec8e75981683c6299c0f81d9d.e8d516ad807436d395effad8c2326786872659b7dd1210827ac67c761198a0eb
11/08/2021 01:03:54 - INFO - transformers.configuration_utils - Model config BartConfig {
  "activation_dropout": 0.1,
  "activation_function": "gelu",
  "add_bias_logits": false,
  "add_final_layer_norm": false,
  "architectures": [
    "BartModel",
    "BartForConditionalGeneration",
    "BartForSequenceClassification"
  ],
  "attention_dropout": 0.1,
  "bos_token_id": 0,
  "classif_dropout": 0.0,
  "d_model": 768,
  "decoder_attention_heads": 12,
  "decoder_ffn_dim": 3072,
  "decoder_layerdrop": 0.0,
  "decoder_layers": 6,
  "decoder_start_token_id": 2,
  "dropout": 0.1,
  "early_stopping": true,
  "encoder_attention_heads": 12,
  "encoder_ffn_dim": 3072,
  "encoder_layerdrop": 0.0,
  "encoder_layers": 6,
  "eos_token_id": 2,
  "id2label": {
    "0": "LABEL_0",
    "1": "LABEL_1",
    "2": "LABEL_2"
  },
  "init_std": 0.02,
  "is_encoder_decoder": true,
  "label2id": {
    "LABEL_0": 0,
    "LABEL_1": 1,
    "LABEL_2": 2
  },
  "max_position_embeddings": 1024,
  "model_type": "bart",
  "no_repeat_ngram_size": 3,
  "normalize_before": false,
  "normalize_embedding": true,
  "num_beams": 4,
  "num_hidden_layers": 6,
  "pad_token_id": 1,
  "scale_embedding": false,
  "static_position_embeddings": false,
  "task_specific_params": {
    "summarization": {
      "length_penalty": 1.0,
      "max_length": 128,
      "min_length": 12,
      "num_beams": 4
    },
    "summarization_cnn": {
      "length_penalty": 2.0,
      "max_length": 142,
      "min_length": 56,
      "num_beams": 4
    },
    "summarization_xsum": {
      "length_penalty": 1.0,
      "max_length": 62,
      "min_length": 11,
      "num_beams": 6
    }
  },
  "vocab_size": 50265
}

11/08/2021 01:03:54 - INFO - transformers.modeling_utils - loading weights file https://cdn.huggingface.co/facebook/bart-base/pytorch_model.bin from cache at /private/home/yuchenlin/.cache/torch/transformers/566c05fb6983817e8ad7a4fa51e3099fe9caa3b31730f964bc5198d71c677523.0a3d95c18c1e434448941bc25accea7b122882be6526fb67c8e8fb6d5ebc711c
11/08/2021 01:03:57 - INFO - __main__ - Loading checkpoint from out/mrqa_squad_bart-base_1029_upstream_model//best-model.pt for facebook/bart-base ..... Done!
11/08/2021 01:04:00 - INFO - __main__ - Moving to the GPUs.
11/08/2021 01:04:00 - INFO - __main__ - Debugger Setup ......
11/08/2021 01:04:00 - INFO - __main__ - debugger_args: Namespace(adam_epsilon=1e-08, ckpt_dir='experiments/ckpt_dirs/qa/er/QA_simplecl_lr=3e-5_ep=5_T=100,b=64,alpha=0.9,beta=0.5,gamma=0.8', gradient_accumulation_steps=1, kg_eval_freq=10, kg_eval_mode='metric', kr_eval_freq=10, kr_eval_mode='metric', learning_rate=3e-05, max_grad_norm=0.1, num_epochs=5.0, okr_sample_seed=1337, okr_sample_size=512, save_ckpt_freq=10, skip_instant_eval=False, total_steps=10000, warmup_steps=0, weight_decay=0.01) ......
11/08/2021 01:04:00 - INFO - __main__ - optimizer & scheduler Setup ...... Done!
11/08/2021 01:04:00 - INFO - __main__ - Debugger Setup ...... Done!
11/08/2021 01:04:00 - INFO - __main__ - Start Online Debugging with Dynamic Error Mode
11/08/2021 01:04:00 - INFO - __main__ - Number of Batches of Data: 100
11/08/2021 01:04:00 - INFO - __main__ - Data Batch Size: 64;
11/08/2021 01:04:03 - INFO - __main__ - Model saved to experiments/ckpt_dirs/qa/er/QA_simplecl_lr=3e-5_ep=5_T=100,b=64,alpha=0.9,beta=0.5,gamma=0.8/model_ckpt_000.pt.
11/08/2021 01:04:03 - INFO - __main__ - Start eval_knowledge_retention for UKR @ Timecode=0
11/08/2021 01:04:25 - INFO - __main__ - Upstream Knowledge Retation (UKR@0): 0.8027
11/08/2021 01:04:25 - INFO - __main__ - Start eval_knowledge_generalization for KG @ Timecode=0
11/08/2021 01:05:52 - INFO - __main__ - Future Knowledge Generalization (KG@0): 0.3125
11/08/2021 01:05:52 - INFO - __main__ - Evaluating to get errors .... Timecode: 0
11/08/2021 01:05:55 - INFO - __main__ - Before Error Fixing: {'EM': 0.828125, 'QA-F1': 0.8576388888888888}
11/08/2021 01:05:55 - INFO - __main__ - Found 11 errors.
11/08/2021 01:05:55 - INFO - __main__ - Start error-fixing .... Timecode: 0
11/08/2021 01:05:56 - INFO - __main__ - Start error-fixing .... Done!
11/08/2021 01:05:57 - INFO - __main__ - Overall: 0.7776988636363636 from scores=[0.828125, 0.7272727272727273]
11/08/2021 01:05:59 - INFO - __main__ - Model saved to experiments/ckpt_dirs/qa/er/QA_simplecl_lr=3e-5_ep=5_T=100,b=64,alpha=0.9,beta=0.5,gamma=0.8/model_ckpt_000.pt.
11/08/2021 01:05:59 - INFO - __main__ - Updated result feule: experiments/results/qa/QA_simplecl_lr=3e-5_ep=5_T=100,b=64,alpha=0.9,beta=0.5,gamma=0.8_result.json at Timecode: 0.
11/08/2021 01:05:59 - INFO - __main__ - --------------------------------------------------
11/08/2021 01:05:59 - INFO - __main__ - Evaluating to get errors .... Timecode: 1
11/08/2021 01:06:01 - INFO - __main__ - Before Error Fixing: {'EM': 0.796875, 'QA-F1': 0.8325892857142857}
11/08/2021 01:06:01 - INFO - __main__ - Found 13 errors.
11/08/2021 01:06:01 - INFO - __main__ - Start error-fixing .... Timecode: 1
11/08/2021 01:06:02 - INFO - __main__ - Start error-fixing .... Done!
11/08/2021 01:06:03 - INFO - __main__ - Overall: 0.90625 from scores=[0.8125, 1.0]
11/08/2021 01:06:03 - INFO - __main__ - --------------------------------------------------
11/08/2021 01:06:03 - INFO - __main__ - Evaluating to get errors .... Timecode: 2
11/08/2021 01:06:06 - INFO - __main__ - Before Error Fixing: {'EM': 0.828125, 'QA-F1': 0.8541666666666666}
11/08/2021 01:06:06 - INFO - __main__ - Found 11 errors.
11/08/2021 01:06:06 - INFO - __main__ - Start error-fixing .... Timecode: 2
11/08/2021 01:06:07 - INFO - __main__ - Start error-fixing .... Done!
11/08/2021 01:06:08 - INFO - __main__ - Overall: 0.9088541666666667 from scores=[0.8177083333333334, 1.0]
11/08/2021 01:06:08 - INFO - __main__ - --------------------------------------------------
11/08/2021 01:06:08 - INFO - __main__ - Evaluating to get errors .... Timecode: 3
11/08/2021 01:06:11 - INFO - __main__ - Before Error Fixing: {'EM': 0.578125, 'QA-F1': 0.6232920725108225}
11/08/2021 01:06:11 - INFO - __main__ - Found 27 errors.
11/08/2021 01:06:11 - INFO - __main__ - Start error-fixing .... Timecode: 3
11/08/2021 01:06:17 - INFO - __main__ - Start error-fixing .... Done!
11/08/2021 01:06:18 - INFO - __main__ - Overall: 0.8233506944444444 from scores=[0.7578125, 0.8888888888888888]
11/08/2021 01:06:18 - INFO - __main__ - --------------------------------------------------
11/08/2021 01:06:18 - INFO - __main__ - Evaluating to get errors .... Timecode: 4
11/08/2021 01:06:21 - INFO - __main__ - Before Error Fixing: {'EM': 0.71875, 'QA-F1': 0.7803819444444444}
11/08/2021 01:06:21 - INFO - __main__ - Found 18 errors.
11/08/2021 01:06:21 - INFO - __main__ - Start error-fixing .... Timecode: 4
11/08/2021 01:06:24 - INFO - __main__ - Start error-fixing .... Done!
11/08/2021 01:06:25 - INFO - __main__ - Overall: 0.875 from scores=[0.75, 1.0]
11/08/2021 01:06:25 - INFO - __main__ - --------------------------------------------------
11/08/2021 01:06:25 - INFO - __main__ - Evaluating to get errors .... Timecode: 5
11/08/2021 01:06:27 - INFO - __main__ - Before Error Fixing: {'EM': 0.59375, 'QA-F1': 0.6738852004477005}
11/08/2021 01:06:27 - INFO - __main__ - Found 26 errors.
11/08/2021 01:06:27 - INFO - __main__ - Start error-fixing .... Timecode: 5
11/08/2021 01:06:32 - INFO - __main__ - Start error-fixing .... Done!
11/08/2021 01:06:33 - INFO - __main__ - Overall: 0.8427483974358974 from scores=[0.7239583333333333, 0.9615384615384616]
11/08/2021 01:06:33 - INFO - __main__ - --------------------------------------------------
11/08/2021 01:06:33 - INFO - __main__ - Evaluating to get errors .... Timecode: 6
11/08/2021 01:06:36 - INFO - __main__ - Before Error Fixing: {'EM': 0.53125, 'QA-F1': 0.6597154785130328}
11/08/2021 01:06:36 - INFO - __main__ - Found 30 errors.
11/08/2021 01:06:36 - INFO - __main__ - Start error-fixing .... Timecode: 6
11/08/2021 01:06:41 - INFO - __main__ - Start error-fixing .... Done!
11/08/2021 01:06:43 - INFO - __main__ - Overall: 0.7648809523809523 from scores=[0.6964285714285714, 0.8333333333333334]
11/08/2021 01:06:43 - INFO - __main__ - --------------------------------------------------
11/08/2021 01:06:43 - INFO - __main__ - Evaluating to get errors .... Timecode: 7
11/08/2021 01:06:47 - INFO - __main__ - Before Error Fixing: {'EM': 0.59375, 'QA-F1': 0.6547619047619048}
11/08/2021 01:06:47 - INFO - __main__ - Found 26 errors.
11/08/2021 01:06:47 - INFO - __main__ - Start error-fixing .... Timecode: 7
11/08/2021 01:06:51 - INFO - __main__ - Start error-fixing .... Done!
11/08/2021 01:06:53 - INFO - __main__ - Overall: 0.7841045673076923 from scores=[0.68359375, 0.8846153846153846]
11/08/2021 01:06:53 - INFO - __main__ - --------------------------------------------------
11/08/2021 01:06:53 - INFO - __main__ - Evaluating to get errors .... Timecode: 8
11/08/2021 01:06:57 - INFO - __main__ - Before Error Fixing: {'EM': 0.546875, 'QA-F1': 0.6156063988095237}
11/08/2021 01:06:57 - INFO - __main__ - Found 29 errors.
11/08/2021 01:06:57 - INFO - __main__ - Start error-fixing .... Timecode: 8
11/08/2021 01:07:03 - INFO - __main__ - Start error-fixing .... Done!
11/08/2021 01:07:05 - INFO - __main__ - Overall: 0.7652358716475096 from scores=[0.6684027777777778, 0.8620689655172413]
11/08/2021 01:07:05 - INFO - __main__ - --------------------------------------------------
11/08/2021 01:07:05 - INFO - __main__ - Evaluating to get errors .... Timecode: 9
11/08/2021 01:07:09 - INFO - __main__ - Before Error Fixing: {'EM': 0.53125, 'QA-F1': 0.6396019345238095}
11/08/2021 01:07:09 - INFO - __main__ - Found 30 errors.
11/08/2021 01:07:10 - INFO - __main__ - Start error-fixing .... Timecode: 9
11/08/2021 01:07:16 - INFO - __main__ - Start error-fixing .... Done!
11/08/2021 01:07:17 - INFO - __main__ - Overall: 0.7940104166666666 from scores=[0.6546875, 0.9333333333333333]
11/08/2021 01:07:17 - INFO - __main__ - --------------------------------------------------
11/08/2021 01:07:17 - INFO - __main__ - Start eval_knowledge_retention for UKR @ Timecode=10
11/08/2021 01:07:39 - INFO - __main__ - Upstream Knowledge Retation (UKR@10): 0.7715
11/08/2021 01:07:40 - INFO - __main__ - Start eval_knowledge_retention for OKR @ Timecode=10
11/08/2021 01:08:10 - INFO - __main__ - Online Knowledge Retation (OKR@10): 0.8984
11/08/2021 01:08:10 - INFO - __main__ - Start eval_knowledge_generalization for KG @ Timecode=10
11/08/2021 01:09:11 - INFO - __main__ - Future Knowledge Generalization (KG@10): 0.4492
11/08/2021 01:09:11 - INFO - __main__ - Evaluating to get errors .... Timecode: 10
11/08/2021 01:09:14 - INFO - __main__ - Before Error Fixing: {'EM': 0.5625, 'QA-F1': 0.6361505681818183}
11/08/2021 01:09:14 - INFO - __main__ - Found 28 errors.
11/08/2021 01:09:14 - INFO - __main__ - Start error-fixing .... Timecode: 10
11/08/2021 01:09:20 - INFO - __main__ - Start error-fixing .... Done!
11/08/2021 01:09:22 - INFO - __main__ - Overall: 0.7173752029220779 from scores=[0.6463068181818181, 0.8214285714285714, 0.8984375, 0.771484375, 0.44921875]
11/08/2021 01:09:24 - INFO - __main__ - Model saved to experiments/ckpt_dirs/qa/er/QA_simplecl_lr=3e-5_ep=5_T=100,b=64,alpha=0.9,beta=0.5,gamma=0.8/model_ckpt_010.pt.
11/08/2021 01:09:24 - INFO - __main__ - Updated result feule: experiments/results/qa/QA_simplecl_lr=3e-5_ep=5_T=100,b=64,alpha=0.9,beta=0.5,gamma=0.8_result.json at Timecode: 10.
11/08/2021 01:09:24 - INFO - __main__ - --------------------------------------------------
11/08/2021 01:09:24 - INFO - __main__ - Evaluating to get errors .... Timecode: 11
11/08/2021 01:09:26 - INFO - __main__ - Before Error Fixing: {'EM': 0.59375, 'QA-F1': 0.6312859195402298}
11/08/2021 01:09:26 - INFO - __main__ - Found 26 errors.
11/08/2021 01:09:26 - INFO - __main__ - Start error-fixing .... Timecode: 11
11/08/2021 01:09:31 - INFO - __main__ - Start error-fixing .... Done!
11/08/2021 01:09:33 - INFO - __main__ - Overall: 0.7291366185897437 from scores=[0.6419270833333333, 0.8846153846153846, 0.8984375, 0.771484375, 0.44921875]
11/08/2021 01:09:33 - INFO - __main__ - --------------------------------------------------
11/08/2021 01:09:33 - INFO - __main__ - Evaluating to get errors .... Timecode: 12
11/08/2021 01:09:37 - INFO - __main__ - Before Error Fixing: {'EM': 0.515625, 'QA-F1': 0.5887152777777778}
11/08/2021 01:09:37 - INFO - __main__ - Found 31 errors.
11/08/2021 01:09:37 - INFO - __main__ - Start error-fixing .... Timecode: 12
11/08/2021 01:09:43 - INFO - __main__ - Start error-fixing .... Done!
11/08/2021 01:09:45 - INFO - __main__ - Overall: 0.7373672068858561 from scores=[0.6322115384615384, 0.9354838709677419, 0.8984375, 0.771484375, 0.44921875]
11/08/2021 01:09:45 - INFO - __main__ - --------------------------------------------------
11/08/2021 01:09:45 - INFO - __main__ - Evaluating to get errors .... Timecode: 13
11/08/2021 01:09:49 - INFO - __main__ - Before Error Fixing: {'EM': 0.546875, 'QA-F1': 0.5942146395271395}
11/08/2021 01:09:49 - INFO - __main__ - Found 29 errors.
11/08/2021 01:09:49 - INFO - __main__ - Start error-fixing .... Timecode: 13
11/08/2021 01:09:53 - INFO - __main__ - Start error-fixing .... Done!
11/08/2021 01:09:55 - INFO - __main__ - Overall: 0.7214651323891625 from scores=[0.6261160714285714, 0.8620689655172413, 0.8984375, 0.771484375, 0.44921875]
11/08/2021 01:09:55 - INFO - __main__ - --------------------------------------------------
11/08/2021 01:09:55 - INFO - __main__ - Evaluating to get errors .... Timecode: 14
11/08/2021 01:09:59 - INFO - __main__ - Before Error Fixing: {'EM': 0.546875, 'QA-F1': 0.6529023493867243}
11/08/2021 01:09:59 - INFO - __main__ - Found 29 errors.
11/08/2021 01:09:59 - INFO - __main__ - Start error-fixing .... Timecode: 14
11/08/2021 01:10:03 - INFO - __main__ - Start error-fixing .... Done!
11/08/2021 01:10:05 - INFO - __main__ - Overall: 0.7342016882183908 from scores=[0.6208333333333333, 0.9310344827586207, 0.8984375, 0.771484375, 0.44921875]
11/08/2021 01:10:05 - INFO - __main__ - --------------------------------------------------
11/08/2021 01:10:05 - INFO - __main__ - Evaluating to get errors .... Timecode: 15
11/08/2021 01:10:09 - INFO - __main__ - Before Error Fixing: {'EM': 0.5625, 'QA-F1': 0.674147206959707}
11/08/2021 01:10:09 - INFO - __main__ - Found 28 errors.
11/08/2021 01:10:09 - INFO - __main__ - Start error-fixing .... Timecode: 15
11/08/2021 01:10:14 - INFO - __main__ - Start error-fixing .... Done!
11/08/2021 01:10:16 - INFO - __main__ - Overall: 0.7401227678571429 from scores=[0.6171875, 0.9642857142857143, 0.8984375, 0.771484375, 0.44921875]
11/08/2021 01:10:16 - INFO - __main__ - --------------------------------------------------
11/08/2021 01:10:16 - INFO - __main__ - Evaluating to get errors .... Timecode: 16
