09/26/2021 14:12:42 - INFO - __main__ - Namespace(adam_epsilon=1e-08, adapter_dim=32, append_another_bos=1, base_model_path='out/mrqa_naturalquestions_bart-base_0617v4/best-model.pt', base_model_type='facebook/bart-base', bug_stream_json_path='bug_data/mrqa_naturalquestions_dev.static_bug_stream.json', cl_method_name='simple_cl', current_thread_id=None, data_stream_json_path='exp_results/data_streams/mrqa.mixed.data_stream.test.json', do_lowercase=False, ewc_gamma=1, ewc_lambda=0.5, example_encoder_name='roberta-base', freeze_embeds=False, gradient_accumulation_steps=1, inference_query_size=1, learning_rate=3e-05, local_adapt_lr=1e-05, max_grad_norm=0.1, max_input_length=888, max_output_length=50, max_timecode=100, memory_key_cache_path='bug_data/memory_key_cache.pkl', memory_key_encoder='facebook/bart-base', memory_path='', memory_store_rate=1.0, mir_abalation_args='none', num_adapt_epochs=1, num_beams=4, num_threads_eval=0, num_train_epochs=10.0, overtime_ckpt_dir='exp_results/dynamic_stream/memory_based/ckpt_dir/0926_MixedAllError_T=100_simple_ep=10_seed=567_ckpts/', pass_pool_jsonl_path='exp_results/data_streams/mrqa.mixed.upstream_eval.jsonl', path_to_thread_result=None, predict_batch_size=16, prefix='0926_MixedAllError_T=100_simple_ep=10_seed=567', replay_candidate_size=8, replay_frequency=1, replay_size=8, replay_stream_json_path='', result_file='exp_results/dynamic_stream/memory_based/results/0926_MixedAllError_T=100_simple_ep=10_seed=567_result.json', sampled_upstream_json_path='data/mrqa_naturalquestions/mrqa_naturalquestions_train.jsonl', save_all_ckpts=0, seed=567, stream_mode='dynamic', task_emb_dim=768, task_name='mrqa_naturalquestions', train_batch_size=8, use_replay_mix=False, use_sampled_upstream=False, weight_decay=0.01)
09/26/2021 14:12:42 - INFO - transformers.tokenization_utils - loading file https://s3.amazonaws.com/models.huggingface.co/bert/roberta-large-vocab.json from cache at /private/home/yuchenlin/.cache/torch/transformers/1ae1f5b6e2b22b25ccc04c000bb79ca847aa226d0761536b011cf7e5868f0655.ef00af9e673c7160b4d41cfda1f48c5f4cba57d5142754525572a846a1ab1b9b
09/26/2021 14:12:42 - INFO - transformers.tokenization_utils - loading file https://s3.amazonaws.com/models.huggingface.co/bert/roberta-large-merges.txt from cache at /private/home/yuchenlin/.cache/torch/transformers/f8f83199a6270d582d6245dc100e99c4155de81c9745c6248077018fe01abcfb.70bec105b4158ed9a1747fea67a43f5dee97855c64d62b6ec3742f4cfdb5feda
09/26/2021 14:12:52 - INFO - __main__ - Not creating the replay-stream for evaluation.
09/26/2021 14:12:53 - INFO - __main__ - Loading checkpoint from out/mrqa_naturalquestions_bart-base_0617v4/best-model.pt for facebook/bart-base .....
09/26/2021 14:12:54 - INFO - transformers.configuration_utils - loading configuration file https://s3.amazonaws.com/models.huggingface.co/bert/facebook/bart-base/config.json from cache at /private/home/yuchenlin/.cache/torch/transformers/09f4fcaeaf785dd3b97b085d6e3510c7081f586ec8e75981683c6299c0f81d9d.e8d516ad807436d395effad8c2326786872659b7dd1210827ac67c761198a0eb
09/26/2021 14:12:54 - INFO - transformers.configuration_utils - Model config BartConfig {
  "activation_dropout": 0.1,
  "activation_function": "gelu",
  "add_bias_logits": false,
  "add_final_layer_norm": false,
  "architectures": [
    "BartModel",
    "BartForConditionalGeneration",
    "BartForSequenceClassification"
  ],
  "attention_dropout": 0.1,
  "bos_token_id": 0,
  "classif_dropout": 0.0,
  "d_model": 768,
  "decoder_attention_heads": 12,
  "decoder_ffn_dim": 3072,
  "decoder_layerdrop": 0.0,
  "decoder_layers": 6,
  "decoder_start_token_id": 2,
  "dropout": 0.1,
  "early_stopping": true,
  "encoder_attention_heads": 12,
  "encoder_ffn_dim": 3072,
  "encoder_layerdrop": 0.0,
  "encoder_layers": 6,
  "eos_token_id": 2,
  "id2label": {
    "0": "LABEL_0",
    "1": "LABEL_1",
    "2": "LABEL_2"
  },
  "init_std": 0.02,
  "is_encoder_decoder": true,
  "label2id": {
    "LABEL_0": 0,
    "LABEL_1": 1,
    "LABEL_2": 2
  },
  "max_position_embeddings": 1024,
  "model_type": "bart",
  "no_repeat_ngram_size": 3,
  "normalize_before": false,
  "normalize_embedding": true,
  "num_beams": 4,
  "num_hidden_layers": 6,
  "pad_token_id": 1,
  "scale_embedding": false,
  "static_position_embeddings": false,
  "task_specific_params": {
    "summarization": {
      "length_penalty": 1.0,
      "max_length": 128,
      "min_length": 12,
      "num_beams": 4
    },
    "summarization_cnn": {
      "length_penalty": 2.0,
      "max_length": 142,
      "min_length": 56,
      "num_beams": 4
    },
    "summarization_xsum": {
      "length_penalty": 1.0,
      "max_length": 62,
      "min_length": 11,
      "num_beams": 6
    }
  },
  "vocab_size": 50265
}

09/26/2021 14:12:55 - INFO - transformers.modeling_utils - loading weights file https://cdn.huggingface.co/facebook/bart-base/pytorch_model.bin from cache at /private/home/yuchenlin/.cache/torch/transformers/566c05fb6983817e8ad7a4fa51e3099fe9caa3b31730f964bc5198d71c677523.0a3d95c18c1e434448941bc25accea7b122882be6526fb67c8e8fb6d5ebc711c
09/26/2021 14:12:58 - INFO - __main__ - Loading checkpoint from out/mrqa_naturalquestions_bart-base_0617v4/best-model.pt for facebook/bart-base ..... Done!
09/26/2021 14:13:02 - INFO - __main__ - Moving to the GPUs.
09/26/2021 14:13:02 - INFO - __main__ - Debugger Setup ......
09/26/2021 14:13:02 - INFO - __main__ - debugger_args: Namespace(adam_epsilon=1e-08, gradient_accumulation_steps=1, learning_rate=3e-05, max_grad_norm=0.1, num_epochs=10.0, overtime_ckpt_dir='exp_results/dynamic_stream/memory_based/ckpt_dir/0926_MixedAllError_T=100_simple_ep=10_seed=567_ckpts/', save_all_ckpts=0, total_steps=10000, warmup_steps=0, weight_decay=0.01) ......
09/26/2021 14:13:02 - INFO - __main__ - Debugger Setup ...... Done!
09/26/2021 14:13:02 - INFO - __main__ - Start Online Debugging with Dynamic Error Mode
09/26/2021 14:13:02 - INFO - __main__ - Number of Batches of Data: 100
09/26/2021 14:13:02 - INFO - __main__ - Data Batch Size: 32;
09/26/2021 14:13:02 - INFO - __main__ - Not doing replay-based eval.
09/26/2021 14:13:02 - INFO - __main__ - Evaluating to get errors .... Timecode: 0
09/26/2021 14:13:06 - INFO - __main__ - Before Error Fixing: 0.0
09/26/2021 14:13:06 - INFO - __main__ - Found 32 errors.
09/26/2021 14:13:06 - INFO - __main__ - Start bug-fixing .... Timecode: 0
09/26/2021 14:13:20 - INFO - __main__ - Start bug-fixing .... Done!
09/26/2021 14:13:20 - INFO - __main__ - Evaluating again to analyze the performance .... Timecode: 0
09/26/2021 14:13:22 - INFO - __main__ - After Error Fixing: 0.90625
09/26/2021 14:13:22 - INFO - __main__ - Instant Fixing Rate: 0.90625
09/26/2021 14:13:22 - INFO - __main__ - Instant Retention Rate: 0.0
09/26/2021 14:13:22 - INFO - __main__ - Not doing replay-based eval.
09/26/2021 14:13:22 - INFO - __main__ - Evaluating to get errors .... Timecode: 1
09/26/2021 14:13:25 - INFO - __main__ - Before Error Fixing: 0.09375
09/26/2021 14:13:25 - INFO - __main__ - Found 29 errors.
09/26/2021 14:13:25 - INFO - __main__ - Start bug-fixing .... Timecode: 1
09/26/2021 14:13:37 - INFO - __main__ - Start bug-fixing .... Done!
09/26/2021 14:13:37 - INFO - __main__ - Evaluating again to analyze the performance .... Timecode: 1
09/26/2021 14:13:41 - INFO - __main__ - After Error Fixing: 0.96875
09/26/2021 14:13:41 - INFO - __main__ - Instant Fixing Rate: 1.0
09/26/2021 14:13:41 - INFO - __main__ - Instant Retention Rate: 0.6666666644444444
09/26/2021 14:13:41 - INFO - __main__ - Not doing replay-based eval.
09/26/2021 14:13:41 - INFO - __main__ - Evaluating to get errors .... Timecode: 2
09/26/2021 14:13:44 - INFO - __main__ - Before Error Fixing: 0.0625
09/26/2021 14:13:44 - INFO - __main__ - Found 30 errors.
09/26/2021 14:13:44 - INFO - __main__ - Start bug-fixing .... Timecode: 2
09/26/2021 14:13:56 - INFO - __main__ - Start bug-fixing .... Done!
09/26/2021 14:13:56 - INFO - __main__ - Evaluating again to analyze the performance .... Timecode: 2
09/26/2021 14:13:59 - INFO - __main__ - After Error Fixing: 0.9375
09/26/2021 14:13:59 - INFO - __main__ - Instant Fixing Rate: 1.0
09/26/2021 14:13:59 - INFO - __main__ - Instant Retention Rate: 0.0
09/26/2021 14:13:59 - INFO - __main__ - Not doing replay-based eval.
09/26/2021 14:13:59 - INFO - __main__ - Evaluating to get errors .... Timecode: 3
09/26/2021 14:14:01 - INFO - __main__ - Before Error Fixing: 0.0625
09/26/2021 14:14:01 - INFO - __main__ - Found 30 errors.
09/26/2021 14:14:01 - INFO - __main__ - Start bug-fixing .... Timecode: 3
09/26/2021 14:14:14 - INFO - __main__ - Start bug-fixing .... Done!
09/26/2021 14:14:14 - INFO - __main__ - Evaluating again to analyze the performance .... Timecode: 3
09/26/2021 14:14:16 - INFO - __main__ - After Error Fixing: 0.9375
09/26/2021 14:14:16 - INFO - __main__ - Instant Fixing Rate: 0.9666666666666667
09/26/2021 14:14:16 - INFO - __main__ - Instant Retention Rate: 0.4999999975
09/26/2021 14:14:16 - INFO - __main__ - Not doing replay-based eval.
09/26/2021 14:14:16 - INFO - __main__ - Evaluating to get errors .... Timecode: 4
09/26/2021 14:14:19 - INFO - __main__ - Before Error Fixing: 0.1875
09/26/2021 14:14:19 - INFO - __main__ - Found 26 errors.
09/26/2021 14:14:19 - INFO - __main__ - Start bug-fixing .... Timecode: 4
09/26/2021 14:14:31 - INFO - __main__ - Start bug-fixing .... Done!
09/26/2021 14:14:31 - INFO - __main__ - Evaluating again to analyze the performance .... Timecode: 4
09/26/2021 14:14:33 - INFO - __main__ - After Error Fixing: 0.90625
09/26/2021 14:14:33 - INFO - __main__ - Instant Fixing Rate: 1.0
09/26/2021 14:14:33 - INFO - __main__ - Instant Retention Rate: 0.49999999916666665
09/26/2021 14:14:33 - INFO - __main__ - Not doing replay-based eval.
09/26/2021 14:14:33 - INFO - __main__ - Evaluating to get errors .... Timecode: 5
09/26/2021 14:14:35 - INFO - __main__ - Before Error Fixing: 0.09375
09/26/2021 14:14:35 - INFO - __main__ - Found 29 errors.
09/26/2021 14:14:35 - INFO - __main__ - Start bug-fixing .... Timecode: 5
09/26/2021 14:14:47 - INFO - __main__ - Start bug-fixing .... Done!
09/26/2021 14:14:47 - INFO - __main__ - Evaluating again to analyze the performance .... Timecode: 5
09/26/2021 14:14:50 - INFO - __main__ - After Error Fixing: 0.9375
09/26/2021 14:14:50 - INFO - __main__ - Instant Fixing Rate: 0.9655172413793104
09/26/2021 14:14:50 - INFO - __main__ - Instant Retention Rate: 0.6666666644444444
09/26/2021 14:14:50 - INFO - __main__ - Not doing replay-based eval.
09/26/2021 14:14:50 - INFO - __main__ - Evaluating to get errors .... Timecode: 6
09/26/2021 14:14:52 - INFO - __main__ - Before Error Fixing: 0.15625
09/26/2021 14:14:52 - INFO - __main__ - Found 27 errors.
09/26/2021 14:14:52 - INFO - __main__ - Start bug-fixing .... Timecode: 6
09/26/2021 14:15:03 - INFO - __main__ - Start bug-fixing .... Done!
09/26/2021 14:15:03 - INFO - __main__ - Evaluating again to analyze the performance .... Timecode: 6
09/26/2021 14:15:06 - INFO - __main__ - After Error Fixing: 0.90625
09/26/2021 14:15:06 - INFO - __main__ - Instant Fixing Rate: 1.0
09/26/2021 14:15:06 - INFO - __main__ - Instant Retention Rate: 0.3999999992
09/26/2021 14:15:06 - INFO - __main__ - Not doing replay-based eval.
09/26/2021 14:15:06 - INFO - __main__ - Evaluating to get errors .... Timecode: 7
09/26/2021 14:15:09 - INFO - __main__ - Before Error Fixing: 0.21875
09/26/2021 14:15:09 - INFO - __main__ - Found 25 errors.
09/26/2021 14:15:09 - INFO - __main__ - Start bug-fixing .... Timecode: 7
09/26/2021 14:15:19 - INFO - __main__ - Start bug-fixing .... Done!
09/26/2021 14:15:19 - INFO - __main__ - Evaluating again to analyze the performance .... Timecode: 7
09/26/2021 14:15:22 - INFO - __main__ - After Error Fixing: 0.9375
09/26/2021 14:15:22 - INFO - __main__ - Instant Fixing Rate: 1.0
09/26/2021 14:15:22 - INFO - __main__ - Instant Retention Rate: 0.7142857132653061
09/26/2021 14:15:22 - INFO - __main__ - Not doing replay-based eval.
09/26/2021 14:15:22 - INFO - __main__ - Evaluating to get errors .... Timecode: 8
09/26/2021 14:15:25 - INFO - __main__ - Before Error Fixing: 0.125
09/26/2021 14:15:25 - INFO - __main__ - Found 28 errors.
09/26/2021 14:15:25 - INFO - __main__ - Start bug-fixing .... Timecode: 8
09/26/2021 14:15:37 - INFO - __main__ - Start bug-fixing .... Done!
09/26/2021 14:15:37 - INFO - __main__ - Evaluating again to analyze the performance .... Timecode: 8
09/26/2021 14:15:39 - INFO - __main__ - After Error Fixing: 0.90625
09/26/2021 14:15:39 - INFO - __main__ - Instant Fixing Rate: 0.9642857142857143
09/26/2021 14:15:39 - INFO - __main__ - Instant Retention Rate: 0.49999999875
09/26/2021 14:15:39 - INFO - __main__ - Not doing replay-based eval.
09/26/2021 14:15:39 - INFO - __main__ - Evaluating to get errors .... Timecode: 9
09/26/2021 14:15:42 - INFO - __main__ - Before Error Fixing: 0.1875
09/26/2021 14:15:42 - INFO - __main__ - Found 26 errors.
09/26/2021 14:15:42 - INFO - __main__ - Start bug-fixing .... Timecode: 9
09/26/2021 14:15:51 - INFO - __main__ - Start bug-fixing .... Done!
09/26/2021 14:15:51 - INFO - __main__ - Evaluating again to analyze the performance .... Timecode: 9
09/26/2021 14:15:55 - INFO - __main__ - After Error Fixing: 0.875
09/26/2021 14:15:55 - INFO - __main__ - Instant Fixing Rate: 0.9230769230769231
09/26/2021 14:15:55 - INFO - __main__ - Instant Retention Rate: 0.6666666655555555
09/26/2021 14:15:55 - INFO - __main__ - Not doing replay-based eval.
09/26/2021 14:15:55 - INFO - __main__ - Evaluating to get errors .... Timecode: 10
09/26/2021 14:15:58 - INFO - __main__ - Before Error Fixing: 0.1875
09/26/2021 14:15:58 - INFO - __main__ - Found 26 errors.
09/26/2021 14:15:58 - INFO - __main__ - Start bug-fixing .... Timecode: 10
09/26/2021 14:16:09 - INFO - __main__ - Start bug-fixing .... Done!
09/26/2021 14:16:09 - INFO - __main__ - Evaluating again to analyze the performance .... Timecode: 10
09/26/2021 14:16:12 - INFO - __main__ - After Error Fixing: 0.9375
09/26/2021 14:16:12 - INFO - __main__ - Instant Fixing Rate: 1.0
09/26/2021 14:16:12 - INFO - __main__ - Instant Retention Rate: 0.6666666655555555
09/26/2021 14:16:12 - INFO - __main__ - Not doing replay-based eval.
09/26/2021 14:16:12 - INFO - __main__ - Evaluating to get errors .... Timecode: 11
09/26/2021 14:16:16 - INFO - __main__ - Before Error Fixing: 0.125
09/26/2021 14:16:16 - INFO - __main__ - Found 28 errors.
09/26/2021 14:16:16 - INFO - __main__ - Start bug-fixing .... Timecode: 11
09/26/2021 14:16:28 - INFO - __main__ - Start bug-fixing .... Done!
09/26/2021 14:16:28 - INFO - __main__ - Evaluating again to analyze the performance .... Timecode: 11
09/26/2021 14:16:30 - INFO - __main__ - After Error Fixing: 0.96875
09/26/2021 14:16:30 - INFO - __main__ - Instant Fixing Rate: 1.0
09/26/2021 14:16:30 - INFO - __main__ - Instant Retention Rate: 0.7499999981250001
09/26/2021 14:16:30 - INFO - __main__ - Not doing replay-based eval.
09/26/2021 14:16:30 - INFO - __main__ - Evaluating to get errors .... Timecode: 12
09/26/2021 14:16:34 - INFO - __main__ - Before Error Fixing: 0.125
09/26/2021 14:16:34 - INFO - __main__ - Found 28 errors.
09/26/2021 14:16:34 - INFO - __main__ - Start bug-fixing .... Timecode: 12
09/26/2021 14:16:45 - INFO - __main__ - Start bug-fixing .... Done!
09/26/2021 14:16:45 - INFO - __main__ - Evaluating again to analyze the performance .... Timecode: 12
09/26/2021 14:16:49 - INFO - __main__ - After Error Fixing: 0.96875
09/26/2021 14:16:49 - INFO - __main__ - Instant Fixing Rate: 1.0
09/26/2021 14:16:49 - INFO - __main__ - Instant Retention Rate: 0.7499999981250001
09/26/2021 14:16:49 - INFO - __main__ - Not doing replay-based eval.
09/26/2021 14:16:49 - INFO - __main__ - Evaluating to get errors .... Timecode: 13
09/26/2021 14:16:52 - INFO - __main__ - Before Error Fixing: 0.15625
09/26/2021 14:16:52 - INFO - __main__ - Found 27 errors.
09/26/2021 14:16:52 - INFO - __main__ - Start bug-fixing .... Timecode: 13
09/26/2021 14:17:03 - INFO - __main__ - Start bug-fixing .... Done!
09/26/2021 14:17:03 - INFO - __main__ - Evaluating again to analyze the performance .... Timecode: 13
09/26/2021 14:17:06 - INFO - __main__ - After Error Fixing: 0.90625
09/26/2021 14:17:06 - INFO - __main__ - Instant Fixing Rate: 0.9629629629629629
09/26/2021 14:17:06 - INFO - __main__ - Instant Retention Rate: 0.5999999988
09/26/2021 14:17:06 - INFO - __main__ - Not doing replay-based eval.
09/26/2021 14:17:06 - INFO - __main__ - Evaluating to get errors .... Timecode: 14
09/26/2021 14:17:09 - INFO - __main__ - Before Error Fixing: 0.03125
09/26/2021 14:17:09 - INFO - __main__ - Found 31 errors.
09/26/2021 14:17:09 - INFO - __main__ - Start bug-fixing .... Timecode: 14
09/26/2021 14:17:21 - INFO - __main__ - Start bug-fixing .... Done!
09/26/2021 14:17:21 - INFO - __main__ - Evaluating again to analyze the performance .... Timecode: 14
09/26/2021 14:17:23 - INFO - __main__ - After Error Fixing: 1.0
09/26/2021 14:17:23 - INFO - __main__ - Instant Fixing Rate: 1.0
09/26/2021 14:17:23 - INFO - __main__ - Instant Retention Rate: 0.9999999900000002
09/26/2021 14:17:23 - INFO - __main__ - Not doing replay-based eval.
09/26/2021 14:17:23 - INFO - __main__ - Evaluating to get errors .... Timecode: 15
09/26/2021 14:17:25 - INFO - __main__ - Before Error Fixing: 0.15625
09/26/2021 14:17:25 - INFO - __main__ - Found 27 errors.
09/26/2021 14:17:26 - INFO - __main__ - Start bug-fixing .... Timecode: 15
09/26/2021 14:17:37 - INFO - __main__ - Start bug-fixing .... Done!
09/26/2021 14:17:37 - INFO - __main__ - Evaluating again to analyze the performance .... Timecode: 15
09/26/2021 14:17:39 - INFO - __main__ - After Error Fixing: 0.90625
09/26/2021 14:17:39 - INFO - __main__ - Instant Fixing Rate: 1.0
09/26/2021 14:17:39 - INFO - __main__ - Instant Retention Rate: 0.3999999992
09/26/2021 14:17:39 - INFO - __main__ - Not doing replay-based eval.
09/26/2021 14:17:39 - INFO - __main__ - Evaluating to get errors .... Timecode: 16
09/26/2021 14:17:42 - INFO - __main__ - Before Error Fixing: 0.0625
09/26/2021 14:17:42 - INFO - __main__ - Found 30 errors.
09/26/2021 14:17:42 - INFO - __main__ - Start bug-fixing .... Timecode: 16
09/26/2021 14:17:55 - INFO - __main__ - Start bug-fixing .... Done!
09/26/2021 14:17:55 - INFO - __main__ - Evaluating again to analyze the performance .... Timecode: 16
09/26/2021 14:17:58 - INFO - __main__ - After Error Fixing: 0.90625
09/26/2021 14:17:58 - INFO - __main__ - Instant Fixing Rate: 0.9
09/26/2021 14:17:58 - INFO - __main__ - Instant Retention Rate: 0.999999995
09/26/2021 14:17:58 - INFO - __main__ - Not doing replay-based eval.
09/26/2021 14:17:58 - INFO - __main__ - Evaluating to get errors .... Timecode: 17
09/26/2021 14:18:01 - INFO - __main__ - Before Error Fixing: 0.1875
09/26/2021 14:18:01 - INFO - __main__ - Found 26 errors.
09/26/2021 14:18:01 - INFO - __main__ - Start bug-fixing .... Timecode: 17
09/26/2021 14:18:12 - INFO - __main__ - Start bug-fixing .... Done!
09/26/2021 14:18:12 - INFO - __main__ - Evaluating again to analyze the performance .... Timecode: 17
09/26/2021 14:18:15 - INFO - __main__ - After Error Fixing: 0.90625
09/26/2021 14:18:15 - INFO - __main__ - Instant Fixing Rate: 0.9615384615384616
09/26/2021 14:18:15 - INFO - __main__ - Instant Retention Rate: 0.6666666655555555
09/26/2021 14:18:15 - INFO - __main__ - Not doing replay-based eval.
09/26/2021 14:18:15 - INFO - __main__ - Evaluating to get errors .... Timecode: 18
09/26/2021 14:18:18 - INFO - __main__ - Before Error Fixing: 0.1875
09/26/2021 14:18:18 - INFO - __main__ - Found 26 errors.
09/26/2021 14:18:18 - INFO - __main__ - Start bug-fixing .... Timecode: 18
09/26/2021 14:18:29 - INFO - __main__ - Start bug-fixing .... Done!
09/26/2021 14:18:29 - INFO - __main__ - Evaluating again to analyze the performance .... Timecode: 18
09/26/2021 14:18:31 - INFO - __main__ - After Error Fixing: 0.90625
09/26/2021 14:18:31 - INFO - __main__ - Instant Fixing Rate: 0.9615384615384616
09/26/2021 14:18:31 - INFO - __main__ - Instant Retention Rate: 0.6666666655555555
09/26/2021 14:18:31 - INFO - __main__ - Not doing replay-based eval.
09/26/2021 14:18:31 - INFO - __main__ - Evaluating to get errors .... Timecode: 19
09/26/2021 14:18:34 - INFO - __main__ - Before Error Fixing: 0.3125
09/26/2021 14:18:34 - INFO - __main__ - Found 22 errors.
09/26/2021 14:18:34 - INFO - __main__ - Start bug-fixing .... Timecode: 19
09/26/2021 14:18:43 - INFO - __main__ - Start bug-fixing .... Done!
09/26/2021 14:18:43 - INFO - __main__ - Evaluating again to analyze the performance .... Timecode: 19
09/26/2021 14:18:45 - INFO - __main__ - After Error Fixing: 0.90625
09/26/2021 14:18:45 - INFO - __main__ - Instant Fixing Rate: 1.0
09/26/2021 14:18:45 - INFO - __main__ - Instant Retention Rate: 0.6999999992999999
09/26/2021 14:18:45 - INFO - __main__ - Not doing replay-based eval.
09/26/2021 14:18:45 - INFO - __main__ - Evaluating to get errors .... Timecode: 20
09/26/2021 14:18:47 - INFO - __main__ - Before Error Fixing: 0.25
09/26/2021 14:18:47 - INFO - __main__ - Found 24 errors.
09/26/2021 14:18:47 - INFO - __main__ - Start bug-fixing .... Timecode: 20
09/26/2021 14:18:57 - INFO - __main__ - Start bug-fixing .... Done!
09/26/2021 14:18:57 - INFO - __main__ - Evaluating again to analyze the performance .... Timecode: 20
09/26/2021 14:19:01 - INFO - __main__ - After Error Fixing: 0.9375
09/26/2021 14:19:01 - INFO - __main__ - Instant Fixing Rate: 1.0
09/26/2021 14:19:01 - INFO - __main__ - Instant Retention Rate: 0.7499999990624999
09/26/2021 14:19:01 - INFO - __main__ - Not doing replay-based eval.
09/26/2021 14:19:01 - INFO - __main__ - Evaluating to get errors .... Timecode: 21
09/26/2021 14:19:04 - INFO - __main__ - Before Error Fixing: 0.09375
09/26/2021 14:19:04 - INFO - __main__ - Found 29 errors.
09/26/2021 14:19:04 - INFO - __main__ - Start bug-fixing .... Timecode: 21
09/26/2021 14:19:16 - INFO - __main__ - Start bug-fixing .... Done!
09/26/2021 14:19:16 - INFO - __main__ - Evaluating again to analyze the performance .... Timecode: 21
09/26/2021 14:19:20 - INFO - __main__ - After Error Fixing: 0.9375
09/26/2021 14:19:20 - INFO - __main__ - Instant Fixing Rate: 0.9655172413793104
09/26/2021 14:19:20 - INFO - __main__ - Instant Retention Rate: 0.6666666644444444
09/26/2021 14:19:20 - INFO - __main__ - Not doing replay-based eval.
09/26/2021 14:19:20 - INFO - __main__ - Evaluating to get errors .... Timecode: 22
09/26/2021 14:19:22 - INFO - __main__ - Before Error Fixing: 0.0625
09/26/2021 14:19:22 - INFO - __main__ - Found 30 errors.
09/26/2021 14:19:23 - INFO - __main__ - Start bug-fixing .... Timecode: 22
09/26/2021 14:19:35 - INFO - __main__ - Start bug-fixing .... Done!
09/26/2021 14:19:35 - INFO - __main__ - Evaluating again to analyze the performance .... Timecode: 22
09/26/2021 14:19:38 - INFO - __main__ - After Error Fixing: 0.96875
09/26/2021 14:19:38 - INFO - __main__ - Instant Fixing Rate: 0.9666666666666667
09/26/2021 14:19:38 - INFO - __main__ - Instant Retention Rate: 0.999999995
09/26/2021 14:19:38 - INFO - __main__ - Not doing replay-based eval.
09/26/2021 14:19:38 - INFO - __main__ - Evaluating to get errors .... Timecode: 23
09/26/2021 14:19:41 - INFO - __main__ - Before Error Fixing: 0.1875
09/26/2021 14:19:41 - INFO - __main__ - Found 26 errors.
09/26/2021 14:19:41 - INFO - __main__ - Start bug-fixing .... Timecode: 23
09/26/2021 14:19:52 - INFO - __main__ - Start bug-fixing .... Done!
09/26/2021 14:19:52 - INFO - __main__ - Evaluating again to analyze the performance .... Timecode: 23
09/26/2021 14:19:55 - INFO - __main__ - After Error Fixing: 0.8125
09/26/2021 14:19:55 - INFO - __main__ - Instant Fixing Rate: 0.9230769230769231
09/26/2021 14:19:55 - INFO - __main__ - Instant Retention Rate: 0.33333333277777777
09/26/2021 14:19:55 - INFO - __main__ - Not doing replay-based eval.
09/26/2021 14:19:55 - INFO - __main__ - Evaluating to get errors .... Timecode: 24
09/26/2021 14:19:58 - INFO - __main__ - Before Error Fixing: 0.15625
09/26/2021 14:19:58 - INFO - __main__ - Found 27 errors.
09/26/2021 14:19:58 - INFO - __main__ - Start bug-fixing .... Timecode: 24
09/26/2021 14:20:08 - INFO - __main__ - Start bug-fixing .... Done!
09/26/2021 14:20:08 - INFO - __main__ - Evaluating again to analyze the performance .... Timecode: 24
09/26/2021 14:20:12 - INFO - __main__ - After Error Fixing: 0.78125
09/26/2021 14:20:12 - INFO - __main__ - Instant Fixing Rate: 0.8888888888888888
09/26/2021 14:20:12 - INFO - __main__ - Instant Retention Rate: 0.1999999996
09/26/2021 14:20:12 - INFO - __main__ - Not doing replay-based eval.
09/26/2021 14:20:12 - INFO - __main__ - Evaluating to get errors .... Timecode: 25
09/26/2021 14:20:16 - INFO - __main__ - Before Error Fixing: 0.21875
09/26/2021 14:20:16 - INFO - __main__ - Found 25 errors.
09/26/2021 14:20:16 - INFO - __main__ - Start bug-fixing .... Timecode: 25
09/26/2021 14:20:27 - INFO - __main__ - Start bug-fixing .... Done!
09/26/2021 14:20:27 - INFO - __main__ - Evaluating again to analyze the performance .... Timecode: 25
09/26/2021 14:20:30 - INFO - __main__ - After Error Fixing: 0.875
09/26/2021 14:20:30 - INFO - __main__ - Instant Fixing Rate: 0.96
09/26/2021 14:20:30 - INFO - __main__ - Instant Retention Rate: 0.571428570612245
09/26/2021 14:20:30 - INFO - __main__ - Not doing replay-based eval.
09/26/2021 14:20:30 - INFO - __main__ - Evaluating to get errors .... Timecode: 26
09/26/2021 14:20:33 - INFO - __main__ - Before Error Fixing: 0.25
09/26/2021 14:20:33 - INFO - __main__ - Found 24 errors.
09/26/2021 14:20:33 - INFO - __main__ - Start bug-fixing .... Timecode: 26
09/26/2021 14:20:43 - INFO - __main__ - Start bug-fixing .... Done!
09/26/2021 14:20:43 - INFO - __main__ - Evaluating again to analyze the performance .... Timecode: 26
09/26/2021 14:20:46 - INFO - __main__ - After Error Fixing: 0.96875
09/26/2021 14:20:46 - INFO - __main__ - Instant Fixing Rate: 1.0
09/26/2021 14:20:46 - INFO - __main__ - Instant Retention Rate: 0.8749999989062499
09/26/2021 14:20:46 - INFO - __main__ - Not doing replay-based eval.
09/26/2021 14:20:46 - INFO - __main__ - Evaluating to get errors .... Timecode: 27
09/26/2021 14:20:49 - INFO - __main__ - Before Error Fixing: 0.15625
09/26/2021 14:20:49 - INFO - __main__ - Found 27 errors.
09/26/2021 14:20:49 - INFO - __main__ - Start bug-fixing .... Timecode: 27
09/26/2021 14:21:01 - INFO - __main__ - Start bug-fixing .... Done!
09/26/2021 14:21:01 - INFO - __main__ - Evaluating again to analyze the performance .... Timecode: 27
09/26/2021 14:21:04 - INFO - __main__ - After Error Fixing: 0.9375
09/26/2021 14:21:04 - INFO - __main__ - Instant Fixing Rate: 0.9629629629629629
09/26/2021 14:21:04 - INFO - __main__ - Instant Retention Rate: 0.7999999984
09/26/2021 14:21:04 - INFO - __main__ - Not doing replay-based eval.
09/26/2021 14:21:04 - INFO - __main__ - Evaluating to get errors .... Timecode: 28
09/26/2021 14:21:08 - INFO - __main__ - Before Error Fixing: 0.1875
09/26/2021 14:21:08 - INFO - __main__ - Found 26 errors.
09/26/2021 14:21:08 - INFO - __main__ - Start bug-fixing .... Timecode: 28
09/26/2021 14:21:19 - INFO - __main__ - Start bug-fixing .... Done!
09/26/2021 14:21:19 - INFO - __main__ - Evaluating again to analyze the performance .... Timecode: 28
09/26/2021 14:21:23 - INFO - __main__ - After Error Fixing: 0.9375
09/26/2021 14:21:23 - INFO - __main__ - Instant Fixing Rate: 0.9615384615384616
09/26/2021 14:21:23 - INFO - __main__ - Instant Retention Rate: 0.8333333319444445
09/26/2021 14:21:23 - INFO - __main__ - Not doing replay-based eval.
09/26/2021 14:21:23 - INFO - __main__ - Evaluating to get errors .... Timecode: 29
09/26/2021 14:21:26 - INFO - __main__ - Before Error Fixing: 0.15625
09/26/2021 14:21:26 - INFO - __main__ - Found 27 errors.
09/26/2021 14:21:26 - INFO - __main__ - Start bug-fixing .... Timecode: 29
09/26/2021 14:21:37 - INFO - __main__ - Start bug-fixing .... Done!
09/26/2021 14:21:37 - INFO - __main__ - Evaluating again to analyze the performance .... Timecode: 29
09/26/2021 14:21:41 - INFO - __main__ - After Error Fixing: 0.875
09/26/2021 14:21:41 - INFO - __main__ - Instant Fixing Rate: 0.9629629629629629
09/26/2021 14:21:41 - INFO - __main__ - Instant Retention Rate: 0.3999999992
09/26/2021 14:21:41 - INFO - __main__ - Not doing replay-based eval.
09/26/2021 14:21:41 - INFO - __main__ - Evaluating to get errors .... Timecode: 30
09/26/2021 14:21:44 - INFO - __main__ - Before Error Fixing: 0.09375
09/26/2021 14:21:44 - INFO - __main__ - Found 29 errors.
09/26/2021 14:21:44 - INFO - __main__ - Start bug-fixing .... Timecode: 30
09/26/2021 14:21:56 - INFO - __main__ - Start bug-fixing .... Done!
09/26/2021 14:21:56 - INFO - __main__ - Evaluating again to analyze the performance .... Timecode: 30
09/26/2021 14:21:59 - INFO - __main__ - After Error Fixing: 0.90625
09/26/2021 14:21:59 - INFO - __main__ - Instant Fixing Rate: 0.9655172413793104
09/26/2021 14:21:59 - INFO - __main__ - Instant Retention Rate: 0.3333333322222222
09/26/2021 14:21:59 - INFO - __main__ - Not doing replay-based eval.
09/26/2021 14:21:59 - INFO - __main__ - Evaluating to get errors .... Timecode: 31
09/26/2021 14:22:03 - INFO - __main__ - Before Error Fixing: 0.125
09/26/2021 14:22:03 - INFO - __main__ - Found 28 errors.
09/26/2021 14:22:03 - INFO - __main__ - Start bug-fixing .... Timecode: 31
09/26/2021 14:22:15 - INFO - __main__ - Start bug-fixing .... Done!
09/26/2021 14:22:15 - INFO - __main__ - Evaluating again to analyze the performance .... Timecode: 31
09/26/2021 14:22:17 - INFO - __main__ - After Error Fixing: 0.90625
09/26/2021 14:22:17 - INFO - __main__ - Instant Fixing Rate: 1.0
09/26/2021 14:22:17 - INFO - __main__ - Instant Retention Rate: 0.249999999375
09/26/2021 14:22:17 - INFO - __main__ - Not doing replay-based eval.
09/26/2021 14:22:17 - INFO - __main__ - Evaluating to get errors .... Timecode: 32
09/26/2021 14:22:20 - INFO - __main__ - Before Error Fixing: 0.0625
09/26/2021 14:22:20 - INFO - __main__ - Found 30 errors.
09/26/2021 14:22:20 - INFO - __main__ - Start bug-fixing .... Timecode: 32
09/26/2021 14:22:33 - INFO - __main__ - Start bug-fixing .... Done!
09/26/2021 14:22:33 - INFO - __main__ - Evaluating again to analyze the performance .... Timecode: 32
09/26/2021 14:22:35 - INFO - __main__ - After Error Fixing: 0.90625
09/26/2021 14:22:35 - INFO - __main__ - Instant Fixing Rate: 0.9333333333333333
09/26/2021 14:22:35 - INFO - __main__ - Instant Retention Rate: 0.4999999975
09/26/2021 14:22:35 - INFO - __main__ - Not doing replay-based eval.
09/26/2021 14:22:35 - INFO - __main__ - Evaluating to get errors .... Timecode: 33
09/26/2021 14:22:38 - INFO - __main__ - Before Error Fixing: 0.125
09/26/2021 14:22:38 - INFO - __main__ - Found 28 errors.
09/26/2021 14:22:38 - INFO - __main__ - Start bug-fixing .... Timecode: 33
09/26/2021 14:22:49 - INFO - __main__ - Start bug-fixing .... Done!
09/26/2021 14:22:49 - INFO - __main__ - Evaluating again to analyze the performance .... Timecode: 33
09/26/2021 14:22:52 - INFO - __main__ - After Error Fixing: 0.96875
09/26/2021 14:22:52 - INFO - __main__ - Instant Fixing Rate: 0.9642857142857143
09/26/2021 14:22:52 - INFO - __main__ - Instant Retention Rate: 0.9999999975
09/26/2021 14:22:52 - INFO - __main__ - Not doing replay-based eval.
09/26/2021 14:22:52 - INFO - __main__ - Evaluating to get errors .... Timecode: 34
09/26/2021 14:22:55 - INFO - __main__ - Before Error Fixing: 0.09375
09/26/2021 14:22:55 - INFO - __main__ - Found 29 errors.
09/26/2021 14:22:55 - INFO - __main__ - Start bug-fixing .... Timecode: 34
09/26/2021 14:23:07 - INFO - __main__ - Start bug-fixing .... Done!
09/26/2021 14:23:07 - INFO - __main__ - Evaluating again to analyze the performance .... Timecode: 34
09/26/2021 14:23:11 - INFO - __main__ - After Error Fixing: 0.9375
09/26/2021 14:23:11 - INFO - __main__ - Instant Fixing Rate: 0.9655172413793104
09/26/2021 14:23:11 - INFO - __main__ - Instant Retention Rate: 0.6666666644444444
09/26/2021 14:23:11 - INFO - __main__ - Not doing replay-based eval.
09/26/2021 14:23:11 - INFO - __main__ - Evaluating to get errors .... Timecode: 35
09/26/2021 14:23:14 - INFO - __main__ - Before Error Fixing: 0.0625
09/26/2021 14:23:14 - INFO - __main__ - Found 30 errors.
09/26/2021 14:23:14 - INFO - __main__ - Start bug-fixing .... Timecode: 35
09/26/2021 14:23:27 - INFO - __main__ - Start bug-fixing .... Done!
09/26/2021 14:23:27 - INFO - __main__ - Evaluating again to analyze the performance .... Timecode: 35
09/26/2021 14:23:29 - INFO - __main__ - After Error Fixing: 1.0
09/26/2021 14:23:29 - INFO - __main__ - Instant Fixing Rate: 1.0
09/26/2021 14:23:29 - INFO - __main__ - Instant Retention Rate: 0.999999995
09/26/2021 14:23:29 - INFO - __main__ - Not doing replay-based eval.
09/26/2021 14:23:29 - INFO - __main__ - Evaluating to get errors .... Timecode: 36
09/26/2021 14:23:33 - INFO - __main__ - Before Error Fixing: 0.28125
09/26/2021 14:23:33 - INFO - __main__ - Found 23 errors.
09/26/2021 14:23:33 - INFO - __main__ - Start bug-fixing .... Timecode: 36
09/26/2021 14:23:42 - INFO - __main__ - Start bug-fixing .... Done!
09/26/2021 14:23:42 - INFO - __main__ - Evaluating again to analyze the performance .... Timecode: 36
09/26/2021 14:23:46 - INFO - __main__ - After Error Fixing: 0.9375
09/26/2021 14:23:46 - INFO - __main__ - Instant Fixing Rate: 1.0
09/26/2021 14:23:46 - INFO - __main__ - Instant Retention Rate: 0.7777777769135802
09/26/2021 14:23:46 - INFO - __main__ - Not doing replay-based eval.
09/26/2021 14:23:46 - INFO - __main__ - Evaluating to get errors .... Timecode: 37
09/26/2021 14:23:49 - INFO - __main__ - Before Error Fixing: 0.125
09/26/2021 14:23:50 - INFO - __main__ - Found 28 errors.
09/26/2021 14:23:50 - INFO - __main__ - Start bug-fixing .... Timecode: 37
09/26/2021 14:24:01 - INFO - __main__ - Start bug-fixing .... Done!
09/26/2021 14:24:01 - INFO - __main__ - Evaluating again to analyze the performance .... Timecode: 37
09/26/2021 14:24:04 - INFO - __main__ - After Error Fixing: 1.0
09/26/2021 14:24:04 - INFO - __main__ - Instant Fixing Rate: 1.0
09/26/2021 14:24:04 - INFO - __main__ - Instant Retention Rate: 0.9999999975
09/26/2021 14:24:04 - INFO - __main__ - Not doing replay-based eval.
09/26/2021 14:24:04 - INFO - __main__ - Evaluating to get errors .... Timecode: 38
09/26/2021 14:24:08 - INFO - __main__ - Before Error Fixing: 0.125
09/26/2021 14:24:08 - INFO - __main__ - Found 28 errors.
09/26/2021 14:24:08 - INFO - __main__ - Start bug-fixing .... Timecode: 38
09/26/2021 14:24:19 - INFO - __main__ - Start bug-fixing .... Done!
09/26/2021 14:24:19 - INFO - __main__ - Evaluating again to analyze the performance .... Timecode: 38
09/26/2021 14:24:23 - INFO - __main__ - After Error Fixing: 0.90625
09/26/2021 14:24:23 - INFO - __main__ - Instant Fixing Rate: 0.9285714285714286
09/26/2021 14:24:23 - INFO - __main__ - Instant Retention Rate: 0.7499999981250001
09/26/2021 14:24:23 - INFO - __main__ - Not doing replay-based eval.
09/26/2021 14:24:23 - INFO - __main__ - Evaluating to get errors .... Timecode: 39
09/26/2021 14:24:26 - INFO - __main__ - Before Error Fixing: 0.21875
09/26/2021 14:24:26 - INFO - __main__ - Found 25 errors.
09/26/2021 14:24:26 - INFO - __main__ - Start bug-fixing .... Timecode: 39
09/26/2021 14:24:37 - INFO - __main__ - Start bug-fixing .... Done!
09/26/2021 14:24:37 - INFO - __main__ - Evaluating again to analyze the performance .... Timecode: 39
09/26/2021 14:24:40 - INFO - __main__ - After Error Fixing: 0.84375
09/26/2021 14:24:40 - INFO - __main__ - Instant Fixing Rate: 0.92
09/26/2021 14:24:40 - INFO - __main__ - Instant Retention Rate: 0.571428570612245
09/26/2021 14:24:40 - INFO - __main__ - Not doing replay-based eval.
09/26/2021 14:24:40 - INFO - __main__ - Evaluating to get errors .... Timecode: 40
09/26/2021 14:24:44 - INFO - __main__ - Before Error Fixing: 0.15625
09/26/2021 14:24:44 - INFO - __main__ - Found 27 errors.
09/26/2021 14:24:44 - INFO - __main__ - Start bug-fixing .... Timecode: 40
09/26/2021 14:24:56 - INFO - __main__ - Start bug-fixing .... Done!
09/26/2021 14:24:56 - INFO - __main__ - Evaluating again to analyze the performance .... Timecode: 40
09/26/2021 14:24:59 - INFO - __main__ - After Error Fixing: 1.0
09/26/2021 14:24:59 - INFO - __main__ - Instant Fixing Rate: 1.0
09/26/2021 14:24:59 - INFO - __main__ - Instant Retention Rate: 0.9999999980000001
09/26/2021 14:24:59 - INFO - __main__ - Not doing replay-based eval.
09/26/2021 14:24:59 - INFO - __main__ - Evaluating to get errors .... Timecode: 41
09/26/2021 14:25:03 - INFO - __main__ - Before Error Fixing: 0.03125
09/26/2021 14:25:03 - INFO - __main__ - Found 31 errors.
09/26/2021 14:25:03 - INFO - __main__ - Start bug-fixing .... Timecode: 41
09/26/2021 14:25:16 - INFO - __main__ - Start bug-fixing .... Done!
09/26/2021 14:25:16 - INFO - __main__ - Evaluating again to analyze the performance .... Timecode: 41
09/26/2021 14:25:19 - INFO - __main__ - After Error Fixing: 0.90625
09/26/2021 14:25:19 - INFO - __main__ - Instant Fixing Rate: 0.9354838709677419
09/26/2021 14:25:19 - INFO - __main__ - Instant Retention Rate: 0.0
09/26/2021 14:25:19 - INFO - __main__ - Not doing replay-based eval.
09/26/2021 14:25:19 - INFO - __main__ - Evaluating to get errors .... Timecode: 42
09/26/2021 14:25:23 - INFO - __main__ - Before Error Fixing: 0.125
09/26/2021 14:25:23 - INFO - __main__ - Found 28 errors.
09/26/2021 14:25:23 - INFO - __main__ - Start bug-fixing .... Timecode: 42
09/26/2021 14:25:35 - INFO - __main__ - Start bug-fixing .... Done!
09/26/2021 14:25:35 - INFO - __main__ - Evaluating again to analyze the performance .... Timecode: 42
09/26/2021 14:25:38 - INFO - __main__ - After Error Fixing: 0.875
09/26/2021 14:25:38 - INFO - __main__ - Instant Fixing Rate: 0.9285714285714286
09/26/2021 14:25:38 - INFO - __main__ - Instant Retention Rate: 0.49999999875
09/26/2021 14:25:38 - INFO - __main__ - Not doing replay-based eval.
09/26/2021 14:25:38 - INFO - __main__ - Evaluating to get errors .... Timecode: 43
09/26/2021 14:25:42 - INFO - __main__ - Before Error Fixing: 0.09375
09/26/2021 14:25:42 - INFO - __main__ - Found 29 errors.
09/26/2021 14:25:42 - INFO - __main__ - Start bug-fixing .... Timecode: 43
09/26/2021 14:25:54 - INFO - __main__ - Start bug-fixing .... Done!
09/26/2021 14:25:54 - INFO - __main__ - Evaluating again to analyze the performance .... Timecode: 43
09/26/2021 14:25:58 - INFO - __main__ - After Error Fixing: 0.96875
09/26/2021 14:25:58 - INFO - __main__ - Instant Fixing Rate: 0.9655172413793104
09/26/2021 14:25:58 - INFO - __main__ - Instant Retention Rate: 0.9999999966666667
09/26/2021 14:25:58 - INFO - __main__ - Not doing replay-based eval.
09/26/2021 14:25:58 - INFO - __main__ - Evaluating to get errors .... Timecode: 44
09/26/2021 14:26:02 - INFO - __main__ - Before Error Fixing: 0.09375
09/26/2021 14:26:02 - INFO - __main__ - Found 29 errors.
09/26/2021 14:26:02 - INFO - __main__ - Start bug-fixing .... Timecode: 44
09/26/2021 14:26:14 - INFO - __main__ - Start bug-fixing .... Done!
09/26/2021 14:26:14 - INFO - __main__ - Evaluating again to analyze the performance .... Timecode: 44
09/26/2021 14:26:18 - INFO - __main__ - After Error Fixing: 0.9375
09/26/2021 14:26:18 - INFO - __main__ - Instant Fixing Rate: 1.0
09/26/2021 14:26:18 - INFO - __main__ - Instant Retention Rate: 0.3333333322222222
09/26/2021 14:26:18 - INFO - __main__ - Not doing replay-based eval.
09/26/2021 14:26:18 - INFO - __main__ - Evaluating to get errors .... Timecode: 45
09/26/2021 14:26:22 - INFO - __main__ - Before Error Fixing: 0.125
09/26/2021 14:26:22 - INFO - __main__ - Found 28 errors.
09/26/2021 14:26:22 - INFO - __main__ - Start bug-fixing .... Timecode: 45
09/26/2021 14:26:34 - INFO - __main__ - Start bug-fixing .... Done!
09/26/2021 14:26:34 - INFO - __main__ - Evaluating again to analyze the performance .... Timecode: 45
09/26/2021 14:26:37 - INFO - __main__ - After Error Fixing: 0.9375
09/26/2021 14:26:37 - INFO - __main__ - Instant Fixing Rate: 0.9642857142857143
09/26/2021 14:26:37 - INFO - __main__ - Instant Retention Rate: 0.7499999981250001
09/26/2021 14:26:37 - INFO - __main__ - Not doing replay-based eval.
09/26/2021 14:26:37 - INFO - __main__ - Evaluating to get errors .... Timecode: 46
09/26/2021 14:26:41 - INFO - __main__ - Before Error Fixing: 0.34375
09/26/2021 14:26:41 - INFO - __main__ - Found 21 errors.
09/26/2021 14:26:41 - INFO - __main__ - Start bug-fixing .... Timecode: 46
09/26/2021 14:26:50 - INFO - __main__ - Start bug-fixing .... Done!
09/26/2021 14:26:50 - INFO - __main__ - Evaluating again to analyze the performance .... Timecode: 46
09/26/2021 14:26:53 - INFO - __main__ - After Error Fixing: 0.9375
09/26/2021 14:26:53 - INFO - __main__ - Instant Fixing Rate: 1.0
09/26/2021 14:26:53 - INFO - __main__ - Instant Retention Rate: 0.8181818174380164
09/26/2021 14:26:53 - INFO - __main__ - Not doing replay-based eval.
09/26/2021 14:26:53 - INFO - __main__ - Evaluating to get errors .... Timecode: 47
09/26/2021 14:26:56 - INFO - __main__ - Before Error Fixing: 0.125
09/26/2021 14:26:56 - INFO - __main__ - Found 28 errors.
09/26/2021 14:26:56 - INFO - __main__ - Start bug-fixing .... Timecode: 47
09/26/2021 14:27:08 - INFO - __main__ - Start bug-fixing .... Done!
09/26/2021 14:27:08 - INFO - __main__ - Evaluating again to analyze the performance .... Timecode: 47
09/26/2021 14:27:11 - INFO - __main__ - After Error Fixing: 0.875
09/26/2021 14:27:11 - INFO - __main__ - Instant Fixing Rate: 0.9285714285714286
09/26/2021 14:27:11 - INFO - __main__ - Instant Retention Rate: 0.49999999875
09/26/2021 14:27:11 - INFO - __main__ - Not doing replay-based eval.
09/26/2021 14:27:11 - INFO - __main__ - Evaluating to get errors .... Timecode: 48
09/26/2021 14:27:14 - INFO - __main__ - Before Error Fixing: 0.28125
09/26/2021 14:27:14 - INFO - __main__ - Found 23 errors.
09/26/2021 14:27:14 - INFO - __main__ - Start bug-fixing .... Timecode: 48
09/26/2021 14:27:24 - INFO - __main__ - Start bug-fixing .... Done!
09/26/2021 14:27:24 - INFO - __main__ - Evaluating again to analyze the performance .... Timecode: 48
09/26/2021 14:27:27 - INFO - __main__ - After Error Fixing: 0.875
09/26/2021 14:27:27 - INFO - __main__ - Instant Fixing Rate: 0.9565217391304348
09/26/2021 14:27:27 - INFO - __main__ - Instant Retention Rate: 0.6666666659259258
09/26/2021 14:27:27 - INFO - __main__ - Not doing replay-based eval.
09/26/2021 14:27:27 - INFO - __main__ - Evaluating to get errors .... Timecode: 49
09/26/2021 14:27:30 - INFO - __main__ - Before Error Fixing: 0.09375
09/26/2021 14:27:30 - INFO - __main__ - Found 29 errors.
09/26/2021 14:27:30 - INFO - __main__ - Start bug-fixing .... Timecode: 49
09/26/2021 14:27:42 - INFO - __main__ - Start bug-fixing .... Done!
09/26/2021 14:27:42 - INFO - __main__ - Evaluating again to analyze the performance .... Timecode: 49
09/26/2021 14:27:45 - INFO - __main__ - After Error Fixing: 0.9375
09/26/2021 14:27:45 - INFO - __main__ - Instant Fixing Rate: 0.9310344827586207
09/26/2021 14:27:45 - INFO - __main__ - Instant Retention Rate: 0.9999999966666667
09/26/2021 14:27:45 - INFO - __main__ - Not doing replay-based eval.
09/26/2021 14:27:45 - INFO - __main__ - Evaluating to get errors .... Timecode: 50
09/26/2021 14:27:49 - INFO - __main__ - Before Error Fixing: 0.125
09/26/2021 14:27:49 - INFO - __main__ - Found 28 errors.
09/26/2021 14:27:49 - INFO - __main__ - Start bug-fixing .... Timecode: 50
09/26/2021 14:28:01 - INFO - __main__ - Start bug-fixing .... Done!
09/26/2021 14:28:01 - INFO - __main__ - Evaluating again to analyze the performance .... Timecode: 50
09/26/2021 14:28:05 - INFO - __main__ - After Error Fixing: 0.96875
09/26/2021 14:28:05 - INFO - __main__ - Instant Fixing Rate: 0.9642857142857143
09/26/2021 14:28:05 - INFO - __main__ - Instant Retention Rate: 0.9999999975
09/26/2021 14:28:05 - INFO - __main__ - Not doing replay-based eval.
09/26/2021 14:28:05 - INFO - __main__ - Evaluating to get errors .... Timecode: 51
09/26/2021 14:28:08 - INFO - __main__ - Before Error Fixing: 0.125
09/26/2021 14:28:08 - INFO - __main__ - Found 28 errors.
09/26/2021 14:28:08 - INFO - __main__ - Start bug-fixing .... Timecode: 51
09/26/2021 14:28:20 - INFO - __main__ - Start bug-fixing .... Done!
09/26/2021 14:28:20 - INFO - __main__ - Evaluating again to analyze the performance .... Timecode: 51
09/26/2021 14:28:24 - INFO - __main__ - After Error Fixing: 0.9375
09/26/2021 14:28:24 - INFO - __main__ - Instant Fixing Rate: 1.0
09/26/2021 14:28:24 - INFO - __main__ - Instant Retention Rate: 0.49999999875
09/26/2021 14:28:24 - INFO - __main__ - Not doing replay-based eval.
09/26/2021 14:28:24 - INFO - __main__ - Evaluating to get errors .... Timecode: 52
09/26/2021 14:28:27 - INFO - __main__ - Before Error Fixing: 0.15625
09/26/2021 14:28:27 - INFO - __main__ - Found 27 errors.
09/26/2021 14:28:27 - INFO - __main__ - Start bug-fixing .... Timecode: 52
09/26/2021 14:28:35 - INFO - __main__ - Start bug-fixing .... Done!
09/26/2021 14:28:35 - INFO - __main__ - Evaluating again to analyze the performance .... Timecode: 52
09/26/2021 14:28:39 - INFO - __main__ - After Error Fixing: 1.0
09/26/2021 14:28:39 - INFO - __main__ - Instant Fixing Rate: 1.0
09/26/2021 14:28:39 - INFO - __main__ - Instant Retention Rate: 0.9999999980000001
09/26/2021 14:28:39 - INFO - __main__ - Not doing replay-based eval.
09/26/2021 14:28:39 - INFO - __main__ - Evaluating to get errors .... Timecode: 53
09/26/2021 14:28:42 - INFO - __main__ - Before Error Fixing: 0.25
09/26/2021 14:28:42 - INFO - __main__ - Found 24 errors.
09/26/2021 14:28:42 - INFO - __main__ - Start bug-fixing .... Timecode: 53
09/26/2021 14:28:52 - INFO - __main__ - Start bug-fixing .... Done!
09/26/2021 14:28:52 - INFO - __main__ - Evaluating again to analyze the performance .... Timecode: 53
09/26/2021 14:28:56 - INFO - __main__ - After Error Fixing: 0.875
09/26/2021 14:28:56 - INFO - __main__ - Instant Fixing Rate: 1.0
09/26/2021 14:28:56 - INFO - __main__ - Instant Retention Rate: 0.49999999937499995
09/26/2021 14:28:56 - INFO - __main__ - Not doing replay-based eval.
09/26/2021 14:28:56 - INFO - __main__ - Evaluating to get errors .... Timecode: 54
09/26/2021 14:28:59 - INFO - __main__ - Before Error Fixing: 0.1875
09/26/2021 14:28:59 - INFO - __main__ - Found 26 errors.
09/26/2021 14:28:59 - INFO - __main__ - Start bug-fixing .... Timecode: 54
09/26/2021 14:29:10 - INFO - __main__ - Start bug-fixing .... Done!
09/26/2021 14:29:10 - INFO - __main__ - Evaluating again to analyze the performance .... Timecode: 54
09/26/2021 14:29:13 - INFO - __main__ - After Error Fixing: 0.9375
09/26/2021 14:29:13 - INFO - __main__ - Instant Fixing Rate: 1.0
09/26/2021 14:29:13 - INFO - __main__ - Instant Retention Rate: 0.6666666655555555
09/26/2021 14:29:13 - INFO - __main__ - Not doing replay-based eval.
09/26/2021 14:29:13 - INFO - __main__ - Evaluating to get errors .... Timecode: 55
09/26/2021 14:29:17 - INFO - __main__ - Before Error Fixing: 0.125
09/26/2021 14:29:17 - INFO - __main__ - Found 28 errors.
09/26/2021 14:29:17 - INFO - __main__ - Start bug-fixing .... Timecode: 55
09/26/2021 14:29:30 - INFO - __main__ - Start bug-fixing .... Done!
09/26/2021 14:29:30 - INFO - __main__ - Evaluating again to analyze the performance .... Timecode: 55
09/26/2021 14:29:33 - INFO - __main__ - After Error Fixing: 0.84375
09/26/2021 14:29:33 - INFO - __main__ - Instant Fixing Rate: 0.8214285714285714
09/26/2021 14:29:33 - INFO - __main__ - Instant Retention Rate: 0.9999999975
09/26/2021 14:29:33 - INFO - __main__ - Not doing replay-based eval.
09/26/2021 14:29:33 - INFO - __main__ - Evaluating to get errors .... Timecode: 56
09/26/2021 14:29:37 - INFO - __main__ - Before Error Fixing: 0.125
09/26/2021 14:29:37 - INFO - __main__ - Found 28 errors.
09/26/2021 14:29:37 - INFO - __main__ - Start bug-fixing .... Timecode: 56
09/26/2021 14:29:49 - INFO - __main__ - Start bug-fixing .... Done!
09/26/2021 14:29:49 - INFO - __main__ - Evaluating again to analyze the performance .... Timecode: 56
09/26/2021 14:29:52 - INFO - __main__ - After Error Fixing: 0.90625
09/26/2021 14:29:52 - INFO - __main__ - Instant Fixing Rate: 0.9285714285714286
09/26/2021 14:29:52 - INFO - __main__ - Instant Retention Rate: 0.7499999981250001
09/26/2021 14:29:52 - INFO - __main__ - Not doing replay-based eval.
09/26/2021 14:29:52 - INFO - __main__ - Evaluating to get errors .... Timecode: 57
09/26/2021 14:29:55 - INFO - __main__ - Before Error Fixing: 0.15625
09/26/2021 14:29:55 - INFO - __main__ - Found 27 errors.
09/26/2021 14:29:55 - INFO - __main__ - Start bug-fixing .... Timecode: 57
09/26/2021 14:30:07 - INFO - __main__ - Start bug-fixing .... Done!
09/26/2021 14:30:07 - INFO - __main__ - Evaluating again to analyze the performance .... Timecode: 57
09/26/2021 14:30:10 - INFO - __main__ - After Error Fixing: 0.9375
09/26/2021 14:30:10 - INFO - __main__ - Instant Fixing Rate: 1.0
09/26/2021 14:30:10 - INFO - __main__ - Instant Retention Rate: 0.5999999988
09/26/2021 14:30:10 - INFO - __main__ - Not doing replay-based eval.
09/26/2021 14:30:10 - INFO - __main__ - Evaluating to get errors .... Timecode: 58
09/26/2021 14:30:13 - INFO - __main__ - Before Error Fixing: 0.25
09/26/2021 14:30:13 - INFO - __main__ - Found 24 errors.
09/26/2021 14:30:13 - INFO - __main__ - Start bug-fixing .... Timecode: 58
09/26/2021 14:30:22 - INFO - __main__ - Start bug-fixing .... Done!
09/26/2021 14:30:22 - INFO - __main__ - Evaluating again to analyze the performance .... Timecode: 58
09/26/2021 14:30:26 - INFO - __main__ - After Error Fixing: 0.8125
09/26/2021 14:30:26 - INFO - __main__ - Instant Fixing Rate: 0.875
09/26/2021 14:30:26 - INFO - __main__ - Instant Retention Rate: 0.6249999992187499
09/26/2021 14:30:26 - INFO - __main__ - Not doing replay-based eval.
09/26/2021 14:30:26 - INFO - __main__ - Evaluating to get errors .... Timecode: 59
09/26/2021 14:30:29 - INFO - __main__ - Before Error Fixing: 0.15625
09/26/2021 14:30:29 - INFO - __main__ - Found 27 errors.
09/26/2021 14:30:29 - INFO - __main__ - Start bug-fixing .... Timecode: 59
09/26/2021 14:30:41 - INFO - __main__ - Start bug-fixing .... Done!
09/26/2021 14:30:41 - INFO - __main__ - Evaluating again to analyze the performance .... Timecode: 59
09/26/2021 14:30:44 - INFO - __main__ - After Error Fixing: 0.9375
09/26/2021 14:30:44 - INFO - __main__ - Instant Fixing Rate: 0.9629629629629629
09/26/2021 14:30:44 - INFO - __main__ - Instant Retention Rate: 0.7999999984
09/26/2021 14:30:44 - INFO - __main__ - Not doing replay-based eval.
09/26/2021 14:30:44 - INFO - __main__ - Evaluating to get errors .... Timecode: 60
09/26/2021 14:30:48 - INFO - __main__ - Before Error Fixing: 0.21875
09/26/2021 14:30:48 - INFO - __main__ - Found 25 errors.
09/26/2021 14:30:48 - INFO - __main__ - Start bug-fixing .... Timecode: 60
09/26/2021 14:30:58 - INFO - __main__ - Start bug-fixing .... Done!
09/26/2021 14:30:58 - INFO - __main__ - Evaluating again to analyze the performance .... Timecode: 60
09/26/2021 14:31:01 - INFO - __main__ - After Error Fixing: 0.9375
09/26/2021 14:31:01 - INFO - __main__ - Instant Fixing Rate: 1.0
09/26/2021 14:31:01 - INFO - __main__ - Instant Retention Rate: 0.7142857132653061
09/26/2021 14:31:01 - INFO - __main__ - Not doing replay-based eval.
09/26/2021 14:31:01 - INFO - __main__ - Evaluating to get errors .... Timecode: 61
09/26/2021 14:31:03 - INFO - __main__ - Before Error Fixing: 0.1875
09/26/2021 14:31:03 - INFO - __main__ - Found 26 errors.
09/26/2021 14:31:03 - INFO - __main__ - Start bug-fixing .... Timecode: 61
09/26/2021 14:31:14 - INFO - __main__ - Start bug-fixing .... Done!
09/26/2021 14:31:14 - INFO - __main__ - Evaluating again to analyze the performance .... Timecode: 61
09/26/2021 14:31:17 - INFO - __main__ - After Error Fixing: 0.90625
09/26/2021 14:31:17 - INFO - __main__ - Instant Fixing Rate: 1.0
09/26/2021 14:31:17 - INFO - __main__ - Instant Retention Rate: 0.49999999916666665
09/26/2021 14:31:17 - INFO - __main__ - Not doing replay-based eval.
09/26/2021 14:31:17 - INFO - __main__ - Evaluating to get errors .... Timecode: 62
09/26/2021 14:31:19 - INFO - __main__ - Before Error Fixing: 0.28125
09/26/2021 14:31:19 - INFO - __main__ - Found 23 errors.
09/26/2021 14:31:19 - INFO - __main__ - Start bug-fixing .... Timecode: 62
09/26/2021 14:31:28 - INFO - __main__ - Start bug-fixing .... Done!
09/26/2021 14:31:28 - INFO - __main__ - Evaluating again to analyze the performance .... Timecode: 62
09/26/2021 14:31:32 - INFO - __main__ - After Error Fixing: 0.78125
09/26/2021 14:31:32 - INFO - __main__ - Instant Fixing Rate: 0.9130434782608695
09/26/2021 14:31:32 - INFO - __main__ - Instant Retention Rate: 0.4444444439506172
09/26/2021 14:31:32 - INFO - __main__ - Not doing replay-based eval.
09/26/2021 14:31:32 - INFO - __main__ - Evaluating to get errors .... Timecode: 63
09/26/2021 14:31:35 - INFO - __main__ - Before Error Fixing: 0.03125
09/26/2021 14:31:35 - INFO - __main__ - Found 31 errors.
09/26/2021 14:31:35 - INFO - __main__ - Start bug-fixing .... Timecode: 63
09/26/2021 14:31:48 - INFO - __main__ - Start bug-fixing .... Done!
09/26/2021 14:31:48 - INFO - __main__ - Evaluating again to analyze the performance .... Timecode: 63
09/26/2021 14:31:52 - INFO - __main__ - After Error Fixing: 1.0
09/26/2021 14:31:52 - INFO - __main__ - Instant Fixing Rate: 1.0
09/26/2021 14:31:52 - INFO - __main__ - Instant Retention Rate: 0.9999999900000002
09/26/2021 14:31:52 - INFO - __main__ - Not doing replay-based eval.
09/26/2021 14:31:52 - INFO - __main__ - Evaluating to get errors .... Timecode: 64
09/26/2021 14:31:55 - INFO - __main__ - Before Error Fixing: 0.125
09/26/2021 14:31:55 - INFO - __main__ - Found 28 errors.
09/26/2021 14:31:55 - INFO - __main__ - Start bug-fixing .... Timecode: 64
09/26/2021 14:32:07 - INFO - __main__ - Start bug-fixing .... Done!
09/26/2021 14:32:07 - INFO - __main__ - Evaluating again to analyze the performance .... Timecode: 64
09/26/2021 14:32:11 - INFO - __main__ - After Error Fixing: 0.90625
09/26/2021 14:32:11 - INFO - __main__ - Instant Fixing Rate: 0.9642857142857143
09/26/2021 14:32:11 - INFO - __main__ - Instant Retention Rate: 0.49999999875
09/26/2021 14:32:11 - INFO - __main__ - Not doing replay-based eval.
09/26/2021 14:32:11 - INFO - __main__ - Evaluating to get errors .... Timecode: 65
09/26/2021 14:32:14 - INFO - __main__ - Before Error Fixing: 0.21875
09/26/2021 14:32:14 - INFO - __main__ - Found 25 errors.
09/26/2021 14:32:15 - INFO - __main__ - Start bug-fixing .... Timecode: 65
09/26/2021 14:32:26 - INFO - __main__ - Start bug-fixing .... Done!
09/26/2021 14:32:26 - INFO - __main__ - Evaluating again to analyze the performance .... Timecode: 65
09/26/2021 14:32:28 - INFO - __main__ - After Error Fixing: 0.9375
09/26/2021 14:32:28 - INFO - __main__ - Instant Fixing Rate: 0.92
09/26/2021 14:32:28 - INFO - __main__ - Instant Retention Rate: 0.9999999985714286
09/26/2021 14:32:28 - INFO - __main__ - Not doing replay-based eval.
09/26/2021 14:32:28 - INFO - __main__ - Evaluating to get errors .... Timecode: 66
09/26/2021 14:32:31 - INFO - __main__ - Before Error Fixing: 0.21875
09/26/2021 14:32:31 - INFO - __main__ - Found 25 errors.
09/26/2021 14:32:31 - INFO - __main__ - Start bug-fixing .... Timecode: 66
09/26/2021 14:32:42 - INFO - __main__ - Start bug-fixing .... Done!
09/26/2021 14:32:42 - INFO - __main__ - Evaluating again to analyze the performance .... Timecode: 66
09/26/2021 14:32:45 - INFO - __main__ - After Error Fixing: 0.96875
09/26/2021 14:32:45 - INFO - __main__ - Instant Fixing Rate: 1.0
09/26/2021 14:32:45 - INFO - __main__ - Instant Retention Rate: 0.8571428559183674
09/26/2021 14:32:45 - INFO - __main__ - Not doing replay-based eval.
09/26/2021 14:32:45 - INFO - __main__ - Evaluating to get errors .... Timecode: 67
09/26/2021 14:32:47 - INFO - __main__ - Before Error Fixing: 0.125
09/26/2021 14:32:47 - INFO - __main__ - Found 28 errors.
09/26/2021 14:32:47 - INFO - __main__ - Start bug-fixing .... Timecode: 67
09/26/2021 14:32:58 - INFO - __main__ - Start bug-fixing .... Done!
09/26/2021 14:32:58 - INFO - __main__ - Evaluating again to analyze the performance .... Timecode: 67
09/26/2021 14:33:01 - INFO - __main__ - After Error Fixing: 0.96875
09/26/2021 14:33:01 - INFO - __main__ - Instant Fixing Rate: 0.9642857142857143
09/26/2021 14:33:01 - INFO - __main__ - Instant Retention Rate: 0.9999999975
09/26/2021 14:33:01 - INFO - __main__ - Not doing replay-based eval.
09/26/2021 14:33:01 - INFO - __main__ - Evaluating to get errors .... Timecode: 68
09/26/2021 14:33:04 - INFO - __main__ - Before Error Fixing: 0.3125
09/26/2021 14:33:04 - INFO - __main__ - Found 22 errors.
09/26/2021 14:33:04 - INFO - __main__ - Start bug-fixing .... Timecode: 68
09/26/2021 14:33:14 - INFO - __main__ - Start bug-fixing .... Done!
09/26/2021 14:33:14 - INFO - __main__ - Evaluating again to analyze the performance .... Timecode: 68
09/26/2021 14:33:17 - INFO - __main__ - After Error Fixing: 0.84375
09/26/2021 14:33:17 - INFO - __main__ - Instant Fixing Rate: 0.8636363636363636
09/26/2021 14:33:17 - INFO - __main__ - Instant Retention Rate: 0.7999999992
09/26/2021 14:33:17 - INFO - __main__ - Not doing replay-based eval.
09/26/2021 14:33:17 - INFO - __main__ - Evaluating to get errors .... Timecode: 69
09/26/2021 14:33:21 - INFO - __main__ - Before Error Fixing: 0.125
09/26/2021 14:33:21 - INFO - __main__ - Found 28 errors.
09/26/2021 14:33:21 - INFO - __main__ - Start bug-fixing .... Timecode: 69
09/26/2021 14:33:32 - INFO - __main__ - Start bug-fixing .... Done!
09/26/2021 14:33:32 - INFO - __main__ - Evaluating again to analyze the performance .... Timecode: 69
09/26/2021 14:33:36 - INFO - __main__ - After Error Fixing: 0.875
09/26/2021 14:33:36 - INFO - __main__ - Instant Fixing Rate: 0.9285714285714286
09/26/2021 14:33:36 - INFO - __main__ - Instant Retention Rate: 0.49999999875
09/26/2021 14:33:36 - INFO - __main__ - Not doing replay-based eval.
09/26/2021 14:33:36 - INFO - __main__ - Evaluating to get errors .... Timecode: 70
09/26/2021 14:33:39 - INFO - __main__ - Before Error Fixing: 0.125
09/26/2021 14:33:39 - INFO - __main__ - Found 28 errors.
09/26/2021 14:33:39 - INFO - __main__ - Start bug-fixing .... Timecode: 70
09/26/2021 14:33:51 - INFO - __main__ - Start bug-fixing .... Done!
09/26/2021 14:33:51 - INFO - __main__ - Evaluating again to analyze the performance .... Timecode: 70
09/26/2021 14:33:54 - INFO - __main__ - After Error Fixing: 0.875
09/26/2021 14:33:54 - INFO - __main__ - Instant Fixing Rate: 0.9285714285714286
09/26/2021 14:33:54 - INFO - __main__ - Instant Retention Rate: 0.49999999875
09/26/2021 14:33:54 - INFO - __main__ - Not doing replay-based eval.
09/26/2021 14:33:54 - INFO - __main__ - Evaluating to get errors .... Timecode: 71
09/26/2021 14:33:56 - INFO - __main__ - Before Error Fixing: 0.15625
09/26/2021 14:33:56 - INFO - __main__ - Found 27 errors.
09/26/2021 14:33:56 - INFO - __main__ - Start bug-fixing .... Timecode: 71
09/26/2021 14:34:07 - INFO - __main__ - Start bug-fixing .... Done!
09/26/2021 14:34:07 - INFO - __main__ - Evaluating again to analyze the performance .... Timecode: 71
09/26/2021 14:34:11 - INFO - __main__ - After Error Fixing: 0.90625
09/26/2021 14:34:11 - INFO - __main__ - Instant Fixing Rate: 1.0
09/26/2021 14:34:11 - INFO - __main__ - Instant Retention Rate: 0.3999999992
09/26/2021 14:34:11 - INFO - __main__ - Not doing replay-based eval.
09/26/2021 14:34:11 - INFO - __main__ - Evaluating to get errors .... Timecode: 72
09/26/2021 14:34:14 - INFO - __main__ - Before Error Fixing: 0.09375
09/26/2021 14:34:14 - INFO - __main__ - Found 29 errors.
09/26/2021 14:34:14 - INFO - __main__ - Start bug-fixing .... Timecode: 72
09/26/2021 14:34:26 - INFO - __main__ - Start bug-fixing .... Done!
09/26/2021 14:34:26 - INFO - __main__ - Evaluating again to analyze the performance .... Timecode: 72
09/26/2021 14:34:29 - INFO - __main__ - After Error Fixing: 0.875
09/26/2021 14:34:29 - INFO - __main__ - Instant Fixing Rate: 0.8620689655172413
09/26/2021 14:34:29 - INFO - __main__ - Instant Retention Rate: 0.9999999966666667
09/26/2021 14:34:29 - INFO - __main__ - Not doing replay-based eval.
09/26/2021 14:34:29 - INFO - __main__ - Evaluating to get errors .... Timecode: 73
09/26/2021 14:34:33 - INFO - __main__ - Before Error Fixing: 0.21875
09/26/2021 14:34:33 - INFO - __main__ - Found 25 errors.
09/26/2021 14:34:33 - INFO - __main__ - Start bug-fixing .... Timecode: 73
09/26/2021 14:34:44 - INFO - __main__ - Start bug-fixing .... Done!
09/26/2021 14:34:44 - INFO - __main__ - Evaluating again to analyze the performance .... Timecode: 73
09/26/2021 14:34:47 - INFO - __main__ - After Error Fixing: 0.9375
09/26/2021 14:34:47 - INFO - __main__ - Instant Fixing Rate: 0.96
09/26/2021 14:34:47 - INFO - __main__ - Instant Retention Rate: 0.8571428559183674
09/26/2021 14:34:47 - INFO - __main__ - Not doing replay-based eval.
09/26/2021 14:34:47 - INFO - __main__ - Evaluating to get errors .... Timecode: 74
09/26/2021 14:34:50 - INFO - __main__ - Before Error Fixing: 0.125
09/26/2021 14:34:50 - INFO - __main__ - Found 28 errors.
09/26/2021 14:34:50 - INFO - __main__ - Start bug-fixing .... Timecode: 74
09/26/2021 14:35:02 - INFO - __main__ - Start bug-fixing .... Done!
09/26/2021 14:35:02 - INFO - __main__ - Evaluating again to analyze the performance .... Timecode: 74
09/26/2021 14:35:05 - INFO - __main__ - After Error Fixing: 0.96875
09/26/2021 14:35:05 - INFO - __main__ - Instant Fixing Rate: 1.0
09/26/2021 14:35:05 - INFO - __main__ - Instant Retention Rate: 0.7499999981250001
09/26/2021 14:35:05 - INFO - __main__ - Not doing replay-based eval.
09/26/2021 14:35:05 - INFO - __main__ - Evaluating to get errors .... Timecode: 75
09/26/2021 14:35:09 - INFO - __main__ - Before Error Fixing: 0.25
09/26/2021 14:35:09 - INFO - __main__ - Found 24 errors.
09/26/2021 14:35:09 - INFO - __main__ - Start bug-fixing .... Timecode: 75
09/26/2021 14:35:19 - INFO - __main__ - Start bug-fixing .... Done!
09/26/2021 14:35:19 - INFO - __main__ - Evaluating again to analyze the performance .... Timecode: 75
09/26/2021 14:35:22 - INFO - __main__ - After Error Fixing: 0.78125
09/26/2021 14:35:22 - INFO - __main__ - Instant Fixing Rate: 0.9166666666666666
09/26/2021 14:35:22 - INFO - __main__ - Instant Retention Rate: 0.37499999953124996
09/26/2021 14:35:22 - INFO - __main__ - Not doing replay-based eval.
09/26/2021 14:35:22 - INFO - __main__ - Evaluating to get errors .... Timecode: 76
09/26/2021 14:35:25 - INFO - __main__ - Before Error Fixing: 0.34375
09/26/2021 14:35:25 - INFO - __main__ - Found 21 errors.
09/26/2021 14:35:25 - INFO - __main__ - Start bug-fixing .... Timecode: 76
09/26/2021 14:35:33 - INFO - __main__ - Start bug-fixing .... Done!
09/26/2021 14:35:33 - INFO - __main__ - Evaluating again to analyze the performance .... Timecode: 76
09/26/2021 14:35:37 - INFO - __main__ - After Error Fixing: 0.78125
09/26/2021 14:35:37 - INFO - __main__ - Instant Fixing Rate: 0.9523809523809523
09/26/2021 14:35:37 - INFO - __main__ - Instant Retention Rate: 0.45454545413223135
09/26/2021 14:35:37 - INFO - __main__ - Not doing replay-based eval.
09/26/2021 14:35:37 - INFO - __main__ - Evaluating to get errors .... Timecode: 77
09/26/2021 14:35:40 - INFO - __main__ - Before Error Fixing: 0.15625
09/26/2021 14:35:40 - INFO - __main__ - Found 27 errors.
09/26/2021 14:35:40 - INFO - __main__ - Start bug-fixing .... Timecode: 77
09/26/2021 14:35:52 - INFO - __main__ - Start bug-fixing .... Done!
09/26/2021 14:35:52 - INFO - __main__ - Evaluating again to analyze the performance .... Timecode: 77
09/26/2021 14:35:55 - INFO - __main__ - After Error Fixing: 0.96875
09/26/2021 14:35:55 - INFO - __main__ - Instant Fixing Rate: 1.0
09/26/2021 14:35:55 - INFO - __main__ - Instant Retention Rate: 0.7999999984
09/26/2021 14:35:55 - INFO - __main__ - Not doing replay-based eval.
09/26/2021 14:35:55 - INFO - __main__ - Evaluating to get errors .... Timecode: 78
09/26/2021 14:35:59 - INFO - __main__ - Before Error Fixing: 0.09375
09/26/2021 14:35:59 - INFO - __main__ - Found 29 errors.
09/26/2021 14:35:59 - INFO - __main__ - Start bug-fixing .... Timecode: 78
09/26/2021 14:36:12 - INFO - __main__ - Start bug-fixing .... Done!
09/26/2021 14:36:12 - INFO - __main__ - Evaluating again to analyze the performance .... Timecode: 78
09/26/2021 14:36:15 - INFO - __main__ - After Error Fixing: 0.875
09/26/2021 14:36:15 - INFO - __main__ - Instant Fixing Rate: 0.9310344827586207
09/26/2021 14:36:15 - INFO - __main__ - Instant Retention Rate: 0.3333333322222222
09/26/2021 14:36:15 - INFO - __main__ - Not doing replay-based eval.
09/26/2021 14:36:15 - INFO - __main__ - Evaluating to get errors .... Timecode: 79
09/26/2021 14:36:18 - INFO - __main__ - Before Error Fixing: 0.125
09/26/2021 14:36:18 - INFO - __main__ - Found 28 errors.
09/26/2021 14:36:18 - INFO - __main__ - Start bug-fixing .... Timecode: 79
09/26/2021 14:36:30 - INFO - __main__ - Start bug-fixing .... Done!
09/26/2021 14:36:30 - INFO - __main__ - Evaluating again to analyze the performance .... Timecode: 79
09/26/2021 14:36:32 - INFO - __main__ - After Error Fixing: 0.9375
09/26/2021 14:36:32 - INFO - __main__ - Instant Fixing Rate: 0.9642857142857143
09/26/2021 14:36:32 - INFO - __main__ - Instant Retention Rate: 0.7499999981250001
09/26/2021 14:36:32 - INFO - __main__ - Not doing replay-based eval.
09/26/2021 14:36:32 - INFO - __main__ - Evaluating to get errors .... Timecode: 80
09/26/2021 14:36:35 - INFO - __main__ - Before Error Fixing: 0.1875
09/26/2021 14:36:35 - INFO - __main__ - Found 26 errors.
09/26/2021 14:36:35 - INFO - __main__ - Start bug-fixing .... Timecode: 80
09/26/2021 14:36:47 - INFO - __main__ - Start bug-fixing .... Done!
09/26/2021 14:36:47 - INFO - __main__ - Evaluating again to analyze the performance .... Timecode: 80
09/26/2021 14:36:49 - INFO - __main__ - After Error Fixing: 0.9375
09/26/2021 14:36:49 - INFO - __main__ - Instant Fixing Rate: 0.9615384615384616
09/26/2021 14:36:49 - INFO - __main__ - Instant Retention Rate: 0.8333333319444445
09/26/2021 14:36:49 - INFO - __main__ - Not doing replay-based eval.
09/26/2021 14:36:49 - INFO - __main__ - Evaluating to get errors .... Timecode: 81
09/26/2021 14:36:52 - INFO - __main__ - Before Error Fixing: 0.25
09/26/2021 14:36:52 - INFO - __main__ - Found 24 errors.
09/26/2021 14:36:52 - INFO - __main__ - Start bug-fixing .... Timecode: 81
09/26/2021 14:37:03 - INFO - __main__ - Start bug-fixing .... Done!
09/26/2021 14:37:03 - INFO - __main__ - Evaluating again to analyze the performance .... Timecode: 81
09/26/2021 14:37:06 - INFO - __main__ - After Error Fixing: 0.90625
09/26/2021 14:37:06 - INFO - __main__ - Instant Fixing Rate: 0.9166666666666666
09/26/2021 14:37:06 - INFO - __main__ - Instant Retention Rate: 0.8749999989062499
09/26/2021 14:37:06 - INFO - __main__ - Not doing replay-based eval.
09/26/2021 14:37:06 - INFO - __main__ - Evaluating to get errors .... Timecode: 82
09/26/2021 14:37:10 - INFO - __main__ - Before Error Fixing: 0.09375
09/26/2021 14:37:10 - INFO - __main__ - Found 29 errors.
09/26/2021 14:37:10 - INFO - __main__ - Start bug-fixing .... Timecode: 82
09/26/2021 14:37:22 - INFO - __main__ - Start bug-fixing .... Done!
09/26/2021 14:37:22 - INFO - __main__ - Evaluating again to analyze the performance .... Timecode: 82
09/26/2021 14:37:24 - INFO - __main__ - After Error Fixing: 0.96875
09/26/2021 14:37:24 - INFO - __main__ - Instant Fixing Rate: 0.9655172413793104
09/26/2021 14:37:24 - INFO - __main__ - Instant Retention Rate: 0.9999999966666667
09/26/2021 14:37:24 - INFO - __main__ - Not doing replay-based eval.
09/26/2021 14:37:24 - INFO - __main__ - Evaluating to get errors .... Timecode: 83
09/26/2021 14:37:27 - INFO - __main__ - Before Error Fixing: 0.15625
09/26/2021 14:37:27 - INFO - __main__ - Found 27 errors.
09/26/2021 14:37:27 - INFO - __main__ - Start bug-fixing .... Timecode: 83
09/26/2021 14:37:38 - INFO - __main__ - Start bug-fixing .... Done!
09/26/2021 14:37:38 - INFO - __main__ - Evaluating again to analyze the performance .... Timecode: 83
09/26/2021 14:37:41 - INFO - __main__ - After Error Fixing: 0.9375
09/26/2021 14:37:41 - INFO - __main__ - Instant Fixing Rate: 0.9629629629629629
09/26/2021 14:37:41 - INFO - __main__ - Instant Retention Rate: 0.7999999984
09/26/2021 14:37:41 - INFO - __main__ - Not doing replay-based eval.
09/26/2021 14:37:41 - INFO - __main__ - Evaluating to get errors .... Timecode: 84
09/26/2021 14:37:43 - INFO - __main__ - Before Error Fixing: 0.15625
09/26/2021 14:37:43 - INFO - __main__ - Found 27 errors.
09/26/2021 14:37:43 - INFO - __main__ - Start bug-fixing .... Timecode: 84
09/26/2021 14:37:54 - INFO - __main__ - Start bug-fixing .... Done!
09/26/2021 14:37:54 - INFO - __main__ - Evaluating again to analyze the performance .... Timecode: 84
09/26/2021 14:37:57 - INFO - __main__ - After Error Fixing: 0.9375
09/26/2021 14:37:57 - INFO - __main__ - Instant Fixing Rate: 0.9629629629629629
09/26/2021 14:37:57 - INFO - __main__ - Instant Retention Rate: 0.7999999984
09/26/2021 14:37:57 - INFO - __main__ - Not doing replay-based eval.
09/26/2021 14:37:57 - INFO - __main__ - Evaluating to get errors .... Timecode: 85
09/26/2021 14:38:01 - INFO - __main__ - Before Error Fixing: 0.1875
09/26/2021 14:38:01 - INFO - __main__ - Found 26 errors.
09/26/2021 14:38:01 - INFO - __main__ - Start bug-fixing .... Timecode: 85
09/26/2021 14:38:12 - INFO - __main__ - Start bug-fixing .... Done!
09/26/2021 14:38:12 - INFO - __main__ - Evaluating again to analyze the performance .... Timecode: 85
09/26/2021 14:38:15 - INFO - __main__ - After Error Fixing: 0.90625
09/26/2021 14:38:15 - INFO - __main__ - Instant Fixing Rate: 0.9615384615384616
09/26/2021 14:38:15 - INFO - __main__ - Instant Retention Rate: 0.6666666655555555
09/26/2021 14:38:15 - INFO - __main__ - Not doing replay-based eval.
09/26/2021 14:38:15 - INFO - __main__ - Evaluating to get errors .... Timecode: 86
09/26/2021 14:38:18 - INFO - __main__ - Before Error Fixing: 0.28125
09/26/2021 14:38:18 - INFO - __main__ - Found 23 errors.
09/26/2021 14:38:18 - INFO - __main__ - Start bug-fixing .... Timecode: 86
09/26/2021 14:38:27 - INFO - __main__ - Start bug-fixing .... Done!
09/26/2021 14:38:27 - INFO - __main__ - Evaluating again to analyze the performance .... Timecode: 86
09/26/2021 14:38:29 - INFO - __main__ - After Error Fixing: 0.9375
09/26/2021 14:38:29 - INFO - __main__ - Instant Fixing Rate: 1.0
09/26/2021 14:38:29 - INFO - __main__ - Instant Retention Rate: 0.7777777769135802
09/26/2021 14:38:29 - INFO - __main__ - Not doing replay-based eval.
09/26/2021 14:38:29 - INFO - __main__ - Evaluating to get errors .... Timecode: 87
09/26/2021 14:38:32 - INFO - __main__ - Before Error Fixing: 0.1875
09/26/2021 14:38:32 - INFO - __main__ - Found 26 errors.
09/26/2021 14:38:32 - INFO - __main__ - Start bug-fixing .... Timecode: 87
09/26/2021 14:38:43 - INFO - __main__ - Start bug-fixing .... Done!
09/26/2021 14:38:43 - INFO - __main__ - Evaluating again to analyze the performance .... Timecode: 87
09/26/2021 14:38:46 - INFO - __main__ - After Error Fixing: 0.96875
09/26/2021 14:38:46 - INFO - __main__ - Instant Fixing Rate: 1.0
09/26/2021 14:38:46 - INFO - __main__ - Instant Retention Rate: 0.8333333319444445
09/26/2021 14:38:46 - INFO - __main__ - Not doing replay-based eval.
09/26/2021 14:38:46 - INFO - __main__ - Evaluating to get errors .... Timecode: 88
09/26/2021 14:38:49 - INFO - __main__ - Before Error Fixing: 0.1875
09/26/2021 14:38:49 - INFO - __main__ - Found 26 errors.
09/26/2021 14:38:49 - INFO - __main__ - Start bug-fixing .... Timecode: 88
09/26/2021 14:39:00 - INFO - __main__ - Start bug-fixing .... Done!
09/26/2021 14:39:00 - INFO - __main__ - Evaluating again to analyze the performance .... Timecode: 88
09/26/2021 14:39:03 - INFO - __main__ - After Error Fixing: 0.8125
09/26/2021 14:39:03 - INFO - __main__ - Instant Fixing Rate: 0.9230769230769231
09/26/2021 14:39:03 - INFO - __main__ - Instant Retention Rate: 0.33333333277777777
09/26/2021 14:39:03 - INFO - __main__ - Not doing replay-based eval.
09/26/2021 14:39:03 - INFO - __main__ - Evaluating to get errors .... Timecode: 89
09/26/2021 14:39:06 - INFO - __main__ - Before Error Fixing: 0.21875
09/26/2021 14:39:06 - INFO - __main__ - Found 25 errors.
09/26/2021 14:39:06 - INFO - __main__ - Start bug-fixing .... Timecode: 89
09/26/2021 14:39:17 - INFO - __main__ - Start bug-fixing .... Done!
09/26/2021 14:39:17 - INFO - __main__ - Evaluating again to analyze the performance .... Timecode: 89
09/26/2021 14:39:20 - INFO - __main__ - After Error Fixing: 0.96875
09/26/2021 14:39:20 - INFO - __main__ - Instant Fixing Rate: 1.0
09/26/2021 14:39:20 - INFO - __main__ - Instant Retention Rate: 0.8571428559183674
09/26/2021 14:39:20 - INFO - __main__ - Not doing replay-based eval.
09/26/2021 14:39:20 - INFO - __main__ - Evaluating to get errors .... Timecode: 90
09/26/2021 14:39:23 - INFO - __main__ - Before Error Fixing: 0.25
09/26/2021 14:39:23 - INFO - __main__ - Found 24 errors.
09/26/2021 14:39:23 - INFO - __main__ - Start bug-fixing .... Timecode: 90
09/26/2021 14:39:33 - INFO - __main__ - Start bug-fixing .... Done!
09/26/2021 14:39:33 - INFO - __main__ - Evaluating again to analyze the performance .... Timecode: 90
09/26/2021 14:39:35 - INFO - __main__ - After Error Fixing: 0.9375
09/26/2021 14:39:35 - INFO - __main__ - Instant Fixing Rate: 1.0
09/26/2021 14:39:35 - INFO - __main__ - Instant Retention Rate: 0.7499999990624999
09/26/2021 14:39:35 - INFO - __main__ - Not doing replay-based eval.
09/26/2021 14:39:35 - INFO - __main__ - Evaluating to get errors .... Timecode: 91
09/26/2021 14:39:38 - INFO - __main__ - Before Error Fixing: 0.1875
09/26/2021 14:39:38 - INFO - __main__ - Found 26 errors.
09/26/2021 14:39:38 - INFO - __main__ - Start bug-fixing .... Timecode: 91
09/26/2021 14:39:49 - INFO - __main__ - Start bug-fixing .... Done!
09/26/2021 14:39:49 - INFO - __main__ - Evaluating again to analyze the performance .... Timecode: 91
09/26/2021 14:39:53 - INFO - __main__ - After Error Fixing: 1.0
09/26/2021 14:39:53 - INFO - __main__ - Instant Fixing Rate: 1.0
09/26/2021 14:39:53 - INFO - __main__ - Instant Retention Rate: 0.9999999983333333
09/26/2021 14:39:53 - INFO - __main__ - Not doing replay-based eval.
09/26/2021 14:39:53 - INFO - __main__ - Evaluating to get errors .... Timecode: 92
09/26/2021 14:39:55 - INFO - __main__ - Before Error Fixing: 0.34375
09/26/2021 14:39:55 - INFO - __main__ - Found 21 errors.
09/26/2021 14:39:55 - INFO - __main__ - Start bug-fixing .... Timecode: 92
09/26/2021 14:40:04 - INFO - __main__ - Start bug-fixing .... Done!
09/26/2021 14:40:04 - INFO - __main__ - Evaluating again to analyze the performance .... Timecode: 92
09/26/2021 14:40:07 - INFO - __main__ - After Error Fixing: 0.9375
09/26/2021 14:40:07 - INFO - __main__ - Instant Fixing Rate: 0.9523809523809523
09/26/2021 14:40:07 - INFO - __main__ - Instant Retention Rate: 0.9090909082644627
09/26/2021 14:40:07 - INFO - __main__ - Not doing replay-based eval.
09/26/2021 14:40:07 - INFO - __main__ - Evaluating to get errors .... Timecode: 93
09/26/2021 14:40:11 - INFO - __main__ - Before Error Fixing: 0.15625
09/26/2021 14:40:11 - INFO - __main__ - Found 27 errors.
09/26/2021 14:40:11 - INFO - __main__ - Start bug-fixing .... Timecode: 93
09/26/2021 14:40:23 - INFO - __main__ - Start bug-fixing .... Done!
09/26/2021 14:40:23 - INFO - __main__ - Evaluating again to analyze the performance .... Timecode: 93
09/26/2021 14:40:26 - INFO - __main__ - After Error Fixing: 0.875
09/26/2021 14:40:26 - INFO - __main__ - Instant Fixing Rate: 0.8888888888888888
09/26/2021 14:40:26 - INFO - __main__ - Instant Retention Rate: 0.7999999984
09/26/2021 14:40:26 - INFO - __main__ - Not doing replay-based eval.
09/26/2021 14:40:26 - INFO - __main__ - Evaluating to get errors .... Timecode: 94
09/26/2021 14:40:30 - INFO - __main__ - Before Error Fixing: 0.09375
09/26/2021 14:40:30 - INFO - __main__ - Found 29 errors.
09/26/2021 14:40:30 - INFO - __main__ - Start bug-fixing .... Timecode: 94
09/26/2021 14:40:42 - INFO - __main__ - Start bug-fixing .... Done!
09/26/2021 14:40:42 - INFO - __main__ - Evaluating again to analyze the performance .... Timecode: 94
09/26/2021 14:40:45 - INFO - __main__ - After Error Fixing: 0.9375
09/26/2021 14:40:45 - INFO - __main__ - Instant Fixing Rate: 0.9310344827586207
09/26/2021 14:40:45 - INFO - __main__ - Instant Retention Rate: 0.9999999966666667
09/26/2021 14:40:45 - INFO - __main__ - Not doing replay-based eval.
09/26/2021 14:40:45 - INFO - __main__ - Evaluating to get errors .... Timecode: 95
09/26/2021 14:40:48 - INFO - __main__ - Before Error Fixing: 0.125
09/26/2021 14:40:48 - INFO - __main__ - Found 28 errors.
09/26/2021 14:40:48 - INFO - __main__ - Start bug-fixing .... Timecode: 95
09/26/2021 14:40:59 - INFO - __main__ - Start bug-fixing .... Done!
09/26/2021 14:40:59 - INFO - __main__ - Evaluating again to analyze the performance .... Timecode: 95
09/26/2021 14:41:02 - INFO - __main__ - After Error Fixing: 0.875
09/26/2021 14:41:02 - INFO - __main__ - Instant Fixing Rate: 0.9285714285714286
09/26/2021 14:41:02 - INFO - __main__ - Instant Retention Rate: 0.49999999875
09/26/2021 14:41:02 - INFO - __main__ - Not doing replay-based eval.
09/26/2021 14:41:02 - INFO - __main__ - Evaluating to get errors .... Timecode: 96
09/26/2021 14:41:06 - INFO - __main__ - Before Error Fixing: 0.25
09/26/2021 14:41:06 - INFO - __main__ - Found 24 errors.
09/26/2021 14:41:06 - INFO - __main__ - Start bug-fixing .... Timecode: 96
09/26/2021 14:41:16 - INFO - __main__ - Start bug-fixing .... Done!
09/26/2021 14:41:16 - INFO - __main__ - Evaluating again to analyze the performance .... Timecode: 96
09/26/2021 14:41:20 - INFO - __main__ - After Error Fixing: 0.90625
09/26/2021 14:41:20 - INFO - __main__ - Instant Fixing Rate: 1.0
09/26/2021 14:41:20 - INFO - __main__ - Instant Retention Rate: 0.6249999992187499
09/26/2021 14:41:20 - INFO - __main__ - Not doing replay-based eval.
09/26/2021 14:41:20 - INFO - __main__ - Evaluating to get errors .... Timecode: 97
09/26/2021 14:41:23 - INFO - __main__ - Before Error Fixing: 0.15625
09/26/2021 14:41:23 - INFO - __main__ - Found 27 errors.
09/26/2021 14:41:23 - INFO - __main__ - Start bug-fixing .... Timecode: 97
09/26/2021 14:41:34 - INFO - __main__ - Start bug-fixing .... Done!
09/26/2021 14:41:34 - INFO - __main__ - Evaluating again to analyze the performance .... Timecode: 97
09/26/2021 14:41:38 - INFO - __main__ - After Error Fixing: 0.90625
09/26/2021 14:41:38 - INFO - __main__ - Instant Fixing Rate: 0.9259259259259259
09/26/2021 14:41:38 - INFO - __main__ - Instant Retention Rate: 0.7999999984
09/26/2021 14:41:38 - INFO - __main__ - Not doing replay-based eval.
09/26/2021 14:41:38 - INFO - __main__ - Evaluating to get errors .... Timecode: 98
09/26/2021 14:41:41 - INFO - __main__ - Before Error Fixing: 0.15625
09/26/2021 14:41:41 - INFO - __main__ - Found 27 errors.
09/26/2021 14:41:41 - INFO - __main__ - Start bug-fixing .... Timecode: 98
09/26/2021 14:41:52 - INFO - __main__ - Start bug-fixing .... Done!
09/26/2021 14:41:52 - INFO - __main__ - Evaluating again to analyze the performance .... Timecode: 98
09/26/2021 14:41:56 - INFO - __main__ - After Error Fixing: 0.9375
09/26/2021 14:41:56 - INFO - __main__ - Instant Fixing Rate: 0.9629629629629629
09/26/2021 14:41:56 - INFO - __main__ - Instant Retention Rate: 0.7999999984
09/26/2021 14:41:56 - INFO - __main__ - Not doing replay-based eval.
09/26/2021 14:41:56 - INFO - __main__ - Evaluating to get errors .... Timecode: 99
09/26/2021 14:41:59 - INFO - __main__ - Before Error Fixing: 0.21875
09/26/2021 14:41:59 - INFO - __main__ - Found 25 errors.
09/26/2021 14:41:59 - INFO - __main__ - Start bug-fixing .... Timecode: 99
09/26/2021 14:42:10 - INFO - __main__ - Start bug-fixing .... Done!
09/26/2021 14:42:10 - INFO - __main__ - Evaluating again to analyze the performance .... Timecode: 99
09/26/2021 14:42:12 - INFO - __main__ - After Error Fixing: 0.9375
09/26/2021 14:42:12 - INFO - __main__ - Instant Fixing Rate: 0.96
09/26/2021 14:42:12 - INFO - __main__ - Instant Retention Rate: 0.8571428559183674
09/26/2021 14:42:12 - INFO - __main__ - Start the final evaluation.
09/26/2021 14:42:12 - INFO - __main__ - Test the in-stream examples overall.
09/26/2021 14:47:40 - INFO - __main__ - Test the upstream forgetting eval.
09/26/2021 14:49:18 - INFO - __main__ - Finish the final evaluation.
09/26/2021 14:49:18 - INFO - __main__ - Finished. Results saved to exp_results/dynamic_stream/memory_based/results/0926_MixedAllError_T=100_simple_ep=10_seed=567_result.json
