06/08/2021 16:53:24 - INFO - __main__ - Namespace(adam_epsilon=1e-08, append_another_bos=True, checkpoint=None, dataset='mrqa_naturalquestions', debug=False, dev_file='data/mrqa_naturalquestions/mrqa_naturalquestions_dev.mini.tsv', do_lowercase=False, do_predict=False, do_train=True, eval_period=500, freeze_embeds=False, gradient_accumulation_steps=1, learning_rate=3e-05, max_grad_norm=0.1, max_input_length=888, max_output_length=50, model='facebook/bart-base', num_beams=3, num_train_epochs=10.0, output_dir='out/mrqa_naturalquestions', predict_batch_size=64, predict_checkpoint='best-model.pt', prefix='', quiet=False, seed=42, test_file='data/mrqa_naturalquestions/mrqa_naturalquestions_dev.tsv', total_steps=100000, train_batch_size=32, train_file='data/mrqa_naturalquestions/mrqa_naturalquestions_train.tsv', wait_step=10, warmup_steps=100, weight_decay=0.01)
06/08/2021 16:53:24 - INFO - __main__ - out/mrqa_naturalquestions
06/08/2021 16:53:24 - INFO - __main__ - Using 4 gpus
06/08/2021 16:53:25 - INFO - transformers.tokenization_utils - loading file https://s3.amazonaws.com/models.huggingface.co/bert/roberta-large-vocab.json from cache at /private/home/yuchenlin/.cache/torch/transformers/1ae1f5b6e2b22b25ccc04c000bb79ca847aa226d0761536b011cf7e5868f0655.ef00af9e673c7160b4d41cfda1f48c5f4cba57d5142754525572a846a1ab1b9b
06/08/2021 16:53:25 - INFO - transformers.tokenization_utils - loading file https://s3.amazonaws.com/models.huggingface.co/bert/roberta-large-merges.txt from cache at /private/home/yuchenlin/.cache/torch/transformers/f8f83199a6270d582d6245dc100e99c4155de81c9745c6248077018fe01abcfb.70bec105b4158ed9a1747fea67a43f5dee97855c64d62b6ec3742f4cfdb5feda
06/08/2021 16:53:25 - INFO - __main__ - Start tokenizing ... 88253 instances
06/08/2021 16:53:25 - INFO - __main__ - Printing 3 examples
06/08/2021 16:53:25 - INFO - __main__ - Context: CorelDraw ( styled CorelDRAW ) is a vector graphics editor developed and marketed by Corel Corporation . It is also the name of Corel 's Graphics Suite , which bundles CorelDraw with bitmap - image editor Corel Photo - Paint as well as other graphics - related programs ( see below ) . The latest version is marketed as Graphics Suite 2017 ( equivalent to version 19 ) , and was released in April 2017 . CorelDraw is designed to edit two - dimensional images such as logos and posters . | Question: which is the latest version of corel draw06/08/2021 16:53:25 - INFO - __main__ - Context: `` Fore ! '' , originally an Australian interjection , is used to warn anyone standing or moving in the flight of a golf ball . The mention of the term in an 1881 Australian Golf Museum indicates that the term was in use at least as early as that period . | Question: what does the word fore mean in golf06/08/2021 16:53:25 - INFO - __main__ - Context: Home Town is an American television series starring husband and wife team Ben and Erin Napier that premiered on March 21 , 2017 on HGTV . The married couple restores Southern homes in Laurel , Mississippi . | Question: where is the home town show on hgtv filmed06/08/2021 16:53:25 - INFO - __main__ - Printing 3 examples's outputs and metadata after flattening
06/08/2021 16:53:25 - INFO - __main__ - April 2017
06/08/2021 16:53:25 - INFO - __main__ - (0, 1)
06/08/2021 16:53:25 - INFO - __main__ - to warn anyone standing or moving in the flight of a golf ball
06/08/2021 16:53:25 - INFO - __main__ - (1, 2)
06/08/2021 16:53:25 - INFO - __main__ - Laurel , Mississippi
06/08/2021 16:53:25 - INFO - __main__ - (2, 3)
06/08/2021 16:53:26 - INFO - __main__ - Tokenizing Input ...
06/08/2021 16:54:21 - INFO - __main__ - Tokenizing Input ... Done!
06/08/2021 16:54:21 - INFO - __main__ - Tokenizing Output ...
06/08/2021 16:54:32 - INFO - __main__ - Tokenizing Output ... Done!
06/08/2021 16:54:32 - INFO - __main__ - Save preprocessed data ...
06/08/2021 16:56:19 - INFO - __main__ - Save preprocessed data ... Done!
06/08/2021 16:56:19 - INFO - __main__ - len(input_ids): 88253
06/08/2021 16:56:19 - INFO - __main__ - len(decoder_input_ids): 103843
06/08/2021 16:56:19 - INFO - __main__ - len(attention_mask): 88253
06/08/2021 16:56:19 - INFO - __main__ - len(decoder_attention_mask): 103843
06/08/2021 16:56:22 - INFO - __main__ - Loaded 88253 examples from train data
06/08/2021 16:56:22 - INFO - __main__ - Start tokenizing ... 1000 instances
06/08/2021 16:56:22 - INFO - __main__ - Printing 3 examples
06/08/2021 16:56:22 - INFO - __main__ - Context: `` Sacrifice '' is a ballad performed by musician Elton John . The lyrics are by Bernie Taupin and the music by John . The song appears on the 1989 album Sleeping with the Past . It was first released in October 1989 , then in 1990 , and was the second single from the album . It achieved success , particularly in France and the UK , where it became his first solo chart - topper , spending five weeks at the top . | Question: what album is sacrifice by elton john on06/08/2021 16:56:22 - INFO - __main__ - Context: Help ! is the fifth studio album by English rock band the Beatles , the soundtrack from their film Help ! , and released on 6 August 1965 . Produced by George Martin , it was the fifth UK album release by the band , and contains fourteen songs in its original British form . Seven of these , including the singles `` Help ! '' and `` Ticket to Ride '' , appeared in the film and took up the first side of the vinyl album . The second side contained seven other releases including the most - covered song ever written , `` Yesterday '' . | Question: what album is help by the beatles on06/08/2021 16:56:22 - INFO - __main__ - Context: The fourth season of Chicago Fire , an American drama television series with executive producer Dick Wolf , and producers Derek Haas , Michael Brandt , and Matt Olmstead , was ordered on February 5 , 2015 , by NBC , and premiered on October 13 , 2015 and concluded on May 17 , 2016 . The season contained 23 episodes . | Question: how many episodes are in chicago fire season 406/08/2021 16:56:22 - INFO - __main__ - Printing 3 examples's outputs and metadata after flattening
06/08/2021 16:56:22 - INFO - __main__ - Sleeping with the Past
06/08/2021 16:56:22 - INFO - __main__ - (0, 1)
06/08/2021 16:56:22 - INFO - __main__ - Help !
06/08/2021 16:56:22 - INFO - __main__ - (1, 2)
06/08/2021 16:56:22 - INFO - __main__ - 23
06/08/2021 16:56:22 - INFO - __main__ - (2, 3)
06/08/2021 16:56:22 - INFO - __main__ - Tokenizing Input ...
06/08/2021 16:56:23 - INFO - __main__ - Tokenizing Input ... Done!
06/08/2021 16:56:23 - INFO - __main__ - Tokenizing Output ...
06/08/2021 16:56:23 - INFO - __main__ - Tokenizing Output ... Done!
06/08/2021 16:56:23 - INFO - __main__ - Save preprocessed data ...
06/08/2021 16:56:24 - INFO - __main__ - Save preprocessed data ... Done!
06/08/2021 16:56:24 - INFO - __main__ - len(input_ids): 1000
06/08/2021 16:56:24 - INFO - __main__ - len(decoder_input_ids): 1147
06/08/2021 16:56:24 - INFO - __main__ - len(attention_mask): 1000
06/08/2021 16:56:24 - INFO - __main__ - len(decoder_attention_mask): 1147
06/08/2021 16:56:24 - INFO - __main__ - Loaded 1000 examples from dev data
06/08/2021 16:56:25 - INFO - transformers.configuration_utils - loading configuration file https://s3.amazonaws.com/models.huggingface.co/bert/facebook/bart-base/config.json from cache at /private/home/yuchenlin/.cache/torch/transformers/09f4fcaeaf785dd3b97b085d6e3510c7081f586ec8e75981683c6299c0f81d9d.e8d516ad807436d395effad8c2326786872659b7dd1210827ac67c761198a0eb
06/08/2021 16:56:25 - INFO - transformers.configuration_utils - Model config BartConfig {
  "activation_dropout": 0.1,
  "activation_function": "gelu",
  "add_bias_logits": false,
  "add_final_layer_norm": false,
  "architectures": [
    "BartModel",
    "BartForConditionalGeneration",
    "BartForSequenceClassification"
,
  "attention_dropout": 0.1,
  "bos_token_id": 0,
  "classif_dropout": 0.0,
  "d_model": 768,
  "decoder_attention_heads": 12,
  "decoder_ffn_dim": 3072,
  "decoder_layerdrop": 0.0,
  "decoder_layers": 6,
  "decoder_start_token_id": 2,
  "dropout": 0.1,
  "early_stopping": true,
  "encoder_attention_heads": 12,
  "encoder_ffn_dim": 3072,
  "encoder_layerdrop": 0.0,
  "encoder_layers": 6,
  "eos_token_id": 2,
  "id2label": {
    "0": "LABEL_0",
    "1": "LABEL_1",
    "2": "LABEL_2"
  },
  "init_std": 0.02,
  "is_encoder_decoder": true,
  "label2id": {
    "LABEL_0": 0,
    "LABEL_1": 1,
    "LABEL_2": 2
  },
  "max_position_embeddings": 1024,
  "model_type": "bart",
  "no_repeat_ngram_size": 3,
  "normalize_before": false,
  "normalize_embedding": true,
  "num_beams": 4,
  "num_hidden_layers": 6,
  "pad_token_id": 1,
  "scale_embedding": false,
  "static_position_embeddings": false,
  "task_specific_params": {
    "summarization": {
      "length_penalty": 1.0,
      "max_length": 128,
      "min_length": 12,
      "num_beams": 4
    },
    "summarization_cnn": {
      "length_penalty": 2.0,
      "max_length": 142,
      "min_length": 56,
      "num_beams": 4
    },
    "summarization_xsum": {
      "length_penalty": 1.0,
      "max_length": 62,
      "min_length": 11,
      "num_beams": 6
    }
  },
  "vocab_size": 50265
}06/08/2021 16:56:25 - INFO - transformers.modeling_utils - loading weights file https://cdn.huggingface.co/facebook/bart-base/pytorch_model.bin from cache at /private/home/yuchenlin/.cache/torch/transformers/566c05fb6983817e8ad7a4fa51e3099fe9caa3b31730f964bc5198d71c677523.0a3d95c18c1e434448941bc25accea7b122882be6526fb67c8e8fb6d5ebc711c
06/08/2021 16:56:36 - INFO - __main__ - Starting training!/private/home/yuchenlin/.conda/envs/bartqa/lib/python3.6/site-packages/torch/nn/parallel/_functions.py:61: UserWarning: Was asked to gather along dimension 0, but all input tensors were scalars; will instead unsqueeze and return a vector.
  warnings.warn('Was asked to gather along dimension 0, but all '  06/08/2021 16:59:16 - INFO - __main__ - Starting inference ...
[A[A[A[A[A[A[A[A[A[A[A[A[A[A[A[A[A06/08/2021 17:00:24 - INFO - __main__ - Starting inference ... Done
06/08/2021 17:00:24 - INFO - __main__ - Starting evaluation metric ...
06/08/2021 17:00:24 - INFO - __main__ - Starting evaluation metric ... Done!
06/08/2021 17:00:24 - INFO - __main__ - Step 500 Train loss 154.70 EM|QA-F1 {'EM': 0.511, 'QA-F1': 0.6653567549353016} on epoch=0
06/08/2021 17:00:24 - INFO - __main__ - New best perfromance EM|QA-F1: None -> {'EM': 0.511, 'QA-F1': 0.6653567549353016} on epoch=0, global_step=500
06/08/2021 17:00:24 - INFO - __main__ - Saving the new best model to out/mrqa_naturalquestions/best-model.pt
 
  
06/08/2021 17:02:57 - INFO - __main__ - Starting inference ...
[A[A[A[A[A[A[A[A[A[A[A[A[A[A[A[A[A06/08/2021 17:04:06 - INFO - __main__ - Starting inference ... Done
06/08/2021 17:04:06 - INFO - __main__ - Starting evaluation metric ...
06/08/2021 17:04:06 - INFO - __main__ - Starting evaluation metric ... Done!
06/08/2021 17:04:06 - INFO - __main__ - Step 1000 Train loss 128.59 EM|QA-F1 {'EM': 0.548, 'QA-F1': 0.7071545248644826} on epoch=0
06/08/2021 17:04:06 - INFO - __main__ - New best perfromance EM|QA-F1: {'EM': 0.511, 'QA-F1': 0.6653567549353016} -> {'EM': 0.548, 'QA-F1': 0.7071545248644826} on epoch=0, global_step=1000
06/08/2021 17:04:06 - INFO - __main__ - Saving the new best model to out/mrqa_naturalquestions/best-model.pt
 
  
06/08/2021 17:06:41 - INFO - __main__ - Starting inference ...
[A[A[A[A[A[A[A[A[A[A[A[A[A[A[A[A[A06/08/2021 17:07:48 - INFO - __main__ - Starting inference ... Done
06/08/2021 17:07:48 - INFO - __main__ - Starting evaluation metric ...
06/08/2021 17:07:48 - INFO - __main__ - Starting evaluation metric ... Done!
06/08/2021 17:07:48 - INFO - __main__ - Step 1500 Train loss 127.29 EM|QA-F1 {'EM': 0.556, 'QA-F1': 0.7139518867015944} on epoch=0
06/08/2021 17:07:49 - INFO - __main__ - New best perfromance EM|QA-F1: {'EM': 0.548, 'QA-F1': 0.7071545248644826} -> {'EM': 0.556, 'QA-F1': 0.7139518867015944} on epoch=0, global_step=1500
06/08/2021 17:07:49 - INFO - __main__ - Saving the new best model to out/mrqa_naturalquestions/best-model.pt  
06/08/2021 17:10:24 - INFO - __main__ - Starting inference ...
[A[A[A[A[A[A[A[A[A[A[A[A[A[A[A[A[A06/08/2021 17:11:39 - INFO - __main__ - Starting inference ... Done
06/08/2021 17:11:39 - INFO - __main__ - Starting evaluation metric ...
06/08/2021 17:11:39 - INFO - __main__ - Starting evaluation metric ... Done!
06/08/2021 17:11:39 - INFO - __main__ - Step 2000 Train loss 124.32 EM|QA-F1 {'EM': 0.58, 'QA-F1': 0.7325508245844408} on epoch=0
06/08/2021 17:11:39 - INFO - __main__ - New best perfromance EM|QA-F1: {'EM': 0.556, 'QA-F1': 0.7139518867015944} -> {'EM': 0.58, 'QA-F1': 0.7325508245844408} on epoch=0, global_step=2000
06/08/2021 17:11:39 - INFO - __main__ - Saving the new best model to out/mrqa_naturalquestions/best-model.pt
  06/08/2021 17:14:17 - INFO - __main__ - Starting inference ...
[A[A[A[A[A[A[A[A[A[A[A[A[A[A[A[A[A06/08/2021 17:15:22 - INFO - __main__ - Starting inference ... Done
06/08/2021 17:15:22 - INFO - __main__ - Starting evaluation metric ...
06/08/2021 17:15:22 - INFO - __main__ - Starting evaluation metric ... Done!
06/08/2021 17:15:22 - INFO - __main__ - Step 2500 Train loss 122.37 EM|QA-F1 {'EM': 0.571, 'QA-F1': 0.7290895524871766} on epoch=0  06/08/2021 17:17:56 - INFO - __main__ - Starting inference ...
[A[A[A[A[A[A[A[A[A[A[A[A[A[A[A[A[A06/08/2021 17:19:03 - INFO - __main__ - Starting inference ... Done
06/08/2021 17:19:03 - INFO - __main__ - Starting evaluation metric ...
06/08/2021 17:19:04 - INFO - __main__ - Starting evaluation metric ... Done!
06/08/2021 17:19:04 - INFO - __main__ - Step 3000 Train loss 120.67 EM|QA-F1 {'EM': 0.559, 'QA-F1': 0.7288339733090448} on epoch=1 
  06/08/2021 17:21:37 - INFO - __main__ - Starting inference ...
[A[A[A[A[A[A[A[A[A[A[A[A[A[A[A[A[A06/08/2021 17:22:45 - INFO - __main__ - Starting inference ... Done
06/08/2021 17:22:45 - INFO - __main__ - Starting evaluation metric ...
06/08/2021 17:22:46 - INFO - __main__ - Starting evaluation metric ... Done!
06/08/2021 17:22:46 - INFO - __main__ - Step 3500 Train loss 118.78 EM|QA-F1 {'EM': 0.58, 'QA-F1': 0.7540618710935707} on epoch=1
06/08/2021 17:22:46 - INFO - __main__ - New best perfromance EM|QA-F1: {'EM': 0.58, 'QA-F1': 0.7325508245844408} -> {'EM': 0.58, 'QA-F1': 0.7540618710935707} on epoch=1, global_step=3500
06/08/2021 17:22:46 - INFO - __main__ - Saving the new best model to out/mrqa_naturalquestions/best-model.pt
 
  
06/08/2021 17:25:21 - INFO - __main__ - Starting inference ...
[A[A[A[A[A[A[A[A[A[A[A[A[A[A[A[A[A06/08/2021 17:26:36 - INFO - __main__ - Starting inference ... Done
06/08/2021 17:26:36 - INFO - __main__ - Starting evaluation metric ...
06/08/2021 17:26:36 - INFO - __main__ - Starting evaluation metric ... Done!
06/08/2021 17:26:36 - INFO - __main__ - Step 4000 Train loss 118.26 EM|QA-F1 {'EM': 0.6, 'QA-F1': 0.748477344687318} on epoch=1
06/08/2021 17:26:36 - INFO - __main__ - New best perfromance EM|QA-F1: {'EM': 0.58, 'QA-F1': 0.7540618710935707} -> {'EM': 0.6, 'QA-F1': 0.748477344687318} on epoch=1, global_step=4000
06/08/2021 17:26:36 - INFO - __main__ - Saving the new best model to out/mrqa_naturalquestions/best-model.pt
  06/08/2021 17:29:11 - INFO - __main__ - Starting inference ...
[A[A[A[A[A[A[A[A[A[A[A[A[A[A[A[A[A06/08/2021 17:30:21 - INFO - __main__ - Starting inference ... Done
06/08/2021 17:30:21 - INFO - __main__ - Starting evaluation metric ...
06/08/2021 17:30:21 - INFO - __main__ - Starting evaluation metric ... Done!
06/08/2021 17:30:21 - INFO - __main__ - Step 4500 Train loss 118.16 EM|QA-F1 {'EM': 0.59, 'QA-F1': 0.7568004059793337} on epoch=1
06/08/2021 17:30:21 - INFO - __main__ - New best perfromance EM|QA-F1: {'EM': 0.6, 'QA-F1': 0.748477344687318} -> {'EM': 0.59, 'QA-F1': 0.7568004059793337} on epoch=1, global_step=4500
06/08/2021 17:30:21 - INFO - __main__ - Saving the new best model to out/mrqa_naturalquestions/best-model.pt  
06/08/2021 17:32:56 - INFO - __main__ - Starting inference ...
[A[A[A[A[A[A[A[A[A[A[A[A[A[A[A[A[A06/08/2021 17:34:01 - INFO - __main__ - Starting inference ... Done
06/08/2021 17:34:01 - INFO - __main__ - Starting evaluation metric ...
06/08/2021 17:34:01 - INFO - __main__ - Starting evaluation metric ... Done!
06/08/2021 17:34:01 - INFO - __main__ - Step 5000 Train loss 118.14 EM|QA-F1 {'EM': 0.606, 'QA-F1': 0.7667935931890387} on epoch=1
06/08/2021 17:34:01 - INFO - __main__ - New best perfromance EM|QA-F1: {'EM': 0.59, 'QA-F1': 0.7568004059793337} -> {'EM': 0.606, 'QA-F1': 0.7667935931890387} on epoch=1, global_step=5000
06/08/2021 17:34:01 - INFO - __main__ - Saving the new best model to out/mrqa_naturalquestions/best-model.pt  
06/08/2021 17:36:34 - INFO - __main__ - Starting inference ...
[A[A[A[A[A[A[A[A[A[A[A[A[A[A[A[A[A06/08/2021 17:37:41 - INFO - __main__ - Starting inference ... Done
06/08/2021 17:37:41 - INFO - __main__ - Starting evaluation metric ...
06/08/2021 17:37:41 - INFO - __main__ - Starting evaluation metric ... Done!
06/08/2021 17:37:41 - INFO - __main__ - Step 5500 Train loss 117.51 EM|QA-F1 {'EM': 0.591, 'QA-F1': 0.7570212440090935} on epoch=106/08/2021 17:40:16 - INFO - __main__ - Starting inference ...
[A[A[A[A[A[A[A[A[A[A[A[A[A[A[A[A[A06/08/2021 17:41:22 - INFO - __main__ - Starting inference ... Done
06/08/2021 17:41:22 - INFO - __main__ - Starting evaluation metric ...
06/08/2021 17:41:22 - INFO - __main__ - Starting evaluation metric ... Done!
06/08/2021 17:41:22 - INFO - __main__ - Step 6000 Train loss 114.37 EM|QA-F1 {'EM': 0.602, 'QA-F1': 0.755924502439816} on epoch=2
 
  
06/08/2021 17:43:55 - INFO - __main__ - Starting inference ...
[A[A[A[A[A[A[A[A[A[A[A[A[A[A[A[A[A06/08/2021 17:45:01 - INFO - __main__ - Starting inference ... Done
06/08/2021 17:45:01 - INFO - __main__ - Starting evaluation metric ...
06/08/2021 17:45:01 - INFO - __main__ - Starting evaluation metric ... Done!
06/08/2021 17:45:01 - INFO - __main__ - Step 6500 Train loss 115.85 EM|QA-F1 {'EM': 0.605, 'QA-F1': 0.7559192658723379} on epoch=2
  06/08/2021 17:47:35 - INFO - __main__ - Starting inference ...
[A[A[A[A[A[A[A[A[A[A[A[A[A[A[A[A[A06/08/2021 17:48:43 - INFO - __main__ - Starting inference ... Done
06/08/2021 17:48:43 - INFO - __main__ - Starting evaluation metric ...
06/08/2021 17:48:43 - INFO - __main__ - Starting evaluation metric ... Done!
06/08/2021 17:48:43 - INFO - __main__ - Step 7000 Train loss 114.30 EM|QA-F1 {'EM': 0.587, 'QA-F1': 0.7474184012249402} on epoch=2  
06/08/2021 17:51:14 - INFO - __main__ - Starting inference ...
[A[A[A[A[A[A[A[A[A[A[A[A[A[A[A[A[A06/08/2021 17:52:20 - INFO - __main__ - Starting inference ... Done
06/08/2021 17:52:20 - INFO - __main__ - Starting evaluation metric ...
06/08/2021 17:52:20 - INFO - __main__ - Starting evaluation metric ... Done!
06/08/2021 17:52:20 - INFO - __main__ - Step 7500 Train loss 114.64 EM|QA-F1 {'EM': 0.594, 'QA-F1': 0.7600064528396164} on epoch=2
  06/08/2021 17:54:51 - INFO - __main__ - Starting inference ...
[A[A[A[A[A[A[A[A[A[A[A[A[A[A[A[A[A06/08/2021 17:55:58 - INFO - __main__ - Starting inference ... Done
06/08/2021 17:55:58 - INFO - __main__ - Starting evaluation metric ...
06/08/2021 17:55:58 - INFO - __main__ - Starting evaluation metric ... Done!
06/08/2021 17:55:58 - INFO - __main__ - Step 8000 Train loss 113.92 EM|QA-F1 {'EM': 0.599, 'QA-F1': 0.7631026005840456} on epoch=2  06/08/2021 17:58:29 - INFO - __main__ - Starting inference ...
[A[A[A[A[A[A[A[A[A[A[A[A[A[A[A[A[A06/08/2021 17:59:37 - INFO - __main__ - Starting inference ... Done
06/08/2021 17:59:37 - INFO - __main__ - Starting evaluation metric ...
06/08/2021 17:59:37 - INFO - __main__ - Starting evaluation metric ... Done!
06/08/2021 17:59:37 - INFO - __main__ - Step 8500 Train loss 113.32 EM|QA-F1 {'EM': 0.597, 'QA-F1': 0.7579638233868597} on epoch=3 
  06/08/2021 18:02:07 - INFO - __main__ - Starting inference ...
[A[A[A[A[A[A[A[A[A[A[A[A[A[A[A[A[A06/08/2021 18:03:15 - INFO - __main__ - Starting inference ... Done
06/08/2021 18:03:15 - INFO - __main__ - Starting evaluation metric ...
06/08/2021 18:03:15 - INFO - __main__ - Starting evaluation metric ... Done!
06/08/2021 18:03:15 - INFO - __main__ - Step 9000 Train loss 112.27 EM|QA-F1 {'EM': 0.601, 'QA-F1': 0.7605801442490365} on epoch=3
 
  
06/08/2021 18:05:49 - INFO - __main__ - Starting inference ...
[A[A[A[A[A[A[A[A[A[A[A[A[A[A[A[A[A06/08/2021 18:06:56 - INFO - __main__ - Starting inference ... Done
06/08/2021 18:06:56 - INFO - __main__ - Starting evaluation metric ...
06/08/2021 18:06:56 - INFO - __main__ - Starting evaluation metric ... Done!
06/08/2021 18:06:56 - INFO - __main__ - Step 9500 Train loss 111.32 EM|QA-F1 {'EM': 0.612, 'QA-F1': 0.766306591134238} on epoch=3
06/08/2021 18:06:56 - INFO - __main__ - New best perfromance EM|QA-F1: {'EM': 0.606, 'QA-F1': 0.7667935931890387} -> {'EM': 0.612, 'QA-F1': 0.766306591134238} on epoch=3, global_step=9500
06/08/2021 18:06:56 - INFO - __main__ - Saving the new best model to out/mrqa_naturalquestions/best-model.pt
  06/08/2021 18:09:32 - INFO - __main__ - Starting inference ...
[A[A[A[A[A[A[A[A[A[A[A[A[A[A[A[A[A06/08/2021 18:10:39 - INFO - __main__ - Starting inference ... Done
06/08/2021 18:10:39 - INFO - __main__ - Starting evaluation metric ...
06/08/2021 18:10:39 - INFO - __main__ - Starting evaluation metric ... Done!
06/08/2021 18:10:39 - INFO - __main__ - Step 10000 Train loss 113.06 EM|QA-F1 {'EM': 0.605, 'QA-F1': 0.764702646771329} on epoch=3  
06/08/2021 18:13:10 - INFO - __main__ - Starting inference ...
[A[A[A[A[A[A[A[A[A[A[A[A[A[A[A[A[A06/08/2021 18:14:16 - INFO - __main__ - Starting inference ... Done
06/08/2021 18:14:16 - INFO - __main__ - Starting evaluation metric ...
06/08/2021 18:14:16 - INFO - __main__ - Starting evaluation metric ... Done!
06/08/2021 18:14:16 - INFO - __main__ - Step 10500 Train loss 110.94 EM|QA-F1 {'EM': 0.604, 'QA-F1': 0.7607619539433956} on epoch=3  
06/08/2021 18:16:51 - INFO - __main__ - Starting inference ...
[A[A[A[A[A[A[A[A[A[A[A[A[A[A[A[A[A06/08/2021 18:17:57 - INFO - __main__ - Starting inference ... Done
06/08/2021 18:17:57 - INFO - __main__ - Starting evaluation metric ...
06/08/2021 18:17:57 - INFO - __main__ - Starting evaluation metric ... Done!
06/08/2021 18:17:57 - INFO - __main__ - Step 11000 Train loss 112.13 EM|QA-F1 {'EM': 0.614, 'QA-F1': 0.7687772985274415} on epoch=3
06/08/2021 18:17:58 - INFO - __main__ - New best perfromance EM|QA-F1: {'EM': 0.612, 'QA-F1': 0.766306591134238} -> {'EM': 0.614, 'QA-F1': 0.7687772985274415} on epoch=3, global_step=11000
06/08/2021 18:17:58 - INFO - __main__ - Saving the new best model to out/mrqa_naturalquestions/best-model.pt06/08/2021 18:20:33 - INFO - __main__ - Starting inference ...
[A[A[A[A[A[A[A[A[A[A[A[A[A[A[A[A[A06/08/2021 18:21:38 - INFO - __main__ - Starting inference ... Done
06/08/2021 18:21:38 - INFO - __main__ - Starting evaluation metric ...
06/08/2021 18:21:38 - INFO - __main__ - Starting evaluation metric ... Done!
06/08/2021 18:21:38 - INFO - __main__ - Step 11500 Train loss 109.95 EM|QA-F1 {'EM': 0.622, 'QA-F1': 0.7749148624095396} on epoch=4
06/08/2021 18:21:38 - INFO - __main__ - New best perfromance EM|QA-F1: {'EM': 0.614, 'QA-F1': 0.7687772985274415} -> {'EM': 0.622, 'QA-F1': 0.7749148624095396} on epoch=4, global_step=11500
06/08/2021 18:21:38 - INFO - __main__ - Saving the new best model to out/mrqa_naturalquestions/best-model.pt
 
  
06/08/2021 18:24:14 - INFO - __main__ - Starting inference ...
[A[A[A[A[A[A[A[A[A[A[A[A[A[A[A[A[A06/08/2021 18:25:19 - INFO - __main__ - Starting inference ... Done
06/08/2021 18:25:19 - INFO - __main__ - Starting evaluation metric ...
06/08/2021 18:25:20 - INFO - __main__ - Starting evaluation metric ... Done!
06/08/2021 18:25:20 - INFO - __main__ - Step 12000 Train loss 111.05 EM|QA-F1 {'EM': 0.598, 'QA-F1': 0.7575695602003805} on epoch=4
  06/08/2021 18:27:51 - INFO - __main__ - Starting inference ...
[A[A[A[A[A[A[A[A[A[A[A[A[A[A[A[A[A06/08/2021 18:29:07 - INFO - __main__ - Starting inference ... Done
06/08/2021 18:29:07 - INFO - __main__ - Starting evaluation metric ...
06/08/2021 18:29:07 - INFO - __main__ - Starting evaluation metric ... Done!
06/08/2021 18:29:07 - INFO - __main__ - Step 12500 Train loss 110.25 EM|QA-F1 {'EM': 0.596, 'QA-F1': 0.7551308129534932} on epoch=4
  06/08/2021 18:31:41 - INFO - __main__ - Starting inference ...
[A[A[A[A[A[A[A[A[A[A[A[A[A[A[A[A[A06/08/2021 18:32:48 - INFO - __main__ - Starting inference ... Done
06/08/2021 18:32:48 - INFO - __main__ - Starting evaluation metric ...
06/08/2021 18:32:48 - INFO - __main__ - Starting evaluation metric ... Done!
06/08/2021 18:32:48 - INFO - __main__ - Step 13000 Train loss 110.19 EM|QA-F1 {'EM': 0.597, 'QA-F1': 0.7537541928780068} on epoch=4
  06/08/2021 18:35:22 - INFO - __main__ - Starting inference ...
[A[A[A[A[A[A[A[A[A[A[A[A[A[A[A[A[A06/08/2021 18:36:26 - INFO - __main__ - Starting inference ... Done
06/08/2021 18:36:26 - INFO - __main__ - Starting evaluation metric ...
06/08/2021 18:36:26 - INFO - __main__ - Starting evaluation metric ... Done!
06/08/2021 18:36:26 - INFO - __main__ - Step 13500 Train loss 109.73 EM|QA-F1 {'EM': 0.604, 'QA-F1': 0.7586109276617933} on epoch=4  06/08/2021 18:38:57 - INFO - __main__ - Starting inference ...
[A[A[A[A[A[A[A[A[A[A[A[A[A[A[A[A[A06/08/2021 18:40:02 - INFO - __main__ - Starting inference ... Done
06/08/2021 18:40:02 - INFO - __main__ - Starting evaluation metric ...
06/08/2021 18:40:03 - INFO - __main__ - Starting evaluation metric ... Done!
06/08/2021 18:40:03 - INFO - __main__ - Step 14000 Train loss 109.25 EM|QA-F1 {'EM': 0.6, 'QA-F1': 0.7629406182965531} on epoch=5
   06/08/2021 18:42:34 - INFO - __main__ - Starting inference ...
[A[A[A[A[A[A[A[A[A[A[A[A[A[A[A[A[A06/08/2021 18:43:38 - INFO - __main__ - Starting inference ... Done
06/08/2021 18:43:38 - INFO - __main__ - Starting evaluation metric ...
06/08/2021 18:43:38 - INFO - __main__ - Starting evaluation metric ... Done!
06/08/2021 18:43:38 - INFO - __main__ - Step 14500 Train loss 109.25 EM|QA-F1 {'EM': 0.607, 'QA-F1': 0.7591095637362529} on epoch=5
 
  
06/08/2021 18:46:11 - INFO - __main__ - Starting inference ...
[A[A[A[A[A[A[A[A[A[A[A[A[A[A[A[A[A06/08/2021 18:47:26 - INFO - __main__ - Starting inference ... Done
06/08/2021 18:47:26 - INFO - __main__ - Starting evaluation metric ...
06/08/2021 18:47:26 - INFO - __main__ - Starting evaluation metric ... Done!
06/08/2021 18:47:26 - INFO - __main__ - Step 15000 Train loss 107.50 EM|QA-F1 {'EM': 0.599, 'QA-F1': 0.7603992795098345} on epoch=5
  06/08/2021 18:49:59 - INFO - __main__ - Starting inference ...
[A[A[A[A[A[A[A[A[A[A[A[A[A[A[A[A[A06/08/2021 18:51:05 - INFO - __main__ - Starting inference ... Done
06/08/2021 18:51:05 - INFO - __main__ - Starting evaluation metric ...
06/08/2021 18:51:05 - INFO - __main__ - Starting evaluation metric ... Done!
06/08/2021 18:51:05 - INFO - __main__ - Step 15500 Train loss 108.34 EM|QA-F1 {'EM': 0.601, 'QA-F1': 0.7567510465707173} on epoch=5  
06/08/2021 18:53:37 - INFO - __main__ - Starting inference ...
[A[A[A[A[A[A[A[A[A[A[A[A[A[A[A[A[A06/08/2021 18:54:42 - INFO - __main__ - Starting inference ... Done
06/08/2021 18:54:42 - INFO - __main__ - Starting evaluation metric ...
06/08/2021 18:54:42 - INFO - __main__ - Starting evaluation metric ... Done!
06/08/2021 18:54:42 - INFO - __main__ - Step 16000 Train loss 109.43 EM|QA-F1 {'EM': 0.593, 'QA-F1': 0.7551918197387393} on epoch=5  
06/08/2021 18:57:18 - INFO - __main__ - Starting inference ...
[A[A[A[A[A[A[A[A[A[A[A[A[A[A[A[A[A06/08/2021 18:58:33 - INFO - __main__ - Starting inference ... Done
06/08/2021 18:58:33 - INFO - __main__ - Starting evaluation metric ...
06/08/2021 18:58:33 - INFO - __main__ - Starting evaluation metric ... Done!
06/08/2021 18:58:33 - INFO - __main__ - Step 16500 Train loss 109.83 EM|QA-F1 {'EM': 0.595, 'QA-F1': 0.7578068274578935} on epoch=5
